[2026-05-05 19:53:15] Using device: mps
[2026-05-05 19:53:15] Seed control disabled
[2026-05-05 19:53:15] ======================================================================
[2026-05-05 19:53:15] CONFIGURATION
[2026-05-05 19:53:15] ======================================================================
[2026-05-05 19:53:15]   artifact_dir: /Users/vadim/Documents/School/Spring 2026/CSCE A698 Individual Research/EEG_JEPA/artifacts/moabb-mi-sjepa
[2026-05-05 19:53:15]   bandpass_high: 40.0
[2026-05-05 19:53:15]   bandpass_low: 0.5
[2026-05-05 19:53:15]   batch_size: 32
[2026-05-05 19:53:15]   cv_folds: 5
[2026-05-05 19:53:15]   dataset_name: Weibo2014
[2026-05-05 19:53:15]   dataset_source: moabb
[2026-05-05 19:53:15]   early_stopping_patience: None
[2026-05-05 19:53:15]   exclude_subjects: []
[2026-05-05 19:53:15]   labels_to_keep: ['left_hand', 'right_hand']
[2026-05-05 19:53:15]   learning_rate: 0.001
[2026-05-05 19:53:15]   moabb_dataset_kwargs: {}
[2026-05-05 19:53:15]   model_name: SignalJEPA_PreLocal
[2026-05-05 19:53:15]   n_epochs: 50
[2026-05-05 19:53:15]   preprocessed_concat_dir: None
[2026-05-05 19:53:15]   pretrained_mode: from_pretrained
[2026-05-05 19:53:15]   seed: None
[2026-05-05 19:53:15]   set_seed: False
[2026-05-05 19:53:15]   sfreq: 128
[2026-05-05 19:53:15]   strategy: new
[2026-05-05 19:53:15]   subjects_to_use: None
[2026-05-05 19:53:15]   target_window_duration_s: 8.2
[2026-05-05 19:53:15]   val_split: 0.2
[2026-05-05 19:53:15]   warmup_epochs: 10
[2026-05-05 19:53:15] ======================================================================
[2026-05-05 19:53:15] Config saved to: /Users/vadim/Documents/School/Spring 2026/CSCE A698 Individual Research/EEG_JEPA/artifacts/moabb-mi-sjepa/Weibo2014/20260505_1953_eb6e3e6d/config.json
[2026-05-05 19:53:15] Epoch window configuration:
[2026-05-05 19:53:15]   Target sfreq:            128 Hz
[2026-05-05 19:53:15]   Requested duration:      8.200 s
[2026-05-05 19:53:15]   Expected window samples: 1049

[2026-05-05 19:53:15] Preprocessed concat dataset exists: False at /Users/vadim/Documents/School/Spring 2026/CSCE A698 Individual Research/EEG_JEPA/preprocessed_concat_datasets/Weibo2014_048eba1d_w2a5684_subjects_c4ca4238

[2026-05-05 19:53:15] Building MOABBDataset for Weibo2014...
[2026-05-05 19:53:15]   Subject IDs:     [1]
[2026-05-05 19:53:15]   Dataset kwargs:  {}
[2026-05-05 19:54:42]   Recordings loaded: 1
[2026-05-05 19:54:42]   Raw labels:        ['feet', 'hands', 'left_hand', 'left_hand_right_foot', 'rest', 'right_hand', 'right_hand_left_foot']
[2026-05-05 19:54:42] Applying average reference...
[2026-05-05 19:54:43] Applying Braindecode preprocessors...
[2026-05-05 19:54:46] Saved preprocessed raw concat dataset to: /Users/vadim/Documents/School/Spring 2026/CSCE A698 Individual Research/EEG_JEPA/preprocessed_concat_datasets/Weibo2014_048eba1d_w2a5684_subjects_c4ca4238

[2026-05-05 19:54:46] Post-load raw validation
[2026-05-05 19:54:46]   Recordings:          1
[2026-05-05 19:54:46]   Subjects loaded:     ['1']
[2026-05-05 19:54:46]   sfreq first rec:     128.0 Hz
[2026-05-05 19:54:46]   EEG channel count:   60
[2026-05-05 19:54:46]   Labels present:      ['feet', 'hands', 'left_hand', 'left_hand_right_foot', 'rest', 'right_hand', 'right_hand_left_foot']
[2026-05-05 19:54:46]   Labels selected:     ['left_hand', 'right_hand']
[2026-05-05 19:54:46] Annotation counts before filtering: {np.str_('feet'): 80, np.str_('hands'): 80, np.str_('left_hand'): 80, np.str_('left_hand_right_foot'): 80, np.str_('rest'): 80, np.str_('right_hand'): 80, np.str_('right_hand_left_foot'): 80}
[2026-05-05 19:54:46] Filtered annotations: kept 160 / 560
[2026-05-05 19:54:46] Annotation counts after filtering:  {np.str_('left_hand'): 80, np.str_('right_hand'): 80}
[2026-05-05 19:54:46] Updated annotation durations:       160
[2026-05-05 19:54:46] Window shape: (60, 1049)
[2026-05-05 19:54:46] Window sample length expected=1049, got=1049
[2026-05-05 19:54:46] Class mapping: {'left_hand': 0, 'right_hand': 1}
[2026-05-05 19:54:46] Global class counts: [80, 80]
[2026-05-05 19:54:46] Chance level: 0.50
[2026-05-05 19:54:46] Summarizing per-subject windows...
[2026-05-05 19:54:46]   Subject 1: n_windows=160, window_shape=(60, 1049), class_counts=[80, 80]
[2026-05-05 19:54:47] SignalJEPA_PreLocal instantiated successfully.
[2026-05-05 19:54:47]   Loading mode:          from_pretrained
[2026-05-05 19:54:47]   Repo:                  braindecode/signal-jepa_without-chans
[2026-05-05 19:54:47]   Total parameters:      18,182
[2026-05-05 19:54:47]   Trainable parameters:  18,182
[2026-05-05 19:54:47] ======================================================================================================================================================
Layer (type (var_name):depth-idx)                  Input Shape               Output Shape              Param #                   Kernel Shape
======================================================================================================================================================
SignalJEPA_PreLocal (SignalJEPA_PreLocal)          [1, 60, 1049]             [1, 2]                    --                        --
├─Sequential (spatial_conv): 1-1                   [1, 60, 1049]             [1, 4, 1049]              --                        --
│    └─Rearrange (0): 2-1                          [1, 60, 1049]             [1, 1, 60, 1049]          --                        --
│    └─Conv2d (1): 2-2                             [1, 1, 60, 1049]          [1, 4, 1, 1049]           244                       [60, 1]
│    └─Rearrange (2): 2-3                          [1, 4, 1, 1049]           [1, 4, 1049]              --                        --
├─_ConvFeatureEncoder (feature_encoder): 1-2       [1, 4, 1049]              [1, 32, 64]               --                        --
│    └─Rearrange (0): 2-4                          [1, 4, 1049]              [4, 1, 1049]              --                        --
│    └─Sequential (1): 2-5                         [4, 1, 1049]              [4, 8, 128]               --                        --
│    │    └─Conv1d (0): 3-1                        [4, 1, 1049]              [4, 8, 128]               256                       [32]
│    │    └─Dropout (1): 3-2                       [4, 8, 128]               [4, 8, 128]               --                        --
│    │    └─GroupNorm (2): 3-3                     [4, 8, 128]               [4, 8, 128]               16                        --
│    │    └─GELU (3): 3-4                          [4, 8, 128]               [4, 8, 128]               --                        --
│    └─Sequential (2): 2-6                         [4, 8, 128]               [4, 16, 64]               --                        --
│    │    └─Conv1d (0): 3-5                        [4, 8, 128]               [4, 16, 64]               256                       [2]
│    │    └─Dropout (1): 3-6                       [4, 16, 64]               [4, 16, 64]               --                        --
│    │    └─GELU (2): 3-7                          [4, 16, 64]               [4, 16, 64]               --                        --
│    └─Sequential (3): 2-7                         [4, 16, 64]               [4, 32, 32]               --                        --
│    │    └─Conv1d (0): 3-8                        [4, 16, 64]               [4, 32, 32]               1,024                     [2]
│    │    └─Dropout (1): 3-9                       [4, 32, 32]               [4, 32, 32]               --                        --
│    │    └─GELU (2): 3-10                         [4, 32, 32]               [4, 32, 32]               --                        --
│    └─Sequential (4): 2-8                         [4, 32, 32]               [4, 64, 16]               --                        --
│    │    └─Conv1d (0): 3-11                       [4, 32, 32]               [4, 64, 16]               4,096                     [2]
│    │    └─Dropout (1): 3-12                      [4, 64, 16]               [4, 64, 16]               --                        --
│    │    └─GELU (2): 3-13                         [4, 64, 16]               [4, 64, 16]               --                        --
│    └─Sequential (5): 2-9                         [4, 64, 16]               [4, 64, 8]                --                        --
│    │    └─Conv1d (0): 3-14                       [4, 64, 16]               [4, 64, 8]                8,192                     [2]
│    │    └─Dropout (1): 3-15                      [4, 64, 8]                [4, 64, 8]                --                        --
│    │    └─GELU (2): 3-16                         [4, 64, 8]                [4, 64, 8]                --                        --
│    └─Rearrange (6): 2-10                         [4, 64, 8]                [1, 32, 64]               --                        --
├─Sequential (final_layer): 1-3                    [1, 32, 64]               [1, 2]                    --                        --
│    └─Flatten (0): 2-11                           [1, 32, 64]               [1, 2048]                 --                        --
│    └─Linear (1): 2-12                            [1, 2048]                 [1, 2]                    4,098                     --
======================================================================================================================================================
Total params: 18,182
Trainable params: 18,182
Non-trainable params: 0
Total mult-adds (Units.MEGABYTES): 1.11
======================================================================================================================================================
Input size (MB): 0.25
Forward/backward pass size (MB): 0.21
Params size (MB): 0.07
Estimated Total Size (MB): 0.54
======================================================================================================================================================
[2026-05-05 19:54:47] ======================================================================
[2026-05-05 19:54:47] STARTING WITHIN-SUBJECT CROSS-VALIDATION
[2026-05-05 19:54:47] ======================================================================
[2026-05-05 19:54:47] Dataset:       Weibo2014
[2026-05-05 19:54:47] Subjects:      ['1']
[2026-05-05 19:54:47] Model:         SignalJEPA_PreLocal
[2026-05-05 19:54:47] Pretrained:    from_pretrained
[2026-05-05 19:54:47] Strategy:      new
[2026-05-05 19:54:47] CV folds:      5
[2026-05-05 19:54:47] Val split:     0.2
[2026-05-05 19:54:47] Max epochs:    50
[2026-05-05 19:54:47] Device:        mps
[2026-05-05 19:54:47] ======================================================================

[2026-05-05 19:54:47] Subject 1: 160 windows | class_counts=[80, 80]

[2026-05-05 19:54:47] Fold 1/5 | subject=1
[2026-05-05 19:54:47]     Train windows:           128 | counts=[64, 64]
[2026-05-05 19:54:47]     Test windows:            32 | counts=[16, 16]
[2026-05-05 19:54:47]     Downstream model:        SignalJEPA_PreLocal
[2026-05-05 19:54:47]     Fine-tune strategy:      new
[2026-05-05 19:54:47]     Pretrained loading path: from_pretrained
[2026-05-05 19:54:47]     Pretrained repo:         braindecode/signal-jepa_without-chans
[2026-05-05 19:54:47]     Phase 1 (new):
[2026-05-05 19:54:47]       Trainable groups: ['spatial_conv.', 'final_layer.']
[2026-05-05 19:54:47]       Total params:     18,182
[2026-05-05 19:54:47]       Trainable params: 4,342
[2026-05-05 19:54:47]       Trainable pct:    23.88%
[2026-05-05 19:54:47]       Trainable parameter names: ['spatial_conv.1.weight', 'spatial_conv.1.bias', 'final_layer.1.weight', 'final_layer.1.bias']
[2026-05-05 19:54:48]     Sanity check passed: finite logits/loss on one training batch for SignalJEPA_PreLocal.
[2026-05-05 19:54:51]     Result | best_epoch=1 | stop=50 | acc=0.4688 | bal_acc=0.4688 | pred_hist=[13, 19]

[2026-05-05 19:54:52] Fold 2/5 | subject=1
[2026-05-05 19:54:52]     Train windows:           128 | counts=[64, 64]
[2026-05-05 19:54:52]     Test windows:            32 | counts=[16, 16]
[2026-05-05 19:54:52]     Downstream model:        SignalJEPA_PreLocal
[2026-05-05 19:54:52]     Fine-tune strategy:      new
[2026-05-05 19:54:52]     Pretrained loading path: from_pretrained
[2026-05-05 19:54:52]     Pretrained repo:         braindecode/signal-jepa_without-chans
[2026-05-05 19:54:52]     Phase 1 (new):
[2026-05-05 19:54:52]       Trainable groups: ['spatial_conv.', 'final_layer.']
[2026-05-05 19:54:52]       Total params:     18,182
[2026-05-05 19:54:52]       Trainable params: 4,342
[2026-05-05 19:54:52]       Trainable pct:    23.88%
[2026-05-05 19:54:52]       Trainable parameter names: ['spatial_conv.1.weight', 'spatial_conv.1.bias', 'final_layer.1.weight', 'final_layer.1.bias']
[2026-05-05 19:54:52]     Sanity check passed: finite logits/loss on one training batch for SignalJEPA_PreLocal.
[2026-05-05 19:54:54]     Result | best_epoch=50 | stop=50 | acc=0.5312 | bal_acc=0.5312 | pred_hist=[13, 19]

[2026-05-05 19:54:55] Fold 3/5 | subject=1
[2026-05-05 19:54:55]     Train windows:           128 | counts=[64, 64]
[2026-05-05 19:54:55]     Test windows:            32 | counts=[16, 16]
[2026-05-05 19:54:55]     Downstream model:        SignalJEPA_PreLocal
[2026-05-05 19:54:55]     Fine-tune strategy:      new
[2026-05-05 19:54:55]     Pretrained loading path: from_pretrained
[2026-05-05 19:54:55]     Pretrained repo:         braindecode/signal-jepa_without-chans
[2026-05-05 19:54:55]     Phase 1 (new):
[2026-05-05 19:54:55]       Trainable groups: ['spatial_conv.', 'final_layer.']
[2026-05-05 19:54:55]       Total params:     18,182
[2026-05-05 19:54:55]       Trainable params: 4,342
[2026-05-05 19:54:55]       Trainable pct:    23.88%
[2026-05-05 19:54:55]       Trainable parameter names: ['spatial_conv.1.weight', 'spatial_conv.1.bias', 'final_layer.1.weight', 'final_layer.1.bias']
[2026-05-05 19:54:55]     Sanity check passed: finite logits/loss on one training batch for SignalJEPA_PreLocal.
[2026-05-05 19:54:57]     Result | best_epoch=14 | stop=50 | acc=0.6562 | bal_acc=0.6562 | pred_hist=[11, 21]

[2026-05-05 19:54:58] Fold 4/5 | subject=1
[2026-05-05 19:54:58]     Train windows:           128 | counts=[64, 64]
[2026-05-05 19:54:58]     Test windows:            32 | counts=[16, 16]
[2026-05-05 19:54:58]     Downstream model:        SignalJEPA_PreLocal
[2026-05-05 19:54:58]     Fine-tune strategy:      new
[2026-05-05 19:54:58]     Pretrained loading path: from_pretrained
[2026-05-05 19:54:58]     Pretrained repo:         braindecode/signal-jepa_without-chans
[2026-05-05 19:54:58]     Phase 1 (new):
[2026-05-05 19:54:58]       Trainable groups: ['spatial_conv.', 'final_layer.']
[2026-05-05 19:54:58]       Total params:     18,182
[2026-05-05 19:54:58]       Trainable params: 4,342
[2026-05-05 19:54:58]       Trainable pct:    23.88%
[2026-05-05 19:54:58]       Trainable parameter names: ['spatial_conv.1.weight', 'spatial_conv.1.bias', 'final_layer.1.weight', 'final_layer.1.bias']
[2026-05-05 19:54:58]     Sanity check passed: finite logits/loss on one training batch for SignalJEPA_PreLocal.
[2026-05-05 19:55:00]     Result | best_epoch=42 | stop=50 | acc=0.4688 | bal_acc=0.4688 | pred_hist=[19, 13]

[2026-05-05 19:55:01] Fold 5/5 | subject=1
[2026-05-05 19:55:01]     Train windows:           128 | counts=[64, 64]
[2026-05-05 19:55:01]     Test windows:            32 | counts=[16, 16]
[2026-05-05 19:55:01]     Downstream model:        SignalJEPA_PreLocal
[2026-05-05 19:55:01]     Fine-tune strategy:      new
[2026-05-05 19:55:01]     Pretrained loading path: from_pretrained
[2026-05-05 19:55:01]     Pretrained repo:         braindecode/signal-jepa_without-chans
[2026-05-05 19:55:01]     Phase 1 (new):
[2026-05-05 19:55:01]       Trainable groups: ['spatial_conv.', 'final_layer.']
[2026-05-05 19:55:01]       Total params:     18,182
[2026-05-05 19:55:01]       Trainable params: 4,342
[2026-05-05 19:55:01]       Trainable pct:    23.88%
[2026-05-05 19:55:01]       Trainable parameter names: ['spatial_conv.1.weight', 'spatial_conv.1.bias', 'final_layer.1.weight', 'final_layer.1.bias']
[2026-05-05 19:55:01]     Sanity check passed: finite logits/loss on one training batch for SignalJEPA_PreLocal.
[2026-05-05 19:55:03]     Result | best_epoch=1 | stop=50 | acc=0.4375 | bal_acc=0.4375 | pred_hist=[16, 16]
[2026-05-05 19:55:03]   Subject 1 summary: acc=0.5125±0.0781  bal_acc=0.5125±0.0781

[2026-05-05 19:55:03] Total folds completed: 5
[2026-05-05 19:55:03] ======================================================================
[2026-05-05 19:55:03] AGGREGATED RESULTS
[2026-05-05 19:55:03] ======================================================================
[2026-05-05 19:55:03]   1: acc=0.5125±0.0781  bal_acc=0.5125±0.0781
[2026-05-05 19:55:03] ----------------------------------------------------------------------
[2026-05-05 19:55:03]   OVERALL: acc=0.5125±0.0781  bal_acc=0.5125±0.0781
[2026-05-05 19:55:03] ======================================================================

[2026-05-05 19:55:03] ======================================================================
[2026-05-05 19:55:03] EXPERIMENT SUMMARY
[2026-05-05 19:55:03] ======================================================================
[2026-05-05 19:55:03] Run ID:                 20260505_1953_eb6e3e6d
[2026-05-05 19:55:03] Dataset:                Weibo2014
[2026-05-05 19:55:03] Labels kept:            ['left_hand', 'right_hand']
[2026-05-05 19:55:03] Model:                  SignalJEPA_PreLocal
[2026-05-05 19:55:03] Pretrained mode:        from_pretrained
[2026-05-05 19:55:03] Strategy:               new
[2026-05-05 19:55:03] Window:                 8.200s / 1049 samples
[2026-05-05 19:55:03] Artifacts:              /Users/vadim/Documents/School/Spring 2026/CSCE A698 Individual Research/EEG_JEPA/artifacts/moabb-mi-sjepa/Weibo2014/20260505_1953_eb6e3e6d
[2026-05-05 19:55:03] Mean Accuracy:          0.5125 ± 0.0781
[2026-05-05 19:55:03] Mean Balanced Accuracy: 0.5125 ± 0.0781
[2026-05-05 19:55:03] ======================================================================
[2026-05-05 19:55:03] CV results saved to:      /Users/vadim/Documents/School/Spring 2026/CSCE A698 Individual Research/EEG_JEPA/artifacts/moabb-mi-sjepa/Weibo2014/20260505_1953_eb6e3e6d/cv_results.json
[2026-05-05 19:55:03] Subject metrics saved to: /Users/vadim/Documents/School/Spring 2026/CSCE A698 Individual Research/EEG_JEPA/artifacts/moabb-mi-sjepa/Weibo2014/20260505_1953_eb6e3e6d/subject_metrics.json
[2026-05-05 19:55:03] Global metrics saved to:  /Users/vadim/Documents/School/Spring 2026/CSCE A698 Individual Research/EEG_JEPA/artifacts/moabb-mi-sjepa/Weibo2014/20260505_1953_eb6e3e6d/global_metrics.json
[2026-05-05 19:55:03] Run metadata saved to:    /Users/vadim/Documents/School/Spring 2026/CSCE A698 Individual Research/EEG_JEPA/artifacts/moabb-mi-sjepa/Weibo2014/20260505_1953_eb6e3e6d/run_metadata.json

[2026-05-05 19:55:03] All artifacts in: /Users/vadim/Documents/School/Spring 2026/CSCE A698 Individual Research/EEG_JEPA/artifacts/moabb-mi-sjepa/Weibo2014/20260505_1953_eb6e3e6d
