[2026-03-31 13:04:15] Using device: mps
[2026-03-31 13:04:15] Seed control enabled: True
[2026-03-31 13:04:15] Base seed: 1
[2026-03-31 13:04:15] Seed initialized: 1
[2026-03-31 13:04:15] ======================================================================
[2026-03-31 13:04:15] CONFIGURATION
[2026-03-31 13:04:15] ======================================================================
[2026-03-31 13:04:15]   artifact_dir: /Users/vadim/Documents/School/Spring 2026/CSCE A698 Individual Research/EEG_JEPA/artifacts/lee-2019-fine-tuning
[2026-03-31 13:04:15]   bandpass_high: 40.0
[2026-03-31 13:04:15]   bandpass_low: 0.5
[2026-03-31 13:04:15]   batch_size: 16
[2026-03-31 13:04:15]   convert_to_uV: True
[2026-03-31 13:04:15]   cv_folds: 5
[2026-03-31 13:04:15]   device: auto
[2026-03-31 13:04:15]   early_stopping_patience: 50
[2026-03-31 13:04:15]   learning_rate: 0.001
[2026-03-31 13:04:15]   n_epochs: 5000
[2026-03-31 13:04:15]   normalization_method: None
[2026-03-31 13:04:15]   normalize: False
[2026-03-31 13:04:15]   paradigm: SSVEP
[2026-03-31 13:04:15]   pretrained_url: https://huggingface.co/braindecode/SignalJEPA/resolve/main/signal-jepa_16s-60_adeuwv4s.pth
[2026-03-31 13:04:15]   seed: 1
[2026-03-31 13:04:15]   set_seed: True
[2026-03-31 13:04:15]   sfreq: 128
[2026-03-31 13:04:15]   subjects_to_use: [51]
[2026-03-31 13:04:15]   val_split: 0.2
[2026-03-31 13:04:15] ======================================================================
[2026-03-31 13:04:15] Config saved to: /Users/vadim/Documents/School/Spring 2026/CSCE A698 Individual Research/EEG_JEPA/artifacts/lee-2019-fine-tuning/SSVEP/20260331_1304_61594178/config.json
[2026-03-31 13:04:15] Epoch window configuration:
[2026-03-31 13:04:15]   Target sfreq:                128 Hz
[2026-03-31 13:04:15]   Target duration:             4.190000 s
[2026-03-31 13:04:15]   Window samples (rounded):    536
[2026-03-31 13:04:15]   Base trial samples (4.0 s):  512
[2026-03-31 13:04:15]   Trial stop offset samples:   24
[2026-03-31 13:04:15]   Effective window duration:   4.187500 s
[2026-03-31 13:04:15] Using specified subjects from config: [51]
[2026-03-31 13:04:15] Selected subjects: [51]
[2026-03-31 13:04:15] Expected evaluation folds: 5

[2026-03-31 13:04:15] Building MOABBDataset for Lee2019_SSVEP...
[2026-03-31 13:04:29] MOABBDataset recordings loaded: 2
[2026-03-31 13:04:29] Discovered annotation descriptions (first recording): [np.str_('12.0'), np.str_('5.45'), np.str_('6.67'), np.str_('8.57')]
[2026-03-31 13:04:29] Dataset event_id mapping: {'12.0': 1, '8.57': 2, '6.67': 3, '5.45': 4}
[2026-03-31 13:04:29] Label map (event_code -> class_index): {1: 0, 2: 1, 3: 2, 4: 3}
[2026-03-31 13:04:29] Applying Braindecode preprocessors to MOABBDataset...
[2026-03-31 13:04:37] Preprocessing complete.

[2026-03-31 13:04:37] Post-preprocessing validation
[2026-03-31 13:04:37]   Recordings in DATASET: 2
[2026-03-31 13:04:37]   Unique subject IDs:    ['51']
[2026-03-31 13:04:37]   sfreq (first rec):     128.0 Hz
[2026-03-31 13:04:37]   EEG channel count:     62
[2026-03-31 13:04:37]   First 10 channels:     ['Fp1', 'Fp2', 'F7', 'F3', 'Fz', 'F4', 'F8', 'FC5', 'FC1', 'FC2']
[2026-03-31 13:04:37] Channel consistency summary:
[2026-03-31 13:04:37]   Checked runs: 2
[2026-03-31 13:04:37]   Unique channel counts: [62]
[2026-03-31 13:04:37]   Channel order consistent: True
[2026-03-31 13:04:37] Validated EEG channels: 62
[2026-03-31 13:04:37] First 10 EEG channels: ['Fp1', 'Fp2', 'F7', 'F3', 'Fz', 'F4', 'F8', 'FC5', 'FC1', 'FC2']
[2026-03-31 13:04:37] raw mean_abs=6.206608e+00
[2026-03-31 13:04:37] raw std=2.712803e+01
[2026-03-31 13:04:37] raw first5 channel std= [30.27595633 56.56813395 13.75714116  8.89857459  7.91183515]
[2026-03-31 13:04:37] Requested window samples: 536
[2026-03-31 13:04:37] Base trial samples:       512
[2026-03-31 13:04:37] Stop offset samples:      24
[2026-03-31 13:04:37] Global class counts: [50, 50, 50, 50]
[2026-03-31 13:04:37] Chance level (4-class): 0.25
[2026-03-31 13:04:37] One window shape: (62, 536)
[2026-03-31 13:04:37] One window label: 2
[2026-03-31 13:04:37] Window sample length expected=536, got=536
[2026-03-31 13:04:37] Subjects in window split: [51]
[2026-03-31 13:04:37] Summarizing per-subject windows...
[2026-03-31 13:04:37]   Subject 51: n_windows=200, window_shape=(62, 536), class_counts=[50, 50, 50, 50]
[2026-03-31 13:04:37]    subject_id  n_windows  n_channels  n_times      class_counts
0          51        200          62      536  [50, 50, 50, 50]
[2026-03-31 13:04:37] Window validation summary:
[2026-03-31 13:04:37]   Subject 51: n_windows=200 class_counts=[50, 50, 50, 50]

[2026-03-31 13:04:37] Validated sampling rate target: 128 Hz
[2026-03-31 13:04:37] Validated window sample count:   536
[2026-03-31 13:04:37] Validated window duration:       4.1875 s
[2026-03-31 13:04:37] Validated channel count:         62
[2026-03-31 13:04:37] Total windows retained:          200
[2026-03-31 13:04:37] Preprocessing sanity checks:
[2026-03-31 13:04:37]   One sample label: 2
[2026-03-31 13:04:37]   One sample shape: (62, 536)
[2026-03-31 13:04:37]   Mean(abs(signal)): 7.808386e+00
[2026-03-31 13:04:37]   Mean(signal):      -1.469310e-08
[2026-03-31 13:04:37]   Std(signal):       1.102899e+01
[2026-03-31 13:04:37] Building model with input window duration: 4.1875 s
[2026-03-31 13:04:37] SignalJEPA_PreLocal instantiated successfully.
[2026-03-31 13:04:37]   Total parameters:     18,192
[2026-03-31 13:04:37]   Trainable parameters: 18,192
[2026-03-31 13:04:37] ======================================================================================================================================================
Layer (type (var_name):depth-idx)                  Input Shape               Output Shape              Param #                   Kernel Shape
======================================================================================================================================================
SignalJEPA_PreLocal (SignalJEPA_PreLocal)          [1, 62, 536]              [1, 4]                    --                        --
├─Sequential (spatial_conv): 1-1                   [1, 62, 536]              [1, 4, 536]               --                        --
│    └─Rearrange (0): 2-1                          [1, 62, 536]              [1, 1, 62, 536]           --                        --
│    └─Conv2d (1): 2-2                             [1, 1, 62, 536]           [1, 4, 1, 536]            252                       [62, 1]
│    └─Rearrange (2): 2-3                          [1, 4, 1, 536]            [1, 4, 536]               --                        --
├─_ConvFeatureEncoder (feature_encoder): 1-2       [1, 4, 536]               [1, 16, 64]               --                        --
│    └─Rearrange (0): 2-4                          [1, 4, 536]               [4, 1, 536]               --                        --
│    └─Sequential (1): 2-5                         [4, 1, 536]               [4, 8, 64]                --                        --
│    │    └─Conv1d (0): 3-1                        [4, 1, 536]               [4, 8, 64]                256                       [32]
│    │    └─Dropout (1): 3-2                       [4, 8, 64]                [4, 8, 64]                --                        --
│    │    └─GroupNorm (2): 3-3                     [4, 8, 64]                [4, 8, 64]                16                        --
│    │    └─GELU (3): 3-4                          [4, 8, 64]                [4, 8, 64]                --                        --
│    └─Sequential (2): 2-6                         [4, 8, 64]                [4, 16, 32]               --                        --
│    │    └─Conv1d (0): 3-5                        [4, 8, 64]                [4, 16, 32]               256                       [2]
│    │    └─Dropout (1): 3-6                       [4, 16, 32]               [4, 16, 32]               --                        --
│    │    └─GELU (2): 3-7                          [4, 16, 32]               [4, 16, 32]               --                        --
│    └─Sequential (3): 2-7                         [4, 16, 32]               [4, 32, 16]               --                        --
│    │    └─Conv1d (0): 3-8                        [4, 16, 32]               [4, 32, 16]               1,024                     [2]
│    │    └─Dropout (1): 3-9                       [4, 32, 16]               [4, 32, 16]               --                        --
│    │    └─GELU (2): 3-10                         [4, 32, 16]               [4, 32, 16]               --                        --
│    └─Sequential (4): 2-8                         [4, 32, 16]               [4, 64, 8]                --                        --
│    │    └─Conv1d (0): 3-11                       [4, 32, 16]               [4, 64, 8]                4,096                     [2]
│    │    └─Dropout (1): 3-12                      [4, 64, 8]                [4, 64, 8]                --                        --
│    │    └─GELU (2): 3-13                         [4, 64, 8]                [4, 64, 8]                --                        --
│    └─Sequential (5): 2-9                         [4, 64, 8]                [4, 64, 4]                --                        --
│    │    └─Conv1d (0): 3-14                       [4, 64, 8]                [4, 64, 4]                8,192                     [2]
│    │    └─Dropout (1): 3-15                      [4, 64, 4]                [4, 64, 4]                --                        --
│    │    └─GELU (2): 3-16                         [4, 64, 4]                [4, 64, 4]                --                        --
│    └─Rearrange (6): 2-10                         [4, 64, 4]                [1, 16, 64]               --                        --
├─Sequential (final_layer): 1-3                    [1, 16, 64]               [1, 4]                    --                        --
│    └─Flatten (0): 2-11                           [1, 16, 64]               [1, 1024]                 --                        --
│    └─Linear (1): 2-12                            [1, 1024]                 [1, 4]                    4,100                     --
======================================================================================================================================================
Total params: 18,192
Trainable params: 18,192
Non-trainable params: 0
Total mult-adds (Units.MEGABYTES): 0.57
======================================================================================================================================================
Input size (MB): 0.13
Forward/backward pass size (MB): 0.11
Params size (MB): 0.07
Estimated Total Size (MB): 0.31
======================================================================================================================================================
[2026-03-31 13:04:37] Initializing from 16s-60 pretrained checkpoint (Hugging Face):
[2026-03-31 13:04:37]   https://huggingface.co/braindecode/SignalJEPA/resolve/main/signal-jepa_16s-60_adeuwv4s.pth
[2026-03-31 13:04:37]   Downloaded 179 keys
[2026-03-31 13:04:37] ======================================================================
[2026-03-31 13:04:37] STARTING CROSS-VALIDATION
[2026-03-31 13:04:37] ======================================================================
[2026-03-31 13:04:37] Subjects:      [51]
[2026-03-31 13:04:37] CV folds:      5
[2026-03-31 13:04:37] Batch size:    16
[2026-03-31 13:04:37] Max epochs:    5000
[2026-03-31 13:04:37] Device:        mps
[2026-03-31 13:04:37] Seed control:  True
[2026-03-31 13:04:37] Base seed:     1
[2026-03-31 13:04:37] ======================================================================

[2026-03-31 13:04:37] Subject 51: 200 windows class_counts=[50, 50, 50, 50]
[2026-03-31 13:04:37]   Fold 1 split seed: 2
[2026-03-31 13:04:37]   Fold 1 split class counts:
[2026-03-31 13:04:37]     train=[32, 32, 32, 32] val=[8, 8, 8, 8] test=[10, 10, 10, 10]
[2026-03-31 13:04:37]   Fold 2 split seed: 3
[2026-03-31 13:04:37]   Fold 2 split class counts:
[2026-03-31 13:04:37]     train=[32, 32, 32, 32] val=[8, 8, 8, 8] test=[10, 10, 10, 10]
[2026-03-31 13:04:37]   Fold 3 split seed: 4
[2026-03-31 13:04:37]   Fold 3 split class counts:
[2026-03-31 13:04:37]     train=[32, 32, 32, 32] val=[8, 8, 8, 8] test=[10, 10, 10, 10]
[2026-03-31 13:04:37]   Fold 4 split seed: 5
[2026-03-31 13:04:37]   Fold 4 split class counts:
[2026-03-31 13:04:37]     train=[32, 32, 32, 32] val=[8, 8, 8, 8] test=[10, 10, 10, 10]
[2026-03-31 13:04:37]   Fold 5 split seed: 6
[2026-03-31 13:04:37]   Fold 5 split class counts:
[2026-03-31 13:04:37]     train=[32, 32, 32, 32] val=[8, 8, 8, 8] test=[10, 10, 10, 10]
[2026-03-31 13:04:37]   Subject 51 Fold 1 seed: 5102
[2026-03-31 13:04:37]   Subject 51 Fold 1: n_train=128 n_val=32 n_test=40
[2026-03-31 13:04:37]     Train class counts: [32, 32, 32, 32]
[2026-03-31 13:04:37]     Val class counts:   [8, 8, 8, 8]
[2026-03-31 13:04:37]     Test class counts:  [10, 10, 10, 10]
[2026-03-31 13:04:37] Building model with input window duration: 4.1875 s
[2026-03-31 13:04:37] Pretrained weight loading:
[2026-03-31 13:04:37]   Downloaded keys:        179
[2026-03-31 13:04:37]   Filtered (transformer): 172
[2026-03-31 13:04:37]   Filtered (pos_encoder): 0
[2026-03-31 13:04:37]   Keys to load:           7
[2026-03-31 13:04:37]   Missing keys:           4
[2026-03-31 13:04:37]   Unexpected keys:        0
[2026-03-31 13:04:37]   Missing preview:        ['spatial_conv.1.weight', 'spatial_conv.1.bias', 'final_layer.1.weight', 'final_layer.1.bias']
[2026-03-31 13:04:37]   Unexpected preview:     []
[2026-03-31 13:04:37] Encoder freeze configuration:
[2026-03-31 13:04:37]   Total parameters:        18,192
[2026-03-31 13:04:37]   Trainable parameters:    4,352
[2026-03-31 13:04:37]   Training percentage:     23.9%
[2026-03-31 13:04:37]   Trainable layers: 4
[2026-03-31 13:04:37]     - final_layer.1.bias
[2026-03-31 13:04:37]     - final_layer.1.weight
[2026-03-31 13:04:37]     - spatial_conv.1.bias
[2026-03-31 13:04:37]     - spatial_conv.1.weight
[2026-03-31 13:04:37]     Train generator seeded: True
[2026-03-31 13:04:42]     Stopped epoch:            51
[2026-03-31 13:04:42]     Best epoch (valid_loss):  1
[2026-03-31 13:04:42]     Best valid_loss:          1.3871119022369385
[2026-03-31 13:04:42]     Test accuracy (primary):  0.2500
[2026-03-31 13:04:42]     Test balanced acc:        0.2500
[2026-03-31 13:04:42]     Confusion matrix:         [[10, 0, 0, 0], [10, 0, 0, 0], [10, 0, 0, 0], [10, 0, 0, 0]]
[2026-03-31 13:04:42]     Prediction histogram:     [40, 0, 0, 0]
[2026-03-31 13:04:42]     fold_acc=0.2500 fold_bal_acc=0.2500 cm=[[10, 0, 0, 0], [10, 0, 0, 0], [10, 0, 0, 0], [10, 0, 0, 0]]
[2026-03-31 13:04:42]   Subject 51 Fold 2 seed: 5103
[2026-03-31 13:04:42]   Subject 51 Fold 2: n_train=128 n_val=32 n_test=40
[2026-03-31 13:04:42]     Train class counts: [32, 32, 32, 32]
[2026-03-31 13:04:42]     Val class counts:   [8, 8, 8, 8]
[2026-03-31 13:04:42]     Test class counts:  [10, 10, 10, 10]
[2026-03-31 13:04:42] Building model with input window duration: 4.1875 s
[2026-03-31 13:04:42] Pretrained weight loading:
[2026-03-31 13:04:42]   Downloaded keys:        179
[2026-03-31 13:04:42]   Filtered (transformer): 172
[2026-03-31 13:04:42]   Filtered (pos_encoder): 0
[2026-03-31 13:04:42]   Keys to load:           7
[2026-03-31 13:04:42]   Missing keys:           4
[2026-03-31 13:04:42]   Unexpected keys:        0
[2026-03-31 13:04:42]   Missing preview:        ['spatial_conv.1.weight', 'spatial_conv.1.bias', 'final_layer.1.weight', 'final_layer.1.bias']
[2026-03-31 13:04:42]   Unexpected preview:     []
[2026-03-31 13:04:42] Encoder freeze configuration:
[2026-03-31 13:04:42]   Total parameters:        18,192
[2026-03-31 13:04:42]   Trainable parameters:    4,352
[2026-03-31 13:04:42]   Training percentage:     23.9%
[2026-03-31 13:04:42]   Trainable layers: 4
[2026-03-31 13:04:42]     - final_layer.1.bias
[2026-03-31 13:04:42]     - final_layer.1.weight
[2026-03-31 13:04:42]     - spatial_conv.1.bias
[2026-03-31 13:04:42]     - spatial_conv.1.weight
[2026-03-31 13:04:42]     Train generator seeded: True
[2026-03-31 13:04:55]     Stopped epoch:            150
[2026-03-31 13:04:55]     Best epoch (valid_loss):  100
[2026-03-31 13:04:55]     Best valid_loss:          1.333047091960907
[2026-03-31 13:04:55]     Test accuracy (primary):  0.4750
[2026-03-31 13:04:55]     Test balanced acc:        0.4750
[2026-03-31 13:04:55]     Confusion matrix:         [[5, 0, 4, 1], [1, 7, 0, 2], [4, 3, 1, 2], [0, 3, 1, 6]]
[2026-03-31 13:04:55]     Prediction histogram:     [10, 13, 6, 11]
[2026-03-31 13:04:55]     fold_acc=0.4750 fold_bal_acc=0.4750 cm=[[5, 0, 4, 1], [1, 7, 0, 2], [4, 3, 1, 2], [0, 3, 1, 6]]
[2026-03-31 13:04:55]   Subject 51 Fold 3 seed: 5104
[2026-03-31 13:04:55]   Subject 51 Fold 3: n_train=128 n_val=32 n_test=40
[2026-03-31 13:04:55]     Train class counts: [32, 32, 32, 32]
[2026-03-31 13:04:55]     Val class counts:   [8, 8, 8, 8]
[2026-03-31 13:04:55]     Test class counts:  [10, 10, 10, 10]
[2026-03-31 13:04:55] Building model with input window duration: 4.1875 s
[2026-03-31 13:04:55] Pretrained weight loading:
[2026-03-31 13:04:55]   Downloaded keys:        179
[2026-03-31 13:04:55]   Filtered (transformer): 172
[2026-03-31 13:04:55]   Filtered (pos_encoder): 0
[2026-03-31 13:04:55]   Keys to load:           7
[2026-03-31 13:04:55]   Missing keys:           4
[2026-03-31 13:04:55]   Unexpected keys:        0
[2026-03-31 13:04:55]   Missing preview:        ['spatial_conv.1.weight', 'spatial_conv.1.bias', 'final_layer.1.weight', 'final_layer.1.bias']
[2026-03-31 13:04:55]   Unexpected preview:     []
[2026-03-31 13:04:55] Encoder freeze configuration:
[2026-03-31 13:04:55]   Total parameters:        18,192
[2026-03-31 13:04:55]   Trainable parameters:    4,352
[2026-03-31 13:04:55]   Training percentage:     23.9%
[2026-03-31 13:04:55]   Trainable layers: 4
[2026-03-31 13:04:55]     - final_layer.1.bias
[2026-03-31 13:04:55]     - final_layer.1.weight
[2026-03-31 13:04:55]     - spatial_conv.1.bias
[2026-03-31 13:04:55]     - spatial_conv.1.weight
[2026-03-31 13:04:55]     Train generator seeded: True
[2026-03-31 13:05:28]     Stopped epoch:            376
[2026-03-31 13:05:28]     Best epoch (valid_loss):  326
[2026-03-31 13:05:28]     Best valid_loss:          1.1471752524375916
[2026-03-31 13:05:28]     Test accuracy (primary):  0.5750
[2026-03-31 13:05:28]     Test balanced acc:        0.5750
[2026-03-31 13:05:28]     Confusion matrix:         [[5, 2, 1, 2], [1, 8, 0, 1], [1, 3, 5, 1], [3, 2, 0, 5]]
[2026-03-31 13:05:28]     Prediction histogram:     [10, 15, 6, 9]
[2026-03-31 13:05:28]     fold_acc=0.5750 fold_bal_acc=0.5750 cm=[[5, 2, 1, 2], [1, 8, 0, 1], [1, 3, 5, 1], [3, 2, 0, 5]]
[2026-03-31 13:05:28]   Subject 51 Fold 4 seed: 5105
[2026-03-31 13:05:28]   Subject 51 Fold 4: n_train=128 n_val=32 n_test=40
[2026-03-31 13:05:28]     Train class counts: [32, 32, 32, 32]
[2026-03-31 13:05:28]     Val class counts:   [8, 8, 8, 8]
[2026-03-31 13:05:28]     Test class counts:  [10, 10, 10, 10]
[2026-03-31 13:05:28] Building model with input window duration: 4.1875 s
[2026-03-31 13:05:28] Pretrained weight loading:
[2026-03-31 13:05:28]   Downloaded keys:        179
[2026-03-31 13:05:28]   Filtered (transformer): 172
[2026-03-31 13:05:28]   Filtered (pos_encoder): 0
[2026-03-31 13:05:28]   Keys to load:           7
[2026-03-31 13:05:28]   Missing keys:           4
[2026-03-31 13:05:28]   Unexpected keys:        0
[2026-03-31 13:05:28]   Missing preview:        ['spatial_conv.1.weight', 'spatial_conv.1.bias', 'final_layer.1.weight', 'final_layer.1.bias']
[2026-03-31 13:05:28]   Unexpected preview:     []
[2026-03-31 13:05:28] Encoder freeze configuration:
[2026-03-31 13:05:28]   Total parameters:        18,192
[2026-03-31 13:05:28]   Trainable parameters:    4,352
[2026-03-31 13:05:28]   Training percentage:     23.9%
[2026-03-31 13:05:28]   Trainable layers: 4
[2026-03-31 13:05:28]     - final_layer.1.bias
[2026-03-31 13:05:28]     - final_layer.1.weight
[2026-03-31 13:05:28]     - spatial_conv.1.bias
[2026-03-31 13:05:28]     - spatial_conv.1.weight
[2026-03-31 13:05:28]     Train generator seeded: True
[2026-03-31 13:05:46]     Stopped epoch:            201
[2026-03-31 13:05:46]     Best epoch (valid_loss):  151
[2026-03-31 13:05:46]     Best valid_loss:          1.2402979135513306
[2026-03-31 13:05:46]     Test accuracy (primary):  0.4500
[2026-03-31 13:05:46]     Test balanced acc:        0.4500
[2026-03-31 13:05:46]     Confusion matrix:         [[4, 1, 2, 3], [0, 4, 2, 4], [0, 4, 5, 1], [1, 1, 3, 5]]
[2026-03-31 13:05:46]     Prediction histogram:     [5, 10, 12, 13]
[2026-03-31 13:05:46]     fold_acc=0.4500 fold_bal_acc=0.4500 cm=[[4, 1, 2, 3], [0, 4, 2, 4], [0, 4, 5, 1], [1, 1, 3, 5]]
[2026-03-31 13:05:46]   Subject 51 Fold 5 seed: 5106
[2026-03-31 13:05:46]   Subject 51 Fold 5: n_train=128 n_val=32 n_test=40
[2026-03-31 13:05:46]     Train class counts: [32, 32, 32, 32]
[2026-03-31 13:05:46]     Val class counts:   [8, 8, 8, 8]
[2026-03-31 13:05:46]     Test class counts:  [10, 10, 10, 10]
[2026-03-31 13:05:46] Building model with input window duration: 4.1875 s
[2026-03-31 13:05:46] Pretrained weight loading:
[2026-03-31 13:05:46]   Downloaded keys:        179
[2026-03-31 13:05:46]   Filtered (transformer): 172
[2026-03-31 13:05:46]   Filtered (pos_encoder): 0
[2026-03-31 13:05:46]   Keys to load:           7
[2026-03-31 13:05:46]   Missing keys:           4
[2026-03-31 13:05:46]   Unexpected keys:        0
[2026-03-31 13:05:46]   Missing preview:        ['spatial_conv.1.weight', 'spatial_conv.1.bias', 'final_layer.1.weight', 'final_layer.1.bias']
[2026-03-31 13:05:46]   Unexpected preview:     []
[2026-03-31 13:05:46] Encoder freeze configuration:
[2026-03-31 13:05:46]   Total parameters:        18,192
[2026-03-31 13:05:46]   Trainable parameters:    4,352
[2026-03-31 13:05:46]   Training percentage:     23.9%
[2026-03-31 13:05:46]   Trainable layers: 4
[2026-03-31 13:05:46]     - final_layer.1.bias
[2026-03-31 13:05:46]     - final_layer.1.weight
[2026-03-31 13:05:46]     - spatial_conv.1.bias
[2026-03-31 13:05:46]     - spatial_conv.1.weight
[2026-03-31 13:05:46]     Train generator seeded: True
[2026-03-31 13:05:58]     Stopped epoch:            122
[2026-03-31 13:05:58]     Best epoch (valid_loss):  72
[2026-03-31 13:05:58]     Best valid_loss:          1.335292100906372
[2026-03-31 13:05:58]     Test accuracy (primary):  0.3750
[2026-03-31 13:05:58]     Test balanced acc:        0.3750
[2026-03-31 13:05:58]     Confusion matrix:         [[5, 3, 2, 0], [2, 3, 0, 5], [4, 0, 4, 2], [0, 4, 3, 3]]
[2026-03-31 13:05:58]     Prediction histogram:     [11, 10, 9, 10]
[2026-03-31 13:05:58]     fold_acc=0.3750 fold_bal_acc=0.3750 cm=[[5, 3, 2, 0], [2, 3, 0, 5], [4, 0, 4, 2], [0, 4, 3, 3]]
[2026-03-31 13:05:58]   Subject 51 mean accuracy: 0.4250

[2026-03-31 13:05:58] Total folds completed: 5
[2026-03-31 13:05:58] ======================================================================
[2026-03-31 13:05:58] AGGREGATED RESULTS
[2026-03-31 13:05:58] ======================================================================
[2026-03-31 13:05:58]   Subject 51:  acc=0.4250±0.1084  bal_acc=0.4250±0.1084
[2026-03-31 13:05:58] ----------------------------------------------------------------------
[2026-03-31 13:05:58]   OVERALL:      acc=0.4250±0.1084  bal_acc=0.4250±0.1084
[2026-03-31 13:05:58] ======================================================================
[2026-03-31 13:05:58] CV results saved to:      /Users/vadim/Documents/School/Spring 2026/CSCE A698 Individual Research/EEG_JEPA/artifacts/lee-2019-fine-tuning/SSVEP/20260331_1304_61594178/cv_results.json
[2026-03-31 13:05:58] Subject metrics saved to: /Users/vadim/Documents/School/Spring 2026/CSCE A698 Individual Research/EEG_JEPA/artifacts/lee-2019-fine-tuning/SSVEP/20260331_1304_61594178/subject_metrics.json
[2026-03-31 13:05:58] Global metrics saved to:  /Users/vadim/Documents/School/Spring 2026/CSCE A698 Individual Research/EEG_JEPA/artifacts/lee-2019-fine-tuning/SSVEP/20260331_1304_61594178/global_metrics.json
[2026-03-31 13:05:58] Run metadata saved to:    /Users/vadim/Documents/School/Spring 2026/CSCE A698 Individual Research/EEG_JEPA/artifacts/lee-2019-fine-tuning/SSVEP/20260331_1304_61594178/run_metadata.json

[2026-03-31 13:05:58] All artifacts in: /Users/vadim/Documents/School/Spring 2026/CSCE A698 Individual Research/EEG_JEPA/artifacts/lee-2019-fine-tuning/SSVEP/20260331_1304_61594178

[2026-03-31 13:05:58] ======================================================================
[2026-03-31 13:05:58] EXPERIMENT SUMMARY
[2026-03-31 13:05:58] ======================================================================
[2026-03-31 13:05:58] Run ID:    20260331_1304_61594178
[2026-03-31 13:05:58] Artifacts: /Users/vadim/Documents/School/Spring 2026/CSCE A698 Individual Research/EEG_JEPA/artifacts/lee-2019-fine-tuning/SSVEP/20260331_1304_61594178

[2026-03-31 13:05:58] Configuration:
[2026-03-31 13:05:58]   Subjects:          [51]
[2026-03-31 13:05:58]   Bandpass:          0.5-40.0 Hz
[2026-03-31 13:05:58]   Resample:          128 Hz
[2026-03-31 13:05:58]   CV folds:          5
[2026-03-31 13:05:58]   Learning rate:     0.001
[2026-03-31 13:05:58]   Batch size:        16
[2026-03-31 13:05:58]   Max epochs:        5000

[2026-03-31 13:05:58] Results:
[2026-03-31 13:05:58]   Mean Accuracy:          0.4250 ± 0.1084
[2026-03-31 13:05:58]   Mean Balanced Accuracy: 0.4250 ± 0.1084
