[2026-03-31 13:10:13] Using device: mps
[2026-03-31 13:10:13] Seed control enabled: True
[2026-03-31 13:10:13] Base seed: 4
[2026-03-31 13:10:13] Seed initialized: 4
[2026-03-31 13:10:13] ======================================================================
[2026-03-31 13:10:13] CONFIGURATION
[2026-03-31 13:10:13] ======================================================================
[2026-03-31 13:10:13]   artifact_dir: /Users/vadim/Documents/School/Spring 2026/CSCE A698 Individual Research/EEG_JEPA/artifacts/lee-2019-fine-tuning
[2026-03-31 13:10:13]   bandpass_high: 40.0
[2026-03-31 13:10:13]   bandpass_low: 0.5
[2026-03-31 13:10:13]   batch_size: 16
[2026-03-31 13:10:13]   convert_to_uV: True
[2026-03-31 13:10:13]   cv_folds: 5
[2026-03-31 13:10:13]   device: auto
[2026-03-31 13:10:13]   early_stopping_patience: 50
[2026-03-31 13:10:13]   learning_rate: 0.001
[2026-03-31 13:10:13]   n_epochs: 5000
[2026-03-31 13:10:13]   normalization_method: None
[2026-03-31 13:10:13]   normalize: False
[2026-03-31 13:10:13]   paradigm: SSVEP
[2026-03-31 13:10:13]   pretrained_url: https://huggingface.co/braindecode/SignalJEPA/resolve/main/signal-jepa_16s-60_adeuwv4s.pth
[2026-03-31 13:10:13]   seed: 4
[2026-03-31 13:10:13]   set_seed: True
[2026-03-31 13:10:13]   sfreq: 128
[2026-03-31 13:10:13]   subjects_to_use: [51]
[2026-03-31 13:10:13]   val_split: 0.2
[2026-03-31 13:10:13] ======================================================================
[2026-03-31 13:10:13] Config saved to: /Users/vadim/Documents/School/Spring 2026/CSCE A698 Individual Research/EEG_JEPA/artifacts/lee-2019-fine-tuning/SSVEP/20260331_1310_c2465f34/config.json
[2026-03-31 13:10:13] Epoch window configuration:
[2026-03-31 13:10:13]   Target sfreq:                128 Hz
[2026-03-31 13:10:13]   Target duration:             4.190000 s
[2026-03-31 13:10:13]   Window samples (rounded):    536
[2026-03-31 13:10:13]   Base trial samples (4.0 s):  512
[2026-03-31 13:10:13]   Trial stop offset samples:   24
[2026-03-31 13:10:13]   Effective window duration:   4.187500 s
[2026-03-31 13:10:13] Using specified subjects from config: [51]
[2026-03-31 13:10:13] Selected subjects: [51]
[2026-03-31 13:10:13] Expected evaluation folds: 5

[2026-03-31 13:10:13] Building MOABBDataset for Lee2019_SSVEP...
[2026-03-31 13:10:27] MOABBDataset recordings loaded: 2
[2026-03-31 13:10:27] Discovered annotation descriptions (first recording): [np.str_('12.0'), np.str_('5.45'), np.str_('6.67'), np.str_('8.57')]
[2026-03-31 13:10:27] Dataset event_id mapping: {'12.0': 1, '8.57': 2, '6.67': 3, '5.45': 4}
[2026-03-31 13:10:27] Label map (event_code -> class_index): {1: 0, 2: 1, 3: 2, 4: 3}
[2026-03-31 13:10:27] Applying Braindecode preprocessors to MOABBDataset...
[2026-03-31 13:10:35] Preprocessing complete.

[2026-03-31 13:10:35] Post-preprocessing validation
[2026-03-31 13:10:35]   Recordings in DATASET: 2
[2026-03-31 13:10:35]   Unique subject IDs:    ['51']
[2026-03-31 13:10:35]   sfreq (first rec):     128.0 Hz
[2026-03-31 13:10:35]   EEG channel count:     62
[2026-03-31 13:10:35]   First 10 channels:     ['Fp1', 'Fp2', 'F7', 'F3', 'Fz', 'F4', 'F8', 'FC5', 'FC1', 'FC2']
[2026-03-31 13:10:35] Channel consistency summary:
[2026-03-31 13:10:35]   Checked runs: 2
[2026-03-31 13:10:35]   Unique channel counts: [62]
[2026-03-31 13:10:35]   Channel order consistent: True
[2026-03-31 13:10:35] Validated EEG channels: 62
[2026-03-31 13:10:35] First 10 EEG channels: ['Fp1', 'Fp2', 'F7', 'F3', 'Fz', 'F4', 'F8', 'FC5', 'FC1', 'FC2']
[2026-03-31 13:10:35] raw mean_abs=6.206608e+00
[2026-03-31 13:10:35] raw std=2.712803e+01
[2026-03-31 13:10:35] raw first5 channel std= [30.27595633 56.56813395 13.75714116  8.89857459  7.91183515]
[2026-03-31 13:10:35] Requested window samples: 536
[2026-03-31 13:10:35] Base trial samples:       512
[2026-03-31 13:10:35] Stop offset samples:      24
[2026-03-31 13:10:35] Global class counts: [50, 50, 50, 50]
[2026-03-31 13:10:35] Chance level (4-class): 0.25
[2026-03-31 13:10:35] One window shape: (62, 536)
[2026-03-31 13:10:35] One window label: 2
[2026-03-31 13:10:35] Window sample length expected=536, got=536
[2026-03-31 13:10:35] Subjects in window split: [51]
[2026-03-31 13:10:35] Summarizing per-subject windows...
[2026-03-31 13:10:35]   Subject 51: n_windows=200, window_shape=(62, 536), class_counts=[50, 50, 50, 50]
[2026-03-31 13:10:35]    subject_id  n_windows  n_channels  n_times      class_counts
0          51        200          62      536  [50, 50, 50, 50]
[2026-03-31 13:10:35] Window validation summary:
[2026-03-31 13:10:35]   Subject 51: n_windows=200 class_counts=[50, 50, 50, 50]

[2026-03-31 13:10:35] Validated sampling rate target: 128 Hz
[2026-03-31 13:10:35] Validated window sample count:   536
[2026-03-31 13:10:35] Validated window duration:       4.1875 s
[2026-03-31 13:10:35] Validated channel count:         62
[2026-03-31 13:10:35] Total windows retained:          200
[2026-03-31 13:10:35] Preprocessing sanity checks:
[2026-03-31 13:10:35]   One sample label: 2
[2026-03-31 13:10:35]   One sample shape: (62, 536)
[2026-03-31 13:10:35]   Mean(abs(signal)): 7.808386e+00
[2026-03-31 13:10:35]   Mean(signal):      -1.469310e-08
[2026-03-31 13:10:35]   Std(signal):       1.102899e+01
[2026-03-31 13:10:35] Building model with input window duration: 4.1875 s
[2026-03-31 13:10:35] SignalJEPA_PreLocal instantiated successfully.
[2026-03-31 13:10:35]   Total parameters:     18,192
[2026-03-31 13:10:35]   Trainable parameters: 18,192
[2026-03-31 13:10:35] ======================================================================================================================================================
Layer (type (var_name):depth-idx)                  Input Shape               Output Shape              Param #                   Kernel Shape
======================================================================================================================================================
SignalJEPA_PreLocal (SignalJEPA_PreLocal)          [1, 62, 536]              [1, 4]                    --                        --
├─Sequential (spatial_conv): 1-1                   [1, 62, 536]              [1, 4, 536]               --                        --
│    └─Rearrange (0): 2-1                          [1, 62, 536]              [1, 1, 62, 536]           --                        --
│    └─Conv2d (1): 2-2                             [1, 1, 62, 536]           [1, 4, 1, 536]            252                       [62, 1]
│    └─Rearrange (2): 2-3                          [1, 4, 1, 536]            [1, 4, 536]               --                        --
├─_ConvFeatureEncoder (feature_encoder): 1-2       [1, 4, 536]               [1, 16, 64]               --                        --
│    └─Rearrange (0): 2-4                          [1, 4, 536]               [4, 1, 536]               --                        --
│    └─Sequential (1): 2-5                         [4, 1, 536]               [4, 8, 64]                --                        --
│    │    └─Conv1d (0): 3-1                        [4, 1, 536]               [4, 8, 64]                256                       [32]
│    │    └─Dropout (1): 3-2                       [4, 8, 64]                [4, 8, 64]                --                        --
│    │    └─GroupNorm (2): 3-3                     [4, 8, 64]                [4, 8, 64]                16                        --
│    │    └─GELU (3): 3-4                          [4, 8, 64]                [4, 8, 64]                --                        --
│    └─Sequential (2): 2-6                         [4, 8, 64]                [4, 16, 32]               --                        --
│    │    └─Conv1d (0): 3-5                        [4, 8, 64]                [4, 16, 32]               256                       [2]
│    │    └─Dropout (1): 3-6                       [4, 16, 32]               [4, 16, 32]               --                        --
│    │    └─GELU (2): 3-7                          [4, 16, 32]               [4, 16, 32]               --                        --
│    └─Sequential (3): 2-7                         [4, 16, 32]               [4, 32, 16]               --                        --
│    │    └─Conv1d (0): 3-8                        [4, 16, 32]               [4, 32, 16]               1,024                     [2]
│    │    └─Dropout (1): 3-9                       [4, 32, 16]               [4, 32, 16]               --                        --
│    │    └─GELU (2): 3-10                         [4, 32, 16]               [4, 32, 16]               --                        --
│    └─Sequential (4): 2-8                         [4, 32, 16]               [4, 64, 8]                --                        --
│    │    └─Conv1d (0): 3-11                       [4, 32, 16]               [4, 64, 8]                4,096                     [2]
│    │    └─Dropout (1): 3-12                      [4, 64, 8]                [4, 64, 8]                --                        --
│    │    └─GELU (2): 3-13                         [4, 64, 8]                [4, 64, 8]                --                        --
│    └─Sequential (5): 2-9                         [4, 64, 8]                [4, 64, 4]                --                        --
│    │    └─Conv1d (0): 3-14                       [4, 64, 8]                [4, 64, 4]                8,192                     [2]
│    │    └─Dropout (1): 3-15                      [4, 64, 4]                [4, 64, 4]                --                        --
│    │    └─GELU (2): 3-16                         [4, 64, 4]                [4, 64, 4]                --                        --
│    └─Rearrange (6): 2-10                         [4, 64, 4]                [1, 16, 64]               --                        --
├─Sequential (final_layer): 1-3                    [1, 16, 64]               [1, 4]                    --                        --
│    └─Flatten (0): 2-11                           [1, 16, 64]               [1, 1024]                 --                        --
│    └─Linear (1): 2-12                            [1, 1024]                 [1, 4]                    4,100                     --
======================================================================================================================================================
Total params: 18,192
Trainable params: 18,192
Non-trainable params: 0
Total mult-adds (Units.MEGABYTES): 0.57
======================================================================================================================================================
Input size (MB): 0.13
Forward/backward pass size (MB): 0.11
Params size (MB): 0.07
Estimated Total Size (MB): 0.31
======================================================================================================================================================
[2026-03-31 13:10:35] Initializing from 16s-60 pretrained checkpoint (Hugging Face):
[2026-03-31 13:10:35]   https://huggingface.co/braindecode/SignalJEPA/resolve/main/signal-jepa_16s-60_adeuwv4s.pth
[2026-03-31 13:10:35]   Downloaded 179 keys
[2026-03-31 13:10:35] ======================================================================
[2026-03-31 13:10:35] STARTING CROSS-VALIDATION
[2026-03-31 13:10:35] ======================================================================
[2026-03-31 13:10:35] Subjects:      [51]
[2026-03-31 13:10:35] CV folds:      5
[2026-03-31 13:10:35] Batch size:    16
[2026-03-31 13:10:35] Max epochs:    5000
[2026-03-31 13:10:35] Device:        mps
[2026-03-31 13:10:35] Seed control:  True
[2026-03-31 13:10:35] Base seed:     4
[2026-03-31 13:10:35] ======================================================================

[2026-03-31 13:10:35] Subject 51: 200 windows class_counts=[50, 50, 50, 50]
[2026-03-31 13:10:35]   Fold 1 split seed: 5
[2026-03-31 13:10:35]   Fold 1 split class counts:
[2026-03-31 13:10:35]     train=[32, 32, 32, 32] val=[8, 8, 8, 8] test=[10, 10, 10, 10]
[2026-03-31 13:10:35]   Fold 2 split seed: 6
[2026-03-31 13:10:35]   Fold 2 split class counts:
[2026-03-31 13:10:35]     train=[32, 32, 32, 32] val=[8, 8, 8, 8] test=[10, 10, 10, 10]
[2026-03-31 13:10:35]   Fold 3 split seed: 7
[2026-03-31 13:10:35]   Fold 3 split class counts:
[2026-03-31 13:10:35]     train=[32, 32, 32, 32] val=[8, 8, 8, 8] test=[10, 10, 10, 10]
[2026-03-31 13:10:35]   Fold 4 split seed: 8
[2026-03-31 13:10:35]   Fold 4 split class counts:
[2026-03-31 13:10:35]     train=[32, 32, 32, 32] val=[8, 8, 8, 8] test=[10, 10, 10, 10]
[2026-03-31 13:10:35]   Fold 5 split seed: 9
[2026-03-31 13:10:35]   Fold 5 split class counts:
[2026-03-31 13:10:35]     train=[32, 32, 32, 32] val=[8, 8, 8, 8] test=[10, 10, 10, 10]
[2026-03-31 13:10:35]   Subject 51 Fold 1 seed: 5105
[2026-03-31 13:10:35]   Subject 51 Fold 1: n_train=128 n_val=32 n_test=40
[2026-03-31 13:10:35]     Train class counts: [32, 32, 32, 32]
[2026-03-31 13:10:35]     Val class counts:   [8, 8, 8, 8]
[2026-03-31 13:10:35]     Test class counts:  [10, 10, 10, 10]
[2026-03-31 13:10:35] Building model with input window duration: 4.1875 s
[2026-03-31 13:10:35] Pretrained weight loading:
[2026-03-31 13:10:35]   Downloaded keys:        179
[2026-03-31 13:10:35]   Filtered (transformer): 172
[2026-03-31 13:10:35]   Filtered (pos_encoder): 0
[2026-03-31 13:10:35]   Keys to load:           7
[2026-03-31 13:10:35]   Missing keys:           4
[2026-03-31 13:10:35]   Unexpected keys:        0
[2026-03-31 13:10:35]   Missing preview:        ['spatial_conv.1.weight', 'spatial_conv.1.bias', 'final_layer.1.weight', 'final_layer.1.bias']
[2026-03-31 13:10:35]   Unexpected preview:     []
[2026-03-31 13:10:35] Encoder freeze configuration:
[2026-03-31 13:10:35]   Total parameters:        18,192
[2026-03-31 13:10:35]   Trainable parameters:    4,352
[2026-03-31 13:10:35]   Training percentage:     23.9%
[2026-03-31 13:10:35]   Trainable layers: 4
[2026-03-31 13:10:35]     - final_layer.1.bias
[2026-03-31 13:10:35]     - final_layer.1.weight
[2026-03-31 13:10:35]     - spatial_conv.1.bias
[2026-03-31 13:10:35]     - spatial_conv.1.weight
[2026-03-31 13:10:35]     Train generator seeded: True
[2026-03-31 13:11:06]     Stopped epoch:            385
[2026-03-31 13:11:06]     Best epoch (valid_loss):  335
[2026-03-31 13:11:06]     Best valid_loss:          0.8720876276493073
[2026-03-31 13:11:06]     Test accuracy (primary):  0.5750
[2026-03-31 13:11:06]     Test balanced acc:        0.5750
[2026-03-31 13:11:06]     Confusion matrix:         [[7, 1, 1, 1], [1, 4, 3, 2], [2, 3, 5, 0], [1, 1, 1, 7]]
[2026-03-31 13:11:06]     Prediction histogram:     [11, 9, 10, 10]
[2026-03-31 13:11:06]     fold_acc=0.5750 fold_bal_acc=0.5750 cm=[[7, 1, 1, 1], [1, 4, 3, 2], [2, 3, 5, 0], [1, 1, 1, 7]]
[2026-03-31 13:11:06]   Subject 51 Fold 2 seed: 5106
[2026-03-31 13:11:06]   Subject 51 Fold 2: n_train=128 n_val=32 n_test=40
[2026-03-31 13:11:06]     Train class counts: [32, 32, 32, 32]
[2026-03-31 13:11:06]     Val class counts:   [8, 8, 8, 8]
[2026-03-31 13:11:06]     Test class counts:  [10, 10, 10, 10]
[2026-03-31 13:11:06] Building model with input window duration: 4.1875 s
[2026-03-31 13:11:06] Pretrained weight loading:
[2026-03-31 13:11:06]   Downloaded keys:        179
[2026-03-31 13:11:06]   Filtered (transformer): 172
[2026-03-31 13:11:06]   Filtered (pos_encoder): 0
[2026-03-31 13:11:06]   Keys to load:           7
[2026-03-31 13:11:06]   Missing keys:           4
[2026-03-31 13:11:06]   Unexpected keys:        0
[2026-03-31 13:11:06]   Missing preview:        ['spatial_conv.1.weight', 'spatial_conv.1.bias', 'final_layer.1.weight', 'final_layer.1.bias']
[2026-03-31 13:11:06]   Unexpected preview:     []
[2026-03-31 13:11:06] Encoder freeze configuration:
[2026-03-31 13:11:06]   Total parameters:        18,192
[2026-03-31 13:11:06]   Trainable parameters:    4,352
[2026-03-31 13:11:06]   Training percentage:     23.9%
[2026-03-31 13:11:06]   Trainable layers: 4
[2026-03-31 13:11:06]     - final_layer.1.bias
[2026-03-31 13:11:06]     - final_layer.1.weight
[2026-03-31 13:11:06]     - spatial_conv.1.bias
[2026-03-31 13:11:06]     - spatial_conv.1.weight
[2026-03-31 13:11:06]     Train generator seeded: True
[2026-03-31 13:11:13]     Stopped epoch:            80
[2026-03-31 13:11:13]     Best epoch (valid_loss):  72
[2026-03-31 13:11:13]     Best valid_loss:          1.3682011365890503
[2026-03-31 13:11:13]     Test accuracy (primary):  0.2250
[2026-03-31 13:11:13]     Test balanced acc:        0.2250
[2026-03-31 13:11:13]     Confusion matrix:         [[0, 3, 4, 3], [1, 3, 2, 4], [1, 1, 3, 5], [2, 1, 4, 3]]
[2026-03-31 13:11:13]     Prediction histogram:     [4, 8, 13, 15]
[2026-03-31 13:11:13]     fold_acc=0.2250 fold_bal_acc=0.2250 cm=[[0, 3, 4, 3], [1, 3, 2, 4], [1, 1, 3, 5], [2, 1, 4, 3]]
[2026-03-31 13:11:13]   Subject 51 Fold 3 seed: 5107
[2026-03-31 13:11:13]   Subject 51 Fold 3: n_train=128 n_val=32 n_test=40
[2026-03-31 13:11:13]     Train class counts: [32, 32, 32, 32]
[2026-03-31 13:11:13]     Val class counts:   [8, 8, 8, 8]
[2026-03-31 13:11:13]     Test class counts:  [10, 10, 10, 10]
[2026-03-31 13:11:13] Building model with input window duration: 4.1875 s
[2026-03-31 13:11:13] Pretrained weight loading:
[2026-03-31 13:11:13]   Downloaded keys:        179
[2026-03-31 13:11:13]   Filtered (transformer): 172
[2026-03-31 13:11:13]   Filtered (pos_encoder): 0
[2026-03-31 13:11:13]   Keys to load:           7
[2026-03-31 13:11:13]   Missing keys:           4
[2026-03-31 13:11:13]   Unexpected keys:        0
[2026-03-31 13:11:13]   Missing preview:        ['spatial_conv.1.weight', 'spatial_conv.1.bias', 'final_layer.1.weight', 'final_layer.1.bias']
[2026-03-31 13:11:13]   Unexpected preview:     []
[2026-03-31 13:11:13] Encoder freeze configuration:
[2026-03-31 13:11:13]   Total parameters:        18,192
[2026-03-31 13:11:13]   Trainable parameters:    4,352
[2026-03-31 13:11:13]   Training percentage:     23.9%
[2026-03-31 13:11:13]   Trainable layers: 4
[2026-03-31 13:11:13]     - final_layer.1.bias
[2026-03-31 13:11:13]     - final_layer.1.weight
[2026-03-31 13:11:13]     - spatial_conv.1.bias
[2026-03-31 13:11:13]     - spatial_conv.1.weight
[2026-03-31 13:11:13]     Train generator seeded: True
[2026-03-31 13:11:42]     Stopped epoch:            372
[2026-03-31 13:11:42]     Best epoch (valid_loss):  322
[2026-03-31 13:11:42]     Best valid_loss:          1.120276927947998
[2026-03-31 13:11:42]     Test accuracy (primary):  0.3750
[2026-03-31 13:11:42]     Test balanced acc:        0.3750
[2026-03-31 13:11:42]     Confusion matrix:         [[5, 2, 0, 3], [4, 1, 3, 2], [0, 2, 5, 3], [1, 1, 4, 4]]
[2026-03-31 13:11:42]     Prediction histogram:     [10, 6, 12, 12]
[2026-03-31 13:11:42]     fold_acc=0.3750 fold_bal_acc=0.3750 cm=[[5, 2, 0, 3], [4, 1, 3, 2], [0, 2, 5, 3], [1, 1, 4, 4]]
[2026-03-31 13:11:42]   Subject 51 Fold 4 seed: 5108
[2026-03-31 13:11:42]   Subject 51 Fold 4: n_train=128 n_val=32 n_test=40
[2026-03-31 13:11:42]     Train class counts: [32, 32, 32, 32]
[2026-03-31 13:11:42]     Val class counts:   [8, 8, 8, 8]
[2026-03-31 13:11:42]     Test class counts:  [10, 10, 10, 10]
[2026-03-31 13:11:42] Building model with input window duration: 4.1875 s
[2026-03-31 13:11:42] Pretrained weight loading:
[2026-03-31 13:11:42]   Downloaded keys:        179
[2026-03-31 13:11:42]   Filtered (transformer): 172
[2026-03-31 13:11:42]   Filtered (pos_encoder): 0
[2026-03-31 13:11:42]   Keys to load:           7
[2026-03-31 13:11:42]   Missing keys:           4
[2026-03-31 13:11:42]   Unexpected keys:        0
[2026-03-31 13:11:42]   Missing preview:        ['spatial_conv.1.weight', 'spatial_conv.1.bias', 'final_layer.1.weight', 'final_layer.1.bias']
[2026-03-31 13:11:42]   Unexpected preview:     []
[2026-03-31 13:11:42] Encoder freeze configuration:
[2026-03-31 13:11:42]   Total parameters:        18,192
[2026-03-31 13:11:42]   Trainable parameters:    4,352
[2026-03-31 13:11:42]   Training percentage:     23.9%
[2026-03-31 13:11:42]   Trainable layers: 4
[2026-03-31 13:11:42]     - final_layer.1.bias
[2026-03-31 13:11:42]     - final_layer.1.weight
[2026-03-31 13:11:42]     - spatial_conv.1.bias
[2026-03-31 13:11:42]     - spatial_conv.1.weight
[2026-03-31 13:11:42]     Train generator seeded: True
[2026-03-31 13:11:56]     Stopped epoch:            170
[2026-03-31 13:11:56]     Best epoch (valid_loss):  131
[2026-03-31 13:11:56]     Best valid_loss:          1.31321120262146
[2026-03-31 13:11:56]     Test accuracy (primary):  0.4750
[2026-03-31 13:11:56]     Test balanced acc:        0.4750
[2026-03-31 13:11:56]     Confusion matrix:         [[5, 2, 0, 3], [0, 6, 1, 3], [3, 3, 3, 1], [0, 3, 2, 5]]
[2026-03-31 13:11:56]     Prediction histogram:     [8, 14, 6, 12]
[2026-03-31 13:11:56]     fold_acc=0.4750 fold_bal_acc=0.4750 cm=[[5, 2, 0, 3], [0, 6, 1, 3], [3, 3, 3, 1], [0, 3, 2, 5]]
[2026-03-31 13:11:56]   Subject 51 Fold 5 seed: 5109
[2026-03-31 13:11:56]   Subject 51 Fold 5: n_train=128 n_val=32 n_test=40
[2026-03-31 13:11:56]     Train class counts: [32, 32, 32, 32]
[2026-03-31 13:11:56]     Val class counts:   [8, 8, 8, 8]
[2026-03-31 13:11:56]     Test class counts:  [10, 10, 10, 10]
[2026-03-31 13:11:56] Building model with input window duration: 4.1875 s
[2026-03-31 13:11:56] Pretrained weight loading:
[2026-03-31 13:11:56]   Downloaded keys:        179
[2026-03-31 13:11:56]   Filtered (transformer): 172
[2026-03-31 13:11:56]   Filtered (pos_encoder): 0
[2026-03-31 13:11:56]   Keys to load:           7
[2026-03-31 13:11:56]   Missing keys:           4
[2026-03-31 13:11:56]   Unexpected keys:        0
[2026-03-31 13:11:56]   Missing preview:        ['spatial_conv.1.weight', 'spatial_conv.1.bias', 'final_layer.1.weight', 'final_layer.1.bias']
[2026-03-31 13:11:56]   Unexpected preview:     []
[2026-03-31 13:11:56] Encoder freeze configuration:
[2026-03-31 13:11:56]   Total parameters:        18,192
[2026-03-31 13:11:56]   Trainable parameters:    4,352
[2026-03-31 13:11:56]   Training percentage:     23.9%
[2026-03-31 13:11:56]   Trainable layers: 4
[2026-03-31 13:11:56]     - final_layer.1.bias
[2026-03-31 13:11:56]     - final_layer.1.weight
[2026-03-31 13:11:56]     - spatial_conv.1.bias
[2026-03-31 13:11:56]     - spatial_conv.1.weight
[2026-03-31 13:11:56]     Train generator seeded: True
[2026-03-31 13:12:13]     Stopped epoch:            215
[2026-03-31 13:12:13]     Best epoch (valid_loss):  165
[2026-03-31 13:12:13]     Best valid_loss:          1.3615553379058838
[2026-03-31 13:12:13]     Test accuracy (primary):  0.4000
[2026-03-31 13:12:13]     Test balanced acc:        0.4000
[2026-03-31 13:12:13]     Confusion matrix:         [[5, 3, 2, 0], [3, 2, 3, 2], [1, 2, 4, 3], [1, 3, 1, 5]]
[2026-03-31 13:12:13]     Prediction histogram:     [10, 10, 10, 10]
[2026-03-31 13:12:13]     fold_acc=0.4000 fold_bal_acc=0.4000 cm=[[5, 3, 2, 0], [3, 2, 3, 2], [1, 2, 4, 3], [1, 3, 1, 5]]
[2026-03-31 13:12:13]   Subject 51 mean accuracy: 0.4100

[2026-03-31 13:12:13] Total folds completed: 5
[2026-03-31 13:12:13] ======================================================================
[2026-03-31 13:12:13] AGGREGATED RESULTS
[2026-03-31 13:12:13] ======================================================================
[2026-03-31 13:12:13]   Subject 51:  acc=0.4100±0.1158  bal_acc=0.4100±0.1158
[2026-03-31 13:12:13] ----------------------------------------------------------------------
[2026-03-31 13:12:13]   OVERALL:      acc=0.4100±0.1158  bal_acc=0.4100±0.1158
[2026-03-31 13:12:13] ======================================================================
[2026-03-31 13:12:13] CV results saved to:      /Users/vadim/Documents/School/Spring 2026/CSCE A698 Individual Research/EEG_JEPA/artifacts/lee-2019-fine-tuning/SSVEP/20260331_1310_c2465f34/cv_results.json
[2026-03-31 13:12:13] Subject metrics saved to: /Users/vadim/Documents/School/Spring 2026/CSCE A698 Individual Research/EEG_JEPA/artifacts/lee-2019-fine-tuning/SSVEP/20260331_1310_c2465f34/subject_metrics.json
[2026-03-31 13:12:13] Global metrics saved to:  /Users/vadim/Documents/School/Spring 2026/CSCE A698 Individual Research/EEG_JEPA/artifacts/lee-2019-fine-tuning/SSVEP/20260331_1310_c2465f34/global_metrics.json
[2026-03-31 13:12:13] Run metadata saved to:    /Users/vadim/Documents/School/Spring 2026/CSCE A698 Individual Research/EEG_JEPA/artifacts/lee-2019-fine-tuning/SSVEP/20260331_1310_c2465f34/run_metadata.json

[2026-03-31 13:12:13] All artifacts in: /Users/vadim/Documents/School/Spring 2026/CSCE A698 Individual Research/EEG_JEPA/artifacts/lee-2019-fine-tuning/SSVEP/20260331_1310_c2465f34

[2026-03-31 13:12:13] ======================================================================
[2026-03-31 13:12:13] EXPERIMENT SUMMARY
[2026-03-31 13:12:13] ======================================================================
[2026-03-31 13:12:13] Run ID:    20260331_1310_c2465f34
[2026-03-31 13:12:13] Artifacts: /Users/vadim/Documents/School/Spring 2026/CSCE A698 Individual Research/EEG_JEPA/artifacts/lee-2019-fine-tuning/SSVEP/20260331_1310_c2465f34

[2026-03-31 13:12:13] Configuration:
[2026-03-31 13:12:13]   Subjects:          [51]
[2026-03-31 13:12:13]   Bandpass:          0.5-40.0 Hz
[2026-03-31 13:12:13]   Resample:          128 Hz
[2026-03-31 13:12:13]   CV folds:          5
[2026-03-31 13:12:13]   Learning rate:     0.001
[2026-03-31 13:12:13]   Batch size:        16
[2026-03-31 13:12:13]   Max epochs:        5000

[2026-03-31 13:12:13] Results:
[2026-03-31 13:12:13]   Mean Accuracy:          0.4100 ± 0.1158
[2026-03-31 13:12:13]   Mean Balanced Accuracy: 0.4100 ± 0.1158
