[2026-04-16 14:38:32] Using device: cpu
[2026-04-16 14:38:32] Seed control disabled (CONFIG['set_seed'] = False)
[2026-04-16 14:38:32] ======================================================================
[2026-04-16 14:38:32] CONFIGURATION
[2026-04-16 14:38:32] ======================================================================
[2026-04-16 14:38:32]   artifact_dir: /home/vegorov/Repos/eeg_jepa_research/artifacts/lee-2019-fine-tuning
[2026-04-16 14:38:32]   bandpass_high: 40.0
[2026-04-16 14:38:32]   bandpass_low: 0.5
[2026-04-16 14:38:32]   batch_size: 32
[2026-04-16 14:38:32]   convert_to_uV: True
[2026-04-16 14:38:32]   cv_folds: 5
[2026-04-16 14:38:32]   early_stopping_patience: 50
[2026-04-16 14:38:32]   learning_rate: None
[2026-04-16 14:38:32]   model_name: SignalJEPA_PostLocal
[2026-04-16 14:38:32]   n_epochs: 5000
[2026-04-16 14:38:32]   paradigm: ERP
[2026-04-16 14:38:32]   pretrained_url: https://huggingface.co/braindecode/SignalJEPA/resolve/main/signal-jepa_16s-60_adeuwv4s.pth
[2026-04-16 14:38:32]   seed: None
[2026-04-16 14:38:32]   set_eeg_reference: True
[2026-04-16 14:38:32]   set_seed: False
[2026-04-16 14:38:32]   set_standard_montage: True
[2026-04-16 14:38:32]   sfreq: 128
[2026-04-16 14:38:32]   strategy: new
[2026-04-16 14:38:32]   subjects_to_use: None
[2026-04-16 14:38:32]   val_split: 0.2
[2026-04-16 14:38:32]   warmup_epochs: 10
[2026-04-16 14:38:32]   primary_metric_name: roc_auc
[2026-04-16 14:38:32]   primary_metric_label: ROC-AUC
[2026-04-16 14:38:32] ======================================================================
[2026-04-16 14:38:32] Config saved to: /home/vegorov/Repos/eeg_jepa_research/artifacts/lee-2019-fine-tuning/ERP/20260416_1438_f7ade870/config.json
[2026-04-16 14:38:32] Epoch window configuration:
[2026-04-16 14:38:32]   Target sfreq:                128 Hz
[2026-04-16 14:38:32]   Target duration:             1.190000 s
[2026-04-16 14:38:32]   Window samples (rounded):    152
[2026-04-16 14:38:32]   Base trial samples (1.0 s):  128
[2026-04-16 14:38:32]   Trial stop offset samples:   24
[2026-04-16 14:38:32]   Effective window duration:   1.187500 s
[2026-04-16 14:38:32] Dataset code: Lee2019-ERP
[2026-04-16 14:38:32] Subjects Total: 54
[2026-04-16 14:38:32] Events: {'Target': 1, 'NonTarget': 2}
[2026-04-16 14:38:32] Interval: [0.0, 1.0]
[2026-04-16 14:38:32] Paradigm: p300
[2026-04-16 14:38:32] Selected subjects: [48, 49, 50, 51, 52, 53, 54]
[2026-04-16 14:38:32] Expected evaluation folds: 35

[2026-04-16 14:38:32] Building MOABBDataset for Lee2019_ERP...
[2026-04-16 14:40:17] MOABBDataset recordings loaded: 14
[2026-04-16 14:40:17] Discovered annotation descriptions (first recording): [np.str_('NonTarget'), np.str_('Target')]
[2026-04-16 14:40:17] Dataset event_id mapping: {'Target': 1, 'NonTarget': 2}
[2026-04-16 14:40:17] Label map (event_code -> class_index): {1: 0, 2: 1}
[2026-04-16 14:40:17] Applying Braindecode preprocessors to MOABBDataset...
[2026-04-16 14:40:43] Preprocessing complete.

[2026-04-16 14:40:43] Post-preprocessing validation
[2026-04-16 14:40:43]   Recordings in DATASET: 14
[2026-04-16 14:40:43]   Unique subject IDs:    ['48', '49', '50', '51', '52', '53', '54']
[2026-04-16 14:40:43]   sfreq (first rec):     128.0 Hz
[2026-04-16 14:40:43]   EEG channel count:     62
[2026-04-16 14:40:43]   First 10 channels:     ['Fp1', 'Fp2', 'F7', 'F3', 'Fz', 'F4', 'F8', 'FC5', 'FC1', 'FC2']
[2026-04-16 14:40:43] EEG channel #: 62
[2026-04-16 14:40:43] First 10 EEG channels: ['Fp1', 'Fp2', 'F7', 'F3', 'Fz', 'F4', 'F8', 'FC5', 'FC1', 'FC2']
[2026-04-16 14:40:43] Channel-location ranges (x, y, z):
[2026-04-16 14:40:43]   x: min=-0.087556, max=0.084222, span=0.171778
[2026-04-16 14:40:43]   y: min=-0.082783, max=0.115346, span=0.198129
[2026-04-16 14:40:43]   z: min=-0.013156, max=0.141549, span=0.154705
[2026-04-16 14:40:43] Requested window samples: 152
[2026-04-16 14:40:43] Base trial samples:       128
[2026-04-16 14:40:43] Stop offset samples:      24
[2026-04-16 14:40:43] Global class counts: [23100, 4620]
[2026-04-16 14:40:43] Chance level (2-class): 0.50
[2026-04-16 14:40:43] One window shape: (62, 152)
[2026-04-16 14:40:43] One window label: 0
[2026-04-16 14:40:43] Window sample length expected=152, got=152
[2026-04-16 14:40:43] Subjects in window split: [48, 49, 50, 51, 52, 53, 54]
[2026-04-16 14:40:44] Summarizing per-subject windows...
[2026-04-16 14:40:44]   Subject 48: n_windows=3960, window_shape=(62, 152), class_counts=[3300, 660]
[2026-04-16 14:40:44]   Subject 49: n_windows=3960, window_shape=(62, 152), class_counts=[3300, 660]
[2026-04-16 14:40:44]   Subject 50: n_windows=3960, window_shape=(62, 152), class_counts=[3300, 660]
[2026-04-16 14:40:44]   Subject 51: n_windows=3960, window_shape=(62, 152), class_counts=[3300, 660]
[2026-04-16 14:40:44]   Subject 52: n_windows=3960, window_shape=(62, 152), class_counts=[3300, 660]
[2026-04-16 14:40:44]   Subject 53: n_windows=3960, window_shape=(62, 152), class_counts=[3300, 660]
[2026-04-16 14:40:44]   Subject 54: n_windows=3960, window_shape=(62, 152), class_counts=[3300, 660]
[2026-04-16 14:40:44]    subject_id  n_windows  n_channels  n_times class_counts
0          48       3960          62      152  [3300, 660]
1          49       3960          62      152  [3300, 660]
2          50       3960          62      152  [3300, 660]
3          51       3960          62      152  [3300, 660]
4          52       3960          62      152  [3300, 660]
5          53       3960          62      152  [3300, 660]
6          54       3960          62      152  [3300, 660]
[2026-04-16 14:40:44] Window validation summary:
[2026-04-16 14:40:44]   Subject 48: n_windows=3960 class_counts=[3300, 660]
[2026-04-16 14:40:44]   Subject 49: n_windows=3960 class_counts=[3300, 660]
[2026-04-16 14:40:44]   Subject 50: n_windows=3960 class_counts=[3300, 660]
[2026-04-16 14:40:44]   Subject 51: n_windows=3960 class_counts=[3300, 660]
[2026-04-16 14:40:44]   Subject 52: n_windows=3960 class_counts=[3300, 660]
[2026-04-16 14:40:45]   Subject 53: n_windows=3960 class_counts=[3300, 660]
[2026-04-16 14:40:45]   Subject 54: n_windows=3960 class_counts=[3300, 660]

[2026-04-16 14:40:45] Validated sampling rate target: 128 Hz
[2026-04-16 14:40:45] Validated window sample count:   152
[2026-04-16 14:40:45] Validated window duration:       1.1875 s
[2026-04-16 14:40:45] Validated channel count:         62
[2026-04-16 14:40:45] Total windows retained:          27720
[2026-04-16 14:40:45] Preprocessing sanity checks:
[2026-04-16 14:40:45]   One sample label: 0
[2026-04-16 14:40:45]   One sample shape: (62, 152)
[2026-04-16 14:40:45]   Mean(abs(signal)): 3.551250e+00
[2026-04-16 14:40:45]   Mean(signal):      -9.714848e-09
[2026-04-16 14:40:45]   Std(signal):       4.623938e+00
[2026-04-16 14:40:45] SignalJEPA_PostLocal instantiated successfully.
[2026-04-16 14:40:45]   Total parameters:     14,606
[2026-04-16 14:40:45]   Trainable parameters: 14,606
[2026-04-16 14:40:45] Initializing from 16s-60 pretrained checkpoint (Hugging Face):
[2026-04-16 14:40:45]   https://huggingface.co/braindecode/SignalJEPA/resolve/main/signal-jepa_16s-60_adeuwv4s.pth
[2026-04-16 14:40:45]   Downloaded 179 keys
[2026-04-16 14:40:45] ======================================================================
[2026-04-16 14:40:45] STARTING CROSS-VALIDATION
[2026-04-16 14:40:45] ======================================================================
[2026-04-16 14:40:45] Subjects:      [48, 49, 50, 51, 52, 53, 54]
[2026-04-16 14:40:45] Paradigm:      ERP
[2026-04-16 14:40:45] Model:         SignalJEPA_PostLocal
[2026-04-16 14:40:45] Strategy:      new
[2026-04-16 14:40:45] Warm-up epochs:10
[2026-04-16 14:40:45] CV folds:      5
[2026-04-16 14:40:45] Batch size:    32
[2026-04-16 14:40:45] Max epochs:    5000
[2026-04-16 14:40:45] Device:        cpu
[2026-04-16 14:40:45] Seed control:  False
[2026-04-16 14:40:45] Base seed:     None
[2026-04-16 14:40:45] ERP primary metric: roc_auc
[2026-04-16 14:40:45] ======================================================================

[2026-04-16 14:40:45] Subject 48: 3960 windows | class_counts=[3300, 660]
[2026-04-16 14:40:45]     Downstream model:   SignalJEPA_PostLocal
[2026-04-16 14:40:45]     Fine-tune strategy: new
[2026-04-16 14:40:45]     Warm-up active:     False
[2026-04-16 14:40:45]     Warm-up epochs:     10
[2026-04-16 14:40:45]     Missing keys:       ['final_layer.spat_conv.weight', 'final_layer.spat_conv.bias', 'final_layer.linear.weight', 'final_layer.linear.bias']
[2026-04-16 14:40:45]     Phase 1 (new):
[2026-04-16 14:40:45]       Trainable groups: ['final_layer.']
[2026-04-16 14:40:45]       Trainable params: 766 / 14,606 (5.2%)
[2026-04-16 14:40:45]     Sanity check passed: finite logits/loss on one training batch for SignalJEPA_PostLocal.
[2026-04-16 14:40:56]   Fold 1/5 | best_epoch=14 | stop=64 | val_loss=0.2218 | acc=0.9053 | bal_acc=0.7826 | roc_auc=0.9364
[2026-04-16 14:40:56]     Downstream model:   SignalJEPA_PostLocal
[2026-04-16 14:40:56]     Fine-tune strategy: new
[2026-04-16 14:40:56]     Warm-up active:     False
[2026-04-16 14:40:56]     Warm-up epochs:     10
[2026-04-16 14:40:56]     Missing keys:       ['final_layer.spat_conv.weight', 'final_layer.spat_conv.bias', 'final_layer.linear.weight', 'final_layer.linear.bias']
[2026-04-16 14:40:56]     Phase 1 (new):
[2026-04-16 14:40:56]       Trainable groups: ['final_layer.']
[2026-04-16 14:40:56]       Trainable params: 766 / 14,606 (5.2%)
[2026-04-16 14:40:56]     Sanity check passed: finite logits/loss on one training batch for SignalJEPA_PostLocal.
[2026-04-16 14:41:05]   Fold 2/5 | best_epoch=9 | stop=59 | val_loss=0.2488 | acc=0.8914 | bal_acc=0.7652 | roc_auc=0.9166
[2026-04-16 14:41:06]     Downstream model:   SignalJEPA_PostLocal
[2026-04-16 14:41:06]     Fine-tune strategy: new
[2026-04-16 14:41:06]     Warm-up active:     False
[2026-04-16 14:41:06]     Warm-up epochs:     10
[2026-04-16 14:41:06]     Missing keys:       ['final_layer.spat_conv.weight', 'final_layer.spat_conv.bias', 'final_layer.linear.weight', 'final_layer.linear.bias']
[2026-04-16 14:41:06]     Phase 1 (new):
[2026-04-16 14:41:06]       Trainable groups: ['final_layer.']
[2026-04-16 14:41:06]       Trainable params: 766 / 14,606 (5.2%)
[2026-04-16 14:41:06]     Sanity check passed: finite logits/loss on one training batch for SignalJEPA_PostLocal.
[2026-04-16 14:41:16]   Fold 3/5 | best_epoch=15 | stop=65 | val_loss=0.2166 | acc=0.9129 | bal_acc=0.7902 | roc_auc=0.9473
[2026-04-16 14:41:16]     Downstream model:   SignalJEPA_PostLocal
[2026-04-16 14:41:16]     Fine-tune strategy: new
[2026-04-16 14:41:16]     Warm-up active:     False
[2026-04-16 14:41:16]     Warm-up epochs:     10
[2026-04-16 14:41:16]     Missing keys:       ['final_layer.spat_conv.weight', 'final_layer.spat_conv.bias', 'final_layer.linear.weight', 'final_layer.linear.bias']
[2026-04-16 14:41:16]     Phase 1 (new):
[2026-04-16 14:41:16]       Trainable groups: ['final_layer.']
[2026-04-16 14:41:16]       Trainable params: 766 / 14,606 (5.2%)
[2026-04-16 14:41:16]     Sanity check passed: finite logits/loss on one training batch for SignalJEPA_PostLocal.
[2026-04-16 14:41:27]   Fold 4/5 | best_epoch=14 | stop=64 | val_loss=0.2244 | acc=0.8914 | bal_acc=0.7621 | roc_auc=0.9213
[2026-04-16 14:41:27]     Downstream model:   SignalJEPA_PostLocal
[2026-04-16 14:41:27]     Fine-tune strategy: new
[2026-04-16 14:41:27]     Warm-up active:     False
[2026-04-16 14:41:27]     Warm-up epochs:     10
[2026-04-16 14:41:27]     Missing keys:       ['final_layer.spat_conv.weight', 'final_layer.spat_conv.bias', 'final_layer.linear.weight', 'final_layer.linear.bias']
[2026-04-16 14:41:27]     Phase 1 (new):
[2026-04-16 14:41:27]       Trainable groups: ['final_layer.']
[2026-04-16 14:41:27]       Trainable params: 766 / 14,606 (5.2%)
[2026-04-16 14:41:27]     Sanity check passed: finite logits/loss on one training batch for SignalJEPA_PostLocal.
[2026-04-16 14:41:38]   Fold 5/5 | best_epoch=13 | stop=63 | val_loss=0.2459 | acc=0.8889 | bal_acc=0.7879 | roc_auc=0.9150
[2026-04-16 14:41:38]   Subject 48 summary: acc=0.8980±0.0094  bal_acc=0.7776±0.0117  roc_auc=0.9273±0.0126  primary(roc_auc)=0.9273±0.0126

[2026-04-16 14:41:38] Subject 49: 3960 windows | class_counts=[3300, 660]
[2026-04-16 14:41:38]     Downstream model:   SignalJEPA_PostLocal
[2026-04-16 14:41:38]     Fine-tune strategy: new
[2026-04-16 14:41:38]     Warm-up active:     False
[2026-04-16 14:41:38]     Warm-up epochs:     10
[2026-04-16 14:41:38]     Missing keys:       ['final_layer.spat_conv.weight', 'final_layer.spat_conv.bias', 'final_layer.linear.weight', 'final_layer.linear.bias']
[2026-04-16 14:41:38]     Phase 1 (new):
[2026-04-16 14:41:38]       Trainable groups: ['final_layer.']
[2026-04-16 14:41:38]       Trainable params: 766 / 14,606 (5.2%)
[2026-04-16 14:41:38]     Sanity check passed: finite logits/loss on one training batch for SignalJEPA_PostLocal.
[2026-04-16 14:41:49]   Fold 1/5 | best_epoch=16 | stop=66 | val_loss=0.2584 | acc=0.9003 | bal_acc=0.7886 | roc_auc=0.9222
[2026-04-16 14:41:49]     Downstream model:   SignalJEPA_PostLocal
[2026-04-16 14:41:49]     Fine-tune strategy: new
[2026-04-16 14:41:49]     Warm-up active:     False
[2026-04-16 14:41:49]     Warm-up epochs:     10
[2026-04-16 14:41:49]     Missing keys:       ['final_layer.spat_conv.weight', 'final_layer.spat_conv.bias', 'final_layer.linear.weight', 'final_layer.linear.bias']
[2026-04-16 14:41:49]     Phase 1 (new):
[2026-04-16 14:41:49]       Trainable groups: ['final_layer.']
[2026-04-16 14:41:49]       Trainable params: 766 / 14,606 (5.2%)
[2026-04-16 14:41:49]     Sanity check passed: finite logits/loss on one training batch for SignalJEPA_PostLocal.
[2026-04-16 14:42:00]   Fold 2/5 | best_epoch=15 | stop=65 | val_loss=0.2632 | acc=0.8927 | bal_acc=0.7598 | roc_auc=0.8994
[2026-04-16 14:42:00]     Downstream model:   SignalJEPA_PostLocal
[2026-04-16 14:42:00]     Fine-tune strategy: new
[2026-04-16 14:42:00]     Warm-up active:     False
[2026-04-16 14:42:00]     Warm-up epochs:     10
[2026-04-16 14:42:00]     Missing keys:       ['final_layer.spat_conv.weight', 'final_layer.spat_conv.bias', 'final_layer.linear.weight', 'final_layer.linear.bias']
[2026-04-16 14:42:00]     Phase 1 (new):
[2026-04-16 14:42:00]       Trainable groups: ['final_layer.']
[2026-04-16 14:42:00]       Trainable params: 766 / 14,606 (5.2%)
[2026-04-16 14:42:00]     Sanity check passed: finite logits/loss on one training batch for SignalJEPA_PostLocal.
[2026-04-16 14:42:12]   Fold 3/5 | best_epoch=20 | stop=70 | val_loss=0.2455 | acc=0.9053 | bal_acc=0.8068 | roc_auc=0.9108
[2026-04-16 14:42:12]     Downstream model:   SignalJEPA_PostLocal
[2026-04-16 14:42:12]     Fine-tune strategy: new
[2026-04-16 14:42:12]     Warm-up active:     False
[2026-04-16 14:42:12]     Warm-up epochs:     10
[2026-04-16 14:42:12]     Missing keys:       ['final_layer.spat_conv.weight', 'final_layer.spat_conv.bias', 'final_layer.linear.weight', 'final_layer.linear.bias']
[2026-04-16 14:42:12]     Phase 1 (new):
[2026-04-16 14:42:12]       Trainable groups: ['final_layer.']
[2026-04-16 14:42:12]       Trainable params: 766 / 14,606 (5.2%)
[2026-04-16 14:42:12]     Sanity check passed: finite logits/loss on one training batch for SignalJEPA_PostLocal.
[2026-04-16 14:42:23]   Fold 4/5 | best_epoch=17 | stop=67 | val_loss=0.2631 | acc=0.8990 | bal_acc=0.7758 | roc_auc=0.9046
[2026-04-16 14:42:23]     Downstream model:   SignalJEPA_PostLocal
[2026-04-16 14:42:23]     Fine-tune strategy: new
[2026-04-16 14:42:23]     Warm-up active:     False
[2026-04-16 14:42:23]     Warm-up epochs:     10
[2026-04-16 14:42:23]     Missing keys:       ['final_layer.spat_conv.weight', 'final_layer.spat_conv.bias', 'final_layer.linear.weight', 'final_layer.linear.bias']
[2026-04-16 14:42:23]     Phase 1 (new):
[2026-04-16 14:42:23]       Trainable groups: ['final_layer.']
[2026-04-16 14:42:23]       Trainable params: 766 / 14,606 (5.2%)
[2026-04-16 14:42:23]     Sanity check passed: finite logits/loss on one training batch for SignalJEPA_PostLocal.
[2026-04-16 14:42:35]   Fold 5/5 | best_epoch=21 | stop=71 | val_loss=0.2677 | acc=0.8965 | bal_acc=0.7682 | roc_auc=0.9235
[2026-04-16 14:42:35]   Subject 49 summary: acc=0.8987±0.0042  bal_acc=0.7798±0.0165  roc_auc=0.9121±0.0095  primary(roc_auc)=0.9121±0.0095

[2026-04-16 14:42:35] Subject 50: 3960 windows | class_counts=[3300, 660]
[2026-04-16 14:42:35]     Downstream model:   SignalJEPA_PostLocal
[2026-04-16 14:42:35]     Fine-tune strategy: new
[2026-04-16 14:42:35]     Warm-up active:     False
[2026-04-16 14:42:35]     Warm-up epochs:     10
[2026-04-16 14:42:35]     Missing keys:       ['final_layer.spat_conv.weight', 'final_layer.spat_conv.bias', 'final_layer.linear.weight', 'final_layer.linear.bias']
[2026-04-16 14:42:35]     Phase 1 (new):
[2026-04-16 14:42:35]       Trainable groups: ['final_layer.']
[2026-04-16 14:42:35]       Trainable params: 766 / 14,606 (5.2%)
[2026-04-16 14:42:35]     Sanity check passed: finite logits/loss on one training batch for SignalJEPA_PostLocal.
[2026-04-16 14:42:46]   Fold 1/5 | best_epoch=11 | stop=61 | val_loss=0.3170 | acc=0.8876 | bal_acc=0.7205 | roc_auc=0.8980
[2026-04-16 14:42:46]     Downstream model:   SignalJEPA_PostLocal
[2026-04-16 14:42:46]     Fine-tune strategy: new
[2026-04-16 14:42:46]     Warm-up active:     False
[2026-04-16 14:42:46]     Warm-up epochs:     10
[2026-04-16 14:42:46]     Missing keys:       ['final_layer.spat_conv.weight', 'final_layer.spat_conv.bias', 'final_layer.linear.weight', 'final_layer.linear.bias']
[2026-04-16 14:42:46]     Phase 1 (new):
[2026-04-16 14:42:46]       Trainable groups: ['final_layer.']
[2026-04-16 14:42:46]       Trainable params: 766 / 14,606 (5.2%)
[2026-04-16 14:42:46]     Sanity check passed: finite logits/loss on one training batch for SignalJEPA_PostLocal.
[2026-04-16 14:42:57]   Fold 2/5 | best_epoch=16 | stop=66 | val_loss=0.3003 | acc=0.8763 | bal_acc=0.7258 | roc_auc=0.8870
[2026-04-16 14:42:57]     Downstream model:   SignalJEPA_PostLocal
[2026-04-16 14:42:57]     Fine-tune strategy: new
[2026-04-16 14:42:57]     Warm-up active:     False
[2026-04-16 14:42:57]     Warm-up epochs:     10
[2026-04-16 14:42:57]     Missing keys:       ['final_layer.spat_conv.weight', 'final_layer.spat_conv.bias', 'final_layer.linear.weight', 'final_layer.linear.bias']
[2026-04-16 14:42:57]     Phase 1 (new):
[2026-04-16 14:42:57]       Trainable groups: ['final_layer.']
[2026-04-16 14:42:57]       Trainable params: 766 / 14,606 (5.2%)
[2026-04-16 14:42:57]     Sanity check passed: finite logits/loss on one training batch for SignalJEPA_PostLocal.
[2026-04-16 14:43:08]   Fold 3/5 | best_epoch=16 | stop=66 | val_loss=0.2651 | acc=0.8927 | bal_acc=0.7477 | roc_auc=0.8966
[2026-04-16 14:43:08]     Downstream model:   SignalJEPA_PostLocal
[2026-04-16 14:43:08]     Fine-tune strategy: new
[2026-04-16 14:43:08]     Warm-up active:     False
[2026-04-16 14:43:08]     Warm-up epochs:     10
[2026-04-16 14:43:08]     Missing keys:       ['final_layer.spat_conv.weight', 'final_layer.spat_conv.bias', 'final_layer.linear.weight', 'final_layer.linear.bias']
[2026-04-16 14:43:08]     Phase 1 (new):
[2026-04-16 14:43:08]       Trainable groups: ['final_layer.']
[2026-04-16 14:43:08]       Trainable params: 766 / 14,606 (5.2%)
[2026-04-16 14:43:08]     Sanity check passed: finite logits/loss on one training batch for SignalJEPA_PostLocal.
[2026-04-16 14:43:18]   Fold 4/5 | best_epoch=14 | stop=64 | val_loss=0.3042 | acc=0.8712 | bal_acc=0.7197 | roc_auc=0.8637
[2026-04-16 14:43:18]     Downstream model:   SignalJEPA_PostLocal
[2026-04-16 14:43:18]     Fine-tune strategy: new
[2026-04-16 14:43:18]     Warm-up active:     False
[2026-04-16 14:43:18]     Warm-up epochs:     10
[2026-04-16 14:43:18]     Missing keys:       ['final_layer.spat_conv.weight', 'final_layer.spat_conv.bias', 'final_layer.linear.weight', 'final_layer.linear.bias']
[2026-04-16 14:43:18]     Phase 1 (new):
[2026-04-16 14:43:18]       Trainable groups: ['final_layer.']
[2026-04-16 14:43:18]       Trainable params: 766 / 14,606 (5.2%)
[2026-04-16 14:43:18]     Sanity check passed: finite logits/loss on one training batch for SignalJEPA_PostLocal.
[2026-04-16 14:43:29]   Fold 5/5 | best_epoch=16 | stop=66 | val_loss=0.2801 | acc=0.8788 | bal_acc=0.7182 | roc_auc=0.8764
[2026-04-16 14:43:29]   Subject 50 summary: acc=0.8813±0.0078  bal_acc=0.7264±0.0110  roc_auc=0.8844±0.0129  primary(roc_auc)=0.8844±0.0129

[2026-04-16 14:43:29] Subject 51: 3960 windows | class_counts=[3300, 660]
[2026-04-16 14:43:29]     Downstream model:   SignalJEPA_PostLocal
[2026-04-16 14:43:29]     Fine-tune strategy: new
[2026-04-16 14:43:29]     Warm-up active:     False
[2026-04-16 14:43:29]     Warm-up epochs:     10
[2026-04-16 14:43:29]     Missing keys:       ['final_layer.spat_conv.weight', 'final_layer.spat_conv.bias', 'final_layer.linear.weight', 'final_layer.linear.bias']
[2026-04-16 14:43:29]     Phase 1 (new):
[2026-04-16 14:43:29]       Trainable groups: ['final_layer.']
[2026-04-16 14:43:29]       Trainable params: 766 / 14,606 (5.2%)
[2026-04-16 14:43:29]     Sanity check passed: finite logits/loss on one training batch for SignalJEPA_PostLocal.
[2026-04-16 14:43:40]   Fold 1/5 | best_epoch=15 | stop=65 | val_loss=0.3745 | acc=0.8396 | bal_acc=0.6311 | roc_auc=0.7719
[2026-04-16 14:43:40]     Downstream model:   SignalJEPA_PostLocal
[2026-04-16 14:43:40]     Fine-tune strategy: new
[2026-04-16 14:43:40]     Warm-up active:     False
[2026-04-16 14:43:40]     Warm-up epochs:     10
[2026-04-16 14:43:40]     Missing keys:       ['final_layer.spat_conv.weight', 'final_layer.spat_conv.bias', 'final_layer.linear.weight', 'final_layer.linear.bias']
[2026-04-16 14:43:40]     Phase 1 (new):
[2026-04-16 14:43:40]       Trainable groups: ['final_layer.']
[2026-04-16 14:43:40]       Trainable params: 766 / 14,606 (5.2%)
[2026-04-16 14:43:40]     Sanity check passed: finite logits/loss on one training batch for SignalJEPA_PostLocal.
[2026-04-16 14:43:50]   Fold 2/5 | best_epoch=11 | stop=61 | val_loss=0.3814 | acc=0.8548 | bal_acc=0.6341 | roc_auc=0.7914
[2026-04-16 14:43:50]     Downstream model:   SignalJEPA_PostLocal
[2026-04-16 14:43:50]     Fine-tune strategy: new
[2026-04-16 14:43:50]     Warm-up active:     False
[2026-04-16 14:43:50]     Warm-up epochs:     10
[2026-04-16 14:43:50]     Missing keys:       ['final_layer.spat_conv.weight', 'final_layer.spat_conv.bias', 'final_layer.linear.weight', 'final_layer.linear.bias']
[2026-04-16 14:43:50]     Phase 1 (new):
[2026-04-16 14:43:50]       Trainable groups: ['final_layer.']
[2026-04-16 14:43:50]       Trainable params: 766 / 14,606 (5.2%)
[2026-04-16 14:43:50]     Sanity check passed: finite logits/loss on one training batch for SignalJEPA_PostLocal.
[2026-04-16 14:44:00]   Fold 3/5 | best_epoch=9 | stop=59 | val_loss=0.3884 | acc=0.8371 | bal_acc=0.5902 | roc_auc=0.7793
[2026-04-16 14:44:00]     Downstream model:   SignalJEPA_PostLocal
[2026-04-16 14:44:00]     Fine-tune strategy: new
[2026-04-16 14:44:00]     Warm-up active:     False
[2026-04-16 14:44:00]     Warm-up epochs:     10
[2026-04-16 14:44:00]     Missing keys:       ['final_layer.spat_conv.weight', 'final_layer.spat_conv.bias', 'final_layer.linear.weight', 'final_layer.linear.bias']
[2026-04-16 14:44:00]     Phase 1 (new):
[2026-04-16 14:44:00]       Trainable groups: ['final_layer.']
[2026-04-16 14:44:00]       Trainable params: 766 / 14,606 (5.2%)
[2026-04-16 14:44:00]     Sanity check passed: finite logits/loss on one training batch for SignalJEPA_PostLocal.
[2026-04-16 14:44:10]   Fold 4/5 | best_epoch=8 | stop=58 | val_loss=0.3995 | acc=0.8447 | bal_acc=0.5795 | roc_auc=0.7741
[2026-04-16 14:44:10]     Downstream model:   SignalJEPA_PostLocal
[2026-04-16 14:44:10]     Fine-tune strategy: new
[2026-04-16 14:44:10]     Warm-up active:     False
[2026-04-16 14:44:10]     Warm-up epochs:     10
[2026-04-16 14:44:10]     Missing keys:       ['final_layer.spat_conv.weight', 'final_layer.spat_conv.bias', 'final_layer.linear.weight', 'final_layer.linear.bias']
[2026-04-16 14:44:10]     Phase 1 (new):
[2026-04-16 14:44:10]       Trainable groups: ['final_layer.']
[2026-04-16 14:44:10]       Trainable params: 766 / 14,606 (5.2%)
[2026-04-16 14:44:10]     Sanity check passed: finite logits/loss on one training batch for SignalJEPA_PostLocal.
[2026-04-16 14:44:19]   Fold 5/5 | best_epoch=6 | stop=56 | val_loss=0.3945 | acc=0.8485 | bal_acc=0.5697 | roc_auc=0.7574
[2026-04-16 14:44:19]   Subject 51 summary: acc=0.8449±0.0063  bal_acc=0.6009±0.0267  roc_auc=0.7748±0.0110  primary(roc_auc)=0.7748±0.0110

[2026-04-16 14:44:19] Subject 52: 3960 windows | class_counts=[3300, 660]
[2026-04-16 14:44:19]     Downstream model:   SignalJEPA_PostLocal
[2026-04-16 14:44:19]     Fine-tune strategy: new
[2026-04-16 14:44:19]     Warm-up active:     False
[2026-04-16 14:44:19]     Warm-up epochs:     10
[2026-04-16 14:44:19]     Missing keys:       ['final_layer.spat_conv.weight', 'final_layer.spat_conv.bias', 'final_layer.linear.weight', 'final_layer.linear.bias']
[2026-04-16 14:44:19]     Phase 1 (new):
[2026-04-16 14:44:19]       Trainable groups: ['final_layer.']
[2026-04-16 14:44:19]       Trainable params: 766 / 14,606 (5.2%)
[2026-04-16 14:44:19]     Sanity check passed: finite logits/loss on one training batch for SignalJEPA_PostLocal.
[2026-04-16 14:44:30]   Fold 1/5 | best_epoch=15 | stop=65 | val_loss=0.3157 | acc=0.8838 | bal_acc=0.7636 | roc_auc=0.8825
[2026-04-16 14:44:30]     Downstream model:   SignalJEPA_PostLocal
[2026-04-16 14:44:30]     Fine-tune strategy: new
[2026-04-16 14:44:30]     Warm-up active:     False
[2026-04-16 14:44:30]     Warm-up epochs:     10
[2026-04-16 14:44:30]     Missing keys:       ['final_layer.spat_conv.weight', 'final_layer.spat_conv.bias', 'final_layer.linear.weight', 'final_layer.linear.bias']
[2026-04-16 14:44:30]     Phase 1 (new):
[2026-04-16 14:44:30]       Trainable groups: ['final_layer.']
[2026-04-16 14:44:30]       Trainable params: 766 / 14,606 (5.2%)
[2026-04-16 14:44:30]     Sanity check passed: finite logits/loss on one training batch for SignalJEPA_PostLocal.
[2026-04-16 14:44:42]   Fold 2/5 | best_epoch=19 | stop=69 | val_loss=0.2647 | acc=0.9003 | bal_acc=0.7644 | roc_auc=0.9057
[2026-04-16 14:44:42]     Downstream model:   SignalJEPA_PostLocal
[2026-04-16 14:44:42]     Fine-tune strategy: new
[2026-04-16 14:44:42]     Warm-up active:     False
[2026-04-16 14:44:42]     Warm-up epochs:     10
[2026-04-16 14:44:42]     Missing keys:       ['final_layer.spat_conv.weight', 'final_layer.spat_conv.bias', 'final_layer.linear.weight', 'final_layer.linear.bias']
[2026-04-16 14:44:42]     Phase 1 (new):
[2026-04-16 14:44:42]       Trainable groups: ['final_layer.']
[2026-04-16 14:44:42]       Trainable params: 766 / 14,606 (5.2%)
[2026-04-16 14:44:42]     Sanity check passed: finite logits/loss on one training batch for SignalJEPA_PostLocal.
[2026-04-16 14:44:53]   Fold 3/5 | best_epoch=13 | stop=63 | val_loss=0.3141 | acc=0.8750 | bal_acc=0.7553 | roc_auc=0.8736
[2026-04-16 14:44:53]     Downstream model:   SignalJEPA_PostLocal
[2026-04-16 14:44:53]     Fine-tune strategy: new
[2026-04-16 14:44:53]     Warm-up active:     False
[2026-04-16 14:44:53]     Warm-up epochs:     10
[2026-04-16 14:44:53]     Missing keys:       ['final_layer.spat_conv.weight', 'final_layer.spat_conv.bias', 'final_layer.linear.weight', 'final_layer.linear.bias']
[2026-04-16 14:44:53]     Phase 1 (new):
[2026-04-16 14:44:53]       Trainable groups: ['final_layer.']
[2026-04-16 14:44:53]       Trainable params: 766 / 14,606 (5.2%)
[2026-04-16 14:44:53]     Sanity check passed: finite logits/loss on one training batch for SignalJEPA_PostLocal.
[2026-04-16 14:45:05]   Fold 4/5 | best_epoch=23 | stop=73 | val_loss=0.2957 | acc=0.8775 | bal_acc=0.7417 | roc_auc=0.8698
[2026-04-16 14:45:05]     Downstream model:   SignalJEPA_PostLocal
[2026-04-16 14:45:05]     Fine-tune strategy: new
[2026-04-16 14:45:05]     Warm-up active:     False
[2026-04-16 14:45:05]     Warm-up epochs:     10
[2026-04-16 14:45:05]     Missing keys:       ['final_layer.spat_conv.weight', 'final_layer.spat_conv.bias', 'final_layer.linear.weight', 'final_layer.linear.bias']
[2026-04-16 14:45:05]     Phase 1 (new):
[2026-04-16 14:45:05]       Trainable groups: ['final_layer.']
[2026-04-16 14:45:05]       Trainable params: 766 / 14,606 (5.2%)
[2026-04-16 14:45:05]     Sanity check passed: finite logits/loss on one training batch for SignalJEPA_PostLocal.
[2026-04-16 14:45:16]   Fold 5/5 | best_epoch=17 | stop=67 | val_loss=0.2808 | acc=0.9015 | bal_acc=0.7561 | roc_auc=0.8999
[2026-04-16 14:45:16]   Subject 52 summary: acc=0.8876±0.0112  bal_acc=0.7562±0.0082  roc_auc=0.8863±0.0142  primary(roc_auc)=0.8863±0.0142

[2026-04-16 14:45:16] Subject 53: 3960 windows | class_counts=[3300, 660]
[2026-04-16 14:45:16]     Downstream model:   SignalJEPA_PostLocal
[2026-04-16 14:45:16]     Fine-tune strategy: new
[2026-04-16 14:45:16]     Warm-up active:     False
[2026-04-16 14:45:16]     Warm-up epochs:     10
[2026-04-16 14:45:16]     Missing keys:       ['final_layer.spat_conv.weight', 'final_layer.spat_conv.bias', 'final_layer.linear.weight', 'final_layer.linear.bias']
[2026-04-16 14:45:16]     Phase 1 (new):
[2026-04-16 14:45:16]       Trainable groups: ['final_layer.']
[2026-04-16 14:45:16]       Trainable params: 766 / 14,606 (5.2%)
[2026-04-16 14:45:16]     Sanity check passed: finite logits/loss on one training batch for SignalJEPA_PostLocal.
[2026-04-16 14:45:28]   Fold 1/5 | best_epoch=19 | stop=69 | val_loss=0.3246 | acc=0.8497 | bal_acc=0.6826 | roc_auc=0.8260
[2026-04-16 14:45:28]     Downstream model:   SignalJEPA_PostLocal
[2026-04-16 14:45:28]     Fine-tune strategy: new
[2026-04-16 14:45:28]     Warm-up active:     False
[2026-04-16 14:45:28]     Warm-up epochs:     10
[2026-04-16 14:45:28]     Missing keys:       ['final_layer.spat_conv.weight', 'final_layer.spat_conv.bias', 'final_layer.linear.weight', 'final_layer.linear.bias']
[2026-04-16 14:45:28]     Phase 1 (new):
[2026-04-16 14:45:28]       Trainable groups: ['final_layer.']
[2026-04-16 14:45:28]       Trainable params: 766 / 14,606 (5.2%)
[2026-04-16 14:45:28]     Sanity check passed: finite logits/loss on one training batch for SignalJEPA_PostLocal.
[2026-04-16 14:45:38]   Fold 2/5 | best_epoch=14 | stop=64 | val_loss=0.3243 | acc=0.8636 | bal_acc=0.6818 | roc_auc=0.8350
[2026-04-16 14:45:38]     Downstream model:   SignalJEPA_PostLocal
[2026-04-16 14:45:38]     Fine-tune strategy: new
[2026-04-16 14:45:38]     Warm-up active:     False
[2026-04-16 14:45:38]     Warm-up epochs:     10
[2026-04-16 14:45:38]     Missing keys:       ['final_layer.spat_conv.weight', 'final_layer.spat_conv.bias', 'final_layer.linear.weight', 'final_layer.linear.bias']
[2026-04-16 14:45:38]     Phase 1 (new):
[2026-04-16 14:45:38]       Trainable groups: ['final_layer.']
[2026-04-16 14:45:38]       Trainable params: 766 / 14,606 (5.2%)
[2026-04-16 14:45:38]     Sanity check passed: finite logits/loss on one training batch for SignalJEPA_PostLocal.
[2026-04-16 14:45:49]   Fold 3/5 | best_epoch=13 | stop=63 | val_loss=0.3307 | acc=0.8535 | bal_acc=0.6667 | roc_auc=0.8298
[2026-04-16 14:45:49]     Downstream model:   SignalJEPA_PostLocal
[2026-04-16 14:45:49]     Fine-tune strategy: new
[2026-04-16 14:45:49]     Warm-up active:     False
[2026-04-16 14:45:49]     Warm-up epochs:     10
[2026-04-16 14:45:49]     Missing keys:       ['final_layer.spat_conv.weight', 'final_layer.spat_conv.bias', 'final_layer.linear.weight', 'final_layer.linear.bias']
[2026-04-16 14:45:49]     Phase 1 (new):
[2026-04-16 14:45:49]       Trainable groups: ['final_layer.']
[2026-04-16 14:45:49]       Trainable params: 766 / 14,606 (5.2%)
[2026-04-16 14:45:49]     Sanity check passed: finite logits/loss on one training batch for SignalJEPA_PostLocal.
[2026-04-16 14:45:58]   Fold 4/5 | best_epoch=10 | stop=60 | val_loss=0.3342 | acc=0.8712 | bal_acc=0.6803 | roc_auc=0.8661
[2026-04-16 14:45:58]     Downstream model:   SignalJEPA_PostLocal
[2026-04-16 14:45:58]     Fine-tune strategy: new
[2026-04-16 14:45:58]     Warm-up active:     False
[2026-04-16 14:45:58]     Warm-up epochs:     10
[2026-04-16 14:45:58]     Missing keys:       ['final_layer.spat_conv.weight', 'final_layer.spat_conv.bias', 'final_layer.linear.weight', 'final_layer.linear.bias']
[2026-04-16 14:45:58]     Phase 1 (new):
[2026-04-16 14:45:58]       Trainable groups: ['final_layer.']
[2026-04-16 14:45:58]       Trainable params: 766 / 14,606 (5.2%)
[2026-04-16 14:45:58]     Sanity check passed: finite logits/loss on one training batch for SignalJEPA_PostLocal.
[2026-04-16 14:46:10]   Fold 5/5 | best_epoch=20 | stop=70 | val_loss=0.3175 | acc=0.8788 | bal_acc=0.6970 | roc_auc=0.8743
[2026-04-16 14:46:10]   Subject 53 summary: acc=0.8634±0.0108  bal_acc=0.6817±0.0096  roc_auc=0.8462±0.0199  primary(roc_auc)=0.8462±0.0199

[2026-04-16 14:46:10] Subject 54: 3960 windows | class_counts=[3300, 660]
[2026-04-16 14:46:10]     Downstream model:   SignalJEPA_PostLocal
[2026-04-16 14:46:10]     Fine-tune strategy: new
[2026-04-16 14:46:10]     Warm-up active:     False
[2026-04-16 14:46:10]     Warm-up epochs:     10
[2026-04-16 14:46:10]     Missing keys:       ['final_layer.spat_conv.weight', 'final_layer.spat_conv.bias', 'final_layer.linear.weight', 'final_layer.linear.bias']
[2026-04-16 14:46:10]     Phase 1 (new):
[2026-04-16 14:46:10]       Trainable groups: ['final_layer.']
[2026-04-16 14:46:10]       Trainable params: 766 / 14,606 (5.2%)
[2026-04-16 14:46:10]     Sanity check passed: finite logits/loss on one training batch for SignalJEPA_PostLocal.
[2026-04-16 14:46:20]   Fold 1/5 | best_epoch=12 | stop=62 | val_loss=0.3033 | acc=0.8725 | bal_acc=0.7235 | roc_auc=0.8596
[2026-04-16 14:46:20]     Downstream model:   SignalJEPA_PostLocal
[2026-04-16 14:46:20]     Fine-tune strategy: new
[2026-04-16 14:46:20]     Warm-up active:     False
[2026-04-16 14:46:20]     Warm-up epochs:     10
[2026-04-16 14:46:20]     Missing keys:       ['final_layer.spat_conv.weight', 'final_layer.spat_conv.bias', 'final_layer.linear.weight', 'final_layer.linear.bias']
[2026-04-16 14:46:20]     Phase 1 (new):
[2026-04-16 14:46:20]       Trainable groups: ['final_layer.']
[2026-04-16 14:46:20]       Trainable params: 766 / 14,606 (5.2%)
[2026-04-16 14:46:20]     Sanity check passed: finite logits/loss on one training batch for SignalJEPA_PostLocal.
[2026-04-16 14:46:30]   Fold 2/5 | best_epoch=10 | stop=60 | val_loss=0.3151 | acc=0.8737 | bal_acc=0.7424 | roc_auc=0.8751
[2026-04-16 14:46:30]     Downstream model:   SignalJEPA_PostLocal
[2026-04-16 14:46:30]     Fine-tune strategy: new
[2026-04-16 14:46:30]     Warm-up active:     False
[2026-04-16 14:46:30]     Warm-up epochs:     10
[2026-04-16 14:46:30]     Missing keys:       ['final_layer.spat_conv.weight', 'final_layer.spat_conv.bias', 'final_layer.linear.weight', 'final_layer.linear.bias']
[2026-04-16 14:46:30]     Phase 1 (new):
[2026-04-16 14:46:30]       Trainable groups: ['final_layer.']
[2026-04-16 14:46:30]       Trainable params: 766 / 14,606 (5.2%)
[2026-04-16 14:46:30]     Sanity check passed: finite logits/loss on one training batch for SignalJEPA_PostLocal.
[2026-04-16 14:46:41]   Fold 3/5 | best_epoch=11 | stop=61 | val_loss=0.3255 | acc=0.8725 | bal_acc=0.7114 | roc_auc=0.8827
[2026-04-16 14:46:41]     Downstream model:   SignalJEPA_PostLocal
[2026-04-16 14:46:41]     Fine-tune strategy: new
[2026-04-16 14:46:41]     Warm-up active:     False
[2026-04-16 14:46:41]     Warm-up epochs:     10
[2026-04-16 14:46:41]     Missing keys:       ['final_layer.spat_conv.weight', 'final_layer.spat_conv.bias', 'final_layer.linear.weight', 'final_layer.linear.bias']
[2026-04-16 14:46:41]     Phase 1 (new):
[2026-04-16 14:46:41]       Trainable groups: ['final_layer.']
[2026-04-16 14:46:41]       Trainable params: 766 / 14,606 (5.2%)
[2026-04-16 14:46:41]     Sanity check passed: finite logits/loss on one training batch for SignalJEPA_PostLocal.
[2026-04-16 14:46:52]   Fold 4/5 | best_epoch=19 | stop=68 | val_loss=0.2901 | acc=0.8813 | bal_acc=0.7530 | roc_auc=0.8843
[2026-04-16 14:46:52]     Downstream model:   SignalJEPA_PostLocal
[2026-04-16 14:46:52]     Fine-tune strategy: new
[2026-04-16 14:46:52]     Warm-up active:     False
[2026-04-16 14:46:52]     Warm-up epochs:     10
[2026-04-16 14:46:52]     Missing keys:       ['final_layer.spat_conv.weight', 'final_layer.spat_conv.bias', 'final_layer.linear.weight', 'final_layer.linear.bias']
[2026-04-16 14:46:52]     Phase 1 (new):
[2026-04-16 14:46:52]       Trainable groups: ['final_layer.']
[2026-04-16 14:46:52]       Trainable params: 766 / 14,606 (5.2%)
[2026-04-16 14:46:52]     Sanity check passed: finite logits/loss on one training batch for SignalJEPA_PostLocal.
[2026-04-16 14:47:02]   Fold 5/5 | best_epoch=12 | stop=62 | val_loss=0.3028 | acc=0.8611 | bal_acc=0.6470 | roc_auc=0.8475
[2026-04-16 14:47:02]   Subject 54 summary: acc=0.8722±0.0065  bal_acc=0.7155±0.0372  roc_auc=0.8698±0.0142  primary(roc_auc)=0.8698±0.0142

[2026-04-16 14:47:02] Total folds completed: 35
[2026-04-16 14:47:02] ======================================================================
[2026-04-16 14:47:02] AGGREGATED RESULTS
[2026-04-16 14:47:02] ======================================================================
[2026-04-16 14:47:02]   Subject 48:  acc=0.8980±0.0094  bal_acc=0.7776±0.0117  roc_auc=0.9273±0.0126  primary(roc_auc)=0.9273±0.0126
[2026-04-16 14:47:02]   Subject 49:  acc=0.8987±0.0042  bal_acc=0.7798±0.0165  roc_auc=0.9121±0.0095  primary(roc_auc)=0.9121±0.0095
[2026-04-16 14:47:02]   Subject 50:  acc=0.8813±0.0078  bal_acc=0.7264±0.0110  roc_auc=0.8844±0.0129  primary(roc_auc)=0.8844±0.0129
[2026-04-16 14:47:02]   Subject 51:  acc=0.8449±0.0063  bal_acc=0.6009±0.0267  roc_auc=0.7748±0.0110  primary(roc_auc)=0.7748±0.0110
[2026-04-16 14:47:02]   Subject 52:  acc=0.8876±0.0112  bal_acc=0.7562±0.0082  roc_auc=0.8863±0.0142  primary(roc_auc)=0.8863±0.0142
[2026-04-16 14:47:02]   Subject 53:  acc=0.8634±0.0108  bal_acc=0.6817±0.0096  roc_auc=0.8462±0.0199  primary(roc_auc)=0.8462±0.0199
[2026-04-16 14:47:02]   Subject 54:  acc=0.8722±0.0065  bal_acc=0.7155±0.0372  roc_auc=0.8698±0.0142  primary(roc_auc)=0.8698±0.0142
[2026-04-16 14:47:02] ----------------------------------------------------------------------
[2026-04-16 14:47:02]   OVERALL:      acc=0.8780±0.0199  bal_acc=0.7197±0.0618  roc_auc=0.8716±0.0485
[2026-04-16 14:47:02]   PRIMARY (roc_auc): 0.8716±0.0485
[2026-04-16 14:47:02] ======================================================================
[2026-04-16 14:47:02] CV results saved to:      /home/vegorov/Repos/eeg_jepa_research/artifacts/lee-2019-fine-tuning/ERP/20260416_1438_f7ade870/cv_results.json
[2026-04-16 14:47:02] Subject metrics saved to: /home/vegorov/Repos/eeg_jepa_research/artifacts/lee-2019-fine-tuning/ERP/20260416_1438_f7ade870/subject_metrics.json
[2026-04-16 14:47:02] Global metrics saved to:  /home/vegorov/Repos/eeg_jepa_research/artifacts/lee-2019-fine-tuning/ERP/20260416_1438_f7ade870/global_metrics.json
[2026-04-16 14:47:02] Run metadata saved to:    /home/vegorov/Repos/eeg_jepa_research/artifacts/lee-2019-fine-tuning/ERP/20260416_1438_f7ade870/run_metadata.json

[2026-04-16 14:47:02] All artifacts in: /home/vegorov/Repos/eeg_jepa_research/artifacts/lee-2019-fine-tuning/ERP/20260416_1438_f7ade870

[2026-04-16 14:47:02] ======================================================================
[2026-04-16 14:47:02] EXPERIMENT SUMMARY
[2026-04-16 14:47:02] ======================================================================
[2026-04-16 14:47:02] Run ID:    20260416_1438_f7ade870
[2026-04-16 14:47:02] Artifacts: /home/vegorov/Repos/eeg_jepa_research/artifacts/lee-2019-fine-tuning/ERP/20260416_1438_f7ade870

[2026-04-16 14:47:02] Configuration:
[2026-04-16 14:47:02]   Subjects:          [48, 49, 50, 51, 52, 53, 54]
[2026-04-16 14:47:02]   Paradigm:          ERP
[2026-04-16 14:47:02]   Model:             SignalJEPA_PostLocal
[2026-04-16 14:47:02]   Strategy:          new
[2026-04-16 14:47:02]   Warm-up epochs:    10
[2026-04-16 14:47:02]   Bandpass:          0.5-40.0 Hz
[2026-04-16 14:47:02]   Resample:          128 Hz
[2026-04-16 14:47:02]   CV folds:          5
[2026-04-16 14:47:02]   Learning rate:     None
[2026-04-16 14:47:02]   Batch size:        32
[2026-04-16 14:47:02]   Max epochs:        5000
[2026-04-16 14:47:02]   Primary metric:    roc_auc

[2026-04-16 14:47:02] Results:
[2026-04-16 14:47:02]   Mean Accuracy:          0.8780 ± 0.0199
[2026-04-16 14:47:02]   Mean Balanced Accuracy: 0.7197 ± 0.0618
[2026-04-16 14:47:02]   Mean ROC-AUC:           0.8716 ± 0.0485
[2026-04-16 14:47:02]   Primary (roc_auc): 0.8716 ± 0.0485
