[2026-04-08 15:33:16] Using device: cpu
[2026-04-08 15:33:16] Seed control enabled: True
[2026-04-08 15:33:16] Base seed: 5
[2026-04-08 15:33:17] Seed initialized: 5
[2026-04-08 15:33:17] ======================================================================
[2026-04-08 15:33:17] CONFIGURATION
[2026-04-08 15:33:17] ======================================================================
[2026-04-08 15:33:17]   artifact_dir: /home/vegorov/Repos/eeg_jepa_research/artifacts/lee-2019-fine-tuning
[2026-04-08 15:33:17]   bandpass_high: 40.0
[2026-04-08 15:33:17]   bandpass_low: 0.5
[2026-04-08 15:33:17]   batch_size: 16
[2026-04-08 15:33:17]   convert_to_uV: True
[2026-04-08 15:33:17]   criterion: None
[2026-04-08 15:33:17]   cv_folds: 5
[2026-04-08 15:33:17]   device: auto
[2026-04-08 15:33:17]   early_stopping_patience: 50
[2026-04-08 15:33:17]   learning_rate: 0.005
[2026-04-08 15:33:17]   n_epochs: 5000
[2026-04-08 15:33:17]   normalization_method: None
[2026-04-08 15:33:17]   normalize: False
[2026-04-08 15:33:17]   optimizer: Adam
[2026-04-08 15:33:17]   paradigm: SSVEP
[2026-04-08 15:33:17]   pretrained_url: https://huggingface.co/braindecode/SignalJEPA/resolve/main/signal-jepa_16s-60_adeuwv4s.pth
[2026-04-08 15:33:17]   seed: 5
[2026-04-08 15:33:17]   set_eeg_reference: True
[2026-04-08 15:33:17]   set_seed: True
[2026-04-08 15:33:17]   sfreq: 128
[2026-04-08 15:33:17]   subjects_to_use: None
[2026-04-08 15:33:17]   val_split: 0.2
[2026-04-08 15:33:17] ======================================================================
[2026-04-08 15:33:17] Config saved to: /home/vegorov/Repos/eeg_jepa_research/artifacts/lee-2019-fine-tuning/SSVEP/20260408_1533_6fe9c54d/config.json
[2026-04-08 15:33:17] Epoch window configuration:
[2026-04-08 15:33:17]   Target sfreq:                128 Hz
[2026-04-08 15:33:17]   Target duration:             4.190000 s
[2026-04-08 15:33:17]   Window samples (rounded):    536
[2026-04-08 15:33:17]   Base trial samples (4.0 s):  512
[2026-04-08 15:33:17]   Trial stop offset samples:   24
[2026-04-08 15:33:17]   Effective window duration:   4.187500 s
[2026-04-08 15:33:17] Dataset code: Lee2019-SSVEP
[2026-04-08 15:33:17] Subjects Total: 54
[2026-04-08 15:33:17] Events: {'12.0': 1, '8.57': 2, '6.67': 3, '5.45': 4}
[2026-04-08 15:33:17] Interval: [0.0, 4.0]
[2026-04-08 15:33:17] Paradigm: ssvep
[2026-04-08 15:33:17] Selected subjects: [48, 49, 50, 51, 52, 53, 54]
[2026-04-08 15:33:17] Expected evaluation folds: 35

[2026-04-08 15:33:17] Building MOABBDataset for Lee2019_SSVEP...
[2026-04-08 15:34:19] MOABBDataset recordings loaded: 7
[2026-04-08 15:34:19] Discovered annotation descriptions (first recording): [np.str_('12.0'), np.str_('5.45'), np.str_('6.67'), np.str_('8.57')]
[2026-04-08 15:34:19] Dataset event_id mapping: {'12.0': 1, '8.57': 2, '6.67': 3, '5.45': 4}
[2026-04-08 15:34:19] Label map (event_code -> class_index): {1: 0, 2: 1, 3: 2, 4: 3}
[2026-04-08 15:34:19] Applying Braindecode preprocessors to MOABBDataset...
[2026-04-08 15:34:40] Preprocessing complete.

[2026-04-08 15:34:40] Post-preprocessing validation
[2026-04-08 15:34:40]   Recordings in DATASET: 7
[2026-04-08 15:34:40]   Unique subject IDs:    ['48', '49', '50', '51', '52', '53', '54']
[2026-04-08 15:34:40]   sfreq (first rec):     128.0 Hz
[2026-04-08 15:34:40]   EEG channel count:     62
[2026-04-08 15:34:40]   First 10 channels:     ['Fp1', 'Fp2', 'F7', 'F3', 'Fz', 'F4', 'F8', 'FC5', 'FC1', 'FC2']
[2026-04-08 15:34:40] Channel consistency summary:
[2026-04-08 15:34:40]   Checked runs: 7
[2026-04-08 15:34:40]   Unique channel counts: [62]
[2026-04-08 15:34:40]   Channel order consistent: True
[2026-04-08 15:34:40] Validated EEG channels: 62
[2026-04-08 15:34:40] First 10 EEG channels: ['Fp1', 'Fp2', 'F7', 'F3', 'Fz', 'F4', 'F8', 'FC5', 'FC1', 'FC2']
[2026-04-08 15:34:40] raw mean_abs=5.694107e+00
[2026-04-08 15:34:40] raw std=9.673204e+00
[2026-04-08 15:34:40] raw first5 channel std= [20.88084496 30.01218713  8.07836311  6.42235698  6.36959473]
[2026-04-08 15:34:40] Requested window samples: 536
[2026-04-08 15:34:40] Base trial samples:       512
[2026-04-08 15:34:40] Stop offset samples:      24
[2026-04-08 15:34:40] Global class counts: [175, 175, 175, 175]
[2026-04-08 15:34:40] Chance level (4-class): 0.25
[2026-04-08 15:34:40] One window shape: (62, 536)
[2026-04-08 15:34:40] One window label: 1
[2026-04-08 15:34:40] Window sample length expected=536, got=536
[2026-04-08 15:34:40] Subjects in window split: [48, 49, 50, 51, 52, 53, 54]
[2026-04-08 15:34:40] Summarizing per-subject windows...
[2026-04-08 15:34:40]   Subject 48: n_windows=100, window_shape=(62, 536), class_counts=[25, 25, 25, 25]
[2026-04-08 15:34:40]   Subject 49: n_windows=100, window_shape=(62, 536), class_counts=[25, 25, 25, 25]
[2026-04-08 15:34:40]   Subject 50: n_windows=100, window_shape=(62, 536), class_counts=[25, 25, 25, 25]
[2026-04-08 15:34:40]   Subject 51: n_windows=100, window_shape=(62, 536), class_counts=[25, 25, 25, 25]
[2026-04-08 15:34:40]   Subject 52: n_windows=100, window_shape=(62, 536), class_counts=[25, 25, 25, 25]
[2026-04-08 15:34:40]   Subject 53: n_windows=100, window_shape=(62, 536), class_counts=[25, 25, 25, 25]
[2026-04-08 15:34:40]   Subject 54: n_windows=100, window_shape=(62, 536), class_counts=[25, 25, 25, 25]
[2026-04-08 15:34:40]    subject_id  n_windows  n_channels  n_times      class_counts
0          48        100          62      536  [25, 25, 25, 25]
1          49        100          62      536  [25, 25, 25, 25]
2          50        100          62      536  [25, 25, 25, 25]
3          51        100          62      536  [25, 25, 25, 25]
4          52        100          62      536  [25, 25, 25, 25]
5          53        100          62      536  [25, 25, 25, 25]
6          54        100          62      536  [25, 25, 25, 25]
[2026-04-08 15:34:40] Window validation summary:
[2026-04-08 15:34:40]   Subject 48: n_windows=100 class_counts=[25, 25, 25, 25]
[2026-04-08 15:34:40]   Subject 49: n_windows=100 class_counts=[25, 25, 25, 25]
[2026-04-08 15:34:40]   Subject 50: n_windows=100 class_counts=[25, 25, 25, 25]
[2026-04-08 15:34:40]   Subject 51: n_windows=100 class_counts=[25, 25, 25, 25]
[2026-04-08 15:34:40]   Subject 52: n_windows=100 class_counts=[25, 25, 25, 25]
[2026-04-08 15:34:40]   Subject 53: n_windows=100 class_counts=[25, 25, 25, 25]
[2026-04-08 15:34:40]   Subject 54: n_windows=100 class_counts=[25, 25, 25, 25]

[2026-04-08 15:34:40] Validated sampling rate target: 128 Hz
[2026-04-08 15:34:40] Validated window sample count:   536
[2026-04-08 15:34:40] Validated window duration:       4.1875 s
[2026-04-08 15:34:40] Validated channel count:         62
[2026-04-08 15:34:40] Total windows retained:          700
[2026-04-08 15:34:40] Preprocessing sanity checks:
[2026-04-08 15:34:40]   One sample label: 1
[2026-04-08 15:34:40]   One sample shape: (62, 536)
[2026-04-08 15:34:40]   Mean(abs(signal)): 3.146920e+00
[2026-04-08 15:34:40]   Mean(signal):      0.000000e+00
[2026-04-08 15:34:40]   Std(signal):       4.050236e+00
[2026-04-08 15:34:40] Building model with input window duration: 4.1875 s
[2026-04-08 15:34:40] SignalJEPA_PreLocal instantiated successfully.
[2026-04-08 15:34:40]   Total parameters:     18,192
[2026-04-08 15:34:40]   Trainable parameters: 18,192
[2026-04-08 15:34:40] ======================================================================================================================================================
Layer (type (var_name):depth-idx)                  Input Shape               Output Shape              Param #                   Kernel Shape
======================================================================================================================================================
SignalJEPA_PreLocal (SignalJEPA_PreLocal)          [1, 62, 536]              [1, 4]                    --                        --
├─Sequential (spatial_conv): 1-1                   [1, 62, 536]              [1, 4, 536]               --                        --
│    └─Rearrange (0): 2-1                          [1, 62, 536]              [1, 1, 62, 536]           --                        --
│    └─Conv2d (1): 2-2                             [1, 1, 62, 536]           [1, 4, 1, 536]            252                       [62, 1]
│    └─Rearrange (2): 2-3                          [1, 4, 1, 536]            [1, 4, 536]               --                        --
├─_ConvFeatureEncoder (feature_encoder): 1-2       [1, 4, 536]               [1, 16, 64]               --                        --
│    └─Rearrange (0): 2-4                          [1, 4, 536]               [4, 1, 536]               --                        --
│    └─Sequential (1): 2-5                         [4, 1, 536]               [4, 8, 64]                --                        --
│    │    └─Conv1d (0): 3-1                        [4, 1, 536]               [4, 8, 64]                256                       [32]
│    │    └─Dropout (1): 3-2                       [4, 8, 64]                [4, 8, 64]                --                        --
│    │    └─GroupNorm (2): 3-3                     [4, 8, 64]                [4, 8, 64]                16                        --
│    │    └─GELU (3): 3-4                          [4, 8, 64]                [4, 8, 64]                --                        --
│    └─Sequential (2): 2-6                         [4, 8, 64]                [4, 16, 32]               --                        --
│    │    └─Conv1d (0): 3-5                        [4, 8, 64]                [4, 16, 32]               256                       [2]
│    │    └─Dropout (1): 3-6                       [4, 16, 32]               [4, 16, 32]               --                        --
│    │    └─GELU (2): 3-7                          [4, 16, 32]               [4, 16, 32]               --                        --
│    └─Sequential (3): 2-7                         [4, 16, 32]               [4, 32, 16]               --                        --
│    │    └─Conv1d (0): 3-8                        [4, 16, 32]               [4, 32, 16]               1,024                     [2]
│    │    └─Dropout (1): 3-9                       [4, 32, 16]               [4, 32, 16]               --                        --
│    │    └─GELU (2): 3-10                         [4, 32, 16]               [4, 32, 16]               --                        --
│    └─Sequential (4): 2-8                         [4, 32, 16]               [4, 64, 8]                --                        --
│    │    └─Conv1d (0): 3-11                       [4, 32, 16]               [4, 64, 8]                4,096                     [2]
│    │    └─Dropout (1): 3-12                      [4, 64, 8]                [4, 64, 8]                --                        --
│    │    └─GELU (2): 3-13                         [4, 64, 8]                [4, 64, 8]                --                        --
│    └─Sequential (5): 2-9                         [4, 64, 8]                [4, 64, 4]                --                        --
│    │    └─Conv1d (0): 3-14                       [4, 64, 8]                [4, 64, 4]                8,192                     [2]
│    │    └─Dropout (1): 3-15                      [4, 64, 4]                [4, 64, 4]                --                        --
│    │    └─GELU (2): 3-16                         [4, 64, 4]                [4, 64, 4]                --                        --
│    └─Rearrange (6): 2-10                         [4, 64, 4]                [1, 16, 64]               --                        --
├─Sequential (final_layer): 1-3                    [1, 16, 64]               [1, 4]                    --                        --
│    └─Flatten (0): 2-11                           [1, 16, 64]               [1, 1024]                 --                        --
│    └─Linear (1): 2-12                            [1, 1024]                 [1, 4]                    4,100                     --
======================================================================================================================================================
Total params: 18,192
Trainable params: 18,192
Non-trainable params: 0
Total mult-adds (Units.MEGABYTES): 0.57
======================================================================================================================================================
Input size (MB): 0.13
Forward/backward pass size (MB): 0.11
Params size (MB): 0.07
Estimated Total Size (MB): 0.31
======================================================================================================================================================
[2026-04-08 15:34:40] Initializing from 16s-60 pretrained checkpoint (Hugging Face):
[2026-04-08 15:34:40]   https://huggingface.co/braindecode/SignalJEPA/resolve/main/signal-jepa_16s-60_adeuwv4s.pth
[2026-04-08 15:34:40]   Downloaded 179 keys
[2026-04-08 15:34:40] ======================================================================
[2026-04-08 15:34:40] STARTING CROSS-VALIDATION
[2026-04-08 15:34:40] ======================================================================
[2026-04-08 15:34:40] Subjects:      [48, 49, 50, 51, 52, 53, 54]
[2026-04-08 15:34:40] CV folds:      5
[2026-04-08 15:34:40] Batch size:    16
[2026-04-08 15:34:40] Max epochs:    5000
[2026-04-08 15:34:40] Device:        cpu
[2026-04-08 15:34:40] Seed control:  True
[2026-04-08 15:34:40] Base seed:     5
[2026-04-08 15:34:40] ======================================================================

[2026-04-08 15:34:40] Subject 48: 100 windows | class_counts=[25, 25, 25, 25]
[2026-04-08 15:34:40]   Fold 1 class counts: train=[16, 16, 16, 16] val=[4, 4, 4, 4] test=[5, 5, 5, 5]
[2026-04-08 15:34:40]   Fold 2 class counts: train=[16, 16, 16, 16] val=[4, 4, 4, 4] test=[5, 5, 5, 5]
[2026-04-08 15:34:40]   Fold 3 class counts: train=[16, 16, 16, 16] val=[4, 4, 4, 4] test=[5, 5, 5, 5]
[2026-04-08 15:34:40]   Fold 4 class counts: train=[16, 16, 16, 16] val=[4, 4, 4, 4] test=[5, 5, 5, 5]
[2026-04-08 15:34:40]   Fold 5 class counts: train=[16, 16, 16, 16] val=[4, 4, 4, 4] test=[5, 5, 5, 5]
[2026-04-08 15:34:40]     Train class counts: [16, 16, 16, 16]
[2026-04-08 15:34:40]     Val class counts:   [4, 4, 4, 4]
[2026-04-08 15:34:40]     Test class counts:  [5, 5, 5, 5]
[2026-04-08 15:34:40] Building model with input window duration: 4.1875 s
[2026-04-08 15:34:40] Pretrained weight loading:
[2026-04-08 15:34:40]   Downloaded keys:        179
[2026-04-08 15:34:40]   Filtered (transformer): 172
[2026-04-08 15:34:40]   Filtered (pos_encoder): 0
[2026-04-08 15:34:40]   Keys to load:           7
[2026-04-08 15:34:40]   Missing keys:           4
[2026-04-08 15:34:40]   Unexpected keys:        0
[2026-04-08 15:34:40]   Missing preview:        ['spatial_conv.1.weight', 'spatial_conv.1.bias', 'final_layer.1.weight', 'final_layer.1.bias']
[2026-04-08 15:34:40]   Unexpected preview:     []
[2026-04-08 15:34:40] Trainable modules: spatial_conv + final_layer (4,352 / 18,192 params, 23.9%)
[2026-04-08 15:34:40]   - final_layer.1.bias
[2026-04-08 15:34:40]   - final_layer.1.weight
[2026-04-08 15:34:40]   - spatial_conv.1.bias
[2026-04-08 15:34:40]   - spatial_conv.1.weight
[2026-04-08 15:35:07]   Fold 1/5 | best_epoch=2106 | stop=2156 | val_loss=0.0134 | acc=0.9500 | bal_acc=0.9500
[2026-04-08 15:35:07]     Train class counts: [16, 16, 16, 16]
[2026-04-08 15:35:07]     Val class counts:   [4, 4, 4, 4]
[2026-04-08 15:35:07]     Test class counts:  [5, 5, 5, 5]
[2026-04-08 15:35:07] Building model with input window duration: 4.1875 s
[2026-04-08 15:35:07] Pretrained weight loading:
[2026-04-08 15:35:07]   Downloaded keys:        179
[2026-04-08 15:35:07]   Filtered (transformer): 172
[2026-04-08 15:35:07]   Filtered (pos_encoder): 0
[2026-04-08 15:35:07]   Keys to load:           7
[2026-04-08 15:35:07]   Missing keys:           4
[2026-04-08 15:35:07]   Unexpected keys:        0
[2026-04-08 15:35:07]   Missing preview:        ['spatial_conv.1.weight', 'spatial_conv.1.bias', 'final_layer.1.weight', 'final_layer.1.bias']
[2026-04-08 15:35:07]   Unexpected preview:     []
[2026-04-08 15:35:23]   Fold 2/5 | best_epoch=1282 | stop=1332 | val_loss=0.0050 | acc=0.9500 | bal_acc=0.9500
[2026-04-08 15:35:23]     Train class counts: [16, 16, 16, 16]
[2026-04-08 15:35:23]     Val class counts:   [4, 4, 4, 4]
[2026-04-08 15:35:23]     Test class counts:  [5, 5, 5, 5]
[2026-04-08 15:35:23] Building model with input window duration: 4.1875 s
[2026-04-08 15:35:23] Pretrained weight loading:
[2026-04-08 15:35:23]   Downloaded keys:        179
[2026-04-08 15:35:23]   Filtered (transformer): 172
[2026-04-08 15:35:23]   Filtered (pos_encoder): 0
[2026-04-08 15:35:23]   Keys to load:           7
[2026-04-08 15:35:23]   Missing keys:           4
[2026-04-08 15:35:23]   Unexpected keys:        0
[2026-04-08 15:35:23]   Missing preview:        ['spatial_conv.1.weight', 'spatial_conv.1.bias', 'final_layer.1.weight', 'final_layer.1.bias']
[2026-04-08 15:35:23]   Unexpected preview:     []
[2026-04-08 15:36:07]   Fold 3/5 | best_epoch=3647 | stop=3697 | val_loss=0.0002 | acc=1.0000 | bal_acc=1.0000
[2026-04-08 15:36:07]     Train class counts: [16, 16, 16, 16]
[2026-04-08 15:36:07]     Val class counts:   [4, 4, 4, 4]
[2026-04-08 15:36:07]     Test class counts:  [5, 5, 5, 5]
[2026-04-08 15:36:07] Building model with input window duration: 4.1875 s
[2026-04-08 15:36:07] Pretrained weight loading:
[2026-04-08 15:36:07]   Downloaded keys:        179
[2026-04-08 15:36:07]   Filtered (transformer): 172
[2026-04-08 15:36:07]   Filtered (pos_encoder): 0
[2026-04-08 15:36:07]   Keys to load:           7
[2026-04-08 15:36:07]   Missing keys:           4
[2026-04-08 15:36:07]   Unexpected keys:        0
[2026-04-08 15:36:07]   Missing preview:        ['spatial_conv.1.weight', 'spatial_conv.1.bias', 'final_layer.1.weight', 'final_layer.1.bias']
[2026-04-08 15:36:07]   Unexpected preview:     []
[2026-04-08 15:36:28]   Fold 4/5 | best_epoch=1693 | stop=1743 | val_loss=0.0231 | acc=1.0000 | bal_acc=1.0000
[2026-04-08 15:36:28]     Train class counts: [16, 16, 16, 16]
[2026-04-08 15:36:28]     Val class counts:   [4, 4, 4, 4]
[2026-04-08 15:36:28]     Test class counts:  [5, 5, 5, 5]
[2026-04-08 15:36:28] Building model with input window duration: 4.1875 s
[2026-04-08 15:36:28] Pretrained weight loading:
[2026-04-08 15:36:28]   Downloaded keys:        179
[2026-04-08 15:36:28]   Filtered (transformer): 172
[2026-04-08 15:36:28]   Filtered (pos_encoder): 0
[2026-04-08 15:36:28]   Keys to load:           7
[2026-04-08 15:36:28]   Missing keys:           4
[2026-04-08 15:36:28]   Unexpected keys:        0
[2026-04-08 15:36:28]   Missing preview:        ['spatial_conv.1.weight', 'spatial_conv.1.bias', 'final_layer.1.weight', 'final_layer.1.bias']
[2026-04-08 15:36:28]   Unexpected preview:     []
[2026-04-08 15:37:00]   Fold 5/5 | best_epoch=2599 | stop=2649 | val_loss=0.0056 | acc=0.9500 | bal_acc=0.9500
[2026-04-08 15:37:00]   Subject 48 summary: acc=0.9700±0.0245  bal_acc=0.9700±0.0245

[2026-04-08 15:37:00] Subject 49: 100 windows | class_counts=[25, 25, 25, 25]
[2026-04-08 15:37:00]   Fold 1 class counts: train=[16, 16, 16, 16] val=[4, 4, 4, 4] test=[5, 5, 5, 5]
[2026-04-08 15:37:00]   Fold 2 class counts: train=[16, 16, 16, 16] val=[4, 4, 4, 4] test=[5, 5, 5, 5]
[2026-04-08 15:37:00]   Fold 3 class counts: train=[16, 16, 16, 16] val=[4, 4, 4, 4] test=[5, 5, 5, 5]
[2026-04-08 15:37:00]   Fold 4 class counts: train=[16, 16, 16, 16] val=[4, 4, 4, 4] test=[5, 5, 5, 5]
[2026-04-08 15:37:00]   Fold 5 class counts: train=[16, 16, 16, 16] val=[4, 4, 4, 4] test=[5, 5, 5, 5]
[2026-04-08 15:37:00]     Train class counts: [16, 16, 16, 16]
[2026-04-08 15:37:00]     Val class counts:   [4, 4, 4, 4]
[2026-04-08 15:37:00]     Test class counts:  [5, 5, 5, 5]
[2026-04-08 15:37:00] Building model with input window duration: 4.1875 s
[2026-04-08 15:37:00] Pretrained weight loading:
[2026-04-08 15:37:00]   Downloaded keys:        179
[2026-04-08 15:37:00]   Filtered (transformer): 172
[2026-04-08 15:37:00]   Filtered (pos_encoder): 0
[2026-04-08 15:37:00]   Keys to load:           7
[2026-04-08 15:37:00]   Missing keys:           4
[2026-04-08 15:37:00]   Unexpected keys:        0
[2026-04-08 15:37:00]   Missing preview:        ['spatial_conv.1.weight', 'spatial_conv.1.bias', 'final_layer.1.weight', 'final_layer.1.bias']
[2026-04-08 15:37:00]   Unexpected preview:     []
[2026-04-08 15:37:08]   Fold 1/5 | best_epoch=566 | stop=616 | val_loss=0.3393 | acc=1.0000 | bal_acc=1.0000
[2026-04-08 15:37:08]     Train class counts: [16, 16, 16, 16]
[2026-04-08 15:37:08]     Val class counts:   [4, 4, 4, 4]
[2026-04-08 15:37:08]     Test class counts:  [5, 5, 5, 5]
[2026-04-08 15:37:08] Building model with input window duration: 4.1875 s
[2026-04-08 15:37:08] Pretrained weight loading:
[2026-04-08 15:37:08]   Downloaded keys:        179
[2026-04-08 15:37:08]   Filtered (transformer): 172
[2026-04-08 15:37:08]   Filtered (pos_encoder): 0
[2026-04-08 15:37:08]   Keys to load:           7
[2026-04-08 15:37:08]   Missing keys:           4
[2026-04-08 15:37:08]   Unexpected keys:        0
[2026-04-08 15:37:08]   Missing preview:        ['spatial_conv.1.weight', 'spatial_conv.1.bias', 'final_layer.1.weight', 'final_layer.1.bias']
[2026-04-08 15:37:08]   Unexpected preview:     []
[2026-04-08 15:37:20]   Fold 2/5 | best_epoch=1014 | stop=1064 | val_loss=0.3051 | acc=0.9000 | bal_acc=0.9000
[2026-04-08 15:37:20]     Train class counts: [16, 16, 16, 16]
[2026-04-08 15:37:20]     Val class counts:   [4, 4, 4, 4]
[2026-04-08 15:37:20]     Test class counts:  [5, 5, 5, 5]
[2026-04-08 15:37:20] Building model with input window duration: 4.1875 s
[2026-04-08 15:37:20] Pretrained weight loading:
[2026-04-08 15:37:20]   Downloaded keys:        179
[2026-04-08 15:37:20]   Filtered (transformer): 172
[2026-04-08 15:37:20]   Filtered (pos_encoder): 0
[2026-04-08 15:37:20]   Keys to load:           7
[2026-04-08 15:37:20]   Missing keys:           4
[2026-04-08 15:37:20]   Unexpected keys:        0
[2026-04-08 15:37:20]   Missing preview:        ['spatial_conv.1.weight', 'spatial_conv.1.bias', 'final_layer.1.weight', 'final_layer.1.bias']
[2026-04-08 15:37:20]   Unexpected preview:     []
[2026-04-08 15:37:26]   Fold 3/5 | best_epoch=417 | stop=467 | val_loss=0.5483 | acc=0.9500 | bal_acc=0.9500
[2026-04-08 15:37:26]     Train class counts: [16, 16, 16, 16]
[2026-04-08 15:37:26]     Val class counts:   [4, 4, 4, 4]
[2026-04-08 15:37:26]     Test class counts:  [5, 5, 5, 5]
[2026-04-08 15:37:26] Building model with input window duration: 4.1875 s
[2026-04-08 15:37:26] Pretrained weight loading:
[2026-04-08 15:37:26]   Downloaded keys:        179
[2026-04-08 15:37:26]   Filtered (transformer): 172
[2026-04-08 15:37:26]   Filtered (pos_encoder): 0
[2026-04-08 15:37:26]   Keys to load:           7
[2026-04-08 15:37:26]   Missing keys:           4
[2026-04-08 15:37:26]   Unexpected keys:        0
[2026-04-08 15:37:26]   Missing preview:        ['spatial_conv.1.weight', 'spatial_conv.1.bias', 'final_layer.1.weight', 'final_layer.1.bias']
[2026-04-08 15:37:26]   Unexpected preview:     []
[2026-04-08 15:37:43]   Fold 4/5 | best_epoch=1445 | stop=1495 | val_loss=0.0933 | acc=0.9000 | bal_acc=0.9000
[2026-04-08 15:37:43]     Train class counts: [16, 16, 16, 16]
[2026-04-08 15:37:43]     Val class counts:   [4, 4, 4, 4]
[2026-04-08 15:37:43]     Test class counts:  [5, 5, 5, 5]
[2026-04-08 15:37:43] Building model with input window duration: 4.1875 s
[2026-04-08 15:37:43] Pretrained weight loading:
[2026-04-08 15:37:43]   Downloaded keys:        179
[2026-04-08 15:37:43]   Filtered (transformer): 172
[2026-04-08 15:37:43]   Filtered (pos_encoder): 0
[2026-04-08 15:37:43]   Keys to load:           7
[2026-04-08 15:37:43]   Missing keys:           4
[2026-04-08 15:37:43]   Unexpected keys:        0
[2026-04-08 15:37:43]   Missing preview:        ['spatial_conv.1.weight', 'spatial_conv.1.bias', 'final_layer.1.weight', 'final_layer.1.bias']
[2026-04-08 15:37:43]   Unexpected preview:     []
[2026-04-08 15:38:02]   Fold 5/5 | best_epoch=1482 | stop=1532 | val_loss=0.1280 | acc=0.9000 | bal_acc=0.9000
[2026-04-08 15:38:02]   Subject 49 summary: acc=0.9300±0.0400  bal_acc=0.9300±0.0400

[2026-04-08 15:38:02] Subject 50: 100 windows | class_counts=[25, 25, 25, 25]
[2026-04-08 15:38:02]   Fold 1 class counts: train=[16, 16, 16, 16] val=[4, 4, 4, 4] test=[5, 5, 5, 5]
[2026-04-08 15:38:02]   Fold 2 class counts: train=[16, 16, 16, 16] val=[4, 4, 4, 4] test=[5, 5, 5, 5]
[2026-04-08 15:38:02]   Fold 3 class counts: train=[16, 16, 16, 16] val=[4, 4, 4, 4] test=[5, 5, 5, 5]
[2026-04-08 15:38:02]   Fold 4 class counts: train=[16, 16, 16, 16] val=[4, 4, 4, 4] test=[5, 5, 5, 5]
[2026-04-08 15:38:02]   Fold 5 class counts: train=[16, 16, 16, 16] val=[4, 4, 4, 4] test=[5, 5, 5, 5]
[2026-04-08 15:38:02]     Train class counts: [16, 16, 16, 16]
[2026-04-08 15:38:02]     Val class counts:   [4, 4, 4, 4]
[2026-04-08 15:38:02]     Test class counts:  [5, 5, 5, 5]
[2026-04-08 15:38:02] Building model with input window duration: 4.1875 s
[2026-04-08 15:38:02] Pretrained weight loading:
[2026-04-08 15:38:02]   Downloaded keys:        179
[2026-04-08 15:38:02]   Filtered (transformer): 172
[2026-04-08 15:38:02]   Filtered (pos_encoder): 0
[2026-04-08 15:38:02]   Keys to load:           7
[2026-04-08 15:38:02]   Missing keys:           4
[2026-04-08 15:38:02]   Unexpected keys:        0
[2026-04-08 15:38:02]   Missing preview:        ['spatial_conv.1.weight', 'spatial_conv.1.bias', 'final_layer.1.weight', 'final_layer.1.bias']
[2026-04-08 15:38:02]   Unexpected preview:     []
[2026-04-08 15:38:45]   Fold 1/5 | best_epoch=3498 | stop=3548 | val_loss=0.0146 | acc=1.0000 | bal_acc=1.0000
[2026-04-08 15:38:45]     Train class counts: [16, 16, 16, 16]
[2026-04-08 15:38:45]     Val class counts:   [4, 4, 4, 4]
[2026-04-08 15:38:45]     Test class counts:  [5, 5, 5, 5]
[2026-04-08 15:38:45] Building model with input window duration: 4.1875 s
[2026-04-08 15:38:45] Pretrained weight loading:
[2026-04-08 15:38:45]   Downloaded keys:        179
[2026-04-08 15:38:45]   Filtered (transformer): 172
[2026-04-08 15:38:45]   Filtered (pos_encoder): 0
[2026-04-08 15:38:45]   Keys to load:           7
[2026-04-08 15:38:45]   Missing keys:           4
[2026-04-08 15:38:45]   Unexpected keys:        0
[2026-04-08 15:38:45]   Missing preview:        ['spatial_conv.1.weight', 'spatial_conv.1.bias', 'final_layer.1.weight', 'final_layer.1.bias']
[2026-04-08 15:38:45]   Unexpected preview:     []
[2026-04-08 15:38:55]   Fold 2/5 | best_epoch=826 | stop=876 | val_loss=0.1584 | acc=1.0000 | bal_acc=1.0000
[2026-04-08 15:38:55]     Train class counts: [16, 16, 16, 16]
[2026-04-08 15:38:55]     Val class counts:   [4, 4, 4, 4]
[2026-04-08 15:38:55]     Test class counts:  [5, 5, 5, 5]
[2026-04-08 15:38:55] Building model with input window duration: 4.1875 s
[2026-04-08 15:38:55] Pretrained weight loading:
[2026-04-08 15:38:55]   Downloaded keys:        179
[2026-04-08 15:38:55]   Filtered (transformer): 172
[2026-04-08 15:38:55]   Filtered (pos_encoder): 0
[2026-04-08 15:38:55]   Keys to load:           7
[2026-04-08 15:38:55]   Missing keys:           4
[2026-04-08 15:38:55]   Unexpected keys:        0
[2026-04-08 15:38:55]   Missing preview:        ['spatial_conv.1.weight', 'spatial_conv.1.bias', 'final_layer.1.weight', 'final_layer.1.bias']
[2026-04-08 15:38:55]   Unexpected preview:     []
[2026-04-08 15:39:20]   Fold 3/5 | best_epoch=2037 | stop=2087 | val_loss=0.0113 | acc=1.0000 | bal_acc=1.0000
[2026-04-08 15:39:20]     Train class counts: [16, 16, 16, 16]
[2026-04-08 15:39:20]     Val class counts:   [4, 4, 4, 4]
[2026-04-08 15:39:20]     Test class counts:  [5, 5, 5, 5]
[2026-04-08 15:39:20] Building model with input window duration: 4.1875 s
[2026-04-08 15:39:20] Pretrained weight loading:
[2026-04-08 15:39:20]   Downloaded keys:        179
[2026-04-08 15:39:20]   Filtered (transformer): 172
[2026-04-08 15:39:20]   Filtered (pos_encoder): 0
[2026-04-08 15:39:20]   Keys to load:           7
[2026-04-08 15:39:20]   Missing keys:           4
[2026-04-08 15:39:20]   Unexpected keys:        0
[2026-04-08 15:39:20]   Missing preview:        ['spatial_conv.1.weight', 'spatial_conv.1.bias', 'final_layer.1.weight', 'final_layer.1.bias']
[2026-04-08 15:39:20]   Unexpected preview:     []
[2026-04-08 15:40:06]   Fold 4/5 | best_epoch=3756 | stop=3806 | val_loss=0.0140 | acc=0.9500 | bal_acc=0.9500
[2026-04-08 15:40:06]     Train class counts: [16, 16, 16, 16]
[2026-04-08 15:40:06]     Val class counts:   [4, 4, 4, 4]
[2026-04-08 15:40:06]     Test class counts:  [5, 5, 5, 5]
[2026-04-08 15:40:06] Building model with input window duration: 4.1875 s
[2026-04-08 15:40:06] Pretrained weight loading:
[2026-04-08 15:40:06]   Downloaded keys:        179
[2026-04-08 15:40:06]   Filtered (transformer): 172
[2026-04-08 15:40:06]   Filtered (pos_encoder): 0
[2026-04-08 15:40:06]   Keys to load:           7
[2026-04-08 15:40:06]   Missing keys:           4
[2026-04-08 15:40:06]   Unexpected keys:        0
[2026-04-08 15:40:06]   Missing preview:        ['spatial_conv.1.weight', 'spatial_conv.1.bias', 'final_layer.1.weight', 'final_layer.1.bias']
[2026-04-08 15:40:06]   Unexpected preview:     []
[2026-04-08 15:40:16]   Fold 5/5 | best_epoch=754 | stop=804 | val_loss=0.0952 | acc=1.0000 | bal_acc=1.0000
[2026-04-08 15:40:16]   Subject 50 summary: acc=0.9900±0.0200  bal_acc=0.9900±0.0200

[2026-04-08 15:40:16] Subject 51: 100 windows | class_counts=[25, 25, 25, 25]
[2026-04-08 15:40:16]   Fold 1 class counts: train=[16, 16, 16, 16] val=[4, 4, 4, 4] test=[5, 5, 5, 5]
[2026-04-08 15:40:16]   Fold 2 class counts: train=[16, 16, 16, 16] val=[4, 4, 4, 4] test=[5, 5, 5, 5]
[2026-04-08 15:40:16]   Fold 3 class counts: train=[16, 16, 16, 16] val=[4, 4, 4, 4] test=[5, 5, 5, 5]
[2026-04-08 15:40:16]   Fold 4 class counts: train=[16, 16, 16, 16] val=[4, 4, 4, 4] test=[5, 5, 5, 5]
[2026-04-08 15:40:16]   Fold 5 class counts: train=[16, 16, 16, 16] val=[4, 4, 4, 4] test=[5, 5, 5, 5]
[2026-04-08 15:40:16]     Train class counts: [16, 16, 16, 16]
[2026-04-08 15:40:16]     Val class counts:   [4, 4, 4, 4]
[2026-04-08 15:40:16]     Test class counts:  [5, 5, 5, 5]
[2026-04-08 15:40:16] Building model with input window duration: 4.1875 s
[2026-04-08 15:40:16] Pretrained weight loading:
[2026-04-08 15:40:16]   Downloaded keys:        179
[2026-04-08 15:40:16]   Filtered (transformer): 172
[2026-04-08 15:40:16]   Filtered (pos_encoder): 0
[2026-04-08 15:40:16]   Keys to load:           7
[2026-04-08 15:40:16]   Missing keys:           4
[2026-04-08 15:40:16]   Unexpected keys:        0
[2026-04-08 15:40:16]   Missing preview:        ['spatial_conv.1.weight', 'spatial_conv.1.bias', 'final_layer.1.weight', 'final_layer.1.bias']
[2026-04-08 15:40:16]   Unexpected preview:     []
[2026-04-08 15:40:16]   Fold 1/5 | best_epoch=4 | stop=54 | val_loss=1.3844 | acc=0.3000 | bal_acc=0.3000
[2026-04-08 15:40:16]     Train class counts: [16, 16, 16, 16]
[2026-04-08 15:40:16]     Val class counts:   [4, 4, 4, 4]
[2026-04-08 15:40:16]     Test class counts:  [5, 5, 5, 5]
[2026-04-08 15:40:16] Building model with input window duration: 4.1875 s
[2026-04-08 15:40:16] Pretrained weight loading:
[2026-04-08 15:40:16]   Downloaded keys:        179
[2026-04-08 15:40:16]   Filtered (transformer): 172
[2026-04-08 15:40:16]   Filtered (pos_encoder): 0
[2026-04-08 15:40:16]   Keys to load:           7
[2026-04-08 15:40:16]   Missing keys:           4
[2026-04-08 15:40:16]   Unexpected keys:        0
[2026-04-08 15:40:16]   Missing preview:        ['spatial_conv.1.weight', 'spatial_conv.1.bias', 'final_layer.1.weight', 'final_layer.1.bias']
[2026-04-08 15:40:16]   Unexpected preview:     []
[2026-04-08 15:40:19]   Fold 2/5 | best_epoch=141 | stop=191 | val_loss=1.0982 | acc=0.4500 | bal_acc=0.4500
[2026-04-08 15:40:19]     Train class counts: [16, 16, 16, 16]
[2026-04-08 15:40:19]     Val class counts:   [4, 4, 4, 4]
[2026-04-08 15:40:19]     Test class counts:  [5, 5, 5, 5]
[2026-04-08 15:40:19] Building model with input window duration: 4.1875 s
[2026-04-08 15:40:19] Pretrained weight loading:
[2026-04-08 15:40:19]   Downloaded keys:        179
[2026-04-08 15:40:19]   Filtered (transformer): 172
[2026-04-08 15:40:19]   Filtered (pos_encoder): 0
[2026-04-08 15:40:19]   Keys to load:           7
[2026-04-08 15:40:19]   Missing keys:           4
[2026-04-08 15:40:19]   Unexpected keys:        0
[2026-04-08 15:40:19]   Missing preview:        ['spatial_conv.1.weight', 'spatial_conv.1.bias', 'final_layer.1.weight', 'final_layer.1.bias']
[2026-04-08 15:40:19]   Unexpected preview:     []
[2026-04-08 15:40:22]   Fold 3/5 | best_epoch=233 | stop=256 | val_loss=1.0516 | acc=0.4000 | bal_acc=0.4000
[2026-04-08 15:40:22]     Train class counts: [16, 16, 16, 16]
[2026-04-08 15:40:22]     Val class counts:   [4, 4, 4, 4]
[2026-04-08 15:40:22]     Test class counts:  [5, 5, 5, 5]
[2026-04-08 15:40:22] Building model with input window duration: 4.1875 s
[2026-04-08 15:40:22] Pretrained weight loading:
[2026-04-08 15:40:22]   Downloaded keys:        179
[2026-04-08 15:40:22]   Filtered (transformer): 172
[2026-04-08 15:40:22]   Filtered (pos_encoder): 0
[2026-04-08 15:40:22]   Keys to load:           7
[2026-04-08 15:40:22]   Missing keys:           4
[2026-04-08 15:40:22]   Unexpected keys:        0
[2026-04-08 15:40:22]   Missing preview:        ['spatial_conv.1.weight', 'spatial_conv.1.bias', 'final_layer.1.weight', 'final_layer.1.bias']
[2026-04-08 15:40:22]   Unexpected preview:     []
[2026-04-08 15:40:23]   Fold 4/5 | best_epoch=82 | stop=132 | val_loss=1.3261 | acc=0.5000 | bal_acc=0.5000
[2026-04-08 15:40:23]     Train class counts: [16, 16, 16, 16]
[2026-04-08 15:40:23]     Val class counts:   [4, 4, 4, 4]
[2026-04-08 15:40:23]     Test class counts:  [5, 5, 5, 5]
[2026-04-08 15:40:23] Building model with input window duration: 4.1875 s
[2026-04-08 15:40:23] Pretrained weight loading:
[2026-04-08 15:40:23]   Downloaded keys:        179
[2026-04-08 15:40:23]   Filtered (transformer): 172
[2026-04-08 15:40:23]   Filtered (pos_encoder): 0
[2026-04-08 15:40:23]   Keys to load:           7
[2026-04-08 15:40:23]   Missing keys:           4
[2026-04-08 15:40:23]   Unexpected keys:        0
[2026-04-08 15:40:23]   Missing preview:        ['spatial_conv.1.weight', 'spatial_conv.1.bias', 'final_layer.1.weight', 'final_layer.1.bias']
[2026-04-08 15:40:23]   Unexpected preview:     []
[2026-04-08 15:40:24]   Fold 5/5 | best_epoch=2 | stop=52 | val_loss=1.3832 | acc=0.2000 | bal_acc=0.2000
[2026-04-08 15:40:24]   Subject 51 summary: acc=0.3700±0.1077  bal_acc=0.3700±0.1077

[2026-04-08 15:40:24] Subject 52: 100 windows | class_counts=[25, 25, 25, 25]
[2026-04-08 15:40:24]   Fold 1 class counts: train=[16, 16, 16, 16] val=[4, 4, 4, 4] test=[5, 5, 5, 5]
[2026-04-08 15:40:24]   Fold 2 class counts: train=[16, 16, 16, 16] val=[4, 4, 4, 4] test=[5, 5, 5, 5]
[2026-04-08 15:40:24]   Fold 3 class counts: train=[16, 16, 16, 16] val=[4, 4, 4, 4] test=[5, 5, 5, 5]
[2026-04-08 15:40:24]   Fold 4 class counts: train=[16, 16, 16, 16] val=[4, 4, 4, 4] test=[5, 5, 5, 5]
[2026-04-08 15:40:24]   Fold 5 class counts: train=[16, 16, 16, 16] val=[4, 4, 4, 4] test=[5, 5, 5, 5]
[2026-04-08 15:40:24]     Train class counts: [16, 16, 16, 16]
[2026-04-08 15:40:24]     Val class counts:   [4, 4, 4, 4]
[2026-04-08 15:40:24]     Test class counts:  [5, 5, 5, 5]
[2026-04-08 15:40:24] Building model with input window duration: 4.1875 s
[2026-04-08 15:40:24] Pretrained weight loading:
[2026-04-08 15:40:24]   Downloaded keys:        179
[2026-04-08 15:40:24]   Filtered (transformer): 172
[2026-04-08 15:40:24]   Filtered (pos_encoder): 0
[2026-04-08 15:40:24]   Keys to load:           7
[2026-04-08 15:40:24]   Missing keys:           4
[2026-04-08 15:40:24]   Unexpected keys:        0
[2026-04-08 15:40:24]   Missing preview:        ['spatial_conv.1.weight', 'spatial_conv.1.bias', 'final_layer.1.weight', 'final_layer.1.bias']
[2026-04-08 15:40:24]   Unexpected preview:     []
[2026-04-08 15:40:36]   Fold 1/5 | best_epoch=924 | stop=974 | val_loss=0.1362 | acc=1.0000 | bal_acc=1.0000
[2026-04-08 15:40:36]     Train class counts: [16, 16, 16, 16]
[2026-04-08 15:40:36]     Val class counts:   [4, 4, 4, 4]
[2026-04-08 15:40:36]     Test class counts:  [5, 5, 5, 5]
[2026-04-08 15:40:36] Building model with input window duration: 4.1875 s
[2026-04-08 15:40:36] Pretrained weight loading:
[2026-04-08 15:40:36]   Downloaded keys:        179
[2026-04-08 15:40:36]   Filtered (transformer): 172
[2026-04-08 15:40:36]   Filtered (pos_encoder): 0
[2026-04-08 15:40:36]   Keys to load:           7
[2026-04-08 15:40:36]   Missing keys:           4
[2026-04-08 15:40:36]   Unexpected keys:        0
[2026-04-08 15:40:36]   Missing preview:        ['spatial_conv.1.weight', 'spatial_conv.1.bias', 'final_layer.1.weight', 'final_layer.1.bias']
[2026-04-08 15:40:36]   Unexpected preview:     []
[2026-04-08 15:41:09]   Fold 2/5 | best_epoch=2762 | stop=2812 | val_loss=0.0040 | acc=0.9500 | bal_acc=0.9500
[2026-04-08 15:41:09]     Train class counts: [16, 16, 16, 16]
[2026-04-08 15:41:09]     Val class counts:   [4, 4, 4, 4]
[2026-04-08 15:41:09]     Test class counts:  [5, 5, 5, 5]
[2026-04-08 15:41:09] Building model with input window duration: 4.1875 s
[2026-04-08 15:41:09] Pretrained weight loading:
[2026-04-08 15:41:09]   Downloaded keys:        179
[2026-04-08 15:41:09]   Filtered (transformer): 172
[2026-04-08 15:41:09]   Filtered (pos_encoder): 0
[2026-04-08 15:41:09]   Keys to load:           7
[2026-04-08 15:41:09]   Missing keys:           4
[2026-04-08 15:41:09]   Unexpected keys:        0
[2026-04-08 15:41:09]   Missing preview:        ['spatial_conv.1.weight', 'spatial_conv.1.bias', 'final_layer.1.weight', 'final_layer.1.bias']
[2026-04-08 15:41:09]   Unexpected preview:     []
[2026-04-08 15:41:20]   Fold 3/5 | best_epoch=892 | stop=942 | val_loss=0.1746 | acc=0.9500 | bal_acc=0.9500
[2026-04-08 15:41:20]     Train class counts: [16, 16, 16, 16]
[2026-04-08 15:41:20]     Val class counts:   [4, 4, 4, 4]
[2026-04-08 15:41:20]     Test class counts:  [5, 5, 5, 5]
[2026-04-08 15:41:20] Building model with input window duration: 4.1875 s
[2026-04-08 15:41:20] Pretrained weight loading:
[2026-04-08 15:41:20]   Downloaded keys:        179
[2026-04-08 15:41:20]   Filtered (transformer): 172
[2026-04-08 15:41:20]   Filtered (pos_encoder): 0
[2026-04-08 15:41:20]   Keys to load:           7
[2026-04-08 15:41:20]   Missing keys:           4
[2026-04-08 15:41:20]   Unexpected keys:        0
[2026-04-08 15:41:20]   Missing preview:        ['spatial_conv.1.weight', 'spatial_conv.1.bias', 'final_layer.1.weight', 'final_layer.1.bias']
[2026-04-08 15:41:20]   Unexpected preview:     []
[2026-04-08 15:41:28]   Fold 4/5 | best_epoch=589 | stop=639 | val_loss=0.1492 | acc=0.9500 | bal_acc=0.9500
[2026-04-08 15:41:28]     Train class counts: [16, 16, 16, 16]
[2026-04-08 15:41:28]     Val class counts:   [4, 4, 4, 4]
[2026-04-08 15:41:28]     Test class counts:  [5, 5, 5, 5]
[2026-04-08 15:41:28] Building model with input window duration: 4.1875 s
[2026-04-08 15:41:28] Pretrained weight loading:
[2026-04-08 15:41:28]   Downloaded keys:        179
[2026-04-08 15:41:28]   Filtered (transformer): 172
[2026-04-08 15:41:28]   Filtered (pos_encoder): 0
[2026-04-08 15:41:28]   Keys to load:           7
[2026-04-08 15:41:28]   Missing keys:           4
[2026-04-08 15:41:28]   Unexpected keys:        0
[2026-04-08 15:41:28]   Missing preview:        ['spatial_conv.1.weight', 'spatial_conv.1.bias', 'final_layer.1.weight', 'final_layer.1.bias']
[2026-04-08 15:41:28]   Unexpected preview:     []
[2026-04-08 15:41:40]   Fold 5/5 | best_epoch=965 | stop=1015 | val_loss=0.0854 | acc=1.0000 | bal_acc=1.0000
[2026-04-08 15:41:40]   Subject 52 summary: acc=0.9700±0.0245  bal_acc=0.9700±0.0245

[2026-04-08 15:41:40] Subject 53: 100 windows | class_counts=[25, 25, 25, 25]
[2026-04-08 15:41:40]   Fold 1 class counts: train=[16, 16, 16, 16] val=[4, 4, 4, 4] test=[5, 5, 5, 5]
[2026-04-08 15:41:40]   Fold 2 class counts: train=[16, 16, 16, 16] val=[4, 4, 4, 4] test=[5, 5, 5, 5]
[2026-04-08 15:41:40]   Fold 3 class counts: train=[16, 16, 16, 16] val=[4, 4, 4, 4] test=[5, 5, 5, 5]
[2026-04-08 15:41:40]   Fold 4 class counts: train=[16, 16, 16, 16] val=[4, 4, 4, 4] test=[5, 5, 5, 5]
[2026-04-08 15:41:40]   Fold 5 class counts: train=[16, 16, 16, 16] val=[4, 4, 4, 4] test=[5, 5, 5, 5]
[2026-04-08 15:41:40]     Train class counts: [16, 16, 16, 16]
[2026-04-08 15:41:40]     Val class counts:   [4, 4, 4, 4]
[2026-04-08 15:41:40]     Test class counts:  [5, 5, 5, 5]
[2026-04-08 15:41:40] Building model with input window duration: 4.1875 s
[2026-04-08 15:41:40] Pretrained weight loading:
[2026-04-08 15:41:40]   Downloaded keys:        179
[2026-04-08 15:41:40]   Filtered (transformer): 172
[2026-04-08 15:41:40]   Filtered (pos_encoder): 0
[2026-04-08 15:41:40]   Keys to load:           7
[2026-04-08 15:41:40]   Missing keys:           4
[2026-04-08 15:41:40]   Unexpected keys:        0
[2026-04-08 15:41:40]   Missing preview:        ['spatial_conv.1.weight', 'spatial_conv.1.bias', 'final_layer.1.weight', 'final_layer.1.bias']
[2026-04-08 15:41:40]   Unexpected preview:     []
[2026-04-08 15:41:45]   Fold 1/5 | best_epoch=322 | stop=372 | val_loss=0.1174 | acc=1.0000 | bal_acc=1.0000
[2026-04-08 15:41:45]     Train class counts: [16, 16, 16, 16]
[2026-04-08 15:41:45]     Val class counts:   [4, 4, 4, 4]
[2026-04-08 15:41:45]     Test class counts:  [5, 5, 5, 5]
[2026-04-08 15:41:45] Building model with input window duration: 4.1875 s
[2026-04-08 15:41:45] Pretrained weight loading:
[2026-04-08 15:41:45]   Downloaded keys:        179
[2026-04-08 15:41:45]   Filtered (transformer): 172
[2026-04-08 15:41:45]   Filtered (pos_encoder): 0
[2026-04-08 15:41:45]   Keys to load:           7
[2026-04-08 15:41:45]   Missing keys:           4
[2026-04-08 15:41:45]   Unexpected keys:        0
[2026-04-08 15:41:45]   Missing preview:        ['spatial_conv.1.weight', 'spatial_conv.1.bias', 'final_layer.1.weight', 'final_layer.1.bias']
[2026-04-08 15:41:45]   Unexpected preview:     []
[2026-04-08 15:42:39]   Fold 2/5 | best_epoch=4331 | stop=4381 | val_loss=0.0002 | acc=1.0000 | bal_acc=1.0000
[2026-04-08 15:42:39]     Train class counts: [16, 16, 16, 16]
[2026-04-08 15:42:39]     Val class counts:   [4, 4, 4, 4]
[2026-04-08 15:42:39]     Test class counts:  [5, 5, 5, 5]
[2026-04-08 15:42:39] Building model with input window duration: 4.1875 s
[2026-04-08 15:42:39] Pretrained weight loading:
[2026-04-08 15:42:39]   Downloaded keys:        179
[2026-04-08 15:42:39]   Filtered (transformer): 172
[2026-04-08 15:42:39]   Filtered (pos_encoder): 0
[2026-04-08 15:42:39]   Keys to load:           7
[2026-04-08 15:42:39]   Missing keys:           4
[2026-04-08 15:42:39]   Unexpected keys:        0
[2026-04-08 15:42:39]   Missing preview:        ['spatial_conv.1.weight', 'spatial_conv.1.bias', 'final_layer.1.weight', 'final_layer.1.bias']
[2026-04-08 15:42:39]   Unexpected preview:     []
[2026-04-08 15:43:09]   Fold 3/5 | best_epoch=2498 | stop=2548 | val_loss=0.0073 | acc=1.0000 | bal_acc=1.0000
[2026-04-08 15:43:09]     Train class counts: [16, 16, 16, 16]
[2026-04-08 15:43:09]     Val class counts:   [4, 4, 4, 4]
[2026-04-08 15:43:09]     Test class counts:  [5, 5, 5, 5]
[2026-04-08 15:43:09] Building model with input window duration: 4.1875 s
[2026-04-08 15:43:09] Pretrained weight loading:
[2026-04-08 15:43:09]   Downloaded keys:        179
[2026-04-08 15:43:09]   Filtered (transformer): 172
[2026-04-08 15:43:09]   Filtered (pos_encoder): 0
[2026-04-08 15:43:09]   Keys to load:           7
[2026-04-08 15:43:09]   Missing keys:           4
[2026-04-08 15:43:09]   Unexpected keys:        0
[2026-04-08 15:43:09]   Missing preview:        ['spatial_conv.1.weight', 'spatial_conv.1.bias', 'final_layer.1.weight', 'final_layer.1.bias']
[2026-04-08 15:43:09]   Unexpected preview:     []
[2026-04-08 15:43:12]   Fold 4/5 | best_epoch=218 | stop=232 | val_loss=0.2898 | acc=1.0000 | bal_acc=1.0000
[2026-04-08 15:43:12]     Train class counts: [16, 16, 16, 16]
[2026-04-08 15:43:12]     Val class counts:   [4, 4, 4, 4]
[2026-04-08 15:43:12]     Test class counts:  [5, 5, 5, 5]
[2026-04-08 15:43:12] Building model with input window duration: 4.1875 s
[2026-04-08 15:43:12] Pretrained weight loading:
[2026-04-08 15:43:12]   Downloaded keys:        179
[2026-04-08 15:43:12]   Filtered (transformer): 172
[2026-04-08 15:43:12]   Filtered (pos_encoder): 0
[2026-04-08 15:43:12]   Keys to load:           7
[2026-04-08 15:43:12]   Missing keys:           4
[2026-04-08 15:43:12]   Unexpected keys:        0
[2026-04-08 15:43:12]   Missing preview:        ['spatial_conv.1.weight', 'spatial_conv.1.bias', 'final_layer.1.weight', 'final_layer.1.bias']
[2026-04-08 15:43:12]   Unexpected preview:     []
[2026-04-08 15:43:51]   Fold 5/5 | best_epoch=3163 | stop=3213 | val_loss=0.0048 | acc=1.0000 | bal_acc=1.0000
[2026-04-08 15:43:51]   Subject 53 summary: acc=1.0000±0.0000  bal_acc=1.0000±0.0000

[2026-04-08 15:43:51] Subject 54: 100 windows | class_counts=[25, 25, 25, 25]
[2026-04-08 15:43:51]   Fold 1 class counts: train=[16, 16, 16, 16] val=[4, 4, 4, 4] test=[5, 5, 5, 5]
[2026-04-08 15:43:51]   Fold 2 class counts: train=[16, 16, 16, 16] val=[4, 4, 4, 4] test=[5, 5, 5, 5]
[2026-04-08 15:43:51]   Fold 3 class counts: train=[16, 16, 16, 16] val=[4, 4, 4, 4] test=[5, 5, 5, 5]
[2026-04-08 15:43:51]   Fold 4 class counts: train=[16, 16, 16, 16] val=[4, 4, 4, 4] test=[5, 5, 5, 5]
[2026-04-08 15:43:51]   Fold 5 class counts: train=[16, 16, 16, 16] val=[4, 4, 4, 4] test=[5, 5, 5, 5]
[2026-04-08 15:43:51]     Train class counts: [16, 16, 16, 16]
[2026-04-08 15:43:51]     Val class counts:   [4, 4, 4, 4]
[2026-04-08 15:43:51]     Test class counts:  [5, 5, 5, 5]
[2026-04-08 15:43:51] Building model with input window duration: 4.1875 s
[2026-04-08 15:43:51] Pretrained weight loading:
[2026-04-08 15:43:51]   Downloaded keys:        179
[2026-04-08 15:43:51]   Filtered (transformer): 172
[2026-04-08 15:43:51]   Filtered (pos_encoder): 0
[2026-04-08 15:43:51]   Keys to load:           7
[2026-04-08 15:43:51]   Missing keys:           4
[2026-04-08 15:43:51]   Unexpected keys:        0
[2026-04-08 15:43:51]   Missing preview:        ['spatial_conv.1.weight', 'spatial_conv.1.bias', 'final_layer.1.weight', 'final_layer.1.bias']
[2026-04-08 15:43:51]   Unexpected preview:     []
[2026-04-08 15:44:02]   Fold 1/5 | best_epoch=867 | stop=917 | val_loss=0.1413 | acc=0.8500 | bal_acc=0.8500
[2026-04-08 15:44:02]     Train class counts: [16, 16, 16, 16]
[2026-04-08 15:44:02]     Val class counts:   [4, 4, 4, 4]
[2026-04-08 15:44:02]     Test class counts:  [5, 5, 5, 5]
[2026-04-08 15:44:02] Building model with input window duration: 4.1875 s
[2026-04-08 15:44:02] Pretrained weight loading:
[2026-04-08 15:44:02]   Downloaded keys:        179
[2026-04-08 15:44:02]   Filtered (transformer): 172
[2026-04-08 15:44:02]   Filtered (pos_encoder): 0
[2026-04-08 15:44:02]   Keys to load:           7
[2026-04-08 15:44:02]   Missing keys:           4
[2026-04-08 15:44:02]   Unexpected keys:        0
[2026-04-08 15:44:02]   Missing preview:        ['spatial_conv.1.weight', 'spatial_conv.1.bias', 'final_layer.1.weight', 'final_layer.1.bias']
[2026-04-08 15:44:02]   Unexpected preview:     []
[2026-04-08 15:44:05]   Fold 2/5 | best_epoch=165 | stop=215 | val_loss=0.6457 | acc=0.8500 | bal_acc=0.8500
[2026-04-08 15:44:05]     Train class counts: [16, 16, 16, 16]
[2026-04-08 15:44:05]     Val class counts:   [4, 4, 4, 4]
[2026-04-08 15:44:05]     Test class counts:  [5, 5, 5, 5]
[2026-04-08 15:44:05] Building model with input window duration: 4.1875 s
[2026-04-08 15:44:05] Pretrained weight loading:
[2026-04-08 15:44:05]   Downloaded keys:        179
[2026-04-08 15:44:05]   Filtered (transformer): 172
[2026-04-08 15:44:05]   Filtered (pos_encoder): 0
[2026-04-08 15:44:05]   Keys to load:           7
[2026-04-08 15:44:05]   Missing keys:           4
[2026-04-08 15:44:05]   Unexpected keys:        0
[2026-04-08 15:44:05]   Missing preview:        ['spatial_conv.1.weight', 'spatial_conv.1.bias', 'final_layer.1.weight', 'final_layer.1.bias']
[2026-04-08 15:44:05]   Unexpected preview:     []
[2026-04-08 15:44:15]   Fold 3/5 | best_epoch=746 | stop=796 | val_loss=0.3765 | acc=0.8500 | bal_acc=0.8500
[2026-04-08 15:44:15]     Train class counts: [16, 16, 16, 16]
[2026-04-08 15:44:15]     Val class counts:   [4, 4, 4, 4]
[2026-04-08 15:44:15]     Test class counts:  [5, 5, 5, 5]
[2026-04-08 15:44:15] Building model with input window duration: 4.1875 s
[2026-04-08 15:44:15] Pretrained weight loading:
[2026-04-08 15:44:15]   Downloaded keys:        179
[2026-04-08 15:44:15]   Filtered (transformer): 172
[2026-04-08 15:44:15]   Filtered (pos_encoder): 0
[2026-04-08 15:44:15]   Keys to load:           7
[2026-04-08 15:44:15]   Missing keys:           4
[2026-04-08 15:44:15]   Unexpected keys:        0
[2026-04-08 15:44:15]   Missing preview:        ['spatial_conv.1.weight', 'spatial_conv.1.bias', 'final_layer.1.weight', 'final_layer.1.bias']
[2026-04-08 15:44:15]   Unexpected preview:     []
[2026-04-08 15:44:19]   Fold 4/5 | best_epoch=353 | stop=403 | val_loss=0.6229 | acc=0.7000 | bal_acc=0.7000
[2026-04-08 15:44:19]     Train class counts: [16, 16, 16, 16]
[2026-04-08 15:44:19]     Val class counts:   [4, 4, 4, 4]
[2026-04-08 15:44:19]     Test class counts:  [5, 5, 5, 5]
[2026-04-08 15:44:19] Building model with input window duration: 4.1875 s
[2026-04-08 15:44:19] Pretrained weight loading:
[2026-04-08 15:44:19]   Downloaded keys:        179
[2026-04-08 15:44:19]   Filtered (transformer): 172
[2026-04-08 15:44:19]   Filtered (pos_encoder): 0
[2026-04-08 15:44:19]   Keys to load:           7
[2026-04-08 15:44:19]   Missing keys:           4
[2026-04-08 15:44:19]   Unexpected keys:        0
[2026-04-08 15:44:19]   Missing preview:        ['spatial_conv.1.weight', 'spatial_conv.1.bias', 'final_layer.1.weight', 'final_layer.1.bias']
[2026-04-08 15:44:19]   Unexpected preview:     []
[2026-04-08 15:44:23]   Fold 5/5 | best_epoch=218 | stop=268 | val_loss=0.8210 | acc=0.8500 | bal_acc=0.8500
[2026-04-08 15:44:23]   Subject 54 summary: acc=0.8200±0.0600  bal_acc=0.8200±0.0600

[2026-04-08 15:44:23] Total folds completed: 35
[2026-04-08 15:44:23] ======================================================================
[2026-04-08 15:44:23] AGGREGATED RESULTS
[2026-04-08 15:44:23] ======================================================================
[2026-04-08 15:44:23]   Subject 48:  acc=0.9700±0.0245  bal_acc=0.9700±0.0245
[2026-04-08 15:44:23]   Subject 49:  acc=0.9300±0.0400  bal_acc=0.9300±0.0400
[2026-04-08 15:44:23]   Subject 50:  acc=0.9900±0.0200  bal_acc=0.9900±0.0200
[2026-04-08 15:44:23]   Subject 51:  acc=0.3700±0.1077  bal_acc=0.3700±0.1077
[2026-04-08 15:44:23]   Subject 52:  acc=0.9700±0.0245  bal_acc=0.9700±0.0245
[2026-04-08 15:44:23]   Subject 53:  acc=1.0000±0.0000  bal_acc=1.0000±0.0000
[2026-04-08 15:44:23]   Subject 54:  acc=0.8200±0.0600  bal_acc=0.8200±0.0600
[2026-04-08 15:44:23] ----------------------------------------------------------------------
[2026-04-08 15:44:23]   OVERALL:      acc=0.8643±0.2157  bal_acc=0.8643±0.2157
[2026-04-08 15:44:23] ======================================================================
[2026-04-08 15:44:23] CV results saved to:      /home/vegorov/Repos/eeg_jepa_research/artifacts/lee-2019-fine-tuning/SSVEP/20260408_1533_6fe9c54d/cv_results.json
[2026-04-08 15:44:23] Subject metrics saved to: /home/vegorov/Repos/eeg_jepa_research/artifacts/lee-2019-fine-tuning/SSVEP/20260408_1533_6fe9c54d/subject_metrics.json
[2026-04-08 15:44:23] Global metrics saved to:  /home/vegorov/Repos/eeg_jepa_research/artifacts/lee-2019-fine-tuning/SSVEP/20260408_1533_6fe9c54d/global_metrics.json
[2026-04-08 15:44:23] Run metadata saved to:    /home/vegorov/Repos/eeg_jepa_research/artifacts/lee-2019-fine-tuning/SSVEP/20260408_1533_6fe9c54d/run_metadata.json

[2026-04-08 15:44:23] All artifacts in: /home/vegorov/Repos/eeg_jepa_research/artifacts/lee-2019-fine-tuning/SSVEP/20260408_1533_6fe9c54d

[2026-04-08 15:44:23] ======================================================================
[2026-04-08 15:44:23] EXPERIMENT SUMMARY
[2026-04-08 15:44:23] ======================================================================
[2026-04-08 15:44:23] Run ID:    20260408_1533_6fe9c54d
[2026-04-08 15:44:23] Artifacts: /home/vegorov/Repos/eeg_jepa_research/artifacts/lee-2019-fine-tuning/SSVEP/20260408_1533_6fe9c54d

[2026-04-08 15:44:23] Configuration:
[2026-04-08 15:44:23]   Subjects:          [48, 49, 50, 51, 52, 53, 54]
[2026-04-08 15:44:23]   Bandpass:          0.5-40.0 Hz
[2026-04-08 15:44:23]   Resample:          128 Hz
[2026-04-08 15:44:23]   CV folds:          5
[2026-04-08 15:44:23]   Learning rate:     0.005
[2026-04-08 15:44:23]   Batch size:        16
[2026-04-08 15:44:23]   Max epochs:        5000

[2026-04-08 15:44:23] Results:
[2026-04-08 15:44:23]   Mean Accuracy:          0.8643 ± 0.2157
[2026-04-08 15:44:23]   Mean Balanced Accuracy: 0.8643 ± 0.2157
