[2026-04-08 16:34:38] Using device: cpu
[2026-04-08 16:34:38] Seed control enabled: True
[2026-04-08 16:34:38] Base seed: 5
[2026-04-08 16:34:38] Seed initialized: 5
[2026-04-08 16:34:38] ======================================================================
[2026-04-08 16:34:38] CONFIGURATION
[2026-04-08 16:34:38] ======================================================================
[2026-04-08 16:34:38]   artifact_dir: /home/vegorov/Repos/eeg_jepa_research/artifacts/lee-2019-fine-tuning
[2026-04-08 16:34:38]   bandpass_high: 40.0
[2026-04-08 16:34:38]   bandpass_low: 0.5
[2026-04-08 16:34:38]   batch_size: 16
[2026-04-08 16:34:38]   convert_to_uV: True
[2026-04-08 16:34:38]   criterion: None
[2026-04-08 16:34:38]   cv_folds: 5
[2026-04-08 16:34:38]   device: auto
[2026-04-08 16:34:38]   early_stopping_patience: 50
[2026-04-08 16:34:38]   learning_rate: None
[2026-04-08 16:34:38]   n_epochs: 5000
[2026-04-08 16:34:38]   normalization_method: None
[2026-04-08 16:34:38]   normalize: False
[2026-04-08 16:34:38]   optimizer: Adam
[2026-04-08 16:34:38]   paradigm: SSVEP
[2026-04-08 16:34:38]   pretrained_url: https://huggingface.co/braindecode/SignalJEPA/resolve/main/signal-jepa_16s-60_adeuwv4s.pth
[2026-04-08 16:34:38]   seed: 5
[2026-04-08 16:34:38]   set_eeg_reference: True
[2026-04-08 16:34:38]   set_seed: True
[2026-04-08 16:34:38]   sfreq: 128
[2026-04-08 16:34:38]   subjects_to_use: [51]
[2026-04-08 16:34:38]   val_split: 0.2
[2026-04-08 16:34:38] ======================================================================
[2026-04-08 16:34:38] Config saved to: /home/vegorov/Repos/eeg_jepa_research/artifacts/lee-2019-fine-tuning/SSVEP/20260408_1634_bf450c77/config.json
[2026-04-08 16:34:38] Epoch window configuration:
[2026-04-08 16:34:38]   Target sfreq:                128 Hz
[2026-04-08 16:34:38]   Target duration:             4.190000 s
[2026-04-08 16:34:38]   Window samples (rounded):    536
[2026-04-08 16:34:38]   Base trial samples (4.0 s):  512
[2026-04-08 16:34:38]   Trial stop offset samples:   24
[2026-04-08 16:34:38]   Effective window duration:   4.187500 s
[2026-04-08 16:34:38] Using specified subjects from config: [51]
[2026-04-08 16:34:38] Selected subjects: [51]
[2026-04-08 16:34:38] Expected evaluation folds: 5

[2026-04-08 16:34:38] Building MOABBDataset for Lee2019_SSVEP...
[2026-04-08 16:34:47] MOABBDataset recordings loaded: 1
[2026-04-08 16:34:47] Discovered annotation descriptions (first recording): [np.str_('12.0'), np.str_('5.45'), np.str_('6.67'), np.str_('8.57')]
[2026-04-08 16:34:47] Dataset event_id mapping: {'12.0': 1, '8.57': 2, '6.67': 3, '5.45': 4}
[2026-04-08 16:34:47] Label map (event_code -> class_index): {1: 0, 2: 1, 3: 2, 4: 3}
[2026-04-08 16:34:47] Applying Braindecode preprocessors to MOABBDataset...
[2026-04-08 16:34:50] Preprocessing complete.

[2026-04-08 16:34:50] Post-preprocessing validation
[2026-04-08 16:34:50]   Recordings in DATASET: 1
[2026-04-08 16:34:50]   Unique subject IDs:    ['51']
[2026-04-08 16:34:50]   sfreq (first rec):     128.0 Hz
[2026-04-08 16:34:50]   EEG channel count:     62
[2026-04-08 16:34:50]   First 10 channels:     ['Fp1', 'Fp2', 'F7', 'F3', 'Fz', 'F4', 'F8', 'FC5', 'FC1', 'FC2']
[2026-04-08 16:34:50] Channel consistency summary:
[2026-04-08 16:34:50]   Checked runs: 1
[2026-04-08 16:34:50]   Unique channel counts: [62]
[2026-04-08 16:34:50]   Channel order consistent: True
[2026-04-08 16:34:50] Validated EEG channels: 62
[2026-04-08 16:34:50] First 10 EEG channels: ['Fp1', 'Fp2', 'F7', 'F3', 'Fz', 'F4', 'F8', 'FC5', 'FC1', 'FC2']
[2026-04-08 16:34:51] raw mean_abs=6.171634e+00
[2026-04-08 16:34:51] raw std=2.711682e+01
[2026-04-08 16:34:51] raw first5 channel std= [26.30865859 34.28250249 10.7360497   9.44349548  8.7842415 ]
[2026-04-08 16:34:51] Requested window samples: 536
[2026-04-08 16:34:51] Base trial samples:       512
[2026-04-08 16:34:51] Stop offset samples:      24
[2026-04-08 16:34:51] Global class counts: [25, 25, 25, 25]
[2026-04-08 16:34:51] Chance level (4-class): 0.25
[2026-04-08 16:34:51] One window shape: (62, 536)
[2026-04-08 16:34:51] One window label: 1
[2026-04-08 16:34:51] Window sample length expected=536, got=536
[2026-04-08 16:34:51] Subjects in window split: [51]
[2026-04-08 16:34:51] Summarizing per-subject windows...
[2026-04-08 16:34:51]   Subject 51: n_windows=100, window_shape=(62, 536), class_counts=[25, 25, 25, 25]
[2026-04-08 16:34:51]    subject_id  n_windows  n_channels  n_times      class_counts
0          51        100          62      536  [25, 25, 25, 25]
[2026-04-08 16:34:51] Window validation summary:
[2026-04-08 16:34:51]   Subject 51: n_windows=100 class_counts=[25, 25, 25, 25]

[2026-04-08 16:34:51] Validated sampling rate target: 128 Hz
[2026-04-08 16:34:51] Validated window sample count:   536
[2026-04-08 16:34:51] Validated window duration:       4.1875 s
[2026-04-08 16:34:51] Validated channel count:         62
[2026-04-08 16:34:51] Total windows retained:          100
[2026-04-08 16:34:51] Preprocessing sanity checks:
[2026-04-08 16:34:51]   One sample label: 1
[2026-04-08 16:34:51]   One sample shape: (62, 536)
[2026-04-08 16:34:51]   Mean(abs(signal)): 3.550500e+00
[2026-04-08 16:34:51]   Mean(signal):      1.836638e-09
[2026-04-08 16:34:51]   Std(signal):       5.141682e+00
[2026-04-08 16:34:51] Building model with input window duration: 4.1875 s
[2026-04-08 16:34:51] SignalJEPA_PreLocal instantiated successfully.
[2026-04-08 16:34:51]   Total parameters:     18,192
[2026-04-08 16:34:51]   Trainable parameters: 18,192
[2026-04-08 16:34:51] ======================================================================================================================================================
Layer (type (var_name):depth-idx)                  Input Shape               Output Shape              Param #                   Kernel Shape
======================================================================================================================================================
SignalJEPA_PreLocal (SignalJEPA_PreLocal)          [1, 62, 536]              [1, 4]                    --                        --
├─Sequential (spatial_conv): 1-1                   [1, 62, 536]              [1, 4, 536]               --                        --
│    └─Rearrange (0): 2-1                          [1, 62, 536]              [1, 1, 62, 536]           --                        --
│    └─Conv2d (1): 2-2                             [1, 1, 62, 536]           [1, 4, 1, 536]            252                       [62, 1]
│    └─Rearrange (2): 2-3                          [1, 4, 1, 536]            [1, 4, 536]               --                        --
├─_ConvFeatureEncoder (feature_encoder): 1-2       [1, 4, 536]               [1, 16, 64]               --                        --
│    └─Rearrange (0): 2-4                          [1, 4, 536]               [4, 1, 536]               --                        --
│    └─Sequential (1): 2-5                         [4, 1, 536]               [4, 8, 64]                --                        --
│    │    └─Conv1d (0): 3-1                        [4, 1, 536]               [4, 8, 64]                256                       [32]
│    │    └─Dropout (1): 3-2                       [4, 8, 64]                [4, 8, 64]                --                        --
│    │    └─GroupNorm (2): 3-3                     [4, 8, 64]                [4, 8, 64]                16                        --
│    │    └─GELU (3): 3-4                          [4, 8, 64]                [4, 8, 64]                --                        --
│    └─Sequential (2): 2-6                         [4, 8, 64]                [4, 16, 32]               --                        --
│    │    └─Conv1d (0): 3-5                        [4, 8, 64]                [4, 16, 32]               256                       [2]
│    │    └─Dropout (1): 3-6                       [4, 16, 32]               [4, 16, 32]               --                        --
│    │    └─GELU (2): 3-7                          [4, 16, 32]               [4, 16, 32]               --                        --
│    └─Sequential (3): 2-7                         [4, 16, 32]               [4, 32, 16]               --                        --
│    │    └─Conv1d (0): 3-8                        [4, 16, 32]               [4, 32, 16]               1,024                     [2]
│    │    └─Dropout (1): 3-9                       [4, 32, 16]               [4, 32, 16]               --                        --
│    │    └─GELU (2): 3-10                         [4, 32, 16]               [4, 32, 16]               --                        --
│    └─Sequential (4): 2-8                         [4, 32, 16]               [4, 64, 8]                --                        --
│    │    └─Conv1d (0): 3-11                       [4, 32, 16]               [4, 64, 8]                4,096                     [2]
│    │    └─Dropout (1): 3-12                      [4, 64, 8]                [4, 64, 8]                --                        --
│    │    └─GELU (2): 3-13                         [4, 64, 8]                [4, 64, 8]                --                        --
│    └─Sequential (5): 2-9                         [4, 64, 8]                [4, 64, 4]                --                        --
│    │    └─Conv1d (0): 3-14                       [4, 64, 8]                [4, 64, 4]                8,192                     [2]
│    │    └─Dropout (1): 3-15                      [4, 64, 4]                [4, 64, 4]                --                        --
│    │    └─GELU (2): 3-16                         [4, 64, 4]                [4, 64, 4]                --                        --
│    └─Rearrange (6): 2-10                         [4, 64, 4]                [1, 16, 64]               --                        --
├─Sequential (final_layer): 1-3                    [1, 16, 64]               [1, 4]                    --                        --
│    └─Flatten (0): 2-11                           [1, 16, 64]               [1, 1024]                 --                        --
│    └─Linear (1): 2-12                            [1, 1024]                 [1, 4]                    4,100                     --
======================================================================================================================================================
Total params: 18,192
Trainable params: 18,192
Non-trainable params: 0
Total mult-adds (Units.MEGABYTES): 0.57
======================================================================================================================================================
Input size (MB): 0.13
Forward/backward pass size (MB): 0.11
Params size (MB): 0.07
Estimated Total Size (MB): 0.31
======================================================================================================================================================
[2026-04-08 16:34:51] Initializing from 16s-60 pretrained checkpoint (Hugging Face):
[2026-04-08 16:34:51]   https://huggingface.co/braindecode/SignalJEPA/resolve/main/signal-jepa_16s-60_adeuwv4s.pth
[2026-04-08 16:34:51]   Downloaded 179 keys
[2026-04-08 16:34:51] ======================================================================
[2026-04-08 16:34:51] STARTING CROSS-VALIDATION
[2026-04-08 16:34:51] ======================================================================
[2026-04-08 16:34:51] Subjects:      [51]
[2026-04-08 16:34:51] CV folds:      5
[2026-04-08 16:34:51] Batch size:    16
[2026-04-08 16:34:51] Max epochs:    5000
[2026-04-08 16:34:51] Device:        cpu
[2026-04-08 16:34:51] Seed control:  True
[2026-04-08 16:34:51] Base seed:     5
[2026-04-08 16:34:51] ======================================================================

[2026-04-08 16:34:51] Subject 51: 100 windows | class_counts=[25, 25, 25, 25]
[2026-04-08 16:34:51]   Fold 1 class counts: train=[16, 16, 16, 16] val=[4, 4, 4, 4] test=[5, 5, 5, 5]
[2026-04-08 16:34:51]   Fold 2 class counts: train=[16, 16, 16, 16] val=[4, 4, 4, 4] test=[5, 5, 5, 5]
[2026-04-08 16:34:51]   Fold 3 class counts: train=[16, 16, 16, 16] val=[4, 4, 4, 4] test=[5, 5, 5, 5]
[2026-04-08 16:34:51]   Fold 4 class counts: train=[16, 16, 16, 16] val=[4, 4, 4, 4] test=[5, 5, 5, 5]
[2026-04-08 16:34:51]   Fold 5 class counts: train=[16, 16, 16, 16] val=[4, 4, 4, 4] test=[5, 5, 5, 5]
[2026-04-08 16:34:51]     Train class counts: [16, 16, 16, 16]
[2026-04-08 16:34:51]     Val class counts:   [4, 4, 4, 4]
[2026-04-08 16:34:51]     Test class counts:  [5, 5, 5, 5]
[2026-04-08 16:34:51] Building model with input window duration: 4.1875 s
[2026-04-08 16:34:51] Pretrained weight loading:
[2026-04-08 16:34:51]   Downloaded keys:        179
[2026-04-08 16:34:51]   Filtered (transformer): 172
[2026-04-08 16:34:51]   Filtered (pos_encoder): 0
[2026-04-08 16:34:51]   Keys to load:           7
[2026-04-08 16:34:51]   Missing keys:           4
[2026-04-08 16:34:51]   Unexpected keys:        0
[2026-04-08 16:34:51]   Missing preview:        ['spatial_conv.1.weight', 'spatial_conv.1.bias', 'final_layer.1.weight', 'final_layer.1.bias']
[2026-04-08 16:34:51]   Unexpected preview:     []
[2026-04-08 16:34:51] Trainable modules: spatial_conv + final_layer (4,352 / 18,192 params, 23.9%)
[2026-04-08 16:34:51]   - final_layer.1.bias
[2026-04-08 16:34:51]   - final_layer.1.weight
[2026-04-08 16:34:51]   - spatial_conv.1.bias
[2026-04-08 16:34:51]   - spatial_conv.1.weight
[2026-04-08 16:34:51]   Fold 1/5 | best_epoch=1 | stop=51 | val_loss=1.3868 | acc=0.0500 | bal_acc=0.0500
[2026-04-08 16:34:51]     Train class counts: [16, 16, 16, 16]
[2026-04-08 16:34:51]     Val class counts:   [4, 4, 4, 4]
[2026-04-08 16:34:51]     Test class counts:  [5, 5, 5, 5]
[2026-04-08 16:34:51] Building model with input window duration: 4.1875 s
[2026-04-08 16:34:51] Pretrained weight loading:
[2026-04-08 16:34:51]   Downloaded keys:        179
[2026-04-08 16:34:51]   Filtered (transformer): 172
[2026-04-08 16:34:51]   Filtered (pos_encoder): 0
[2026-04-08 16:34:51]   Keys to load:           7
[2026-04-08 16:34:51]   Missing keys:           4
[2026-04-08 16:34:51]   Unexpected keys:        0
[2026-04-08 16:34:51]   Missing preview:        ['spatial_conv.1.weight', 'spatial_conv.1.bias', 'final_layer.1.weight', 'final_layer.1.bias']
[2026-04-08 16:34:51]   Unexpected preview:     []
[2026-04-08 16:34:53]   Fold 2/5 | best_epoch=58 | stop=108 | val_loss=1.1243 | acc=0.4500 | bal_acc=0.4500
[2026-04-08 16:34:53]     Train class counts: [16, 16, 16, 16]
[2026-04-08 16:34:53]     Val class counts:   [4, 4, 4, 4]
[2026-04-08 16:34:53]     Test class counts:  [5, 5, 5, 5]
[2026-04-08 16:34:53] Building model with input window duration: 4.1875 s
[2026-04-08 16:34:53] Pretrained weight loading:
[2026-04-08 16:34:53]   Downloaded keys:        179
[2026-04-08 16:34:53]   Filtered (transformer): 172
[2026-04-08 16:34:53]   Filtered (pos_encoder): 0
[2026-04-08 16:34:53]   Keys to load:           7
[2026-04-08 16:34:53]   Missing keys:           4
[2026-04-08 16:34:53]   Unexpected keys:        0
[2026-04-08 16:34:53]   Missing preview:        ['spatial_conv.1.weight', 'spatial_conv.1.bias', 'final_layer.1.weight', 'final_layer.1.bias']
[2026-04-08 16:34:53]   Unexpected preview:     []
[2026-04-08 16:34:56]   Fold 3/5 | best_epoch=173 | stop=223 | val_loss=1.0261 | acc=0.4000 | bal_acc=0.4000
[2026-04-08 16:34:56]     Train class counts: [16, 16, 16, 16]
[2026-04-08 16:34:56]     Val class counts:   [4, 4, 4, 4]
[2026-04-08 16:34:56]     Test class counts:  [5, 5, 5, 5]
[2026-04-08 16:34:56] Building model with input window duration: 4.1875 s
[2026-04-08 16:34:56] Pretrained weight loading:
[2026-04-08 16:34:56]   Downloaded keys:        179
[2026-04-08 16:34:56]   Filtered (transformer): 172
[2026-04-08 16:34:56]   Filtered (pos_encoder): 0
[2026-04-08 16:34:56]   Keys to load:           7
[2026-04-08 16:34:56]   Missing keys:           4
[2026-04-08 16:34:56]   Unexpected keys:        0
[2026-04-08 16:34:56]   Missing preview:        ['spatial_conv.1.weight', 'spatial_conv.1.bias', 'final_layer.1.weight', 'final_layer.1.bias']
[2026-04-08 16:34:56]   Unexpected preview:     []
[2026-04-08 16:34:57]   Fold 4/5 | best_epoch=60 | stop=110 | val_loss=1.2577 | acc=0.4500 | bal_acc=0.4500
[2026-04-08 16:34:57]     Train class counts: [16, 16, 16, 16]
[2026-04-08 16:34:57]     Val class counts:   [4, 4, 4, 4]
[2026-04-08 16:34:57]     Test class counts:  [5, 5, 5, 5]
[2026-04-08 16:34:57] Building model with input window duration: 4.1875 s
[2026-04-08 16:34:57] Pretrained weight loading:
[2026-04-08 16:34:57]   Downloaded keys:        179
[2026-04-08 16:34:57]   Filtered (transformer): 172
[2026-04-08 16:34:57]   Filtered (pos_encoder): 0
[2026-04-08 16:34:57]   Keys to load:           7
[2026-04-08 16:34:57]   Missing keys:           4
[2026-04-08 16:34:57]   Unexpected keys:        0
[2026-04-08 16:34:57]   Missing preview:        ['spatial_conv.1.weight', 'spatial_conv.1.bias', 'final_layer.1.weight', 'final_layer.1.bias']
[2026-04-08 16:34:57]   Unexpected preview:     []
[2026-04-08 16:34:58]   Fold 5/5 | best_epoch=2 | stop=52 | val_loss=1.3852 | acc=0.1500 | bal_acc=0.1500
[2026-04-08 16:34:58]   Subject 51 summary: acc=0.3000±0.1673  bal_acc=0.3000±0.1673

[2026-04-08 16:34:58] Total folds completed: 5
[2026-04-08 16:34:58] ======================================================================
[2026-04-08 16:34:58] AGGREGATED RESULTS
[2026-04-08 16:34:58] ======================================================================
[2026-04-08 16:34:58]   Subject 51:  acc=0.3000±0.1673  bal_acc=0.3000±0.1673
[2026-04-08 16:34:58] ----------------------------------------------------------------------
[2026-04-08 16:34:58]   OVERALL:      acc=0.3000±0.1673  bal_acc=0.3000±0.1673
[2026-04-08 16:34:58] ======================================================================
[2026-04-08 16:34:58] CV results saved to:      /home/vegorov/Repos/eeg_jepa_research/artifacts/lee-2019-fine-tuning/SSVEP/20260408_1634_bf450c77/cv_results.json
[2026-04-08 16:34:58] Subject metrics saved to: /home/vegorov/Repos/eeg_jepa_research/artifacts/lee-2019-fine-tuning/SSVEP/20260408_1634_bf450c77/subject_metrics.json
[2026-04-08 16:34:58] Global metrics saved to:  /home/vegorov/Repos/eeg_jepa_research/artifacts/lee-2019-fine-tuning/SSVEP/20260408_1634_bf450c77/global_metrics.json
[2026-04-08 16:34:58] Run metadata saved to:    /home/vegorov/Repos/eeg_jepa_research/artifacts/lee-2019-fine-tuning/SSVEP/20260408_1634_bf450c77/run_metadata.json

[2026-04-08 16:34:58] All artifacts in: /home/vegorov/Repos/eeg_jepa_research/artifacts/lee-2019-fine-tuning/SSVEP/20260408_1634_bf450c77

[2026-04-08 16:34:58] ======================================================================
[2026-04-08 16:34:58] EXPERIMENT SUMMARY
[2026-04-08 16:34:58] ======================================================================
[2026-04-08 16:34:58] Run ID:    20260408_1634_bf450c77
[2026-04-08 16:34:58] Artifacts: /home/vegorov/Repos/eeg_jepa_research/artifacts/lee-2019-fine-tuning/SSVEP/20260408_1634_bf450c77

[2026-04-08 16:34:58] Configuration:
[2026-04-08 16:34:58]   Subjects:          [51]
[2026-04-08 16:34:58]   Bandpass:          0.5-40.0 Hz
[2026-04-08 16:34:58]   Resample:          128 Hz
[2026-04-08 16:34:58]   CV folds:          5
[2026-04-08 16:34:58]   Learning rate:     None
[2026-04-08 16:34:58]   Batch size:        16
[2026-04-08 16:34:58]   Max epochs:        5000

[2026-04-08 16:34:58] Results:
[2026-04-08 16:34:58]   Mean Accuracy:          0.3000 ± 0.1673
[2026-04-08 16:34:58]   Mean Balanced Accuracy: 0.3000 ± 0.1673
