[2026-04-23 15:13:31] Using device: cpu
[2026-04-23 15:13:31] Seed control disabled (CONFIG['set_seed'] = False)
[2026-04-23 15:13:31] ======================================================================
[2026-04-23 15:13:31] CONFIGURATION
[2026-04-23 15:13:31] ======================================================================
[2026-04-23 15:13:31]   artifact_dir: /home/vegorov/Repos/eeg_jepa_research/artifacts/lee-2019-fine-tuning
[2026-04-23 15:13:31]   bandpass_high: 40.0
[2026-04-23 15:13:31]   bandpass_low: 0.5
[2026-04-23 15:13:31]   batch_size: 32
[2026-04-23 15:13:31]   cv_folds: 5
[2026-04-23 15:13:31]   early_stopping_patience: 50
[2026-04-23 15:13:31]   learning_rate: 0.001
[2026-04-23 15:13:31]   model_name: SignalJEPA_PostLocal
[2026-04-23 15:13:31]   n_epochs: 5000
[2026-04-23 15:13:31]   paradigm: MI
[2026-04-23 15:13:31]   seed: 12
[2026-04-23 15:13:31]   set_seed: False
[2026-04-23 15:13:31]   sfreq: 128
[2026-04-23 15:13:31]   strategy: full
[2026-04-23 15:13:31]   subjects_to_use: None
[2026-04-23 15:13:31]   val_split: 0.2
[2026-04-23 15:13:31]   warmup_epochs: 10
[2026-04-23 15:13:31] ======================================================================
[2026-04-23 15:13:31] Config saved to: /home/vegorov/Repos/eeg_jepa_research/artifacts/lee-2019-fine-tuning/MI/20260423_1513_1e0c0f1d/config.json
[2026-04-23 15:13:31] Epoch window configuration:
[2026-04-23 15:13:31]   Target sfreq:                128 Hz
[2026-04-23 15:13:31]   Requested duration:          4.20 s
[2026-04-23 15:13:31]   Expected window samples:     537

[2026-04-23 15:13:31] Preprocessed concat dataset exists: True (checked at: /home/vegorov/Repos/eeg_jepa_research/preprocessed_concat_datasets/MI_subjects_48_49_50_51_52_53_54)
[2026-04-23 15:13:32] Loaded raw concat dataset from: /home/vegorov/Repos/eeg_jepa_research/preprocessed_concat_datasets/MI_subjects_48_49_50_51_52_53_54

[2026-04-23 15:13:32] Post-load raw validation
[2026-04-23 15:13:32]   Recordings in LOADED_DATASET:   14
[2026-04-23 15:13:32]   Unique subject IDs:             ['48', '49', '50', '51', '52', '53', '54']
[2026-04-23 15:13:32]   sfreq (first rec):              128.0 Hz
[2026-04-23 15:13:32]   EEG channel count:              62
[2026-04-23 15:13:32] Window shape: (62, 537)
[2026-04-23 15:13:32] Window sample length expected=537, got=537
[2026-04-23 15:13:32] Global class counts: [700, 700]
[2026-04-23 15:13:32] Chance level (2-class): 0.50
[2026-04-23 15:13:32] Summarizing per-subject windows...
[2026-04-23 15:13:32]   Subject 48: n_windows=200, window_shape=(62, 537), class_counts=[100, 100]
[2026-04-23 15:13:32]   Subject 49: n_windows=200, window_shape=(62, 537), class_counts=[100, 100]
[2026-04-23 15:13:32]   Subject 50: n_windows=200, window_shape=(62, 537), class_counts=[100, 100]
[2026-04-23 15:13:32]   Subject 51: n_windows=200, window_shape=(62, 537), class_counts=[100, 100]
[2026-04-23 15:13:32]   Subject 52: n_windows=200, window_shape=(62, 537), class_counts=[100, 100]
[2026-04-23 15:13:32]   Subject 53: n_windows=200, window_shape=(62, 537), class_counts=[100, 100]
[2026-04-23 15:13:32]   Subject 54: n_windows=200, window_shape=(62, 537), class_counts=[100, 100]
[2026-04-23 15:13:33] SignalJEPA_PostLocal instantiated successfully from braindecode/signal-jepa_without-chans.
[2026-04-23 15:13:33]   Total parameters:     16,142
[2026-04-23 15:13:33]   Trainable parameters: 16,142
[2026-04-23 15:13:33] ======================================================================
[2026-04-23 15:13:33] STARTING CROSS-VALIDATION
[2026-04-23 15:13:33] ======================================================================
[2026-04-23 15:13:33] Subjects:      [48, 49, 50, 51, 52, 53, 54]
[2026-04-23 15:13:33] Paradigm:      MI
[2026-04-23 15:13:33] Model:         SignalJEPA_PostLocal
[2026-04-23 15:13:33] Strategy:      full
[2026-04-23 15:13:33] Warm-up epochs:10
[2026-04-23 15:13:33] CV folds:      5
[2026-04-23 15:13:33] Batch size:    32
[2026-04-23 15:13:33] Learning rate: 0.001
[2026-04-23 15:13:33] Max epochs:    5000
[2026-04-23 15:13:33] Device:        cpu
[2026-04-23 15:13:33] Seed control:  False
[2026-04-23 15:13:33] CV seed:       12
[2026-04-23 15:13:33] ======================================================================

[2026-04-23 15:13:33] Subject 48: 200 windows | class_counts=[100, 100]
[2026-04-23 15:13:34]     Downstream model:        SignalJEPA_PostLocal
[2026-04-23 15:13:34]     Fine-tune strategy:      full
[2026-04-23 15:13:34]     Warm-up epochs:          10
[2026-04-23 15:13:34]     Pretrained loading path: from_pretrained
[2026-04-23 15:13:34]     Pretrained repo:         braindecode/signal-jepa_without-chans
[2026-04-23 15:13:34]     Phase 1 (warmup):
[2026-04-23 15:13:34]       Trainable groups: ['final_layer.']
[2026-04-23 15:13:34]       Total params:     16,142
[2026-04-23 15:13:34]       Trainable params: 2,302
[2026-04-23 15:13:34]       Trainable pct:    14.26%
[2026-04-23 15:13:34]       Trainable parameter names: ['final_layer.spat_conv.weight', 'final_layer.spat_conv.bias', 'final_layer.linear.weight', 'final_layer.linear.bias']
[2026-04-23 15:13:35]     Phase 2 (full):
[2026-04-23 15:13:35]       Trainable groups: ['all_parameters']
[2026-04-23 15:13:35]       Total params:     16,142
[2026-04-23 15:13:35]       Trainable params: 16,142
[2026-04-23 15:13:35]       Trainable pct:    100.00%
[2026-04-23 15:13:35]       Trainable parameter names: ['feature_encoder.1.0.weight', 'feature_encoder.1.2.weight', 'feature_encoder.1.2.bias', 'feature_encoder.2.0.weight', 'feature_encoder.3.0.weight', 'feature_encoder.4.0.weight', 'feature_encoder.5.0.weight', 'final_layer.spat_conv.weight', 'final_layer.spat_conv.bias', 'final_layer.linear.weight', 'final_layer.linear.bias']
[2026-04-23 15:16:32]   Fold 1/5 | best_epoch=23 | stop=5000 | val_loss=0.6792 | acc=0.5500 | bal_acc=0.5500 | roc_auc=N/A
[2026-04-23 15:16:33]     Downstream model:        SignalJEPA_PostLocal
[2026-04-23 15:16:33]     Fine-tune strategy:      full
[2026-04-23 15:16:33]     Warm-up epochs:          10
[2026-04-23 15:16:33]     Pretrained loading path: from_pretrained
[2026-04-23 15:16:33]     Pretrained repo:         braindecode/signal-jepa_without-chans
[2026-04-23 15:16:33]     Phase 1 (warmup):
[2026-04-23 15:16:33]       Trainable groups: ['final_layer.']
[2026-04-23 15:16:33]       Total params:     16,142
[2026-04-23 15:16:33]       Trainable params: 2,302
[2026-04-23 15:16:33]       Trainable pct:    14.26%
[2026-04-23 15:16:33]       Trainable parameter names: ['final_layer.spat_conv.weight', 'final_layer.spat_conv.bias', 'final_layer.linear.weight', 'final_layer.linear.bias']
[2026-04-23 15:16:33]     Phase 2 (full):
[2026-04-23 15:16:33]       Trainable groups: ['all_parameters']
[2026-04-23 15:16:33]       Total params:     16,142
[2026-04-23 15:16:33]       Trainable params: 16,142
[2026-04-23 15:16:33]       Trainable pct:    100.00%
[2026-04-23 15:16:33]       Trainable parameter names: ['feature_encoder.1.0.weight', 'feature_encoder.1.2.weight', 'feature_encoder.1.2.bias', 'feature_encoder.2.0.weight', 'feature_encoder.3.0.weight', 'feature_encoder.4.0.weight', 'feature_encoder.5.0.weight', 'final_layer.spat_conv.weight', 'final_layer.spat_conv.bias', 'final_layer.linear.weight', 'final_layer.linear.bias']
[2026-04-23 15:19:32]   Fold 2/5 | best_epoch=17 | stop=5000 | val_loss=0.6698 | acc=0.7000 | bal_acc=0.7000 | roc_auc=N/A
[2026-04-23 15:19:32]     Downstream model:        SignalJEPA_PostLocal
[2026-04-23 15:19:32]     Fine-tune strategy:      full
[2026-04-23 15:19:32]     Warm-up epochs:          10
[2026-04-23 15:19:32]     Pretrained loading path: from_pretrained
[2026-04-23 15:19:32]     Pretrained repo:         braindecode/signal-jepa_without-chans
[2026-04-23 15:19:32]     Phase 1 (warmup):
[2026-04-23 15:19:32]       Trainable groups: ['final_layer.']
[2026-04-23 15:19:32]       Total params:     16,142
[2026-04-23 15:19:32]       Trainable params: 2,302
[2026-04-23 15:19:32]       Trainable pct:    14.26%
[2026-04-23 15:19:32]       Trainable parameter names: ['final_layer.spat_conv.weight', 'final_layer.spat_conv.bias', 'final_layer.linear.weight', 'final_layer.linear.bias']
[2026-04-23 15:19:33]     Phase 2 (full):
[2026-04-23 15:19:33]       Trainable groups: ['all_parameters']
[2026-04-23 15:19:33]       Total params:     16,142
[2026-04-23 15:19:33]       Trainable params: 16,142
[2026-04-23 15:19:33]       Trainable pct:    100.00%
[2026-04-23 15:19:33]       Trainable parameter names: ['feature_encoder.1.0.weight', 'feature_encoder.1.2.weight', 'feature_encoder.1.2.bias', 'feature_encoder.2.0.weight', 'feature_encoder.3.0.weight', 'feature_encoder.4.0.weight', 'feature_encoder.5.0.weight', 'final_layer.spat_conv.weight', 'final_layer.spat_conv.bias', 'final_layer.linear.weight', 'final_layer.linear.bias']
[2026-04-23 15:22:30]   Fold 3/5 | best_epoch=3 | stop=5000 | val_loss=0.6926 | acc=0.5750 | bal_acc=0.5750 | roc_auc=N/A
[2026-04-23 15:22:31]     Downstream model:        SignalJEPA_PostLocal
[2026-04-23 15:22:31]     Fine-tune strategy:      full
[2026-04-23 15:22:31]     Warm-up epochs:          10
[2026-04-23 15:22:31]     Pretrained loading path: from_pretrained
[2026-04-23 15:22:31]     Pretrained repo:         braindecode/signal-jepa_without-chans
[2026-04-23 15:22:31]     Phase 1 (warmup):
[2026-04-23 15:22:31]       Trainable groups: ['final_layer.']
[2026-04-23 15:22:31]       Total params:     16,142
[2026-04-23 15:22:31]       Trainable params: 2,302
[2026-04-23 15:22:31]       Trainable pct:    14.26%
[2026-04-23 15:22:31]       Trainable parameter names: ['final_layer.spat_conv.weight', 'final_layer.spat_conv.bias', 'final_layer.linear.weight', 'final_layer.linear.bias']
[2026-04-23 15:22:31]     Phase 2 (full):
[2026-04-23 15:22:31]       Trainable groups: ['all_parameters']
[2026-04-23 15:22:31]       Total params:     16,142
[2026-04-23 15:22:31]       Trainable params: 16,142
[2026-04-23 15:22:31]       Trainable pct:    100.00%
[2026-04-23 15:22:31]       Trainable parameter names: ['feature_encoder.1.0.weight', 'feature_encoder.1.2.weight', 'feature_encoder.1.2.bias', 'feature_encoder.2.0.weight', 'feature_encoder.3.0.weight', 'feature_encoder.4.0.weight', 'feature_encoder.5.0.weight', 'final_layer.spat_conv.weight', 'final_layer.spat_conv.bias', 'final_layer.linear.weight', 'final_layer.linear.bias']
[2026-04-23 15:25:29]   Fold 4/5 | best_epoch=6 | stop=5000 | val_loss=0.6931 | acc=0.5250 | bal_acc=0.5250 | roc_auc=N/A
[2026-04-23 15:25:30]     Downstream model:        SignalJEPA_PostLocal
[2026-04-23 15:25:30]     Fine-tune strategy:      full
[2026-04-23 15:25:30]     Warm-up epochs:          10
[2026-04-23 15:25:30]     Pretrained loading path: from_pretrained
[2026-04-23 15:25:30]     Pretrained repo:         braindecode/signal-jepa_without-chans
[2026-04-23 15:25:30]     Phase 1 (warmup):
[2026-04-23 15:25:30]       Trainable groups: ['final_layer.']
[2026-04-23 15:25:30]       Total params:     16,142
[2026-04-23 15:25:30]       Trainable params: 2,302
[2026-04-23 15:25:30]       Trainable pct:    14.26%
[2026-04-23 15:25:30]       Trainable parameter names: ['final_layer.spat_conv.weight', 'final_layer.spat_conv.bias', 'final_layer.linear.weight', 'final_layer.linear.bias']
[2026-04-23 15:25:30]     Phase 2 (full):
[2026-04-23 15:25:30]       Trainable groups: ['all_parameters']
[2026-04-23 15:25:30]       Total params:     16,142
[2026-04-23 15:25:30]       Trainable params: 16,142
[2026-04-23 15:25:30]       Trainable pct:    100.00%
[2026-04-23 15:25:30]       Trainable parameter names: ['feature_encoder.1.0.weight', 'feature_encoder.1.2.weight', 'feature_encoder.1.2.bias', 'feature_encoder.2.0.weight', 'feature_encoder.3.0.weight', 'feature_encoder.4.0.weight', 'feature_encoder.5.0.weight', 'final_layer.spat_conv.weight', 'final_layer.spat_conv.bias', 'final_layer.linear.weight', 'final_layer.linear.bias']
[2026-04-23 15:28:28]   Fold 5/5 | best_epoch=15 | stop=5000 | val_loss=0.6842 | acc=0.6500 | bal_acc=0.6500 | roc_auc=N/A
[2026-04-23 15:28:28]   Subject 48 summary: acc=0.6000±0.0652  bal_acc=0.6000±0.0652  roc_auc=N/A

[2026-04-23 15:28:28] Subject 49: 200 windows | class_counts=[100, 100]
[2026-04-23 15:28:29]     Downstream model:        SignalJEPA_PostLocal
[2026-04-23 15:28:29]     Fine-tune strategy:      full
[2026-04-23 15:28:29]     Warm-up epochs:          10
[2026-04-23 15:28:29]     Pretrained loading path: from_pretrained
[2026-04-23 15:28:29]     Pretrained repo:         braindecode/signal-jepa_without-chans
[2026-04-23 15:28:29]     Phase 1 (warmup):
[2026-04-23 15:28:29]       Trainable groups: ['final_layer.']
[2026-04-23 15:28:29]       Total params:     16,142
[2026-04-23 15:28:29]       Trainable params: 2,302
[2026-04-23 15:28:29]       Trainable pct:    14.26%
[2026-04-23 15:28:29]       Trainable parameter names: ['final_layer.spat_conv.weight', 'final_layer.spat_conv.bias', 'final_layer.linear.weight', 'final_layer.linear.bias']
[2026-04-23 15:28:29]     Phase 2 (full):
[2026-04-23 15:28:29]       Trainable groups: ['all_parameters']
[2026-04-23 15:28:29]       Total params:     16,142
[2026-04-23 15:28:29]       Trainable params: 16,142
[2026-04-23 15:28:29]       Trainable pct:    100.00%
[2026-04-23 15:28:29]       Trainable parameter names: ['feature_encoder.1.0.weight', 'feature_encoder.1.2.weight', 'feature_encoder.1.2.bias', 'feature_encoder.2.0.weight', 'feature_encoder.3.0.weight', 'feature_encoder.4.0.weight', 'feature_encoder.5.0.weight', 'final_layer.spat_conv.weight', 'final_layer.spat_conv.bias', 'final_layer.linear.weight', 'final_layer.linear.bias']
[2026-04-23 15:31:27]   Fold 1/5 | best_epoch=15 | stop=5000 | val_loss=0.6681 | acc=0.6000 | bal_acc=0.6000 | roc_auc=N/A
[2026-04-23 15:31:28]     Downstream model:        SignalJEPA_PostLocal
[2026-04-23 15:31:28]     Fine-tune strategy:      full
[2026-04-23 15:31:28]     Warm-up epochs:          10
[2026-04-23 15:31:28]     Pretrained loading path: from_pretrained
[2026-04-23 15:31:28]     Pretrained repo:         braindecode/signal-jepa_without-chans
[2026-04-23 15:31:28]     Phase 1 (warmup):
[2026-04-23 15:31:28]       Trainable groups: ['final_layer.']
[2026-04-23 15:31:28]       Total params:     16,142
[2026-04-23 15:31:28]       Trainable params: 2,302
[2026-04-23 15:31:28]       Trainable pct:    14.26%
[2026-04-23 15:31:28]       Trainable parameter names: ['final_layer.spat_conv.weight', 'final_layer.spat_conv.bias', 'final_layer.linear.weight', 'final_layer.linear.bias']
[2026-04-23 15:31:28]     Phase 2 (full):
[2026-04-23 15:31:28]       Trainable groups: ['all_parameters']
[2026-04-23 15:31:28]       Total params:     16,142
[2026-04-23 15:31:28]       Trainable params: 16,142
[2026-04-23 15:31:28]       Trainable pct:    100.00%
[2026-04-23 15:31:28]       Trainable parameter names: ['feature_encoder.1.0.weight', 'feature_encoder.1.2.weight', 'feature_encoder.1.2.bias', 'feature_encoder.2.0.weight', 'feature_encoder.3.0.weight', 'feature_encoder.4.0.weight', 'feature_encoder.5.0.weight', 'final_layer.spat_conv.weight', 'final_layer.spat_conv.bias', 'final_layer.linear.weight', 'final_layer.linear.bias']
[2026-04-23 15:34:27]   Fold 2/5 | best_epoch=13 | stop=5000 | val_loss=0.6917 | acc=0.7500 | bal_acc=0.7500 | roc_auc=N/A
[2026-04-23 15:34:28]     Downstream model:        SignalJEPA_PostLocal
[2026-04-23 15:34:28]     Fine-tune strategy:      full
[2026-04-23 15:34:28]     Warm-up epochs:          10
[2026-04-23 15:34:28]     Pretrained loading path: from_pretrained
[2026-04-23 15:34:28]     Pretrained repo:         braindecode/signal-jepa_without-chans
[2026-04-23 15:34:28]     Phase 1 (warmup):
[2026-04-23 15:34:28]       Trainable groups: ['final_layer.']
[2026-04-23 15:34:28]       Total params:     16,142
[2026-04-23 15:34:28]       Trainable params: 2,302
[2026-04-23 15:34:28]       Trainable pct:    14.26%
[2026-04-23 15:34:28]       Trainable parameter names: ['final_layer.spat_conv.weight', 'final_layer.spat_conv.bias', 'final_layer.linear.weight', 'final_layer.linear.bias']
[2026-04-23 15:34:28]     Phase 2 (full):
[2026-04-23 15:34:28]       Trainable groups: ['all_parameters']
[2026-04-23 15:34:28]       Total params:     16,142
[2026-04-23 15:34:28]       Trainable params: 16,142
[2026-04-23 15:34:28]       Trainable pct:    100.00%
[2026-04-23 15:34:28]       Trainable parameter names: ['feature_encoder.1.0.weight', 'feature_encoder.1.2.weight', 'feature_encoder.1.2.bias', 'feature_encoder.2.0.weight', 'feature_encoder.3.0.weight', 'feature_encoder.4.0.weight', 'feature_encoder.5.0.weight', 'final_layer.spat_conv.weight', 'final_layer.spat_conv.bias', 'final_layer.linear.weight', 'final_layer.linear.bias']
[2026-04-23 15:37:28]   Fold 3/5 | best_epoch=3 | stop=5000 | val_loss=0.6943 | acc=0.6750 | bal_acc=0.6750 | roc_auc=N/A
[2026-04-23 15:37:29]     Downstream model:        SignalJEPA_PostLocal
[2026-04-23 15:37:29]     Fine-tune strategy:      full
[2026-04-23 15:37:29]     Warm-up epochs:          10
[2026-04-23 15:37:29]     Pretrained loading path: from_pretrained
[2026-04-23 15:37:29]     Pretrained repo:         braindecode/signal-jepa_without-chans
[2026-04-23 15:37:29]     Phase 1 (warmup):
[2026-04-23 15:37:29]       Trainable groups: ['final_layer.']
[2026-04-23 15:37:29]       Total params:     16,142
[2026-04-23 15:37:29]       Trainable params: 2,302
[2026-04-23 15:37:29]       Trainable pct:    14.26%
[2026-04-23 15:37:29]       Trainable parameter names: ['final_layer.spat_conv.weight', 'final_layer.spat_conv.bias', 'final_layer.linear.weight', 'final_layer.linear.bias']
[2026-04-23 15:37:29]     Phase 2 (full):
[2026-04-23 15:37:29]       Trainable groups: ['all_parameters']
[2026-04-23 15:37:29]       Total params:     16,142
[2026-04-23 15:37:29]       Trainable params: 16,142
[2026-04-23 15:37:29]       Trainable pct:    100.00%
[2026-04-23 15:37:29]       Trainable parameter names: ['feature_encoder.1.0.weight', 'feature_encoder.1.2.weight', 'feature_encoder.1.2.bias', 'feature_encoder.2.0.weight', 'feature_encoder.3.0.weight', 'feature_encoder.4.0.weight', 'feature_encoder.5.0.weight', 'final_layer.spat_conv.weight', 'final_layer.spat_conv.bias', 'final_layer.linear.weight', 'final_layer.linear.bias']
[2026-04-23 15:40:28]   Fold 4/5 | best_epoch=24 | stop=5000 | val_loss=0.3646 | acc=0.7250 | bal_acc=0.7250 | roc_auc=N/A
[2026-04-23 15:40:29]     Downstream model:        SignalJEPA_PostLocal
[2026-04-23 15:40:29]     Fine-tune strategy:      full
[2026-04-23 15:40:29]     Warm-up epochs:          10
[2026-04-23 15:40:29]     Pretrained loading path: from_pretrained
[2026-04-23 15:40:29]     Pretrained repo:         braindecode/signal-jepa_without-chans
[2026-04-23 15:40:29]     Phase 1 (warmup):
[2026-04-23 15:40:29]       Trainable groups: ['final_layer.']
[2026-04-23 15:40:29]       Total params:     16,142
[2026-04-23 15:40:29]       Trainable params: 2,302
[2026-04-23 15:40:29]       Trainable pct:    14.26%
[2026-04-23 15:40:29]       Trainable parameter names: ['final_layer.spat_conv.weight', 'final_layer.spat_conv.bias', 'final_layer.linear.weight', 'final_layer.linear.bias']
[2026-04-23 15:40:29]     Phase 2 (full):
[2026-04-23 15:40:29]       Trainable groups: ['all_parameters']
[2026-04-23 15:40:29]       Total params:     16,142
[2026-04-23 15:40:29]       Trainable params: 16,142
[2026-04-23 15:40:29]       Trainable pct:    100.00%
[2026-04-23 15:40:29]       Trainable parameter names: ['feature_encoder.1.0.weight', 'feature_encoder.1.2.weight', 'feature_encoder.1.2.bias', 'feature_encoder.2.0.weight', 'feature_encoder.3.0.weight', 'feature_encoder.4.0.weight', 'feature_encoder.5.0.weight', 'final_layer.spat_conv.weight', 'final_layer.spat_conv.bias', 'final_layer.linear.weight', 'final_layer.linear.bias']
[2026-04-23 15:43:29]   Fold 5/5 | best_epoch=16 | stop=5000 | val_loss=0.6023 | acc=0.6000 | bal_acc=0.6000 | roc_auc=N/A
[2026-04-23 15:43:29]   Subject 49 summary: acc=0.6700±0.0620  bal_acc=0.6700±0.0620  roc_auc=N/A

[2026-04-23 15:43:29] Subject 50: 200 windows | class_counts=[100, 100]
[2026-04-23 15:43:30]     Downstream model:        SignalJEPA_PostLocal
[2026-04-23 15:43:30]     Fine-tune strategy:      full
[2026-04-23 15:43:30]     Warm-up epochs:          10
[2026-04-23 15:43:30]     Pretrained loading path: from_pretrained
[2026-04-23 15:43:30]     Pretrained repo:         braindecode/signal-jepa_without-chans
[2026-04-23 15:43:30]     Phase 1 (warmup):
[2026-04-23 15:43:30]       Trainable groups: ['final_layer.']
[2026-04-23 15:43:30]       Total params:     16,142
[2026-04-23 15:43:30]       Trainable params: 2,302
[2026-04-23 15:43:30]       Trainable pct:    14.26%
[2026-04-23 15:43:30]       Trainable parameter names: ['final_layer.spat_conv.weight', 'final_layer.spat_conv.bias', 'final_layer.linear.weight', 'final_layer.linear.bias']
[2026-04-23 15:43:30]     Phase 2 (full):
[2026-04-23 15:43:30]       Trainable groups: ['all_parameters']
[2026-04-23 15:43:30]       Total params:     16,142
[2026-04-23 15:43:30]       Trainable params: 16,142
[2026-04-23 15:43:30]       Trainable pct:    100.00%
[2026-04-23 15:43:30]       Trainable parameter names: ['feature_encoder.1.0.weight', 'feature_encoder.1.2.weight', 'feature_encoder.1.2.bias', 'feature_encoder.2.0.weight', 'feature_encoder.3.0.weight', 'feature_encoder.4.0.weight', 'feature_encoder.5.0.weight', 'final_layer.spat_conv.weight', 'final_layer.spat_conv.bias', 'final_layer.linear.weight', 'final_layer.linear.bias']
[2026-04-23 15:46:29]   Fold 1/5 | best_epoch=6 | stop=5000 | val_loss=0.6931 | acc=0.6500 | bal_acc=0.6500 | roc_auc=N/A
[2026-04-23 15:46:30]     Downstream model:        SignalJEPA_PostLocal
[2026-04-23 15:46:30]     Fine-tune strategy:      full
[2026-04-23 15:46:30]     Warm-up epochs:          10
[2026-04-23 15:46:30]     Pretrained loading path: from_pretrained
[2026-04-23 15:46:30]     Pretrained repo:         braindecode/signal-jepa_without-chans
[2026-04-23 15:46:30]     Phase 1 (warmup):
[2026-04-23 15:46:30]       Trainable groups: ['final_layer.']
[2026-04-23 15:46:30]       Total params:     16,142
[2026-04-23 15:46:30]       Trainable params: 2,302
[2026-04-23 15:46:30]       Trainable pct:    14.26%
[2026-04-23 15:46:30]       Trainable parameter names: ['final_layer.spat_conv.weight', 'final_layer.spat_conv.bias', 'final_layer.linear.weight', 'final_layer.linear.bias']
[2026-04-23 15:46:30]     Phase 2 (full):
[2026-04-23 15:46:30]       Trainable groups: ['all_parameters']
[2026-04-23 15:46:30]       Total params:     16,142
[2026-04-23 15:46:30]       Trainable params: 16,142
[2026-04-23 15:46:30]       Trainable pct:    100.00%
[2026-04-23 15:46:30]       Trainable parameter names: ['feature_encoder.1.0.weight', 'feature_encoder.1.2.weight', 'feature_encoder.1.2.bias', 'feature_encoder.2.0.weight', 'feature_encoder.3.0.weight', 'feature_encoder.4.0.weight', 'feature_encoder.5.0.weight', 'final_layer.spat_conv.weight', 'final_layer.spat_conv.bias', 'final_layer.linear.weight', 'final_layer.linear.bias']
[2026-04-23 15:49:28]   Fold 2/5 | best_epoch=4 | stop=5000 | val_loss=0.6933 | acc=0.6250 | bal_acc=0.6250 | roc_auc=N/A
[2026-04-23 15:49:29]     Downstream model:        SignalJEPA_PostLocal
[2026-04-23 15:49:29]     Fine-tune strategy:      full
[2026-04-23 15:49:29]     Warm-up epochs:          10
[2026-04-23 15:49:29]     Pretrained loading path: from_pretrained
[2026-04-23 15:49:29]     Pretrained repo:         braindecode/signal-jepa_without-chans
[2026-04-23 15:49:29]     Phase 1 (warmup):
[2026-04-23 15:49:29]       Trainable groups: ['final_layer.']
[2026-04-23 15:49:29]       Total params:     16,142
[2026-04-23 15:49:29]       Trainable params: 2,302
[2026-04-23 15:49:29]       Trainable pct:    14.26%
[2026-04-23 15:49:29]       Trainable parameter names: ['final_layer.spat_conv.weight', 'final_layer.spat_conv.bias', 'final_layer.linear.weight', 'final_layer.linear.bias']
[2026-04-23 15:49:29]     Phase 2 (full):
[2026-04-23 15:49:29]       Trainable groups: ['all_parameters']
[2026-04-23 15:49:29]       Total params:     16,142
[2026-04-23 15:49:29]       Trainable params: 16,142
[2026-04-23 15:49:29]       Trainable pct:    100.00%
[2026-04-23 15:49:29]       Trainable parameter names: ['feature_encoder.1.0.weight', 'feature_encoder.1.2.weight', 'feature_encoder.1.2.bias', 'feature_encoder.2.0.weight', 'feature_encoder.3.0.weight', 'feature_encoder.4.0.weight', 'feature_encoder.5.0.weight', 'final_layer.spat_conv.weight', 'final_layer.spat_conv.bias', 'final_layer.linear.weight', 'final_layer.linear.bias']
[2026-04-23 15:52:27]   Fold 3/5 | best_epoch=5 | stop=5000 | val_loss=0.6930 | acc=0.7000 | bal_acc=0.7000 | roc_auc=N/A
[2026-04-23 15:52:28]     Downstream model:        SignalJEPA_PostLocal
[2026-04-23 15:52:28]     Fine-tune strategy:      full
[2026-04-23 15:52:28]     Warm-up epochs:          10
[2026-04-23 15:52:28]     Pretrained loading path: from_pretrained
[2026-04-23 15:52:28]     Pretrained repo:         braindecode/signal-jepa_without-chans
[2026-04-23 15:52:28]     Phase 1 (warmup):
[2026-04-23 15:52:28]       Trainable groups: ['final_layer.']
[2026-04-23 15:52:28]       Total params:     16,142
[2026-04-23 15:52:28]       Trainable params: 2,302
[2026-04-23 15:52:28]       Trainable pct:    14.26%
[2026-04-23 15:52:28]       Trainable parameter names: ['final_layer.spat_conv.weight', 'final_layer.spat_conv.bias', 'final_layer.linear.weight', 'final_layer.linear.bias']
[2026-04-23 15:52:28]     Phase 2 (full):
[2026-04-23 15:52:28]       Trainable groups: ['all_parameters']
[2026-04-23 15:52:28]       Total params:     16,142
[2026-04-23 15:52:28]       Trainable params: 16,142
[2026-04-23 15:52:28]       Trainable pct:    100.00%
[2026-04-23 15:52:28]       Trainable parameter names: ['feature_encoder.1.0.weight', 'feature_encoder.1.2.weight', 'feature_encoder.1.2.bias', 'feature_encoder.2.0.weight', 'feature_encoder.3.0.weight', 'feature_encoder.4.0.weight', 'feature_encoder.5.0.weight', 'final_layer.spat_conv.weight', 'final_layer.spat_conv.bias', 'final_layer.linear.weight', 'final_layer.linear.bias']
[2026-04-23 15:55:27]   Fold 4/5 | best_epoch=1 | stop=5000 | val_loss=0.6931 | acc=0.5000 | bal_acc=0.5000 | roc_auc=N/A
[2026-04-23 15:55:28]     Downstream model:        SignalJEPA_PostLocal
[2026-04-23 15:55:28]     Fine-tune strategy:      full
[2026-04-23 15:55:28]     Warm-up epochs:          10
[2026-04-23 15:55:28]     Pretrained loading path: from_pretrained
[2026-04-23 15:55:28]     Pretrained repo:         braindecode/signal-jepa_without-chans
[2026-04-23 15:55:28]     Phase 1 (warmup):
[2026-04-23 15:55:28]       Trainable groups: ['final_layer.']
[2026-04-23 15:55:28]       Total params:     16,142
[2026-04-23 15:55:28]       Trainable params: 2,302
[2026-04-23 15:55:28]       Trainable pct:    14.26%
[2026-04-23 15:55:28]       Trainable parameter names: ['final_layer.spat_conv.weight', 'final_layer.spat_conv.bias', 'final_layer.linear.weight', 'final_layer.linear.bias']
[2026-04-23 15:55:28]     Phase 2 (full):
[2026-04-23 15:55:28]       Trainable groups: ['all_parameters']
[2026-04-23 15:55:28]       Total params:     16,142
[2026-04-23 15:55:28]       Trainable params: 16,142
[2026-04-23 15:55:28]       Trainable pct:    100.00%
[2026-04-23 15:55:28]       Trainable parameter names: ['feature_encoder.1.0.weight', 'feature_encoder.1.2.weight', 'feature_encoder.1.2.bias', 'feature_encoder.2.0.weight', 'feature_encoder.3.0.weight', 'feature_encoder.4.0.weight', 'feature_encoder.5.0.weight', 'final_layer.spat_conv.weight', 'final_layer.spat_conv.bias', 'final_layer.linear.weight', 'final_layer.linear.bias']
[2026-04-23 15:58:28]   Fold 5/5 | best_epoch=4 | stop=5000 | val_loss=0.6941 | acc=0.4750 | bal_acc=0.4750 | roc_auc=N/A
[2026-04-23 15:58:28]   Subject 50 summary: acc=0.5900±0.0875  bal_acc=0.5900±0.0875  roc_auc=N/A

[2026-04-23 15:58:28] Subject 51: 200 windows | class_counts=[100, 100]
[2026-04-23 15:58:29]     Downstream model:        SignalJEPA_PostLocal
[2026-04-23 15:58:29]     Fine-tune strategy:      full
[2026-04-23 15:58:29]     Warm-up epochs:          10
[2026-04-23 15:58:29]     Pretrained loading path: from_pretrained
[2026-04-23 15:58:29]     Pretrained repo:         braindecode/signal-jepa_without-chans
[2026-04-23 15:58:29]     Phase 1 (warmup):
[2026-04-23 15:58:29]       Trainable groups: ['final_layer.']
[2026-04-23 15:58:29]       Total params:     16,142
[2026-04-23 15:58:29]       Trainable params: 2,302
[2026-04-23 15:58:29]       Trainable pct:    14.26%
[2026-04-23 15:58:29]       Trainable parameter names: ['final_layer.spat_conv.weight', 'final_layer.spat_conv.bias', 'final_layer.linear.weight', 'final_layer.linear.bias']
[2026-04-23 15:58:29]     Phase 2 (full):
[2026-04-23 15:58:29]       Trainable groups: ['all_parameters']
[2026-04-23 15:58:29]       Total params:     16,142
[2026-04-23 15:58:29]       Trainable params: 16,142
[2026-04-23 15:58:29]       Trainable pct:    100.00%
[2026-04-23 15:58:29]       Trainable parameter names: ['feature_encoder.1.0.weight', 'feature_encoder.1.2.weight', 'feature_encoder.1.2.bias', 'feature_encoder.2.0.weight', 'feature_encoder.3.0.weight', 'feature_encoder.4.0.weight', 'feature_encoder.5.0.weight', 'final_layer.spat_conv.weight', 'final_layer.spat_conv.bias', 'final_layer.linear.weight', 'final_layer.linear.bias']
[2026-04-23 16:01:28]   Fold 1/5 | best_epoch=19 | stop=5000 | val_loss=0.6337 | acc=0.5500 | bal_acc=0.5500 | roc_auc=N/A
[2026-04-23 16:01:29]     Downstream model:        SignalJEPA_PostLocal
[2026-04-23 16:01:29]     Fine-tune strategy:      full
[2026-04-23 16:01:29]     Warm-up epochs:          10
[2026-04-23 16:01:29]     Pretrained loading path: from_pretrained
[2026-04-23 16:01:29]     Pretrained repo:         braindecode/signal-jepa_without-chans
[2026-04-23 16:01:29]     Phase 1 (warmup):
[2026-04-23 16:01:29]       Trainable groups: ['final_layer.']
[2026-04-23 16:01:29]       Total params:     16,142
[2026-04-23 16:01:29]       Trainable params: 2,302
[2026-04-23 16:01:29]       Trainable pct:    14.26%
[2026-04-23 16:01:29]       Trainable parameter names: ['final_layer.spat_conv.weight', 'final_layer.spat_conv.bias', 'final_layer.linear.weight', 'final_layer.linear.bias']
[2026-04-23 16:01:29]     Phase 2 (full):
[2026-04-23 16:01:29]       Trainable groups: ['all_parameters']
[2026-04-23 16:01:29]       Total params:     16,142
[2026-04-23 16:01:29]       Trainable params: 16,142
[2026-04-23 16:01:29]       Trainable pct:    100.00%
[2026-04-23 16:01:29]       Trainable parameter names: ['feature_encoder.1.0.weight', 'feature_encoder.1.2.weight', 'feature_encoder.1.2.bias', 'feature_encoder.2.0.weight', 'feature_encoder.3.0.weight', 'feature_encoder.4.0.weight', 'feature_encoder.5.0.weight', 'final_layer.spat_conv.weight', 'final_layer.spat_conv.bias', 'final_layer.linear.weight', 'final_layer.linear.bias']
[2026-04-23 16:04:27]   Fold 2/5 | best_epoch=4 | stop=5000 | val_loss=0.6934 | acc=0.4250 | bal_acc=0.4250 | roc_auc=N/A
[2026-04-23 16:04:28]     Downstream model:        SignalJEPA_PostLocal
[2026-04-23 16:04:28]     Fine-tune strategy:      full
[2026-04-23 16:04:28]     Warm-up epochs:          10
[2026-04-23 16:04:28]     Pretrained loading path: from_pretrained
[2026-04-23 16:04:28]     Pretrained repo:         braindecode/signal-jepa_without-chans
[2026-04-23 16:04:28]     Phase 1 (warmup):
[2026-04-23 16:04:28]       Trainable groups: ['final_layer.']
[2026-04-23 16:04:28]       Total params:     16,142
[2026-04-23 16:04:28]       Trainable params: 2,302
[2026-04-23 16:04:28]       Trainable pct:    14.26%
[2026-04-23 16:04:28]       Trainable parameter names: ['final_layer.spat_conv.weight', 'final_layer.spat_conv.bias', 'final_layer.linear.weight', 'final_layer.linear.bias']
[2026-04-23 16:04:28]     Phase 2 (full):
[2026-04-23 16:04:28]       Trainable groups: ['all_parameters']
[2026-04-23 16:04:28]       Total params:     16,142
[2026-04-23 16:04:28]       Trainable params: 16,142
[2026-04-23 16:04:28]       Trainable pct:    100.00%
[2026-04-23 16:04:28]       Trainable parameter names: ['feature_encoder.1.0.weight', 'feature_encoder.1.2.weight', 'feature_encoder.1.2.bias', 'feature_encoder.2.0.weight', 'feature_encoder.3.0.weight', 'feature_encoder.4.0.weight', 'feature_encoder.5.0.weight', 'final_layer.spat_conv.weight', 'final_layer.spat_conv.bias', 'final_layer.linear.weight', 'final_layer.linear.bias']
[2026-04-23 16:07:24]   Fold 3/5 | best_epoch=8 | stop=5000 | val_loss=0.6942 | acc=0.5750 | bal_acc=0.5750 | roc_auc=N/A
[2026-04-23 16:07:25]     Downstream model:        SignalJEPA_PostLocal
[2026-04-23 16:07:25]     Fine-tune strategy:      full
[2026-04-23 16:07:25]     Warm-up epochs:          10
[2026-04-23 16:07:25]     Pretrained loading path: from_pretrained
[2026-04-23 16:07:25]     Pretrained repo:         braindecode/signal-jepa_without-chans
[2026-04-23 16:07:25]     Phase 1 (warmup):
[2026-04-23 16:07:25]       Trainable groups: ['final_layer.']
[2026-04-23 16:07:25]       Total params:     16,142
[2026-04-23 16:07:25]       Trainable params: 2,302
[2026-04-23 16:07:25]       Trainable pct:    14.26%
[2026-04-23 16:07:25]       Trainable parameter names: ['final_layer.spat_conv.weight', 'final_layer.spat_conv.bias', 'final_layer.linear.weight', 'final_layer.linear.bias']
[2026-04-23 16:07:25]     Phase 2 (full):
[2026-04-23 16:07:25]       Trainable groups: ['all_parameters']
[2026-04-23 16:07:25]       Total params:     16,142
[2026-04-23 16:07:25]       Trainable params: 16,142
[2026-04-23 16:07:25]       Trainable pct:    100.00%
[2026-04-23 16:07:25]       Trainable parameter names: ['feature_encoder.1.0.weight', 'feature_encoder.1.2.weight', 'feature_encoder.1.2.bias', 'feature_encoder.2.0.weight', 'feature_encoder.3.0.weight', 'feature_encoder.4.0.weight', 'feature_encoder.5.0.weight', 'final_layer.spat_conv.weight', 'final_layer.spat_conv.bias', 'final_layer.linear.weight', 'final_layer.linear.bias']
[2026-04-23 16:10:24]   Fold 4/5 | best_epoch=15 | stop=5000 | val_loss=0.6876 | acc=0.5500 | bal_acc=0.5500 | roc_auc=N/A
[2026-04-23 16:10:25]     Downstream model:        SignalJEPA_PostLocal
[2026-04-23 16:10:25]     Fine-tune strategy:      full
[2026-04-23 16:10:25]     Warm-up epochs:          10
[2026-04-23 16:10:25]     Pretrained loading path: from_pretrained
[2026-04-23 16:10:25]     Pretrained repo:         braindecode/signal-jepa_without-chans
[2026-04-23 16:10:25]     Phase 1 (warmup):
[2026-04-23 16:10:25]       Trainable groups: ['final_layer.']
[2026-04-23 16:10:25]       Total params:     16,142
[2026-04-23 16:10:25]       Trainable params: 2,302
[2026-04-23 16:10:25]       Trainable pct:    14.26%
[2026-04-23 16:10:25]       Trainable parameter names: ['final_layer.spat_conv.weight', 'final_layer.spat_conv.bias', 'final_layer.linear.weight', 'final_layer.linear.bias']
[2026-04-23 16:10:25]     Phase 2 (full):
[2026-04-23 16:10:25]       Trainable groups: ['all_parameters']
[2026-04-23 16:10:25]       Total params:     16,142
[2026-04-23 16:10:25]       Trainable params: 16,142
[2026-04-23 16:10:25]       Trainable pct:    100.00%
[2026-04-23 16:10:25]       Trainable parameter names: ['feature_encoder.1.0.weight', 'feature_encoder.1.2.weight', 'feature_encoder.1.2.bias', 'feature_encoder.2.0.weight', 'feature_encoder.3.0.weight', 'feature_encoder.4.0.weight', 'feature_encoder.5.0.weight', 'final_layer.spat_conv.weight', 'final_layer.spat_conv.bias', 'final_layer.linear.weight', 'final_layer.linear.bias']
[2026-04-23 16:13:24]   Fold 5/5 | best_epoch=17 | stop=5000 | val_loss=0.6709 | acc=0.5500 | bal_acc=0.5500 | roc_auc=N/A
[2026-04-23 16:13:24]   Subject 51 summary: acc=0.5300±0.0534  bal_acc=0.5300±0.0534  roc_auc=N/A

[2026-04-23 16:13:24] Subject 52: 200 windows | class_counts=[100, 100]
[2026-04-23 16:13:39]     Downstream model:        SignalJEPA_PostLocal
[2026-04-23 16:13:39]     Fine-tune strategy:      full
[2026-04-23 16:13:39]     Warm-up epochs:          10
[2026-04-23 16:13:39]     Pretrained loading path: from_pretrained
[2026-04-23 16:13:39]     Pretrained repo:         braindecode/signal-jepa_without-chans
[2026-04-23 16:13:39]     Phase 1 (warmup):
[2026-04-23 16:13:39]       Trainable groups: ['final_layer.']
[2026-04-23 16:13:39]       Total params:     16,142
[2026-04-23 16:13:39]       Trainable params: 2,302
[2026-04-23 16:13:39]       Trainable pct:    14.26%
[2026-04-23 16:13:39]       Trainable parameter names: ['final_layer.spat_conv.weight', 'final_layer.spat_conv.bias', 'final_layer.linear.weight', 'final_layer.linear.bias']
[2026-04-23 16:13:39]     Phase 2 (full):
[2026-04-23 16:13:39]       Trainable groups: ['all_parameters']
[2026-04-23 16:13:39]       Total params:     16,142
[2026-04-23 16:13:39]       Trainable params: 16,142
[2026-04-23 16:13:39]       Trainable pct:    100.00%
[2026-04-23 16:13:39]       Trainable parameter names: ['feature_encoder.1.0.weight', 'feature_encoder.1.2.weight', 'feature_encoder.1.2.bias', 'feature_encoder.2.0.weight', 'feature_encoder.3.0.weight', 'feature_encoder.4.0.weight', 'feature_encoder.5.0.weight', 'final_layer.spat_conv.weight', 'final_layer.spat_conv.bias', 'final_layer.linear.weight', 'final_layer.linear.bias']
[2026-04-23 16:16:41]   Fold 1/5 | best_epoch=17 | stop=5000 | val_loss=0.6050 | acc=0.5500 | bal_acc=0.5500 | roc_auc=N/A
[2026-04-23 16:16:41]     Downstream model:        SignalJEPA_PostLocal
[2026-04-23 16:16:41]     Fine-tune strategy:      full
[2026-04-23 16:16:41]     Warm-up epochs:          10
[2026-04-23 16:16:41]     Pretrained loading path: from_pretrained
[2026-04-23 16:16:41]     Pretrained repo:         braindecode/signal-jepa_without-chans
[2026-04-23 16:16:41]     Phase 1 (warmup):
[2026-04-23 16:16:41]       Trainable groups: ['final_layer.']
[2026-04-23 16:16:41]       Total params:     16,142
[2026-04-23 16:16:41]       Trainable params: 2,302
[2026-04-23 16:16:41]       Trainable pct:    14.26%
[2026-04-23 16:16:41]       Trainable parameter names: ['final_layer.spat_conv.weight', 'final_layer.spat_conv.bias', 'final_layer.linear.weight', 'final_layer.linear.bias']
[2026-04-23 16:16:41]     Phase 2 (full):
[2026-04-23 16:16:41]       Trainable groups: ['all_parameters']
[2026-04-23 16:16:41]       Total params:     16,142
[2026-04-23 16:16:41]       Trainable params: 16,142
[2026-04-23 16:16:41]       Trainable pct:    100.00%
[2026-04-23 16:16:41]       Trainable parameter names: ['feature_encoder.1.0.weight', 'feature_encoder.1.2.weight', 'feature_encoder.1.2.bias', 'feature_encoder.2.0.weight', 'feature_encoder.3.0.weight', 'feature_encoder.4.0.weight', 'feature_encoder.5.0.weight', 'final_layer.spat_conv.weight', 'final_layer.spat_conv.bias', 'final_layer.linear.weight', 'final_layer.linear.bias']
[2026-04-23 16:19:41]   Fold 2/5 | best_epoch=21 | stop=5000 | val_loss=0.5600 | acc=0.6000 | bal_acc=0.6000 | roc_auc=N/A
[2026-04-23 16:19:41]     Downstream model:        SignalJEPA_PostLocal
[2026-04-23 16:19:41]     Fine-tune strategy:      full
[2026-04-23 16:19:41]     Warm-up epochs:          10
[2026-04-23 16:19:41]     Pretrained loading path: from_pretrained
[2026-04-23 16:19:41]     Pretrained repo:         braindecode/signal-jepa_without-chans
[2026-04-23 16:19:41]     Phase 1 (warmup):
[2026-04-23 16:19:41]       Trainable groups: ['final_layer.']
[2026-04-23 16:19:41]       Total params:     16,142
[2026-04-23 16:19:41]       Trainable params: 2,302
[2026-04-23 16:19:41]       Trainable pct:    14.26%
[2026-04-23 16:19:41]       Trainable parameter names: ['final_layer.spat_conv.weight', 'final_layer.spat_conv.bias', 'final_layer.linear.weight', 'final_layer.linear.bias']
[2026-04-23 16:19:42]     Phase 2 (full):
[2026-04-23 16:19:42]       Trainable groups: ['all_parameters']
[2026-04-23 16:19:42]       Total params:     16,142
[2026-04-23 16:19:42]       Trainable params: 16,142
[2026-04-23 16:19:42]       Trainable pct:    100.00%
[2026-04-23 16:19:42]       Trainable parameter names: ['feature_encoder.1.0.weight', 'feature_encoder.1.2.weight', 'feature_encoder.1.2.bias', 'feature_encoder.2.0.weight', 'feature_encoder.3.0.weight', 'feature_encoder.4.0.weight', 'feature_encoder.5.0.weight', 'final_layer.spat_conv.weight', 'final_layer.spat_conv.bias', 'final_layer.linear.weight', 'final_layer.linear.bias']
[2026-04-23 16:22:42]   Fold 3/5 | best_epoch=16 | stop=5000 | val_loss=0.6158 | acc=0.6500 | bal_acc=0.6500 | roc_auc=N/A
[2026-04-23 16:22:43]     Downstream model:        SignalJEPA_PostLocal
[2026-04-23 16:22:43]     Fine-tune strategy:      full
[2026-04-23 16:22:43]     Warm-up epochs:          10
[2026-04-23 16:22:43]     Pretrained loading path: from_pretrained
[2026-04-23 16:22:43]     Pretrained repo:         braindecode/signal-jepa_without-chans
[2026-04-23 16:22:43]     Phase 1 (warmup):
[2026-04-23 16:22:43]       Trainable groups: ['final_layer.']
[2026-04-23 16:22:43]       Total params:     16,142
[2026-04-23 16:22:43]       Trainable params: 2,302
[2026-04-23 16:22:43]       Trainable pct:    14.26%
[2026-04-23 16:22:43]       Trainable parameter names: ['final_layer.spat_conv.weight', 'final_layer.spat_conv.bias', 'final_layer.linear.weight', 'final_layer.linear.bias']
[2026-04-23 16:22:43]     Phase 2 (full):
[2026-04-23 16:22:43]       Trainable groups: ['all_parameters']
[2026-04-23 16:22:43]       Total params:     16,142
[2026-04-23 16:22:43]       Trainable params: 16,142
[2026-04-23 16:22:43]       Trainable pct:    100.00%
[2026-04-23 16:22:43]       Trainable parameter names: ['feature_encoder.1.0.weight', 'feature_encoder.1.2.weight', 'feature_encoder.1.2.bias', 'feature_encoder.2.0.weight', 'feature_encoder.3.0.weight', 'feature_encoder.4.0.weight', 'feature_encoder.5.0.weight', 'final_layer.spat_conv.weight', 'final_layer.spat_conv.bias', 'final_layer.linear.weight', 'final_layer.linear.bias']
[2026-04-23 16:25:41]   Fold 4/5 | best_epoch=17 | stop=5000 | val_loss=0.6795 | acc=0.6000 | bal_acc=0.6000 | roc_auc=N/A
[2026-04-23 16:25:42]     Downstream model:        SignalJEPA_PostLocal
[2026-04-23 16:25:42]     Fine-tune strategy:      full
[2026-04-23 16:25:42]     Warm-up epochs:          10
[2026-04-23 16:25:42]     Pretrained loading path: from_pretrained
[2026-04-23 16:25:42]     Pretrained repo:         braindecode/signal-jepa_without-chans
[2026-04-23 16:25:42]     Phase 1 (warmup):
[2026-04-23 16:25:42]       Trainable groups: ['final_layer.']
[2026-04-23 16:25:42]       Total params:     16,142
[2026-04-23 16:25:42]       Trainable params: 2,302
[2026-04-23 16:25:42]       Trainable pct:    14.26%
[2026-04-23 16:25:42]       Trainable parameter names: ['final_layer.spat_conv.weight', 'final_layer.spat_conv.bias', 'final_layer.linear.weight', 'final_layer.linear.bias']
[2026-04-23 16:25:42]     Phase 2 (full):
[2026-04-23 16:25:42]       Trainable groups: ['all_parameters']
[2026-04-23 16:25:42]       Total params:     16,142
[2026-04-23 16:25:42]       Trainable params: 16,142
[2026-04-23 16:25:42]       Trainable pct:    100.00%
[2026-04-23 16:25:42]       Trainable parameter names: ['feature_encoder.1.0.weight', 'feature_encoder.1.2.weight', 'feature_encoder.1.2.bias', 'feature_encoder.2.0.weight', 'feature_encoder.3.0.weight', 'feature_encoder.4.0.weight', 'feature_encoder.5.0.weight', 'final_layer.spat_conv.weight', 'final_layer.spat_conv.bias', 'final_layer.linear.weight', 'final_layer.linear.bias']
[2026-04-23 16:28:42]   Fold 5/5 | best_epoch=13 | stop=5000 | val_loss=0.6917 | acc=0.5000 | bal_acc=0.5000 | roc_auc=N/A
[2026-04-23 16:28:42]   Subject 52 summary: acc=0.5800±0.0510  bal_acc=0.5800±0.0510  roc_auc=N/A

[2026-04-23 16:28:42] Subject 53: 200 windows | class_counts=[100, 100]
[2026-04-23 16:28:42]     Downstream model:        SignalJEPA_PostLocal
[2026-04-23 16:28:42]     Fine-tune strategy:      full
[2026-04-23 16:28:42]     Warm-up epochs:          10
[2026-04-23 16:28:42]     Pretrained loading path: from_pretrained
[2026-04-23 16:28:42]     Pretrained repo:         braindecode/signal-jepa_without-chans
[2026-04-23 16:28:42]     Phase 1 (warmup):
[2026-04-23 16:28:42]       Trainable groups: ['final_layer.']
[2026-04-23 16:28:42]       Total params:     16,142
[2026-04-23 16:28:42]       Trainable params: 2,302
[2026-04-23 16:28:42]       Trainable pct:    14.26%
[2026-04-23 16:28:42]       Trainable parameter names: ['final_layer.spat_conv.weight', 'final_layer.spat_conv.bias', 'final_layer.linear.weight', 'final_layer.linear.bias']
[2026-04-23 16:28:43]     Phase 2 (full):
[2026-04-23 16:28:43]       Trainable groups: ['all_parameters']
[2026-04-23 16:28:43]       Total params:     16,142
[2026-04-23 16:28:43]       Trainable params: 16,142
[2026-04-23 16:28:43]       Trainable pct:    100.00%
[2026-04-23 16:28:43]       Trainable parameter names: ['feature_encoder.1.0.weight', 'feature_encoder.1.2.weight', 'feature_encoder.1.2.bias', 'feature_encoder.2.0.weight', 'feature_encoder.3.0.weight', 'feature_encoder.4.0.weight', 'feature_encoder.5.0.weight', 'final_layer.spat_conv.weight', 'final_layer.spat_conv.bias', 'final_layer.linear.weight', 'final_layer.linear.bias']
[2026-04-23 16:31:41]   Fold 1/5 | best_epoch=18 | stop=5000 | val_loss=0.6707 | acc=0.6750 | bal_acc=0.6750 | roc_auc=N/A
[2026-04-23 16:31:42]     Downstream model:        SignalJEPA_PostLocal
[2026-04-23 16:31:42]     Fine-tune strategy:      full
[2026-04-23 16:31:42]     Warm-up epochs:          10
[2026-04-23 16:31:42]     Pretrained loading path: from_pretrained
[2026-04-23 16:31:42]     Pretrained repo:         braindecode/signal-jepa_without-chans
[2026-04-23 16:31:42]     Phase 1 (warmup):
[2026-04-23 16:31:42]       Trainable groups: ['final_layer.']
[2026-04-23 16:31:42]       Total params:     16,142
[2026-04-23 16:31:42]       Trainable params: 2,302
[2026-04-23 16:31:42]       Trainable pct:    14.26%
[2026-04-23 16:31:42]       Trainable parameter names: ['final_layer.spat_conv.weight', 'final_layer.spat_conv.bias', 'final_layer.linear.weight', 'final_layer.linear.bias']
[2026-04-23 16:31:42]     Phase 2 (full):
[2026-04-23 16:31:42]       Trainable groups: ['all_parameters']
[2026-04-23 16:31:42]       Total params:     16,142
[2026-04-23 16:31:42]       Trainable params: 16,142
[2026-04-23 16:31:42]       Trainable pct:    100.00%
[2026-04-23 16:31:42]       Trainable parameter names: ['feature_encoder.1.0.weight', 'feature_encoder.1.2.weight', 'feature_encoder.1.2.bias', 'feature_encoder.2.0.weight', 'feature_encoder.3.0.weight', 'feature_encoder.4.0.weight', 'feature_encoder.5.0.weight', 'final_layer.spat_conv.weight', 'final_layer.spat_conv.bias', 'final_layer.linear.weight', 'final_layer.linear.bias']
[2026-04-23 16:34:39]   Fold 2/5 | best_epoch=16 | stop=5000 | val_loss=0.6757 | acc=0.6250 | bal_acc=0.6250 | roc_auc=N/A
[2026-04-23 16:34:40]     Downstream model:        SignalJEPA_PostLocal
[2026-04-23 16:34:40]     Fine-tune strategy:      full
[2026-04-23 16:34:40]     Warm-up epochs:          10
[2026-04-23 16:34:40]     Pretrained loading path: from_pretrained
[2026-04-23 16:34:40]     Pretrained repo:         braindecode/signal-jepa_without-chans
[2026-04-23 16:34:40]     Phase 1 (warmup):
[2026-04-23 16:34:40]       Trainable groups: ['final_layer.']
[2026-04-23 16:34:40]       Total params:     16,142
[2026-04-23 16:34:40]       Trainable params: 2,302
[2026-04-23 16:34:40]       Trainable pct:    14.26%
[2026-04-23 16:34:40]       Trainable parameter names: ['final_layer.spat_conv.weight', 'final_layer.spat_conv.bias', 'final_layer.linear.weight', 'final_layer.linear.bias']
[2026-04-23 16:34:40]     Phase 2 (full):
[2026-04-23 16:34:40]       Trainable groups: ['all_parameters']
[2026-04-23 16:34:40]       Total params:     16,142
[2026-04-23 16:34:40]       Trainable params: 16,142
[2026-04-23 16:34:40]       Trainable pct:    100.00%
[2026-04-23 16:34:40]       Trainable parameter names: ['feature_encoder.1.0.weight', 'feature_encoder.1.2.weight', 'feature_encoder.1.2.bias', 'feature_encoder.2.0.weight', 'feature_encoder.3.0.weight', 'feature_encoder.4.0.weight', 'feature_encoder.5.0.weight', 'final_layer.spat_conv.weight', 'final_layer.spat_conv.bias', 'final_layer.linear.weight', 'final_layer.linear.bias']
[2026-04-23 16:37:37]   Fold 3/5 | best_epoch=19 | stop=5000 | val_loss=0.6223 | acc=0.6000 | bal_acc=0.6000 | roc_auc=N/A
[2026-04-23 16:37:38]     Downstream model:        SignalJEPA_PostLocal
[2026-04-23 16:37:38]     Fine-tune strategy:      full
[2026-04-23 16:37:38]     Warm-up epochs:          10
[2026-04-23 16:37:38]     Pretrained loading path: from_pretrained
[2026-04-23 16:37:38]     Pretrained repo:         braindecode/signal-jepa_without-chans
[2026-04-23 16:37:38]     Phase 1 (warmup):
[2026-04-23 16:37:38]       Trainable groups: ['final_layer.']
[2026-04-23 16:37:38]       Total params:     16,142
[2026-04-23 16:37:38]       Trainable params: 2,302
[2026-04-23 16:37:38]       Trainable pct:    14.26%
[2026-04-23 16:37:38]       Trainable parameter names: ['final_layer.spat_conv.weight', 'final_layer.spat_conv.bias', 'final_layer.linear.weight', 'final_layer.linear.bias']
[2026-04-23 16:37:38]     Phase 2 (full):
[2026-04-23 16:37:38]       Trainable groups: ['all_parameters']
[2026-04-23 16:37:38]       Total params:     16,142
[2026-04-23 16:37:38]       Trainable params: 16,142
[2026-04-23 16:37:38]       Trainable pct:    100.00%
[2026-04-23 16:37:38]       Trainable parameter names: ['feature_encoder.1.0.weight', 'feature_encoder.1.2.weight', 'feature_encoder.1.2.bias', 'feature_encoder.2.0.weight', 'feature_encoder.3.0.weight', 'feature_encoder.4.0.weight', 'feature_encoder.5.0.weight', 'final_layer.spat_conv.weight', 'final_layer.spat_conv.bias', 'final_layer.linear.weight', 'final_layer.linear.bias']
[2026-04-23 16:40:38]   Fold 4/5 | best_epoch=17 | stop=5000 | val_loss=0.6363 | acc=0.5750 | bal_acc=0.5750 | roc_auc=N/A
[2026-04-23 16:40:38]     Downstream model:        SignalJEPA_PostLocal
[2026-04-23 16:40:38]     Fine-tune strategy:      full
[2026-04-23 16:40:38]     Warm-up epochs:          10
[2026-04-23 16:40:38]     Pretrained loading path: from_pretrained
[2026-04-23 16:40:38]     Pretrained repo:         braindecode/signal-jepa_without-chans
[2026-04-23 16:40:38]     Phase 1 (warmup):
[2026-04-23 16:40:38]       Trainable groups: ['final_layer.']
[2026-04-23 16:40:38]       Total params:     16,142
[2026-04-23 16:40:38]       Trainable params: 2,302
[2026-04-23 16:40:38]       Trainable pct:    14.26%
[2026-04-23 16:40:38]       Trainable parameter names: ['final_layer.spat_conv.weight', 'final_layer.spat_conv.bias', 'final_layer.linear.weight', 'final_layer.linear.bias']
[2026-04-23 16:40:39]     Phase 2 (full):
[2026-04-23 16:40:39]       Trainable groups: ['all_parameters']
[2026-04-23 16:40:39]       Total params:     16,142
[2026-04-23 16:40:39]       Trainable params: 16,142
[2026-04-23 16:40:39]       Trainable pct:    100.00%
[2026-04-23 16:40:39]       Trainable parameter names: ['feature_encoder.1.0.weight', 'feature_encoder.1.2.weight', 'feature_encoder.1.2.bias', 'feature_encoder.2.0.weight', 'feature_encoder.3.0.weight', 'feature_encoder.4.0.weight', 'feature_encoder.5.0.weight', 'final_layer.spat_conv.weight', 'final_layer.spat_conv.bias', 'final_layer.linear.weight', 'final_layer.linear.bias']
[2026-04-23 16:43:35]   Fold 5/5 | best_epoch=18 | stop=5000 | val_loss=0.6389 | acc=0.6500 | bal_acc=0.6500 | roc_auc=N/A
[2026-04-23 16:43:35]   Subject 53 summary: acc=0.6250±0.0354  bal_acc=0.6250±0.0354  roc_auc=N/A

[2026-04-23 16:43:35] Subject 54: 200 windows | class_counts=[100, 100]
[2026-04-23 16:43:36]     Downstream model:        SignalJEPA_PostLocal
[2026-04-23 16:43:36]     Fine-tune strategy:      full
[2026-04-23 16:43:36]     Warm-up epochs:          10
[2026-04-23 16:43:36]     Pretrained loading path: from_pretrained
[2026-04-23 16:43:36]     Pretrained repo:         braindecode/signal-jepa_without-chans
[2026-04-23 16:43:36]     Phase 1 (warmup):
[2026-04-23 16:43:36]       Trainable groups: ['final_layer.']
[2026-04-23 16:43:36]       Total params:     16,142
[2026-04-23 16:43:36]       Trainable params: 2,302
[2026-04-23 16:43:36]       Trainable pct:    14.26%
[2026-04-23 16:43:36]       Trainable parameter names: ['final_layer.spat_conv.weight', 'final_layer.spat_conv.bias', 'final_layer.linear.weight', 'final_layer.linear.bias']
[2026-04-23 16:43:36]     Phase 2 (full):
[2026-04-23 16:43:36]       Trainable groups: ['all_parameters']
[2026-04-23 16:43:36]       Total params:     16,142
[2026-04-23 16:43:36]       Trainable params: 16,142
[2026-04-23 16:43:36]       Trainable pct:    100.00%
[2026-04-23 16:43:36]       Trainable parameter names: ['feature_encoder.1.0.weight', 'feature_encoder.1.2.weight', 'feature_encoder.1.2.bias', 'feature_encoder.2.0.weight', 'feature_encoder.3.0.weight', 'feature_encoder.4.0.weight', 'feature_encoder.5.0.weight', 'final_layer.spat_conv.weight', 'final_layer.spat_conv.bias', 'final_layer.linear.weight', 'final_layer.linear.bias']
[2026-04-23 16:46:35]   Fold 1/5 | best_epoch=15 | stop=5000 | val_loss=0.6664 | acc=0.6000 | bal_acc=0.6000 | roc_auc=N/A
[2026-04-23 16:46:36]     Downstream model:        SignalJEPA_PostLocal
[2026-04-23 16:46:36]     Fine-tune strategy:      full
[2026-04-23 16:46:36]     Warm-up epochs:          10
[2026-04-23 16:46:36]     Pretrained loading path: from_pretrained
[2026-04-23 16:46:36]     Pretrained repo:         braindecode/signal-jepa_without-chans
[2026-04-23 16:46:36]     Phase 1 (warmup):
[2026-04-23 16:46:36]       Trainable groups: ['final_layer.']
[2026-04-23 16:46:36]       Total params:     16,142
[2026-04-23 16:46:36]       Trainable params: 2,302
[2026-04-23 16:46:36]       Trainable pct:    14.26%
[2026-04-23 16:46:36]       Trainable parameter names: ['final_layer.spat_conv.weight', 'final_layer.spat_conv.bias', 'final_layer.linear.weight', 'final_layer.linear.bias']
[2026-04-23 16:46:36]     Phase 2 (full):
[2026-04-23 16:46:36]       Trainable groups: ['all_parameters']
[2026-04-23 16:46:36]       Total params:     16,142
[2026-04-23 16:46:36]       Trainable params: 16,142
[2026-04-23 16:46:36]       Trainable pct:    100.00%
[2026-04-23 16:46:36]       Trainable parameter names: ['feature_encoder.1.0.weight', 'feature_encoder.1.2.weight', 'feature_encoder.1.2.bias', 'feature_encoder.2.0.weight', 'feature_encoder.3.0.weight', 'feature_encoder.4.0.weight', 'feature_encoder.5.0.weight', 'final_layer.spat_conv.weight', 'final_layer.spat_conv.bias', 'final_layer.linear.weight', 'final_layer.linear.bias']
[2026-04-23 16:49:34]   Fold 2/5 | best_epoch=13 | stop=5000 | val_loss=0.6892 | acc=0.4500 | bal_acc=0.4500 | roc_auc=N/A
[2026-04-23 16:49:35]     Downstream model:        SignalJEPA_PostLocal
[2026-04-23 16:49:35]     Fine-tune strategy:      full
[2026-04-23 16:49:35]     Warm-up epochs:          10
[2026-04-23 16:49:35]     Pretrained loading path: from_pretrained
[2026-04-23 16:49:35]     Pretrained repo:         braindecode/signal-jepa_without-chans
[2026-04-23 16:49:35]     Phase 1 (warmup):
[2026-04-23 16:49:35]       Trainable groups: ['final_layer.']
[2026-04-23 16:49:35]       Total params:     16,142
[2026-04-23 16:49:35]       Trainable params: 2,302
[2026-04-23 16:49:35]       Trainable pct:    14.26%
[2026-04-23 16:49:35]       Trainable parameter names: ['final_layer.spat_conv.weight', 'final_layer.spat_conv.bias', 'final_layer.linear.weight', 'final_layer.linear.bias']
[2026-04-23 16:49:35]     Phase 2 (full):
[2026-04-23 16:49:35]       Trainable groups: ['all_parameters']
[2026-04-23 16:49:35]       Total params:     16,142
[2026-04-23 16:49:35]       Trainable params: 16,142
[2026-04-23 16:49:35]       Trainable pct:    100.00%
[2026-04-23 16:49:35]       Trainable parameter names: ['feature_encoder.1.0.weight', 'feature_encoder.1.2.weight', 'feature_encoder.1.2.bias', 'feature_encoder.2.0.weight', 'feature_encoder.3.0.weight', 'feature_encoder.4.0.weight', 'feature_encoder.5.0.weight', 'final_layer.spat_conv.weight', 'final_layer.spat_conv.bias', 'final_layer.linear.weight', 'final_layer.linear.bias']
[2026-04-23 16:52:33]   Fold 3/5 | best_epoch=1 | stop=5000 | val_loss=0.6938 | acc=0.4750 | bal_acc=0.4750 | roc_auc=N/A
[2026-04-23 16:52:34]     Downstream model:        SignalJEPA_PostLocal
[2026-04-23 16:52:34]     Fine-tune strategy:      full
[2026-04-23 16:52:34]     Warm-up epochs:          10
[2026-04-23 16:52:34]     Pretrained loading path: from_pretrained
[2026-04-23 16:52:34]     Pretrained repo:         braindecode/signal-jepa_without-chans
[2026-04-23 16:52:34]     Phase 1 (warmup):
[2026-04-23 16:52:34]       Trainable groups: ['final_layer.']
[2026-04-23 16:52:34]       Total params:     16,142
[2026-04-23 16:52:34]       Trainable params: 2,302
[2026-04-23 16:52:34]       Trainable pct:    14.26%
[2026-04-23 16:52:34]       Trainable parameter names: ['final_layer.spat_conv.weight', 'final_layer.spat_conv.bias', 'final_layer.linear.weight', 'final_layer.linear.bias']
[2026-04-23 16:52:34]     Phase 2 (full):
[2026-04-23 16:52:34]       Trainable groups: ['all_parameters']
[2026-04-23 16:52:34]       Total params:     16,142
[2026-04-23 16:52:34]       Trainable params: 16,142
[2026-04-23 16:52:34]       Trainable pct:    100.00%
[2026-04-23 16:52:34]       Trainable parameter names: ['feature_encoder.1.0.weight', 'feature_encoder.1.2.weight', 'feature_encoder.1.2.bias', 'feature_encoder.2.0.weight', 'feature_encoder.3.0.weight', 'feature_encoder.4.0.weight', 'feature_encoder.5.0.weight', 'final_layer.spat_conv.weight', 'final_layer.spat_conv.bias', 'final_layer.linear.weight', 'final_layer.linear.bias']
[2026-04-23 16:55:34]   Fold 4/5 | best_epoch=16 | stop=5000 | val_loss=0.6772 | acc=0.5250 | bal_acc=0.5250 | roc_auc=N/A
[2026-04-23 16:55:34]     Downstream model:        SignalJEPA_PostLocal
[2026-04-23 16:55:34]     Fine-tune strategy:      full
[2026-04-23 16:55:34]     Warm-up epochs:          10
[2026-04-23 16:55:34]     Pretrained loading path: from_pretrained
[2026-04-23 16:55:34]     Pretrained repo:         braindecode/signal-jepa_without-chans
[2026-04-23 16:55:34]     Phase 1 (warmup):
[2026-04-23 16:55:34]       Trainable groups: ['final_layer.']
[2026-04-23 16:55:34]       Total params:     16,142
[2026-04-23 16:55:34]       Trainable params: 2,302
[2026-04-23 16:55:34]       Trainable pct:    14.26%
[2026-04-23 16:55:34]       Trainable parameter names: ['final_layer.spat_conv.weight', 'final_layer.spat_conv.bias', 'final_layer.linear.weight', 'final_layer.linear.bias']
[2026-04-23 16:55:34]     Phase 2 (full):
[2026-04-23 16:55:34]       Trainable groups: ['all_parameters']
[2026-04-23 16:55:34]       Total params:     16,142
[2026-04-23 16:55:34]       Trainable params: 16,142
[2026-04-23 16:55:34]       Trainable pct:    100.00%
[2026-04-23 16:55:34]       Trainable parameter names: ['feature_encoder.1.0.weight', 'feature_encoder.1.2.weight', 'feature_encoder.1.2.bias', 'feature_encoder.2.0.weight', 'feature_encoder.3.0.weight', 'feature_encoder.4.0.weight', 'feature_encoder.5.0.weight', 'final_layer.spat_conv.weight', 'final_layer.spat_conv.bias', 'final_layer.linear.weight', 'final_layer.linear.bias']
[2026-04-23 16:58:34]   Fold 5/5 | best_epoch=16 | stop=5000 | val_loss=0.6773 | acc=0.6250 | bal_acc=0.6250 | roc_auc=N/A
[2026-04-23 16:58:34]   Subject 54 summary: acc=0.5350±0.0682  bal_acc=0.5350±0.0682  roc_auc=N/A

[2026-04-23 16:58:34] Total folds completed: 35
[2026-04-23 16:58:34] ======================================================================
[2026-04-23 16:58:34] AGGREGATED RESULTS
[2026-04-23 16:58:34] ======================================================================
[2026-04-23 16:58:34]   Subject 48:  acc=0.6000±0.0652  bal_acc=0.6000±0.0652  roc_auc=N/A 
[2026-04-23 16:58:34]   Subject 49:  acc=0.6700±0.0620  bal_acc=0.6700±0.0620  roc_auc=N/A 
[2026-04-23 16:58:34]   Subject 50:  acc=0.5900±0.0875  bal_acc=0.5900±0.0875  roc_auc=N/A 
[2026-04-23 16:58:34]   Subject 51:  acc=0.5300±0.0534  bal_acc=0.5300±0.0534  roc_auc=N/A 
[2026-04-23 16:58:34]   Subject 52:  acc=0.5800±0.0510  bal_acc=0.5800±0.0510  roc_auc=N/A 
[2026-04-23 16:58:34]   Subject 53:  acc=0.6250±0.0354  bal_acc=0.6250±0.0354  roc_auc=N/A 
[2026-04-23 16:58:34]   Subject 54:  acc=0.5350±0.0682  bal_acc=0.5350±0.0682  roc_auc=N/A 
[2026-04-23 16:58:34] ----------------------------------------------------------------------
[2026-04-23 16:58:34]   OVERALL:      acc=0.5900±0.0770  bal_acc=0.5900±0.0770  roc_auc=N/A
[2026-04-23 16:58:34] ======================================================================
[2026-04-23 16:58:34] CV results saved to:      /home/vegorov/Repos/eeg_jepa_research/artifacts/lee-2019-fine-tuning/MI/20260423_1513_1e0c0f1d/cv_results.json
[2026-04-23 16:58:34] Subject metrics saved to: /home/vegorov/Repos/eeg_jepa_research/artifacts/lee-2019-fine-tuning/MI/20260423_1513_1e0c0f1d/subject_metrics.json
[2026-04-23 16:58:34] Global metrics saved to:  /home/vegorov/Repos/eeg_jepa_research/artifacts/lee-2019-fine-tuning/MI/20260423_1513_1e0c0f1d/global_metrics.json
[2026-04-23 16:58:34] Run metadata saved to:    /home/vegorov/Repos/eeg_jepa_research/artifacts/lee-2019-fine-tuning/MI/20260423_1513_1e0c0f1d/run_metadata.json

[2026-04-23 16:58:34] All artifacts in: /home/vegorov/Repos/eeg_jepa_research/artifacts/lee-2019-fine-tuning/MI/20260423_1513_1e0c0f1d

[2026-04-23 16:58:34] ======================================================================
[2026-04-23 16:58:34] EXPERIMENT SUMMARY
[2026-04-23 16:58:34] ======================================================================
[2026-04-23 16:58:34] Run ID:    20260423_1513_1e0c0f1d
[2026-04-23 16:58:34] Artifacts: /home/vegorov/Repos/eeg_jepa_research/artifacts/lee-2019-fine-tuning/MI/20260423_1513_1e0c0f1d

[2026-04-23 16:58:34] Configuration:
[2026-04-23 16:58:34]   Subjects:              [48, 49, 50, 51, 52, 53, 54]
[2026-04-23 16:58:34]   Paradigm:              MI
[2026-04-23 16:58:34]   Model:                 SignalJEPA_PostLocal
[2026-04-23 16:58:34]   Strategy:              full
[2026-04-23 16:58:34]   Warm-up epochs:        10
[2026-04-23 16:58:34]   Bandpass:              0.5-40.0 Hz
[2026-04-23 16:58:34]   Resample:              128 Hz
[2026-04-23 16:58:34]   CV folds:              5
[2026-04-23 16:58:34]   Validation split:      0.2
[2026-04-23 16:58:34]   Learning rate:         0.001
[2026-04-23 16:58:34]   Batch size:            32
[2026-04-23 16:58:34]   Max epochs:            5000
[2026-04-23 16:58:34]   CV seed:               12
[2026-04-23 16:58:34]   Pretrained loading:    from_pretrained

[2026-04-23 16:58:34] Results:
[2026-04-23 16:58:34]   Mean Accuracy:          0.5900 ± 0.0770
[2026-04-23 16:58:34]   Mean Balanced Accuracy: 0.5900 ± 0.0770
[2026-04-23 16:58:34]   Mean ROC-AUC:           N/A
