[2026-04-02 11:04:26] Using device: cpu
[2026-04-02 11:04:26] Seed control enabled: True
[2026-04-02 11:04:26] Base seed: 3008
[2026-04-02 11:04:27] Seed initialized: 3008
[2026-04-02 11:04:27] ======================================================================
[2026-04-02 11:04:27] CONFIGURATION
[2026-04-02 11:04:27] ======================================================================
[2026-04-02 11:04:27]   artifact_dir: /home/vegorov/Repos/eeg_jepa_research/artifacts/lee-2019-fine-tuning
[2026-04-02 11:04:27]   bandpass_high: 40.0
[2026-04-02 11:04:27]   bandpass_low: 0.5
[2026-04-02 11:04:27]   batch_size: 24
[2026-04-02 11:04:27]   convert_to_uV: False
[2026-04-02 11:04:27]   cv_folds: 5
[2026-04-02 11:04:27]   device: auto
[2026-04-02 11:04:27]   early_stopping_patience: 50
[2026-04-02 11:04:27]   learning_rate: 0.001
[2026-04-02 11:04:27]   n_epochs: 5000
[2026-04-02 11:04:27]   normalization_method: robust
[2026-04-02 11:04:27]   normalize: True
[2026-04-02 11:04:27]   paradigm: SSVEP
[2026-04-02 11:04:27]   pretrained_url: https://huggingface.co/braindecode/SignalJEPA/resolve/main/signal-jepa_16s-60_adeuwv4s.pth
[2026-04-02 11:04:27]   seed: 3008
[2026-04-02 11:04:27]   set_seed: True
[2026-04-02 11:04:27]   sfreq: 128
[2026-04-02 11:04:27]   subjects_to_use: [48, 49, 50, 51, 52, 53, 54]
[2026-04-02 11:04:27]   val_split: 0.2
[2026-04-02 11:04:27] ======================================================================
[2026-04-02 11:04:27] Config saved to: /home/vegorov/Repos/eeg_jepa_research/artifacts/lee-2019-fine-tuning/SSVEP/20260402_1104_05151661/config.json
[2026-04-02 11:04:27] Epoch window configuration:
[2026-04-02 11:04:27]   Target sfreq:                128 Hz
[2026-04-02 11:04:27]   Target duration:             4.190000 s
[2026-04-02 11:04:27]   Window samples (rounded):    536
[2026-04-02 11:04:27]   Base trial samples (4.0 s):  512
[2026-04-02 11:04:27]   Trial stop offset samples:   24
[2026-04-02 11:04:27]   Effective window duration:   4.187500 s
[2026-04-02 11:04:27] Using specified subjects from config: [48, 49, 50, 51, 52, 53, 54]
[2026-04-02 11:04:27] Selected subjects: [48, 49, 50, 51, 52, 53, 54]
[2026-04-02 11:04:27] Expected evaluation folds: 35

[2026-04-02 11:04:27] Building MOABBDataset for Lee2019_SSVEP...
[2026-04-02 11:15:11] MOABBDataset recordings loaded: 7
[2026-04-02 11:15:11] Discovered annotation descriptions (first recording): [np.str_('12.0'), np.str_('5.45'), np.str_('6.67'), np.str_('8.57')]
[2026-04-02 11:15:11] Dataset event_id mapping: {'12.0': 1, '8.57': 2, '6.67': 3, '5.45': 4}
[2026-04-02 11:15:11] Label map (event_code -> class_index): {1: 0, 2: 1, 3: 2, 4: 3}
[2026-04-02 11:15:11] Applying Braindecode preprocessors to MOABBDataset...
[2026-04-02 11:15:32] Preprocessing complete.

[2026-04-02 11:15:32] Post-preprocessing validation
[2026-04-02 11:15:32]   Recordings in DATASET: 7
[2026-04-02 11:15:32]   Unique subject IDs:    ['48', '49', '50', '51', '52', '53', '54']
[2026-04-02 11:15:32]   sfreq (first rec):     128.0 Hz
[2026-04-02 11:15:32]   EEG channel count:     62
[2026-04-02 11:15:32]   First 10 channels:     ['Fp1', 'Fp2', 'F7', 'F3', 'Fz', 'F4', 'F8', 'FC5', 'FC1', 'FC2']
[2026-04-02 11:15:32] Channel consistency summary:
[2026-04-02 11:15:32]   Checked runs: 7
[2026-04-02 11:15:32]   Unique channel counts: [62]
[2026-04-02 11:15:32]   Channel order consistent: True
[2026-04-02 11:15:32] Validated EEG channels: 62
[2026-04-02 11:15:32] First 10 EEG channels: ['Fp1', 'Fp2', 'F7', 'F3', 'Fz', 'F4', 'F8', 'FC5', 'FC1', 'FC2']
[2026-04-02 11:15:32] raw mean_abs=1.358829e+00
[2026-04-02 11:15:32] raw std=2.028670e+00
[2026-04-02 11:15:32] raw first5 channel std= [2.71461648 3.99576492 1.95258539 1.77829781 1.79586724]
[2026-04-02 11:15:32] Requested window samples: 536
[2026-04-02 11:15:32] Base trial samples:       512
[2026-04-02 11:15:32] Stop offset samples:      24
[2026-04-02 11:15:32] Global class counts: [175, 175, 175, 175]
[2026-04-02 11:15:32] Chance level (4-class): 0.25
[2026-04-02 11:15:32] One window shape: (62, 536)
[2026-04-02 11:15:32] One window label: 1
[2026-04-02 11:15:32] Window sample length expected=536, got=536
[2026-04-02 11:15:33] Subjects in window split: [48, 49, 50, 51, 52, 53, 54]
[2026-04-02 11:15:33] Summarizing per-subject windows...
[2026-04-02 11:15:33]   Subject 48: n_windows=100, window_shape=(62, 536), class_counts=[25, 25, 25, 25]
[2026-04-02 11:15:33]   Subject 49: n_windows=100, window_shape=(62, 536), class_counts=[25, 25, 25, 25]
[2026-04-02 11:15:33]   Subject 50: n_windows=100, window_shape=(62, 536), class_counts=[25, 25, 25, 25]
[2026-04-02 11:15:33]   Subject 51: n_windows=100, window_shape=(62, 536), class_counts=[25, 25, 25, 25]
[2026-04-02 11:15:33]   Subject 52: n_windows=100, window_shape=(62, 536), class_counts=[25, 25, 25, 25]
[2026-04-02 11:15:33]   Subject 53: n_windows=100, window_shape=(62, 536), class_counts=[25, 25, 25, 25]
[2026-04-02 11:15:33]   Subject 54: n_windows=100, window_shape=(62, 536), class_counts=[25, 25, 25, 25]
[2026-04-02 11:15:33]    subject_id  n_windows  n_channels  n_times      class_counts
0          48        100          62      536  [25, 25, 25, 25]
1          49        100          62      536  [25, 25, 25, 25]
2          50        100          62      536  [25, 25, 25, 25]
3          51        100          62      536  [25, 25, 25, 25]
4          52        100          62      536  [25, 25, 25, 25]
5          53        100          62      536  [25, 25, 25, 25]
6          54        100          62      536  [25, 25, 25, 25]
[2026-04-02 11:15:33] Window validation summary:
[2026-04-02 11:15:33]   Subject 48: n_windows=100 class_counts=[25, 25, 25, 25]
[2026-04-02 11:15:33]   Subject 49: n_windows=100 class_counts=[25, 25, 25, 25]
[2026-04-02 11:15:33]   Subject 50: n_windows=100 class_counts=[25, 25, 25, 25]
[2026-04-02 11:15:33]   Subject 51: n_windows=100 class_counts=[25, 25, 25, 25]
[2026-04-02 11:15:33]   Subject 52: n_windows=100 class_counts=[25, 25, 25, 25]
[2026-04-02 11:15:33]   Subject 53: n_windows=100 class_counts=[25, 25, 25, 25]
[2026-04-02 11:15:33]   Subject 54: n_windows=100 class_counts=[25, 25, 25, 25]

[2026-04-02 11:15:33] Validated sampling rate target: 128 Hz
[2026-04-02 11:15:33] Validated window sample count:   536
[2026-04-02 11:15:33] Validated window duration:       4.1875 s
[2026-04-02 11:15:33] Validated channel count:         62
[2026-04-02 11:15:33] Total windows retained:          700
[2026-04-02 11:15:33] Preprocessing sanity checks:
[2026-04-02 11:15:33]   One sample label: 1
[2026-04-02 11:15:33]   One sample shape: (62, 536)
[2026-04-02 11:15:33]   Mean(abs(signal)): 7.631894e-01
[2026-04-02 11:15:33]   Mean(signal):      -5.349898e-03
[2026-04-02 11:15:33]   Std(signal):       9.769821e-01
[2026-04-02 11:15:33] Building model with input window duration: 4.1875 s
[2026-04-02 11:15:33] SignalJEPA_PreLocal instantiated successfully.
[2026-04-02 11:15:33]   Total parameters:     18,192
[2026-04-02 11:15:33]   Trainable parameters: 18,192
[2026-04-02 11:15:33] ======================================================================================================================================================
Layer (type (var_name):depth-idx)                  Input Shape               Output Shape              Param #                   Kernel Shape
======================================================================================================================================================
SignalJEPA_PreLocal (SignalJEPA_PreLocal)          [1, 62, 536]              [1, 4]                    --                        --
├─Sequential (spatial_conv): 1-1                   [1, 62, 536]              [1, 4, 536]               --                        --
│    └─Rearrange (0): 2-1                          [1, 62, 536]              [1, 1, 62, 536]           --                        --
│    └─Conv2d (1): 2-2                             [1, 1, 62, 536]           [1, 4, 1, 536]            252                       [62, 1]
│    └─Rearrange (2): 2-3                          [1, 4, 1, 536]            [1, 4, 536]               --                        --
├─_ConvFeatureEncoder (feature_encoder): 1-2       [1, 4, 536]               [1, 16, 64]               --                        --
│    └─Rearrange (0): 2-4                          [1, 4, 536]               [4, 1, 536]               --                        --
│    └─Sequential (1): 2-5                         [4, 1, 536]               [4, 8, 64]                --                        --
│    │    └─Conv1d (0): 3-1                        [4, 1, 536]               [4, 8, 64]                256                       [32]
│    │    └─Dropout (1): 3-2                       [4, 8, 64]                [4, 8, 64]                --                        --
│    │    └─GroupNorm (2): 3-3                     [4, 8, 64]                [4, 8, 64]                16                        --
│    │    └─GELU (3): 3-4                          [4, 8, 64]                [4, 8, 64]                --                        --
│    └─Sequential (2): 2-6                         [4, 8, 64]                [4, 16, 32]               --                        --
│    │    └─Conv1d (0): 3-5                        [4, 8, 64]                [4, 16, 32]               256                       [2]
│    │    └─Dropout (1): 3-6                       [4, 16, 32]               [4, 16, 32]               --                        --
│    │    └─GELU (2): 3-7                          [4, 16, 32]               [4, 16, 32]               --                        --
│    └─Sequential (3): 2-7                         [4, 16, 32]               [4, 32, 16]               --                        --
│    │    └─Conv1d (0): 3-8                        [4, 16, 32]               [4, 32, 16]               1,024                     [2]
│    │    └─Dropout (1): 3-9                       [4, 32, 16]               [4, 32, 16]               --                        --
│    │    └─GELU (2): 3-10                         [4, 32, 16]               [4, 32, 16]               --                        --
│    └─Sequential (4): 2-8                         [4, 32, 16]               [4, 64, 8]                --                        --
│    │    └─Conv1d (0): 3-11                       [4, 32, 16]               [4, 64, 8]                4,096                     [2]
│    │    └─Dropout (1): 3-12                      [4, 64, 8]                [4, 64, 8]                --                        --
│    │    └─GELU (2): 3-13                         [4, 64, 8]                [4, 64, 8]                --                        --
│    └─Sequential (5): 2-9                         [4, 64, 8]                [4, 64, 4]                --                        --
│    │    └─Conv1d (0): 3-14                       [4, 64, 8]                [4, 64, 4]                8,192                     [2]
│    │    └─Dropout (1): 3-15                      [4, 64, 4]                [4, 64, 4]                --                        --
│    │    └─GELU (2): 3-16                         [4, 64, 4]                [4, 64, 4]                --                        --
│    └─Rearrange (6): 2-10                         [4, 64, 4]                [1, 16, 64]               --                        --
├─Sequential (final_layer): 1-3                    [1, 16, 64]               [1, 4]                    --                        --
│    └─Flatten (0): 2-11                           [1, 16, 64]               [1, 1024]                 --                        --
│    └─Linear (1): 2-12                            [1, 1024]                 [1, 4]                    4,100                     --
======================================================================================================================================================
Total params: 18,192
Trainable params: 18,192
Non-trainable params: 0
Total mult-adds (Units.MEGABYTES): 0.57
======================================================================================================================================================
Input size (MB): 0.13
Forward/backward pass size (MB): 0.11
Params size (MB): 0.07
Estimated Total Size (MB): 0.31
======================================================================================================================================================
[2026-04-02 11:15:33] Initializing from 16s-60 pretrained checkpoint (Hugging Face):
[2026-04-02 11:15:33]   https://huggingface.co/braindecode/SignalJEPA/resolve/main/signal-jepa_16s-60_adeuwv4s.pth
[2026-04-02 11:15:34]   Downloaded 179 keys
[2026-04-02 11:15:34] ======================================================================
[2026-04-02 11:15:34] STARTING CROSS-VALIDATION
[2026-04-02 11:15:34] ======================================================================
[2026-04-02 11:15:34] Subjects:      [48, 49, 50, 51, 52, 53, 54]
[2026-04-02 11:15:34] CV folds:      5
[2026-04-02 11:15:34] Batch size:    24
[2026-04-02 11:15:34] Max epochs:    5000
[2026-04-02 11:15:34] Device:        cpu
[2026-04-02 11:15:34] Seed control:  True
[2026-04-02 11:15:34] Base seed:     3008
[2026-04-02 11:15:34] ======================================================================

[2026-04-02 11:15:34] Subject 48: 100 windows class_counts=[25, 25, 25, 25]
[2026-04-02 11:15:34]   Fold 1 split seed: 3009
[2026-04-02 11:15:34]   Fold 1 split class counts:
[2026-04-02 11:15:34]     train=[16, 16, 16, 16] val=[4, 4, 4, 4] test=[5, 5, 5, 5]
[2026-04-02 11:15:34]   Fold 2 split seed: 3010
[2026-04-02 11:15:34]   Fold 2 split class counts:
[2026-04-02 11:15:34]     train=[16, 16, 16, 16] val=[4, 4, 4, 4] test=[5, 5, 5, 5]
[2026-04-02 11:15:34]   Fold 3 split seed: 3011
[2026-04-02 11:15:34]   Fold 3 split class counts:
[2026-04-02 11:15:34]     train=[16, 16, 16, 16] val=[4, 4, 4, 4] test=[5, 5, 5, 5]
[2026-04-02 11:15:34]   Fold 4 split seed: 3012
[2026-04-02 11:15:34]   Fold 4 split class counts:
[2026-04-02 11:15:34]     train=[16, 16, 16, 16] val=[4, 4, 4, 4] test=[5, 5, 5, 5]
[2026-04-02 11:15:34]   Fold 5 split seed: 3013
[2026-04-02 11:15:34]   Fold 5 split class counts:
[2026-04-02 11:15:34]     train=[16, 16, 16, 16] val=[4, 4, 4, 4] test=[5, 5, 5, 5]
[2026-04-02 11:15:34]   Subject 48 Fold 1 seed: 7809
[2026-04-02 11:15:34]   Subject 48 Fold 1: n_train=64 n_val=16 n_test=20
[2026-04-02 11:15:34]     Train class counts: [16, 16, 16, 16]
[2026-04-02 11:15:34]     Val class counts:   [4, 4, 4, 4]
[2026-04-02 11:15:34]     Test class counts:  [5, 5, 5, 5]
[2026-04-02 11:15:34] Building model with input window duration: 4.1875 s
[2026-04-02 11:15:34] Pretrained weight loading:
[2026-04-02 11:15:34]   Downloaded keys:        179
[2026-04-02 11:15:34]   Filtered (transformer): 172
[2026-04-02 11:15:34]   Filtered (pos_encoder): 0
[2026-04-02 11:15:34]   Keys to load:           7
[2026-04-02 11:15:34]   Missing keys:           4
[2026-04-02 11:15:34]   Unexpected keys:        0
[2026-04-02 11:15:34]   Missing preview:        ['spatial_conv.1.weight', 'spatial_conv.1.bias', 'final_layer.1.weight', 'final_layer.1.bias']
[2026-04-02 11:15:34]   Unexpected preview:     []
[2026-04-02 11:15:34] Encoder freeze configuration:
[2026-04-02 11:15:34]   Total parameters:        18,192
[2026-04-02 11:15:34]   Trainable parameters:    4,352
[2026-04-02 11:15:34]   Training percentage:     23.9%
[2026-04-02 11:15:34]   Trainable layers: 4
[2026-04-02 11:15:34]     - final_layer.1.bias
[2026-04-02 11:15:34]     - final_layer.1.weight
[2026-04-02 11:15:34]     - spatial_conv.1.bias
[2026-04-02 11:15:34]     - spatial_conv.1.weight
[2026-04-02 11:15:34]     Train generator seeded: True
[2026-04-02 11:15:48]     Stopped epoch:            1600
[2026-04-02 11:15:48]     Best epoch (valid_loss):  1550
[2026-04-02 11:15:48]     Best valid_loss:          0.12556275725364685
[2026-04-02 11:15:48]     Test accuracy (primary):  0.9500
[2026-04-02 11:15:48]     Test balanced acc:        0.9500
[2026-04-02 11:15:48]     Confusion matrix:         [[5, 0, 0, 0], [0, 5, 0, 0], [0, 0, 4, 1], [0, 0, 0, 5]]
[2026-04-02 11:15:48]     Prediction histogram:     [5, 5, 4, 6]
[2026-04-02 11:15:48]     fold_acc=0.9500 fold_bal_acc=0.9500 cm=[[5, 0, 0, 0], [0, 5, 0, 0], [0, 0, 4, 1], [0, 0, 0, 5]]
[2026-04-02 11:15:48]   Subject 48 Fold 2 seed: 7810
[2026-04-02 11:15:48]   Subject 48 Fold 2: n_train=64 n_val=16 n_test=20
[2026-04-02 11:15:48]     Train class counts: [16, 16, 16, 16]
[2026-04-02 11:15:48]     Val class counts:   [4, 4, 4, 4]
[2026-04-02 11:15:48]     Test class counts:  [5, 5, 5, 5]
[2026-04-02 11:15:48] Building model with input window duration: 4.1875 s
[2026-04-02 11:15:48] Pretrained weight loading:
[2026-04-02 11:15:48]   Downloaded keys:        179
[2026-04-02 11:15:48]   Filtered (transformer): 172
[2026-04-02 11:15:48]   Filtered (pos_encoder): 0
[2026-04-02 11:15:48]   Keys to load:           7
[2026-04-02 11:15:48]   Missing keys:           4
[2026-04-02 11:15:48]   Unexpected keys:        0
[2026-04-02 11:15:48]   Missing preview:        ['spatial_conv.1.weight', 'spatial_conv.1.bias', 'final_layer.1.weight', 'final_layer.1.bias']
[2026-04-02 11:15:48]   Unexpected preview:     []
[2026-04-02 11:15:48] Encoder freeze configuration:
[2026-04-02 11:15:48]   Total parameters:        18,192
[2026-04-02 11:15:48]   Trainable parameters:    4,352
[2026-04-02 11:15:48]   Training percentage:     23.9%
[2026-04-02 11:15:48]   Trainable layers: 4
[2026-04-02 11:15:48]     - final_layer.1.bias
[2026-04-02 11:15:48]     - final_layer.1.weight
[2026-04-02 11:15:48]     - spatial_conv.1.bias
[2026-04-02 11:15:48]     - spatial_conv.1.weight
[2026-04-02 11:15:48]     Train generator seeded: True
[2026-04-02 11:15:56]     Stopped epoch:            1006
[2026-04-02 11:15:56]     Best epoch (valid_loss):  965
[2026-04-02 11:15:56]     Best valid_loss:          0.23627711832523346
[2026-04-02 11:15:56]     Test accuracy (primary):  0.9000
[2026-04-02 11:15:56]     Test balanced acc:        0.9000
[2026-04-02 11:15:56]     Confusion matrix:         [[4, 0, 0, 1], [0, 4, 0, 1], [0, 0, 5, 0], [0, 0, 0, 5]]
[2026-04-02 11:15:56]     Prediction histogram:     [4, 4, 5, 7]
[2026-04-02 11:15:56]     fold_acc=0.9000 fold_bal_acc=0.9000 cm=[[4, 0, 0, 1], [0, 4, 0, 1], [0, 0, 5, 0], [0, 0, 0, 5]]
[2026-04-02 11:15:56]   Subject 48 Fold 3 seed: 7811
[2026-04-02 11:15:56]   Subject 48 Fold 3: n_train=64 n_val=16 n_test=20
[2026-04-02 11:15:56]     Train class counts: [16, 16, 16, 16]
[2026-04-02 11:15:56]     Val class counts:   [4, 4, 4, 4]
[2026-04-02 11:15:56]     Test class counts:  [5, 5, 5, 5]
[2026-04-02 11:15:56] Building model with input window duration: 4.1875 s
[2026-04-02 11:15:56] Pretrained weight loading:
[2026-04-02 11:15:56]   Downloaded keys:        179
[2026-04-02 11:15:56]   Filtered (transformer): 172
[2026-04-02 11:15:56]   Filtered (pos_encoder): 0
[2026-04-02 11:15:56]   Keys to load:           7
[2026-04-02 11:15:56]   Missing keys:           4
[2026-04-02 11:15:56]   Unexpected keys:        0
[2026-04-02 11:15:56]   Missing preview:        ['spatial_conv.1.weight', 'spatial_conv.1.bias', 'final_layer.1.weight', 'final_layer.1.bias']
[2026-04-02 11:15:56]   Unexpected preview:     []
[2026-04-02 11:15:56] Encoder freeze configuration:
[2026-04-02 11:15:56]   Total parameters:        18,192
[2026-04-02 11:15:56]   Trainable parameters:    4,352
[2026-04-02 11:15:56]   Training percentage:     23.9%
[2026-04-02 11:15:56]   Trainable layers: 4
[2026-04-02 11:15:56]     - final_layer.1.bias
[2026-04-02 11:15:56]     - final_layer.1.weight
[2026-04-02 11:15:56]     - spatial_conv.1.bias
[2026-04-02 11:15:56]     - spatial_conv.1.weight
[2026-04-02 11:15:56]     Train generator seeded: True
[2026-04-02 11:16:07]     Stopped epoch:            1351
[2026-04-02 11:16:07]     Best epoch (valid_loss):  1301
[2026-04-02 11:16:07]     Best valid_loss:          0.31516581773757935
[2026-04-02 11:16:07]     Test accuracy (primary):  1.0000
[2026-04-02 11:16:07]     Test balanced acc:        1.0000
[2026-04-02 11:16:07]     Confusion matrix:         [[5, 0, 0, 0], [0, 5, 0, 0], [0, 0, 5, 0], [0, 0, 0, 5]]
[2026-04-02 11:16:07]     Prediction histogram:     [5, 5, 5, 5]
[2026-04-02 11:16:07]     fold_acc=1.0000 fold_bal_acc=1.0000 cm=[[5, 0, 0, 0], [0, 5, 0, 0], [0, 0, 5, 0], [0, 0, 0, 5]]
[2026-04-02 11:16:07]   Subject 48 Fold 4 seed: 7812
[2026-04-02 11:16:07]   Subject 48 Fold 4: n_train=64 n_val=16 n_test=20
[2026-04-02 11:16:07]     Train class counts: [16, 16, 16, 16]
[2026-04-02 11:16:07]     Val class counts:   [4, 4, 4, 4]
[2026-04-02 11:16:07]     Test class counts:  [5, 5, 5, 5]
[2026-04-02 11:16:07] Building model with input window duration: 4.1875 s
[2026-04-02 11:16:07] Pretrained weight loading:
[2026-04-02 11:16:07]   Downloaded keys:        179
[2026-04-02 11:16:07]   Filtered (transformer): 172
[2026-04-02 11:16:07]   Filtered (pos_encoder): 0
[2026-04-02 11:16:07]   Keys to load:           7
[2026-04-02 11:16:07]   Missing keys:           4
[2026-04-02 11:16:07]   Unexpected keys:        0
[2026-04-02 11:16:07]   Missing preview:        ['spatial_conv.1.weight', 'spatial_conv.1.bias', 'final_layer.1.weight', 'final_layer.1.bias']
[2026-04-02 11:16:07]   Unexpected preview:     []
[2026-04-02 11:16:07] Encoder freeze configuration:
[2026-04-02 11:16:07]   Total parameters:        18,192
[2026-04-02 11:16:07]   Trainable parameters:    4,352
[2026-04-02 11:16:07]   Training percentage:     23.9%
[2026-04-02 11:16:07]   Trainable layers: 4
[2026-04-02 11:16:07]     - final_layer.1.bias
[2026-04-02 11:16:07]     - final_layer.1.weight
[2026-04-02 11:16:07]     - spatial_conv.1.bias
[2026-04-02 11:16:07]     - spatial_conv.1.weight
[2026-04-02 11:16:07]     Train generator seeded: True
[2026-04-02 11:16:16]     Stopped epoch:            1144
[2026-04-02 11:16:16]     Best epoch (valid_loss):  1094
[2026-04-02 11:16:16]     Best valid_loss:          0.1697622686624527
[2026-04-02 11:16:16]     Test accuracy (primary):  1.0000
[2026-04-02 11:16:16]     Test balanced acc:        1.0000
[2026-04-02 11:16:16]     Confusion matrix:         [[5, 0, 0, 0], [0, 5, 0, 0], [0, 0, 5, 0], [0, 0, 0, 5]]
[2026-04-02 11:16:16]     Prediction histogram:     [5, 5, 5, 5]
[2026-04-02 11:16:16]     fold_acc=1.0000 fold_bal_acc=1.0000 cm=[[5, 0, 0, 0], [0, 5, 0, 0], [0, 0, 5, 0], [0, 0, 0, 5]]
[2026-04-02 11:16:16]   Subject 48 Fold 5 seed: 7813
[2026-04-02 11:16:16]   Subject 48 Fold 5: n_train=64 n_val=16 n_test=20
[2026-04-02 11:16:16]     Train class counts: [16, 16, 16, 16]
[2026-04-02 11:16:16]     Val class counts:   [4, 4, 4, 4]
[2026-04-02 11:16:16]     Test class counts:  [5, 5, 5, 5]
[2026-04-02 11:16:16] Building model with input window duration: 4.1875 s
[2026-04-02 11:16:16] Pretrained weight loading:
[2026-04-02 11:16:16]   Downloaded keys:        179
[2026-04-02 11:16:16]   Filtered (transformer): 172
[2026-04-02 11:16:16]   Filtered (pos_encoder): 0
[2026-04-02 11:16:16]   Keys to load:           7
[2026-04-02 11:16:16]   Missing keys:           4
[2026-04-02 11:16:16]   Unexpected keys:        0
[2026-04-02 11:16:16]   Missing preview:        ['spatial_conv.1.weight', 'spatial_conv.1.bias', 'final_layer.1.weight', 'final_layer.1.bias']
[2026-04-02 11:16:16]   Unexpected preview:     []
[2026-04-02 11:16:16] Encoder freeze configuration:
[2026-04-02 11:16:16]   Total parameters:        18,192
[2026-04-02 11:16:16]   Trainable parameters:    4,352
[2026-04-02 11:16:16]   Training percentage:     23.9%
[2026-04-02 11:16:16]   Trainable layers: 4
[2026-04-02 11:16:16]     - final_layer.1.bias
[2026-04-02 11:16:16]     - final_layer.1.weight
[2026-04-02 11:16:16]     - spatial_conv.1.bias
[2026-04-02 11:16:16]     - spatial_conv.1.weight
[2026-04-02 11:16:16]     Train generator seeded: True
[2026-04-02 11:16:30]     Stopped epoch:            1718
[2026-04-02 11:16:30]     Best epoch (valid_loss):  1669
[2026-04-02 11:16:30]     Best valid_loss:          0.07620422542095184
[2026-04-02 11:16:30]     Test accuracy (primary):  0.9500
[2026-04-02 11:16:30]     Test balanced acc:        0.9500
[2026-04-02 11:16:30]     Confusion matrix:         [[4, 1, 0, 0], [0, 5, 0, 0], [0, 0, 5, 0], [0, 0, 0, 5]]
[2026-04-02 11:16:30]     Prediction histogram:     [4, 6, 5, 5]
[2026-04-02 11:16:30]     fold_acc=0.9500 fold_bal_acc=0.9500 cm=[[4, 1, 0, 0], [0, 5, 0, 0], [0, 0, 5, 0], [0, 0, 0, 5]]
[2026-04-02 11:16:30]   Subject 48 mean accuracy: 0.9600

[2026-04-02 11:16:30] Subject 49: 100 windows class_counts=[25, 25, 25, 25]
[2026-04-02 11:16:30]   Fold 1 split seed: 3009
[2026-04-02 11:16:30]   Fold 1 split class counts:
[2026-04-02 11:16:30]     train=[16, 16, 16, 16] val=[4, 4, 4, 4] test=[5, 5, 5, 5]
[2026-04-02 11:16:30]   Fold 2 split seed: 3010
[2026-04-02 11:16:30]   Fold 2 split class counts:
[2026-04-02 11:16:30]     train=[16, 16, 16, 16] val=[4, 4, 4, 4] test=[5, 5, 5, 5]
[2026-04-02 11:16:30]   Fold 3 split seed: 3011
[2026-04-02 11:16:30]   Fold 3 split class counts:
[2026-04-02 11:16:30]     train=[16, 16, 16, 16] val=[4, 4, 4, 4] test=[5, 5, 5, 5]
[2026-04-02 11:16:30]   Fold 4 split seed: 3012
[2026-04-02 11:16:30]   Fold 4 split class counts:
[2026-04-02 11:16:30]     train=[16, 16, 16, 16] val=[4, 4, 4, 4] test=[5, 5, 5, 5]
[2026-04-02 11:16:30]   Fold 5 split seed: 3013
[2026-04-02 11:16:30]   Fold 5 split class counts:
[2026-04-02 11:16:30]     train=[16, 16, 16, 16] val=[4, 4, 4, 4] test=[5, 5, 5, 5]
[2026-04-02 11:16:30]   Subject 49 Fold 1 seed: 7909
[2026-04-02 11:16:30]   Subject 49 Fold 1: n_train=64 n_val=16 n_test=20
[2026-04-02 11:16:30]     Train class counts: [16, 16, 16, 16]
[2026-04-02 11:16:30]     Val class counts:   [4, 4, 4, 4]
[2026-04-02 11:16:30]     Test class counts:  [5, 5, 5, 5]
[2026-04-02 11:16:30] Building model with input window duration: 4.1875 s
[2026-04-02 11:16:30] Pretrained weight loading:
[2026-04-02 11:16:30]   Downloaded keys:        179
[2026-04-02 11:16:30]   Filtered (transformer): 172
[2026-04-02 11:16:30]   Filtered (pos_encoder): 0
[2026-04-02 11:16:30]   Keys to load:           7
[2026-04-02 11:16:30]   Missing keys:           4
[2026-04-02 11:16:30]   Unexpected keys:        0
[2026-04-02 11:16:30]   Missing preview:        ['spatial_conv.1.weight', 'spatial_conv.1.bias', 'final_layer.1.weight', 'final_layer.1.bias']
[2026-04-02 11:16:30]   Unexpected preview:     []
[2026-04-02 11:16:30] Encoder freeze configuration:
[2026-04-02 11:16:30]   Total parameters:        18,192
[2026-04-02 11:16:30]   Trainable parameters:    4,352
[2026-04-02 11:16:30]   Training percentage:     23.9%
[2026-04-02 11:16:30]   Trainable layers: 4
[2026-04-02 11:16:30]     - final_layer.1.bias
[2026-04-02 11:16:30]     - final_layer.1.weight
[2026-04-02 11:16:30]     - spatial_conv.1.bias
[2026-04-02 11:16:30]     - spatial_conv.1.weight
[2026-04-02 11:16:30]     Train generator seeded: True
[2026-04-02 11:16:39]     Stopped epoch:            1059
[2026-04-02 11:16:39]     Best epoch (valid_loss):  1009
[2026-04-02 11:16:39]     Best valid_loss:          0.5926330089569092
[2026-04-02 11:16:39]     Test accuracy (primary):  0.8000
[2026-04-02 11:16:39]     Test balanced acc:        0.8000
[2026-04-02 11:16:39]     Confusion matrix:         [[4, 0, 1, 0], [0, 5, 0, 0], [1, 1, 2, 1], [0, 0, 0, 5]]
[2026-04-02 11:16:39]     Prediction histogram:     [5, 6, 3, 6]
[2026-04-02 11:16:39]     fold_acc=0.8000 fold_bal_acc=0.8000 cm=[[4, 0, 1, 0], [0, 5, 0, 0], [1, 1, 2, 1], [0, 0, 0, 5]]
[2026-04-02 11:16:39]   Subject 49 Fold 2 seed: 7910
[2026-04-02 11:16:39]   Subject 49 Fold 2: n_train=64 n_val=16 n_test=20
[2026-04-02 11:16:39]     Train class counts: [16, 16, 16, 16]
[2026-04-02 11:16:39]     Val class counts:   [4, 4, 4, 4]
[2026-04-02 11:16:39]     Test class counts:  [5, 5, 5, 5]
[2026-04-02 11:16:39] Building model with input window duration: 4.1875 s
[2026-04-02 11:16:39] Pretrained weight loading:
[2026-04-02 11:16:39]   Downloaded keys:        179
[2026-04-02 11:16:39]   Filtered (transformer): 172
[2026-04-02 11:16:39]   Filtered (pos_encoder): 0
[2026-04-02 11:16:39]   Keys to load:           7
[2026-04-02 11:16:39]   Missing keys:           4
[2026-04-02 11:16:39]   Unexpected keys:        0
[2026-04-02 11:16:39]   Missing preview:        ['spatial_conv.1.weight', 'spatial_conv.1.bias', 'final_layer.1.weight', 'final_layer.1.bias']
[2026-04-02 11:16:39]   Unexpected preview:     []
[2026-04-02 11:16:39] Encoder freeze configuration:
[2026-04-02 11:16:39]   Total parameters:        18,192
[2026-04-02 11:16:39]   Trainable parameters:    4,352
[2026-04-02 11:16:39]   Training percentage:     23.9%
[2026-04-02 11:16:39]   Trainable layers: 4
[2026-04-02 11:16:39]     - final_layer.1.bias
[2026-04-02 11:16:39]     - final_layer.1.weight
[2026-04-02 11:16:39]     - spatial_conv.1.bias
[2026-04-02 11:16:39]     - spatial_conv.1.weight
[2026-04-02 11:16:39]     Train generator seeded: True
[2026-04-02 11:16:49]     Stopped epoch:            1172
[2026-04-02 11:16:49]     Best epoch (valid_loss):  1122
[2026-04-02 11:16:49]     Best valid_loss:          0.4183976948261261
[2026-04-02 11:16:49]     Test accuracy (primary):  0.9000
[2026-04-02 11:16:49]     Test balanced acc:        0.9000
[2026-04-02 11:16:49]     Confusion matrix:         [[5, 0, 0, 0], [0, 4, 0, 1], [0, 0, 5, 0], [1, 0, 0, 4]]
[2026-04-02 11:16:49]     Prediction histogram:     [6, 4, 5, 5]
[2026-04-02 11:16:49]     fold_acc=0.9000 fold_bal_acc=0.9000 cm=[[5, 0, 0, 0], [0, 4, 0, 1], [0, 0, 5, 0], [1, 0, 0, 4]]
[2026-04-02 11:16:49]   Subject 49 Fold 3 seed: 7911
[2026-04-02 11:16:49]   Subject 49 Fold 3: n_train=64 n_val=16 n_test=20
[2026-04-02 11:16:49]     Train class counts: [16, 16, 16, 16]
[2026-04-02 11:16:49]     Val class counts:   [4, 4, 4, 4]
[2026-04-02 11:16:49]     Test class counts:  [5, 5, 5, 5]
[2026-04-02 11:16:49] Building model with input window duration: 4.1875 s
[2026-04-02 11:16:49] Pretrained weight loading:
[2026-04-02 11:16:49]   Downloaded keys:        179
[2026-04-02 11:16:49]   Filtered (transformer): 172
[2026-04-02 11:16:49]   Filtered (pos_encoder): 0
[2026-04-02 11:16:49]   Keys to load:           7
[2026-04-02 11:16:49]   Missing keys:           4
[2026-04-02 11:16:49]   Unexpected keys:        0
[2026-04-02 11:16:49]   Missing preview:        ['spatial_conv.1.weight', 'spatial_conv.1.bias', 'final_layer.1.weight', 'final_layer.1.bias']
[2026-04-02 11:16:49]   Unexpected preview:     []
[2026-04-02 11:16:49] Encoder freeze configuration:
[2026-04-02 11:16:49]   Total parameters:        18,192
[2026-04-02 11:16:49]   Trainable parameters:    4,352
[2026-04-02 11:16:49]   Training percentage:     23.9%
[2026-04-02 11:16:49]   Trainable layers: 4
[2026-04-02 11:16:49]     - final_layer.1.bias
[2026-04-02 11:16:49]     - final_layer.1.weight
[2026-04-02 11:16:49]     - spatial_conv.1.bias
[2026-04-02 11:16:49]     - spatial_conv.1.weight
[2026-04-02 11:16:49]     Train generator seeded: True
[2026-04-02 11:16:58]     Stopped epoch:            1161
[2026-04-02 11:16:58]     Best epoch (valid_loss):  1111
[2026-04-02 11:16:58]     Best valid_loss:          0.7632905840873718
[2026-04-02 11:16:58]     Test accuracy (primary):  0.9000
[2026-04-02 11:16:58]     Test balanced acc:        0.9000
[2026-04-02 11:16:58]     Confusion matrix:         [[5, 0, 0, 0], [0, 5, 0, 0], [0, 0, 5, 0], [0, 1, 1, 3]]
[2026-04-02 11:16:58]     Prediction histogram:     [5, 6, 6, 3]
[2026-04-02 11:16:58]     fold_acc=0.9000 fold_bal_acc=0.9000 cm=[[5, 0, 0, 0], [0, 5, 0, 0], [0, 0, 5, 0], [0, 1, 1, 3]]
[2026-04-02 11:16:58]   Subject 49 Fold 4 seed: 7912
[2026-04-02 11:16:58]   Subject 49 Fold 4: n_train=64 n_val=16 n_test=20
[2026-04-02 11:16:58]     Train class counts: [16, 16, 16, 16]
[2026-04-02 11:16:58]     Val class counts:   [4, 4, 4, 4]
[2026-04-02 11:16:58]     Test class counts:  [5, 5, 5, 5]
[2026-04-02 11:16:58] Building model with input window duration: 4.1875 s
[2026-04-02 11:16:58] Pretrained weight loading:
[2026-04-02 11:16:58]   Downloaded keys:        179
[2026-04-02 11:16:58]   Filtered (transformer): 172
[2026-04-02 11:16:58]   Filtered (pos_encoder): 0
[2026-04-02 11:16:58]   Keys to load:           7
[2026-04-02 11:16:58]   Missing keys:           4
[2026-04-02 11:16:58]   Unexpected keys:        0
[2026-04-02 11:16:58]   Missing preview:        ['spatial_conv.1.weight', 'spatial_conv.1.bias', 'final_layer.1.weight', 'final_layer.1.bias']
[2026-04-02 11:16:58]   Unexpected preview:     []
[2026-04-02 11:16:58] Encoder freeze configuration:
[2026-04-02 11:16:58]   Total parameters:        18,192
[2026-04-02 11:16:58]   Trainable parameters:    4,352
[2026-04-02 11:16:58]   Training percentage:     23.9%
[2026-04-02 11:16:58]   Trainable layers: 4
[2026-04-02 11:16:58]     - final_layer.1.bias
[2026-04-02 11:16:58]     - final_layer.1.weight
[2026-04-02 11:16:58]     - spatial_conv.1.bias
[2026-04-02 11:16:58]     - spatial_conv.1.weight
[2026-04-02 11:16:58]     Train generator seeded: True
[2026-04-02 11:17:05]     Stopped epoch:            876
[2026-04-02 11:17:05]     Best epoch (valid_loss):  826
[2026-04-02 11:17:05]     Best valid_loss:          0.8368195295333862
[2026-04-02 11:17:05]     Test accuracy (primary):  0.9000
[2026-04-02 11:17:05]     Test balanced acc:        0.9000
[2026-04-02 11:17:05]     Confusion matrix:         [[4, 1, 0, 0], [0, 5, 0, 0], [0, 0, 4, 1], [0, 0, 0, 5]]
[2026-04-02 11:17:05]     Prediction histogram:     [4, 6, 4, 6]
[2026-04-02 11:17:05]     fold_acc=0.9000 fold_bal_acc=0.9000 cm=[[4, 1, 0, 0], [0, 5, 0, 0], [0, 0, 4, 1], [0, 0, 0, 5]]
[2026-04-02 11:17:05]   Subject 49 Fold 5 seed: 7913
[2026-04-02 11:17:05]   Subject 49 Fold 5: n_train=64 n_val=16 n_test=20
[2026-04-02 11:17:05]     Train class counts: [16, 16, 16, 16]
[2026-04-02 11:17:05]     Val class counts:   [4, 4, 4, 4]
[2026-04-02 11:17:05]     Test class counts:  [5, 5, 5, 5]
[2026-04-02 11:17:05] Building model with input window duration: 4.1875 s
[2026-04-02 11:17:05] Pretrained weight loading:
[2026-04-02 11:17:05]   Downloaded keys:        179
[2026-04-02 11:17:05]   Filtered (transformer): 172
[2026-04-02 11:17:05]   Filtered (pos_encoder): 0
[2026-04-02 11:17:05]   Keys to load:           7
[2026-04-02 11:17:05]   Missing keys:           4
[2026-04-02 11:17:05]   Unexpected keys:        0
[2026-04-02 11:17:05]   Missing preview:        ['spatial_conv.1.weight', 'spatial_conv.1.bias', 'final_layer.1.weight', 'final_layer.1.bias']
[2026-04-02 11:17:05]   Unexpected preview:     []
[2026-04-02 11:17:05] Encoder freeze configuration:
[2026-04-02 11:17:05]   Total parameters:        18,192
[2026-04-02 11:17:05]   Trainable parameters:    4,352
[2026-04-02 11:17:05]   Training percentage:     23.9%
[2026-04-02 11:17:05]   Trainable layers: 4
[2026-04-02 11:17:05]     - final_layer.1.bias
[2026-04-02 11:17:05]     - final_layer.1.weight
[2026-04-02 11:17:05]     - spatial_conv.1.bias
[2026-04-02 11:17:05]     - spatial_conv.1.weight
[2026-04-02 11:17:05]     Train generator seeded: True
[2026-04-02 11:17:11]     Stopped epoch:            719
[2026-04-02 11:17:11]     Best epoch (valid_loss):  669
[2026-04-02 11:17:11]     Best valid_loss:          0.6301672458648682
[2026-04-02 11:17:11]     Test accuracy (primary):  0.8500
[2026-04-02 11:17:11]     Test balanced acc:        0.8500
[2026-04-02 11:17:11]     Confusion matrix:         [[3, 0, 0, 2], [0, 5, 0, 0], [1, 0, 4, 0], [0, 0, 0, 5]]
[2026-04-02 11:17:11]     Prediction histogram:     [4, 5, 4, 7]
[2026-04-02 11:17:11]     fold_acc=0.8500 fold_bal_acc=0.8500 cm=[[3, 0, 0, 2], [0, 5, 0, 0], [1, 0, 4, 0], [0, 0, 0, 5]]
[2026-04-02 11:17:11]   Subject 49 mean accuracy: 0.8700

[2026-04-02 11:17:11] Subject 50: 100 windows class_counts=[25, 25, 25, 25]
[2026-04-02 11:17:11]   Fold 1 split seed: 3009
[2026-04-02 11:17:11]   Fold 1 split class counts:
[2026-04-02 11:17:11]     train=[16, 16, 16, 16] val=[4, 4, 4, 4] test=[5, 5, 5, 5]
[2026-04-02 11:17:11]   Fold 2 split seed: 3010
[2026-04-02 11:17:11]   Fold 2 split class counts:
[2026-04-02 11:17:11]     train=[16, 16, 16, 16] val=[4, 4, 4, 4] test=[5, 5, 5, 5]
[2026-04-02 11:17:11]   Fold 3 split seed: 3011
[2026-04-02 11:17:11]   Fold 3 split class counts:
[2026-04-02 11:17:11]     train=[16, 16, 16, 16] val=[4, 4, 4, 4] test=[5, 5, 5, 5]
[2026-04-02 11:17:11]   Fold 4 split seed: 3012
[2026-04-02 11:17:11]   Fold 4 split class counts:
[2026-04-02 11:17:11]     train=[16, 16, 16, 16] val=[4, 4, 4, 4] test=[5, 5, 5, 5]
[2026-04-02 11:17:11]   Fold 5 split seed: 3013
[2026-04-02 11:17:11]   Fold 5 split class counts:
[2026-04-02 11:17:11]     train=[16, 16, 16, 16] val=[4, 4, 4, 4] test=[5, 5, 5, 5]
[2026-04-02 11:17:11]   Subject 50 Fold 1 seed: 8009
[2026-04-02 11:17:11]   Subject 50 Fold 1: n_train=64 n_val=16 n_test=20
[2026-04-02 11:17:11]     Train class counts: [16, 16, 16, 16]
[2026-04-02 11:17:11]     Val class counts:   [4, 4, 4, 4]
[2026-04-02 11:17:11]     Test class counts:  [5, 5, 5, 5]
[2026-04-02 11:17:11] Building model with input window duration: 4.1875 s
[2026-04-02 11:17:11] Pretrained weight loading:
[2026-04-02 11:17:11]   Downloaded keys:        179
[2026-04-02 11:17:11]   Filtered (transformer): 172
[2026-04-02 11:17:11]   Filtered (pos_encoder): 0
[2026-04-02 11:17:11]   Keys to load:           7
[2026-04-02 11:17:11]   Missing keys:           4
[2026-04-02 11:17:11]   Unexpected keys:        0
[2026-04-02 11:17:11]   Missing preview:        ['spatial_conv.1.weight', 'spatial_conv.1.bias', 'final_layer.1.weight', 'final_layer.1.bias']
[2026-04-02 11:17:11]   Unexpected preview:     []
[2026-04-02 11:17:11] Encoder freeze configuration:
[2026-04-02 11:17:11]   Total parameters:        18,192
[2026-04-02 11:17:11]   Trainable parameters:    4,352
[2026-04-02 11:17:11]   Training percentage:     23.9%
[2026-04-02 11:17:11]   Trainable layers: 4
[2026-04-02 11:17:11]     - final_layer.1.bias
[2026-04-02 11:17:11]     - final_layer.1.weight
[2026-04-02 11:17:11]     - spatial_conv.1.bias
[2026-04-02 11:17:11]     - spatial_conv.1.weight
[2026-04-02 11:17:11]     Train generator seeded: True
[2026-04-02 11:17:21]     Stopped epoch:            1262
[2026-04-02 11:17:21]     Best epoch (valid_loss):  1212
[2026-04-02 11:17:21]     Best valid_loss:          0.5607194900512695
[2026-04-02 11:17:21]     Test accuracy (primary):  0.8000
[2026-04-02 11:17:21]     Test balanced acc:        0.8000
[2026-04-02 11:17:21]     Confusion matrix:         [[5, 0, 0, 0], [1, 2, 0, 2], [0, 0, 4, 1], [0, 0, 0, 5]]
[2026-04-02 11:17:21]     Prediction histogram:     [6, 2, 4, 8]
[2026-04-02 11:17:21]     fold_acc=0.8000 fold_bal_acc=0.8000 cm=[[5, 0, 0, 0], [1, 2, 0, 2], [0, 0, 4, 1], [0, 0, 0, 5]]
[2026-04-02 11:17:21]   Subject 50 Fold 2 seed: 8010
[2026-04-02 11:17:21]   Subject 50 Fold 2: n_train=64 n_val=16 n_test=20
[2026-04-02 11:17:21]     Train class counts: [16, 16, 16, 16]
[2026-04-02 11:17:21]     Val class counts:   [4, 4, 4, 4]
[2026-04-02 11:17:21]     Test class counts:  [5, 5, 5, 5]
[2026-04-02 11:17:21] Building model with input window duration: 4.1875 s
[2026-04-02 11:17:21] Pretrained weight loading:
[2026-04-02 11:17:21]   Downloaded keys:        179
[2026-04-02 11:17:21]   Filtered (transformer): 172
[2026-04-02 11:17:21]   Filtered (pos_encoder): 0
[2026-04-02 11:17:21]   Keys to load:           7
[2026-04-02 11:17:21]   Missing keys:           4
[2026-04-02 11:17:21]   Unexpected keys:        0
[2026-04-02 11:17:21]   Missing preview:        ['spatial_conv.1.weight', 'spatial_conv.1.bias', 'final_layer.1.weight', 'final_layer.1.bias']
[2026-04-02 11:17:21]   Unexpected preview:     []
[2026-04-02 11:17:21] Encoder freeze configuration:
[2026-04-02 11:17:21]   Total parameters:        18,192
[2026-04-02 11:17:21]   Trainable parameters:    4,352
[2026-04-02 11:17:21]   Training percentage:     23.9%
[2026-04-02 11:17:21]   Trainable layers: 4
[2026-04-02 11:17:21]     - final_layer.1.bias
[2026-04-02 11:17:21]     - final_layer.1.weight
[2026-04-02 11:17:21]     - spatial_conv.1.bias
[2026-04-02 11:17:21]     - spatial_conv.1.weight
[2026-04-02 11:17:21]     Train generator seeded: True
[2026-04-02 11:17:40]     Stopped epoch:            2308
[2026-04-02 11:17:40]     Best epoch (valid_loss):  2258
[2026-04-02 11:17:40]     Best valid_loss:          0.12793231010437012
[2026-04-02 11:17:40]     Test accuracy (primary):  0.8000
[2026-04-02 11:17:40]     Test balanced acc:        0.8000
[2026-04-02 11:17:40]     Confusion matrix:         [[4, 0, 0, 1], [0, 4, 1, 0], [0, 0, 5, 0], [0, 0, 2, 3]]
[2026-04-02 11:17:40]     Prediction histogram:     [4, 4, 8, 4]
[2026-04-02 11:17:40]     fold_acc=0.8000 fold_bal_acc=0.8000 cm=[[4, 0, 0, 1], [0, 4, 1, 0], [0, 0, 5, 0], [0, 0, 2, 3]]
[2026-04-02 11:17:40]   Subject 50 Fold 3 seed: 8011
[2026-04-02 11:17:40]   Subject 50 Fold 3: n_train=64 n_val=16 n_test=20
[2026-04-02 11:17:40]     Train class counts: [16, 16, 16, 16]
[2026-04-02 11:17:40]     Val class counts:   [4, 4, 4, 4]
[2026-04-02 11:17:40]     Test class counts:  [5, 5, 5, 5]
[2026-04-02 11:17:40] Building model with input window duration: 4.1875 s
[2026-04-02 11:17:40] Pretrained weight loading:
[2026-04-02 11:17:40]   Downloaded keys:        179
[2026-04-02 11:17:40]   Filtered (transformer): 172
[2026-04-02 11:17:40]   Filtered (pos_encoder): 0
[2026-04-02 11:17:40]   Keys to load:           7
[2026-04-02 11:17:40]   Missing keys:           4
[2026-04-02 11:17:40]   Unexpected keys:        0
[2026-04-02 11:17:40]   Missing preview:        ['spatial_conv.1.weight', 'spatial_conv.1.bias', 'final_layer.1.weight', 'final_layer.1.bias']
[2026-04-02 11:17:40]   Unexpected preview:     []
[2026-04-02 11:17:40] Encoder freeze configuration:
[2026-04-02 11:17:40]   Total parameters:        18,192
[2026-04-02 11:17:40]   Trainable parameters:    4,352
[2026-04-02 11:17:40]   Training percentage:     23.9%
[2026-04-02 11:17:40]   Trainable layers: 4
[2026-04-02 11:17:40]     - final_layer.1.bias
[2026-04-02 11:17:40]     - final_layer.1.weight
[2026-04-02 11:17:40]     - spatial_conv.1.bias
[2026-04-02 11:17:40]     - spatial_conv.1.weight
[2026-04-02 11:17:40]     Train generator seeded: True
[2026-04-02 11:17:53]     Stopped epoch:            1549
[2026-04-02 11:17:53]     Best epoch (valid_loss):  1499
[2026-04-02 11:17:53]     Best valid_loss:          0.31502383947372437
[2026-04-02 11:17:53]     Test accuracy (primary):  0.9500
[2026-04-02 11:17:53]     Test balanced acc:        0.9500
[2026-04-02 11:17:53]     Confusion matrix:         [[4, 1, 0, 0], [0, 5, 0, 0], [0, 0, 5, 0], [0, 0, 0, 5]]
[2026-04-02 11:17:53]     Prediction histogram:     [4, 6, 5, 5]
[2026-04-02 11:17:53]     fold_acc=0.9500 fold_bal_acc=0.9500 cm=[[4, 1, 0, 0], [0, 5, 0, 0], [0, 0, 5, 0], [0, 0, 0, 5]]
[2026-04-02 11:17:53]   Subject 50 Fold 4 seed: 8012
[2026-04-02 11:17:53]   Subject 50 Fold 4: n_train=64 n_val=16 n_test=20
[2026-04-02 11:17:53]     Train class counts: [16, 16, 16, 16]
[2026-04-02 11:17:53]     Val class counts:   [4, 4, 4, 4]
[2026-04-02 11:17:53]     Test class counts:  [5, 5, 5, 5]
[2026-04-02 11:17:53] Building model with input window duration: 4.1875 s
[2026-04-02 11:17:53] Pretrained weight loading:
[2026-04-02 11:17:53]   Downloaded keys:        179
[2026-04-02 11:17:53]   Filtered (transformer): 172
[2026-04-02 11:17:53]   Filtered (pos_encoder): 0
[2026-04-02 11:17:53]   Keys to load:           7
[2026-04-02 11:17:53]   Missing keys:           4
[2026-04-02 11:17:53]   Unexpected keys:        0
[2026-04-02 11:17:53]   Missing preview:        ['spatial_conv.1.weight', 'spatial_conv.1.bias', 'final_layer.1.weight', 'final_layer.1.bias']
[2026-04-02 11:17:53]   Unexpected preview:     []
[2026-04-02 11:17:53] Encoder freeze configuration:
[2026-04-02 11:17:53]   Total parameters:        18,192
[2026-04-02 11:17:53]   Trainable parameters:    4,352
[2026-04-02 11:17:53]   Training percentage:     23.9%
[2026-04-02 11:17:53]   Trainable layers: 4
[2026-04-02 11:17:53]     - final_layer.1.bias
[2026-04-02 11:17:53]     - final_layer.1.weight
[2026-04-02 11:17:53]     - spatial_conv.1.bias
[2026-04-02 11:17:53]     - spatial_conv.1.weight
[2026-04-02 11:17:53]     Train generator seeded: True
[2026-04-02 11:18:02]     Stopped epoch:            1162
[2026-04-02 11:18:02]     Best epoch (valid_loss):  1112
[2026-04-02 11:18:02]     Best valid_loss:          0.20375710725784302
[2026-04-02 11:18:02]     Test accuracy (primary):  1.0000
[2026-04-02 11:18:02]     Test balanced acc:        1.0000
[2026-04-02 11:18:02]     Confusion matrix:         [[5, 0, 0, 0], [0, 5, 0, 0], [0, 0, 5, 0], [0, 0, 0, 5]]
[2026-04-02 11:18:02]     Prediction histogram:     [5, 5, 5, 5]
[2026-04-02 11:18:02]     fold_acc=1.0000 fold_bal_acc=1.0000 cm=[[5, 0, 0, 0], [0, 5, 0, 0], [0, 0, 5, 0], [0, 0, 0, 5]]
[2026-04-02 11:18:02]   Subject 50 Fold 5 seed: 8013
[2026-04-02 11:18:02]   Subject 50 Fold 5: n_train=64 n_val=16 n_test=20
[2026-04-02 11:18:02]     Train class counts: [16, 16, 16, 16]
[2026-04-02 11:18:02]     Val class counts:   [4, 4, 4, 4]
[2026-04-02 11:18:02]     Test class counts:  [5, 5, 5, 5]
[2026-04-02 11:18:02] Building model with input window duration: 4.1875 s
[2026-04-02 11:18:02] Pretrained weight loading:
[2026-04-02 11:18:02]   Downloaded keys:        179
[2026-04-02 11:18:02]   Filtered (transformer): 172
[2026-04-02 11:18:02]   Filtered (pos_encoder): 0
[2026-04-02 11:18:02]   Keys to load:           7
[2026-04-02 11:18:02]   Missing keys:           4
[2026-04-02 11:18:02]   Unexpected keys:        0
[2026-04-02 11:18:02]   Missing preview:        ['spatial_conv.1.weight', 'spatial_conv.1.bias', 'final_layer.1.weight', 'final_layer.1.bias']
[2026-04-02 11:18:02]   Unexpected preview:     []
[2026-04-02 11:18:02] Encoder freeze configuration:
[2026-04-02 11:18:02]   Total parameters:        18,192
[2026-04-02 11:18:02]   Trainable parameters:    4,352
[2026-04-02 11:18:02]   Training percentage:     23.9%
[2026-04-02 11:18:02]   Trainable layers: 4
[2026-04-02 11:18:02]     - final_layer.1.bias
[2026-04-02 11:18:02]     - final_layer.1.weight
[2026-04-02 11:18:02]     - spatial_conv.1.bias
[2026-04-02 11:18:02]     - spatial_conv.1.weight
[2026-04-02 11:18:02]     Train generator seeded: True
[2026-04-02 11:18:15]     Stopped epoch:            1619
[2026-04-02 11:18:15]     Best epoch (valid_loss):  1569
[2026-04-02 11:18:15]     Best valid_loss:          0.2604880928993225
[2026-04-02 11:18:15]     Test accuracy (primary):  0.9000
[2026-04-02 11:18:15]     Test balanced acc:        0.9000
[2026-04-02 11:18:15]     Confusion matrix:         [[3, 0, 0, 2], [0, 5, 0, 0], [0, 0, 5, 0], [0, 0, 0, 5]]
[2026-04-02 11:18:15]     Prediction histogram:     [3, 5, 5, 7]
[2026-04-02 11:18:15]     fold_acc=0.9000 fold_bal_acc=0.9000 cm=[[3, 0, 0, 2], [0, 5, 0, 0], [0, 0, 5, 0], [0, 0, 0, 5]]
[2026-04-02 11:18:15]   Subject 50 mean accuracy: 0.8900

[2026-04-02 11:18:15] Subject 51: 100 windows class_counts=[25, 25, 25, 25]
[2026-04-02 11:18:15]   Fold 1 split seed: 3009
[2026-04-02 11:18:15]   Fold 1 split class counts:
[2026-04-02 11:18:15]     train=[16, 16, 16, 16] val=[4, 4, 4, 4] test=[5, 5, 5, 5]
[2026-04-02 11:18:15]   Fold 2 split seed: 3010
[2026-04-02 11:18:15]   Fold 2 split class counts:
[2026-04-02 11:18:15]     train=[16, 16, 16, 16] val=[4, 4, 4, 4] test=[5, 5, 5, 5]
[2026-04-02 11:18:15]   Fold 3 split seed: 3011
[2026-04-02 11:18:15]   Fold 3 split class counts:
[2026-04-02 11:18:15]     train=[16, 16, 16, 16] val=[4, 4, 4, 4] test=[5, 5, 5, 5]
[2026-04-02 11:18:15]   Fold 4 split seed: 3012
[2026-04-02 11:18:15]   Fold 4 split class counts:
[2026-04-02 11:18:15]     train=[16, 16, 16, 16] val=[4, 4, 4, 4] test=[5, 5, 5, 5]
[2026-04-02 11:18:15]   Fold 5 split seed: 3013
[2026-04-02 11:18:15]   Fold 5 split class counts:
[2026-04-02 11:18:15]     train=[16, 16, 16, 16] val=[4, 4, 4, 4] test=[5, 5, 5, 5]
[2026-04-02 11:18:15]   Subject 51 Fold 1 seed: 8109
[2026-04-02 11:18:15]   Subject 51 Fold 1: n_train=64 n_val=16 n_test=20
[2026-04-02 11:18:15]     Train class counts: [16, 16, 16, 16]
[2026-04-02 11:18:15]     Val class counts:   [4, 4, 4, 4]
[2026-04-02 11:18:15]     Test class counts:  [5, 5, 5, 5]
[2026-04-02 11:18:15] Building model with input window duration: 4.1875 s
[2026-04-02 11:18:15] Pretrained weight loading:
[2026-04-02 11:18:15]   Downloaded keys:        179
[2026-04-02 11:18:15]   Filtered (transformer): 172
[2026-04-02 11:18:15]   Filtered (pos_encoder): 0
[2026-04-02 11:18:15]   Keys to load:           7
[2026-04-02 11:18:15]   Missing keys:           4
[2026-04-02 11:18:15]   Unexpected keys:        0
[2026-04-02 11:18:15]   Missing preview:        ['spatial_conv.1.weight', 'spatial_conv.1.bias', 'final_layer.1.weight', 'final_layer.1.bias']
[2026-04-02 11:18:15]   Unexpected preview:     []
[2026-04-02 11:18:15] Encoder freeze configuration:
[2026-04-02 11:18:15]   Total parameters:        18,192
[2026-04-02 11:18:15]   Trainable parameters:    4,352
[2026-04-02 11:18:15]   Training percentage:     23.9%
[2026-04-02 11:18:15]   Trainable layers: 4
[2026-04-02 11:18:15]     - final_layer.1.bias
[2026-04-02 11:18:15]     - final_layer.1.weight
[2026-04-02 11:18:15]     - spatial_conv.1.bias
[2026-04-02 11:18:15]     - spatial_conv.1.weight
[2026-04-02 11:18:15]     Train generator seeded: True
[2026-04-02 11:18:17]     Stopped epoch:            198
[2026-04-02 11:18:17]     Best epoch (valid_loss):  148
[2026-04-02 11:18:17]     Best valid_loss:          1.282579779624939
[2026-04-02 11:18:17]     Test accuracy (primary):  0.2500
[2026-04-02 11:18:17]     Test balanced acc:        0.2500
[2026-04-02 11:18:17]     Confusion matrix:         [[1, 0, 3, 1], [2, 1, 1, 1], [3, 1, 1, 0], [2, 1, 0, 2]]
[2026-04-02 11:18:17]     Prediction histogram:     [8, 3, 5, 4]
[2026-04-02 11:18:17]     fold_acc=0.2500 fold_bal_acc=0.2500 cm=[[1, 0, 3, 1], [2, 1, 1, 1], [3, 1, 1, 0], [2, 1, 0, 2]]
[2026-04-02 11:18:17]   Subject 51 Fold 2 seed: 8110
[2026-04-02 11:18:17]   Subject 51 Fold 2: n_train=64 n_val=16 n_test=20
[2026-04-02 11:18:17]     Train class counts: [16, 16, 16, 16]
[2026-04-02 11:18:17]     Val class counts:   [4, 4, 4, 4]
[2026-04-02 11:18:17]     Test class counts:  [5, 5, 5, 5]
[2026-04-02 11:18:17] Building model with input window duration: 4.1875 s
[2026-04-02 11:18:17] Pretrained weight loading:
[2026-04-02 11:18:17]   Downloaded keys:        179
[2026-04-02 11:18:17]   Filtered (transformer): 172
[2026-04-02 11:18:17]   Filtered (pos_encoder): 0
[2026-04-02 11:18:17]   Keys to load:           7
[2026-04-02 11:18:17]   Missing keys:           4
[2026-04-02 11:18:17]   Unexpected keys:        0
[2026-04-02 11:18:17]   Missing preview:        ['spatial_conv.1.weight', 'spatial_conv.1.bias', 'final_layer.1.weight', 'final_layer.1.bias']
[2026-04-02 11:18:17]   Unexpected preview:     []
[2026-04-02 11:18:17] Encoder freeze configuration:
[2026-04-02 11:18:17]   Total parameters:        18,192
[2026-04-02 11:18:17]   Trainable parameters:    4,352
[2026-04-02 11:18:17]   Training percentage:     23.9%
[2026-04-02 11:18:17]   Trainable layers: 4
[2026-04-02 11:18:17]     - final_layer.1.bias
[2026-04-02 11:18:17]     - final_layer.1.weight
[2026-04-02 11:18:17]     - spatial_conv.1.bias
[2026-04-02 11:18:17]     - spatial_conv.1.weight
[2026-04-02 11:18:17]     Train generator seeded: True
[2026-04-02 11:18:19]     Stopped epoch:            229
[2026-04-02 11:18:19]     Best epoch (valid_loss):  179
[2026-04-02 11:18:19]     Best valid_loss:          1.3587656021118164
[2026-04-02 11:18:19]     Test accuracy (primary):  0.3500
[2026-04-02 11:18:19]     Test balanced acc:        0.3500
[2026-04-02 11:18:19]     Confusion matrix:         [[2, 2, 0, 1], [2, 3, 0, 0], [2, 2, 1, 0], [1, 2, 1, 1]]
[2026-04-02 11:18:19]     Prediction histogram:     [7, 9, 2, 2]
[2026-04-02 11:18:19]     fold_acc=0.3500 fold_bal_acc=0.3500 cm=[[2, 2, 0, 1], [2, 3, 0, 0], [2, 2, 1, 0], [1, 2, 1, 1]]
[2026-04-02 11:18:19]   Subject 51 Fold 3 seed: 8111
[2026-04-02 11:18:19]   Subject 51 Fold 3: n_train=64 n_val=16 n_test=20
[2026-04-02 11:18:19]     Train class counts: [16, 16, 16, 16]
[2026-04-02 11:18:19]     Val class counts:   [4, 4, 4, 4]
[2026-04-02 11:18:19]     Test class counts:  [5, 5, 5, 5]
[2026-04-02 11:18:19] Building model with input window duration: 4.1875 s
[2026-04-02 11:18:19] Pretrained weight loading:
[2026-04-02 11:18:19]   Downloaded keys:        179
[2026-04-02 11:18:19]   Filtered (transformer): 172
[2026-04-02 11:18:19]   Filtered (pos_encoder): 0
[2026-04-02 11:18:19]   Keys to load:           7
[2026-04-02 11:18:19]   Missing keys:           4
[2026-04-02 11:18:19]   Unexpected keys:        0
[2026-04-02 11:18:19]   Missing preview:        ['spatial_conv.1.weight', 'spatial_conv.1.bias', 'final_layer.1.weight', 'final_layer.1.bias']
[2026-04-02 11:18:19]   Unexpected preview:     []
[2026-04-02 11:18:19] Encoder freeze configuration:
[2026-04-02 11:18:19]   Total parameters:        18,192
[2026-04-02 11:18:19]   Trainable parameters:    4,352
[2026-04-02 11:18:19]   Training percentage:     23.9%
[2026-04-02 11:18:19]   Trainable layers: 4
[2026-04-02 11:18:19]     - final_layer.1.bias
[2026-04-02 11:18:19]     - final_layer.1.weight
[2026-04-02 11:18:19]     - spatial_conv.1.bias
[2026-04-02 11:18:19]     - spatial_conv.1.weight
[2026-04-02 11:18:19]     Train generator seeded: True
[2026-04-02 11:18:20]     Stopped epoch:            132
[2026-04-02 11:18:20]     Best epoch (valid_loss):  82
[2026-04-02 11:18:20]     Best valid_loss:          1.3733205795288086
[2026-04-02 11:18:20]     Test accuracy (primary):  0.4500
[2026-04-02 11:18:20]     Test balanced acc:        0.4500
[2026-04-02 11:18:20]     Confusion matrix:         [[1, 3, 1, 0], [0, 3, 2, 0], [2, 1, 2, 0], [0, 2, 0, 3]]
[2026-04-02 11:18:20]     Prediction histogram:     [3, 9, 5, 3]
[2026-04-02 11:18:20]     fold_acc=0.4500 fold_bal_acc=0.4500 cm=[[1, 3, 1, 0], [0, 3, 2, 0], [2, 1, 2, 0], [0, 2, 0, 3]]
[2026-04-02 11:18:20]   Subject 51 Fold 4 seed: 8112
[2026-04-02 11:18:20]   Subject 51 Fold 4: n_train=64 n_val=16 n_test=20
[2026-04-02 11:18:20]     Train class counts: [16, 16, 16, 16]
[2026-04-02 11:18:20]     Val class counts:   [4, 4, 4, 4]
[2026-04-02 11:18:20]     Test class counts:  [5, 5, 5, 5]
[2026-04-02 11:18:20] Building model with input window duration: 4.1875 s
[2026-04-02 11:18:20] Pretrained weight loading:
[2026-04-02 11:18:20]   Downloaded keys:        179
[2026-04-02 11:18:20]   Filtered (transformer): 172
[2026-04-02 11:18:20]   Filtered (pos_encoder): 0
[2026-04-02 11:18:20]   Keys to load:           7
[2026-04-02 11:18:20]   Missing keys:           4
[2026-04-02 11:18:20]   Unexpected keys:        0
[2026-04-02 11:18:20]   Missing preview:        ['spatial_conv.1.weight', 'spatial_conv.1.bias', 'final_layer.1.weight', 'final_layer.1.bias']
[2026-04-02 11:18:20]   Unexpected preview:     []
[2026-04-02 11:18:20] Encoder freeze configuration:
[2026-04-02 11:18:20]   Total parameters:        18,192
[2026-04-02 11:18:20]   Trainable parameters:    4,352
[2026-04-02 11:18:20]   Training percentage:     23.9%
[2026-04-02 11:18:20]   Trainable layers: 4
[2026-04-02 11:18:20]     - final_layer.1.bias
[2026-04-02 11:18:20]     - final_layer.1.weight
[2026-04-02 11:18:20]     - spatial_conv.1.bias
[2026-04-02 11:18:20]     - spatial_conv.1.weight
[2026-04-02 11:18:20]     Train generator seeded: True
[2026-04-02 11:18:22]     Stopped epoch:            221
[2026-04-02 11:18:22]     Best epoch (valid_loss):  171
[2026-04-02 11:18:22]     Best valid_loss:          1.336574673652649
[2026-04-02 11:18:22]     Test accuracy (primary):  0.4000
[2026-04-02 11:18:22]     Test balanced acc:        0.4000
[2026-04-02 11:18:22]     Confusion matrix:         [[3, 0, 2, 0], [2, 1, 1, 1], [1, 2, 1, 1], [1, 0, 1, 3]]
[2026-04-02 11:18:22]     Prediction histogram:     [7, 3, 5, 5]
[2026-04-02 11:18:22]     fold_acc=0.4000 fold_bal_acc=0.4000 cm=[[3, 0, 2, 0], [2, 1, 1, 1], [1, 2, 1, 1], [1, 0, 1, 3]]
[2026-04-02 11:18:22]   Subject 51 Fold 5 seed: 8113
[2026-04-02 11:18:22]   Subject 51 Fold 5: n_train=64 n_val=16 n_test=20
[2026-04-02 11:18:22]     Train class counts: [16, 16, 16, 16]
[2026-04-02 11:18:22]     Val class counts:   [4, 4, 4, 4]
[2026-04-02 11:18:22]     Test class counts:  [5, 5, 5, 5]
[2026-04-02 11:18:22] Building model with input window duration: 4.1875 s
[2026-04-02 11:18:22] Pretrained weight loading:
[2026-04-02 11:18:22]   Downloaded keys:        179
[2026-04-02 11:18:22]   Filtered (transformer): 172
[2026-04-02 11:18:22]   Filtered (pos_encoder): 0
[2026-04-02 11:18:22]   Keys to load:           7
[2026-04-02 11:18:22]   Missing keys:           4
[2026-04-02 11:18:22]   Unexpected keys:        0
[2026-04-02 11:18:22]   Missing preview:        ['spatial_conv.1.weight', 'spatial_conv.1.bias', 'final_layer.1.weight', 'final_layer.1.bias']
[2026-04-02 11:18:22]   Unexpected preview:     []
[2026-04-02 11:18:22] Encoder freeze configuration:
[2026-04-02 11:18:22]   Total parameters:        18,192
[2026-04-02 11:18:22]   Trainable parameters:    4,352
[2026-04-02 11:18:22]   Training percentage:     23.9%
[2026-04-02 11:18:22]   Trainable layers: 4
[2026-04-02 11:18:22]     - final_layer.1.bias
[2026-04-02 11:18:22]     - final_layer.1.weight
[2026-04-02 11:18:22]     - spatial_conv.1.bias
[2026-04-02 11:18:22]     - spatial_conv.1.weight
[2026-04-02 11:18:22]     Train generator seeded: True
[2026-04-02 11:18:24]     Stopped epoch:            320
[2026-04-02 11:18:24]     Best epoch (valid_loss):  270
[2026-04-02 11:18:24]     Best valid_loss:          1.2597211599349976
[2026-04-02 11:18:24]     Test accuracy (primary):  0.5500
[2026-04-02 11:18:24]     Test balanced acc:        0.5500
[2026-04-02 11:18:24]     Confusion matrix:         [[3, 1, 0, 1], [0, 3, 1, 1], [2, 1, 2, 0], [1, 1, 0, 3]]
[2026-04-02 11:18:24]     Prediction histogram:     [6, 6, 3, 5]
[2026-04-02 11:18:24]     fold_acc=0.5500 fold_bal_acc=0.5500 cm=[[3, 1, 0, 1], [0, 3, 1, 1], [2, 1, 2, 0], [1, 1, 0, 3]]
[2026-04-02 11:18:24]   Subject 51 mean accuracy: 0.4000

[2026-04-02 11:18:24] Subject 52: 100 windows class_counts=[25, 25, 25, 25]
[2026-04-02 11:18:24]   Fold 1 split seed: 3009
[2026-04-02 11:18:24]   Fold 1 split class counts:
[2026-04-02 11:18:24]     train=[16, 16, 16, 16] val=[4, 4, 4, 4] test=[5, 5, 5, 5]
[2026-04-02 11:18:24]   Fold 2 split seed: 3010
[2026-04-02 11:18:24]   Fold 2 split class counts:
[2026-04-02 11:18:24]     train=[16, 16, 16, 16] val=[4, 4, 4, 4] test=[5, 5, 5, 5]
[2026-04-02 11:18:24]   Fold 3 split seed: 3011
[2026-04-02 11:18:24]   Fold 3 split class counts:
[2026-04-02 11:18:24]     train=[16, 16, 16, 16] val=[4, 4, 4, 4] test=[5, 5, 5, 5]
[2026-04-02 11:18:24]   Fold 4 split seed: 3012
[2026-04-02 11:18:24]   Fold 4 split class counts:
[2026-04-02 11:18:24]     train=[16, 16, 16, 16] val=[4, 4, 4, 4] test=[5, 5, 5, 5]
[2026-04-02 11:18:24]   Fold 5 split seed: 3013
[2026-04-02 11:18:24]   Fold 5 split class counts:
[2026-04-02 11:18:24]     train=[16, 16, 16, 16] val=[4, 4, 4, 4] test=[5, 5, 5, 5]
[2026-04-02 11:18:24]   Subject 52 Fold 1 seed: 8209
[2026-04-02 11:18:24]   Subject 52 Fold 1: n_train=64 n_val=16 n_test=20
[2026-04-02 11:18:24]     Train class counts: [16, 16, 16, 16]
[2026-04-02 11:18:24]     Val class counts:   [4, 4, 4, 4]
[2026-04-02 11:18:24]     Test class counts:  [5, 5, 5, 5]
[2026-04-02 11:18:24] Building model with input window duration: 4.1875 s
[2026-04-02 11:18:24] Pretrained weight loading:
[2026-04-02 11:18:24]   Downloaded keys:        179
[2026-04-02 11:18:24]   Filtered (transformer): 172
[2026-04-02 11:18:24]   Filtered (pos_encoder): 0
[2026-04-02 11:18:24]   Keys to load:           7
[2026-04-02 11:18:24]   Missing keys:           4
[2026-04-02 11:18:24]   Unexpected keys:        0
[2026-04-02 11:18:24]   Missing preview:        ['spatial_conv.1.weight', 'spatial_conv.1.bias', 'final_layer.1.weight', 'final_layer.1.bias']
[2026-04-02 11:18:24]   Unexpected preview:     []
[2026-04-02 11:18:24] Encoder freeze configuration:
[2026-04-02 11:18:24]   Total parameters:        18,192
[2026-04-02 11:18:24]   Trainable parameters:    4,352
[2026-04-02 11:18:24]   Training percentage:     23.9%
[2026-04-02 11:18:24]   Trainable layers: 4
[2026-04-02 11:18:24]     - final_layer.1.bias
[2026-04-02 11:18:24]     - final_layer.1.weight
[2026-04-02 11:18:24]     - spatial_conv.1.bias
[2026-04-02 11:18:24]     - spatial_conv.1.weight
[2026-04-02 11:18:24]     Train generator seeded: True
[2026-04-02 11:18:35]     Stopped epoch:            1357
[2026-04-02 11:18:35]     Best epoch (valid_loss):  1307
[2026-04-02 11:18:35]     Best valid_loss:          0.2658948600292206
[2026-04-02 11:18:35]     Test accuracy (primary):  0.8500
[2026-04-02 11:18:35]     Test balanced acc:        0.8500
[2026-04-02 11:18:35]     Confusion matrix:         [[2, 1, 0, 2], [0, 5, 0, 0], [0, 0, 5, 0], [0, 0, 0, 5]]
[2026-04-02 11:18:35]     Prediction histogram:     [2, 6, 5, 7]
[2026-04-02 11:18:35]     fold_acc=0.8500 fold_bal_acc=0.8500 cm=[[2, 1, 0, 2], [0, 5, 0, 0], [0, 0, 5, 0], [0, 0, 0, 5]]
[2026-04-02 11:18:35]   Subject 52 Fold 2 seed: 8210
[2026-04-02 11:18:35]   Subject 52 Fold 2: n_train=64 n_val=16 n_test=20
[2026-04-02 11:18:35]     Train class counts: [16, 16, 16, 16]
[2026-04-02 11:18:35]     Val class counts:   [4, 4, 4, 4]
[2026-04-02 11:18:35]     Test class counts:  [5, 5, 5, 5]
[2026-04-02 11:18:35] Building model with input window duration: 4.1875 s
[2026-04-02 11:18:35] Pretrained weight loading:
[2026-04-02 11:18:35]   Downloaded keys:        179
[2026-04-02 11:18:35]   Filtered (transformer): 172
[2026-04-02 11:18:35]   Filtered (pos_encoder): 0
[2026-04-02 11:18:35]   Keys to load:           7
[2026-04-02 11:18:35]   Missing keys:           4
[2026-04-02 11:18:35]   Unexpected keys:        0
[2026-04-02 11:18:35]   Missing preview:        ['spatial_conv.1.weight', 'spatial_conv.1.bias', 'final_layer.1.weight', 'final_layer.1.bias']
[2026-04-02 11:18:35]   Unexpected preview:     []
[2026-04-02 11:18:35] Encoder freeze configuration:
[2026-04-02 11:18:35]   Total parameters:        18,192
[2026-04-02 11:18:35]   Trainable parameters:    4,352
[2026-04-02 11:18:35]   Training percentage:     23.9%
[2026-04-02 11:18:35]   Trainable layers: 4
[2026-04-02 11:18:35]     - final_layer.1.bias
[2026-04-02 11:18:35]     - final_layer.1.weight
[2026-04-02 11:18:35]     - spatial_conv.1.bias
[2026-04-02 11:18:35]     - spatial_conv.1.weight
[2026-04-02 11:18:35]     Train generator seeded: True
[2026-04-02 11:18:48]     Stopped epoch:            1460
[2026-04-02 11:18:48]     Best epoch (valid_loss):  1410
[2026-04-02 11:18:48]     Best valid_loss:          0.18284878134727478
[2026-04-02 11:18:48]     Test accuracy (primary):  0.9500
[2026-04-02 11:18:48]     Test balanced acc:        0.9500
[2026-04-02 11:18:48]     Confusion matrix:         [[5, 0, 0, 0], [1, 4, 0, 0], [0, 0, 5, 0], [0, 0, 0, 5]]
[2026-04-02 11:18:48]     Prediction histogram:     [6, 4, 5, 5]
[2026-04-02 11:18:48]     fold_acc=0.9500 fold_bal_acc=0.9500 cm=[[5, 0, 0, 0], [1, 4, 0, 0], [0, 0, 5, 0], [0, 0, 0, 5]]
[2026-04-02 11:18:48]   Subject 52 Fold 3 seed: 8211
[2026-04-02 11:18:48]   Subject 52 Fold 3: n_train=64 n_val=16 n_test=20
[2026-04-02 11:18:48]     Train class counts: [16, 16, 16, 16]
[2026-04-02 11:18:48]     Val class counts:   [4, 4, 4, 4]
[2026-04-02 11:18:48]     Test class counts:  [5, 5, 5, 5]
[2026-04-02 11:18:48] Building model with input window duration: 4.1875 s
[2026-04-02 11:18:48] Pretrained weight loading:
[2026-04-02 11:18:48]   Downloaded keys:        179
[2026-04-02 11:18:48]   Filtered (transformer): 172
[2026-04-02 11:18:48]   Filtered (pos_encoder): 0
[2026-04-02 11:18:48]   Keys to load:           7
[2026-04-02 11:18:48]   Missing keys:           4
[2026-04-02 11:18:48]   Unexpected keys:        0
[2026-04-02 11:18:48]   Missing preview:        ['spatial_conv.1.weight', 'spatial_conv.1.bias', 'final_layer.1.weight', 'final_layer.1.bias']
[2026-04-02 11:18:48]   Unexpected preview:     []
[2026-04-02 11:18:48] Encoder freeze configuration:
[2026-04-02 11:18:48]   Total parameters:        18,192
[2026-04-02 11:18:48]   Trainable parameters:    4,352
[2026-04-02 11:18:48]   Training percentage:     23.9%
[2026-04-02 11:18:48]   Trainable layers: 4
[2026-04-02 11:18:48]     - final_layer.1.bias
[2026-04-02 11:18:48]     - final_layer.1.weight
[2026-04-02 11:18:48]     - spatial_conv.1.bias
[2026-04-02 11:18:48]     - spatial_conv.1.weight
[2026-04-02 11:18:48]     Train generator seeded: True
[2026-04-02 11:19:08]     Stopped epoch:            2466
[2026-04-02 11:19:08]     Best epoch (valid_loss):  2416
[2026-04-02 11:19:08]     Best valid_loss:          0.16912393271923065
[2026-04-02 11:19:08]     Test accuracy (primary):  0.9500
[2026-04-02 11:19:08]     Test balanced acc:        0.9500
[2026-04-02 11:19:08]     Confusion matrix:         [[4, 0, 0, 1], [0, 5, 0, 0], [0, 0, 5, 0], [0, 0, 0, 5]]
[2026-04-02 11:19:08]     Prediction histogram:     [4, 5, 5, 6]
[2026-04-02 11:19:08]     fold_acc=0.9500 fold_bal_acc=0.9500 cm=[[4, 0, 0, 1], [0, 5, 0, 0], [0, 0, 5, 0], [0, 0, 0, 5]]
[2026-04-02 11:19:08]   Subject 52 Fold 4 seed: 8212
[2026-04-02 11:19:08]   Subject 52 Fold 4: n_train=64 n_val=16 n_test=20
[2026-04-02 11:19:08]     Train class counts: [16, 16, 16, 16]
[2026-04-02 11:19:08]     Val class counts:   [4, 4, 4, 4]
[2026-04-02 11:19:08]     Test class counts:  [5, 5, 5, 5]
[2026-04-02 11:19:08] Building model with input window duration: 4.1875 s
[2026-04-02 11:19:08] Pretrained weight loading:
[2026-04-02 11:19:08]   Downloaded keys:        179
[2026-04-02 11:19:08]   Filtered (transformer): 172
[2026-04-02 11:19:08]   Filtered (pos_encoder): 0
[2026-04-02 11:19:08]   Keys to load:           7
[2026-04-02 11:19:08]   Missing keys:           4
[2026-04-02 11:19:08]   Unexpected keys:        0
[2026-04-02 11:19:08]   Missing preview:        ['spatial_conv.1.weight', 'spatial_conv.1.bias', 'final_layer.1.weight', 'final_layer.1.bias']
[2026-04-02 11:19:08]   Unexpected preview:     []
[2026-04-02 11:19:08] Encoder freeze configuration:
[2026-04-02 11:19:08]   Total parameters:        18,192
[2026-04-02 11:19:08]   Trainable parameters:    4,352
[2026-04-02 11:19:08]   Training percentage:     23.9%
[2026-04-02 11:19:08]   Trainable layers: 4
[2026-04-02 11:19:08]     - final_layer.1.bias
[2026-04-02 11:19:08]     - final_layer.1.weight
[2026-04-02 11:19:08]     - spatial_conv.1.bias
[2026-04-02 11:19:08]     - spatial_conv.1.weight
[2026-04-02 11:19:08]     Train generator seeded: True
[2026-04-02 11:19:20]     Stopped epoch:            1404
[2026-04-02 11:19:20]     Best epoch (valid_loss):  1401
[2026-04-02 11:19:20]     Best valid_loss:          0.23732733726501465
[2026-04-02 11:19:20]     Test accuracy (primary):  1.0000
[2026-04-02 11:19:20]     Test balanced acc:        1.0000
[2026-04-02 11:19:20]     Confusion matrix:         [[5, 0, 0, 0], [0, 5, 0, 0], [0, 0, 5, 0], [0, 0, 0, 5]]
[2026-04-02 11:19:20]     Prediction histogram:     [5, 5, 5, 5]
[2026-04-02 11:19:20]     fold_acc=1.0000 fold_bal_acc=1.0000 cm=[[5, 0, 0, 0], [0, 5, 0, 0], [0, 0, 5, 0], [0, 0, 0, 5]]
[2026-04-02 11:19:20]   Subject 52 Fold 5 seed: 8213
[2026-04-02 11:19:20]   Subject 52 Fold 5: n_train=64 n_val=16 n_test=20
[2026-04-02 11:19:20]     Train class counts: [16, 16, 16, 16]
[2026-04-02 11:19:20]     Val class counts:   [4, 4, 4, 4]
[2026-04-02 11:19:20]     Test class counts:  [5, 5, 5, 5]
[2026-04-02 11:19:20] Building model with input window duration: 4.1875 s
[2026-04-02 11:19:20] Pretrained weight loading:
[2026-04-02 11:19:20]   Downloaded keys:        179
[2026-04-02 11:19:20]   Filtered (transformer): 172
[2026-04-02 11:19:20]   Filtered (pos_encoder): 0
[2026-04-02 11:19:20]   Keys to load:           7
[2026-04-02 11:19:20]   Missing keys:           4
[2026-04-02 11:19:20]   Unexpected keys:        0
[2026-04-02 11:19:20]   Missing preview:        ['spatial_conv.1.weight', 'spatial_conv.1.bias', 'final_layer.1.weight', 'final_layer.1.bias']
[2026-04-02 11:19:20]   Unexpected preview:     []
[2026-04-02 11:19:20] Encoder freeze configuration:
[2026-04-02 11:19:20]   Total parameters:        18,192
[2026-04-02 11:19:20]   Trainable parameters:    4,352
[2026-04-02 11:19:20]   Training percentage:     23.9%
[2026-04-02 11:19:20]   Trainable layers: 4
[2026-04-02 11:19:20]     - final_layer.1.bias
[2026-04-02 11:19:20]     - final_layer.1.weight
[2026-04-02 11:19:20]     - spatial_conv.1.bias
[2026-04-02 11:19:20]     - spatial_conv.1.weight
[2026-04-02 11:19:20]     Train generator seeded: True
[2026-04-02 11:19:32]     Stopped epoch:            1435
[2026-04-02 11:19:32]     Best epoch (valid_loss):  1385
[2026-04-02 11:19:32]     Best valid_loss:          0.15043124556541443
[2026-04-02 11:19:32]     Test accuracy (primary):  1.0000
[2026-04-02 11:19:32]     Test balanced acc:        1.0000
[2026-04-02 11:19:32]     Confusion matrix:         [[5, 0, 0, 0], [0, 5, 0, 0], [0, 0, 5, 0], [0, 0, 0, 5]]
[2026-04-02 11:19:32]     Prediction histogram:     [5, 5, 5, 5]
[2026-04-02 11:19:32]     fold_acc=1.0000 fold_bal_acc=1.0000 cm=[[5, 0, 0, 0], [0, 5, 0, 0], [0, 0, 5, 0], [0, 0, 0, 5]]
[2026-04-02 11:19:32]   Subject 52 mean accuracy: 0.9500

[2026-04-02 11:19:32] Subject 53: 100 windows class_counts=[25, 25, 25, 25]
[2026-04-02 11:19:32]   Fold 1 split seed: 3009
[2026-04-02 11:19:32]   Fold 1 split class counts:
[2026-04-02 11:19:32]     train=[16, 16, 16, 16] val=[4, 4, 4, 4] test=[5, 5, 5, 5]
[2026-04-02 11:19:32]   Fold 2 split seed: 3010
[2026-04-02 11:19:32]   Fold 2 split class counts:
[2026-04-02 11:19:32]     train=[16, 16, 16, 16] val=[4, 4, 4, 4] test=[5, 5, 5, 5]
[2026-04-02 11:19:32]   Fold 3 split seed: 3011
[2026-04-02 11:19:32]   Fold 3 split class counts:
[2026-04-02 11:19:32]     train=[16, 16, 16, 16] val=[4, 4, 4, 4] test=[5, 5, 5, 5]
[2026-04-02 11:19:32]   Fold 4 split seed: 3012
[2026-04-02 11:19:32]   Fold 4 split class counts:
[2026-04-02 11:19:32]     train=[16, 16, 16, 16] val=[4, 4, 4, 4] test=[5, 5, 5, 5]
[2026-04-02 11:19:32]   Fold 5 split seed: 3013
[2026-04-02 11:19:32]   Fold 5 split class counts:
[2026-04-02 11:19:32]     train=[16, 16, 16, 16] val=[4, 4, 4, 4] test=[5, 5, 5, 5]
[2026-04-02 11:19:32]   Subject 53 Fold 1 seed: 8309
[2026-04-02 11:19:32]   Subject 53 Fold 1: n_train=64 n_val=16 n_test=20
[2026-04-02 11:19:32]     Train class counts: [16, 16, 16, 16]
[2026-04-02 11:19:32]     Val class counts:   [4, 4, 4, 4]
[2026-04-02 11:19:32]     Test class counts:  [5, 5, 5, 5]
[2026-04-02 11:19:32] Building model with input window duration: 4.1875 s
[2026-04-02 11:19:32] Pretrained weight loading:
[2026-04-02 11:19:32]   Downloaded keys:        179
[2026-04-02 11:19:32]   Filtered (transformer): 172
[2026-04-02 11:19:32]   Filtered (pos_encoder): 0
[2026-04-02 11:19:32]   Keys to load:           7
[2026-04-02 11:19:32]   Missing keys:           4
[2026-04-02 11:19:32]   Unexpected keys:        0
[2026-04-02 11:19:32]   Missing preview:        ['spatial_conv.1.weight', 'spatial_conv.1.bias', 'final_layer.1.weight', 'final_layer.1.bias']
[2026-04-02 11:19:32]   Unexpected preview:     []
[2026-04-02 11:19:32] Encoder freeze configuration:
[2026-04-02 11:19:32]   Total parameters:        18,192
[2026-04-02 11:19:32]   Trainable parameters:    4,352
[2026-04-02 11:19:32]   Training percentage:     23.9%
[2026-04-02 11:19:32]   Trainable layers: 4
[2026-04-02 11:19:32]     - final_layer.1.bias
[2026-04-02 11:19:32]     - final_layer.1.weight
[2026-04-02 11:19:32]     - spatial_conv.1.bias
[2026-04-02 11:19:32]     - spatial_conv.1.weight
[2026-04-02 11:19:32]     Train generator seeded: True
[2026-04-02 11:19:43]     Stopped epoch:            1326
[2026-04-02 11:19:43]     Best epoch (valid_loss):  1276
[2026-04-02 11:19:43]     Best valid_loss:          0.24590864777565002
[2026-04-02 11:19:43]     Test accuracy (primary):  0.9500
[2026-04-02 11:19:43]     Test balanced acc:        0.9500
[2026-04-02 11:19:43]     Confusion matrix:         [[5, 0, 0, 0], [0, 4, 1, 0], [0, 0, 5, 0], [0, 0, 0, 5]]
[2026-04-02 11:19:43]     Prediction histogram:     [5, 4, 6, 5]
[2026-04-02 11:19:43]     fold_acc=0.9500 fold_bal_acc=0.9500 cm=[[5, 0, 0, 0], [0, 4, 1, 0], [0, 0, 5, 0], [0, 0, 0, 5]]
[2026-04-02 11:19:43]   Subject 53 Fold 2 seed: 8310
[2026-04-02 11:19:43]   Subject 53 Fold 2: n_train=64 n_val=16 n_test=20
[2026-04-02 11:19:43]     Train class counts: [16, 16, 16, 16]
[2026-04-02 11:19:43]     Val class counts:   [4, 4, 4, 4]
[2026-04-02 11:19:43]     Test class counts:  [5, 5, 5, 5]
[2026-04-02 11:19:43] Building model with input window duration: 4.1875 s
[2026-04-02 11:19:43] Pretrained weight loading:
[2026-04-02 11:19:43]   Downloaded keys:        179
[2026-04-02 11:19:43]   Filtered (transformer): 172
[2026-04-02 11:19:43]   Filtered (pos_encoder): 0
[2026-04-02 11:19:43]   Keys to load:           7
[2026-04-02 11:19:43]   Missing keys:           4
[2026-04-02 11:19:43]   Unexpected keys:        0
[2026-04-02 11:19:43]   Missing preview:        ['spatial_conv.1.weight', 'spatial_conv.1.bias', 'final_layer.1.weight', 'final_layer.1.bias']
[2026-04-02 11:19:43]   Unexpected preview:     []
[2026-04-02 11:19:43] Encoder freeze configuration:
[2026-04-02 11:19:43]   Total parameters:        18,192
[2026-04-02 11:19:43]   Trainable parameters:    4,352
[2026-04-02 11:19:43]   Training percentage:     23.9%
[2026-04-02 11:19:43]   Trainable layers: 4
[2026-04-02 11:19:43]     - final_layer.1.bias
[2026-04-02 11:19:43]     - final_layer.1.weight
[2026-04-02 11:19:43]     - spatial_conv.1.bias
[2026-04-02 11:19:43]     - spatial_conv.1.weight
[2026-04-02 11:19:43]     Train generator seeded: True
[2026-04-02 11:20:05]     Stopped epoch:            2709
[2026-04-02 11:20:05]     Best epoch (valid_loss):  2659
[2026-04-02 11:20:05]     Best valid_loss:          0.1033702939748764
[2026-04-02 11:20:05]     Test accuracy (primary):  0.8500
[2026-04-02 11:20:05]     Test balanced acc:        0.8500
[2026-04-02 11:20:05]     Confusion matrix:         [[4, 0, 0, 1], [0, 5, 0, 0], [0, 1, 4, 0], [0, 1, 0, 4]]
[2026-04-02 11:20:05]     Prediction histogram:     [4, 7, 4, 5]
[2026-04-02 11:20:05]     fold_acc=0.8500 fold_bal_acc=0.8500 cm=[[4, 0, 0, 1], [0, 5, 0, 0], [0, 1, 4, 0], [0, 1, 0, 4]]
[2026-04-02 11:20:05]   Subject 53 Fold 3 seed: 8311
[2026-04-02 11:20:05]   Subject 53 Fold 3: n_train=64 n_val=16 n_test=20
[2026-04-02 11:20:05]     Train class counts: [16, 16, 16, 16]
[2026-04-02 11:20:05]     Val class counts:   [4, 4, 4, 4]
[2026-04-02 11:20:05]     Test class counts:  [5, 5, 5, 5]
[2026-04-02 11:20:05] Building model with input window duration: 4.1875 s
[2026-04-02 11:20:05] Pretrained weight loading:
[2026-04-02 11:20:05]   Downloaded keys:        179
[2026-04-02 11:20:05]   Filtered (transformer): 172
[2026-04-02 11:20:05]   Filtered (pos_encoder): 0
[2026-04-02 11:20:05]   Keys to load:           7
[2026-04-02 11:20:05]   Missing keys:           4
[2026-04-02 11:20:05]   Unexpected keys:        0
[2026-04-02 11:20:05]   Missing preview:        ['spatial_conv.1.weight', 'spatial_conv.1.bias', 'final_layer.1.weight', 'final_layer.1.bias']
[2026-04-02 11:20:05]   Unexpected preview:     []
[2026-04-02 11:20:05] Encoder freeze configuration:
[2026-04-02 11:20:05]   Total parameters:        18,192
[2026-04-02 11:20:05]   Trainable parameters:    4,352
[2026-04-02 11:20:05]   Training percentage:     23.9%
[2026-04-02 11:20:05]   Trainable layers: 4
[2026-04-02 11:20:05]     - final_layer.1.bias
[2026-04-02 11:20:05]     - final_layer.1.weight
[2026-04-02 11:20:05]     - spatial_conv.1.bias
[2026-04-02 11:20:05]     - spatial_conv.1.weight
[2026-04-02 11:20:05]     Train generator seeded: True
[2026-04-02 11:20:29]     Stopped epoch:            2915
[2026-04-02 11:20:29]     Best epoch (valid_loss):  2865
[2026-04-02 11:20:29]     Best valid_loss:          0.10087143629789352
[2026-04-02 11:20:29]     Test accuracy (primary):  1.0000
[2026-04-02 11:20:29]     Test balanced acc:        1.0000
[2026-04-02 11:20:29]     Confusion matrix:         [[5, 0, 0, 0], [0, 5, 0, 0], [0, 0, 5, 0], [0, 0, 0, 5]]
[2026-04-02 11:20:29]     Prediction histogram:     [5, 5, 5, 5]
[2026-04-02 11:20:29]     fold_acc=1.0000 fold_bal_acc=1.0000 cm=[[5, 0, 0, 0], [0, 5, 0, 0], [0, 0, 5, 0], [0, 0, 0, 5]]
[2026-04-02 11:20:29]   Subject 53 Fold 4 seed: 8312
[2026-04-02 11:20:29]   Subject 53 Fold 4: n_train=64 n_val=16 n_test=20
[2026-04-02 11:20:29]     Train class counts: [16, 16, 16, 16]
[2026-04-02 11:20:29]     Val class counts:   [4, 4, 4, 4]
[2026-04-02 11:20:29]     Test class counts:  [5, 5, 5, 5]
[2026-04-02 11:20:29] Building model with input window duration: 4.1875 s
[2026-04-02 11:20:29] Pretrained weight loading:
[2026-04-02 11:20:29]   Downloaded keys:        179
[2026-04-02 11:20:29]   Filtered (transformer): 172
[2026-04-02 11:20:29]   Filtered (pos_encoder): 0
[2026-04-02 11:20:29]   Keys to load:           7
[2026-04-02 11:20:29]   Missing keys:           4
[2026-04-02 11:20:29]   Unexpected keys:        0
[2026-04-02 11:20:29]   Missing preview:        ['spatial_conv.1.weight', 'spatial_conv.1.bias', 'final_layer.1.weight', 'final_layer.1.bias']
[2026-04-02 11:20:29]   Unexpected preview:     []
[2026-04-02 11:20:29] Encoder freeze configuration:
[2026-04-02 11:20:29]   Total parameters:        18,192
[2026-04-02 11:20:29]   Trainable parameters:    4,352
[2026-04-02 11:20:29]   Training percentage:     23.9%
[2026-04-02 11:20:29]   Trainable layers: 4
[2026-04-02 11:20:29]     - final_layer.1.bias
[2026-04-02 11:20:29]     - final_layer.1.weight
[2026-04-02 11:20:29]     - spatial_conv.1.bias
[2026-04-02 11:20:29]     - spatial_conv.1.weight
[2026-04-02 11:20:29]     Train generator seeded: True
[2026-04-02 11:20:40]     Stopped epoch:            1291
[2026-04-02 11:20:40]     Best epoch (valid_loss):  1242
[2026-04-02 11:20:40]     Best valid_loss:          0.2191774994134903
[2026-04-02 11:20:40]     Test accuracy (primary):  0.9000
[2026-04-02 11:20:40]     Test balanced acc:        0.9000
[2026-04-02 11:20:40]     Confusion matrix:         [[3, 0, 2, 0], [0, 5, 0, 0], [0, 0, 5, 0], [0, 0, 0, 5]]
[2026-04-02 11:20:40]     Prediction histogram:     [3, 5, 7, 5]
[2026-04-02 11:20:40]     fold_acc=0.9000 fold_bal_acc=0.9000 cm=[[3, 0, 2, 0], [0, 5, 0, 0], [0, 0, 5, 0], [0, 0, 0, 5]]
[2026-04-02 11:20:40]   Subject 53 Fold 5 seed: 8313
[2026-04-02 11:20:40]   Subject 53 Fold 5: n_train=64 n_val=16 n_test=20
[2026-04-02 11:20:40]     Train class counts: [16, 16, 16, 16]
[2026-04-02 11:20:40]     Val class counts:   [4, 4, 4, 4]
[2026-04-02 11:20:40]     Test class counts:  [5, 5, 5, 5]
[2026-04-02 11:20:40] Building model with input window duration: 4.1875 s
[2026-04-02 11:20:40] Pretrained weight loading:
[2026-04-02 11:20:40]   Downloaded keys:        179
[2026-04-02 11:20:40]   Filtered (transformer): 172
[2026-04-02 11:20:40]   Filtered (pos_encoder): 0
[2026-04-02 11:20:40]   Keys to load:           7
[2026-04-02 11:20:40]   Missing keys:           4
[2026-04-02 11:20:40]   Unexpected keys:        0
[2026-04-02 11:20:40]   Missing preview:        ['spatial_conv.1.weight', 'spatial_conv.1.bias', 'final_layer.1.weight', 'final_layer.1.bias']
[2026-04-02 11:20:40]   Unexpected preview:     []
[2026-04-02 11:20:40] Encoder freeze configuration:
[2026-04-02 11:20:40]   Total parameters:        18,192
[2026-04-02 11:20:40]   Trainable parameters:    4,352
[2026-04-02 11:20:40]   Training percentage:     23.9%
[2026-04-02 11:20:40]   Trainable layers: 4
[2026-04-02 11:20:40]     - final_layer.1.bias
[2026-04-02 11:20:40]     - final_layer.1.weight
[2026-04-02 11:20:40]     - spatial_conv.1.bias
[2026-04-02 11:20:40]     - spatial_conv.1.weight
[2026-04-02 11:20:40]     Train generator seeded: True
[2026-04-02 11:20:53]     Stopped epoch:            1547
[2026-04-02 11:20:53]     Best epoch (valid_loss):  1497
[2026-04-02 11:20:53]     Best valid_loss:          0.11373712867498398
[2026-04-02 11:20:53]     Test accuracy (primary):  1.0000
[2026-04-02 11:20:53]     Test balanced acc:        1.0000
[2026-04-02 11:20:53]     Confusion matrix:         [[5, 0, 0, 0], [0, 5, 0, 0], [0, 0, 5, 0], [0, 0, 0, 5]]
[2026-04-02 11:20:53]     Prediction histogram:     [5, 5, 5, 5]
[2026-04-02 11:20:53]     fold_acc=1.0000 fold_bal_acc=1.0000 cm=[[5, 0, 0, 0], [0, 5, 0, 0], [0, 0, 5, 0], [0, 0, 0, 5]]
[2026-04-02 11:20:53]   Subject 53 mean accuracy: 0.9400

[2026-04-02 11:20:53] Subject 54: 100 windows class_counts=[25, 25, 25, 25]
[2026-04-02 11:20:53]   Fold 1 split seed: 3009
[2026-04-02 11:20:53]   Fold 1 split class counts:
[2026-04-02 11:20:53]     train=[16, 16, 16, 16] val=[4, 4, 4, 4] test=[5, 5, 5, 5]
[2026-04-02 11:20:53]   Fold 2 split seed: 3010
[2026-04-02 11:20:53]   Fold 2 split class counts:
[2026-04-02 11:20:53]     train=[16, 16, 16, 16] val=[4, 4, 4, 4] test=[5, 5, 5, 5]
[2026-04-02 11:20:53]   Fold 3 split seed: 3011
[2026-04-02 11:20:53]   Fold 3 split class counts:
[2026-04-02 11:20:53]     train=[16, 16, 16, 16] val=[4, 4, 4, 4] test=[5, 5, 5, 5]
[2026-04-02 11:20:53]   Fold 4 split seed: 3012
[2026-04-02 11:20:53]   Fold 4 split class counts:
[2026-04-02 11:20:53]     train=[16, 16, 16, 16] val=[4, 4, 4, 4] test=[5, 5, 5, 5]
[2026-04-02 11:20:53]   Fold 5 split seed: 3013
[2026-04-02 11:20:53]   Fold 5 split class counts:
[2026-04-02 11:20:53]     train=[16, 16, 16, 16] val=[4, 4, 4, 4] test=[5, 5, 5, 5]
[2026-04-02 11:20:53]   Subject 54 Fold 1 seed: 8409
[2026-04-02 11:20:53]   Subject 54 Fold 1: n_train=64 n_val=16 n_test=20
[2026-04-02 11:20:53]     Train class counts: [16, 16, 16, 16]
[2026-04-02 11:20:53]     Val class counts:   [4, 4, 4, 4]
[2026-04-02 11:20:53]     Test class counts:  [5, 5, 5, 5]
[2026-04-02 11:20:53] Building model with input window duration: 4.1875 s
[2026-04-02 11:20:53] Pretrained weight loading:
[2026-04-02 11:20:53]   Downloaded keys:        179
[2026-04-02 11:20:53]   Filtered (transformer): 172
[2026-04-02 11:20:53]   Filtered (pos_encoder): 0
[2026-04-02 11:20:53]   Keys to load:           7
[2026-04-02 11:20:53]   Missing keys:           4
[2026-04-02 11:20:53]   Unexpected keys:        0
[2026-04-02 11:20:53]   Missing preview:        ['spatial_conv.1.weight', 'spatial_conv.1.bias', 'final_layer.1.weight', 'final_layer.1.bias']
[2026-04-02 11:20:53]   Unexpected preview:     []
[2026-04-02 11:20:53] Encoder freeze configuration:
[2026-04-02 11:20:53]   Total parameters:        18,192
[2026-04-02 11:20:53]   Trainable parameters:    4,352
[2026-04-02 11:20:53]   Training percentage:     23.9%
[2026-04-02 11:20:53]   Trainable layers: 4
[2026-04-02 11:20:53]     - final_layer.1.bias
[2026-04-02 11:20:53]     - final_layer.1.weight
[2026-04-02 11:20:53]     - spatial_conv.1.bias
[2026-04-02 11:20:53]     - spatial_conv.1.weight
[2026-04-02 11:20:53]     Train generator seeded: True
[2026-04-02 11:20:59]     Stopped epoch:            660
[2026-04-02 11:20:59]     Best epoch (valid_loss):  610
[2026-04-02 11:20:59]     Best valid_loss:          0.9933319687843323
[2026-04-02 11:20:59]     Test accuracy (primary):  0.6500
[2026-04-02 11:20:59]     Test balanced acc:        0.6500
[2026-04-02 11:20:59]     Confusion matrix:         [[5, 0, 0, 0], [1, 2, 0, 2], [0, 3, 1, 1], [0, 0, 0, 5]]
[2026-04-02 11:20:59]     Prediction histogram:     [6, 5, 1, 8]
[2026-04-02 11:20:59]     fold_acc=0.6500 fold_bal_acc=0.6500 cm=[[5, 0, 0, 0], [1, 2, 0, 2], [0, 3, 1, 1], [0, 0, 0, 5]]
[2026-04-02 11:20:59]   Subject 54 Fold 2 seed: 8410
[2026-04-02 11:20:59]   Subject 54 Fold 2: n_train=64 n_val=16 n_test=20
[2026-04-02 11:20:59]     Train class counts: [16, 16, 16, 16]
[2026-04-02 11:20:59]     Val class counts:   [4, 4, 4, 4]
[2026-04-02 11:20:59]     Test class counts:  [5, 5, 5, 5]
[2026-04-02 11:20:59] Building model with input window duration: 4.1875 s
[2026-04-02 11:20:59] Pretrained weight loading:
[2026-04-02 11:20:59]   Downloaded keys:        179
[2026-04-02 11:20:59]   Filtered (transformer): 172
[2026-04-02 11:20:59]   Filtered (pos_encoder): 0
[2026-04-02 11:20:59]   Keys to load:           7
[2026-04-02 11:20:59]   Missing keys:           4
[2026-04-02 11:20:59]   Unexpected keys:        0
[2026-04-02 11:20:59]   Missing preview:        ['spatial_conv.1.weight', 'spatial_conv.1.bias', 'final_layer.1.weight', 'final_layer.1.bias']
[2026-04-02 11:20:59]   Unexpected preview:     []
[2026-04-02 11:20:59] Encoder freeze configuration:
[2026-04-02 11:20:59]   Total parameters:        18,192
[2026-04-02 11:20:59]   Trainable parameters:    4,352
[2026-04-02 11:20:59]   Training percentage:     23.9%
[2026-04-02 11:20:59]   Trainable layers: 4
[2026-04-02 11:20:59]     - final_layer.1.bias
[2026-04-02 11:20:59]     - final_layer.1.weight
[2026-04-02 11:20:59]     - spatial_conv.1.bias
[2026-04-02 11:20:59]     - spatial_conv.1.weight
[2026-04-02 11:20:59]     Train generator seeded: True
[2026-04-02 11:20:59]     Stopped epoch:            52
[2026-04-02 11:20:59]     Best epoch (valid_loss):  4
[2026-04-02 11:20:59]     Best valid_loss:          1.388676404953003
[2026-04-02 11:20:59]     Test accuracy (primary):  0.2500
[2026-04-02 11:20:59]     Test balanced acc:        0.2500
[2026-04-02 11:20:59]     Confusion matrix:         [[1, 0, 4, 0], [0, 0, 5, 0], [1, 0, 4, 0], [1, 0, 4, 0]]
[2026-04-02 11:20:59]     Prediction histogram:     [3, 0, 17, 0]
[2026-04-02 11:20:59]     fold_acc=0.2500 fold_bal_acc=0.2500 cm=[[1, 0, 4, 0], [0, 0, 5, 0], [1, 0, 4, 0], [1, 0, 4, 0]]
[2026-04-02 11:20:59]   Subject 54 Fold 3 seed: 8411
[2026-04-02 11:20:59]   Subject 54 Fold 3: n_train=64 n_val=16 n_test=20
[2026-04-02 11:20:59]     Train class counts: [16, 16, 16, 16]
[2026-04-02 11:20:59]     Val class counts:   [4, 4, 4, 4]
[2026-04-02 11:20:59]     Test class counts:  [5, 5, 5, 5]
[2026-04-02 11:20:59] Building model with input window duration: 4.1875 s
[2026-04-02 11:20:59] Pretrained weight loading:
[2026-04-02 11:20:59]   Downloaded keys:        179
[2026-04-02 11:20:59]   Filtered (transformer): 172
[2026-04-02 11:20:59]   Filtered (pos_encoder): 0
[2026-04-02 11:20:59]   Keys to load:           7
[2026-04-02 11:20:59]   Missing keys:           4
[2026-04-02 11:20:59]   Unexpected keys:        0
[2026-04-02 11:20:59]   Missing preview:        ['spatial_conv.1.weight', 'spatial_conv.1.bias', 'final_layer.1.weight', 'final_layer.1.bias']
[2026-04-02 11:20:59]   Unexpected preview:     []
[2026-04-02 11:20:59] Encoder freeze configuration:
[2026-04-02 11:20:59]   Total parameters:        18,192
[2026-04-02 11:20:59]   Trainable parameters:    4,352
[2026-04-02 11:20:59]   Training percentage:     23.9%
[2026-04-02 11:20:59]   Trainable layers: 4
[2026-04-02 11:20:59]     - final_layer.1.bias
[2026-04-02 11:20:59]     - final_layer.1.weight
[2026-04-02 11:20:59]     - spatial_conv.1.bias
[2026-04-02 11:20:59]     - spatial_conv.1.weight
[2026-04-02 11:20:59]     Train generator seeded: True
[2026-04-02 11:21:04]     Stopped epoch:            568
[2026-04-02 11:21:04]     Best epoch (valid_loss):  518
[2026-04-02 11:21:04]     Best valid_loss:          1.0280556678771973
[2026-04-02 11:21:04]     Test accuracy (primary):  0.5000
[2026-04-02 11:21:04]     Test balanced acc:        0.5000
[2026-04-02 11:21:04]     Confusion matrix:         [[3, 0, 1, 1], [0, 3, 0, 2], [0, 2, 2, 1], [0, 2, 1, 2]]
[2026-04-02 11:21:04]     Prediction histogram:     [3, 7, 4, 6]
[2026-04-02 11:21:04]     fold_acc=0.5000 fold_bal_acc=0.5000 cm=[[3, 0, 1, 1], [0, 3, 0, 2], [0, 2, 2, 1], [0, 2, 1, 2]]
[2026-04-02 11:21:04]   Subject 54 Fold 4 seed: 8412
[2026-04-02 11:21:04]   Subject 54 Fold 4: n_train=64 n_val=16 n_test=20
[2026-04-02 11:21:04]     Train class counts: [16, 16, 16, 16]
[2026-04-02 11:21:04]     Val class counts:   [4, 4, 4, 4]
[2026-04-02 11:21:04]     Test class counts:  [5, 5, 5, 5]
[2026-04-02 11:21:04] Building model with input window duration: 4.1875 s
[2026-04-02 11:21:04] Pretrained weight loading:
[2026-04-02 11:21:04]   Downloaded keys:        179
[2026-04-02 11:21:04]   Filtered (transformer): 172
[2026-04-02 11:21:04]   Filtered (pos_encoder): 0
[2026-04-02 11:21:04]   Keys to load:           7
[2026-04-02 11:21:04]   Missing keys:           4
[2026-04-02 11:21:04]   Unexpected keys:        0
[2026-04-02 11:21:04]   Missing preview:        ['spatial_conv.1.weight', 'spatial_conv.1.bias', 'final_layer.1.weight', 'final_layer.1.bias']
[2026-04-02 11:21:04]   Unexpected preview:     []
[2026-04-02 11:21:04] Encoder freeze configuration:
[2026-04-02 11:21:04]   Total parameters:        18,192
[2026-04-02 11:21:04]   Trainable parameters:    4,352
[2026-04-02 11:21:04]   Training percentage:     23.9%
[2026-04-02 11:21:04]   Trainable layers: 4
[2026-04-02 11:21:04]     - final_layer.1.bias
[2026-04-02 11:21:04]     - final_layer.1.weight
[2026-04-02 11:21:04]     - spatial_conv.1.bias
[2026-04-02 11:21:04]     - spatial_conv.1.weight
[2026-04-02 11:21:04]     Train generator seeded: True
[2026-04-02 11:21:04]     Stopped epoch:            51
[2026-04-02 11:21:04]     Best epoch (valid_loss):  5
[2026-04-02 11:21:04]     Best valid_loss:          1.3876574039459229
[2026-04-02 11:21:04]     Test accuracy (primary):  0.2000
[2026-04-02 11:21:04]     Test balanced acc:        0.2000
[2026-04-02 11:21:04]     Confusion matrix:         [[1, 1, 0, 3], [2, 0, 0, 3], [1, 0, 0, 4], [2, 0, 0, 3]]
[2026-04-02 11:21:04]     Prediction histogram:     [6, 1, 0, 13]
[2026-04-02 11:21:04]     fold_acc=0.2000 fold_bal_acc=0.2000 cm=[[1, 1, 0, 3], [2, 0, 0, 3], [1, 0, 0, 4], [2, 0, 0, 3]]
[2026-04-02 11:21:04]   Subject 54 Fold 5 seed: 8413
[2026-04-02 11:21:04]   Subject 54 Fold 5: n_train=64 n_val=16 n_test=20
[2026-04-02 11:21:04]     Train class counts: [16, 16, 16, 16]
[2026-04-02 11:21:04]     Val class counts:   [4, 4, 4, 4]
[2026-04-02 11:21:04]     Test class counts:  [5, 5, 5, 5]
[2026-04-02 11:21:04] Building model with input window duration: 4.1875 s
[2026-04-02 11:21:04] Pretrained weight loading:
[2026-04-02 11:21:04]   Downloaded keys:        179
[2026-04-02 11:21:04]   Filtered (transformer): 172
[2026-04-02 11:21:04]   Filtered (pos_encoder): 0
[2026-04-02 11:21:04]   Keys to load:           7
[2026-04-02 11:21:04]   Missing keys:           4
[2026-04-02 11:21:04]   Unexpected keys:        0
[2026-04-02 11:21:04]   Missing preview:        ['spatial_conv.1.weight', 'spatial_conv.1.bias', 'final_layer.1.weight', 'final_layer.1.bias']
[2026-04-02 11:21:04]   Unexpected preview:     []
[2026-04-02 11:21:04] Encoder freeze configuration:
[2026-04-02 11:21:04]   Total parameters:        18,192
[2026-04-02 11:21:04]   Trainable parameters:    4,352
[2026-04-02 11:21:04]   Training percentage:     23.9%
[2026-04-02 11:21:04]   Trainable layers: 4
[2026-04-02 11:21:04]     - final_layer.1.bias
[2026-04-02 11:21:04]     - final_layer.1.weight
[2026-04-02 11:21:04]     - spatial_conv.1.bias
[2026-04-02 11:21:04]     - spatial_conv.1.weight
[2026-04-02 11:21:04]     Train generator seeded: True
[2026-04-02 11:21:10]     Stopped epoch:            756
[2026-04-02 11:21:10]     Best epoch (valid_loss):  706
[2026-04-02 11:21:10]     Best valid_loss:          0.8270420432090759
[2026-04-02 11:21:10]     Test accuracy (primary):  0.7000
[2026-04-02 11:21:10]     Test balanced acc:        0.7000
[2026-04-02 11:21:10]     Confusion matrix:         [[4, 0, 1, 0], [0, 3, 2, 0], [0, 1, 4, 0], [0, 0, 2, 3]]
[2026-04-02 11:21:10]     Prediction histogram:     [4, 4, 9, 3]
[2026-04-02 11:21:10]     fold_acc=0.7000 fold_bal_acc=0.7000 cm=[[4, 0, 1, 0], [0, 3, 2, 0], [0, 1, 4, 0], [0, 0, 2, 3]]
[2026-04-02 11:21:10]   Subject 54 mean accuracy: 0.4600

[2026-04-02 11:21:10] Total folds completed: 35
[2026-04-02 11:21:10] ======================================================================
[2026-04-02 11:21:10] AGGREGATED RESULTS
[2026-04-02 11:21:10] ======================================================================
[2026-04-02 11:21:10]   Subject 48:  acc=0.9600±0.0374  bal_acc=0.9600±0.0374
[2026-04-02 11:21:10]   Subject 49:  acc=0.8700±0.0400  bal_acc=0.8700±0.0400
[2026-04-02 11:21:10]   Subject 50:  acc=0.8900±0.0800  bal_acc=0.8900±0.0800
[2026-04-02 11:21:10]   Subject 51:  acc=0.4000±0.1000  bal_acc=0.4000±0.1000
[2026-04-02 11:21:10]   Subject 52:  acc=0.9500±0.0548  bal_acc=0.9500±0.0548
[2026-04-02 11:21:10]   Subject 53:  acc=0.9400±0.0583  bal_acc=0.9400±0.0583
[2026-04-02 11:21:10]   Subject 54:  acc=0.4600±0.2035  bal_acc=0.4600±0.2035
[2026-04-02 11:21:10] ----------------------------------------------------------------------
[2026-04-02 11:21:10]   OVERALL:      acc=0.7814±0.2453  bal_acc=0.7814±0.2453
[2026-04-02 11:21:10] ======================================================================
[2026-04-02 11:21:10] CV results saved to:      /home/vegorov/Repos/eeg_jepa_research/artifacts/lee-2019-fine-tuning/SSVEP/20260402_1104_05151661/cv_results.json
[2026-04-02 11:21:10] Subject metrics saved to: /home/vegorov/Repos/eeg_jepa_research/artifacts/lee-2019-fine-tuning/SSVEP/20260402_1104_05151661/subject_metrics.json
[2026-04-02 11:21:10] Global metrics saved to:  /home/vegorov/Repos/eeg_jepa_research/artifacts/lee-2019-fine-tuning/SSVEP/20260402_1104_05151661/global_metrics.json
[2026-04-02 11:21:10] Run metadata saved to:    /home/vegorov/Repos/eeg_jepa_research/artifacts/lee-2019-fine-tuning/SSVEP/20260402_1104_05151661/run_metadata.json

[2026-04-02 11:21:10] All artifacts in: /home/vegorov/Repos/eeg_jepa_research/artifacts/lee-2019-fine-tuning/SSVEP/20260402_1104_05151661

[2026-04-02 11:21:10] ======================================================================
[2026-04-02 11:21:10] EXPERIMENT SUMMARY
[2026-04-02 11:21:10] ======================================================================
[2026-04-02 11:21:10] Run ID:    20260402_1104_05151661
[2026-04-02 11:21:10] Artifacts: /home/vegorov/Repos/eeg_jepa_research/artifacts/lee-2019-fine-tuning/SSVEP/20260402_1104_05151661

[2026-04-02 11:21:10] Configuration:
[2026-04-02 11:21:10]   Subjects:          [48, 49, 50, 51, 52, 53, 54]
[2026-04-02 11:21:10]   Bandpass:          0.5-40.0 Hz
[2026-04-02 11:21:10]   Resample:          128 Hz
[2026-04-02 11:21:10]   CV folds:          5
[2026-04-02 11:21:10]   Learning rate:     0.001
[2026-04-02 11:21:10]   Batch size:        24
[2026-04-02 11:21:10]   Max epochs:        5000

[2026-04-02 11:21:10] Results:
[2026-04-02 11:21:10]   Mean Accuracy:          0.7814 ± 0.2453
[2026-04-02 11:21:10]   Mean Balanced Accuracy: 0.7814 ± 0.2453
