[2026-04-09 11:06:47] Using device: mps
[2026-04-09 11:06:47] Seed control enabled: False
[2026-04-09 11:06:47] Base seed: 5
[2026-04-09 11:06:47] Seed control disabled (CONFIG['set_seed'] = False)
[2026-04-09 11:06:47] ======================================================================
[2026-04-09 11:06:47] CONFIGURATION
[2026-04-09 11:06:47] ======================================================================
[2026-04-09 11:06:47]   artifact_dir: /Users/vadim/Documents/School/Spring 2026/CSCE A698 Individual Research/EEG_JEPA/artifacts/lee-2019-fine-tuning
[2026-04-09 11:06:47]   bandpass_high: 40.0
[2026-04-09 11:06:47]   bandpass_low: 0.5
[2026-04-09 11:06:47]   batch_size: 32
[2026-04-09 11:06:47]   convert_to_uV: True
[2026-04-09 11:06:47]   criterion: None
[2026-04-09 11:06:47]   cv_folds: 5
[2026-04-09 11:06:47]   device: auto
[2026-04-09 11:06:47]   early_stopping_patience: 50
[2026-04-09 11:06:47]   learning_rate: None
[2026-04-09 11:06:47]   n_epochs: 5000
[2026-04-09 11:06:47]   normalization_method: None
[2026-04-09 11:06:47]   normalize: False
[2026-04-09 11:06:47]   optimizer: Adam
[2026-04-09 11:06:47]   paradigm: SSVEP
[2026-04-09 11:06:47]   pretrained_url: https://huggingface.co/braindecode/SignalJEPA/resolve/main/signal-jepa_16s-60_adeuwv4s.pth
[2026-04-09 11:06:47]   seed: 5
[2026-04-09 11:06:47]   set_eeg_reference: True
[2026-04-09 11:06:47]   set_seed: False
[2026-04-09 11:06:47]   sfreq: 128
[2026-04-09 11:06:47]   subjects_to_use: None
[2026-04-09 11:06:47]   val_split: 0.2
[2026-04-09 11:06:47] ======================================================================
[2026-04-09 11:06:47] Config saved to: /Users/vadim/Documents/School/Spring 2026/CSCE A698 Individual Research/EEG_JEPA/artifacts/lee-2019-fine-tuning/SSVEP/20260409_1106_e01ac839/config.json
[2026-04-09 11:06:47] Epoch window configuration:
[2026-04-09 11:06:47]   Target sfreq:                128 Hz
[2026-04-09 11:06:47]   Target duration:             4.190000 s
[2026-04-09 11:06:47]   Window samples (rounded):    536
[2026-04-09 11:06:47]   Base trial samples (4.0 s):  512
[2026-04-09 11:06:47]   Trial stop offset samples:   24
[2026-04-09 11:06:47]   Effective window duration:   4.187500 s
[2026-04-09 11:06:47] Dataset code: Lee2019-SSVEP
[2026-04-09 11:06:47] Subjects Total: 54
[2026-04-09 11:06:47] Events: {'12.0': 1, '8.57': 2, '6.67': 3, '5.45': 4}
[2026-04-09 11:06:47] Interval: [0.0, 4.0]
[2026-04-09 11:06:47] Paradigm: ssvep
[2026-04-09 11:06:47] Selected subjects: [48, 49, 50, 51, 52, 53, 54]
[2026-04-09 11:06:47] Expected evaluation folds: 35

[2026-04-09 11:06:47] Building MOABBDataset for Lee2019_SSVEP...
[2026-04-09 11:07:59] MOABBDataset recordings loaded: 14
[2026-04-09 11:07:59] Discovered annotation descriptions (first recording): [np.str_('12.0'), np.str_('5.45'), np.str_('6.67'), np.str_('8.57')]
[2026-04-09 11:07:59] Dataset event_id mapping: {'12.0': 1, '8.57': 2, '6.67': 3, '5.45': 4}
[2026-04-09 11:07:59] Label map (event_code -> class_index): {1: 0, 2: 1, 3: 2, 4: 3}
[2026-04-09 11:07:59] Applying Braindecode preprocessors to MOABBDataset...
[2026-04-09 11:09:34] Preprocessing complete.

[2026-04-09 11:09:34] Post-preprocessing validation
[2026-04-09 11:09:34]   Recordings in DATASET: 14
[2026-04-09 11:09:34]   Unique subject IDs:    ['48', '49', '50', '51', '52', '53', '54']
[2026-04-09 11:09:34]   sfreq (first rec):     128.0 Hz
[2026-04-09 11:09:34]   EEG channel count:     62
[2026-04-09 11:09:34]   First 10 channels:     ['Fp1', 'Fp2', 'F7', 'F3', 'Fz', 'F4', 'F8', 'FC5', 'FC1', 'FC2']
[2026-04-09 11:09:34] Channel consistency summary:
[2026-04-09 11:09:34]   Checked runs: 14
[2026-04-09 11:09:34]   Unique channel counts: [62]
[2026-04-09 11:09:34]   Channel order consistent: True
[2026-04-09 11:09:34] Validated EEG channels: 62
[2026-04-09 11:09:34] First 10 EEG channels: ['Fp1', 'Fp2', 'F7', 'F3', 'Fz', 'F4', 'F8', 'FC5', 'FC1', 'FC2']
[2026-04-09 11:09:34] raw mean_abs=6.260925e+00
[2026-04-09 11:09:34] raw std=1.367558e+01
[2026-04-09 11:09:34] raw first5 channel std= [25.7487628  33.90435699 12.52572271  7.29424492  6.6773028 ]
[2026-04-09 11:09:34] Requested window samples: 536
[2026-04-09 11:09:34] Base trial samples:       512
[2026-04-09 11:09:34] Stop offset samples:      24
[2026-04-09 11:09:35] Global class counts: [350, 350, 350, 350]
[2026-04-09 11:09:35] Chance level (4-class): 0.25
[2026-04-09 11:09:35] One window shape: (62, 536)
[2026-04-09 11:09:35] One window label: 2
[2026-04-09 11:09:35] Window sample length expected=536, got=536
[2026-04-09 11:09:35] Subjects in window split: [48, 49, 50, 51, 52, 53, 54]
[2026-04-09 11:09:35] Summarizing per-subject windows...
[2026-04-09 11:09:35]   Subject 48: n_windows=200, window_shape=(62, 536), class_counts=[50, 50, 50, 50]
[2026-04-09 11:09:35]   Subject 49: n_windows=200, window_shape=(62, 536), class_counts=[50, 50, 50, 50]
[2026-04-09 11:09:35]   Subject 50: n_windows=200, window_shape=(62, 536), class_counts=[50, 50, 50, 50]
[2026-04-09 11:09:35]   Subject 51: n_windows=200, window_shape=(62, 536), class_counts=[50, 50, 50, 50]
[2026-04-09 11:09:35]   Subject 52: n_windows=200, window_shape=(62, 536), class_counts=[50, 50, 50, 50]
[2026-04-09 11:09:35]   Subject 53: n_windows=200, window_shape=(62, 536), class_counts=[50, 50, 50, 50]
[2026-04-09 11:09:35]   Subject 54: n_windows=200, window_shape=(62, 536), class_counts=[50, 50, 50, 50]
[2026-04-09 11:09:35]    subject_id  n_windows  n_channels  n_times      class_counts
0          48        200          62      536  [50, 50, 50, 50]
1          49        200          62      536  [50, 50, 50, 50]
2          50        200          62      536  [50, 50, 50, 50]
3          51        200          62      536  [50, 50, 50, 50]
4          52        200          62      536  [50, 50, 50, 50]
5          53        200          62      536  [50, 50, 50, 50]
6          54        200          62      536  [50, 50, 50, 50]
[2026-04-09 11:09:35] Window validation summary:
[2026-04-09 11:09:35]   Subject 48: n_windows=200 class_counts=[50, 50, 50, 50]
[2026-04-09 11:09:35]   Subject 49: n_windows=200 class_counts=[50, 50, 50, 50]
[2026-04-09 11:09:35]   Subject 50: n_windows=200 class_counts=[50, 50, 50, 50]
[2026-04-09 11:09:35]   Subject 51: n_windows=200 class_counts=[50, 50, 50, 50]
[2026-04-09 11:09:35]   Subject 52: n_windows=200 class_counts=[50, 50, 50, 50]
[2026-04-09 11:09:35]   Subject 53: n_windows=200 class_counts=[50, 50, 50, 50]
[2026-04-09 11:09:35]   Subject 54: n_windows=200 class_counts=[50, 50, 50, 50]

[2026-04-09 11:09:35] Validated sampling rate target: 128 Hz
[2026-04-09 11:09:35] Validated window sample count:   536
[2026-04-09 11:09:35] Validated window duration:       4.1875 s
[2026-04-09 11:09:35] Validated channel count:         62
[2026-04-09 11:09:35] Total windows retained:          1400
[2026-04-09 11:09:35] Preprocessing sanity checks:
[2026-04-09 11:09:35]   One sample label: 2
[2026-04-09 11:09:35]   One sample shape: (62, 536)
[2026-04-09 11:09:35]   Mean(abs(signal)): 3.194527e+00
[2026-04-09 11:09:35]   Mean(signal):      6.428233e-09
[2026-04-09 11:09:35]   Std(signal):       4.182395e+00
[2026-04-09 11:09:35] Building model with input window duration: 4.1875 s
[2026-04-09 11:09:35] SignalJEPA_PreLocal instantiated successfully.
[2026-04-09 11:09:35]   Total parameters:     18,192
[2026-04-09 11:09:35]   Trainable parameters: 18,192
[2026-04-09 11:09:35] ======================================================================================================================================================
Layer (type (var_name):depth-idx)                  Input Shape               Output Shape              Param #                   Kernel Shape
======================================================================================================================================================
SignalJEPA_PreLocal (SignalJEPA_PreLocal)          [1, 62, 536]              [1, 4]                    --                        --
├─Sequential (spatial_conv): 1-1                   [1, 62, 536]              [1, 4, 536]               --                        --
│    └─Rearrange (0): 2-1                          [1, 62, 536]              [1, 1, 62, 536]           --                        --
│    └─Conv2d (1): 2-2                             [1, 1, 62, 536]           [1, 4, 1, 536]            252                       [62, 1]
│    └─Rearrange (2): 2-3                          [1, 4, 1, 536]            [1, 4, 536]               --                        --
├─_ConvFeatureEncoder (feature_encoder): 1-2       [1, 4, 536]               [1, 16, 64]               --                        --
│    └─Rearrange (0): 2-4                          [1, 4, 536]               [4, 1, 536]               --                        --
│    └─Sequential (1): 2-5                         [4, 1, 536]               [4, 8, 64]                --                        --
│    │    └─Conv1d (0): 3-1                        [4, 1, 536]               [4, 8, 64]                256                       [32]
│    │    └─Dropout (1): 3-2                       [4, 8, 64]                [4, 8, 64]                --                        --
│    │    └─GroupNorm (2): 3-3                     [4, 8, 64]                [4, 8, 64]                16                        --
│    │    └─GELU (3): 3-4                          [4, 8, 64]                [4, 8, 64]                --                        --
│    └─Sequential (2): 2-6                         [4, 8, 64]                [4, 16, 32]               --                        --
│    │    └─Conv1d (0): 3-5                        [4, 8, 64]                [4, 16, 32]               256                       [2]
│    │    └─Dropout (1): 3-6                       [4, 16, 32]               [4, 16, 32]               --                        --
│    │    └─GELU (2): 3-7                          [4, 16, 32]               [4, 16, 32]               --                        --
│    └─Sequential (3): 2-7                         [4, 16, 32]               [4, 32, 16]               --                        --
│    │    └─Conv1d (0): 3-8                        [4, 16, 32]               [4, 32, 16]               1,024                     [2]
│    │    └─Dropout (1): 3-9                       [4, 32, 16]               [4, 32, 16]               --                        --
│    │    └─GELU (2): 3-10                         [4, 32, 16]               [4, 32, 16]               --                        --
│    └─Sequential (4): 2-8                         [4, 32, 16]               [4, 64, 8]                --                        --
│    │    └─Conv1d (0): 3-11                       [4, 32, 16]               [4, 64, 8]                4,096                     [2]
│    │    └─Dropout (1): 3-12                      [4, 64, 8]                [4, 64, 8]                --                        --
│    │    └─GELU (2): 3-13                         [4, 64, 8]                [4, 64, 8]                --                        --
│    └─Sequential (5): 2-9                         [4, 64, 8]                [4, 64, 4]                --                        --
│    │    └─Conv1d (0): 3-14                       [4, 64, 8]                [4, 64, 4]                8,192                     [2]
│    │    └─Dropout (1): 3-15                      [4, 64, 4]                [4, 64, 4]                --                        --
│    │    └─GELU (2): 3-16                         [4, 64, 4]                [4, 64, 4]                --                        --
│    └─Rearrange (6): 2-10                         [4, 64, 4]                [1, 16, 64]               --                        --
├─Sequential (final_layer): 1-3                    [1, 16, 64]               [1, 4]                    --                        --
│    └─Flatten (0): 2-11                           [1, 16, 64]               [1, 1024]                 --                        --
│    └─Linear (1): 2-12                            [1, 1024]                 [1, 4]                    4,100                     --
======================================================================================================================================================
Total params: 18,192
Trainable params: 18,192
Non-trainable params: 0
Total mult-adds (Units.MEGABYTES): 0.57
======================================================================================================================================================
Input size (MB): 0.13
Forward/backward pass size (MB): 0.11
Params size (MB): 0.07
Estimated Total Size (MB): 0.31
======================================================================================================================================================
[2026-04-09 11:09:35] Initializing from 16s-60 pretrained checkpoint (Hugging Face):
[2026-04-09 11:09:35]   https://huggingface.co/braindecode/SignalJEPA/resolve/main/signal-jepa_16s-60_adeuwv4s.pth
[2026-04-09 11:09:36]   Downloaded 179 keys
[2026-04-09 11:09:36] ======================================================================
[2026-04-09 11:09:36] STARTING CROSS-VALIDATION
[2026-04-09 11:09:36] ======================================================================
[2026-04-09 11:09:36] Subjects:      [48, 49, 50, 51, 52, 53, 54]
[2026-04-09 11:09:36] CV folds:      5
[2026-04-09 11:09:36] Batch size:    32
[2026-04-09 11:09:36] Max epochs:    5000
[2026-04-09 11:09:36] Device:        mps
[2026-04-09 11:09:36] Seed control:  False
[2026-04-09 11:09:36] Base seed:     5
[2026-04-09 11:09:36] ======================================================================

[2026-04-09 11:09:36] Subject 48: 200 windows | class_counts=[50, 50, 50, 50]
[2026-04-09 11:09:36]   Fold 1 class counts: train=[32, 32, 32, 32] val=[8, 8, 8, 8] test=[10, 10, 10, 10]
[2026-04-09 11:09:36]   Fold 2 class counts: train=[32, 32, 32, 32] val=[8, 8, 8, 8] test=[10, 10, 10, 10]
[2026-04-09 11:09:36]   Fold 3 class counts: train=[32, 32, 32, 32] val=[8, 8, 8, 8] test=[10, 10, 10, 10]
[2026-04-09 11:09:36]   Fold 4 class counts: train=[32, 32, 32, 32] val=[8, 8, 8, 8] test=[10, 10, 10, 10]
[2026-04-09 11:09:36]   Fold 5 class counts: train=[32, 32, 32, 32] val=[8, 8, 8, 8] test=[10, 10, 10, 10]
[2026-04-09 11:09:36]     Train class counts: [32, 32, 32, 32]
[2026-04-09 11:09:36]     Val class counts:   [8, 8, 8, 8]
[2026-04-09 11:09:36]     Test class counts:  [10, 10, 10, 10]
[2026-04-09 11:09:36] Building model with input window duration: 4.1875 s
[2026-04-09 11:09:36] Pretrained weight loading:
[2026-04-09 11:09:36]   Downloaded keys:        179
[2026-04-09 11:09:36]   Filtered (transformer): 172
[2026-04-09 11:09:36]   Filtered (pos_encoder): 0
[2026-04-09 11:09:36]   Keys to load:           7
[2026-04-09 11:09:36]   Missing keys:           4
[2026-04-09 11:09:36]   Unexpected keys:        0
[2026-04-09 11:09:36]   Missing preview:        ['spatial_conv.1.weight', 'spatial_conv.1.bias', 'final_layer.1.weight', 'final_layer.1.bias']
[2026-04-09 11:09:36]   Unexpected preview:     []
[2026-04-09 11:09:36] Trainable modules: spatial_conv + final_layer (4,352 / 18,192 params, 23.9%)
[2026-04-09 11:09:36]   - final_layer.1.bias
[2026-04-09 11:09:36]   - final_layer.1.weight
[2026-04-09 11:09:36]   - spatial_conv.1.bias
[2026-04-09 11:09:36]   - spatial_conv.1.weight
[2026-04-09 11:10:19]   Fold 1/5 | best_epoch=679 | stop=729 | val_loss=0.0202 | acc=0.9750 | bal_acc=0.9750
[2026-04-09 11:10:19]     Train class counts: [32, 32, 32, 32]
[2026-04-09 11:10:19]     Val class counts:   [8, 8, 8, 8]
[2026-04-09 11:10:19]     Test class counts:  [10, 10, 10, 10]
[2026-04-09 11:10:19] Building model with input window duration: 4.1875 s
[2026-04-09 11:10:19] Pretrained weight loading:
[2026-04-09 11:10:19]   Downloaded keys:        179
[2026-04-09 11:10:19]   Filtered (transformer): 172
[2026-04-09 11:10:19]   Filtered (pos_encoder): 0
[2026-04-09 11:10:19]   Keys to load:           7
[2026-04-09 11:10:19]   Missing keys:           4
[2026-04-09 11:10:19]   Unexpected keys:        0
[2026-04-09 11:10:19]   Missing preview:        ['spatial_conv.1.weight', 'spatial_conv.1.bias', 'final_layer.1.weight', 'final_layer.1.bias']
[2026-04-09 11:10:19]   Unexpected preview:     []
[2026-04-09 11:13:29]   Fold 2/5 | best_epoch=3430 | stop=3480 | val_loss=0.0009 | acc=1.0000 | bal_acc=1.0000
[2026-04-09 11:13:29]     Train class counts: [32, 32, 32, 32]
[2026-04-09 11:13:29]     Val class counts:   [8, 8, 8, 8]
[2026-04-09 11:13:29]     Test class counts:  [10, 10, 10, 10]
[2026-04-09 11:13:29] Building model with input window duration: 4.1875 s
[2026-04-09 11:13:30] Pretrained weight loading:
[2026-04-09 11:13:30]   Downloaded keys:        179
[2026-04-09 11:13:30]   Filtered (transformer): 172
[2026-04-09 11:13:30]   Filtered (pos_encoder): 0
[2026-04-09 11:13:30]   Keys to load:           7
[2026-04-09 11:13:30]   Missing keys:           4
[2026-04-09 11:13:30]   Unexpected keys:        0
[2026-04-09 11:13:30]   Missing preview:        ['spatial_conv.1.weight', 'spatial_conv.1.bias', 'final_layer.1.weight', 'final_layer.1.bias']
[2026-04-09 11:13:30]   Unexpected preview:     []
[2026-04-09 11:15:02]   Fold 3/5 | best_epoch=1419 | stop=1469 | val_loss=0.0036 | acc=1.0000 | bal_acc=1.0000
[2026-04-09 11:15:02]     Train class counts: [32, 32, 32, 32]
[2026-04-09 11:15:02]     Val class counts:   [8, 8, 8, 8]
[2026-04-09 11:15:02]     Test class counts:  [10, 10, 10, 10]
[2026-04-09 11:15:02] Building model with input window duration: 4.1875 s
[2026-04-09 11:15:02] Pretrained weight loading:
[2026-04-09 11:15:02]   Downloaded keys:        179
[2026-04-09 11:15:02]   Filtered (transformer): 172
[2026-04-09 11:15:02]   Filtered (pos_encoder): 0
[2026-04-09 11:15:02]   Keys to load:           7
[2026-04-09 11:15:02]   Missing keys:           4
[2026-04-09 11:15:02]   Unexpected keys:        0
[2026-04-09 11:15:02]   Missing preview:        ['spatial_conv.1.weight', 'spatial_conv.1.bias', 'final_layer.1.weight', 'final_layer.1.bias']
[2026-04-09 11:15:02]   Unexpected preview:     []
[2026-04-09 11:15:24]   Fold 4/5 | best_epoch=309 | stop=359 | val_loss=0.0193 | acc=1.0000 | bal_acc=1.0000
[2026-04-09 11:15:24]     Train class counts: [32, 32, 32, 32]
[2026-04-09 11:15:24]     Val class counts:   [8, 8, 8, 8]
[2026-04-09 11:15:24]     Test class counts:  [10, 10, 10, 10]
[2026-04-09 11:15:24] Building model with input window duration: 4.1875 s
[2026-04-09 11:15:24] Pretrained weight loading:
[2026-04-09 11:15:24]   Downloaded keys:        179
[2026-04-09 11:15:24]   Filtered (transformer): 172
[2026-04-09 11:15:24]   Filtered (pos_encoder): 0
[2026-04-09 11:15:24]   Keys to load:           7
[2026-04-09 11:15:24]   Missing keys:           4
[2026-04-09 11:15:24]   Unexpected keys:        0
[2026-04-09 11:15:24]   Missing preview:        ['spatial_conv.1.weight', 'spatial_conv.1.bias', 'final_layer.1.weight', 'final_layer.1.bias']
[2026-04-09 11:15:24]   Unexpected preview:     []
[2026-04-09 11:18:23]   Fold 5/5 | best_epoch=3007 | stop=3057 | val_loss=0.0026 | acc=0.9750 | bal_acc=0.9750
[2026-04-09 11:18:23]   Subject 48 summary: acc=0.9900±0.0122  bal_acc=0.9900±0.0122

[2026-04-09 11:18:23] Subject 49: 200 windows | class_counts=[50, 50, 50, 50]
[2026-04-09 11:18:23]   Fold 1 class counts: train=[32, 32, 32, 32] val=[8, 8, 8, 8] test=[10, 10, 10, 10]
[2026-04-09 11:18:23]   Fold 2 class counts: train=[32, 32, 32, 32] val=[8, 8, 8, 8] test=[10, 10, 10, 10]
[2026-04-09 11:18:23]   Fold 3 class counts: train=[32, 32, 32, 32] val=[8, 8, 8, 8] test=[10, 10, 10, 10]
[2026-04-09 11:18:23]   Fold 4 class counts: train=[32, 32, 32, 32] val=[8, 8, 8, 8] test=[10, 10, 10, 10]
[2026-04-09 11:18:23]   Fold 5 class counts: train=[32, 32, 32, 32] val=[8, 8, 8, 8] test=[10, 10, 10, 10]
[2026-04-09 11:18:23]     Train class counts: [32, 32, 32, 32]
[2026-04-09 11:18:23]     Val class counts:   [8, 8, 8, 8]
[2026-04-09 11:18:23]     Test class counts:  [10, 10, 10, 10]
[2026-04-09 11:18:23] Building model with input window duration: 4.1875 s
[2026-04-09 11:18:23] Pretrained weight loading:
[2026-04-09 11:18:23]   Downloaded keys:        179
[2026-04-09 11:18:23]   Filtered (transformer): 172
[2026-04-09 11:18:23]   Filtered (pos_encoder): 0
[2026-04-09 11:18:23]   Keys to load:           7
[2026-04-09 11:18:23]   Missing keys:           4
[2026-04-09 11:18:23]   Unexpected keys:        0
[2026-04-09 11:18:23]   Missing preview:        ['spatial_conv.1.weight', 'spatial_conv.1.bias', 'final_layer.1.weight', 'final_layer.1.bias']
[2026-04-09 11:18:23]   Unexpected preview:     []
[2026-04-09 11:20:59]   Fold 1/5 | best_epoch=2700 | stop=2750 | val_loss=0.0009 | acc=0.9750 | bal_acc=0.9750
[2026-04-09 11:20:59]     Train class counts: [32, 32, 32, 32]
[2026-04-09 11:20:59]     Val class counts:   [8, 8, 8, 8]
[2026-04-09 11:20:59]     Test class counts:  [10, 10, 10, 10]
[2026-04-09 11:20:59] Building model with input window duration: 4.1875 s
[2026-04-09 11:20:59] Pretrained weight loading:
[2026-04-09 11:20:59]   Downloaded keys:        179
[2026-04-09 11:20:59]   Filtered (transformer): 172
[2026-04-09 11:20:59]   Filtered (pos_encoder): 0
[2026-04-09 11:20:59]   Keys to load:           7
[2026-04-09 11:20:59]   Missing keys:           4
[2026-04-09 11:20:59]   Unexpected keys:        0
[2026-04-09 11:20:59]   Missing preview:        ['spatial_conv.1.weight', 'spatial_conv.1.bias', 'final_layer.1.weight', 'final_layer.1.bias']
[2026-04-09 11:20:59]   Unexpected preview:     []
[2026-04-09 11:23:19]   Fold 2/5 | best_epoch=2269 | stop=2319 | val_loss=0.0136 | acc=0.9750 | bal_acc=0.9750
[2026-04-09 11:23:19]     Train class counts: [32, 32, 32, 32]
[2026-04-09 11:23:19]     Val class counts:   [8, 8, 8, 8]
[2026-04-09 11:23:19]     Test class counts:  [10, 10, 10, 10]
[2026-04-09 11:23:19] Building model with input window duration: 4.1875 s
[2026-04-09 11:23:19] Pretrained weight loading:
[2026-04-09 11:23:19]   Downloaded keys:        179
[2026-04-09 11:23:19]   Filtered (transformer): 172
[2026-04-09 11:23:19]   Filtered (pos_encoder): 0
[2026-04-09 11:23:19]   Keys to load:           7
[2026-04-09 11:23:19]   Missing keys:           4
[2026-04-09 11:23:19]   Unexpected keys:        0
[2026-04-09 11:23:19]   Missing preview:        ['spatial_conv.1.weight', 'spatial_conv.1.bias', 'final_layer.1.weight', 'final_layer.1.bias']
[2026-04-09 11:23:19]   Unexpected preview:     []
[2026-04-09 11:23:40]   Fold 3/5 | best_epoch=287 | stop=337 | val_loss=0.1515 | acc=1.0000 | bal_acc=1.0000
[2026-04-09 11:23:40]     Train class counts: [32, 32, 32, 32]
[2026-04-09 11:23:40]     Val class counts:   [8, 8, 8, 8]
[2026-04-09 11:23:40]     Test class counts:  [10, 10, 10, 10]
[2026-04-09 11:23:40] Building model with input window duration: 4.1875 s
[2026-04-09 11:23:40] Pretrained weight loading:
[2026-04-09 11:23:40]   Downloaded keys:        179
[2026-04-09 11:23:40]   Filtered (transformer): 172
[2026-04-09 11:23:40]   Filtered (pos_encoder): 0
[2026-04-09 11:23:40]   Keys to load:           7
[2026-04-09 11:23:40]   Missing keys:           4
[2026-04-09 11:23:40]   Unexpected keys:        0
[2026-04-09 11:23:40]   Missing preview:        ['spatial_conv.1.weight', 'spatial_conv.1.bias', 'final_layer.1.weight', 'final_layer.1.bias']
[2026-04-09 11:23:40]   Unexpected preview:     []
[2026-04-09 11:24:01]   Fold 4/5 | best_epoch=335 | stop=385 | val_loss=0.1443 | acc=1.0000 | bal_acc=1.0000
[2026-04-09 11:24:01]     Train class counts: [32, 32, 32, 32]
[2026-04-09 11:24:01]     Val class counts:   [8, 8, 8, 8]
[2026-04-09 11:24:01]     Test class counts:  [10, 10, 10, 10]
[2026-04-09 11:24:01] Building model with input window duration: 4.1875 s
[2026-04-09 11:24:01] Pretrained weight loading:
[2026-04-09 11:24:01]   Downloaded keys:        179
[2026-04-09 11:24:01]   Filtered (transformer): 172
[2026-04-09 11:24:01]   Filtered (pos_encoder): 0
[2026-04-09 11:24:01]   Keys to load:           7
[2026-04-09 11:24:01]   Missing keys:           4
[2026-04-09 11:24:01]   Unexpected keys:        0
[2026-04-09 11:24:01]   Missing preview:        ['spatial_conv.1.weight', 'spatial_conv.1.bias', 'final_layer.1.weight', 'final_layer.1.bias']
[2026-04-09 11:24:01]   Unexpected preview:     []
[2026-04-09 11:24:28]   Fold 5/5 | best_epoch=434 | stop=484 | val_loss=0.1442 | acc=0.9750 | bal_acc=0.9750
[2026-04-09 11:24:28]   Subject 49 summary: acc=0.9850±0.0122  bal_acc=0.9850±0.0122

[2026-04-09 11:24:28] Subject 50: 200 windows | class_counts=[50, 50, 50, 50]
[2026-04-09 11:24:28]   Fold 1 class counts: train=[32, 32, 32, 32] val=[8, 8, 8, 8] test=[10, 10, 10, 10]
[2026-04-09 11:24:28]   Fold 2 class counts: train=[32, 32, 32, 32] val=[8, 8, 8, 8] test=[10, 10, 10, 10]
[2026-04-09 11:24:28]   Fold 3 class counts: train=[32, 32, 32, 32] val=[8, 8, 8, 8] test=[10, 10, 10, 10]
[2026-04-09 11:24:28]   Fold 4 class counts: train=[32, 32, 32, 32] val=[8, 8, 8, 8] test=[10, 10, 10, 10]
[2026-04-09 11:24:28]   Fold 5 class counts: train=[32, 32, 32, 32] val=[8, 8, 8, 8] test=[10, 10, 10, 10]
[2026-04-09 11:24:28]     Train class counts: [32, 32, 32, 32]
[2026-04-09 11:24:28]     Val class counts:   [8, 8, 8, 8]
[2026-04-09 11:24:28]     Test class counts:  [10, 10, 10, 10]
[2026-04-09 11:24:28] Building model with input window duration: 4.1875 s
[2026-04-09 11:24:28] Pretrained weight loading:
[2026-04-09 11:24:28]   Downloaded keys:        179
[2026-04-09 11:24:28]   Filtered (transformer): 172
[2026-04-09 11:24:28]   Filtered (pos_encoder): 0
[2026-04-09 11:24:28]   Keys to load:           7
[2026-04-09 11:24:28]   Missing keys:           4
[2026-04-09 11:24:28]   Unexpected keys:        0
[2026-04-09 11:24:28]   Missing preview:        ['spatial_conv.1.weight', 'spatial_conv.1.bias', 'final_layer.1.weight', 'final_layer.1.bias']
[2026-04-09 11:24:28]   Unexpected preview:     []
[2026-04-09 11:26:42]   Fold 1/5 | best_epoch=2086 | stop=2136 | val_loss=0.0073 | acc=1.0000 | bal_acc=1.0000
[2026-04-09 11:26:42]     Train class counts: [32, 32, 32, 32]
[2026-04-09 11:26:42]     Val class counts:   [8, 8, 8, 8]
[2026-04-09 11:26:42]     Test class counts:  [10, 10, 10, 10]
[2026-04-09 11:26:42] Building model with input window duration: 4.1875 s
[2026-04-09 11:26:42] Pretrained weight loading:
[2026-04-09 11:26:42]   Downloaded keys:        179
[2026-04-09 11:26:42]   Filtered (transformer): 172
[2026-04-09 11:26:42]   Filtered (pos_encoder): 0
[2026-04-09 11:26:42]   Keys to load:           7
[2026-04-09 11:26:42]   Missing keys:           4
[2026-04-09 11:26:42]   Unexpected keys:        0
[2026-04-09 11:26:42]   Missing preview:        ['spatial_conv.1.weight', 'spatial_conv.1.bias', 'final_layer.1.weight', 'final_layer.1.bias']
[2026-04-09 11:26:42]   Unexpected preview:     []
[2026-04-09 11:28:51]   Fold 2/5 | best_epoch=2086 | stop=2136 | val_loss=0.0025 | acc=0.9750 | bal_acc=0.9750
[2026-04-09 11:28:51]     Train class counts: [32, 32, 32, 32]
[2026-04-09 11:28:51]     Val class counts:   [8, 8, 8, 8]
[2026-04-09 11:28:51]     Test class counts:  [10, 10, 10, 10]
[2026-04-09 11:28:51] Building model with input window duration: 4.1875 s
[2026-04-09 11:28:51] Pretrained weight loading:
[2026-04-09 11:28:51]   Downloaded keys:        179
[2026-04-09 11:28:51]   Filtered (transformer): 172
[2026-04-09 11:28:51]   Filtered (pos_encoder): 0
[2026-04-09 11:28:51]   Keys to load:           7
[2026-04-09 11:28:51]   Missing keys:           4
[2026-04-09 11:28:51]   Unexpected keys:        0
[2026-04-09 11:28:51]   Missing preview:        ['spatial_conv.1.weight', 'spatial_conv.1.bias', 'final_layer.1.weight', 'final_layer.1.bias']
[2026-04-09 11:28:51]   Unexpected preview:     []
[2026-04-09 11:29:17]   Fold 3/5 | best_epoch=411 | stop=461 | val_loss=0.0326 | acc=0.9750 | bal_acc=0.9750
[2026-04-09 11:29:17]     Train class counts: [32, 32, 32, 32]
[2026-04-09 11:29:17]     Val class counts:   [8, 8, 8, 8]
[2026-04-09 11:29:17]     Test class counts:  [10, 10, 10, 10]
[2026-04-09 11:29:17] Building model with input window duration: 4.1875 s
[2026-04-09 11:29:17] Pretrained weight loading:
[2026-04-09 11:29:17]   Downloaded keys:        179
[2026-04-09 11:29:17]   Filtered (transformer): 172
[2026-04-09 11:29:17]   Filtered (pos_encoder): 0
[2026-04-09 11:29:17]   Keys to load:           7
[2026-04-09 11:29:17]   Missing keys:           4
[2026-04-09 11:29:17]   Unexpected keys:        0
[2026-04-09 11:29:17]   Missing preview:        ['spatial_conv.1.weight', 'spatial_conv.1.bias', 'final_layer.1.weight', 'final_layer.1.bias']
[2026-04-09 11:29:17]   Unexpected preview:     []
[2026-04-09 11:30:02]   Fold 4/5 | best_epoch=755 | stop=805 | val_loss=0.0237 | acc=1.0000 | bal_acc=1.0000
[2026-04-09 11:30:02]     Train class counts: [32, 32, 32, 32]
[2026-04-09 11:30:02]     Val class counts:   [8, 8, 8, 8]
[2026-04-09 11:30:02]     Test class counts:  [10, 10, 10, 10]
[2026-04-09 11:30:02] Building model with input window duration: 4.1875 s
[2026-04-09 11:30:02] Pretrained weight loading:
[2026-04-09 11:30:02]   Downloaded keys:        179
[2026-04-09 11:30:02]   Filtered (transformer): 172
[2026-04-09 11:30:02]   Filtered (pos_encoder): 0
[2026-04-09 11:30:02]   Keys to load:           7
[2026-04-09 11:30:02]   Missing keys:           4
[2026-04-09 11:30:02]   Unexpected keys:        0
[2026-04-09 11:30:02]   Missing preview:        ['spatial_conv.1.weight', 'spatial_conv.1.bias', 'final_layer.1.weight', 'final_layer.1.bias']
[2026-04-09 11:30:02]   Unexpected preview:     []
[2026-04-09 11:30:52]   Fold 5/5 | best_epoch=816 | stop=866 | val_loss=0.0378 | acc=1.0000 | bal_acc=1.0000
[2026-04-09 11:30:52]   Subject 50 summary: acc=0.9900±0.0122  bal_acc=0.9900±0.0122

[2026-04-09 11:30:52] Subject 51: 200 windows | class_counts=[50, 50, 50, 50]
[2026-04-09 11:30:52]   Fold 1 class counts: train=[32, 32, 32, 32] val=[8, 8, 8, 8] test=[10, 10, 10, 10]
[2026-04-09 11:30:52]   Fold 2 class counts: train=[32, 32, 32, 32] val=[8, 8, 8, 8] test=[10, 10, 10, 10]
[2026-04-09 11:30:52]   Fold 3 class counts: train=[32, 32, 32, 32] val=[8, 8, 8, 8] test=[10, 10, 10, 10]
[2026-04-09 11:30:52]   Fold 4 class counts: train=[32, 32, 32, 32] val=[8, 8, 8, 8] test=[10, 10, 10, 10]
[2026-04-09 11:30:52]   Fold 5 class counts: train=[32, 32, 32, 32] val=[8, 8, 8, 8] test=[10, 10, 10, 10]
[2026-04-09 11:30:53]     Train class counts: [32, 32, 32, 32]
[2026-04-09 11:30:53]     Val class counts:   [8, 8, 8, 8]
[2026-04-09 11:30:53]     Test class counts:  [10, 10, 10, 10]
[2026-04-09 11:30:53] Building model with input window duration: 4.1875 s
[2026-04-09 11:30:53] Pretrained weight loading:
[2026-04-09 11:30:53]   Downloaded keys:        179
[2026-04-09 11:30:53]   Filtered (transformer): 172
[2026-04-09 11:30:53]   Filtered (pos_encoder): 0
[2026-04-09 11:30:53]   Keys to load:           7
[2026-04-09 11:30:53]   Missing keys:           4
[2026-04-09 11:30:53]   Unexpected keys:        0
[2026-04-09 11:30:53]   Missing preview:        ['spatial_conv.1.weight', 'spatial_conv.1.bias', 'final_layer.1.weight', 'final_layer.1.bias']
[2026-04-09 11:30:53]   Unexpected preview:     []
[2026-04-09 11:31:00]   Fold 1/5 | best_epoch=70 | stop=120 | val_loss=1.0015 | acc=0.6750 | bal_acc=0.6750
[2026-04-09 11:31:00]     Train class counts: [32, 32, 32, 32]
[2026-04-09 11:31:00]     Val class counts:   [8, 8, 8, 8]
[2026-04-09 11:31:00]     Test class counts:  [10, 10, 10, 10]
[2026-04-09 11:31:00] Building model with input window duration: 4.1875 s
[2026-04-09 11:31:00] Pretrained weight loading:
[2026-04-09 11:31:00]   Downloaded keys:        179
[2026-04-09 11:31:00]   Filtered (transformer): 172
[2026-04-09 11:31:00]   Filtered (pos_encoder): 0
[2026-04-09 11:31:00]   Keys to load:           7
[2026-04-09 11:31:00]   Missing keys:           4
[2026-04-09 11:31:00]   Unexpected keys:        0
[2026-04-09 11:31:00]   Missing preview:        ['spatial_conv.1.weight', 'spatial_conv.1.bias', 'final_layer.1.weight', 'final_layer.1.bias']
[2026-04-09 11:31:00]   Unexpected preview:     []
[2026-04-09 11:31:06]   Fold 2/5 | best_epoch=66 | stop=116 | val_loss=1.0166 | acc=0.5250 | bal_acc=0.5250
[2026-04-09 11:31:06]     Train class counts: [32, 32, 32, 32]
[2026-04-09 11:31:06]     Val class counts:   [8, 8, 8, 8]
[2026-04-09 11:31:06]     Test class counts:  [10, 10, 10, 10]
[2026-04-09 11:31:06] Building model with input window duration: 4.1875 s
[2026-04-09 11:31:06] Pretrained weight loading:
[2026-04-09 11:31:06]   Downloaded keys:        179
[2026-04-09 11:31:06]   Filtered (transformer): 172
[2026-04-09 11:31:06]   Filtered (pos_encoder): 0
[2026-04-09 11:31:06]   Keys to load:           7
[2026-04-09 11:31:06]   Missing keys:           4
[2026-04-09 11:31:06]   Unexpected keys:        0
[2026-04-09 11:31:06]   Missing preview:        ['spatial_conv.1.weight', 'spatial_conv.1.bias', 'final_layer.1.weight', 'final_layer.1.bias']
[2026-04-09 11:31:06]   Unexpected preview:     []
[2026-04-09 11:31:18]   Fold 3/5 | best_epoch=142 | stop=192 | val_loss=0.9115 | acc=0.6250 | bal_acc=0.6250
[2026-04-09 11:31:18]     Train class counts: [32, 32, 32, 32]
[2026-04-09 11:31:18]     Val class counts:   [8, 8, 8, 8]
[2026-04-09 11:31:18]     Test class counts:  [10, 10, 10, 10]
[2026-04-09 11:31:18] Building model with input window duration: 4.1875 s
[2026-04-09 11:31:18] Pretrained weight loading:
[2026-04-09 11:31:18]   Downloaded keys:        179
[2026-04-09 11:31:18]   Filtered (transformer): 172
[2026-04-09 11:31:18]   Filtered (pos_encoder): 0
[2026-04-09 11:31:18]   Keys to load:           7
[2026-04-09 11:31:18]   Missing keys:           4
[2026-04-09 11:31:18]   Unexpected keys:        0
[2026-04-09 11:31:18]   Missing preview:        ['spatial_conv.1.weight', 'spatial_conv.1.bias', 'final_layer.1.weight', 'final_layer.1.bias']
[2026-04-09 11:31:18]   Unexpected preview:     []
[2026-04-09 11:31:30]   Fold 4/5 | best_epoch=157 | stop=207 | val_loss=0.8497 | acc=0.7000 | bal_acc=0.7000
[2026-04-09 11:31:30]     Train class counts: [32, 32, 32, 32]
[2026-04-09 11:31:30]     Val class counts:   [8, 8, 8, 8]
[2026-04-09 11:31:30]     Test class counts:  [10, 10, 10, 10]
[2026-04-09 11:31:30] Building model with input window duration: 4.1875 s
[2026-04-09 11:31:30] Pretrained weight loading:
[2026-04-09 11:31:30]   Downloaded keys:        179
[2026-04-09 11:31:30]   Filtered (transformer): 172
[2026-04-09 11:31:30]   Filtered (pos_encoder): 0
[2026-04-09 11:31:30]   Keys to load:           7
[2026-04-09 11:31:30]   Missing keys:           4
[2026-04-09 11:31:30]   Unexpected keys:        0
[2026-04-09 11:31:30]   Missing preview:        ['spatial_conv.1.weight', 'spatial_conv.1.bias', 'final_layer.1.weight', 'final_layer.1.bias']
[2026-04-09 11:31:30]   Unexpected preview:     []
[2026-04-09 11:31:39]   Fold 5/5 | best_epoch=111 | stop=161 | val_loss=0.8971 | acc=0.7500 | bal_acc=0.7500
[2026-04-09 11:31:39]   Subject 51 summary: acc=0.6550±0.0765  bal_acc=0.6550±0.0765

[2026-04-09 11:31:39] Subject 52: 200 windows | class_counts=[50, 50, 50, 50]
[2026-04-09 11:31:39]   Fold 1 class counts: train=[32, 32, 32, 32] val=[8, 8, 8, 8] test=[10, 10, 10, 10]
[2026-04-09 11:31:39]   Fold 2 class counts: train=[32, 32, 32, 32] val=[8, 8, 8, 8] test=[10, 10, 10, 10]
[2026-04-09 11:31:39]   Fold 3 class counts: train=[32, 32, 32, 32] val=[8, 8, 8, 8] test=[10, 10, 10, 10]
[2026-04-09 11:31:39]   Fold 4 class counts: train=[32, 32, 32, 32] val=[8, 8, 8, 8] test=[10, 10, 10, 10]
[2026-04-09 11:31:39]   Fold 5 class counts: train=[32, 32, 32, 32] val=[8, 8, 8, 8] test=[10, 10, 10, 10]
[2026-04-09 11:31:39]     Train class counts: [32, 32, 32, 32]
[2026-04-09 11:31:39]     Val class counts:   [8, 8, 8, 8]
[2026-04-09 11:31:39]     Test class counts:  [10, 10, 10, 10]
[2026-04-09 11:31:39] Building model with input window duration: 4.1875 s
[2026-04-09 11:31:39] Pretrained weight loading:
[2026-04-09 11:31:39]   Downloaded keys:        179
[2026-04-09 11:31:39]   Filtered (transformer): 172
[2026-04-09 11:31:39]   Filtered (pos_encoder): 0
[2026-04-09 11:31:39]   Keys to load:           7
[2026-04-09 11:31:39]   Missing keys:           4
[2026-04-09 11:31:39]   Unexpected keys:        0
[2026-04-09 11:31:39]   Missing preview:        ['spatial_conv.1.weight', 'spatial_conv.1.bias', 'final_layer.1.weight', 'final_layer.1.bias']
[2026-04-09 11:31:39]   Unexpected preview:     []
[2026-04-09 11:34:49]   Fold 1/5 | best_epoch=3300 | stop=3350 | val_loss=0.0024 | acc=0.9750 | bal_acc=0.9750
[2026-04-09 11:34:49]     Train class counts: [32, 32, 32, 32]
[2026-04-09 11:34:49]     Val class counts:   [8, 8, 8, 8]
[2026-04-09 11:34:49]     Test class counts:  [10, 10, 10, 10]
[2026-04-09 11:34:49] Building model with input window duration: 4.1875 s
[2026-04-09 11:34:49] Pretrained weight loading:
[2026-04-09 11:34:49]   Downloaded keys:        179
[2026-04-09 11:34:49]   Filtered (transformer): 172
[2026-04-09 11:34:49]   Filtered (pos_encoder): 0
[2026-04-09 11:34:49]   Keys to load:           7
[2026-04-09 11:34:49]   Missing keys:           4
[2026-04-09 11:34:49]   Unexpected keys:        0
[2026-04-09 11:34:49]   Missing preview:        ['spatial_conv.1.weight', 'spatial_conv.1.bias', 'final_layer.1.weight', 'final_layer.1.bias']
[2026-04-09 11:34:49]   Unexpected preview:     []
[2026-04-09 11:36:16]   Fold 2/5 | best_epoch=1435 | stop=1485 | val_loss=0.0027 | acc=0.9750 | bal_acc=0.9750
[2026-04-09 11:36:16]     Train class counts: [32, 32, 32, 32]
[2026-04-09 11:36:16]     Val class counts:   [8, 8, 8, 8]
[2026-04-09 11:36:16]     Test class counts:  [10, 10, 10, 10]
[2026-04-09 11:36:16] Building model with input window duration: 4.1875 s
[2026-04-09 11:36:16] Pretrained weight loading:
[2026-04-09 11:36:16]   Downloaded keys:        179
[2026-04-09 11:36:16]   Filtered (transformer): 172
[2026-04-09 11:36:16]   Filtered (pos_encoder): 0
[2026-04-09 11:36:16]   Keys to load:           7
[2026-04-09 11:36:16]   Missing keys:           4
[2026-04-09 11:36:16]   Unexpected keys:        0
[2026-04-09 11:36:16]   Missing preview:        ['spatial_conv.1.weight', 'spatial_conv.1.bias', 'final_layer.1.weight', 'final_layer.1.bias']
[2026-04-09 11:36:16]   Unexpected preview:     []
[2026-04-09 11:36:34]   Fold 3/5 | best_epoch=264 | stop=314 | val_loss=0.0651 | acc=1.0000 | bal_acc=1.0000
[2026-04-09 11:36:34]     Train class counts: [32, 32, 32, 32]
[2026-04-09 11:36:34]     Val class counts:   [8, 8, 8, 8]
[2026-04-09 11:36:34]     Test class counts:  [10, 10, 10, 10]
[2026-04-09 11:36:34] Building model with input window duration: 4.1875 s
[2026-04-09 11:36:34] Pretrained weight loading:
[2026-04-09 11:36:34]   Downloaded keys:        179
[2026-04-09 11:36:34]   Filtered (transformer): 172
[2026-04-09 11:36:34]   Filtered (pos_encoder): 0
[2026-04-09 11:36:34]   Keys to load:           7
[2026-04-09 11:36:34]   Missing keys:           4
[2026-04-09 11:36:34]   Unexpected keys:        0
[2026-04-09 11:36:34]   Missing preview:        ['spatial_conv.1.weight', 'spatial_conv.1.bias', 'final_layer.1.weight', 'final_layer.1.bias']
[2026-04-09 11:36:34]   Unexpected preview:     []
[2026-04-09 11:37:50]   Fold 4/5 | best_epoch=1284 | stop=1334 | val_loss=0.0200 | acc=0.9750 | bal_acc=0.9750
[2026-04-09 11:37:50]     Train class counts: [32, 32, 32, 32]
[2026-04-09 11:37:50]     Val class counts:   [8, 8, 8, 8]
[2026-04-09 11:37:50]     Test class counts:  [10, 10, 10, 10]
[2026-04-09 11:37:50] Building model with input window duration: 4.1875 s
[2026-04-09 11:37:50] Pretrained weight loading:
[2026-04-09 11:37:50]   Downloaded keys:        179
[2026-04-09 11:37:50]   Filtered (transformer): 172
[2026-04-09 11:37:50]   Filtered (pos_encoder): 0
[2026-04-09 11:37:50]   Keys to load:           7
[2026-04-09 11:37:50]   Missing keys:           4
[2026-04-09 11:37:50]   Unexpected keys:        0
[2026-04-09 11:37:50]   Missing preview:        ['spatial_conv.1.weight', 'spatial_conv.1.bias', 'final_layer.1.weight', 'final_layer.1.bias']
[2026-04-09 11:37:50]   Unexpected preview:     []
[2026-04-09 11:38:42]   Fold 5/5 | best_epoch=856 | stop=906 | val_loss=0.0665 | acc=1.0000 | bal_acc=1.0000
[2026-04-09 11:38:42]   Subject 52 summary: acc=0.9850±0.0122  bal_acc=0.9850±0.0122

[2026-04-09 11:38:42] Subject 53: 200 windows | class_counts=[50, 50, 50, 50]
[2026-04-09 11:38:42]   Fold 1 class counts: train=[32, 32, 32, 32] val=[8, 8, 8, 8] test=[10, 10, 10, 10]
[2026-04-09 11:38:42]   Fold 2 class counts: train=[32, 32, 32, 32] val=[8, 8, 8, 8] test=[10, 10, 10, 10]
[2026-04-09 11:38:42]   Fold 3 class counts: train=[32, 32, 32, 32] val=[8, 8, 8, 8] test=[10, 10, 10, 10]
[2026-04-09 11:38:42]   Fold 4 class counts: train=[32, 32, 32, 32] val=[8, 8, 8, 8] test=[10, 10, 10, 10]
[2026-04-09 11:38:42]   Fold 5 class counts: train=[32, 32, 32, 32] val=[8, 8, 8, 8] test=[10, 10, 10, 10]
[2026-04-09 11:38:42]     Train class counts: [32, 32, 32, 32]
[2026-04-09 11:38:42]     Val class counts:   [8, 8, 8, 8]
[2026-04-09 11:38:42]     Test class counts:  [10, 10, 10, 10]
[2026-04-09 11:38:42] Building model with input window duration: 4.1875 s
[2026-04-09 11:38:42] Pretrained weight loading:
[2026-04-09 11:38:42]   Downloaded keys:        179
[2026-04-09 11:38:42]   Filtered (transformer): 172
[2026-04-09 11:38:42]   Filtered (pos_encoder): 0
[2026-04-09 11:38:42]   Keys to load:           7
[2026-04-09 11:38:42]   Missing keys:           4
[2026-04-09 11:38:42]   Unexpected keys:        0
[2026-04-09 11:38:42]   Missing preview:        ['spatial_conv.1.weight', 'spatial_conv.1.bias', 'final_layer.1.weight', 'final_layer.1.bias']
[2026-04-09 11:38:42]   Unexpected preview:     []
[2026-04-09 11:41:03]   Fold 1/5 | best_epoch=2422 | stop=2472 | val_loss=0.0006 | acc=1.0000 | bal_acc=1.0000
[2026-04-09 11:41:03]     Train class counts: [32, 32, 32, 32]
[2026-04-09 11:41:03]     Val class counts:   [8, 8, 8, 8]
[2026-04-09 11:41:03]     Test class counts:  [10, 10, 10, 10]
[2026-04-09 11:41:03] Building model with input window duration: 4.1875 s
[2026-04-09 11:41:03] Pretrained weight loading:
[2026-04-09 11:41:03]   Downloaded keys:        179
[2026-04-09 11:41:03]   Filtered (transformer): 172
[2026-04-09 11:41:03]   Filtered (pos_encoder): 0
[2026-04-09 11:41:03]   Keys to load:           7
[2026-04-09 11:41:03]   Missing keys:           4
[2026-04-09 11:41:03]   Unexpected keys:        0
[2026-04-09 11:41:03]   Missing preview:        ['spatial_conv.1.weight', 'spatial_conv.1.bias', 'final_layer.1.weight', 'final_layer.1.bias']
[2026-04-09 11:41:03]   Unexpected preview:     []
[2026-04-09 11:44:09]   Fold 2/5 | best_epoch=3379 | stop=3429 | val_loss=0.0012 | acc=1.0000 | bal_acc=1.0000
[2026-04-09 11:44:09]     Train class counts: [32, 32, 32, 32]
[2026-04-09 11:44:09]     Val class counts:   [8, 8, 8, 8]
[2026-04-09 11:44:09]     Test class counts:  [10, 10, 10, 10]
[2026-04-09 11:44:09] Building model with input window duration: 4.1875 s
[2026-04-09 11:44:09] Pretrained weight loading:
[2026-04-09 11:44:09]   Downloaded keys:        179
[2026-04-09 11:44:09]   Filtered (transformer): 172
[2026-04-09 11:44:09]   Filtered (pos_encoder): 0
[2026-04-09 11:44:09]   Keys to load:           7
[2026-04-09 11:44:09]   Missing keys:           4
[2026-04-09 11:44:09]   Unexpected keys:        0
[2026-04-09 11:44:09]   Missing preview:        ['spatial_conv.1.weight', 'spatial_conv.1.bias', 'final_layer.1.weight', 'final_layer.1.bias']
[2026-04-09 11:44:09]   Unexpected preview:     []
[2026-04-09 11:48:22]   Fold 3/5 | best_epoch=4539 | stop=4589 | val_loss=0.0001 | acc=1.0000 | bal_acc=1.0000
[2026-04-09 11:48:22]     Train class counts: [32, 32, 32, 32]
[2026-04-09 11:48:22]     Val class counts:   [8, 8, 8, 8]
[2026-04-09 11:48:22]     Test class counts:  [10, 10, 10, 10]
[2026-04-09 11:48:22] Building model with input window duration: 4.1875 s
[2026-04-09 11:48:22] Pretrained weight loading:
[2026-04-09 11:48:22]   Downloaded keys:        179
[2026-04-09 11:48:22]   Filtered (transformer): 172
[2026-04-09 11:48:22]   Filtered (pos_encoder): 0
[2026-04-09 11:48:22]   Keys to load:           7
[2026-04-09 11:48:22]   Missing keys:           4
[2026-04-09 11:48:22]   Unexpected keys:        0
[2026-04-09 11:48:22]   Missing preview:        ['spatial_conv.1.weight', 'spatial_conv.1.bias', 'final_layer.1.weight', 'final_layer.1.bias']
[2026-04-09 11:48:22]   Unexpected preview:     []
[2026-04-09 11:50:56]   Fold 4/5 | best_epoch=2723 | stop=2773 | val_loss=0.0011 | acc=1.0000 | bal_acc=1.0000
[2026-04-09 11:50:56]     Train class counts: [32, 32, 32, 32]
[2026-04-09 11:50:56]     Val class counts:   [8, 8, 8, 8]
[2026-04-09 11:50:56]     Test class counts:  [10, 10, 10, 10]
[2026-04-09 11:50:56] Building model with input window duration: 4.1875 s
[2026-04-09 11:50:56] Pretrained weight loading:
[2026-04-09 11:50:56]   Downloaded keys:        179
[2026-04-09 11:50:56]   Filtered (transformer): 172
[2026-04-09 11:50:56]   Filtered (pos_encoder): 0
[2026-04-09 11:50:56]   Keys to load:           7
[2026-04-09 11:50:56]   Missing keys:           4
[2026-04-09 11:50:56]   Unexpected keys:        0
[2026-04-09 11:50:56]   Missing preview:        ['spatial_conv.1.weight', 'spatial_conv.1.bias', 'final_layer.1.weight', 'final_layer.1.bias']
[2026-04-09 11:50:56]   Unexpected preview:     []
[2026-04-09 11:52:19]   Fold 5/5 | best_epoch=1464 | stop=1514 | val_loss=0.0039 | acc=1.0000 | bal_acc=1.0000
[2026-04-09 11:52:19]   Subject 53 summary: acc=1.0000±0.0000  bal_acc=1.0000±0.0000

[2026-04-09 11:52:19] Subject 54: 200 windows | class_counts=[50, 50, 50, 50]
[2026-04-09 11:52:19]   Fold 1 class counts: train=[32, 32, 32, 32] val=[8, 8, 8, 8] test=[10, 10, 10, 10]
[2026-04-09 11:52:19]   Fold 2 class counts: train=[32, 32, 32, 32] val=[8, 8, 8, 8] test=[10, 10, 10, 10]
[2026-04-09 11:52:19]   Fold 3 class counts: train=[32, 32, 32, 32] val=[8, 8, 8, 8] test=[10, 10, 10, 10]
[2026-04-09 11:52:19]   Fold 4 class counts: train=[32, 32, 32, 32] val=[8, 8, 8, 8] test=[10, 10, 10, 10]
[2026-04-09 11:52:19]   Fold 5 class counts: train=[32, 32, 32, 32] val=[8, 8, 8, 8] test=[10, 10, 10, 10]
[2026-04-09 11:52:19]     Train class counts: [32, 32, 32, 32]
[2026-04-09 11:52:19]     Val class counts:   [8, 8, 8, 8]
[2026-04-09 11:52:19]     Test class counts:  [10, 10, 10, 10]
[2026-04-09 11:52:19] Building model with input window duration: 4.1875 s
[2026-04-09 11:52:19] Pretrained weight loading:
[2026-04-09 11:52:19]   Downloaded keys:        179
[2026-04-09 11:52:19]   Filtered (transformer): 172
[2026-04-09 11:52:19]   Filtered (pos_encoder): 0
[2026-04-09 11:52:19]   Keys to load:           7
[2026-04-09 11:52:19]   Missing keys:           4
[2026-04-09 11:52:19]   Unexpected keys:        0
[2026-04-09 11:52:19]   Missing preview:        ['spatial_conv.1.weight', 'spatial_conv.1.bias', 'final_layer.1.weight', 'final_layer.1.bias']
[2026-04-09 11:52:19]   Unexpected preview:     []
[2026-04-09 11:53:10]   Fold 1/5 | best_epoch=884 | stop=934 | val_loss=0.2826 | acc=0.9250 | bal_acc=0.9250
[2026-04-09 11:53:10]     Train class counts: [32, 32, 32, 32]
[2026-04-09 11:53:10]     Val class counts:   [8, 8, 8, 8]
[2026-04-09 11:53:10]     Test class counts:  [10, 10, 10, 10]
[2026-04-09 11:53:10] Building model with input window duration: 4.1875 s
[2026-04-09 11:53:10] Pretrained weight loading:
[2026-04-09 11:53:10]   Downloaded keys:        179
[2026-04-09 11:53:10]   Filtered (transformer): 172
[2026-04-09 11:53:10]   Filtered (pos_encoder): 0
[2026-04-09 11:53:10]   Keys to load:           7
[2026-04-09 11:53:10]   Missing keys:           4
[2026-04-09 11:53:10]   Unexpected keys:        0
[2026-04-09 11:53:10]   Missing preview:        ['spatial_conv.1.weight', 'spatial_conv.1.bias', 'final_layer.1.weight', 'final_layer.1.bias']
[2026-04-09 11:53:10]   Unexpected preview:     []
[2026-04-09 11:53:18]   Fold 2/5 | best_epoch=84 | stop=134 | val_loss=0.4485 | acc=0.9500 | bal_acc=0.9500
[2026-04-09 11:53:18]     Train class counts: [32, 32, 32, 32]
[2026-04-09 11:53:18]     Val class counts:   [8, 8, 8, 8]
[2026-04-09 11:53:18]     Test class counts:  [10, 10, 10, 10]
[2026-04-09 11:53:18] Building model with input window duration: 4.1875 s
[2026-04-09 11:53:18] Pretrained weight loading:
[2026-04-09 11:53:18]   Downloaded keys:        179
[2026-04-09 11:53:18]   Filtered (transformer): 172
[2026-04-09 11:53:18]   Filtered (pos_encoder): 0
[2026-04-09 11:53:18]   Keys to load:           7
[2026-04-09 11:53:18]   Missing keys:           4
[2026-04-09 11:53:18]   Unexpected keys:        0
[2026-04-09 11:53:18]   Missing preview:        ['spatial_conv.1.weight', 'spatial_conv.1.bias', 'final_layer.1.weight', 'final_layer.1.bias']
[2026-04-09 11:53:18]   Unexpected preview:     []
[2026-04-09 11:53:35]   Fold 3/5 | best_epoch=276 | stop=326 | val_loss=0.4642 | acc=0.8250 | bal_acc=0.8250
[2026-04-09 11:53:35]     Train class counts: [32, 32, 32, 32]
[2026-04-09 11:53:35]     Val class counts:   [8, 8, 8, 8]
[2026-04-09 11:53:35]     Test class counts:  [10, 10, 10, 10]
[2026-04-09 11:53:35] Building model with input window duration: 4.1875 s
[2026-04-09 11:53:35] Pretrained weight loading:
[2026-04-09 11:53:35]   Downloaded keys:        179
[2026-04-09 11:53:35]   Filtered (transformer): 172
[2026-04-09 11:53:35]   Filtered (pos_encoder): 0
[2026-04-09 11:53:35]   Keys to load:           7
[2026-04-09 11:53:35]   Missing keys:           4
[2026-04-09 11:53:35]   Unexpected keys:        0
[2026-04-09 11:53:35]   Missing preview:        ['spatial_conv.1.weight', 'spatial_conv.1.bias', 'final_layer.1.weight', 'final_layer.1.bias']
[2026-04-09 11:53:35]   Unexpected preview:     []
[2026-04-09 11:53:51]   Fold 4/5 | best_epoch=241 | stop=291 | val_loss=0.7708 | acc=0.6750 | bal_acc=0.6750
[2026-04-09 11:53:51]     Train class counts: [32, 32, 32, 32]
[2026-04-09 11:53:51]     Val class counts:   [8, 8, 8, 8]
[2026-04-09 11:53:51]     Test class counts:  [10, 10, 10, 10]
[2026-04-09 11:53:51] Building model with input window duration: 4.1875 s
[2026-04-09 11:53:51] Pretrained weight loading:
[2026-04-09 11:53:51]   Downloaded keys:        179
[2026-04-09 11:53:51]   Filtered (transformer): 172
[2026-04-09 11:53:51]   Filtered (pos_encoder): 0
[2026-04-09 11:53:51]   Keys to load:           7
[2026-04-09 11:53:51]   Missing keys:           4
[2026-04-09 11:53:51]   Unexpected keys:        0
[2026-04-09 11:53:51]   Missing preview:        ['spatial_conv.1.weight', 'spatial_conv.1.bias', 'final_layer.1.weight', 'final_layer.1.bias']
[2026-04-09 11:53:51]   Unexpected preview:     []
[2026-04-09 11:54:25]   Fold 5/5 | best_epoch=577 | stop=627 | val_loss=0.3388 | acc=0.8750 | bal_acc=0.8750
[2026-04-09 11:54:25]   Subject 54 summary: acc=0.8500±0.0975  bal_acc=0.8500±0.0975

[2026-04-09 11:54:25] Total folds completed: 35
[2026-04-09 11:54:25] ======================================================================
[2026-04-09 11:54:25] AGGREGATED RESULTS
[2026-04-09 11:54:25] ======================================================================
[2026-04-09 11:54:25]   Subject 48:  acc=0.9900±0.0122  bal_acc=0.9900±0.0122
[2026-04-09 11:54:25]   Subject 49:  acc=0.9850±0.0122  bal_acc=0.9850±0.0122
[2026-04-09 11:54:25]   Subject 50:  acc=0.9900±0.0122  bal_acc=0.9900±0.0122
[2026-04-09 11:54:25]   Subject 51:  acc=0.6550±0.0765  bal_acc=0.6550±0.0765
[2026-04-09 11:54:25]   Subject 52:  acc=0.9850±0.0122  bal_acc=0.9850±0.0122
[2026-04-09 11:54:25]   Subject 53:  acc=1.0000±0.0000  bal_acc=1.0000±0.0000
[2026-04-09 11:54:25]   Subject 54:  acc=0.8500±0.0975  bal_acc=0.8500±0.0975
[2026-04-09 11:54:25] ----------------------------------------------------------------------
[2026-04-09 11:54:25]   OVERALL:      acc=0.9221±0.1286  bal_acc=0.9221±0.1286
[2026-04-09 11:54:25] ======================================================================
[2026-04-09 11:54:25] CV results saved to:      /Users/vadim/Documents/School/Spring 2026/CSCE A698 Individual Research/EEG_JEPA/artifacts/lee-2019-fine-tuning/SSVEP/20260409_1106_e01ac839/cv_results.json
[2026-04-09 11:54:25] Subject metrics saved to: /Users/vadim/Documents/School/Spring 2026/CSCE A698 Individual Research/EEG_JEPA/artifacts/lee-2019-fine-tuning/SSVEP/20260409_1106_e01ac839/subject_metrics.json
[2026-04-09 11:54:25] Global metrics saved to:  /Users/vadim/Documents/School/Spring 2026/CSCE A698 Individual Research/EEG_JEPA/artifacts/lee-2019-fine-tuning/SSVEP/20260409_1106_e01ac839/global_metrics.json
[2026-04-09 11:54:25] Run metadata saved to:    /Users/vadim/Documents/School/Spring 2026/CSCE A698 Individual Research/EEG_JEPA/artifacts/lee-2019-fine-tuning/SSVEP/20260409_1106_e01ac839/run_metadata.json

[2026-04-09 11:54:25] All artifacts in: /Users/vadim/Documents/School/Spring 2026/CSCE A698 Individual Research/EEG_JEPA/artifacts/lee-2019-fine-tuning/SSVEP/20260409_1106_e01ac839

[2026-04-09 11:54:25] ======================================================================
[2026-04-09 11:54:25] EXPERIMENT SUMMARY
[2026-04-09 11:54:25] ======================================================================
[2026-04-09 11:54:25] Run ID:    20260409_1106_e01ac839
[2026-04-09 11:54:25] Artifacts: /Users/vadim/Documents/School/Spring 2026/CSCE A698 Individual Research/EEG_JEPA/artifacts/lee-2019-fine-tuning/SSVEP/20260409_1106_e01ac839

[2026-04-09 11:54:25] Configuration:
[2026-04-09 11:54:25]   Subjects:          [48, 49, 50, 51, 52, 53, 54]
[2026-04-09 11:54:25]   Bandpass:          0.5-40.0 Hz
[2026-04-09 11:54:25]   Resample:          128 Hz
[2026-04-09 11:54:25]   CV folds:          5
[2026-04-09 11:54:25]   Learning rate:     None
[2026-04-09 11:54:25]   Batch size:        32
[2026-04-09 11:54:25]   Max epochs:        5000

[2026-04-09 11:54:25] Results:
[2026-04-09 11:54:25]   Mean Accuracy:          0.9221 ± 0.1286
[2026-04-09 11:54:25]   Mean Balanced Accuracy: 0.9221 ± 0.1286
