[2026-04-08 16:06:13] Using device: cpu
[2026-04-08 16:06:13] Seed control enabled: True
[2026-04-08 16:06:13] Base seed: 5
[2026-04-08 16:06:13] Seed initialized: 5
[2026-04-08 16:06:13] ======================================================================
[2026-04-08 16:06:13] CONFIGURATION
[2026-04-08 16:06:13] ======================================================================
[2026-04-08 16:06:13]   artifact_dir: /home/vegorov/Repos/eeg_jepa_research/artifacts/lee-2019-fine-tuning
[2026-04-08 16:06:13]   bandpass_high: 40.0
[2026-04-08 16:06:13]   bandpass_low: 0.5
[2026-04-08 16:06:13]   batch_size: 32
[2026-04-08 16:06:13]   convert_to_uV: True
[2026-04-08 16:06:13]   criterion: None
[2026-04-08 16:06:13]   cv_folds: 5
[2026-04-08 16:06:13]   device: auto
[2026-04-08 16:06:13]   early_stopping_patience: 50
[2026-04-08 16:06:13]   learning_rate: None
[2026-04-08 16:06:13]   n_epochs: 5000
[2026-04-08 16:06:13]   normalization_method: None
[2026-04-08 16:06:13]   normalize: False
[2026-04-08 16:06:13]   optimizer: Adam
[2026-04-08 16:06:13]   paradigm: SSVEP
[2026-04-08 16:06:13]   pretrained_url: https://huggingface.co/braindecode/SignalJEPA/resolve/main/signal-jepa_16s-60_adeuwv4s.pth
[2026-04-08 16:06:13]   seed: 5
[2026-04-08 16:06:13]   set_eeg_reference: True
[2026-04-08 16:06:13]   set_seed: True
[2026-04-08 16:06:13]   sfreq: 128
[2026-04-08 16:06:13]   subjects_to_use: None
[2026-04-08 16:06:13]   val_split: 0.2
[2026-04-08 16:06:13] ======================================================================
[2026-04-08 16:06:13] Config saved to: /home/vegorov/Repos/eeg_jepa_research/artifacts/lee-2019-fine-tuning/SSVEP/20260408_1606_a87ad29d/config.json
[2026-04-08 16:06:13] Epoch window configuration:
[2026-04-08 16:06:13]   Target sfreq:                128 Hz
[2026-04-08 16:06:13]   Target duration:             4.190000 s
[2026-04-08 16:06:13]   Window samples (rounded):    536
[2026-04-08 16:06:13]   Base trial samples (4.0 s):  512
[2026-04-08 16:06:13]   Trial stop offset samples:   24
[2026-04-08 16:06:13]   Effective window duration:   4.187500 s
[2026-04-08 16:06:13] Dataset code: Lee2019-SSVEP
[2026-04-08 16:06:13] Subjects Total: 54
[2026-04-08 16:06:13] Events: {'12.0': 1, '8.57': 2, '6.67': 3, '5.45': 4}
[2026-04-08 16:06:13] Interval: [0.0, 4.0]
[2026-04-08 16:06:13] Paradigm: ssvep
[2026-04-08 16:06:13] Selected subjects: [48, 49, 50, 51, 52, 53, 54]
[2026-04-08 16:06:13] Expected evaluation folds: 35

[2026-04-08 16:06:13] Building MOABBDataset for Lee2019_SSVEP...
[2026-04-08 16:07:14] MOABBDataset recordings loaded: 7
[2026-04-08 16:07:14] Discovered annotation descriptions (first recording): [np.str_('12.0'), np.str_('5.45'), np.str_('6.67'), np.str_('8.57')]
[2026-04-08 16:07:14] Dataset event_id mapping: {'12.0': 1, '8.57': 2, '6.67': 3, '5.45': 4}
[2026-04-08 16:07:14] Label map (event_code -> class_index): {1: 0, 2: 1, 3: 2, 4: 3}
[2026-04-08 16:07:14] Applying Braindecode preprocessors to MOABBDataset...
[2026-04-08 16:07:35] Preprocessing complete.

[2026-04-08 16:07:35] Post-preprocessing validation
[2026-04-08 16:07:35]   Recordings in DATASET: 7
[2026-04-08 16:07:35]   Unique subject IDs:    ['48', '49', '50', '51', '52', '53', '54']
[2026-04-08 16:07:35]   sfreq (first rec):     128.0 Hz
[2026-04-08 16:07:35]   EEG channel count:     62
[2026-04-08 16:07:35]   First 10 channels:     ['Fp1', 'Fp2', 'F7', 'F3', 'Fz', 'F4', 'F8', 'FC5', 'FC1', 'FC2']
[2026-04-08 16:07:35] Channel consistency summary:
[2026-04-08 16:07:35]   Checked runs: 7
[2026-04-08 16:07:35]   Unique channel counts: [62]
[2026-04-08 16:07:35]   Channel order consistent: True
[2026-04-08 16:07:35] Validated EEG channels: 62
[2026-04-08 16:07:35] First 10 EEG channels: ['Fp1', 'Fp2', 'F7', 'F3', 'Fz', 'F4', 'F8', 'FC5', 'FC1', 'FC2']
[2026-04-08 16:07:35] raw mean_abs=5.694107e+00
[2026-04-08 16:07:35] raw std=9.673204e+00
[2026-04-08 16:07:35] raw first5 channel std= [20.88084496 30.01218713  8.07836311  6.42235698  6.36959473]
[2026-04-08 16:07:35] Requested window samples: 536
[2026-04-08 16:07:35] Base trial samples:       512
[2026-04-08 16:07:35] Stop offset samples:      24
[2026-04-08 16:07:35] Global class counts: [175, 175, 175, 175]
[2026-04-08 16:07:35] Chance level (4-class): 0.25
[2026-04-08 16:07:35] One window shape: (62, 536)
[2026-04-08 16:07:35] One window label: 1
[2026-04-08 16:07:35] Window sample length expected=536, got=536
[2026-04-08 16:07:35] Subjects in window split: [48, 49, 50, 51, 52, 53, 54]
[2026-04-08 16:07:35] Summarizing per-subject windows...
[2026-04-08 16:07:35]   Subject 48: n_windows=100, window_shape=(62, 536), class_counts=[25, 25, 25, 25]
[2026-04-08 16:07:35]   Subject 49: n_windows=100, window_shape=(62, 536), class_counts=[25, 25, 25, 25]
[2026-04-08 16:07:35]   Subject 50: n_windows=100, window_shape=(62, 536), class_counts=[25, 25, 25, 25]
[2026-04-08 16:07:35]   Subject 51: n_windows=100, window_shape=(62, 536), class_counts=[25, 25, 25, 25]
[2026-04-08 16:07:35]   Subject 52: n_windows=100, window_shape=(62, 536), class_counts=[25, 25, 25, 25]
[2026-04-08 16:07:35]   Subject 53: n_windows=100, window_shape=(62, 536), class_counts=[25, 25, 25, 25]
[2026-04-08 16:07:35]   Subject 54: n_windows=100, window_shape=(62, 536), class_counts=[25, 25, 25, 25]
[2026-04-08 16:07:35]    subject_id  n_windows  n_channels  n_times      class_counts
0          48        100          62      536  [25, 25, 25, 25]
1          49        100          62      536  [25, 25, 25, 25]
2          50        100          62      536  [25, 25, 25, 25]
3          51        100          62      536  [25, 25, 25, 25]
4          52        100          62      536  [25, 25, 25, 25]
5          53        100          62      536  [25, 25, 25, 25]
6          54        100          62      536  [25, 25, 25, 25]
[2026-04-08 16:07:35] Window validation summary:
[2026-04-08 16:07:36]   Subject 48: n_windows=100 class_counts=[25, 25, 25, 25]
[2026-04-08 16:07:36]   Subject 49: n_windows=100 class_counts=[25, 25, 25, 25]
[2026-04-08 16:07:36]   Subject 50: n_windows=100 class_counts=[25, 25, 25, 25]
[2026-04-08 16:07:36]   Subject 51: n_windows=100 class_counts=[25, 25, 25, 25]
[2026-04-08 16:07:36]   Subject 52: n_windows=100 class_counts=[25, 25, 25, 25]
[2026-04-08 16:07:36]   Subject 53: n_windows=100 class_counts=[25, 25, 25, 25]
[2026-04-08 16:07:36]   Subject 54: n_windows=100 class_counts=[25, 25, 25, 25]

[2026-04-08 16:07:36] Validated sampling rate target: 128 Hz
[2026-04-08 16:07:36] Validated window sample count:   536
[2026-04-08 16:07:36] Validated window duration:       4.1875 s
[2026-04-08 16:07:36] Validated channel count:         62
[2026-04-08 16:07:36] Total windows retained:          700
[2026-04-08 16:07:36] Preprocessing sanity checks:
[2026-04-08 16:07:36]   One sample label: 1
[2026-04-08 16:07:36]   One sample shape: (62, 536)
[2026-04-08 16:07:36]   Mean(abs(signal)): 3.146920e+00
[2026-04-08 16:07:36]   Mean(signal):      0.000000e+00
[2026-04-08 16:07:36]   Std(signal):       4.050236e+00
[2026-04-08 16:07:36] Building model with input window duration: 4.1875 s
[2026-04-08 16:07:36] SignalJEPA_PreLocal instantiated successfully.
[2026-04-08 16:07:36]   Total parameters:     18,192
[2026-04-08 16:07:36]   Trainable parameters: 18,192
[2026-04-08 16:07:36] ======================================================================================================================================================
Layer (type (var_name):depth-idx)                  Input Shape               Output Shape              Param #                   Kernel Shape
======================================================================================================================================================
SignalJEPA_PreLocal (SignalJEPA_PreLocal)          [1, 62, 536]              [1, 4]                    --                        --
├─Sequential (spatial_conv): 1-1                   [1, 62, 536]              [1, 4, 536]               --                        --
│    └─Rearrange (0): 2-1                          [1, 62, 536]              [1, 1, 62, 536]           --                        --
│    └─Conv2d (1): 2-2                             [1, 1, 62, 536]           [1, 4, 1, 536]            252                       [62, 1]
│    └─Rearrange (2): 2-3                          [1, 4, 1, 536]            [1, 4, 536]               --                        --
├─_ConvFeatureEncoder (feature_encoder): 1-2       [1, 4, 536]               [1, 16, 64]               --                        --
│    └─Rearrange (0): 2-4                          [1, 4, 536]               [4, 1, 536]               --                        --
│    └─Sequential (1): 2-5                         [4, 1, 536]               [4, 8, 64]                --                        --
│    │    └─Conv1d (0): 3-1                        [4, 1, 536]               [4, 8, 64]                256                       [32]
│    │    └─Dropout (1): 3-2                       [4, 8, 64]                [4, 8, 64]                --                        --
│    │    └─GroupNorm (2): 3-3                     [4, 8, 64]                [4, 8, 64]                16                        --
│    │    └─GELU (3): 3-4                          [4, 8, 64]                [4, 8, 64]                --                        --
│    └─Sequential (2): 2-6                         [4, 8, 64]                [4, 16, 32]               --                        --
│    │    └─Conv1d (0): 3-5                        [4, 8, 64]                [4, 16, 32]               256                       [2]
│    │    └─Dropout (1): 3-6                       [4, 16, 32]               [4, 16, 32]               --                        --
│    │    └─GELU (2): 3-7                          [4, 16, 32]               [4, 16, 32]               --                        --
│    └─Sequential (3): 2-7                         [4, 16, 32]               [4, 32, 16]               --                        --
│    │    └─Conv1d (0): 3-8                        [4, 16, 32]               [4, 32, 16]               1,024                     [2]
│    │    └─Dropout (1): 3-9                       [4, 32, 16]               [4, 32, 16]               --                        --
│    │    └─GELU (2): 3-10                         [4, 32, 16]               [4, 32, 16]               --                        --
│    └─Sequential (4): 2-8                         [4, 32, 16]               [4, 64, 8]                --                        --
│    │    └─Conv1d (0): 3-11                       [4, 32, 16]               [4, 64, 8]                4,096                     [2]
│    │    └─Dropout (1): 3-12                      [4, 64, 8]                [4, 64, 8]                --                        --
│    │    └─GELU (2): 3-13                         [4, 64, 8]                [4, 64, 8]                --                        --
│    └─Sequential (5): 2-9                         [4, 64, 8]                [4, 64, 4]                --                        --
│    │    └─Conv1d (0): 3-14                       [4, 64, 8]                [4, 64, 4]                8,192                     [2]
│    │    └─Dropout (1): 3-15                      [4, 64, 4]                [4, 64, 4]                --                        --
│    │    └─GELU (2): 3-16                         [4, 64, 4]                [4, 64, 4]                --                        --
│    └─Rearrange (6): 2-10                         [4, 64, 4]                [1, 16, 64]               --                        --
├─Sequential (final_layer): 1-3                    [1, 16, 64]               [1, 4]                    --                        --
│    └─Flatten (0): 2-11                           [1, 16, 64]               [1, 1024]                 --                        --
│    └─Linear (1): 2-12                            [1, 1024]                 [1, 4]                    4,100                     --
======================================================================================================================================================
Total params: 18,192
Trainable params: 18,192
Non-trainable params: 0
Total mult-adds (Units.MEGABYTES): 0.57
======================================================================================================================================================
Input size (MB): 0.13
Forward/backward pass size (MB): 0.11
Params size (MB): 0.07
Estimated Total Size (MB): 0.31
======================================================================================================================================================
[2026-04-08 16:07:36] Initializing from 16s-60 pretrained checkpoint (Hugging Face):
[2026-04-08 16:07:36]   https://huggingface.co/braindecode/SignalJEPA/resolve/main/signal-jepa_16s-60_adeuwv4s.pth
[2026-04-08 16:07:36]   Downloaded 179 keys
[2026-04-08 16:07:36] ======================================================================
[2026-04-08 16:07:36] STARTING CROSS-VALIDATION
[2026-04-08 16:07:36] ======================================================================
[2026-04-08 16:07:36] Subjects:      [48, 49, 50, 51, 52, 53, 54]
[2026-04-08 16:07:36] CV folds:      5
[2026-04-08 16:07:36] Batch size:    32
[2026-04-08 16:07:36] Max epochs:    5000
[2026-04-08 16:07:36] Device:        cpu
[2026-04-08 16:07:36] Seed control:  True
[2026-04-08 16:07:36] Base seed:     5
[2026-04-08 16:07:36] ======================================================================

[2026-04-08 16:07:36] Subject 48: 100 windows | class_counts=[25, 25, 25, 25]
[2026-04-08 16:07:36]   Fold 1 class counts: train=[16, 16, 16, 16] val=[4, 4, 4, 4] test=[5, 5, 5, 5]
[2026-04-08 16:07:36]   Fold 2 class counts: train=[16, 16, 16, 16] val=[4, 4, 4, 4] test=[5, 5, 5, 5]
[2026-04-08 16:07:36]   Fold 3 class counts: train=[16, 16, 16, 16] val=[4, 4, 4, 4] test=[5, 5, 5, 5]
[2026-04-08 16:07:36]   Fold 4 class counts: train=[16, 16, 16, 16] val=[4, 4, 4, 4] test=[5, 5, 5, 5]
[2026-04-08 16:07:36]   Fold 5 class counts: train=[16, 16, 16, 16] val=[4, 4, 4, 4] test=[5, 5, 5, 5]
[2026-04-08 16:07:36]     Train class counts: [16, 16, 16, 16]
[2026-04-08 16:07:36]     Val class counts:   [4, 4, 4, 4]
[2026-04-08 16:07:36]     Test class counts:  [5, 5, 5, 5]
[2026-04-08 16:07:36] Building model with input window duration: 4.1875 s
[2026-04-08 16:07:36] Pretrained weight loading:
[2026-04-08 16:07:36]   Downloaded keys:        179
[2026-04-08 16:07:36]   Filtered (transformer): 172
[2026-04-08 16:07:36]   Filtered (pos_encoder): 0
[2026-04-08 16:07:36]   Keys to load:           7
[2026-04-08 16:07:36]   Missing keys:           4
[2026-04-08 16:07:36]   Unexpected keys:        0
[2026-04-08 16:07:36]   Missing preview:        ['spatial_conv.1.weight', 'spatial_conv.1.bias', 'final_layer.1.weight', 'final_layer.1.bias']
[2026-04-08 16:07:36]   Unexpected preview:     []
[2026-04-08 16:07:36] Trainable modules: spatial_conv + final_layer (4,352 / 18,192 params, 23.9%)
[2026-04-08 16:07:36]   - final_layer.1.bias
[2026-04-08 16:07:36]   - final_layer.1.weight
[2026-04-08 16:07:36]   - spatial_conv.1.bias
[2026-04-08 16:07:36]   - spatial_conv.1.weight
[2026-04-08 16:07:48]   Fold 1/5 | best_epoch=1283 | stop=1333 | val_loss=0.0345 | acc=0.9500 | bal_acc=0.9500
[2026-04-08 16:07:48]     Train class counts: [16, 16, 16, 16]
[2026-04-08 16:07:48]     Val class counts:   [4, 4, 4, 4]
[2026-04-08 16:07:48]     Test class counts:  [5, 5, 5, 5]
[2026-04-08 16:07:48] Building model with input window duration: 4.1875 s
[2026-04-08 16:07:48] Pretrained weight loading:
[2026-04-08 16:07:48]   Downloaded keys:        179
[2026-04-08 16:07:48]   Filtered (transformer): 172
[2026-04-08 16:07:48]   Filtered (pos_encoder): 0
[2026-04-08 16:07:48]   Keys to load:           7
[2026-04-08 16:07:48]   Missing keys:           4
[2026-04-08 16:07:48]   Unexpected keys:        0
[2026-04-08 16:07:48]   Missing preview:        ['spatial_conv.1.weight', 'spatial_conv.1.bias', 'final_layer.1.weight', 'final_layer.1.bias']
[2026-04-08 16:07:48]   Unexpected preview:     []
[2026-04-08 16:08:15]   Fold 2/5 | best_epoch=3012 | stop=3062 | val_loss=0.0025 | acc=0.9500 | bal_acc=0.9500
[2026-04-08 16:08:15]     Train class counts: [16, 16, 16, 16]
[2026-04-08 16:08:15]     Val class counts:   [4, 4, 4, 4]
[2026-04-08 16:08:15]     Test class counts:  [5, 5, 5, 5]
[2026-04-08 16:08:15] Building model with input window duration: 4.1875 s
[2026-04-08 16:08:15] Pretrained weight loading:
[2026-04-08 16:08:15]   Downloaded keys:        179
[2026-04-08 16:08:15]   Filtered (transformer): 172
[2026-04-08 16:08:15]   Filtered (pos_encoder): 0
[2026-04-08 16:08:15]   Keys to load:           7
[2026-04-08 16:08:15]   Missing keys:           4
[2026-04-08 16:08:15]   Unexpected keys:        0
[2026-04-08 16:08:15]   Missing preview:        ['spatial_conv.1.weight', 'spatial_conv.1.bias', 'final_layer.1.weight', 'final_layer.1.bias']
[2026-04-08 16:08:15]   Unexpected preview:     []
[2026-04-08 16:09:01]   Fold 3/5 | best_epoch=4991 | stop=5000 | val_loss=0.0004 | acc=1.0000 | bal_acc=1.0000
[2026-04-08 16:09:01]     Train class counts: [16, 16, 16, 16]
[2026-04-08 16:09:01]     Val class counts:   [4, 4, 4, 4]
[2026-04-08 16:09:01]     Test class counts:  [5, 5, 5, 5]
[2026-04-08 16:09:01] Building model with input window duration: 4.1875 s
[2026-04-08 16:09:01] Pretrained weight loading:
[2026-04-08 16:09:01]   Downloaded keys:        179
[2026-04-08 16:09:01]   Filtered (transformer): 172
[2026-04-08 16:09:01]   Filtered (pos_encoder): 0
[2026-04-08 16:09:01]   Keys to load:           7
[2026-04-08 16:09:01]   Missing keys:           4
[2026-04-08 16:09:01]   Unexpected keys:        0
[2026-04-08 16:09:01]   Missing preview:        ['spatial_conv.1.weight', 'spatial_conv.1.bias', 'final_layer.1.weight', 'final_layer.1.bias']
[2026-04-08 16:09:01]   Unexpected preview:     []
[2026-04-08 16:09:21]   Fold 4/5 | best_epoch=2242 | stop=2292 | val_loss=0.0263 | acc=1.0000 | bal_acc=1.0000
[2026-04-08 16:09:21]     Train class counts: [16, 16, 16, 16]
[2026-04-08 16:09:21]     Val class counts:   [4, 4, 4, 4]
[2026-04-08 16:09:21]     Test class counts:  [5, 5, 5, 5]
[2026-04-08 16:09:21] Building model with input window duration: 4.1875 s
[2026-04-08 16:09:21] Pretrained weight loading:
[2026-04-08 16:09:21]   Downloaded keys:        179
[2026-04-08 16:09:21]   Filtered (transformer): 172
[2026-04-08 16:09:21]   Filtered (pos_encoder): 0
[2026-04-08 16:09:21]   Keys to load:           7
[2026-04-08 16:09:21]   Missing keys:           4
[2026-04-08 16:09:21]   Unexpected keys:        0
[2026-04-08 16:09:21]   Missing preview:        ['spatial_conv.1.weight', 'spatial_conv.1.bias', 'final_layer.1.weight', 'final_layer.1.bias']
[2026-04-08 16:09:21]   Unexpected preview:     []
[2026-04-08 16:10:02]   Fold 5/5 | best_epoch=4465 | stop=4515 | val_loss=0.0110 | acc=1.0000 | bal_acc=1.0000
[2026-04-08 16:10:02]   Subject 48 summary: acc=0.9800±0.0245  bal_acc=0.9800±0.0245

[2026-04-08 16:10:02] Subject 49: 100 windows | class_counts=[25, 25, 25, 25]
[2026-04-08 16:10:02]   Fold 1 class counts: train=[16, 16, 16, 16] val=[4, 4, 4, 4] test=[5, 5, 5, 5]
[2026-04-08 16:10:02]   Fold 2 class counts: train=[16, 16, 16, 16] val=[4, 4, 4, 4] test=[5, 5, 5, 5]
[2026-04-08 16:10:02]   Fold 3 class counts: train=[16, 16, 16, 16] val=[4, 4, 4, 4] test=[5, 5, 5, 5]
[2026-04-08 16:10:02]   Fold 4 class counts: train=[16, 16, 16, 16] val=[4, 4, 4, 4] test=[5, 5, 5, 5]
[2026-04-08 16:10:02]   Fold 5 class counts: train=[16, 16, 16, 16] val=[4, 4, 4, 4] test=[5, 5, 5, 5]
[2026-04-08 16:10:02]     Train class counts: [16, 16, 16, 16]
[2026-04-08 16:10:02]     Val class counts:   [4, 4, 4, 4]
[2026-04-08 16:10:02]     Test class counts:  [5, 5, 5, 5]
[2026-04-08 16:10:02] Building model with input window duration: 4.1875 s
[2026-04-08 16:10:02] Pretrained weight loading:
[2026-04-08 16:10:02]   Downloaded keys:        179
[2026-04-08 16:10:02]   Filtered (transformer): 172
[2026-04-08 16:10:02]   Filtered (pos_encoder): 0
[2026-04-08 16:10:02]   Keys to load:           7
[2026-04-08 16:10:02]   Missing keys:           4
[2026-04-08 16:10:02]   Unexpected keys:        0
[2026-04-08 16:10:02]   Missing preview:        ['spatial_conv.1.weight', 'spatial_conv.1.bias', 'final_layer.1.weight', 'final_layer.1.bias']
[2026-04-08 16:10:02]   Unexpected preview:     []
[2026-04-08 16:10:07]   Fold 1/5 | best_epoch=504 | stop=554 | val_loss=0.3977 | acc=0.9500 | bal_acc=0.9500
[2026-04-08 16:10:07]     Train class counts: [16, 16, 16, 16]
[2026-04-08 16:10:07]     Val class counts:   [4, 4, 4, 4]
[2026-04-08 16:10:07]     Test class counts:  [5, 5, 5, 5]
[2026-04-08 16:10:07] Building model with input window duration: 4.1875 s
[2026-04-08 16:10:07] Pretrained weight loading:
[2026-04-08 16:10:07]   Downloaded keys:        179
[2026-04-08 16:10:07]   Filtered (transformer): 172
[2026-04-08 16:10:07]   Filtered (pos_encoder): 0
[2026-04-08 16:10:07]   Keys to load:           7
[2026-04-08 16:10:07]   Missing keys:           4
[2026-04-08 16:10:07]   Unexpected keys:        0
[2026-04-08 16:10:07]   Missing preview:        ['spatial_conv.1.weight', 'spatial_conv.1.bias', 'final_layer.1.weight', 'final_layer.1.bias']
[2026-04-08 16:10:07]   Unexpected preview:     []
[2026-04-08 16:10:17]   Fold 2/5 | best_epoch=1033 | stop=1083 | val_loss=0.4276 | acc=0.8000 | bal_acc=0.8000
[2026-04-08 16:10:17]     Train class counts: [16, 16, 16, 16]
[2026-04-08 16:10:17]     Val class counts:   [4, 4, 4, 4]
[2026-04-08 16:10:17]     Test class counts:  [5, 5, 5, 5]
[2026-04-08 16:10:17] Building model with input window duration: 4.1875 s
[2026-04-08 16:10:17] Pretrained weight loading:
[2026-04-08 16:10:17]   Downloaded keys:        179
[2026-04-08 16:10:17]   Filtered (transformer): 172
[2026-04-08 16:10:17]   Filtered (pos_encoder): 0
[2026-04-08 16:10:17]   Keys to load:           7
[2026-04-08 16:10:17]   Missing keys:           4
[2026-04-08 16:10:17]   Unexpected keys:        0
[2026-04-08 16:10:17]   Missing preview:        ['spatial_conv.1.weight', 'spatial_conv.1.bias', 'final_layer.1.weight', 'final_layer.1.bias']
[2026-04-08 16:10:17]   Unexpected preview:     []
[2026-04-08 16:10:20]   Fold 3/5 | best_epoch=303 | stop=353 | val_loss=0.5819 | acc=0.9000 | bal_acc=0.9000
[2026-04-08 16:10:20]     Train class counts: [16, 16, 16, 16]
[2026-04-08 16:10:20]     Val class counts:   [4, 4, 4, 4]
[2026-04-08 16:10:20]     Test class counts:  [5, 5, 5, 5]
[2026-04-08 16:10:20] Building model with input window duration: 4.1875 s
[2026-04-08 16:10:20] Pretrained weight loading:
[2026-04-08 16:10:20]   Downloaded keys:        179
[2026-04-08 16:10:20]   Filtered (transformer): 172
[2026-04-08 16:10:20]   Filtered (pos_encoder): 0
[2026-04-08 16:10:20]   Keys to load:           7
[2026-04-08 16:10:20]   Missing keys:           4
[2026-04-08 16:10:20]   Unexpected keys:        0
[2026-04-08 16:10:20]   Missing preview:        ['spatial_conv.1.weight', 'spatial_conv.1.bias', 'final_layer.1.weight', 'final_layer.1.bias']
[2026-04-08 16:10:20]   Unexpected preview:     []
[2026-04-08 16:10:36]   Fold 4/5 | best_epoch=1826 | stop=1876 | val_loss=0.0981 | acc=0.9000 | bal_acc=0.9000
[2026-04-08 16:10:36]     Train class counts: [16, 16, 16, 16]
[2026-04-08 16:10:36]     Val class counts:   [4, 4, 4, 4]
[2026-04-08 16:10:36]     Test class counts:  [5, 5, 5, 5]
[2026-04-08 16:10:36] Building model with input window duration: 4.1875 s
[2026-04-08 16:10:36] Pretrained weight loading:
[2026-04-08 16:10:36]   Downloaded keys:        179
[2026-04-08 16:10:36]   Filtered (transformer): 172
[2026-04-08 16:10:36]   Filtered (pos_encoder): 0
[2026-04-08 16:10:36]   Keys to load:           7
[2026-04-08 16:10:36]   Missing keys:           4
[2026-04-08 16:10:36]   Unexpected keys:        0
[2026-04-08 16:10:36]   Missing preview:        ['spatial_conv.1.weight', 'spatial_conv.1.bias', 'final_layer.1.weight', 'final_layer.1.bias']
[2026-04-08 16:10:36]   Unexpected preview:     []
[2026-04-08 16:10:46]   Fold 5/5 | best_epoch=1027 | stop=1077 | val_loss=0.2955 | acc=0.9000 | bal_acc=0.9000
[2026-04-08 16:10:46]   Subject 49 summary: acc=0.8900±0.0490  bal_acc=0.8900±0.0490

[2026-04-08 16:10:46] Subject 50: 100 windows | class_counts=[25, 25, 25, 25]
[2026-04-08 16:10:46]   Fold 1 class counts: train=[16, 16, 16, 16] val=[4, 4, 4, 4] test=[5, 5, 5, 5]
[2026-04-08 16:10:46]   Fold 2 class counts: train=[16, 16, 16, 16] val=[4, 4, 4, 4] test=[5, 5, 5, 5]
[2026-04-08 16:10:46]   Fold 3 class counts: train=[16, 16, 16, 16] val=[4, 4, 4, 4] test=[5, 5, 5, 5]
[2026-04-08 16:10:46]   Fold 4 class counts: train=[16, 16, 16, 16] val=[4, 4, 4, 4] test=[5, 5, 5, 5]
[2026-04-08 16:10:46]   Fold 5 class counts: train=[16, 16, 16, 16] val=[4, 4, 4, 4] test=[5, 5, 5, 5]
[2026-04-08 16:10:46]     Train class counts: [16, 16, 16, 16]
[2026-04-08 16:10:46]     Val class counts:   [4, 4, 4, 4]
[2026-04-08 16:10:46]     Test class counts:  [5, 5, 5, 5]
[2026-04-08 16:10:46] Building model with input window duration: 4.1875 s
[2026-04-08 16:10:46] Pretrained weight loading:
[2026-04-08 16:10:46]   Downloaded keys:        179
[2026-04-08 16:10:46]   Filtered (transformer): 172
[2026-04-08 16:10:46]   Filtered (pos_encoder): 0
[2026-04-08 16:10:46]   Keys to load:           7
[2026-04-08 16:10:46]   Missing keys:           4
[2026-04-08 16:10:46]   Unexpected keys:        0
[2026-04-08 16:10:46]   Missing preview:        ['spatial_conv.1.weight', 'spatial_conv.1.bias', 'final_layer.1.weight', 'final_layer.1.bias']
[2026-04-08 16:10:46]   Unexpected preview:     []
[2026-04-08 16:11:13]   Fold 1/5 | best_epoch=3015 | stop=3065 | val_loss=0.0444 | acc=1.0000 | bal_acc=1.0000
[2026-04-08 16:11:13]     Train class counts: [16, 16, 16, 16]
[2026-04-08 16:11:13]     Val class counts:   [4, 4, 4, 4]
[2026-04-08 16:11:13]     Test class counts:  [5, 5, 5, 5]
[2026-04-08 16:11:13] Building model with input window duration: 4.1875 s
[2026-04-08 16:11:13] Pretrained weight loading:
[2026-04-08 16:11:13]   Downloaded keys:        179
[2026-04-08 16:11:13]   Filtered (transformer): 172
[2026-04-08 16:11:13]   Filtered (pos_encoder): 0
[2026-04-08 16:11:13]   Keys to load:           7
[2026-04-08 16:11:13]   Missing keys:           4
[2026-04-08 16:11:13]   Unexpected keys:        0
[2026-04-08 16:11:13]   Missing preview:        ['spatial_conv.1.weight', 'spatial_conv.1.bias', 'final_layer.1.weight', 'final_layer.1.bias']
[2026-04-08 16:11:13]   Unexpected preview:     []
[2026-04-08 16:11:46]   Fold 2/5 | best_epoch=3636 | stop=3686 | val_loss=0.0124 | acc=1.0000 | bal_acc=1.0000
[2026-04-08 16:11:46]     Train class counts: [16, 16, 16, 16]
[2026-04-08 16:11:46]     Val class counts:   [4, 4, 4, 4]
[2026-04-08 16:11:46]     Test class counts:  [5, 5, 5, 5]
[2026-04-08 16:11:46] Building model with input window duration: 4.1875 s
[2026-04-08 16:11:46] Pretrained weight loading:
[2026-04-08 16:11:46]   Downloaded keys:        179
[2026-04-08 16:11:46]   Filtered (transformer): 172
[2026-04-08 16:11:46]   Filtered (pos_encoder): 0
[2026-04-08 16:11:46]   Keys to load:           7
[2026-04-08 16:11:46]   Missing keys:           4
[2026-04-08 16:11:46]   Unexpected keys:        0
[2026-04-08 16:11:46]   Missing preview:        ['spatial_conv.1.weight', 'spatial_conv.1.bias', 'final_layer.1.weight', 'final_layer.1.bias']
[2026-04-08 16:11:46]   Unexpected preview:     []
[2026-04-08 16:12:16]   Fold 3/5 | best_epoch=3253 | stop=3303 | val_loss=0.0130 | acc=1.0000 | bal_acc=1.0000
[2026-04-08 16:12:16]     Train class counts: [16, 16, 16, 16]
[2026-04-08 16:12:16]     Val class counts:   [4, 4, 4, 4]
[2026-04-08 16:12:16]     Test class counts:  [5, 5, 5, 5]
[2026-04-08 16:12:16] Building model with input window duration: 4.1875 s
[2026-04-08 16:12:16] Pretrained weight loading:
[2026-04-08 16:12:16]   Downloaded keys:        179
[2026-04-08 16:12:16]   Filtered (transformer): 172
[2026-04-08 16:12:16]   Filtered (pos_encoder): 0
[2026-04-08 16:12:16]   Keys to load:           7
[2026-04-08 16:12:16]   Missing keys:           4
[2026-04-08 16:12:16]   Unexpected keys:        0
[2026-04-08 16:12:16]   Missing preview:        ['spatial_conv.1.weight', 'spatial_conv.1.bias', 'final_layer.1.weight', 'final_layer.1.bias']
[2026-04-08 16:12:16]   Unexpected preview:     []
[2026-04-08 16:13:01]   Fold 4/5 | best_epoch=4991 | stop=5000 | val_loss=0.0215 | acc=0.9500 | bal_acc=0.9500
[2026-04-08 16:13:01]     Train class counts: [16, 16, 16, 16]
[2026-04-08 16:13:01]     Val class counts:   [4, 4, 4, 4]
[2026-04-08 16:13:01]     Test class counts:  [5, 5, 5, 5]
[2026-04-08 16:13:01] Building model with input window duration: 4.1875 s
[2026-04-08 16:13:01] Pretrained weight loading:
[2026-04-08 16:13:01]   Downloaded keys:        179
[2026-04-08 16:13:01]   Filtered (transformer): 172
[2026-04-08 16:13:01]   Filtered (pos_encoder): 0
[2026-04-08 16:13:01]   Keys to load:           7
[2026-04-08 16:13:01]   Missing keys:           4
[2026-04-08 16:13:01]   Unexpected keys:        0
[2026-04-08 16:13:01]   Missing preview:        ['spatial_conv.1.weight', 'spatial_conv.1.bias', 'final_layer.1.weight', 'final_layer.1.bias']
[2026-04-08 16:13:01]   Unexpected preview:     []
[2026-04-08 16:13:08]   Fold 5/5 | best_epoch=755 | stop=805 | val_loss=0.1394 | acc=1.0000 | bal_acc=1.0000
[2026-04-08 16:13:08]   Subject 50 summary: acc=0.9900±0.0200  bal_acc=0.9900±0.0200

[2026-04-08 16:13:08] Subject 51: 100 windows | class_counts=[25, 25, 25, 25]
[2026-04-08 16:13:08]   Fold 1 class counts: train=[16, 16, 16, 16] val=[4, 4, 4, 4] test=[5, 5, 5, 5]
[2026-04-08 16:13:08]   Fold 2 class counts: train=[16, 16, 16, 16] val=[4, 4, 4, 4] test=[5, 5, 5, 5]
[2026-04-08 16:13:08]   Fold 3 class counts: train=[16, 16, 16, 16] val=[4, 4, 4, 4] test=[5, 5, 5, 5]
[2026-04-08 16:13:08]   Fold 4 class counts: train=[16, 16, 16, 16] val=[4, 4, 4, 4] test=[5, 5, 5, 5]
[2026-04-08 16:13:08]   Fold 5 class counts: train=[16, 16, 16, 16] val=[4, 4, 4, 4] test=[5, 5, 5, 5]
[2026-04-08 16:13:08]     Train class counts: [16, 16, 16, 16]
[2026-04-08 16:13:08]     Val class counts:   [4, 4, 4, 4]
[2026-04-08 16:13:08]     Test class counts:  [5, 5, 5, 5]
[2026-04-08 16:13:08] Building model with input window duration: 4.1875 s
[2026-04-08 16:13:08] Pretrained weight loading:
[2026-04-08 16:13:08]   Downloaded keys:        179
[2026-04-08 16:13:08]   Filtered (transformer): 172
[2026-04-08 16:13:08]   Filtered (pos_encoder): 0
[2026-04-08 16:13:08]   Keys to load:           7
[2026-04-08 16:13:08]   Missing keys:           4
[2026-04-08 16:13:08]   Unexpected keys:        0
[2026-04-08 16:13:08]   Missing preview:        ['spatial_conv.1.weight', 'spatial_conv.1.bias', 'final_layer.1.weight', 'final_layer.1.bias']
[2026-04-08 16:13:08]   Unexpected preview:     []
[2026-04-08 16:13:09]   Fold 1/5 | best_epoch=4 | stop=54 | val_loss=1.3789 | acc=0.2500 | bal_acc=0.2500
[2026-04-08 16:13:09]     Train class counts: [16, 16, 16, 16]
[2026-04-08 16:13:09]     Val class counts:   [4, 4, 4, 4]
[2026-04-08 16:13:09]     Test class counts:  [5, 5, 5, 5]
[2026-04-08 16:13:09] Building model with input window duration: 4.1875 s
[2026-04-08 16:13:09] Pretrained weight loading:
[2026-04-08 16:13:09]   Downloaded keys:        179
[2026-04-08 16:13:09]   Filtered (transformer): 172
[2026-04-08 16:13:09]   Filtered (pos_encoder): 0
[2026-04-08 16:13:09]   Keys to load:           7
[2026-04-08 16:13:09]   Missing keys:           4
[2026-04-08 16:13:09]   Unexpected keys:        0
[2026-04-08 16:13:09]   Missing preview:        ['spatial_conv.1.weight', 'spatial_conv.1.bias', 'final_layer.1.weight', 'final_layer.1.bias']
[2026-04-08 16:13:09]   Unexpected preview:     []
[2026-04-08 16:13:10]   Fold 2/5 | best_epoch=91 | stop=141 | val_loss=1.1513 | acc=0.4000 | bal_acc=0.4000
[2026-04-08 16:13:10]     Train class counts: [16, 16, 16, 16]
[2026-04-08 16:13:10]     Val class counts:   [4, 4, 4, 4]
[2026-04-08 16:13:10]     Test class counts:  [5, 5, 5, 5]
[2026-04-08 16:13:10] Building model with input window duration: 4.1875 s
[2026-04-08 16:13:10] Pretrained weight loading:
[2026-04-08 16:13:10]   Downloaded keys:        179
[2026-04-08 16:13:10]   Filtered (transformer): 172
[2026-04-08 16:13:10]   Filtered (pos_encoder): 0
[2026-04-08 16:13:10]   Keys to load:           7
[2026-04-08 16:13:10]   Missing keys:           4
[2026-04-08 16:13:10]   Unexpected keys:        0
[2026-04-08 16:13:10]   Missing preview:        ['spatial_conv.1.weight', 'spatial_conv.1.bias', 'final_layer.1.weight', 'final_layer.1.bias']
[2026-04-08 16:13:10]   Unexpected preview:     []
[2026-04-08 16:13:12]   Fold 3/5 | best_epoch=151 | stop=201 | val_loss=1.1895 | acc=0.4000 | bal_acc=0.4000
[2026-04-08 16:13:12]     Train class counts: [16, 16, 16, 16]
[2026-04-08 16:13:12]     Val class counts:   [4, 4, 4, 4]
[2026-04-08 16:13:12]     Test class counts:  [5, 5, 5, 5]
[2026-04-08 16:13:12] Building model with input window duration: 4.1875 s
[2026-04-08 16:13:12] Pretrained weight loading:
[2026-04-08 16:13:12]   Downloaded keys:        179
[2026-04-08 16:13:12]   Filtered (transformer): 172
[2026-04-08 16:13:12]   Filtered (pos_encoder): 0
[2026-04-08 16:13:12]   Keys to load:           7
[2026-04-08 16:13:12]   Missing keys:           4
[2026-04-08 16:13:12]   Unexpected keys:        0
[2026-04-08 16:13:12]   Missing preview:        ['spatial_conv.1.weight', 'spatial_conv.1.bias', 'final_layer.1.weight', 'final_layer.1.bias']
[2026-04-08 16:13:12]   Unexpected preview:     []
[2026-04-08 16:13:13]   Fold 4/5 | best_epoch=108 | stop=158 | val_loss=1.2852 | acc=0.5500 | bal_acc=0.5500
[2026-04-08 16:13:13]     Train class counts: [16, 16, 16, 16]
[2026-04-08 16:13:13]     Val class counts:   [4, 4, 4, 4]
[2026-04-08 16:13:13]     Test class counts:  [5, 5, 5, 5]
[2026-04-08 16:13:13] Building model with input window duration: 4.1875 s
[2026-04-08 16:13:13] Pretrained weight loading:
[2026-04-08 16:13:13]   Downloaded keys:        179
[2026-04-08 16:13:13]   Filtered (transformer): 172
[2026-04-08 16:13:13]   Filtered (pos_encoder): 0
[2026-04-08 16:13:13]   Keys to load:           7
[2026-04-08 16:13:13]   Missing keys:           4
[2026-04-08 16:13:13]   Unexpected keys:        0
[2026-04-08 16:13:13]   Missing preview:        ['spatial_conv.1.weight', 'spatial_conv.1.bias', 'final_layer.1.weight', 'final_layer.1.bias']
[2026-04-08 16:13:13]   Unexpected preview:     []
[2026-04-08 16:13:13]   Fold 5/5 | best_epoch=5 | stop=55 | val_loss=1.3848 | acc=0.1500 | bal_acc=0.1500
[2026-04-08 16:13:13]   Subject 51 summary: acc=0.3500±0.1378  bal_acc=0.3500±0.1378

[2026-04-08 16:13:13] Subject 52: 100 windows | class_counts=[25, 25, 25, 25]
[2026-04-08 16:13:13]   Fold 1 class counts: train=[16, 16, 16, 16] val=[4, 4, 4, 4] test=[5, 5, 5, 5]
[2026-04-08 16:13:13]   Fold 2 class counts: train=[16, 16, 16, 16] val=[4, 4, 4, 4] test=[5, 5, 5, 5]
[2026-04-08 16:13:13]   Fold 3 class counts: train=[16, 16, 16, 16] val=[4, 4, 4, 4] test=[5, 5, 5, 5]
[2026-04-08 16:13:13]   Fold 4 class counts: train=[16, 16, 16, 16] val=[4, 4, 4, 4] test=[5, 5, 5, 5]
[2026-04-08 16:13:13]   Fold 5 class counts: train=[16, 16, 16, 16] val=[4, 4, 4, 4] test=[5, 5, 5, 5]
[2026-04-08 16:13:13]     Train class counts: [16, 16, 16, 16]
[2026-04-08 16:13:13]     Val class counts:   [4, 4, 4, 4]
[2026-04-08 16:13:13]     Test class counts:  [5, 5, 5, 5]
[2026-04-08 16:13:13] Building model with input window duration: 4.1875 s
[2026-04-08 16:13:13] Pretrained weight loading:
[2026-04-08 16:13:13]   Downloaded keys:        179
[2026-04-08 16:13:13]   Filtered (transformer): 172
[2026-04-08 16:13:13]   Filtered (pos_encoder): 0
[2026-04-08 16:13:13]   Keys to load:           7
[2026-04-08 16:13:13]   Missing keys:           4
[2026-04-08 16:13:13]   Unexpected keys:        0
[2026-04-08 16:13:13]   Missing preview:        ['spatial_conv.1.weight', 'spatial_conv.1.bias', 'final_layer.1.weight', 'final_layer.1.bias']
[2026-04-08 16:13:13]   Unexpected preview:     []
[2026-04-08 16:13:20]   Fold 1/5 | best_epoch=741 | stop=791 | val_loss=0.1740 | acc=0.9500 | bal_acc=0.9500
[2026-04-08 16:13:20]     Train class counts: [16, 16, 16, 16]
[2026-04-08 16:13:20]     Val class counts:   [4, 4, 4, 4]
[2026-04-08 16:13:20]     Test class counts:  [5, 5, 5, 5]
[2026-04-08 16:13:20] Building model with input window duration: 4.1875 s
[2026-04-08 16:13:20] Pretrained weight loading:
[2026-04-08 16:13:20]   Downloaded keys:        179
[2026-04-08 16:13:20]   Filtered (transformer): 172
[2026-04-08 16:13:20]   Filtered (pos_encoder): 0
[2026-04-08 16:13:20]   Keys to load:           7
[2026-04-08 16:13:20]   Missing keys:           4
[2026-04-08 16:13:20]   Unexpected keys:        0
[2026-04-08 16:13:20]   Missing preview:        ['spatial_conv.1.weight', 'spatial_conv.1.bias', 'final_layer.1.weight', 'final_layer.1.bias']
[2026-04-08 16:13:20]   Unexpected preview:     []
[2026-04-08 16:13:54]   Fold 2/5 | best_epoch=3810 | stop=3860 | val_loss=0.0046 | acc=0.9500 | bal_acc=0.9500
[2026-04-08 16:13:54]     Train class counts: [16, 16, 16, 16]
[2026-04-08 16:13:54]     Val class counts:   [4, 4, 4, 4]
[2026-04-08 16:13:54]     Test class counts:  [5, 5, 5, 5]
[2026-04-08 16:13:54] Building model with input window duration: 4.1875 s
[2026-04-08 16:13:54] Pretrained weight loading:
[2026-04-08 16:13:54]   Downloaded keys:        179
[2026-04-08 16:13:54]   Filtered (transformer): 172
[2026-04-08 16:13:54]   Filtered (pos_encoder): 0
[2026-04-08 16:13:54]   Keys to load:           7
[2026-04-08 16:13:54]   Missing keys:           4
[2026-04-08 16:13:54]   Unexpected keys:        0
[2026-04-08 16:13:54]   Missing preview:        ['spatial_conv.1.weight', 'spatial_conv.1.bias', 'final_layer.1.weight', 'final_layer.1.bias']
[2026-04-08 16:13:54]   Unexpected preview:     []
[2026-04-08 16:14:11]   Fold 3/5 | best_epoch=1786 | stop=1836 | val_loss=0.1367 | acc=0.9500 | bal_acc=0.9500
[2026-04-08 16:14:11]     Train class counts: [16, 16, 16, 16]
[2026-04-08 16:14:11]     Val class counts:   [4, 4, 4, 4]
[2026-04-08 16:14:11]     Test class counts:  [5, 5, 5, 5]
[2026-04-08 16:14:11] Building model with input window duration: 4.1875 s
[2026-04-08 16:14:11] Pretrained weight loading:
[2026-04-08 16:14:11]   Downloaded keys:        179
[2026-04-08 16:14:11]   Filtered (transformer): 172
[2026-04-08 16:14:11]   Filtered (pos_encoder): 0
[2026-04-08 16:14:11]   Keys to load:           7
[2026-04-08 16:14:11]   Missing keys:           4
[2026-04-08 16:14:11]   Unexpected keys:        0
[2026-04-08 16:14:11]   Missing preview:        ['spatial_conv.1.weight', 'spatial_conv.1.bias', 'final_layer.1.weight', 'final_layer.1.bias']
[2026-04-08 16:14:11]   Unexpected preview:     []
[2026-04-08 16:14:15]   Fold 4/5 | best_epoch=360 | stop=410 | val_loss=0.2227 | acc=0.9500 | bal_acc=0.9500
[2026-04-08 16:14:15]     Train class counts: [16, 16, 16, 16]
[2026-04-08 16:14:15]     Val class counts:   [4, 4, 4, 4]
[2026-04-08 16:14:15]     Test class counts:  [5, 5, 5, 5]
[2026-04-08 16:14:15] Building model with input window duration: 4.1875 s
[2026-04-08 16:14:15] Pretrained weight loading:
[2026-04-08 16:14:15]   Downloaded keys:        179
[2026-04-08 16:14:15]   Filtered (transformer): 172
[2026-04-08 16:14:15]   Filtered (pos_encoder): 0
[2026-04-08 16:14:15]   Keys to load:           7
[2026-04-08 16:14:15]   Missing keys:           4
[2026-04-08 16:14:15]   Unexpected keys:        0
[2026-04-08 16:14:15]   Missing preview:        ['spatial_conv.1.weight', 'spatial_conv.1.bias', 'final_layer.1.weight', 'final_layer.1.bias']
[2026-04-08 16:14:15]   Unexpected preview:     []
[2026-04-08 16:14:26]   Fold 5/5 | best_epoch=1181 | stop=1231 | val_loss=0.0838 | acc=1.0000 | bal_acc=1.0000
[2026-04-08 16:14:26]   Subject 52 summary: acc=0.9600±0.0200  bal_acc=0.9600±0.0200

[2026-04-08 16:14:26] Subject 53: 100 windows | class_counts=[25, 25, 25, 25]
[2026-04-08 16:14:26]   Fold 1 class counts: train=[16, 16, 16, 16] val=[4, 4, 4, 4] test=[5, 5, 5, 5]
[2026-04-08 16:14:26]   Fold 2 class counts: train=[16, 16, 16, 16] val=[4, 4, 4, 4] test=[5, 5, 5, 5]
[2026-04-08 16:14:26]   Fold 3 class counts: train=[16, 16, 16, 16] val=[4, 4, 4, 4] test=[5, 5, 5, 5]
[2026-04-08 16:14:26]   Fold 4 class counts: train=[16, 16, 16, 16] val=[4, 4, 4, 4] test=[5, 5, 5, 5]
[2026-04-08 16:14:26]   Fold 5 class counts: train=[16, 16, 16, 16] val=[4, 4, 4, 4] test=[5, 5, 5, 5]
[2026-04-08 16:14:26]     Train class counts: [16, 16, 16, 16]
[2026-04-08 16:14:26]     Val class counts:   [4, 4, 4, 4]
[2026-04-08 16:14:26]     Test class counts:  [5, 5, 5, 5]
[2026-04-08 16:14:26] Building model with input window duration: 4.1875 s
[2026-04-08 16:14:26] Pretrained weight loading:
[2026-04-08 16:14:26]   Downloaded keys:        179
[2026-04-08 16:14:26]   Filtered (transformer): 172
[2026-04-08 16:14:26]   Filtered (pos_encoder): 0
[2026-04-08 16:14:26]   Keys to load:           7
[2026-04-08 16:14:26]   Missing keys:           4
[2026-04-08 16:14:26]   Unexpected keys:        0
[2026-04-08 16:14:26]   Missing preview:        ['spatial_conv.1.weight', 'spatial_conv.1.bias', 'final_layer.1.weight', 'final_layer.1.bias']
[2026-04-08 16:14:26]   Unexpected preview:     []
[2026-04-08 16:14:29]   Fold 1/5 | best_epoch=267 | stop=317 | val_loss=0.1122 | acc=1.0000 | bal_acc=1.0000
[2026-04-08 16:14:29]     Train class counts: [16, 16, 16, 16]
[2026-04-08 16:14:29]     Val class counts:   [4, 4, 4, 4]
[2026-04-08 16:14:29]     Test class counts:  [5, 5, 5, 5]
[2026-04-08 16:14:29] Building model with input window duration: 4.1875 s
[2026-04-08 16:14:29] Pretrained weight loading:
[2026-04-08 16:14:29]   Downloaded keys:        179
[2026-04-08 16:14:29]   Filtered (transformer): 172
[2026-04-08 16:14:29]   Filtered (pos_encoder): 0
[2026-04-08 16:14:29]   Keys to load:           7
[2026-04-08 16:14:29]   Missing keys:           4
[2026-04-08 16:14:29]   Unexpected keys:        0
[2026-04-08 16:14:29]   Missing preview:        ['spatial_conv.1.weight', 'spatial_conv.1.bias', 'final_layer.1.weight', 'final_layer.1.bias']
[2026-04-08 16:14:29]   Unexpected preview:     []
[2026-04-08 16:15:15]   Fold 2/5 | best_epoch=4993 | stop=5000 | val_loss=0.0007 | acc=1.0000 | bal_acc=1.0000
[2026-04-08 16:15:15]     Train class counts: [16, 16, 16, 16]
[2026-04-08 16:15:15]     Val class counts:   [4, 4, 4, 4]
[2026-04-08 16:15:15]     Test class counts:  [5, 5, 5, 5]
[2026-04-08 16:15:15] Building model with input window duration: 4.1875 s
[2026-04-08 16:15:15] Pretrained weight loading:
[2026-04-08 16:15:15]   Downloaded keys:        179
[2026-04-08 16:15:15]   Filtered (transformer): 172
[2026-04-08 16:15:15]   Filtered (pos_encoder): 0
[2026-04-08 16:15:15]   Keys to load:           7
[2026-04-08 16:15:15]   Missing keys:           4
[2026-04-08 16:15:15]   Unexpected keys:        0
[2026-04-08 16:15:15]   Missing preview:        ['spatial_conv.1.weight', 'spatial_conv.1.bias', 'final_layer.1.weight', 'final_layer.1.bias']
[2026-04-08 16:15:15]   Unexpected preview:     []
[2026-04-08 16:15:43]   Fold 3/5 | best_epoch=2924 | stop=2974 | val_loss=0.0096 | acc=1.0000 | bal_acc=1.0000
[2026-04-08 16:15:43]     Train class counts: [16, 16, 16, 16]
[2026-04-08 16:15:43]     Val class counts:   [4, 4, 4, 4]
[2026-04-08 16:15:43]     Test class counts:  [5, 5, 5, 5]
[2026-04-08 16:15:43] Building model with input window duration: 4.1875 s
[2026-04-08 16:15:43] Pretrained weight loading:
[2026-04-08 16:15:43]   Downloaded keys:        179
[2026-04-08 16:15:43]   Filtered (transformer): 172
[2026-04-08 16:15:43]   Filtered (pos_encoder): 0
[2026-04-08 16:15:43]   Keys to load:           7
[2026-04-08 16:15:43]   Missing keys:           4
[2026-04-08 16:15:43]   Unexpected keys:        0
[2026-04-08 16:15:43]   Missing preview:        ['spatial_conv.1.weight', 'spatial_conv.1.bias', 'final_layer.1.weight', 'final_layer.1.bias']
[2026-04-08 16:15:43]   Unexpected preview:     []
[2026-04-08 16:15:46]   Fold 4/5 | best_epoch=172 | stop=222 | val_loss=0.2785 | acc=1.0000 | bal_acc=1.0000
[2026-04-08 16:15:46]     Train class counts: [16, 16, 16, 16]
[2026-04-08 16:15:46]     Val class counts:   [4, 4, 4, 4]
[2026-04-08 16:15:46]     Test class counts:  [5, 5, 5, 5]
[2026-04-08 16:15:46] Building model with input window duration: 4.1875 s
[2026-04-08 16:15:46] Pretrained weight loading:
[2026-04-08 16:15:46]   Downloaded keys:        179
[2026-04-08 16:15:46]   Filtered (transformer): 172
[2026-04-08 16:15:46]   Filtered (pos_encoder): 0
[2026-04-08 16:15:46]   Keys to load:           7
[2026-04-08 16:15:46]   Missing keys:           4
[2026-04-08 16:15:46]   Unexpected keys:        0
[2026-04-08 16:15:46]   Missing preview:        ['spatial_conv.1.weight', 'spatial_conv.1.bias', 'final_layer.1.weight', 'final_layer.1.bias']
[2026-04-08 16:15:46]   Unexpected preview:     []
[2026-04-08 16:16:21]   Fold 5/5 | best_epoch=3762 | stop=3812 | val_loss=0.0101 | acc=1.0000 | bal_acc=1.0000
[2026-04-08 16:16:21]   Subject 53 summary: acc=1.0000±0.0000  bal_acc=1.0000±0.0000

[2026-04-08 16:16:21] Subject 54: 100 windows | class_counts=[25, 25, 25, 25]
[2026-04-08 16:16:21]   Fold 1 class counts: train=[16, 16, 16, 16] val=[4, 4, 4, 4] test=[5, 5, 5, 5]
[2026-04-08 16:16:21]   Fold 2 class counts: train=[16, 16, 16, 16] val=[4, 4, 4, 4] test=[5, 5, 5, 5]
[2026-04-08 16:16:21]   Fold 3 class counts: train=[16, 16, 16, 16] val=[4, 4, 4, 4] test=[5, 5, 5, 5]
[2026-04-08 16:16:21]   Fold 4 class counts: train=[16, 16, 16, 16] val=[4, 4, 4, 4] test=[5, 5, 5, 5]
[2026-04-08 16:16:21]   Fold 5 class counts: train=[16, 16, 16, 16] val=[4, 4, 4, 4] test=[5, 5, 5, 5]
[2026-04-08 16:16:21]     Train class counts: [16, 16, 16, 16]
[2026-04-08 16:16:21]     Val class counts:   [4, 4, 4, 4]
[2026-04-08 16:16:21]     Test class counts:  [5, 5, 5, 5]
[2026-04-08 16:16:21] Building model with input window duration: 4.1875 s
[2026-04-08 16:16:21] Pretrained weight loading:
[2026-04-08 16:16:21]   Downloaded keys:        179
[2026-04-08 16:16:21]   Filtered (transformer): 172
[2026-04-08 16:16:21]   Filtered (pos_encoder): 0
[2026-04-08 16:16:21]   Keys to load:           7
[2026-04-08 16:16:21]   Missing keys:           4
[2026-04-08 16:16:21]   Unexpected keys:        0
[2026-04-08 16:16:21]   Missing preview:        ['spatial_conv.1.weight', 'spatial_conv.1.bias', 'final_layer.1.weight', 'final_layer.1.bias']
[2026-04-08 16:16:21]   Unexpected preview:     []
[2026-04-08 16:16:31]   Fold 1/5 | best_epoch=1097 | stop=1147 | val_loss=0.2037 | acc=0.8500 | bal_acc=0.8500
[2026-04-08 16:16:31]     Train class counts: [16, 16, 16, 16]
[2026-04-08 16:16:31]     Val class counts:   [4, 4, 4, 4]
[2026-04-08 16:16:31]     Test class counts:  [5, 5, 5, 5]
[2026-04-08 16:16:31] Building model with input window duration: 4.1875 s
[2026-04-08 16:16:31] Pretrained weight loading:
[2026-04-08 16:16:31]   Downloaded keys:        179
[2026-04-08 16:16:31]   Filtered (transformer): 172
[2026-04-08 16:16:31]   Filtered (pos_encoder): 0
[2026-04-08 16:16:31]   Keys to load:           7
[2026-04-08 16:16:31]   Missing keys:           4
[2026-04-08 16:16:31]   Unexpected keys:        0
[2026-04-08 16:16:31]   Missing preview:        ['spatial_conv.1.weight', 'spatial_conv.1.bias', 'final_layer.1.weight', 'final_layer.1.bias']
[2026-04-08 16:16:31]   Unexpected preview:     []
[2026-04-08 16:16:34]   Fold 2/5 | best_epoch=236 | stop=286 | val_loss=0.6933 | acc=0.8500 | bal_acc=0.8500
[2026-04-08 16:16:34]     Train class counts: [16, 16, 16, 16]
[2026-04-08 16:16:34]     Val class counts:   [4, 4, 4, 4]
[2026-04-08 16:16:34]     Test class counts:  [5, 5, 5, 5]
[2026-04-08 16:16:34] Building model with input window duration: 4.1875 s
[2026-04-08 16:16:34] Pretrained weight loading:
[2026-04-08 16:16:34]   Downloaded keys:        179
[2026-04-08 16:16:34]   Filtered (transformer): 172
[2026-04-08 16:16:34]   Filtered (pos_encoder): 0
[2026-04-08 16:16:34]   Keys to load:           7
[2026-04-08 16:16:34]   Missing keys:           4
[2026-04-08 16:16:34]   Unexpected keys:        0
[2026-04-08 16:16:34]   Missing preview:        ['spatial_conv.1.weight', 'spatial_conv.1.bias', 'final_layer.1.weight', 'final_layer.1.bias']
[2026-04-08 16:16:34]   Unexpected preview:     []
[2026-04-08 16:16:41]   Fold 3/5 | best_epoch=776 | stop=826 | val_loss=0.3709 | acc=0.9000 | bal_acc=0.9000
[2026-04-08 16:16:41]     Train class counts: [16, 16, 16, 16]
[2026-04-08 16:16:41]     Val class counts:   [4, 4, 4, 4]
[2026-04-08 16:16:41]     Test class counts:  [5, 5, 5, 5]
[2026-04-08 16:16:41] Building model with input window duration: 4.1875 s
[2026-04-08 16:16:41] Pretrained weight loading:
[2026-04-08 16:16:41]   Downloaded keys:        179
[2026-04-08 16:16:41]   Filtered (transformer): 172
[2026-04-08 16:16:41]   Filtered (pos_encoder): 0
[2026-04-08 16:16:41]   Keys to load:           7
[2026-04-08 16:16:41]   Missing keys:           4
[2026-04-08 16:16:41]   Unexpected keys:        0
[2026-04-08 16:16:41]   Missing preview:        ['spatial_conv.1.weight', 'spatial_conv.1.bias', 'final_layer.1.weight', 'final_layer.1.bias']
[2026-04-08 16:16:41]   Unexpected preview:     []
[2026-04-08 16:16:48]   Fold 4/5 | best_epoch=671 | stop=721 | val_loss=0.5945 | acc=0.7500 | bal_acc=0.7500
[2026-04-08 16:16:48]     Train class counts: [16, 16, 16, 16]
[2026-04-08 16:16:48]     Val class counts:   [4, 4, 4, 4]
[2026-04-08 16:16:48]     Test class counts:  [5, 5, 5, 5]
[2026-04-08 16:16:48] Building model with input window duration: 4.1875 s
[2026-04-08 16:16:48] Pretrained weight loading:
[2026-04-08 16:16:48]   Downloaded keys:        179
[2026-04-08 16:16:48]   Filtered (transformer): 172
[2026-04-08 16:16:48]   Filtered (pos_encoder): 0
[2026-04-08 16:16:48]   Keys to load:           7
[2026-04-08 16:16:48]   Missing keys:           4
[2026-04-08 16:16:48]   Unexpected keys:        0
[2026-04-08 16:16:48]   Missing preview:        ['spatial_conv.1.weight', 'spatial_conv.1.bias', 'final_layer.1.weight', 'final_layer.1.bias']
[2026-04-08 16:16:48]   Unexpected preview:     []
[2026-04-08 16:16:50]   Fold 5/5 | best_epoch=187 | stop=237 | val_loss=0.7952 | acc=0.9000 | bal_acc=0.9000
[2026-04-08 16:16:50]   Subject 54 summary: acc=0.8500±0.0548  bal_acc=0.8500±0.0548

[2026-04-08 16:16:50] Total folds completed: 35
[2026-04-08 16:16:50] ======================================================================
[2026-04-08 16:16:50] AGGREGATED RESULTS
[2026-04-08 16:16:50] ======================================================================
[2026-04-08 16:16:50]   Subject 48:  acc=0.9800±0.0245  bal_acc=0.9800±0.0245
[2026-04-08 16:16:50]   Subject 49:  acc=0.8900±0.0490  bal_acc=0.8900±0.0490
[2026-04-08 16:16:50]   Subject 50:  acc=0.9900±0.0200  bal_acc=0.9900±0.0200
[2026-04-08 16:16:50]   Subject 51:  acc=0.3500±0.1378  bal_acc=0.3500±0.1378
[2026-04-08 16:16:50]   Subject 52:  acc=0.9600±0.0200  bal_acc=0.9600±0.0200
[2026-04-08 16:16:50]   Subject 53:  acc=1.0000±0.0000  bal_acc=1.0000±0.0000
[2026-04-08 16:16:50]   Subject 54:  acc=0.8500±0.0548  bal_acc=0.8500±0.0548
[2026-04-08 16:16:50] ----------------------------------------------------------------------
[2026-04-08 16:16:50]   OVERALL:      acc=0.8600±0.2229  bal_acc=0.8600±0.2229
[2026-04-08 16:16:50] ======================================================================
[2026-04-08 16:16:50] CV results saved to:      /home/vegorov/Repos/eeg_jepa_research/artifacts/lee-2019-fine-tuning/SSVEP/20260408_1606_a87ad29d/cv_results.json
[2026-04-08 16:16:50] Subject metrics saved to: /home/vegorov/Repos/eeg_jepa_research/artifacts/lee-2019-fine-tuning/SSVEP/20260408_1606_a87ad29d/subject_metrics.json
[2026-04-08 16:16:50] Global metrics saved to:  /home/vegorov/Repos/eeg_jepa_research/artifacts/lee-2019-fine-tuning/SSVEP/20260408_1606_a87ad29d/global_metrics.json
[2026-04-08 16:16:50] Run metadata saved to:    /home/vegorov/Repos/eeg_jepa_research/artifacts/lee-2019-fine-tuning/SSVEP/20260408_1606_a87ad29d/run_metadata.json

[2026-04-08 16:16:50] All artifacts in: /home/vegorov/Repos/eeg_jepa_research/artifacts/lee-2019-fine-tuning/SSVEP/20260408_1606_a87ad29d

[2026-04-08 16:16:50] ======================================================================
[2026-04-08 16:16:50] EXPERIMENT SUMMARY
[2026-04-08 16:16:50] ======================================================================
[2026-04-08 16:16:50] Run ID:    20260408_1606_a87ad29d
[2026-04-08 16:16:50] Artifacts: /home/vegorov/Repos/eeg_jepa_research/artifacts/lee-2019-fine-tuning/SSVEP/20260408_1606_a87ad29d

[2026-04-08 16:16:50] Configuration:
[2026-04-08 16:16:50]   Subjects:          [48, 49, 50, 51, 52, 53, 54]
[2026-04-08 16:16:50]   Bandpass:          0.5-40.0 Hz
[2026-04-08 16:16:50]   Resample:          128 Hz
[2026-04-08 16:16:50]   CV folds:          5
[2026-04-08 16:16:50]   Learning rate:     None
[2026-04-08 16:16:50]   Batch size:        32
[2026-04-08 16:16:50]   Max epochs:        5000

[2026-04-08 16:16:50] Results:
[2026-04-08 16:16:50]   Mean Accuracy:          0.8600 ± 0.2229
[2026-04-08 16:16:50]   Mean Balanced Accuracy: 0.8600 ± 0.2229
