[2026-03-31 13:18:58] Using device: mps
[2026-03-31 13:18:58] Seed control enabled: True
[2026-03-31 13:18:58] Base seed: 9
[2026-03-31 13:18:58] Seed initialized: 9
[2026-03-31 13:18:58] ======================================================================
[2026-03-31 13:18:58] CONFIGURATION
[2026-03-31 13:18:58] ======================================================================
[2026-03-31 13:18:58]   artifact_dir: /Users/vadim/Documents/School/Spring 2026/CSCE A698 Individual Research/EEG_JEPA/artifacts/lee-2019-fine-tuning
[2026-03-31 13:18:58]   bandpass_high: 40.0
[2026-03-31 13:18:58]   bandpass_low: 0.5
[2026-03-31 13:18:58]   batch_size: 16
[2026-03-31 13:18:58]   convert_to_uV: True
[2026-03-31 13:18:58]   cv_folds: 5
[2026-03-31 13:18:58]   device: auto
[2026-03-31 13:18:58]   early_stopping_patience: 50
[2026-03-31 13:18:58]   learning_rate: 0.001
[2026-03-31 13:18:58]   n_epochs: 5000
[2026-03-31 13:18:58]   normalization_method: None
[2026-03-31 13:18:58]   normalize: False
[2026-03-31 13:18:58]   paradigm: SSVEP
[2026-03-31 13:18:58]   pretrained_url: https://huggingface.co/braindecode/SignalJEPA/resolve/main/signal-jepa_16s-60_adeuwv4s.pth
[2026-03-31 13:18:58]   seed: 9
[2026-03-31 13:18:58]   set_seed: True
[2026-03-31 13:18:58]   sfreq: 128
[2026-03-31 13:18:58]   subjects_to_use: [51]
[2026-03-31 13:18:58]   val_split: 0.2
[2026-03-31 13:18:58] ======================================================================
[2026-03-31 13:18:58] Config saved to: /Users/vadim/Documents/School/Spring 2026/CSCE A698 Individual Research/EEG_JEPA/artifacts/lee-2019-fine-tuning/SSVEP/20260331_1318_ae2c0beb/config.json
[2026-03-31 13:18:58] Epoch window configuration:
[2026-03-31 13:18:58]   Target sfreq:                128 Hz
[2026-03-31 13:18:58]   Target duration:             4.190000 s
[2026-03-31 13:18:58]   Window samples (rounded):    536
[2026-03-31 13:18:58]   Base trial samples (4.0 s):  512
[2026-03-31 13:18:58]   Trial stop offset samples:   24
[2026-03-31 13:18:58]   Effective window duration:   4.187500 s
[2026-03-31 13:18:58] Using specified subjects from config: [51]
[2026-03-31 13:18:58] Selected subjects: [51]
[2026-03-31 13:18:58] Expected evaluation folds: 5

[2026-03-31 13:18:58] Building MOABBDataset for Lee2019_SSVEP...
[2026-03-31 13:19:10] MOABBDataset recordings loaded: 2
[2026-03-31 13:19:10] Discovered annotation descriptions (first recording): [np.str_('12.0'), np.str_('5.45'), np.str_('6.67'), np.str_('8.57')]
[2026-03-31 13:19:10] Dataset event_id mapping: {'12.0': 1, '8.57': 2, '6.67': 3, '5.45': 4}
[2026-03-31 13:19:10] Label map (event_code -> class_index): {1: 0, 2: 1, 3: 2, 4: 3}
[2026-03-31 13:19:10] Applying Braindecode preprocessors to MOABBDataset...
[2026-03-31 13:19:18] Preprocessing complete.

[2026-03-31 13:19:18] Post-preprocessing validation
[2026-03-31 13:19:18]   Recordings in DATASET: 2
[2026-03-31 13:19:18]   Unique subject IDs:    ['51']
[2026-03-31 13:19:18]   sfreq (first rec):     128.0 Hz
[2026-03-31 13:19:18]   EEG channel count:     62
[2026-03-31 13:19:18]   First 10 channels:     ['Fp1', 'Fp2', 'F7', 'F3', 'Fz', 'F4', 'F8', 'FC5', 'FC1', 'FC2']
[2026-03-31 13:19:18] Channel consistency summary:
[2026-03-31 13:19:18]   Checked runs: 2
[2026-03-31 13:19:18]   Unique channel counts: [62]
[2026-03-31 13:19:18]   Channel order consistent: True
[2026-03-31 13:19:18] Validated EEG channels: 62
[2026-03-31 13:19:18] First 10 EEG channels: ['Fp1', 'Fp2', 'F7', 'F3', 'Fz', 'F4', 'F8', 'FC5', 'FC1', 'FC2']
[2026-03-31 13:19:18] raw mean_abs=6.206608e+00
[2026-03-31 13:19:18] raw std=2.712803e+01
[2026-03-31 13:19:18] raw first5 channel std= [30.27595633 56.56813395 13.75714116  8.89857459  7.91183515]
[2026-03-31 13:19:18] Requested window samples: 536
[2026-03-31 13:19:18] Base trial samples:       512
[2026-03-31 13:19:18] Stop offset samples:      24
[2026-03-31 13:19:18] Global class counts: [50, 50, 50, 50]
[2026-03-31 13:19:18] Chance level (4-class): 0.25
[2026-03-31 13:19:18] One window shape: (62, 536)
[2026-03-31 13:19:18] One window label: 2
[2026-03-31 13:19:18] Window sample length expected=536, got=536
[2026-03-31 13:19:18] Subjects in window split: [51]
[2026-03-31 13:19:18] Summarizing per-subject windows...
[2026-03-31 13:19:18]   Subject 51: n_windows=200, window_shape=(62, 536), class_counts=[50, 50, 50, 50]
[2026-03-31 13:19:18]    subject_id  n_windows  n_channels  n_times      class_counts
0          51        200          62      536  [50, 50, 50, 50]
[2026-03-31 13:19:18] Window validation summary:
[2026-03-31 13:19:18]   Subject 51: n_windows=200 class_counts=[50, 50, 50, 50]

[2026-03-31 13:19:18] Validated sampling rate target: 128 Hz
[2026-03-31 13:19:18] Validated window sample count:   536
[2026-03-31 13:19:18] Validated window duration:       4.1875 s
[2026-03-31 13:19:18] Validated channel count:         62
[2026-03-31 13:19:18] Total windows retained:          200
[2026-03-31 13:19:18] Preprocessing sanity checks:
[2026-03-31 13:19:18]   One sample label: 2
[2026-03-31 13:19:18]   One sample shape: (62, 536)
[2026-03-31 13:19:18]   Mean(abs(signal)): 7.808386e+00
[2026-03-31 13:19:18]   Mean(signal):      -1.469310e-08
[2026-03-31 13:19:18]   Std(signal):       1.102899e+01
[2026-03-31 13:19:18] Building model with input window duration: 4.1875 s
[2026-03-31 13:19:18] SignalJEPA_PreLocal instantiated successfully.
[2026-03-31 13:19:18]   Total parameters:     18,192
[2026-03-31 13:19:18]   Trainable parameters: 18,192
[2026-03-31 13:19:18] ======================================================================================================================================================
Layer (type (var_name):depth-idx)                  Input Shape               Output Shape              Param #                   Kernel Shape
======================================================================================================================================================
SignalJEPA_PreLocal (SignalJEPA_PreLocal)          [1, 62, 536]              [1, 4]                    --                        --
├─Sequential (spatial_conv): 1-1                   [1, 62, 536]              [1, 4, 536]               --                        --
│    └─Rearrange (0): 2-1                          [1, 62, 536]              [1, 1, 62, 536]           --                        --
│    └─Conv2d (1): 2-2                             [1, 1, 62, 536]           [1, 4, 1, 536]            252                       [62, 1]
│    └─Rearrange (2): 2-3                          [1, 4, 1, 536]            [1, 4, 536]               --                        --
├─_ConvFeatureEncoder (feature_encoder): 1-2       [1, 4, 536]               [1, 16, 64]               --                        --
│    └─Rearrange (0): 2-4                          [1, 4, 536]               [4, 1, 536]               --                        --
│    └─Sequential (1): 2-5                         [4, 1, 536]               [4, 8, 64]                --                        --
│    │    └─Conv1d (0): 3-1                        [4, 1, 536]               [4, 8, 64]                256                       [32]
│    │    └─Dropout (1): 3-2                       [4, 8, 64]                [4, 8, 64]                --                        --
│    │    └─GroupNorm (2): 3-3                     [4, 8, 64]                [4, 8, 64]                16                        --
│    │    └─GELU (3): 3-4                          [4, 8, 64]                [4, 8, 64]                --                        --
│    └─Sequential (2): 2-6                         [4, 8, 64]                [4, 16, 32]               --                        --
│    │    └─Conv1d (0): 3-5                        [4, 8, 64]                [4, 16, 32]               256                       [2]
│    │    └─Dropout (1): 3-6                       [4, 16, 32]               [4, 16, 32]               --                        --
│    │    └─GELU (2): 3-7                          [4, 16, 32]               [4, 16, 32]               --                        --
│    └─Sequential (3): 2-7                         [4, 16, 32]               [4, 32, 16]               --                        --
│    │    └─Conv1d (0): 3-8                        [4, 16, 32]               [4, 32, 16]               1,024                     [2]
│    │    └─Dropout (1): 3-9                       [4, 32, 16]               [4, 32, 16]               --                        --
│    │    └─GELU (2): 3-10                         [4, 32, 16]               [4, 32, 16]               --                        --
│    └─Sequential (4): 2-8                         [4, 32, 16]               [4, 64, 8]                --                        --
│    │    └─Conv1d (0): 3-11                       [4, 32, 16]               [4, 64, 8]                4,096                     [2]
│    │    └─Dropout (1): 3-12                      [4, 64, 8]                [4, 64, 8]                --                        --
│    │    └─GELU (2): 3-13                         [4, 64, 8]                [4, 64, 8]                --                        --
│    └─Sequential (5): 2-9                         [4, 64, 8]                [4, 64, 4]                --                        --
│    │    └─Conv1d (0): 3-14                       [4, 64, 8]                [4, 64, 4]                8,192                     [2]
│    │    └─Dropout (1): 3-15                      [4, 64, 4]                [4, 64, 4]                --                        --
│    │    └─GELU (2): 3-16                         [4, 64, 4]                [4, 64, 4]                --                        --
│    └─Rearrange (6): 2-10                         [4, 64, 4]                [1, 16, 64]               --                        --
├─Sequential (final_layer): 1-3                    [1, 16, 64]               [1, 4]                    --                        --
│    └─Flatten (0): 2-11                           [1, 16, 64]               [1, 1024]                 --                        --
│    └─Linear (1): 2-12                            [1, 1024]                 [1, 4]                    4,100                     --
======================================================================================================================================================
Total params: 18,192
Trainable params: 18,192
Non-trainable params: 0
Total mult-adds (Units.MEGABYTES): 0.57
======================================================================================================================================================
Input size (MB): 0.13
Forward/backward pass size (MB): 0.11
Params size (MB): 0.07
Estimated Total Size (MB): 0.31
======================================================================================================================================================
[2026-03-31 13:19:18] Initializing from 16s-60 pretrained checkpoint (Hugging Face):
[2026-03-31 13:19:18]   https://huggingface.co/braindecode/SignalJEPA/resolve/main/signal-jepa_16s-60_adeuwv4s.pth
[2026-03-31 13:19:18]   Downloaded 179 keys
[2026-03-31 13:19:18] ======================================================================
[2026-03-31 13:19:18] STARTING CROSS-VALIDATION
[2026-03-31 13:19:18] ======================================================================
[2026-03-31 13:19:18] Subjects:      [51]
[2026-03-31 13:19:18] CV folds:      5
[2026-03-31 13:19:18] Batch size:    16
[2026-03-31 13:19:18] Max epochs:    5000
[2026-03-31 13:19:18] Device:        mps
[2026-03-31 13:19:18] Seed control:  True
[2026-03-31 13:19:18] Base seed:     9
[2026-03-31 13:19:18] ======================================================================

[2026-03-31 13:19:18] Subject 51: 200 windows class_counts=[50, 50, 50, 50]
[2026-03-31 13:19:18]   Fold 1 split seed: 10
[2026-03-31 13:19:18]   Fold 1 split class counts:
[2026-03-31 13:19:18]     train=[32, 32, 32, 32] val=[8, 8, 8, 8] test=[10, 10, 10, 10]
[2026-03-31 13:19:18]   Fold 2 split seed: 11
[2026-03-31 13:19:18]   Fold 2 split class counts:
[2026-03-31 13:19:18]     train=[32, 32, 32, 32] val=[8, 8, 8, 8] test=[10, 10, 10, 10]
[2026-03-31 13:19:18]   Fold 3 split seed: 12
[2026-03-31 13:19:18]   Fold 3 split class counts:
[2026-03-31 13:19:18]     train=[32, 32, 32, 32] val=[8, 8, 8, 8] test=[10, 10, 10, 10]
[2026-03-31 13:19:18]   Fold 4 split seed: 13
[2026-03-31 13:19:18]   Fold 4 split class counts:
[2026-03-31 13:19:18]     train=[32, 32, 32, 32] val=[8, 8, 8, 8] test=[10, 10, 10, 10]
[2026-03-31 13:19:18]   Fold 5 split seed: 14
[2026-03-31 13:19:18]   Fold 5 split class counts:
[2026-03-31 13:19:18]     train=[32, 32, 32, 32] val=[8, 8, 8, 8] test=[10, 10, 10, 10]
[2026-03-31 13:19:18]   Subject 51 Fold 1 seed: 5110
[2026-03-31 13:19:18]   Subject 51 Fold 1: n_train=128 n_val=32 n_test=40
[2026-03-31 13:19:18]     Train class counts: [32, 32, 32, 32]
[2026-03-31 13:19:18]     Val class counts:   [8, 8, 8, 8]
[2026-03-31 13:19:18]     Test class counts:  [10, 10, 10, 10]
[2026-03-31 13:19:18] Building model with input window duration: 4.1875 s
[2026-03-31 13:19:18] Pretrained weight loading:
[2026-03-31 13:19:18]   Downloaded keys:        179
[2026-03-31 13:19:18]   Filtered (transformer): 172
[2026-03-31 13:19:18]   Filtered (pos_encoder): 0
[2026-03-31 13:19:18]   Keys to load:           7
[2026-03-31 13:19:18]   Missing keys:           4
[2026-03-31 13:19:18]   Unexpected keys:        0
[2026-03-31 13:19:18]   Missing preview:        ['spatial_conv.1.weight', 'spatial_conv.1.bias', 'final_layer.1.weight', 'final_layer.1.bias']
[2026-03-31 13:19:18]   Unexpected preview:     []
[2026-03-31 13:19:18] Encoder freeze configuration:
[2026-03-31 13:19:18]   Total parameters:        18,192
[2026-03-31 13:19:18]   Trainable parameters:    4,352
[2026-03-31 13:19:18]   Training percentage:     23.9%
[2026-03-31 13:19:18]   Trainable layers: 4
[2026-03-31 13:19:18]     - final_layer.1.bias
[2026-03-31 13:19:18]     - final_layer.1.weight
[2026-03-31 13:19:18]     - spatial_conv.1.bias
[2026-03-31 13:19:18]     - spatial_conv.1.weight
[2026-03-31 13:19:18]     Train generator seeded: True
[2026-03-31 13:19:32]     Stopped epoch:            173
[2026-03-31 13:19:32]     Best epoch (valid_loss):  123
[2026-03-31 13:19:32]     Best valid_loss:          1.3409982919692993
[2026-03-31 13:19:32]     Test accuracy (primary):  0.4750
[2026-03-31 13:19:32]     Test balanced acc:        0.4750
[2026-03-31 13:19:32]     Confusion matrix:         [[4, 3, 3, 0], [0, 4, 3, 3], [3, 2, 4, 1], [1, 0, 2, 7]]
[2026-03-31 13:19:32]     Prediction histogram:     [8, 9, 12, 11]
[2026-03-31 13:19:32]     fold_acc=0.4750 fold_bal_acc=0.4750 cm=[[4, 3, 3, 0], [0, 4, 3, 3], [3, 2, 4, 1], [1, 0, 2, 7]]
[2026-03-31 13:19:32]   Subject 51 Fold 2 seed: 5111
[2026-03-31 13:19:32]   Subject 51 Fold 2: n_train=128 n_val=32 n_test=40
[2026-03-31 13:19:32]     Train class counts: [32, 32, 32, 32]
[2026-03-31 13:19:32]     Val class counts:   [8, 8, 8, 8]
[2026-03-31 13:19:32]     Test class counts:  [10, 10, 10, 10]
[2026-03-31 13:19:32] Building model with input window duration: 4.1875 s
[2026-03-31 13:19:32] Pretrained weight loading:
[2026-03-31 13:19:32]   Downloaded keys:        179
[2026-03-31 13:19:32]   Filtered (transformer): 172
[2026-03-31 13:19:32]   Filtered (pos_encoder): 0
[2026-03-31 13:19:32]   Keys to load:           7
[2026-03-31 13:19:32]   Missing keys:           4
[2026-03-31 13:19:32]   Unexpected keys:        0
[2026-03-31 13:19:32]   Missing preview:        ['spatial_conv.1.weight', 'spatial_conv.1.bias', 'final_layer.1.weight', 'final_layer.1.bias']
[2026-03-31 13:19:32]   Unexpected preview:     []
[2026-03-31 13:19:32] Encoder freeze configuration:
[2026-03-31 13:19:32]   Total parameters:        18,192
[2026-03-31 13:19:32]   Trainable parameters:    4,352
[2026-03-31 13:19:32]   Training percentage:     23.9%
[2026-03-31 13:19:32]   Trainable layers: 4
[2026-03-31 13:19:32]     - final_layer.1.bias
[2026-03-31 13:19:32]     - final_layer.1.weight
[2026-03-31 13:19:32]     - spatial_conv.1.bias
[2026-03-31 13:19:32]     - spatial_conv.1.weight
[2026-03-31 13:19:32]     Train generator seeded: True
[2026-03-31 13:19:37]     Stopped epoch:            68
[2026-03-31 13:19:37]     Best epoch (valid_loss):  18
[2026-03-31 13:19:37]     Best valid_loss:          1.3822870254516602
[2026-03-31 13:19:37]     Test accuracy (primary):  0.2500
[2026-03-31 13:19:37]     Test balanced acc:        0.2500
[2026-03-31 13:19:37]     Confusion matrix:         [[2, 1, 5, 2], [3, 2, 2, 3], [1, 3, 3, 3], [2, 2, 3, 3]]
[2026-03-31 13:19:37]     Prediction histogram:     [8, 8, 13, 11]
[2026-03-31 13:19:37]     fold_acc=0.2500 fold_bal_acc=0.2500 cm=[[2, 1, 5, 2], [3, 2, 2, 3], [1, 3, 3, 3], [2, 2, 3, 3]]
[2026-03-31 13:19:37]   Subject 51 Fold 3 seed: 5112
[2026-03-31 13:19:37]   Subject 51 Fold 3: n_train=128 n_val=32 n_test=40
[2026-03-31 13:19:37]     Train class counts: [32, 32, 32, 32]
[2026-03-31 13:19:37]     Val class counts:   [8, 8, 8, 8]
[2026-03-31 13:19:37]     Test class counts:  [10, 10, 10, 10]
[2026-03-31 13:19:37] Building model with input window duration: 4.1875 s
[2026-03-31 13:19:37] Pretrained weight loading:
[2026-03-31 13:19:37]   Downloaded keys:        179
[2026-03-31 13:19:37]   Filtered (transformer): 172
[2026-03-31 13:19:37]   Filtered (pos_encoder): 0
[2026-03-31 13:19:37]   Keys to load:           7
[2026-03-31 13:19:37]   Missing keys:           4
[2026-03-31 13:19:37]   Unexpected keys:        0
[2026-03-31 13:19:37]   Missing preview:        ['spatial_conv.1.weight', 'spatial_conv.1.bias', 'final_layer.1.weight', 'final_layer.1.bias']
[2026-03-31 13:19:37]   Unexpected preview:     []
[2026-03-31 13:19:37] Encoder freeze configuration:
[2026-03-31 13:19:37]   Total parameters:        18,192
[2026-03-31 13:19:37]   Trainable parameters:    4,352
[2026-03-31 13:19:37]   Training percentage:     23.9%
[2026-03-31 13:19:37]   Trainable layers: 4
[2026-03-31 13:19:37]     - final_layer.1.bias
[2026-03-31 13:19:37]     - final_layer.1.weight
[2026-03-31 13:19:37]     - spatial_conv.1.bias
[2026-03-31 13:19:37]     - spatial_conv.1.weight
[2026-03-31 13:19:37]     Train generator seeded: True
[2026-03-31 13:19:41]     Stopped epoch:            51
[2026-03-31 13:19:41]     Best epoch (valid_loss):  1
[2026-03-31 13:19:41]     Best valid_loss:          1.387702763080597
[2026-03-31 13:19:41]     Test accuracy (primary):  0.2250
[2026-03-31 13:19:41]     Test balanced acc:        0.2250
[2026-03-31 13:19:41]     Confusion matrix:         [[0, 0, 0, 10], [0, 0, 1, 9], [0, 0, 1, 9], [2, 0, 0, 8]]
[2026-03-31 13:19:41]     Prediction histogram:     [2, 0, 2, 36]
[2026-03-31 13:19:41]     fold_acc=0.2250 fold_bal_acc=0.2250 cm=[[0, 0, 0, 10], [0, 0, 1, 9], [0, 0, 1, 9], [2, 0, 0, 8]]
[2026-03-31 13:19:41]   Subject 51 Fold 4 seed: 5113
[2026-03-31 13:19:41]   Subject 51 Fold 4: n_train=128 n_val=32 n_test=40
[2026-03-31 13:19:41]     Train class counts: [32, 32, 32, 32]
[2026-03-31 13:19:41]     Val class counts:   [8, 8, 8, 8]
[2026-03-31 13:19:41]     Test class counts:  [10, 10, 10, 10]
[2026-03-31 13:19:41] Building model with input window duration: 4.1875 s
[2026-03-31 13:19:41] Pretrained weight loading:
[2026-03-31 13:19:41]   Downloaded keys:        179
[2026-03-31 13:19:41]   Filtered (transformer): 172
[2026-03-31 13:19:41]   Filtered (pos_encoder): 0
[2026-03-31 13:19:41]   Keys to load:           7
[2026-03-31 13:19:41]   Missing keys:           4
[2026-03-31 13:19:41]   Unexpected keys:        0
[2026-03-31 13:19:41]   Missing preview:        ['spatial_conv.1.weight', 'spatial_conv.1.bias', 'final_layer.1.weight', 'final_layer.1.bias']
[2026-03-31 13:19:41]   Unexpected preview:     []
[2026-03-31 13:19:41] Encoder freeze configuration:
[2026-03-31 13:19:41]   Total parameters:        18,192
[2026-03-31 13:19:41]   Trainable parameters:    4,352
[2026-03-31 13:19:41]   Training percentage:     23.9%
[2026-03-31 13:19:41]   Trainable layers: 4
[2026-03-31 13:19:41]     - final_layer.1.bias
[2026-03-31 13:19:41]     - final_layer.1.weight
[2026-03-31 13:19:41]     - spatial_conv.1.bias
[2026-03-31 13:19:41]     - spatial_conv.1.weight
[2026-03-31 13:19:41]     Train generator seeded: True
[2026-03-31 13:19:54]     Stopped epoch:            161
[2026-03-31 13:19:54]     Best epoch (valid_loss):  128
[2026-03-31 13:19:54]     Best valid_loss:          1.353931963443756
[2026-03-31 13:19:54]     Test accuracy (primary):  0.2500
[2026-03-31 13:19:54]     Test balanced acc:        0.2500
[2026-03-31 13:19:54]     Confusion matrix:         [[1, 3, 3, 3], [2, 3, 2, 3], [2, 3, 2, 3], [2, 2, 2, 4]]
[2026-03-31 13:19:54]     Prediction histogram:     [7, 11, 9, 13]
[2026-03-31 13:19:54]     fold_acc=0.2500 fold_bal_acc=0.2500 cm=[[1, 3, 3, 3], [2, 3, 2, 3], [2, 3, 2, 3], [2, 2, 2, 4]]
[2026-03-31 13:19:54]   Subject 51 Fold 5 seed: 5114
[2026-03-31 13:19:54]   Subject 51 Fold 5: n_train=128 n_val=32 n_test=40
[2026-03-31 13:19:54]     Train class counts: [32, 32, 32, 32]
[2026-03-31 13:19:54]     Val class counts:   [8, 8, 8, 8]
[2026-03-31 13:19:54]     Test class counts:  [10, 10, 10, 10]
[2026-03-31 13:19:54] Building model with input window duration: 4.1875 s
[2026-03-31 13:19:54] Pretrained weight loading:
[2026-03-31 13:19:54]   Downloaded keys:        179
[2026-03-31 13:19:54]   Filtered (transformer): 172
[2026-03-31 13:19:54]   Filtered (pos_encoder): 0
[2026-03-31 13:19:54]   Keys to load:           7
[2026-03-31 13:19:54]   Missing keys:           4
[2026-03-31 13:19:54]   Unexpected keys:        0
[2026-03-31 13:19:54]   Missing preview:        ['spatial_conv.1.weight', 'spatial_conv.1.bias', 'final_layer.1.weight', 'final_layer.1.bias']
[2026-03-31 13:19:54]   Unexpected preview:     []
[2026-03-31 13:19:54] Encoder freeze configuration:
[2026-03-31 13:19:54]   Total parameters:        18,192
[2026-03-31 13:19:54]   Trainable parameters:    4,352
[2026-03-31 13:19:54]   Training percentage:     23.9%
[2026-03-31 13:19:54]   Trainable layers: 4
[2026-03-31 13:19:54]     - final_layer.1.bias
[2026-03-31 13:19:54]     - final_layer.1.weight
[2026-03-31 13:19:54]     - spatial_conv.1.bias
[2026-03-31 13:19:54]     - spatial_conv.1.weight
[2026-03-31 13:19:54]     Train generator seeded: True
[2026-03-31 13:20:00]     Stopped epoch:            79
[2026-03-31 13:20:00]     Best epoch (valid_loss):  41
[2026-03-31 13:20:00]     Best valid_loss:          1.372314691543579
[2026-03-31 13:20:00]     Test accuracy (primary):  0.4750
[2026-03-31 13:20:00]     Test balanced acc:        0.4750
[2026-03-31 13:20:00]     Confusion matrix:         [[5, 1, 2, 2], [1, 4, 1, 4], [1, 2, 4, 3], [2, 2, 0, 6]]
[2026-03-31 13:20:00]     Prediction histogram:     [9, 9, 7, 15]
[2026-03-31 13:20:00]     fold_acc=0.4750 fold_bal_acc=0.4750 cm=[[5, 1, 2, 2], [1, 4, 1, 4], [1, 2, 4, 3], [2, 2, 0, 6]]
[2026-03-31 13:20:00]   Subject 51 mean accuracy: 0.3350

[2026-03-31 13:20:00] Total folds completed: 5
[2026-03-31 13:20:00] ======================================================================
[2026-03-31 13:20:00] AGGREGATED RESULTS
[2026-03-31 13:20:00] ======================================================================
[2026-03-31 13:20:00]   Subject 51:  acc=0.3350±0.1147  bal_acc=0.3350±0.1147
[2026-03-31 13:20:00] ----------------------------------------------------------------------
[2026-03-31 13:20:00]   OVERALL:      acc=0.3350±0.1147  bal_acc=0.3350±0.1147
[2026-03-31 13:20:00] ======================================================================
[2026-03-31 13:20:00] CV results saved to:      /Users/vadim/Documents/School/Spring 2026/CSCE A698 Individual Research/EEG_JEPA/artifacts/lee-2019-fine-tuning/SSVEP/20260331_1318_ae2c0beb/cv_results.json
[2026-03-31 13:20:00] Subject metrics saved to: /Users/vadim/Documents/School/Spring 2026/CSCE A698 Individual Research/EEG_JEPA/artifacts/lee-2019-fine-tuning/SSVEP/20260331_1318_ae2c0beb/subject_metrics.json
[2026-03-31 13:20:00] Global metrics saved to:  /Users/vadim/Documents/School/Spring 2026/CSCE A698 Individual Research/EEG_JEPA/artifacts/lee-2019-fine-tuning/SSVEP/20260331_1318_ae2c0beb/global_metrics.json
[2026-03-31 13:20:00] Run metadata saved to:    /Users/vadim/Documents/School/Spring 2026/CSCE A698 Individual Research/EEG_JEPA/artifacts/lee-2019-fine-tuning/SSVEP/20260331_1318_ae2c0beb/run_metadata.json

[2026-03-31 13:20:00] All artifacts in: /Users/vadim/Documents/School/Spring 2026/CSCE A698 Individual Research/EEG_JEPA/artifacts/lee-2019-fine-tuning/SSVEP/20260331_1318_ae2c0beb

[2026-03-31 13:20:00] ======================================================================
[2026-03-31 13:20:00] EXPERIMENT SUMMARY
[2026-03-31 13:20:00] ======================================================================
[2026-03-31 13:20:00] Run ID:    20260331_1318_ae2c0beb
[2026-03-31 13:20:00] Artifacts: /Users/vadim/Documents/School/Spring 2026/CSCE A698 Individual Research/EEG_JEPA/artifacts/lee-2019-fine-tuning/SSVEP/20260331_1318_ae2c0beb

[2026-03-31 13:20:00] Configuration:
[2026-03-31 13:20:00]   Subjects:          [51]
[2026-03-31 13:20:00]   Bandpass:          0.5-40.0 Hz
[2026-03-31 13:20:00]   Resample:          128 Hz
[2026-03-31 13:20:00]   CV folds:          5
[2026-03-31 13:20:00]   Learning rate:     0.001
[2026-03-31 13:20:00]   Batch size:        16
[2026-03-31 13:20:00]   Max epochs:        5000

[2026-03-31 13:20:00] Results:
[2026-03-31 13:20:00]   Mean Accuracy:          0.3350 ± 0.1147
[2026-03-31 13:20:00]   Mean Balanced Accuracy: 0.3350 ± 0.1147
