[2026-04-23 16:58:38] Using device: cpu
[2026-04-23 16:58:38] Seed control disabled (CONFIG['set_seed'] = False)
[2026-04-23 16:58:38] ======================================================================
[2026-04-23 16:58:38] CONFIGURATION
[2026-04-23 16:58:38] ======================================================================
[2026-04-23 16:58:38]   artifact_dir: /home/vegorov/Repos/eeg_jepa_research/artifacts/lee-2019-fine-tuning
[2026-04-23 16:58:38]   bandpass_high: 40.0
[2026-04-23 16:58:38]   bandpass_low: 0.5
[2026-04-23 16:58:38]   batch_size: 32
[2026-04-23 16:58:38]   cv_folds: 5
[2026-04-23 16:58:38]   early_stopping_patience: 50
[2026-04-23 16:58:38]   learning_rate: 0.001
[2026-04-23 16:58:38]   model_name: SignalJEPA_Contextual
[2026-04-23 16:58:38]   n_epochs: 5000
[2026-04-23 16:58:38]   paradigm: MI
[2026-04-23 16:58:38]   seed: 12
[2026-04-23 16:58:38]   set_seed: False
[2026-04-23 16:58:38]   sfreq: 128
[2026-04-23 16:58:38]   strategy: full
[2026-04-23 16:58:38]   subjects_to_use: None
[2026-04-23 16:58:38]   val_split: 0.2
[2026-04-23 16:58:38]   warmup_epochs: 10
[2026-04-23 16:58:38] ======================================================================
[2026-04-23 16:58:38] Config saved to: /home/vegorov/Repos/eeg_jepa_research/artifacts/lee-2019-fine-tuning/MI/20260423_1658_5b9f4b2d/config.json
[2026-04-23 16:58:38] Epoch window configuration:
[2026-04-23 16:58:38]   Target sfreq:                128 Hz
[2026-04-23 16:58:38]   Requested duration:          4.20 s
[2026-04-23 16:58:38]   Expected window samples:     537

[2026-04-23 16:58:38] Preprocessed concat dataset exists: True (checked at: /home/vegorov/Repos/eeg_jepa_research/preprocessed_concat_datasets/MI_subjects_48_49_50_51_52_53_54)
[2026-04-23 16:58:39] Loaded raw concat dataset from: /home/vegorov/Repos/eeg_jepa_research/preprocessed_concat_datasets/MI_subjects_48_49_50_51_52_53_54

[2026-04-23 16:58:39] Post-load raw validation
[2026-04-23 16:58:39]   Recordings in LOADED_DATASET:   14
[2026-04-23 16:58:39]   Unique subject IDs:             ['48', '49', '50', '51', '52', '53', '54']
[2026-04-23 16:58:39]   sfreq (first rec):              128.0 Hz
[2026-04-23 16:58:39]   EEG channel count:              62
[2026-04-23 16:58:39] Window shape: (62, 537)
[2026-04-23 16:58:39] Window sample length expected=537, got=537
[2026-04-23 16:58:39] Global class counts: [700, 700]
[2026-04-23 16:58:39] Chance level (2-class): 0.50
[2026-04-23 16:58:39] Summarizing per-subject windows...
[2026-04-23 16:58:39]   Subject 48: n_windows=200, window_shape=(62, 537), class_counts=[100, 100]
[2026-04-23 16:58:39]   Subject 49: n_windows=200, window_shape=(62, 537), class_counts=[100, 100]
[2026-04-23 16:58:39]   Subject 50: n_windows=200, window_shape=(62, 537), class_counts=[100, 100]
[2026-04-23 16:58:39]   Subject 51: n_windows=200, window_shape=(62, 537), class_counts=[100, 100]
[2026-04-23 16:58:39]   Subject 52: n_windows=200, window_shape=(62, 537), class_counts=[100, 100]
[2026-04-23 16:58:39]   Subject 53: n_windows=200, window_shape=(62, 537), class_counts=[100, 100]
[2026-04-23 16:58:39]   Subject 54: n_windows=200, window_shape=(62, 537), class_counts=[100, 100]
[2026-04-23 16:58:40] SignalJEPA_Contextual instantiated successfully from braindecode/signal-jepa.
[2026-04-23 16:58:40]   Total parameters:     3,459,154
[2026-04-23 16:58:40]   Trainable parameters: 3,459,154
[2026-04-23 16:58:40] ======================================================================
[2026-04-23 16:58:40] STARTING CROSS-VALIDATION
[2026-04-23 16:58:40] ======================================================================
[2026-04-23 16:58:40] Subjects:      [48, 49, 50, 51, 52, 53, 54]
[2026-04-23 16:58:40] Paradigm:      MI
[2026-04-23 16:58:40] Model:         SignalJEPA_Contextual
[2026-04-23 16:58:40] Strategy:      full
[2026-04-23 16:58:40] Warm-up epochs:10
[2026-04-23 16:58:40] CV folds:      5
[2026-04-23 16:58:40] Batch size:    32
[2026-04-23 16:58:40] Learning rate: 0.001
[2026-04-23 16:58:40] Max epochs:    5000
[2026-04-23 16:58:40] Device:        cpu
[2026-04-23 16:58:40] Seed control:  False
[2026-04-23 16:58:40] CV seed:       12
[2026-04-23 16:58:40] ======================================================================

[2026-04-23 16:58:40] Subject 48: 200 windows | class_counts=[100, 100]
[2026-04-23 16:58:40]     Downstream model:        SignalJEPA_Contextual
[2026-04-23 16:58:40]     Fine-tune strategy:      full
[2026-04-23 16:58:40]     Warm-up epochs:          10
[2026-04-23 16:58:40]     Pretrained loading path: from_pretrained
[2026-04-23 16:58:40]     Pretrained repo:         braindecode/signal-jepa
[2026-04-23 16:58:40]     Phase 1 (warmup):
[2026-04-23 16:58:40]       Trainable groups: ['pos_encoder.', 'final_layer.']
[2026-04-23 16:58:40]       Total params:     3,459,154
[2026-04-23 16:58:40]       Trainable params: 4,162
[2026-04-23 16:58:40]       Trainable pct:    0.12%
[2026-04-23 16:58:40]       Trainable parameter names: ['pos_encoder.pos_encoder_spat.weight', 'final_layer.spat_conv.weight', 'final_layer.spat_conv.bias', 'final_layer.linear.weight', 'final_layer.linear.bias']
[2026-04-23 16:59:52]     Phase 2 (full):
[2026-04-23 16:59:52]       Trainable groups: ['all_parameters']
[2026-04-23 16:59:52]       Total params:     3,459,154
[2026-04-23 16:59:52]       Trainable params: 3,459,154
[2026-04-23 16:59:52]       Trainable pct:    100.00%
[2026-04-23 16:59:52]       Trainable parameter names: ['feature_encoder.1.0.weight', 'feature_encoder.1.2.weight', 'feature_encoder.1.2.bias', 'feature_encoder.2.0.weight', 'feature_encoder.3.0.weight', 'feature_encoder.4.0.weight', 'feature_encoder.5.0.weight', 'pos_encoder.pos_encoder_spat.weight', 'transformer.encoder.layers.0.self_attn.in_proj_weight', 'transformer.encoder.layers.0.self_attn.in_proj_bias', 'transformer.encoder.layers.0.self_attn.out_proj.weight', 'transformer.encoder.layers.0.self_attn.out_proj.bias']
[2026-04-23 16:59:52]       ... 172 additional trainable parameters hidden
[2026-04-24 06:07:32]   Fold 1/5 | best_epoch=7 | stop=5000 | val_loss=0.6931 | acc=0.5000 | bal_acc=0.5000 | roc_auc=N/A
[2026-04-24 06:07:32]     Downstream model:        SignalJEPA_Contextual
[2026-04-24 06:07:32]     Fine-tune strategy:      full
[2026-04-24 06:07:32]     Warm-up epochs:          10
[2026-04-24 06:07:32]     Pretrained loading path: from_pretrained
[2026-04-24 06:07:32]     Pretrained repo:         braindecode/signal-jepa
[2026-04-24 06:07:32]     Phase 1 (warmup):
[2026-04-24 06:07:32]       Trainable groups: ['pos_encoder.', 'final_layer.']
[2026-04-24 06:07:32]       Total params:     3,459,154
[2026-04-24 06:07:32]       Trainable params: 4,162
[2026-04-24 06:07:32]       Trainable pct:    0.12%
[2026-04-24 06:07:32]       Trainable parameter names: ['pos_encoder.pos_encoder_spat.weight', 'final_layer.spat_conv.weight', 'final_layer.spat_conv.bias', 'final_layer.linear.weight', 'final_layer.linear.bias']
[2026-04-24 06:08:48]     Phase 2 (full):
[2026-04-24 06:08:48]       Trainable groups: ['all_parameters']
[2026-04-24 06:08:48]       Total params:     3,459,154
[2026-04-24 06:08:48]       Trainable params: 3,459,154
[2026-04-24 06:08:48]       Trainable pct:    100.00%
[2026-04-24 06:08:48]       Trainable parameter names: ['feature_encoder.1.0.weight', 'feature_encoder.1.2.weight', 'feature_encoder.1.2.bias', 'feature_encoder.2.0.weight', 'feature_encoder.3.0.weight', 'feature_encoder.4.0.weight', 'feature_encoder.5.0.weight', 'pos_encoder.pos_encoder_spat.weight', 'transformer.encoder.layers.0.self_attn.in_proj_weight', 'transformer.encoder.layers.0.self_attn.in_proj_bias', 'transformer.encoder.layers.0.self_attn.out_proj.weight', 'transformer.encoder.layers.0.self_attn.out_proj.bias']
[2026-04-24 06:08:48]       ... 172 additional trainable parameters hidden
[2026-04-24 19:31:45]   Fold 2/5 | best_epoch=76 | stop=5000 | val_loss=0.6931 | acc=0.5000 | bal_acc=0.5000 | roc_auc=N/A
[2026-04-24 19:31:45]     Downstream model:        SignalJEPA_Contextual
[2026-04-24 19:31:45]     Fine-tune strategy:      full
[2026-04-24 19:31:45]     Warm-up epochs:          10
[2026-04-24 19:31:45]     Pretrained loading path: from_pretrained
[2026-04-24 19:31:45]     Pretrained repo:         braindecode/signal-jepa
[2026-04-24 19:31:45]     Phase 1 (warmup):
[2026-04-24 19:31:45]       Trainable groups: ['pos_encoder.', 'final_layer.']
[2026-04-24 19:31:45]       Total params:     3,459,154
[2026-04-24 19:31:45]       Trainable params: 4,162
[2026-04-24 19:31:45]       Trainable pct:    0.12%
[2026-04-24 19:31:45]       Trainable parameter names: ['pos_encoder.pos_encoder_spat.weight', 'final_layer.spat_conv.weight', 'final_layer.spat_conv.bias', 'final_layer.linear.weight', 'final_layer.linear.bias']
[2026-04-24 19:33:03]     Phase 2 (full):
[2026-04-24 19:33:03]       Trainable groups: ['all_parameters']
[2026-04-24 19:33:03]       Total params:     3,459,154
[2026-04-24 19:33:03]       Trainable params: 3,459,154
[2026-04-24 19:33:03]       Trainable pct:    100.00%
[2026-04-24 19:33:03]       Trainable parameter names: ['feature_encoder.1.0.weight', 'feature_encoder.1.2.weight', 'feature_encoder.1.2.bias', 'feature_encoder.2.0.weight', 'feature_encoder.3.0.weight', 'feature_encoder.4.0.weight', 'feature_encoder.5.0.weight', 'pos_encoder.pos_encoder_spat.weight', 'transformer.encoder.layers.0.self_attn.in_proj_weight', 'transformer.encoder.layers.0.self_attn.in_proj_bias', 'transformer.encoder.layers.0.self_attn.out_proj.weight', 'transformer.encoder.layers.0.self_attn.out_proj.bias']
[2026-04-24 19:33:03]       ... 172 additional trainable parameters hidden
[2026-04-25 09:02:09]   Fold 3/5 | best_epoch=484 | stop=5000 | val_loss=0.6931 | acc=0.5000 | bal_acc=0.5000 | roc_auc=N/A
[2026-04-25 09:02:10]     Downstream model:        SignalJEPA_Contextual
[2026-04-25 09:02:10]     Fine-tune strategy:      full
[2026-04-25 09:02:10]     Warm-up epochs:          10
[2026-04-25 09:02:10]     Pretrained loading path: from_pretrained
[2026-04-25 09:02:10]     Pretrained repo:         braindecode/signal-jepa
[2026-04-25 09:02:10]     Phase 1 (warmup):
[2026-04-25 09:02:10]       Trainable groups: ['pos_encoder.', 'final_layer.']
[2026-04-25 09:02:10]       Total params:     3,459,154
[2026-04-25 09:02:10]       Trainable params: 4,162
[2026-04-25 09:02:10]       Trainable pct:    0.12%
[2026-04-25 09:02:10]       Trainable parameter names: ['pos_encoder.pos_encoder_spat.weight', 'final_layer.spat_conv.weight', 'final_layer.spat_conv.bias', 'final_layer.linear.weight', 'final_layer.linear.bias']
[2026-04-25 09:03:27]     Phase 2 (full):
[2026-04-25 09:03:27]       Trainable groups: ['all_parameters']
[2026-04-25 09:03:27]       Total params:     3,459,154
[2026-04-25 09:03:27]       Trainable params: 3,459,154
[2026-04-25 09:03:27]       Trainable pct:    100.00%
[2026-04-25 09:03:27]       Trainable parameter names: ['feature_encoder.1.0.weight', 'feature_encoder.1.2.weight', 'feature_encoder.1.2.bias', 'feature_encoder.2.0.weight', 'feature_encoder.3.0.weight', 'feature_encoder.4.0.weight', 'feature_encoder.5.0.weight', 'pos_encoder.pos_encoder_spat.weight', 'transformer.encoder.layers.0.self_attn.in_proj_weight', 'transformer.encoder.layers.0.self_attn.in_proj_bias', 'transformer.encoder.layers.0.self_attn.out_proj.weight', 'transformer.encoder.layers.0.self_attn.out_proj.bias']
[2026-04-25 09:03:27]       ... 172 additional trainable parameters hidden
[2026-04-25 22:37:36]   Fold 4/5 | best_epoch=404 | stop=5000 | val_loss=0.6931 | acc=0.5000 | bal_acc=0.5000 | roc_auc=N/A
[2026-04-25 22:37:37]     Downstream model:        SignalJEPA_Contextual
[2026-04-25 22:37:37]     Fine-tune strategy:      full
[2026-04-25 22:37:37]     Warm-up epochs:          10
[2026-04-25 22:37:37]     Pretrained loading path: from_pretrained
[2026-04-25 22:37:37]     Pretrained repo:         braindecode/signal-jepa
[2026-04-25 22:37:37]     Phase 1 (warmup):
[2026-04-25 22:37:37]       Trainable groups: ['pos_encoder.', 'final_layer.']
[2026-04-25 22:37:37]       Total params:     3,459,154
[2026-04-25 22:37:37]       Trainable params: 4,162
[2026-04-25 22:37:37]       Trainable pct:    0.12%
[2026-04-25 22:37:37]       Trainable parameter names: ['pos_encoder.pos_encoder_spat.weight', 'final_layer.spat_conv.weight', 'final_layer.spat_conv.bias', 'final_layer.linear.weight', 'final_layer.linear.bias']
[2026-04-25 22:38:55]     Phase 2 (full):
[2026-04-25 22:38:55]       Trainable groups: ['all_parameters']
[2026-04-25 22:38:55]       Total params:     3,459,154
[2026-04-25 22:38:55]       Trainable params: 3,459,154
[2026-04-25 22:38:55]       Trainable pct:    100.00%
[2026-04-25 22:38:55]       Trainable parameter names: ['feature_encoder.1.0.weight', 'feature_encoder.1.2.weight', 'feature_encoder.1.2.bias', 'feature_encoder.2.0.weight', 'feature_encoder.3.0.weight', 'feature_encoder.4.0.weight', 'feature_encoder.5.0.weight', 'pos_encoder.pos_encoder_spat.weight', 'transformer.encoder.layers.0.self_attn.in_proj_weight', 'transformer.encoder.layers.0.self_attn.in_proj_bias', 'transformer.encoder.layers.0.self_attn.out_proj.weight', 'transformer.encoder.layers.0.self_attn.out_proj.bias']
[2026-04-25 22:38:55]       ... 172 additional trainable parameters hidden
[2026-04-26 12:13:04]   Fold 5/5 | best_epoch=731 | stop=5000 | val_loss=0.6931 | acc=0.5000 | bal_acc=0.5000 | roc_auc=N/A
[2026-04-26 12:13:04]   Subject 48 summary: acc=0.5000±0.0000  bal_acc=0.5000±0.0000  roc_auc=N/A

[2026-04-26 12:13:04] Subject 49: 200 windows | class_counts=[100, 100]
[2026-04-26 12:13:05]     Downstream model:        SignalJEPA_Contextual
[2026-04-26 12:13:05]     Fine-tune strategy:      full
[2026-04-26 12:13:05]     Warm-up epochs:          10
[2026-04-26 12:13:05]     Pretrained loading path: from_pretrained
[2026-04-26 12:13:05]     Pretrained repo:         braindecode/signal-jepa
[2026-04-26 12:13:05]     Phase 1 (warmup):
[2026-04-26 12:13:05]       Trainable groups: ['pos_encoder.', 'final_layer.']
[2026-04-26 12:13:05]       Total params:     3,459,154
[2026-04-26 12:13:05]       Trainable params: 4,162
[2026-04-26 12:13:05]       Trainable pct:    0.12%
[2026-04-26 12:13:05]       Trainable parameter names: ['pos_encoder.pos_encoder_spat.weight', 'final_layer.spat_conv.weight', 'final_layer.spat_conv.bias', 'final_layer.linear.weight', 'final_layer.linear.bias']
[2026-04-26 12:14:23]     Phase 2 (full):
[2026-04-26 12:14:23]       Trainable groups: ['all_parameters']
[2026-04-26 12:14:23]       Total params:     3,459,154
[2026-04-26 12:14:23]       Trainable params: 3,459,154
[2026-04-26 12:14:23]       Trainable pct:    100.00%
[2026-04-26 12:14:23]       Trainable parameter names: ['feature_encoder.1.0.weight', 'feature_encoder.1.2.weight', 'feature_encoder.1.2.bias', 'feature_encoder.2.0.weight', 'feature_encoder.3.0.weight', 'feature_encoder.4.0.weight', 'feature_encoder.5.0.weight', 'pos_encoder.pos_encoder_spat.weight', 'transformer.encoder.layers.0.self_attn.in_proj_weight', 'transformer.encoder.layers.0.self_attn.in_proj_bias', 'transformer.encoder.layers.0.self_attn.out_proj.weight', 'transformer.encoder.layers.0.self_attn.out_proj.bias']
[2026-04-26 12:14:23]       ... 172 additional trainable parameters hidden
[2026-04-27 01:53:39]   Fold 1/5 | best_epoch=414 | stop=5000 | val_loss=0.6739 | acc=0.5000 | bal_acc=0.5000 | roc_auc=N/A
[2026-04-27 01:53:39]     Downstream model:        SignalJEPA_Contextual
[2026-04-27 01:53:39]     Fine-tune strategy:      full
[2026-04-27 01:53:39]     Warm-up epochs:          10
[2026-04-27 01:53:39]     Pretrained loading path: from_pretrained
[2026-04-27 01:53:39]     Pretrained repo:         braindecode/signal-jepa
[2026-04-27 01:53:39]     Phase 1 (warmup):
[2026-04-27 01:53:39]       Trainable groups: ['pos_encoder.', 'final_layer.']
[2026-04-27 01:53:39]       Total params:     3,459,154
[2026-04-27 01:53:39]       Trainable params: 4,162
[2026-04-27 01:53:39]       Trainable pct:    0.12%
[2026-04-27 01:53:39]       Trainable parameter names: ['pos_encoder.pos_encoder_spat.weight', 'final_layer.spat_conv.weight', 'final_layer.spat_conv.bias', 'final_layer.linear.weight', 'final_layer.linear.bias']
[2026-04-27 01:54:59]     Phase 2 (full):
[2026-04-27 01:54:59]       Trainable groups: ['all_parameters']
[2026-04-27 01:54:59]       Total params:     3,459,154
[2026-04-27 01:54:59]       Trainable params: 3,459,154
[2026-04-27 01:54:59]       Trainable pct:    100.00%
[2026-04-27 01:54:59]       Trainable parameter names: ['feature_encoder.1.0.weight', 'feature_encoder.1.2.weight', 'feature_encoder.1.2.bias', 'feature_encoder.2.0.weight', 'feature_encoder.3.0.weight', 'feature_encoder.4.0.weight', 'feature_encoder.5.0.weight', 'pos_encoder.pos_encoder_spat.weight', 'transformer.encoder.layers.0.self_attn.in_proj_weight', 'transformer.encoder.layers.0.self_attn.in_proj_bias', 'transformer.encoder.layers.0.self_attn.out_proj.weight', 'transformer.encoder.layers.0.self_attn.out_proj.bias']
[2026-04-27 01:54:59]       ... 172 additional trainable parameters hidden
[2026-04-27 15:37:34]   Fold 2/5 | best_epoch=285 | stop=5000 | val_loss=0.6931 | acc=0.5000 | bal_acc=0.5000 | roc_auc=N/A
[2026-04-27 15:37:34]     Downstream model:        SignalJEPA_Contextual
[2026-04-27 15:37:34]     Fine-tune strategy:      full
[2026-04-27 15:37:34]     Warm-up epochs:          10
[2026-04-27 15:37:34]     Pretrained loading path: from_pretrained
[2026-04-27 15:37:34]     Pretrained repo:         braindecode/signal-jepa
[2026-04-27 15:37:34]     Phase 1 (warmup):
[2026-04-27 15:37:34]       Trainable groups: ['pos_encoder.', 'final_layer.']
[2026-04-27 15:37:34]       Total params:     3,459,154
[2026-04-27 15:37:34]       Trainable params: 4,162
[2026-04-27 15:37:34]       Trainable pct:    0.12%
[2026-04-27 15:37:34]       Trainable parameter names: ['pos_encoder.pos_encoder_spat.weight', 'final_layer.spat_conv.weight', 'final_layer.spat_conv.bias', 'final_layer.linear.weight', 'final_layer.linear.bias']
[2026-04-27 15:38:54]     Phase 2 (full):
[2026-04-27 15:38:54]       Trainable groups: ['all_parameters']
[2026-04-27 15:38:54]       Total params:     3,459,154
[2026-04-27 15:38:54]       Trainable params: 3,459,154
[2026-04-27 15:38:54]       Trainable pct:    100.00%
[2026-04-27 15:38:54]       Trainable parameter names: ['feature_encoder.1.0.weight', 'feature_encoder.1.2.weight', 'feature_encoder.1.2.bias', 'feature_encoder.2.0.weight', 'feature_encoder.3.0.weight', 'feature_encoder.4.0.weight', 'feature_encoder.5.0.weight', 'pos_encoder.pos_encoder_spat.weight', 'transformer.encoder.layers.0.self_attn.in_proj_weight', 'transformer.encoder.layers.0.self_attn.in_proj_bias', 'transformer.encoder.layers.0.self_attn.out_proj.weight', 'transformer.encoder.layers.0.self_attn.out_proj.bias']
[2026-04-27 15:38:54]       ... 172 additional trainable parameters hidden
[2026-04-28 05:22:21]   Fold 3/5 | best_epoch=442 | stop=5000 | val_loss=0.6931 | acc=0.5000 | bal_acc=0.5000 | roc_auc=N/A
[2026-04-28 05:22:21]     Downstream model:        SignalJEPA_Contextual
[2026-04-28 05:22:21]     Fine-tune strategy:      full
[2026-04-28 05:22:21]     Warm-up epochs:          10
[2026-04-28 05:22:21]     Pretrained loading path: from_pretrained
[2026-04-28 05:22:21]     Pretrained repo:         braindecode/signal-jepa
[2026-04-28 05:22:21]     Phase 1 (warmup):
[2026-04-28 05:22:21]       Trainable groups: ['pos_encoder.', 'final_layer.']
[2026-04-28 05:22:21]       Total params:     3,459,154
[2026-04-28 05:22:21]       Trainable params: 4,162
[2026-04-28 05:22:21]       Trainable pct:    0.12%
[2026-04-28 05:22:21]       Trainable parameter names: ['pos_encoder.pos_encoder_spat.weight', 'final_layer.spat_conv.weight', 'final_layer.spat_conv.bias', 'final_layer.linear.weight', 'final_layer.linear.bias']
[2026-04-28 05:23:41]     Phase 2 (full):
[2026-04-28 05:23:41]       Trainable groups: ['all_parameters']
[2026-04-28 05:23:41]       Total params:     3,459,154
[2026-04-28 05:23:41]       Trainable params: 3,459,154
[2026-04-28 05:23:41]       Trainable pct:    100.00%
[2026-04-28 05:23:41]       Trainable parameter names: ['feature_encoder.1.0.weight', 'feature_encoder.1.2.weight', 'feature_encoder.1.2.bias', 'feature_encoder.2.0.weight', 'feature_encoder.3.0.weight', 'feature_encoder.4.0.weight', 'feature_encoder.5.0.weight', 'pos_encoder.pos_encoder_spat.weight', 'transformer.encoder.layers.0.self_attn.in_proj_weight', 'transformer.encoder.layers.0.self_attn.in_proj_bias', 'transformer.encoder.layers.0.self_attn.out_proj.weight', 'transformer.encoder.layers.0.self_attn.out_proj.bias']
[2026-04-28 05:23:41]       ... 172 additional trainable parameters hidden
[2026-04-28 10:42:55]   Fold 4/5 | best_epoch=968 | stop=1957 | val_loss=0.6931 | acc=0.5000 | bal_acc=0.5000 | roc_auc=N/A
[2026-04-28 10:42:55]     Downstream model:        SignalJEPA_Contextual
[2026-04-28 10:42:55]     Fine-tune strategy:      full
[2026-04-28 10:42:55]     Warm-up epochs:          10
[2026-04-28 10:42:55]     Pretrained loading path: from_pretrained
[2026-04-28 10:42:55]     Pretrained repo:         braindecode/signal-jepa
[2026-04-28 10:42:55]     Phase 1 (warmup):
[2026-04-28 10:42:55]       Trainable groups: ['pos_encoder.', 'final_layer.']
[2026-04-28 10:42:55]       Total params:     3,459,154
[2026-04-28 10:42:55]       Trainable params: 4,162
[2026-04-28 10:42:55]       Trainable pct:    0.12%
[2026-04-28 10:42:55]       Trainable parameter names: ['pos_encoder.pos_encoder_spat.weight', 'final_layer.spat_conv.weight', 'final_layer.spat_conv.bias', 'final_layer.linear.weight', 'final_layer.linear.bias']
