[2026-05-06 13:40:11] Using device: cuda
[2026-05-06 13:40:11] Seed initialized: 12
[2026-05-06 13:40:11] ======================================================================
[2026-05-06 13:40:11] CONFIGURATION
[2026-05-06 13:40:11] ======================================================================
[2026-05-06 13:40:11]   artifact_dir: C:\Repos\eeg-jepa-research\artifacts\moabb-mi-sjepa
[2026-05-06 13:40:11]   bandpass_high: 40.0
[2026-05-06 13:40:11]   bandpass_low: 0.5
[2026-05-06 13:40:11]   batch_size: 32
[2026-05-06 13:40:11]   cv_folds: 5
[2026-05-06 13:40:11]   dataset_name: BNCI2014_001
[2026-05-06 13:40:11]   dataset_source: moabb
[2026-05-06 13:40:11]   early_stopping_patience: None
[2026-05-06 13:40:11]   exclude_subjects: []
[2026-05-06 13:40:11]   labels_to_keep: ['left_hand', 'right_hand']
[2026-05-06 13:40:11]   learning_rate: 0.001
[2026-05-06 13:40:11]   moabb_dataset_kwargs: {}
[2026-05-06 13:40:11]   model_name: SignalJEPA_PreLocal
[2026-05-06 13:40:11]   n_epochs: 50
[2026-05-06 13:40:11]   preprocessed_concat_dir: None
[2026-05-06 13:40:11]   pretrained_mode: from_pretrained
[2026-05-06 13:40:11]   seed: 12
[2026-05-06 13:40:11]   set_seed: True
[2026-05-06 13:40:11]   sfreq: 128
[2026-05-06 13:40:11]   strategy: new
[2026-05-06 13:40:11]   subjects_to_use: None
[2026-05-06 13:40:11]   target_window_duration_s: 4.2
[2026-05-06 13:40:11]   val_split: 0.2
[2026-05-06 13:40:11]   warmup_epochs: 10
[2026-05-06 13:40:11] ======================================================================
[2026-05-06 13:40:11] Config saved to: C:\Repos\eeg-jepa-research\artifacts\moabb-mi-sjepa\BNCI2014_001\20260506_1340_26a457a0\config.json
[2026-05-06 13:40:11] Epoch window configuration:
[2026-05-06 13:40:11]   Target sfreq:            128 Hz
[2026-05-06 13:40:11]   Requested duration:      4.200 s
[2026-05-06 13:40:11]   Expected window samples: 537

[2026-05-06 13:40:11] Preprocessed concat dataset exists: False at C:\Repos\eeg-jepa-research\preprocessed_concat_datasets\BNCI2014_001_048eba1d_w8653d5_subjects_98eacc98

[2026-05-06 13:40:11] Building MOABBDataset for BNCI2014_001...
[2026-05-06 13:40:11]   Subject IDs:     [1, 2, 3, 4, 5, 6, 7, 8, 9]
[2026-05-06 13:40:11]   Dataset kwargs:  {}
[2026-05-06 13:42:11]   Recordings loaded: 108
[2026-05-06 13:42:11]   Raw labels:        ['feet', 'left_hand', 'right_hand', 'tongue']
[2026-05-06 13:42:11] Applying average reference...
[2026-05-06 13:42:12] Applying Braindecode preprocessors...
[2026-05-06 13:42:29] Saved preprocessed raw concat dataset to: C:\Repos\eeg-jepa-research\preprocessed_concat_datasets\BNCI2014_001_048eba1d_w8653d5_subjects_98eacc98

[2026-05-06 13:42:32] Post-load raw validation
[2026-05-06 13:42:32]   Recordings:          108
[2026-05-06 13:42:32]   Subjects loaded:     ['1', '2', '3', '4', '5', '6', '7', '8', '9']
[2026-05-06 13:42:32]   sfreq first rec:     128.0 Hz
[2026-05-06 13:42:32]   EEG channel count:   22
[2026-05-06 13:42:32]   Labels present:      ['feet', 'left_hand', 'right_hand', 'tongue']
[2026-05-06 13:42:32]   Labels selected:     ['left_hand', 'right_hand']
[2026-05-06 13:42:32] Annotation counts before filtering: {np.str_('feet'): 1296, np.str_('left_hand'): 1296, np.str_('right_hand'): 1296, np.str_('tongue'): 1296}
[2026-05-06 13:42:32] Filtered annotations: kept 2592 / 5184
[2026-05-06 13:42:32] Annotation counts after filtering:  {np.str_('left_hand'): 1296, np.str_('right_hand'): 1296}
[2026-05-06 13:42:32] Updated annotation durations:       2592
[2026-05-06 13:42:33] Window shape: (22, 537)
[2026-05-06 13:42:33] Window sample length expected=537, got=537
[2026-05-06 13:42:33] Class mapping: {'left_hand': 0, 'right_hand': 1}
[2026-05-06 13:42:33] Global class counts: [1296, 1296]
[2026-05-06 13:42:33] Chance level: 0.50
[2026-05-06 13:42:33] Summarizing per-subject windows...
[2026-05-06 13:42:33]   Subject 1: n_windows=288, window_shape=(22, 537), class_counts=[144, 144]
[2026-05-06 13:42:33]   Subject 2: n_windows=288, window_shape=(22, 537), class_counts=[144, 144]
[2026-05-06 13:42:33]   Subject 3: n_windows=288, window_shape=(22, 537), class_counts=[144, 144]
[2026-05-06 13:42:33]   Subject 4: n_windows=288, window_shape=(22, 537), class_counts=[144, 144]
[2026-05-06 13:42:33]   Subject 5: n_windows=288, window_shape=(22, 537), class_counts=[144, 144]
[2026-05-06 13:42:33]   Subject 6: n_windows=288, window_shape=(22, 537), class_counts=[144, 144]
[2026-05-06 13:42:33]   Subject 7: n_windows=288, window_shape=(22, 537), class_counts=[144, 144]
[2026-05-06 13:42:33]   Subject 8: n_windows=288, window_shape=(22, 537), class_counts=[144, 144]
[2026-05-06 13:42:33]   Subject 9: n_windows=288, window_shape=(22, 537), class_counts=[144, 144]
[2026-05-06 13:42:34] SignalJEPA_PreLocal instantiated successfully.
[2026-05-06 13:42:34]   Loading mode:          from_pretrained
[2026-05-06 13:42:34]   Repo:                  braindecode/signal-jepa_without-chans
[2026-05-06 13:42:34]   Total parameters:      15,982
[2026-05-06 13:42:34]   Trainable parameters:  15,982
[2026-05-06 13:42:34] ======================================================================================================================================================
Layer (type (var_name):depth-idx)                  Input Shape               Output Shape              Param #                   Kernel Shape
======================================================================================================================================================
SignalJEPA_PreLocal (SignalJEPA_PreLocal)          [1, 22, 537]              [1, 2]                    --                        --
├─Sequential (spatial_conv): 1-1                   [1, 22, 537]              [1, 4, 537]               --                        --
│    └─Rearrange (0): 2-1                          [1, 22, 537]              [1, 1, 22, 537]           --                        --
│    └─Conv2d (1): 2-2                             [1, 1, 22, 537]           [1, 4, 1, 537]            92                        [22, 1]
│    └─Rearrange (2): 2-3                          [1, 4, 1, 537]            [1, 4, 537]               --                        --
├─_ConvFeatureEncoder (feature_encoder): 1-2       [1, 4, 537]               [1, 16, 64]               --                        --
│    └─Rearrange (0): 2-4                          [1, 4, 537]               [4, 1, 537]               --                        --
│    └─Sequential (1): 2-5                         [4, 1, 537]               [4, 8, 64]                --                        --
│    │    └─Conv1d (0): 3-1                        [4, 1, 537]               [4, 8, 64]                256                       [32]
│    │    └─Dropout (1): 3-2                       [4, 8, 64]                [4, 8, 64]                --                        --
│    │    └─GroupNorm (2): 3-3                     [4, 8, 64]                [4, 8, 64]                16                        --
│    │    └─GELU (3): 3-4                          [4, 8, 64]                [4, 8, 64]                --                        --
│    └─Sequential (2): 2-6                         [4, 8, 64]                [4, 16, 32]               --                        --
│    │    └─Conv1d (0): 3-5                        [4, 8, 64]                [4, 16, 32]               256                       [2]
│    │    └─Dropout (1): 3-6                       [4, 16, 32]               [4, 16, 32]               --                        --
│    │    └─GELU (2): 3-7                          [4, 16, 32]               [4, 16, 32]               --                        --
│    └─Sequential (3): 2-7                         [4, 16, 32]               [4, 32, 16]               --                        --
│    │    └─Conv1d (0): 3-8                        [4, 16, 32]               [4, 32, 16]               1,024                     [2]
│    │    └─Dropout (1): 3-9                       [4, 32, 16]               [4, 32, 16]               --                        --
│    │    └─GELU (2): 3-10                         [4, 32, 16]               [4, 32, 16]               --                        --
│    └─Sequential (4): 2-8                         [4, 32, 16]               [4, 64, 8]                --                        --
│    │    └─Conv1d (0): 3-11                       [4, 32, 16]               [4, 64, 8]                4,096                     [2]
│    │    └─Dropout (1): 3-12                      [4, 64, 8]                [4, 64, 8]                --                        --
│    │    └─GELU (2): 3-13                         [4, 64, 8]                [4, 64, 8]                --                        --
│    └─Sequential (5): 2-9                         [4, 64, 8]                [4, 64, 4]                --                        --
│    │    └─Conv1d (0): 3-14                       [4, 64, 8]                [4, 64, 4]                8,192                     [2]
│    │    └─Dropout (1): 3-15                      [4, 64, 4]                [4, 64, 4]                --                        --
│    │    └─GELU (2): 3-16                         [4, 64, 4]                [4, 64, 4]                --                        --
│    └─Rearrange (6): 2-10                         [4, 64, 4]                [1, 16, 64]               --                        --
├─Sequential (final_layer): 1-3                    [1, 16, 64]               [1, 2]                    --                        --
│    └─Flatten (0): 2-11                           [1, 16, 64]               [1, 1024]                 --                        --
│    └─Linear (1): 2-12                            [1, 1024]                 [1, 2]                    2,050                     --
======================================================================================================================================================
Total params: 15,982
Trainable params: 15,982
Non-trainable params: 0
Total mult-adds (Units.MEGABYTES): 0.48
======================================================================================================================================================
Input size (MB): 0.05
Forward/backward pass size (MB): 0.11
Params size (MB): 0.06
Estimated Total Size (MB): 0.22
======================================================================================================================================================
[2026-05-06 13:42:34] ======================================================================
[2026-05-06 13:42:34] STARTING WITHIN-SUBJECT CROSS-VALIDATION
[2026-05-06 13:42:34] ======================================================================
[2026-05-06 13:42:34] Dataset:       BNCI2014_001
[2026-05-06 13:42:34] Subjects:      ['1', '2', '3', '4', '5', '6', '7', '8', '9']
[2026-05-06 13:42:34] Model:         SignalJEPA_PreLocal
[2026-05-06 13:42:34] Pretrained:    from_pretrained
[2026-05-06 13:42:34] Strategy:      new
[2026-05-06 13:42:34] CV folds:      5
[2026-05-06 13:42:34] Val split:     0.2
[2026-05-06 13:42:34] Max epochs:    50
[2026-05-06 13:42:34] Device:        cuda
[2026-05-06 13:42:34] ======================================================================

[2026-05-06 13:42:34] Subject 1: 288 windows | class_counts=[144, 144]

[2026-05-06 13:42:35] Fold 1/5 | subject=1
[2026-05-06 13:42:35]     Train windows:           230 | counts=[115, 115]
[2026-05-06 13:42:35]     Test windows:            58 | counts=[29, 29]
[2026-05-06 13:42:35]     Downstream model:        SignalJEPA_PreLocal
[2026-05-06 13:42:35]     Fine-tune strategy:      new
[2026-05-06 13:42:35]     Pretrained loading path: from_pretrained
[2026-05-06 13:42:35]     Pretrained repo:         braindecode/signal-jepa_without-chans
[2026-05-06 13:42:35]     Phase 1 (new):
[2026-05-06 13:42:35]       Trainable groups: ['spatial_conv.', 'final_layer.']
[2026-05-06 13:42:35]       Total params:     15,982
[2026-05-06 13:42:35]       Trainable params: 2,142
[2026-05-06 13:42:35]       Trainable pct:    13.40%
[2026-05-06 13:42:35]       Trainable parameter names: ['spatial_conv.1.weight', 'spatial_conv.1.bias', 'final_layer.1.weight', 'final_layer.1.bias']
[2026-05-06 13:42:35]     Sanity check passed: finite logits/loss on one training batch for SignalJEPA_PreLocal.
[2026-05-06 13:42:36]     Result | best_epoch=8 | stop=50 | acc=0.6207 | bal_acc=0.6207 | pred_hist=[31, 27]

[2026-05-06 13:42:36] Fold 2/5 | subject=1
[2026-05-06 13:42:36]     Train windows:           230 | counts=[115, 115]
[2026-05-06 13:42:36]     Test windows:            58 | counts=[29, 29]
[2026-05-06 13:42:36]     Downstream model:        SignalJEPA_PreLocal
[2026-05-06 13:42:36]     Fine-tune strategy:      new
[2026-05-06 13:42:36]     Pretrained loading path: from_pretrained
[2026-05-06 13:42:36]     Pretrained repo:         braindecode/signal-jepa_without-chans
[2026-05-06 13:42:36]     Phase 1 (new):
[2026-05-06 13:42:36]       Trainable groups: ['spatial_conv.', 'final_layer.']
[2026-05-06 13:42:36]       Total params:     15,982
[2026-05-06 13:42:36]       Trainable params: 2,142
[2026-05-06 13:42:36]       Trainable pct:    13.40%
[2026-05-06 13:42:36]       Trainable parameter names: ['spatial_conv.1.weight', 'spatial_conv.1.bias', 'final_layer.1.weight', 'final_layer.1.bias']
[2026-05-06 13:42:36]     Sanity check passed: finite logits/loss on one training batch for SignalJEPA_PreLocal.
[2026-05-06 13:42:37]     Result | best_epoch=50 | stop=50 | acc=0.5517 | bal_acc=0.5517 | pred_hist=[33, 25]

[2026-05-06 13:42:38] Fold 3/5 | subject=1
[2026-05-06 13:42:38]     Train windows:           230 | counts=[115, 115]
[2026-05-06 13:42:38]     Test windows:            58 | counts=[29, 29]
[2026-05-06 13:42:38]     Downstream model:        SignalJEPA_PreLocal
[2026-05-06 13:42:38]     Fine-tune strategy:      new
[2026-05-06 13:42:38]     Pretrained loading path: from_pretrained
[2026-05-06 13:42:38]     Pretrained repo:         braindecode/signal-jepa_without-chans
[2026-05-06 13:42:38]     Phase 1 (new):
[2026-05-06 13:42:38]       Trainable groups: ['spatial_conv.', 'final_layer.']
[2026-05-06 13:42:38]       Total params:     15,982
[2026-05-06 13:42:38]       Trainable params: 2,142
[2026-05-06 13:42:38]       Trainable pct:    13.40%
[2026-05-06 13:42:38]       Trainable parameter names: ['spatial_conv.1.weight', 'spatial_conv.1.bias', 'final_layer.1.weight', 'final_layer.1.bias']
[2026-05-06 13:42:38]     Sanity check passed: finite logits/loss on one training batch for SignalJEPA_PreLocal.
[2026-05-06 13:42:39]     Result | best_epoch=50 | stop=50 | acc=0.6724 | bal_acc=0.6724 | pred_hist=[28, 30]

[2026-05-06 13:42:39] Fold 4/5 | subject=1
[2026-05-06 13:42:39]     Train windows:           231 | counts=[116, 115]
[2026-05-06 13:42:39]     Test windows:            57 | counts=[28, 29]
[2026-05-06 13:42:39]     Downstream model:        SignalJEPA_PreLocal
[2026-05-06 13:42:39]     Fine-tune strategy:      new
[2026-05-06 13:42:39]     Pretrained loading path: from_pretrained
[2026-05-06 13:42:39]     Pretrained repo:         braindecode/signal-jepa_without-chans
[2026-05-06 13:42:39]     Phase 1 (new):
[2026-05-06 13:42:39]       Trainable groups: ['spatial_conv.', 'final_layer.']
[2026-05-06 13:42:39]       Total params:     15,982
[2026-05-06 13:42:39]       Trainable params: 2,142
[2026-05-06 13:42:39]       Trainable pct:    13.40%
[2026-05-06 13:42:39]       Trainable parameter names: ['spatial_conv.1.weight', 'spatial_conv.1.bias', 'final_layer.1.weight', 'final_layer.1.bias']
[2026-05-06 13:42:39]     Sanity check passed: finite logits/loss on one training batch for SignalJEPA_PreLocal.
[2026-05-06 13:42:41]     Result | best_epoch=49 | stop=50 | acc=0.5965 | bal_acc=0.5973 | pred_hist=[31, 26]

[2026-05-06 13:42:41] Fold 5/5 | subject=1
[2026-05-06 13:42:41]     Train windows:           231 | counts=[115, 116]
[2026-05-06 13:42:41]     Test windows:            57 | counts=[29, 28]
[2026-05-06 13:42:41]     Downstream model:        SignalJEPA_PreLocal
[2026-05-06 13:42:41]     Fine-tune strategy:      new
[2026-05-06 13:42:41]     Pretrained loading path: from_pretrained
[2026-05-06 13:42:41]     Pretrained repo:         braindecode/signal-jepa_without-chans
[2026-05-06 13:42:41]     Phase 1 (new):
[2026-05-06 13:42:41]       Trainable groups: ['spatial_conv.', 'final_layer.']
[2026-05-06 13:42:41]       Total params:     15,982
[2026-05-06 13:42:41]       Trainable params: 2,142
[2026-05-06 13:42:41]       Trainable pct:    13.40%
[2026-05-06 13:42:41]       Trainable parameter names: ['spatial_conv.1.weight', 'spatial_conv.1.bias', 'final_layer.1.weight', 'final_layer.1.bias']
[2026-05-06 13:42:41]     Sanity check passed: finite logits/loss on one training batch for SignalJEPA_PreLocal.
[2026-05-06 13:42:43]     Result | best_epoch=50 | stop=50 | acc=0.7544 | bal_acc=0.7555 | pred_hist=[25, 32]
[2026-05-06 13:42:43]   Subject 1 summary: acc=0.6391±0.0696  bal_acc=0.6395±0.0698

[2026-05-06 13:42:43] Subject 2: 288 windows | class_counts=[144, 144]

[2026-05-06 13:42:44] Fold 1/5 | subject=2
[2026-05-06 13:42:44]     Train windows:           230 | counts=[115, 115]
[2026-05-06 13:42:44]     Test windows:            58 | counts=[29, 29]
[2026-05-06 13:42:44]     Downstream model:        SignalJEPA_PreLocal
[2026-05-06 13:42:44]     Fine-tune strategy:      new
[2026-05-06 13:42:44]     Pretrained loading path: from_pretrained
[2026-05-06 13:42:44]     Pretrained repo:         braindecode/signal-jepa_without-chans
[2026-05-06 13:42:44]     Phase 1 (new):
[2026-05-06 13:42:44]       Trainable groups: ['spatial_conv.', 'final_layer.']
[2026-05-06 13:42:44]       Total params:     15,982
[2026-05-06 13:42:44]       Trainable params: 2,142
[2026-05-06 13:42:44]       Trainable pct:    13.40%
[2026-05-06 13:42:44]       Trainable parameter names: ['spatial_conv.1.weight', 'spatial_conv.1.bias', 'final_layer.1.weight', 'final_layer.1.bias']
[2026-05-06 13:42:44]     Sanity check passed: finite logits/loss on one training batch for SignalJEPA_PreLocal.
[2026-05-06 13:42:46]     Result | best_epoch=6 | stop=50 | acc=0.5345 | bal_acc=0.5345 | pred_hist=[22, 36]

[2026-05-06 13:42:47] Fold 2/5 | subject=2
[2026-05-06 13:42:47]     Train windows:           230 | counts=[115, 115]
[2026-05-06 13:42:47]     Test windows:            58 | counts=[29, 29]
[2026-05-06 13:42:47]     Downstream model:        SignalJEPA_PreLocal
[2026-05-06 13:42:47]     Fine-tune strategy:      new
[2026-05-06 13:42:47]     Pretrained loading path: from_pretrained
[2026-05-06 13:42:47]     Pretrained repo:         braindecode/signal-jepa_without-chans
[2026-05-06 13:42:47]     Phase 1 (new):
[2026-05-06 13:42:47]       Trainable groups: ['spatial_conv.', 'final_layer.']
[2026-05-06 13:42:47]       Total params:     15,982
[2026-05-06 13:42:47]       Trainable params: 2,142
[2026-05-06 13:42:47]       Trainable pct:    13.40%
[2026-05-06 13:42:47]       Trainable parameter names: ['spatial_conv.1.weight', 'spatial_conv.1.bias', 'final_layer.1.weight', 'final_layer.1.bias']
[2026-05-06 13:42:47]     Sanity check passed: finite logits/loss on one training batch for SignalJEPA_PreLocal.
[2026-05-06 13:42:49]     Result | best_epoch=46 | stop=50 | acc=0.6724 | bal_acc=0.6724 | pred_hist=[22, 36]

[2026-05-06 13:42:50] Fold 3/5 | subject=2
[2026-05-06 13:42:50]     Train windows:           230 | counts=[115, 115]
[2026-05-06 13:42:50]     Test windows:            58 | counts=[29, 29]
[2026-05-06 13:42:50]     Downstream model:        SignalJEPA_PreLocal
[2026-05-06 13:42:50]     Fine-tune strategy:      new
[2026-05-06 13:42:50]     Pretrained loading path: from_pretrained
[2026-05-06 13:42:50]     Pretrained repo:         braindecode/signal-jepa_without-chans
[2026-05-06 13:42:50]     Phase 1 (new):
[2026-05-06 13:42:50]       Trainable groups: ['spatial_conv.', 'final_layer.']
[2026-05-06 13:42:50]       Total params:     15,982
[2026-05-06 13:42:50]       Trainable params: 2,142
[2026-05-06 13:42:50]       Trainable pct:    13.40%
[2026-05-06 13:42:50]       Trainable parameter names: ['spatial_conv.1.weight', 'spatial_conv.1.bias', 'final_layer.1.weight', 'final_layer.1.bias']
[2026-05-06 13:42:50]     Sanity check passed: finite logits/loss on one training batch for SignalJEPA_PreLocal.
[2026-05-06 13:42:52]     Result | best_epoch=50 | stop=50 | acc=0.6034 | bal_acc=0.6034 | pred_hist=[28, 30]

[2026-05-06 13:42:52] Fold 4/5 | subject=2
[2026-05-06 13:42:52]     Train windows:           231 | counts=[115, 116]
[2026-05-06 13:42:52]     Test windows:            57 | counts=[29, 28]
[2026-05-06 13:42:52]     Downstream model:        SignalJEPA_PreLocal
[2026-05-06 13:42:52]     Fine-tune strategy:      new
[2026-05-06 13:42:52]     Pretrained loading path: from_pretrained
[2026-05-06 13:42:52]     Pretrained repo:         braindecode/signal-jepa_without-chans
[2026-05-06 13:42:52]     Phase 1 (new):
[2026-05-06 13:42:52]       Trainable groups: ['spatial_conv.', 'final_layer.']
[2026-05-06 13:42:52]       Total params:     15,982
[2026-05-06 13:42:52]       Trainable params: 2,142
[2026-05-06 13:42:52]       Trainable pct:    13.40%
[2026-05-06 13:42:52]       Trainable parameter names: ['spatial_conv.1.weight', 'spatial_conv.1.bias', 'final_layer.1.weight', 'final_layer.1.bias']
[2026-05-06 13:42:52]     Sanity check passed: finite logits/loss on one training batch for SignalJEPA_PreLocal.
[2026-05-06 13:42:55]     Result | best_epoch=50 | stop=50 | acc=0.6140 | bal_acc=0.6145 | pred_hist=[27, 30]

[2026-05-06 13:42:55] Fold 5/5 | subject=2
[2026-05-06 13:42:55]     Train windows:           231 | counts=[116, 115]
[2026-05-06 13:42:55]     Test windows:            57 | counts=[28, 29]
[2026-05-06 13:42:55]     Downstream model:        SignalJEPA_PreLocal
[2026-05-06 13:42:55]     Fine-tune strategy:      new
[2026-05-06 13:42:55]     Pretrained loading path: from_pretrained
[2026-05-06 13:42:55]     Pretrained repo:         braindecode/signal-jepa_without-chans
[2026-05-06 13:42:55]     Phase 1 (new):
[2026-05-06 13:42:55]       Trainable groups: ['spatial_conv.', 'final_layer.']
[2026-05-06 13:42:55]       Total params:     15,982
[2026-05-06 13:42:55]       Trainable params: 2,142
[2026-05-06 13:42:55]       Trainable pct:    13.40%
[2026-05-06 13:42:55]       Trainable parameter names: ['spatial_conv.1.weight', 'spatial_conv.1.bias', 'final_layer.1.weight', 'final_layer.1.bias']
[2026-05-06 13:42:55]     Sanity check passed: finite logits/loss on one training batch for SignalJEPA_PreLocal.
[2026-05-06 13:42:57]     Result | best_epoch=50 | stop=50 | acc=0.7018 | bal_acc=0.7020 | pred_hist=[29, 28]
[2026-05-06 13:42:57]   Subject 2 summary: acc=0.6252±0.0582  bal_acc=0.6254±0.0582

[2026-05-06 13:42:57] Subject 3: 288 windows | class_counts=[144, 144]

[2026-05-06 13:42:58] Fold 1/5 | subject=3
[2026-05-06 13:42:58]     Train windows:           230 | counts=[115, 115]
[2026-05-06 13:42:58]     Test windows:            58 | counts=[29, 29]
[2026-05-06 13:42:58]     Downstream model:        SignalJEPA_PreLocal
[2026-05-06 13:42:58]     Fine-tune strategy:      new
[2026-05-06 13:42:58]     Pretrained loading path: from_pretrained
[2026-05-06 13:42:58]     Pretrained repo:         braindecode/signal-jepa_without-chans
[2026-05-06 13:42:58]     Phase 1 (new):
[2026-05-06 13:42:58]       Trainable groups: ['spatial_conv.', 'final_layer.']
[2026-05-06 13:42:58]       Total params:     15,982
[2026-05-06 13:42:58]       Trainable params: 2,142
[2026-05-06 13:42:58]       Trainable pct:    13.40%
[2026-05-06 13:42:58]       Trainable parameter names: ['spatial_conv.1.weight', 'spatial_conv.1.bias', 'final_layer.1.weight', 'final_layer.1.bias']
[2026-05-06 13:42:58]     Sanity check passed: finite logits/loss on one training batch for SignalJEPA_PreLocal.
[2026-05-06 13:43:00]     Result | best_epoch=50 | stop=50 | acc=0.5517 | bal_acc=0.5517 | pred_hist=[33, 25]

[2026-05-06 13:43:01] Fold 2/5 | subject=3
[2026-05-06 13:43:01]     Train windows:           230 | counts=[115, 115]
[2026-05-06 13:43:01]     Test windows:            58 | counts=[29, 29]
[2026-05-06 13:43:01]     Downstream model:        SignalJEPA_PreLocal
[2026-05-06 13:43:01]     Fine-tune strategy:      new
[2026-05-06 13:43:01]     Pretrained loading path: from_pretrained
[2026-05-06 13:43:01]     Pretrained repo:         braindecode/signal-jepa_without-chans
[2026-05-06 13:43:01]     Phase 1 (new):
[2026-05-06 13:43:01]       Trainable groups: ['spatial_conv.', 'final_layer.']
[2026-05-06 13:43:01]       Total params:     15,982
[2026-05-06 13:43:01]       Trainable params: 2,142
[2026-05-06 13:43:01]       Trainable pct:    13.40%
[2026-05-06 13:43:01]       Trainable parameter names: ['spatial_conv.1.weight', 'spatial_conv.1.bias', 'final_layer.1.weight', 'final_layer.1.bias']
[2026-05-06 13:43:01]     Sanity check passed: finite logits/loss on one training batch for SignalJEPA_PreLocal.
[2026-05-06 13:43:03]     Result | best_epoch=50 | stop=50 | acc=0.6207 | bal_acc=0.6207 | pred_hist=[27, 31]

[2026-05-06 13:43:04] Fold 3/5 | subject=3
[2026-05-06 13:43:04]     Train windows:           230 | counts=[115, 115]
[2026-05-06 13:43:04]     Test windows:            58 | counts=[29, 29]
[2026-05-06 13:43:04]     Downstream model:        SignalJEPA_PreLocal
[2026-05-06 13:43:04]     Fine-tune strategy:      new
[2026-05-06 13:43:04]     Pretrained loading path: from_pretrained
[2026-05-06 13:43:04]     Pretrained repo:         braindecode/signal-jepa_without-chans
[2026-05-06 13:43:04]     Phase 1 (new):
[2026-05-06 13:43:04]       Trainable groups: ['spatial_conv.', 'final_layer.']
[2026-05-06 13:43:04]       Total params:     15,982
[2026-05-06 13:43:04]       Trainable params: 2,142
[2026-05-06 13:43:04]       Trainable pct:    13.40%
[2026-05-06 13:43:04]       Trainable parameter names: ['spatial_conv.1.weight', 'spatial_conv.1.bias', 'final_layer.1.weight', 'final_layer.1.bias']
[2026-05-06 13:43:04]     Sanity check passed: finite logits/loss on one training batch for SignalJEPA_PreLocal.
[2026-05-06 13:43:06]     Result | best_epoch=50 | stop=50 | acc=0.5345 | bal_acc=0.5345 | pred_hist=[26, 32]

[2026-05-06 13:43:07] Fold 4/5 | subject=3
[2026-05-06 13:43:07]     Train windows:           231 | counts=[115, 116]
[2026-05-06 13:43:07]     Test windows:            57 | counts=[29, 28]
[2026-05-06 13:43:07]     Downstream model:        SignalJEPA_PreLocal
[2026-05-06 13:43:07]     Fine-tune strategy:      new
[2026-05-06 13:43:07]     Pretrained loading path: from_pretrained
[2026-05-06 13:43:07]     Pretrained repo:         braindecode/signal-jepa_without-chans
[2026-05-06 13:43:07]     Phase 1 (new):
[2026-05-06 13:43:07]       Trainable groups: ['spatial_conv.', 'final_layer.']
[2026-05-06 13:43:07]       Total params:     15,982
[2026-05-06 13:43:07]       Trainable params: 2,142
[2026-05-06 13:43:07]       Trainable pct:    13.40%
[2026-05-06 13:43:07]       Trainable parameter names: ['spatial_conv.1.weight', 'spatial_conv.1.bias', 'final_layer.1.weight', 'final_layer.1.bias']
[2026-05-06 13:43:07]     Sanity check passed: finite logits/loss on one training batch for SignalJEPA_PreLocal.
[2026-05-06 13:43:09]     Result | best_epoch=46 | stop=50 | acc=0.7368 | bal_acc=0.7365 | pred_hist=[30, 27]

[2026-05-06 13:43:14] Fold 5/5 | subject=3
[2026-05-06 13:43:14]     Train windows:           231 | counts=[116, 115]
[2026-05-06 13:43:14]     Test windows:            57 | counts=[28, 29]
[2026-05-06 13:43:14]     Downstream model:        SignalJEPA_PreLocal
[2026-05-06 13:43:14]     Fine-tune strategy:      new
[2026-05-06 13:43:14]     Pretrained loading path: from_pretrained
[2026-05-06 13:43:14]     Pretrained repo:         braindecode/signal-jepa_without-chans
[2026-05-06 13:43:14]     Phase 1 (new):
[2026-05-06 13:43:14]       Trainable groups: ['spatial_conv.', 'final_layer.']
[2026-05-06 13:43:14]       Total params:     15,982
[2026-05-06 13:43:14]       Trainable params: 2,142
[2026-05-06 13:43:14]       Trainable pct:    13.40%
[2026-05-06 13:43:14]       Trainable parameter names: ['spatial_conv.1.weight', 'spatial_conv.1.bias', 'final_layer.1.weight', 'final_layer.1.bias']
[2026-05-06 13:43:14]     Sanity check passed: finite logits/loss on one training batch for SignalJEPA_PreLocal.
[2026-05-06 13:43:16]     Result | best_epoch=50 | stop=50 | acc=0.6842 | bal_acc=0.6823 | pred_hist=[22, 35]
[2026-05-06 13:43:16]   Subject 3 summary: acc=0.6256±0.0769  bal_acc=0.6251±0.0765

[2026-05-06 13:43:16] Subject 4: 288 windows | class_counts=[144, 144]

[2026-05-06 13:43:19] Fold 1/5 | subject=4
[2026-05-06 13:43:19]     Train windows:           230 | counts=[115, 115]
[2026-05-06 13:43:19]     Test windows:            58 | counts=[29, 29]
[2026-05-06 13:43:19]     Downstream model:        SignalJEPA_PreLocal
[2026-05-06 13:43:19]     Fine-tune strategy:      new
[2026-05-06 13:43:19]     Pretrained loading path: from_pretrained
[2026-05-06 13:43:19]     Pretrained repo:         braindecode/signal-jepa_without-chans
[2026-05-06 13:43:19]     Phase 1 (new):
[2026-05-06 13:43:19]       Trainable groups: ['spatial_conv.', 'final_layer.']
[2026-05-06 13:43:19]       Total params:     15,982
[2026-05-06 13:43:19]       Trainable params: 2,142
[2026-05-06 13:43:19]       Trainable pct:    13.40%
[2026-05-06 13:43:19]       Trainable parameter names: ['spatial_conv.1.weight', 'spatial_conv.1.bias', 'final_layer.1.weight', 'final_layer.1.bias']
[2026-05-06 13:43:19]     Sanity check passed: finite logits/loss on one training batch for SignalJEPA_PreLocal.
[2026-05-06 13:43:22]     Result | best_epoch=50 | stop=50 | acc=0.6034 | bal_acc=0.6034 | pred_hist=[32, 26]

[2026-05-06 13:43:23] Fold 2/5 | subject=4
[2026-05-06 13:43:23]     Train windows:           230 | counts=[115, 115]
[2026-05-06 13:43:23]     Test windows:            58 | counts=[29, 29]
[2026-05-06 13:43:23]     Downstream model:        SignalJEPA_PreLocal
[2026-05-06 13:43:23]     Fine-tune strategy:      new
[2026-05-06 13:43:23]     Pretrained loading path: from_pretrained
[2026-05-06 13:43:23]     Pretrained repo:         braindecode/signal-jepa_without-chans
[2026-05-06 13:43:23]     Phase 1 (new):
[2026-05-06 13:43:23]       Trainable groups: ['spatial_conv.', 'final_layer.']
[2026-05-06 13:43:23]       Total params:     15,982
[2026-05-06 13:43:23]       Trainable params: 2,142
[2026-05-06 13:43:23]       Trainable pct:    13.40%
[2026-05-06 13:43:23]       Trainable parameter names: ['spatial_conv.1.weight', 'spatial_conv.1.bias', 'final_layer.1.weight', 'final_layer.1.bias']
[2026-05-06 13:43:23]     Sanity check passed: finite logits/loss on one training batch for SignalJEPA_PreLocal.
[2026-05-06 13:43:25]     Result | best_epoch=50 | stop=50 | acc=0.7069 | bal_acc=0.7069 | pred_hist=[28, 30]

[2026-05-06 13:43:26] Fold 3/5 | subject=4
[2026-05-06 13:43:26]     Train windows:           230 | counts=[115, 115]
[2026-05-06 13:43:26]     Test windows:            58 | counts=[29, 29]
[2026-05-06 13:43:26]     Downstream model:        SignalJEPA_PreLocal
[2026-05-06 13:43:26]     Fine-tune strategy:      new
[2026-05-06 13:43:26]     Pretrained loading path: from_pretrained
[2026-05-06 13:43:26]     Pretrained repo:         braindecode/signal-jepa_without-chans
[2026-05-06 13:43:26]     Phase 1 (new):
[2026-05-06 13:43:26]       Trainable groups: ['spatial_conv.', 'final_layer.']
[2026-05-06 13:43:26]       Total params:     15,982
[2026-05-06 13:43:26]       Trainable params: 2,142
[2026-05-06 13:43:26]       Trainable pct:    13.40%
[2026-05-06 13:43:26]       Trainable parameter names: ['spatial_conv.1.weight', 'spatial_conv.1.bias', 'final_layer.1.weight', 'final_layer.1.bias']
[2026-05-06 13:43:26]     Sanity check passed: finite logits/loss on one training batch for SignalJEPA_PreLocal.
[2026-05-06 13:43:28]     Result | best_epoch=50 | stop=50 | acc=0.6897 | bal_acc=0.6897 | pred_hist=[23, 35]

[2026-05-06 13:43:28] Fold 4/5 | subject=4
[2026-05-06 13:43:28]     Train windows:           231 | counts=[115, 116]
[2026-05-06 13:43:28]     Test windows:            57 | counts=[29, 28]
[2026-05-06 13:43:28]     Downstream model:        SignalJEPA_PreLocal
[2026-05-06 13:43:28]     Fine-tune strategy:      new
[2026-05-06 13:43:28]     Pretrained loading path: from_pretrained
[2026-05-06 13:43:28]     Pretrained repo:         braindecode/signal-jepa_without-chans
[2026-05-06 13:43:28]     Phase 1 (new):
[2026-05-06 13:43:28]       Trainable groups: ['spatial_conv.', 'final_layer.']
[2026-05-06 13:43:28]       Total params:     15,982
[2026-05-06 13:43:28]       Trainable params: 2,142
[2026-05-06 13:43:28]       Trainable pct:    13.40%
[2026-05-06 13:43:28]       Trainable parameter names: ['spatial_conv.1.weight', 'spatial_conv.1.bias', 'final_layer.1.weight', 'final_layer.1.bias']
[2026-05-06 13:43:28]     Sanity check passed: finite logits/loss on one training batch for SignalJEPA_PreLocal.
[2026-05-06 13:43:31]     Result | best_epoch=50 | stop=50 | acc=0.7193 | bal_acc=0.7204 | pred_hist=[25, 32]

[2026-05-06 13:43:31] Fold 5/5 | subject=4
[2026-05-06 13:43:31]     Train windows:           231 | counts=[116, 115]
[2026-05-06 13:43:31]     Test windows:            57 | counts=[28, 29]
[2026-05-06 13:43:31]     Downstream model:        SignalJEPA_PreLocal
[2026-05-06 13:43:31]     Fine-tune strategy:      new
[2026-05-06 13:43:31]     Pretrained loading path: from_pretrained
[2026-05-06 13:43:31]     Pretrained repo:         braindecode/signal-jepa_without-chans
[2026-05-06 13:43:31]     Phase 1 (new):
[2026-05-06 13:43:31]       Trainable groups: ['spatial_conv.', 'final_layer.']
[2026-05-06 13:43:31]       Total params:     15,982
[2026-05-06 13:43:31]       Trainable params: 2,142
[2026-05-06 13:43:31]       Trainable pct:    13.40%
[2026-05-06 13:43:31]       Trainable parameter names: ['spatial_conv.1.weight', 'spatial_conv.1.bias', 'final_layer.1.weight', 'final_layer.1.bias']
[2026-05-06 13:43:31]     Sanity check passed: finite logits/loss on one training batch for SignalJEPA_PreLocal.
[2026-05-06 13:43:34]     Result | best_epoch=50 | stop=50 | acc=0.6667 | bal_acc=0.6687 | pred_hist=[35, 22]
[2026-05-06 13:43:34]   Subject 4 summary: acc=0.6772±0.0409  bal_acc=0.6778±0.0410

[2026-05-06 13:43:34] Subject 5: 288 windows | class_counts=[144, 144]

[2026-05-06 13:43:34] Fold 1/5 | subject=5
[2026-05-06 13:43:34]     Train windows:           230 | counts=[115, 115]
[2026-05-06 13:43:34]     Test windows:            58 | counts=[29, 29]
[2026-05-06 13:43:34]     Downstream model:        SignalJEPA_PreLocal
[2026-05-06 13:43:34]     Fine-tune strategy:      new
[2026-05-06 13:43:34]     Pretrained loading path: from_pretrained
[2026-05-06 13:43:34]     Pretrained repo:         braindecode/signal-jepa_without-chans
[2026-05-06 13:43:34]     Phase 1 (new):
[2026-05-06 13:43:34]       Trainable groups: ['spatial_conv.', 'final_layer.']
[2026-05-06 13:43:34]       Total params:     15,982
[2026-05-06 13:43:34]       Trainable params: 2,142
[2026-05-06 13:43:34]       Trainable pct:    13.40%
[2026-05-06 13:43:34]       Trainable parameter names: ['spatial_conv.1.weight', 'spatial_conv.1.bias', 'final_layer.1.weight', 'final_layer.1.bias']
[2026-05-06 13:43:34]     Sanity check passed: finite logits/loss on one training batch for SignalJEPA_PreLocal.
[2026-05-06 13:43:37]     Result | best_epoch=50 | stop=50 | acc=0.8621 | bal_acc=0.8621 | pred_hist=[25, 33]

[2026-05-06 13:43:37] Fold 2/5 | subject=5
[2026-05-06 13:43:37]     Train windows:           230 | counts=[115, 115]
[2026-05-06 13:43:37]     Test windows:            58 | counts=[29, 29]
[2026-05-06 13:43:37]     Downstream model:        SignalJEPA_PreLocal
[2026-05-06 13:43:37]     Fine-tune strategy:      new
[2026-05-06 13:43:37]     Pretrained loading path: from_pretrained
[2026-05-06 13:43:37]     Pretrained repo:         braindecode/signal-jepa_without-chans
[2026-05-06 13:43:37]     Phase 1 (new):
[2026-05-06 13:43:37]       Trainable groups: ['spatial_conv.', 'final_layer.']
[2026-05-06 13:43:37]       Total params:     15,982
[2026-05-06 13:43:37]       Trainable params: 2,142
[2026-05-06 13:43:37]       Trainable pct:    13.40%
[2026-05-06 13:43:37]       Trainable parameter names: ['spatial_conv.1.weight', 'spatial_conv.1.bias', 'final_layer.1.weight', 'final_layer.1.bias']
[2026-05-06 13:43:37]     Sanity check passed: finite logits/loss on one training batch for SignalJEPA_PreLocal.
[2026-05-06 13:43:39]     Result | best_epoch=50 | stop=50 | acc=0.8448 | bal_acc=0.8448 | pred_hist=[24, 34]

[2026-05-06 13:43:40] Fold 3/5 | subject=5
[2026-05-06 13:43:40]     Train windows:           230 | counts=[115, 115]
[2026-05-06 13:43:40]     Test windows:            58 | counts=[29, 29]
[2026-05-06 13:43:40]     Downstream model:        SignalJEPA_PreLocal
[2026-05-06 13:43:40]     Fine-tune strategy:      new
[2026-05-06 13:43:40]     Pretrained loading path: from_pretrained
[2026-05-06 13:43:40]     Pretrained repo:         braindecode/signal-jepa_without-chans
[2026-05-06 13:43:40]     Phase 1 (new):
[2026-05-06 13:43:40]       Trainable groups: ['spatial_conv.', 'final_layer.']
[2026-05-06 13:43:40]       Total params:     15,982
[2026-05-06 13:43:40]       Trainable params: 2,142
[2026-05-06 13:43:40]       Trainable pct:    13.40%
[2026-05-06 13:43:40]       Trainable parameter names: ['spatial_conv.1.weight', 'spatial_conv.1.bias', 'final_layer.1.weight', 'final_layer.1.bias']
[2026-05-06 13:43:40]     Sanity check passed: finite logits/loss on one training batch for SignalJEPA_PreLocal.
[2026-05-06 13:43:43]     Result | best_epoch=50 | stop=50 | acc=0.8621 | bal_acc=0.8621 | pred_hist=[25, 33]

[2026-05-06 13:43:43] Fold 4/5 | subject=5
[2026-05-06 13:43:43]     Train windows:           231 | counts=[115, 116]
[2026-05-06 13:43:43]     Test windows:            57 | counts=[29, 28]
[2026-05-06 13:43:43]     Downstream model:        SignalJEPA_PreLocal
[2026-05-06 13:43:43]     Fine-tune strategy:      new
[2026-05-06 13:43:43]     Pretrained loading path: from_pretrained
[2026-05-06 13:43:43]     Pretrained repo:         braindecode/signal-jepa_without-chans
[2026-05-06 13:43:43]     Phase 1 (new):
[2026-05-06 13:43:43]       Trainable groups: ['spatial_conv.', 'final_layer.']
[2026-05-06 13:43:43]       Total params:     15,982
[2026-05-06 13:43:43]       Trainable params: 2,142
[2026-05-06 13:43:43]       Trainable pct:    13.40%
[2026-05-06 13:43:43]       Trainable parameter names: ['spatial_conv.1.weight', 'spatial_conv.1.bias', 'final_layer.1.weight', 'final_layer.1.bias']
[2026-05-06 13:43:43]     Sanity check passed: finite logits/loss on one training batch for SignalJEPA_PreLocal.
[2026-05-06 13:43:46]     Result | best_epoch=50 | stop=50 | acc=0.9123 | bal_acc=0.9119 | pred_hist=[30, 27]

[2026-05-06 13:43:47] Fold 5/5 | subject=5
[2026-05-06 13:43:47]     Train windows:           231 | counts=[116, 115]
[2026-05-06 13:43:47]     Test windows:            57 | counts=[28, 29]
[2026-05-06 13:43:47]     Downstream model:        SignalJEPA_PreLocal
[2026-05-06 13:43:47]     Fine-tune strategy:      new
[2026-05-06 13:43:47]     Pretrained loading path: from_pretrained
[2026-05-06 13:43:47]     Pretrained repo:         braindecode/signal-jepa_without-chans
[2026-05-06 13:43:47]     Phase 1 (new):
[2026-05-06 13:43:47]       Trainable groups: ['spatial_conv.', 'final_layer.']
[2026-05-06 13:43:47]       Total params:     15,982
[2026-05-06 13:43:47]       Trainable params: 2,142
[2026-05-06 13:43:47]       Trainable pct:    13.40%
[2026-05-06 13:43:47]       Trainable parameter names: ['spatial_conv.1.weight', 'spatial_conv.1.bias', 'final_layer.1.weight', 'final_layer.1.bias']
[2026-05-06 13:43:47]     Sanity check passed: finite logits/loss on one training batch for SignalJEPA_PreLocal.
[2026-05-06 13:43:49]     Result | best_epoch=50 | stop=50 | acc=0.8772 | bal_acc=0.8762 | pred_hist=[25, 32]
[2026-05-06 13:43:49]   Subject 5 summary: acc=0.8717±0.0227  bal_acc=0.8714±0.0226

[2026-05-06 13:43:49] Subject 6: 288 windows | class_counts=[144, 144]

[2026-05-06 13:43:50] Fold 1/5 | subject=6
[2026-05-06 13:43:50]     Train windows:           230 | counts=[115, 115]
[2026-05-06 13:43:50]     Test windows:            58 | counts=[29, 29]
[2026-05-06 13:43:50]     Downstream model:        SignalJEPA_PreLocal
[2026-05-06 13:43:50]     Fine-tune strategy:      new
[2026-05-06 13:43:50]     Pretrained loading path: from_pretrained
[2026-05-06 13:43:50]     Pretrained repo:         braindecode/signal-jepa_without-chans
[2026-05-06 13:43:50]     Phase 1 (new):
[2026-05-06 13:43:50]       Trainable groups: ['spatial_conv.', 'final_layer.']
[2026-05-06 13:43:50]       Total params:     15,982
[2026-05-06 13:43:50]       Trainable params: 2,142
[2026-05-06 13:43:50]       Trainable pct:    13.40%
[2026-05-06 13:43:50]       Trainable parameter names: ['spatial_conv.1.weight', 'spatial_conv.1.bias', 'final_layer.1.weight', 'final_layer.1.bias']
[2026-05-06 13:43:51]     Sanity check passed: finite logits/loss on one training batch for SignalJEPA_PreLocal.
[2026-05-06 13:43:53]     Result | best_epoch=50 | stop=50 | acc=0.7586 | bal_acc=0.7586 | pred_hist=[31, 27]

[2026-05-06 13:43:53] Fold 2/5 | subject=6
[2026-05-06 13:43:53]     Train windows:           230 | counts=[115, 115]
[2026-05-06 13:43:53]     Test windows:            58 | counts=[29, 29]
[2026-05-06 13:43:53]     Downstream model:        SignalJEPA_PreLocal
[2026-05-06 13:43:53]     Fine-tune strategy:      new
[2026-05-06 13:43:53]     Pretrained loading path: from_pretrained
[2026-05-06 13:43:53]     Pretrained repo:         braindecode/signal-jepa_without-chans
[2026-05-06 13:43:53]     Phase 1 (new):
[2026-05-06 13:43:53]       Trainable groups: ['spatial_conv.', 'final_layer.']
[2026-05-06 13:43:53]       Total params:     15,982
[2026-05-06 13:43:53]       Trainable params: 2,142
[2026-05-06 13:43:53]       Trainable pct:    13.40%
[2026-05-06 13:43:53]       Trainable parameter names: ['spatial_conv.1.weight', 'spatial_conv.1.bias', 'final_layer.1.weight', 'final_layer.1.bias']
[2026-05-06 13:43:53]     Sanity check passed: finite logits/loss on one training batch for SignalJEPA_PreLocal.
[2026-05-06 13:43:56]     Result | best_epoch=50 | stop=50 | acc=0.6724 | bal_acc=0.6724 | pred_hist=[30, 28]

[2026-05-06 13:43:56] Fold 3/5 | subject=6
[2026-05-06 13:43:56]     Train windows:           230 | counts=[115, 115]
[2026-05-06 13:43:56]     Test windows:            58 | counts=[29, 29]
[2026-05-06 13:43:56]     Downstream model:        SignalJEPA_PreLocal
[2026-05-06 13:43:56]     Fine-tune strategy:      new
[2026-05-06 13:43:56]     Pretrained loading path: from_pretrained
[2026-05-06 13:43:56]     Pretrained repo:         braindecode/signal-jepa_without-chans
[2026-05-06 13:43:56]     Phase 1 (new):
[2026-05-06 13:43:56]       Trainable groups: ['spatial_conv.', 'final_layer.']
[2026-05-06 13:43:56]       Total params:     15,982
[2026-05-06 13:43:56]       Trainable params: 2,142
[2026-05-06 13:43:56]       Trainable pct:    13.40%
[2026-05-06 13:43:56]       Trainable parameter names: ['spatial_conv.1.weight', 'spatial_conv.1.bias', 'final_layer.1.weight', 'final_layer.1.bias']
[2026-05-06 13:43:56]     Sanity check passed: finite logits/loss on one training batch for SignalJEPA_PreLocal.
[2026-05-06 13:43:59]     Result | best_epoch=50 | stop=50 | acc=0.6724 | bal_acc=0.6724 | pred_hist=[34, 24]

[2026-05-06 13:43:59] Fold 4/5 | subject=6
[2026-05-06 13:43:59]     Train windows:           231 | counts=[116, 115]
[2026-05-06 13:43:59]     Test windows:            57 | counts=[28, 29]
[2026-05-06 13:43:59]     Downstream model:        SignalJEPA_PreLocal
[2026-05-06 13:43:59]     Fine-tune strategy:      new
[2026-05-06 13:43:59]     Pretrained loading path: from_pretrained
[2026-05-06 13:43:59]     Pretrained repo:         braindecode/signal-jepa_without-chans
[2026-05-06 13:43:59]     Phase 1 (new):
[2026-05-06 13:43:59]       Trainable groups: ['spatial_conv.', 'final_layer.']
[2026-05-06 13:43:59]       Total params:     15,982
[2026-05-06 13:43:59]       Trainable params: 2,142
[2026-05-06 13:43:59]       Trainable pct:    13.40%
[2026-05-06 13:43:59]       Trainable parameter names: ['spatial_conv.1.weight', 'spatial_conv.1.bias', 'final_layer.1.weight', 'final_layer.1.bias']
[2026-05-06 13:43:59]     Sanity check passed: finite logits/loss on one training batch for SignalJEPA_PreLocal.
[2026-05-06 13:44:01]     Result | best_epoch=50 | stop=50 | acc=0.7193 | bal_acc=0.7180 | pred_hist=[24, 33]

[2026-05-06 13:44:02] Fold 5/5 | subject=6
[2026-05-06 13:44:02]     Train windows:           231 | counts=[115, 116]
[2026-05-06 13:44:02]     Test windows:            57 | counts=[29, 28]
[2026-05-06 13:44:02]     Downstream model:        SignalJEPA_PreLocal
[2026-05-06 13:44:02]     Fine-tune strategy:      new
[2026-05-06 13:44:02]     Pretrained loading path: from_pretrained
[2026-05-06 13:44:02]     Pretrained repo:         braindecode/signal-jepa_without-chans
[2026-05-06 13:44:02]     Phase 1 (new):
[2026-05-06 13:44:02]       Trainable groups: ['spatial_conv.', 'final_layer.']
[2026-05-06 13:44:02]       Total params:     15,982
[2026-05-06 13:44:02]       Trainable params: 2,142
[2026-05-06 13:44:02]       Trainable pct:    13.40%
[2026-05-06 13:44:02]       Trainable parameter names: ['spatial_conv.1.weight', 'spatial_conv.1.bias', 'final_layer.1.weight', 'final_layer.1.bias']
[2026-05-06 13:44:02]     Sanity check passed: finite logits/loss on one training batch for SignalJEPA_PreLocal.
[2026-05-06 13:44:04]     Result | best_epoch=50 | stop=50 | acc=0.7018 | bal_acc=0.7014 | pred_hist=[30, 27]
[2026-05-06 13:44:04]   Subject 6 summary: acc=0.7049±0.0323  bal_acc=0.7046±0.0322

[2026-05-06 13:44:04] Subject 7: 288 windows | class_counts=[144, 144]

[2026-05-06 13:44:05] Fold 1/5 | subject=7
[2026-05-06 13:44:05]     Train windows:           230 | counts=[115, 115]
[2026-05-06 13:44:05]     Test windows:            58 | counts=[29, 29]
[2026-05-06 13:44:05]     Downstream model:        SignalJEPA_PreLocal
[2026-05-06 13:44:05]     Fine-tune strategy:      new
[2026-05-06 13:44:05]     Pretrained loading path: from_pretrained
[2026-05-06 13:44:05]     Pretrained repo:         braindecode/signal-jepa_without-chans
[2026-05-06 13:44:05]     Phase 1 (new):
[2026-05-06 13:44:05]       Trainable groups: ['spatial_conv.', 'final_layer.']
[2026-05-06 13:44:05]       Total params:     15,982
[2026-05-06 13:44:05]       Trainable params: 2,142
[2026-05-06 13:44:05]       Trainable pct:    13.40%
[2026-05-06 13:44:05]       Trainable parameter names: ['spatial_conv.1.weight', 'spatial_conv.1.bias', 'final_layer.1.weight', 'final_layer.1.bias']
[2026-05-06 13:44:05]     Sanity check passed: finite logits/loss on one training batch for SignalJEPA_PreLocal.
[2026-05-06 13:44:07]     Result | best_epoch=50 | stop=50 | acc=0.8793 | bal_acc=0.8793 | pred_hist=[30, 28]

[2026-05-06 13:44:08] Fold 2/5 | subject=7
[2026-05-06 13:44:08]     Train windows:           230 | counts=[115, 115]
[2026-05-06 13:44:08]     Test windows:            58 | counts=[29, 29]
[2026-05-06 13:44:08]     Downstream model:        SignalJEPA_PreLocal
[2026-05-06 13:44:08]     Fine-tune strategy:      new
[2026-05-06 13:44:08]     Pretrained loading path: from_pretrained
[2026-05-06 13:44:08]     Pretrained repo:         braindecode/signal-jepa_without-chans
[2026-05-06 13:44:08]     Phase 1 (new):
[2026-05-06 13:44:08]       Trainable groups: ['spatial_conv.', 'final_layer.']
[2026-05-06 13:44:08]       Total params:     15,982
[2026-05-06 13:44:08]       Trainable params: 2,142
[2026-05-06 13:44:08]       Trainable pct:    13.40%
[2026-05-06 13:44:08]       Trainable parameter names: ['spatial_conv.1.weight', 'spatial_conv.1.bias', 'final_layer.1.weight', 'final_layer.1.bias']
[2026-05-06 13:44:08]     Sanity check passed: finite logits/loss on one training batch for SignalJEPA_PreLocal.
[2026-05-06 13:44:10]     Result | best_epoch=50 | stop=50 | acc=0.8448 | bal_acc=0.8448 | pred_hist=[26, 32]

[2026-05-06 13:44:10] Fold 3/5 | subject=7
[2026-05-06 13:44:10]     Train windows:           230 | counts=[115, 115]
[2026-05-06 13:44:10]     Test windows:            58 | counts=[29, 29]
[2026-05-06 13:44:10]     Downstream model:        SignalJEPA_PreLocal
[2026-05-06 13:44:10]     Fine-tune strategy:      new
[2026-05-06 13:44:10]     Pretrained loading path: from_pretrained
[2026-05-06 13:44:10]     Pretrained repo:         braindecode/signal-jepa_without-chans
[2026-05-06 13:44:10]     Phase 1 (new):
[2026-05-06 13:44:10]       Trainable groups: ['spatial_conv.', 'final_layer.']
[2026-05-06 13:44:10]       Total params:     15,982
[2026-05-06 13:44:10]       Trainable params: 2,142
[2026-05-06 13:44:10]       Trainable pct:    13.40%
[2026-05-06 13:44:10]       Trainable parameter names: ['spatial_conv.1.weight', 'spatial_conv.1.bias', 'final_layer.1.weight', 'final_layer.1.bias']
[2026-05-06 13:44:10]     Sanity check passed: finite logits/loss on one training batch for SignalJEPA_PreLocal.
[2026-05-06 13:44:13]     Result | best_epoch=50 | stop=50 | acc=0.9310 | bal_acc=0.9310 | pred_hist=[27, 31]

[2026-05-06 13:44:13] Fold 4/5 | subject=7
[2026-05-06 13:44:13]     Train windows:           231 | counts=[115, 116]
[2026-05-06 13:44:13]     Test windows:            57 | counts=[29, 28]
[2026-05-06 13:44:13]     Downstream model:        SignalJEPA_PreLocal
[2026-05-06 13:44:13]     Fine-tune strategy:      new
[2026-05-06 13:44:13]     Pretrained loading path: from_pretrained
[2026-05-06 13:44:13]     Pretrained repo:         braindecode/signal-jepa_without-chans
[2026-05-06 13:44:13]     Phase 1 (new):
[2026-05-06 13:44:13]       Trainable groups: ['spatial_conv.', 'final_layer.']
[2026-05-06 13:44:13]       Total params:     15,982
[2026-05-06 13:44:13]       Trainable params: 2,142
[2026-05-06 13:44:13]       Trainable pct:    13.40%
[2026-05-06 13:44:13]       Trainable parameter names: ['spatial_conv.1.weight', 'spatial_conv.1.bias', 'final_layer.1.weight', 'final_layer.1.bias']
[2026-05-06 13:44:13]     Sanity check passed: finite logits/loss on one training batch for SignalJEPA_PreLocal.
[2026-05-06 13:44:16]     Result | best_epoch=50 | stop=50 | acc=0.8772 | bal_acc=0.8768 | pred_hist=[30, 27]

[2026-05-06 13:44:16] Fold 5/5 | subject=7
[2026-05-06 13:44:16]     Train windows:           231 | counts=[116, 115]
[2026-05-06 13:44:16]     Test windows:            57 | counts=[28, 29]
[2026-05-06 13:44:16]     Downstream model:        SignalJEPA_PreLocal
[2026-05-06 13:44:16]     Fine-tune strategy:      new
[2026-05-06 13:44:16]     Pretrained loading path: from_pretrained
[2026-05-06 13:44:16]     Pretrained repo:         braindecode/signal-jepa_without-chans
[2026-05-06 13:44:16]     Phase 1 (new):
[2026-05-06 13:44:16]       Trainable groups: ['spatial_conv.', 'final_layer.']
[2026-05-06 13:44:16]       Total params:     15,982
[2026-05-06 13:44:16]       Trainable params: 2,142
[2026-05-06 13:44:16]       Trainable pct:    13.40%
[2026-05-06 13:44:16]       Trainable parameter names: ['spatial_conv.1.weight', 'spatial_conv.1.bias', 'final_layer.1.weight', 'final_layer.1.bias']
[2026-05-06 13:44:16]     Sanity check passed: finite logits/loss on one training batch for SignalJEPA_PreLocal.
[2026-05-06 13:44:18]     Result | best_epoch=50 | stop=50 | acc=0.8421 | bal_acc=0.8411 | pred_hist=[25, 32]
[2026-05-06 13:44:18]   Subject 7 summary: acc=0.8749±0.0321  bal_acc=0.8746±0.0323

[2026-05-06 13:44:18] Subject 8: 288 windows | class_counts=[144, 144]

[2026-05-06 13:44:19] Fold 1/5 | subject=8
[2026-05-06 13:44:19]     Train windows:           230 | counts=[115, 115]
[2026-05-06 13:44:19]     Test windows:            58 | counts=[29, 29]
[2026-05-06 13:44:19]     Downstream model:        SignalJEPA_PreLocal
[2026-05-06 13:44:19]     Fine-tune strategy:      new
[2026-05-06 13:44:19]     Pretrained loading path: from_pretrained
[2026-05-06 13:44:19]     Pretrained repo:         braindecode/signal-jepa_without-chans
[2026-05-06 13:44:19]     Phase 1 (new):
[2026-05-06 13:44:19]       Trainable groups: ['spatial_conv.', 'final_layer.']
[2026-05-06 13:44:19]       Total params:     15,982
[2026-05-06 13:44:19]       Trainable params: 2,142
[2026-05-06 13:44:19]       Trainable pct:    13.40%
[2026-05-06 13:44:19]       Trainable parameter names: ['spatial_conv.1.weight', 'spatial_conv.1.bias', 'final_layer.1.weight', 'final_layer.1.bias']
[2026-05-06 13:44:19]     Sanity check passed: finite logits/loss on one training batch for SignalJEPA_PreLocal.
[2026-05-06 13:44:21]     Result | best_epoch=50 | stop=50 | acc=0.7586 | bal_acc=0.7586 | pred_hist=[19, 39]

[2026-05-06 13:44:22] Fold 2/5 | subject=8
[2026-05-06 13:44:22]     Train windows:           230 | counts=[115, 115]
[2026-05-06 13:44:22]     Test windows:            58 | counts=[29, 29]
[2026-05-06 13:44:22]     Downstream model:        SignalJEPA_PreLocal
[2026-05-06 13:44:22]     Fine-tune strategy:      new
[2026-05-06 13:44:22]     Pretrained loading path: from_pretrained
[2026-05-06 13:44:22]     Pretrained repo:         braindecode/signal-jepa_without-chans
[2026-05-06 13:44:22]     Phase 1 (new):
[2026-05-06 13:44:22]       Trainable groups: ['spatial_conv.', 'final_layer.']
[2026-05-06 13:44:22]       Total params:     15,982
[2026-05-06 13:44:22]       Trainable params: 2,142
[2026-05-06 13:44:22]       Trainable pct:    13.40%
[2026-05-06 13:44:22]       Trainable parameter names: ['spatial_conv.1.weight', 'spatial_conv.1.bias', 'final_layer.1.weight', 'final_layer.1.bias']
[2026-05-06 13:44:22]     Sanity check passed: finite logits/loss on one training batch for SignalJEPA_PreLocal.
[2026-05-06 13:44:24]     Result | best_epoch=50 | stop=50 | acc=0.6207 | bal_acc=0.6207 | pred_hist=[35, 23]

[2026-05-06 13:44:24] Fold 3/5 | subject=8
[2026-05-06 13:44:24]     Train windows:           230 | counts=[115, 115]
[2026-05-06 13:44:24]     Test windows:            58 | counts=[29, 29]
[2026-05-06 13:44:24]     Downstream model:        SignalJEPA_PreLocal
[2026-05-06 13:44:24]     Fine-tune strategy:      new
[2026-05-06 13:44:24]     Pretrained loading path: from_pretrained
[2026-05-06 13:44:24]     Pretrained repo:         braindecode/signal-jepa_without-chans
[2026-05-06 13:44:24]     Phase 1 (new):
[2026-05-06 13:44:24]       Trainable groups: ['spatial_conv.', 'final_layer.']
[2026-05-06 13:44:24]       Total params:     15,982
[2026-05-06 13:44:24]       Trainable params: 2,142
[2026-05-06 13:44:24]       Trainable pct:    13.40%
[2026-05-06 13:44:24]       Trainable parameter names: ['spatial_conv.1.weight', 'spatial_conv.1.bias', 'final_layer.1.weight', 'final_layer.1.bias']
[2026-05-06 13:44:24]     Sanity check passed: finite logits/loss on one training batch for SignalJEPA_PreLocal.
[2026-05-06 13:44:27]     Result | best_epoch=50 | stop=50 | acc=0.6379 | bal_acc=0.6379 | pred_hist=[32, 26]

[2026-05-06 13:44:27] Fold 4/5 | subject=8
[2026-05-06 13:44:27]     Train windows:           231 | counts=[115, 116]
[2026-05-06 13:44:27]     Test windows:            57 | counts=[29, 28]
[2026-05-06 13:44:27]     Downstream model:        SignalJEPA_PreLocal
[2026-05-06 13:44:27]     Fine-tune strategy:      new
[2026-05-06 13:44:27]     Pretrained loading path: from_pretrained
[2026-05-06 13:44:27]     Pretrained repo:         braindecode/signal-jepa_without-chans
[2026-05-06 13:44:27]     Phase 1 (new):
[2026-05-06 13:44:27]       Trainable groups: ['spatial_conv.', 'final_layer.']
[2026-05-06 13:44:27]       Total params:     15,982
[2026-05-06 13:44:27]       Trainable params: 2,142
[2026-05-06 13:44:27]       Trainable pct:    13.40%
[2026-05-06 13:44:27]       Trainable parameter names: ['spatial_conv.1.weight', 'spatial_conv.1.bias', 'final_layer.1.weight', 'final_layer.1.bias']
[2026-05-06 13:44:27]     Sanity check passed: finite logits/loss on one training batch for SignalJEPA_PreLocal.
[2026-05-06 13:44:29]     Result | best_epoch=50 | stop=50 | acc=0.7018 | bal_acc=0.7044 | pred_hist=[20, 37]

[2026-05-06 13:44:30] Fold 5/5 | subject=8
[2026-05-06 13:44:30]     Train windows:           231 | counts=[116, 115]
[2026-05-06 13:44:30]     Test windows:            57 | counts=[28, 29]
[2026-05-06 13:44:30]     Downstream model:        SignalJEPA_PreLocal
[2026-05-06 13:44:30]     Fine-tune strategy:      new
[2026-05-06 13:44:30]     Pretrained loading path: from_pretrained
[2026-05-06 13:44:30]     Pretrained repo:         braindecode/signal-jepa_without-chans
[2026-05-06 13:44:30]     Phase 1 (new):
[2026-05-06 13:44:30]       Trainable groups: ['spatial_conv.', 'final_layer.']
[2026-05-06 13:44:30]       Total params:     15,982
[2026-05-06 13:44:30]       Trainable params: 2,142
[2026-05-06 13:44:30]       Trainable pct:    13.40%
[2026-05-06 13:44:30]       Trainable parameter names: ['spatial_conv.1.weight', 'spatial_conv.1.bias', 'final_layer.1.weight', 'final_layer.1.bias']
[2026-05-06 13:44:30]     Sanity check passed: finite logits/loss on one training batch for SignalJEPA_PreLocal.
[2026-05-06 13:44:32]     Result | best_epoch=50 | stop=50 | acc=0.7368 | bal_acc=0.7377 | pred_hist=[31, 26]
[2026-05-06 13:44:32]   Subject 8 summary: acc=0.6912±0.0539  bal_acc=0.6919±0.0542

[2026-05-06 13:44:32] Subject 9: 288 windows | class_counts=[144, 144]

[2026-05-06 13:44:33] Fold 1/5 | subject=9
[2026-05-06 13:44:33]     Train windows:           230 | counts=[115, 115]
[2026-05-06 13:44:33]     Test windows:            58 | counts=[29, 29]
[2026-05-06 13:44:33]     Downstream model:        SignalJEPA_PreLocal
[2026-05-06 13:44:33]     Fine-tune strategy:      new
[2026-05-06 13:44:33]     Pretrained loading path: from_pretrained
[2026-05-06 13:44:33]     Pretrained repo:         braindecode/signal-jepa_without-chans
[2026-05-06 13:44:33]     Phase 1 (new):
[2026-05-06 13:44:33]       Trainable groups: ['spatial_conv.', 'final_layer.']
[2026-05-06 13:44:33]       Total params:     15,982
[2026-05-06 13:44:33]       Trainable params: 2,142
[2026-05-06 13:44:33]       Trainable pct:    13.40%
[2026-05-06 13:44:33]       Trainable parameter names: ['spatial_conv.1.weight', 'spatial_conv.1.bias', 'final_layer.1.weight', 'final_layer.1.bias']
[2026-05-06 13:44:33]     Sanity check passed: finite logits/loss on one training batch for SignalJEPA_PreLocal.
[2026-05-06 13:44:35]     Result | best_epoch=50 | stop=50 | acc=0.7414 | bal_acc=0.7414 | pred_hist=[32, 26]

[2026-05-06 13:44:36] Fold 2/5 | subject=9
[2026-05-06 13:44:36]     Train windows:           230 | counts=[115, 115]
[2026-05-06 13:44:36]     Test windows:            58 | counts=[29, 29]
[2026-05-06 13:44:36]     Downstream model:        SignalJEPA_PreLocal
[2026-05-06 13:44:36]     Fine-tune strategy:      new
[2026-05-06 13:44:36]     Pretrained loading path: from_pretrained
[2026-05-06 13:44:36]     Pretrained repo:         braindecode/signal-jepa_without-chans
[2026-05-06 13:44:36]     Phase 1 (new):
[2026-05-06 13:44:36]       Trainable groups: ['spatial_conv.', 'final_layer.']
[2026-05-06 13:44:36]       Total params:     15,982
[2026-05-06 13:44:36]       Trainable params: 2,142
[2026-05-06 13:44:36]       Trainable pct:    13.40%
[2026-05-06 13:44:36]       Trainable parameter names: ['spatial_conv.1.weight', 'spatial_conv.1.bias', 'final_layer.1.weight', 'final_layer.1.bias']
[2026-05-06 13:44:36]     Sanity check passed: finite logits/loss on one training batch for SignalJEPA_PreLocal.
[2026-05-06 13:44:38]     Result | best_epoch=50 | stop=50 | acc=0.7931 | bal_acc=0.7931 | pred_hist=[31, 27]

[2026-05-06 13:44:38] Fold 3/5 | subject=9
[2026-05-06 13:44:38]     Train windows:           230 | counts=[115, 115]
[2026-05-06 13:44:38]     Test windows:            58 | counts=[29, 29]
[2026-05-06 13:44:38]     Downstream model:        SignalJEPA_PreLocal
[2026-05-06 13:44:38]     Fine-tune strategy:      new
[2026-05-06 13:44:38]     Pretrained loading path: from_pretrained
[2026-05-06 13:44:38]     Pretrained repo:         braindecode/signal-jepa_without-chans
[2026-05-06 13:44:38]     Phase 1 (new):
[2026-05-06 13:44:38]       Trainable groups: ['spatial_conv.', 'final_layer.']
[2026-05-06 13:44:38]       Total params:     15,982
[2026-05-06 13:44:38]       Trainable params: 2,142
[2026-05-06 13:44:38]       Trainable pct:    13.40%
[2026-05-06 13:44:38]       Trainable parameter names: ['spatial_conv.1.weight', 'spatial_conv.1.bias', 'final_layer.1.weight', 'final_layer.1.bias']
[2026-05-06 13:44:38]     Sanity check passed: finite logits/loss on one training batch for SignalJEPA_PreLocal.
[2026-05-06 13:44:41]     Result | best_epoch=50 | stop=50 | acc=0.8276 | bal_acc=0.8276 | pred_hist=[31, 27]

[2026-05-06 13:44:41] Fold 4/5 | subject=9
[2026-05-06 13:44:41]     Train windows:           231 | counts=[116, 115]
[2026-05-06 13:44:41]     Test windows:            57 | counts=[28, 29]
[2026-05-06 13:44:41]     Downstream model:        SignalJEPA_PreLocal
[2026-05-06 13:44:41]     Fine-tune strategy:      new
[2026-05-06 13:44:41]     Pretrained loading path: from_pretrained
[2026-05-06 13:44:41]     Pretrained repo:         braindecode/signal-jepa_without-chans
[2026-05-06 13:44:41]     Phase 1 (new):
[2026-05-06 13:44:41]       Trainable groups: ['spatial_conv.', 'final_layer.']
[2026-05-06 13:44:41]       Total params:     15,982
[2026-05-06 13:44:41]       Trainable params: 2,142
[2026-05-06 13:44:41]       Trainable pct:    13.40%
[2026-05-06 13:44:41]       Trainable parameter names: ['spatial_conv.1.weight', 'spatial_conv.1.bias', 'final_layer.1.weight', 'final_layer.1.bias']
[2026-05-06 13:44:41]     Sanity check passed: finite logits/loss on one training batch for SignalJEPA_PreLocal.
[2026-05-06 13:44:44]     Result | best_epoch=50 | stop=50 | acc=0.7895 | bal_acc=0.7882 | pred_hist=[24, 33]

[2026-05-06 13:44:44] Fold 5/5 | subject=9
[2026-05-06 13:44:44]     Train windows:           231 | counts=[115, 116]
[2026-05-06 13:44:44]     Test windows:            57 | counts=[29, 28]
[2026-05-06 13:44:44]     Downstream model:        SignalJEPA_PreLocal
[2026-05-06 13:44:44]     Fine-tune strategy:      new
[2026-05-06 13:44:44]     Pretrained loading path: from_pretrained
[2026-05-06 13:44:44]     Pretrained repo:         braindecode/signal-jepa_without-chans
[2026-05-06 13:44:44]     Phase 1 (new):
[2026-05-06 13:44:44]       Trainable groups: ['spatial_conv.', 'final_layer.']
[2026-05-06 13:44:44]       Total params:     15,982
[2026-05-06 13:44:44]       Trainable params: 2,142
[2026-05-06 13:44:44]       Trainable pct:    13.40%
[2026-05-06 13:44:44]       Trainable parameter names: ['spatial_conv.1.weight', 'spatial_conv.1.bias', 'final_layer.1.weight', 'final_layer.1.bias']
[2026-05-06 13:44:44]     Sanity check passed: finite logits/loss on one training batch for SignalJEPA_PreLocal.
[2026-05-06 13:44:46]     Result | best_epoch=50 | stop=50 | acc=0.7719 | bal_acc=0.7722 | pred_hist=[28, 29]
[2026-05-06 13:44:46]   Subject 9 summary: acc=0.7847±0.0282  bal_acc=0.7845±0.0281

[2026-05-06 13:44:46] Total folds completed: 45
[2026-05-06 13:44:46] ======================================================================
[2026-05-06 13:44:46] AGGREGATED RESULTS
[2026-05-06 13:44:46] ======================================================================
[2026-05-06 13:44:46]   1: acc=0.6391±0.0696  bal_acc=0.6395±0.0698
[2026-05-06 13:44:46]   2: acc=0.6252±0.0582  bal_acc=0.6254±0.0582
[2026-05-06 13:44:46]   3: acc=0.6256±0.0769  bal_acc=0.6251±0.0765
[2026-05-06 13:44:46]   4: acc=0.6772±0.0409  bal_acc=0.6778±0.0410
[2026-05-06 13:44:46]   5: acc=0.8717±0.0227  bal_acc=0.8714±0.0226
[2026-05-06 13:44:46]   6: acc=0.7049±0.0323  bal_acc=0.7046±0.0322
[2026-05-06 13:44:46]   7: acc=0.8749±0.0321  bal_acc=0.8746±0.0323
[2026-05-06 13:44:46]   8: acc=0.6912±0.0539  bal_acc=0.6919±0.0542
[2026-05-06 13:44:46]   9: acc=0.7847±0.0282  bal_acc=0.7845±0.0281
[2026-05-06 13:44:46] ----------------------------------------------------------------------
[2026-05-06 13:44:46]   OVERALL: acc=0.7216±0.1057  bal_acc=0.7216±0.1056
[2026-05-06 13:44:46] ======================================================================

[2026-05-06 13:44:46] ======================================================================
[2026-05-06 13:44:46] EXPERIMENT SUMMARY
[2026-05-06 13:44:46] ======================================================================
[2026-05-06 13:44:46] Run ID:                 20260506_1340_26a457a0
[2026-05-06 13:44:46] Dataset:                BNCI2014_001
[2026-05-06 13:44:46] Labels kept:            ['left_hand', 'right_hand']
[2026-05-06 13:44:46] Model:                  SignalJEPA_PreLocal
[2026-05-06 13:44:46] Pretrained mode:        from_pretrained
[2026-05-06 13:44:46] Strategy:               new
[2026-05-06 13:44:46] Window:                 4.200s / 537 samples
[2026-05-06 13:44:46] Artifacts:              C:\Repos\eeg-jepa-research\artifacts\moabb-mi-sjepa\BNCI2014_001\20260506_1340_26a457a0
[2026-05-06 13:44:46] Mean Accuracy:          0.7216 ± 0.1057
[2026-05-06 13:44:46] Mean Balanced Accuracy: 0.7216 ± 0.1056
[2026-05-06 13:44:46] ======================================================================
[2026-05-06 13:44:46] CV results saved to:      C:\Repos\eeg-jepa-research\artifacts\moabb-mi-sjepa\BNCI2014_001\20260506_1340_26a457a0\cv_results.json
[2026-05-06 13:44:46] Subject metrics saved to: C:\Repos\eeg-jepa-research\artifacts\moabb-mi-sjepa\BNCI2014_001\20260506_1340_26a457a0\subject_metrics.json
[2026-05-06 13:44:46] Global metrics saved to:  C:\Repos\eeg-jepa-research\artifacts\moabb-mi-sjepa\BNCI2014_001\20260506_1340_26a457a0\global_metrics.json
[2026-05-06 13:44:46] Run metadata saved to:    C:\Repos\eeg-jepa-research\artifacts\moabb-mi-sjepa\BNCI2014_001\20260506_1340_26a457a0\run_metadata.json

[2026-05-06 13:44:46] All artifacts in: C:\Repos\eeg-jepa-research\artifacts\moabb-mi-sjepa\BNCI2014_001\20260506_1340_26a457a0
