[2026-03-31 13:20:04] Using device: mps
[2026-03-31 13:20:04] Seed control enabled: True
[2026-03-31 13:20:04] Base seed: 10
[2026-03-31 13:20:05] Seed initialized: 10
[2026-03-31 13:20:05] ======================================================================
[2026-03-31 13:20:05] CONFIGURATION
[2026-03-31 13:20:05] ======================================================================
[2026-03-31 13:20:05]   artifact_dir: /Users/vadim/Documents/School/Spring 2026/CSCE A698 Individual Research/EEG_JEPA/artifacts/lee-2019-fine-tuning
[2026-03-31 13:20:05]   bandpass_high: 40.0
[2026-03-31 13:20:05]   bandpass_low: 0.5
[2026-03-31 13:20:05]   batch_size: 16
[2026-03-31 13:20:05]   convert_to_uV: True
[2026-03-31 13:20:05]   cv_folds: 5
[2026-03-31 13:20:05]   device: auto
[2026-03-31 13:20:05]   early_stopping_patience: 50
[2026-03-31 13:20:05]   learning_rate: 0.001
[2026-03-31 13:20:05]   n_epochs: 5000
[2026-03-31 13:20:05]   normalization_method: None
[2026-03-31 13:20:05]   normalize: False
[2026-03-31 13:20:05]   paradigm: SSVEP
[2026-03-31 13:20:05]   pretrained_url: https://huggingface.co/braindecode/SignalJEPA/resolve/main/signal-jepa_16s-60_adeuwv4s.pth
[2026-03-31 13:20:05]   seed: 10
[2026-03-31 13:20:05]   set_seed: True
[2026-03-31 13:20:05]   sfreq: 128
[2026-03-31 13:20:05]   subjects_to_use: [51]
[2026-03-31 13:20:05]   val_split: 0.2
[2026-03-31 13:20:05] ======================================================================
[2026-03-31 13:20:05] Config saved to: /Users/vadim/Documents/School/Spring 2026/CSCE A698 Individual Research/EEG_JEPA/artifacts/lee-2019-fine-tuning/SSVEP/20260331_1320_920f8664/config.json
[2026-03-31 13:20:05] Epoch window configuration:
[2026-03-31 13:20:05]   Target sfreq:                128 Hz
[2026-03-31 13:20:05]   Target duration:             4.190000 s
[2026-03-31 13:20:05]   Window samples (rounded):    536
[2026-03-31 13:20:05]   Base trial samples (4.0 s):  512
[2026-03-31 13:20:05]   Trial stop offset samples:   24
[2026-03-31 13:20:05]   Effective window duration:   4.187500 s
[2026-03-31 13:20:05] Using specified subjects from config: [51]
[2026-03-31 13:20:05] Selected subjects: [51]
[2026-03-31 13:20:05] Expected evaluation folds: 5

[2026-03-31 13:20:05] Building MOABBDataset for Lee2019_SSVEP...
[2026-03-31 13:20:17] MOABBDataset recordings loaded: 2
[2026-03-31 13:20:17] Discovered annotation descriptions (first recording): [np.str_('12.0'), np.str_('5.45'), np.str_('6.67'), np.str_('8.57')]
[2026-03-31 13:20:17] Dataset event_id mapping: {'12.0': 1, '8.57': 2, '6.67': 3, '5.45': 4}
[2026-03-31 13:20:17] Label map (event_code -> class_index): {1: 0, 2: 1, 3: 2, 4: 3}
[2026-03-31 13:20:17] Applying Braindecode preprocessors to MOABBDataset...
[2026-03-31 13:20:24] Preprocessing complete.

[2026-03-31 13:20:24] Post-preprocessing validation
[2026-03-31 13:20:24]   Recordings in DATASET: 2
[2026-03-31 13:20:24]   Unique subject IDs:    ['51']
[2026-03-31 13:20:24]   sfreq (first rec):     128.0 Hz
[2026-03-31 13:20:24]   EEG channel count:     62
[2026-03-31 13:20:24]   First 10 channels:     ['Fp1', 'Fp2', 'F7', 'F3', 'Fz', 'F4', 'F8', 'FC5', 'FC1', 'FC2']
[2026-03-31 13:20:24] Channel consistency summary:
[2026-03-31 13:20:24]   Checked runs: 2
[2026-03-31 13:20:24]   Unique channel counts: [62]
[2026-03-31 13:20:24]   Channel order consistent: True
[2026-03-31 13:20:24] Validated EEG channels: 62
[2026-03-31 13:20:24] First 10 EEG channels: ['Fp1', 'Fp2', 'F7', 'F3', 'Fz', 'F4', 'F8', 'FC5', 'FC1', 'FC2']
[2026-03-31 13:20:24] raw mean_abs=6.206608e+00
[2026-03-31 13:20:24] raw std=2.712803e+01
[2026-03-31 13:20:24] raw first5 channel std= [30.27595633 56.56813395 13.75714116  8.89857459  7.91183515]
[2026-03-31 13:20:24] Requested window samples: 536
[2026-03-31 13:20:24] Base trial samples:       512
[2026-03-31 13:20:24] Stop offset samples:      24
[2026-03-31 13:20:24] Global class counts: [50, 50, 50, 50]
[2026-03-31 13:20:24] Chance level (4-class): 0.25
[2026-03-31 13:20:24] One window shape: (62, 536)
[2026-03-31 13:20:24] One window label: 2
[2026-03-31 13:20:24] Window sample length expected=536, got=536
[2026-03-31 13:20:24] Subjects in window split: [51]
[2026-03-31 13:20:24] Summarizing per-subject windows...
[2026-03-31 13:20:25]   Subject 51: n_windows=200, window_shape=(62, 536), class_counts=[50, 50, 50, 50]
[2026-03-31 13:20:25]    subject_id  n_windows  n_channels  n_times      class_counts
0          51        200          62      536  [50, 50, 50, 50]
[2026-03-31 13:20:25] Window validation summary:
[2026-03-31 13:20:25]   Subject 51: n_windows=200 class_counts=[50, 50, 50, 50]

[2026-03-31 13:20:25] Validated sampling rate target: 128 Hz
[2026-03-31 13:20:25] Validated window sample count:   536
[2026-03-31 13:20:25] Validated window duration:       4.1875 s
[2026-03-31 13:20:25] Validated channel count:         62
[2026-03-31 13:20:25] Total windows retained:          200
[2026-03-31 13:20:25] Preprocessing sanity checks:
[2026-03-31 13:20:25]   One sample label: 2
[2026-03-31 13:20:25]   One sample shape: (62, 536)
[2026-03-31 13:20:25]   Mean(abs(signal)): 7.808386e+00
[2026-03-31 13:20:25]   Mean(signal):      -1.469310e-08
[2026-03-31 13:20:25]   Std(signal):       1.102899e+01
[2026-03-31 13:20:25] Building model with input window duration: 4.1875 s
[2026-03-31 13:20:25] SignalJEPA_PreLocal instantiated successfully.
[2026-03-31 13:20:25]   Total parameters:     18,192
[2026-03-31 13:20:25]   Trainable parameters: 18,192
[2026-03-31 13:20:25] ======================================================================================================================================================
Layer (type (var_name):depth-idx)                  Input Shape               Output Shape              Param #                   Kernel Shape
======================================================================================================================================================
SignalJEPA_PreLocal (SignalJEPA_PreLocal)          [1, 62, 536]              [1, 4]                    --                        --
├─Sequential (spatial_conv): 1-1                   [1, 62, 536]              [1, 4, 536]               --                        --
│    └─Rearrange (0): 2-1                          [1, 62, 536]              [1, 1, 62, 536]           --                        --
│    └─Conv2d (1): 2-2                             [1, 1, 62, 536]           [1, 4, 1, 536]            252                       [62, 1]
│    └─Rearrange (2): 2-3                          [1, 4, 1, 536]            [1, 4, 536]               --                        --
├─_ConvFeatureEncoder (feature_encoder): 1-2       [1, 4, 536]               [1, 16, 64]               --                        --
│    └─Rearrange (0): 2-4                          [1, 4, 536]               [4, 1, 536]               --                        --
│    └─Sequential (1): 2-5                         [4, 1, 536]               [4, 8, 64]                --                        --
│    │    └─Conv1d (0): 3-1                        [4, 1, 536]               [4, 8, 64]                256                       [32]
│    │    └─Dropout (1): 3-2                       [4, 8, 64]                [4, 8, 64]                --                        --
│    │    └─GroupNorm (2): 3-3                     [4, 8, 64]                [4, 8, 64]                16                        --
│    │    └─GELU (3): 3-4                          [4, 8, 64]                [4, 8, 64]                --                        --
│    └─Sequential (2): 2-6                         [4, 8, 64]                [4, 16, 32]               --                        --
│    │    └─Conv1d (0): 3-5                        [4, 8, 64]                [4, 16, 32]               256                       [2]
│    │    └─Dropout (1): 3-6                       [4, 16, 32]               [4, 16, 32]               --                        --
│    │    └─GELU (2): 3-7                          [4, 16, 32]               [4, 16, 32]               --                        --
│    └─Sequential (3): 2-7                         [4, 16, 32]               [4, 32, 16]               --                        --
│    │    └─Conv1d (0): 3-8                        [4, 16, 32]               [4, 32, 16]               1,024                     [2]
│    │    └─Dropout (1): 3-9                       [4, 32, 16]               [4, 32, 16]               --                        --
│    │    └─GELU (2): 3-10                         [4, 32, 16]               [4, 32, 16]               --                        --
│    └─Sequential (4): 2-8                         [4, 32, 16]               [4, 64, 8]                --                        --
│    │    └─Conv1d (0): 3-11                       [4, 32, 16]               [4, 64, 8]                4,096                     [2]
│    │    └─Dropout (1): 3-12                      [4, 64, 8]                [4, 64, 8]                --                        --
│    │    └─GELU (2): 3-13                         [4, 64, 8]                [4, 64, 8]                --                        --
│    └─Sequential (5): 2-9                         [4, 64, 8]                [4, 64, 4]                --                        --
│    │    └─Conv1d (0): 3-14                       [4, 64, 8]                [4, 64, 4]                8,192                     [2]
│    │    └─Dropout (1): 3-15                      [4, 64, 4]                [4, 64, 4]                --                        --
│    │    └─GELU (2): 3-16                         [4, 64, 4]                [4, 64, 4]                --                        --
│    └─Rearrange (6): 2-10                         [4, 64, 4]                [1, 16, 64]               --                        --
├─Sequential (final_layer): 1-3                    [1, 16, 64]               [1, 4]                    --                        --
│    └─Flatten (0): 2-11                           [1, 16, 64]               [1, 1024]                 --                        --
│    └─Linear (1): 2-12                            [1, 1024]                 [1, 4]                    4,100                     --
======================================================================================================================================================
Total params: 18,192
Trainable params: 18,192
Non-trainable params: 0
Total mult-adds (Units.MEGABYTES): 0.57
======================================================================================================================================================
Input size (MB): 0.13
Forward/backward pass size (MB): 0.11
Params size (MB): 0.07
Estimated Total Size (MB): 0.31
======================================================================================================================================================
[2026-03-31 13:20:25] Initializing from 16s-60 pretrained checkpoint (Hugging Face):
[2026-03-31 13:20:25]   https://huggingface.co/braindecode/SignalJEPA/resolve/main/signal-jepa_16s-60_adeuwv4s.pth
[2026-03-31 13:20:25]   Downloaded 179 keys
[2026-03-31 13:20:25] ======================================================================
[2026-03-31 13:20:25] STARTING CROSS-VALIDATION
[2026-03-31 13:20:25] ======================================================================
[2026-03-31 13:20:25] Subjects:      [51]
[2026-03-31 13:20:25] CV folds:      5
[2026-03-31 13:20:25] Batch size:    16
[2026-03-31 13:20:25] Max epochs:    5000
[2026-03-31 13:20:25] Device:        mps
[2026-03-31 13:20:25] Seed control:  True
[2026-03-31 13:20:25] Base seed:     10
[2026-03-31 13:20:25] ======================================================================

[2026-03-31 13:20:25] Subject 51: 200 windows class_counts=[50, 50, 50, 50]
[2026-03-31 13:20:25]   Fold 1 split seed: 11
[2026-03-31 13:20:25]   Fold 1 split class counts:
[2026-03-31 13:20:25]     train=[32, 32, 32, 32] val=[8, 8, 8, 8] test=[10, 10, 10, 10]
[2026-03-31 13:20:25]   Fold 2 split seed: 12
[2026-03-31 13:20:25]   Fold 2 split class counts:
[2026-03-31 13:20:25]     train=[32, 32, 32, 32] val=[8, 8, 8, 8] test=[10, 10, 10, 10]
[2026-03-31 13:20:25]   Fold 3 split seed: 13
[2026-03-31 13:20:25]   Fold 3 split class counts:
[2026-03-31 13:20:25]     train=[32, 32, 32, 32] val=[8, 8, 8, 8] test=[10, 10, 10, 10]
[2026-03-31 13:20:25]   Fold 4 split seed: 14
[2026-03-31 13:20:25]   Fold 4 split class counts:
[2026-03-31 13:20:25]     train=[32, 32, 32, 32] val=[8, 8, 8, 8] test=[10, 10, 10, 10]
[2026-03-31 13:20:25]   Fold 5 split seed: 15
[2026-03-31 13:20:25]   Fold 5 split class counts:
[2026-03-31 13:20:25]     train=[32, 32, 32, 32] val=[8, 8, 8, 8] test=[10, 10, 10, 10]
[2026-03-31 13:20:25]   Subject 51 Fold 1 seed: 5111
[2026-03-31 13:20:25]   Subject 51 Fold 1: n_train=128 n_val=32 n_test=40
[2026-03-31 13:20:25]     Train class counts: [32, 32, 32, 32]
[2026-03-31 13:20:25]     Val class counts:   [8, 8, 8, 8]
[2026-03-31 13:20:25]     Test class counts:  [10, 10, 10, 10]
[2026-03-31 13:20:25] Building model with input window duration: 4.1875 s
[2026-03-31 13:20:25] Pretrained weight loading:
[2026-03-31 13:20:25]   Downloaded keys:        179
[2026-03-31 13:20:25]   Filtered (transformer): 172
[2026-03-31 13:20:25]   Filtered (pos_encoder): 0
[2026-03-31 13:20:25]   Keys to load:           7
[2026-03-31 13:20:25]   Missing keys:           4
[2026-03-31 13:20:25]   Unexpected keys:        0
[2026-03-31 13:20:25]   Missing preview:        ['spatial_conv.1.weight', 'spatial_conv.1.bias', 'final_layer.1.weight', 'final_layer.1.bias']
[2026-03-31 13:20:25]   Unexpected preview:     []
[2026-03-31 13:20:25] Encoder freeze configuration:
[2026-03-31 13:20:25]   Total parameters:        18,192
[2026-03-31 13:20:25]   Trainable parameters:    4,352
[2026-03-31 13:20:25]   Training percentage:     23.9%
[2026-03-31 13:20:25]   Trainable layers: 4
[2026-03-31 13:20:25]     - final_layer.1.bias
[2026-03-31 13:20:25]     - final_layer.1.weight
[2026-03-31 13:20:25]     - spatial_conv.1.bias
[2026-03-31 13:20:25]     - spatial_conv.1.weight
[2026-03-31 13:20:25]     Train generator seeded: True
[2026-03-31 13:20:37]     Stopped epoch:            148
[2026-03-31 13:20:37]     Best epoch (valid_loss):  98
[2026-03-31 13:20:37]     Best valid_loss:          1.354939877986908
[2026-03-31 13:20:37]     Test accuracy (primary):  0.3000
[2026-03-31 13:20:37]     Test balanced acc:        0.3000
[2026-03-31 13:20:37]     Confusion matrix:         [[4, 4, 1, 1], [4, 2, 2, 2], [3, 1, 5, 1], [3, 4, 2, 1]]
[2026-03-31 13:20:37]     Prediction histogram:     [14, 11, 10, 5]
[2026-03-31 13:20:37]     fold_acc=0.3000 fold_bal_acc=0.3000 cm=[[4, 4, 1, 1], [4, 2, 2, 2], [3, 1, 5, 1], [3, 4, 2, 1]]
[2026-03-31 13:20:37]   Subject 51 Fold 2 seed: 5112
[2026-03-31 13:20:37]   Subject 51 Fold 2: n_train=128 n_val=32 n_test=40
[2026-03-31 13:20:37]     Train class counts: [32, 32, 32, 32]
[2026-03-31 13:20:37]     Val class counts:   [8, 8, 8, 8]
[2026-03-31 13:20:37]     Test class counts:  [10, 10, 10, 10]
[2026-03-31 13:20:37] Building model with input window duration: 4.1875 s
[2026-03-31 13:20:37] Pretrained weight loading:
[2026-03-31 13:20:37]   Downloaded keys:        179
[2026-03-31 13:20:37]   Filtered (transformer): 172
[2026-03-31 13:20:37]   Filtered (pos_encoder): 0
[2026-03-31 13:20:37]   Keys to load:           7
[2026-03-31 13:20:37]   Missing keys:           4
[2026-03-31 13:20:37]   Unexpected keys:        0
[2026-03-31 13:20:37]   Missing preview:        ['spatial_conv.1.weight', 'spatial_conv.1.bias', 'final_layer.1.weight', 'final_layer.1.bias']
[2026-03-31 13:20:37]   Unexpected preview:     []
[2026-03-31 13:20:37] Encoder freeze configuration:
[2026-03-31 13:20:37]   Total parameters:        18,192
[2026-03-31 13:20:37]   Trainable parameters:    4,352
[2026-03-31 13:20:37]   Training percentage:     23.9%
[2026-03-31 13:20:37]   Trainable layers: 4
[2026-03-31 13:20:37]     - final_layer.1.bias
[2026-03-31 13:20:37]     - final_layer.1.weight
[2026-03-31 13:20:37]     - spatial_conv.1.bias
[2026-03-31 13:20:37]     - spatial_conv.1.weight
[2026-03-31 13:20:37]     Train generator seeded: True
[2026-03-31 13:20:41]     Stopped epoch:            51
[2026-03-31 13:20:41]     Best epoch (valid_loss):  1
[2026-03-31 13:20:41]     Best valid_loss:          1.3862416744232178
[2026-03-31 13:20:41]     Test accuracy (primary):  0.3000
[2026-03-31 13:20:41]     Test balanced acc:        0.3000
[2026-03-31 13:20:41]     Confusion matrix:         [[1, 0, 1, 8], [0, 0, 0, 10], [0, 0, 1, 9], [0, 0, 0, 10]]
[2026-03-31 13:20:41]     Prediction histogram:     [1, 0, 2, 37]
[2026-03-31 13:20:41]     fold_acc=0.3000 fold_bal_acc=0.3000 cm=[[1, 0, 1, 8], [0, 0, 0, 10], [0, 0, 1, 9], [0, 0, 0, 10]]
[2026-03-31 13:20:41]   Subject 51 Fold 3 seed: 5113
[2026-03-31 13:20:41]   Subject 51 Fold 3: n_train=128 n_val=32 n_test=40
[2026-03-31 13:20:41]     Train class counts: [32, 32, 32, 32]
[2026-03-31 13:20:41]     Val class counts:   [8, 8, 8, 8]
[2026-03-31 13:20:41]     Test class counts:  [10, 10, 10, 10]
[2026-03-31 13:20:41] Building model with input window duration: 4.1875 s
[2026-03-31 13:20:41] Pretrained weight loading:
[2026-03-31 13:20:41]   Downloaded keys:        179
[2026-03-31 13:20:41]   Filtered (transformer): 172
[2026-03-31 13:20:41]   Filtered (pos_encoder): 0
[2026-03-31 13:20:41]   Keys to load:           7
[2026-03-31 13:20:41]   Missing keys:           4
[2026-03-31 13:20:41]   Unexpected keys:        0
[2026-03-31 13:20:41]   Missing preview:        ['spatial_conv.1.weight', 'spatial_conv.1.bias', 'final_layer.1.weight', 'final_layer.1.bias']
[2026-03-31 13:20:41]   Unexpected preview:     []
[2026-03-31 13:20:41] Encoder freeze configuration:
[2026-03-31 13:20:41]   Total parameters:        18,192
[2026-03-31 13:20:41]   Trainable parameters:    4,352
[2026-03-31 13:20:41]   Training percentage:     23.9%
[2026-03-31 13:20:41]   Trainable layers: 4
[2026-03-31 13:20:41]     - final_layer.1.bias
[2026-03-31 13:20:41]     - final_layer.1.weight
[2026-03-31 13:20:41]     - spatial_conv.1.bias
[2026-03-31 13:20:41]     - spatial_conv.1.weight
[2026-03-31 13:20:41]     Train generator seeded: True
[2026-03-31 13:20:58]     Stopped epoch:            220
[2026-03-31 13:20:58]     Best epoch (valid_loss):  170
[2026-03-31 13:20:58]     Best valid_loss:          1.2837703824043274
[2026-03-31 13:20:58]     Test accuracy (primary):  0.3750
[2026-03-31 13:20:58]     Test balanced acc:        0.3750
[2026-03-31 13:20:58]     Confusion matrix:         [[2, 3, 1, 4], [2, 1, 3, 4], [2, 1, 5, 2], [0, 1, 2, 7]]
[2026-03-31 13:20:58]     Prediction histogram:     [6, 6, 11, 17]
[2026-03-31 13:20:58]     fold_acc=0.3750 fold_bal_acc=0.3750 cm=[[2, 3, 1, 4], [2, 1, 3, 4], [2, 1, 5, 2], [0, 1, 2, 7]]
[2026-03-31 13:20:58]   Subject 51 Fold 4 seed: 5114
[2026-03-31 13:20:58]   Subject 51 Fold 4: n_train=128 n_val=32 n_test=40
[2026-03-31 13:20:58]     Train class counts: [32, 32, 32, 32]
[2026-03-31 13:20:58]     Val class counts:   [8, 8, 8, 8]
[2026-03-31 13:20:58]     Test class counts:  [10, 10, 10, 10]
[2026-03-31 13:20:58] Building model with input window duration: 4.1875 s
[2026-03-31 13:20:58] Pretrained weight loading:
[2026-03-31 13:20:58]   Downloaded keys:        179
[2026-03-31 13:20:58]   Filtered (transformer): 172
[2026-03-31 13:20:58]   Filtered (pos_encoder): 0
[2026-03-31 13:20:58]   Keys to load:           7
[2026-03-31 13:20:58]   Missing keys:           4
[2026-03-31 13:20:58]   Unexpected keys:        0
[2026-03-31 13:20:58]   Missing preview:        ['spatial_conv.1.weight', 'spatial_conv.1.bias', 'final_layer.1.weight', 'final_layer.1.bias']
[2026-03-31 13:20:58]   Unexpected preview:     []
[2026-03-31 13:20:58] Encoder freeze configuration:
[2026-03-31 13:20:58]   Total parameters:        18,192
[2026-03-31 13:20:58]   Trainable parameters:    4,352
[2026-03-31 13:20:58]   Training percentage:     23.9%
[2026-03-31 13:20:58]   Trainable layers: 4
[2026-03-31 13:20:58]     - final_layer.1.bias
[2026-03-31 13:20:58]     - final_layer.1.weight
[2026-03-31 13:20:58]     - spatial_conv.1.bias
[2026-03-31 13:20:58]     - spatial_conv.1.weight
[2026-03-31 13:20:58]     Train generator seeded: True
[2026-03-31 13:21:05]     Stopped epoch:            83
[2026-03-31 13:21:05]     Best epoch (valid_loss):  33
[2026-03-31 13:21:05]     Best valid_loss:          1.3713700771331787
[2026-03-31 13:21:05]     Test accuracy (primary):  0.3750
[2026-03-31 13:21:05]     Test balanced acc:        0.3750
[2026-03-31 13:21:05]     Confusion matrix:         [[3, 1, 3, 3], [0, 2, 1, 7], [3, 1, 4, 2], [3, 0, 1, 6]]
[2026-03-31 13:21:05]     Prediction histogram:     [9, 4, 9, 18]
[2026-03-31 13:21:05]     fold_acc=0.3750 fold_bal_acc=0.3750 cm=[[3, 1, 3, 3], [0, 2, 1, 7], [3, 1, 4, 2], [3, 0, 1, 6]]
[2026-03-31 13:21:05]   Subject 51 Fold 5 seed: 5115
[2026-03-31 13:21:05]   Subject 51 Fold 5: n_train=128 n_val=32 n_test=40
[2026-03-31 13:21:05]     Train class counts: [32, 32, 32, 32]
[2026-03-31 13:21:05]     Val class counts:   [8, 8, 8, 8]
[2026-03-31 13:21:05]     Test class counts:  [10, 10, 10, 10]
[2026-03-31 13:21:05] Building model with input window duration: 4.1875 s
[2026-03-31 13:21:05] Pretrained weight loading:
[2026-03-31 13:21:05]   Downloaded keys:        179
[2026-03-31 13:21:05]   Filtered (transformer): 172
[2026-03-31 13:21:05]   Filtered (pos_encoder): 0
[2026-03-31 13:21:05]   Keys to load:           7
[2026-03-31 13:21:05]   Missing keys:           4
[2026-03-31 13:21:05]   Unexpected keys:        0
[2026-03-31 13:21:05]   Missing preview:        ['spatial_conv.1.weight', 'spatial_conv.1.bias', 'final_layer.1.weight', 'final_layer.1.bias']
[2026-03-31 13:21:05]   Unexpected preview:     []
[2026-03-31 13:21:05] Encoder freeze configuration:
[2026-03-31 13:21:05]   Total parameters:        18,192
[2026-03-31 13:21:05]   Trainable parameters:    4,352
[2026-03-31 13:21:05]   Training percentage:     23.9%
[2026-03-31 13:21:05]   Trainable layers: 4
[2026-03-31 13:21:05]     - final_layer.1.bias
[2026-03-31 13:21:05]     - final_layer.1.weight
[2026-03-31 13:21:05]     - spatial_conv.1.bias
[2026-03-31 13:21:05]     - spatial_conv.1.weight
[2026-03-31 13:21:05]     Train generator seeded: True
[2026-03-31 13:21:37]     Stopped epoch:            422
[2026-03-31 13:21:37]     Best epoch (valid_loss):  372
[2026-03-31 13:21:37]     Best valid_loss:          1.046282410621643
[2026-03-31 13:21:37]     Test accuracy (primary):  0.5000
[2026-03-31 13:21:37]     Test balanced acc:        0.5000
[2026-03-31 13:21:37]     Confusion matrix:         [[5, 0, 3, 2], [1, 4, 4, 1], [2, 1, 6, 1], [0, 2, 3, 5]]
[2026-03-31 13:21:37]     Prediction histogram:     [8, 7, 16, 9]
[2026-03-31 13:21:37]     fold_acc=0.5000 fold_bal_acc=0.5000 cm=[[5, 0, 3, 2], [1, 4, 4, 1], [2, 1, 6, 1], [0, 2, 3, 5]]
[2026-03-31 13:21:37]   Subject 51 mean accuracy: 0.3700

[2026-03-31 13:21:37] Total folds completed: 5
[2026-03-31 13:21:37] ======================================================================
[2026-03-31 13:21:37] AGGREGATED RESULTS
[2026-03-31 13:21:37] ======================================================================
[2026-03-31 13:21:37]   Subject 51:  acc=0.3700±0.0731  bal_acc=0.3700±0.0731
[2026-03-31 13:21:37] ----------------------------------------------------------------------
[2026-03-31 13:21:37]   OVERALL:      acc=0.3700±0.0731  bal_acc=0.3700±0.0731
[2026-03-31 13:21:37] ======================================================================
[2026-03-31 13:21:37] CV results saved to:      /Users/vadim/Documents/School/Spring 2026/CSCE A698 Individual Research/EEG_JEPA/artifacts/lee-2019-fine-tuning/SSVEP/20260331_1320_920f8664/cv_results.json
[2026-03-31 13:21:37] Subject metrics saved to: /Users/vadim/Documents/School/Spring 2026/CSCE A698 Individual Research/EEG_JEPA/artifacts/lee-2019-fine-tuning/SSVEP/20260331_1320_920f8664/subject_metrics.json
[2026-03-31 13:21:37] Global metrics saved to:  /Users/vadim/Documents/School/Spring 2026/CSCE A698 Individual Research/EEG_JEPA/artifacts/lee-2019-fine-tuning/SSVEP/20260331_1320_920f8664/global_metrics.json
[2026-03-31 13:21:37] Run metadata saved to:    /Users/vadim/Documents/School/Spring 2026/CSCE A698 Individual Research/EEG_JEPA/artifacts/lee-2019-fine-tuning/SSVEP/20260331_1320_920f8664/run_metadata.json

[2026-03-31 13:21:37] All artifacts in: /Users/vadim/Documents/School/Spring 2026/CSCE A698 Individual Research/EEG_JEPA/artifacts/lee-2019-fine-tuning/SSVEP/20260331_1320_920f8664

[2026-03-31 13:21:37] ======================================================================
[2026-03-31 13:21:37] EXPERIMENT SUMMARY
[2026-03-31 13:21:37] ======================================================================
[2026-03-31 13:21:37] Run ID:    20260331_1320_920f8664
[2026-03-31 13:21:37] Artifacts: /Users/vadim/Documents/School/Spring 2026/CSCE A698 Individual Research/EEG_JEPA/artifacts/lee-2019-fine-tuning/SSVEP/20260331_1320_920f8664

[2026-03-31 13:21:37] Configuration:
[2026-03-31 13:21:37]   Subjects:          [51]
[2026-03-31 13:21:37]   Bandpass:          0.5-40.0 Hz
[2026-03-31 13:21:37]   Resample:          128 Hz
[2026-03-31 13:21:37]   CV folds:          5
[2026-03-31 13:21:37]   Learning rate:     0.001
[2026-03-31 13:21:37]   Batch size:        16
[2026-03-31 13:21:37]   Max epochs:        5000

[2026-03-31 13:21:37] Results:
[2026-03-31 13:21:37]   Mean Accuracy:          0.3700 ± 0.0731
[2026-03-31 13:21:37]   Mean Balanced Accuracy: 0.3700 ± 0.0731
