[2026-05-05 20:22:29] Using device: mps
[2026-05-05 20:22:29] Seed control disabled
[2026-05-05 20:22:29] ======================================================================
[2026-05-05 20:22:29] CONFIGURATION
[2026-05-05 20:22:29] ======================================================================
[2026-05-05 20:22:29]   artifact_dir: /Users/vadim/Documents/School/Spring 2026/CSCE A698 Individual Research/EEG_JEPA/artifacts/moabb-mi-sjepa-loso
[2026-05-05 20:22:29]   bandpass_high: 40.0
[2026-05-05 20:22:29]   bandpass_low: 0.5
[2026-05-05 20:22:29]   batch_size: 32
[2026-05-05 20:22:29]   dataset_name: Cho2017
[2026-05-05 20:22:29]   dataset_source: moabb
[2026-05-05 20:22:29]   early_stopping_patience: None
[2026-05-05 20:22:29]   exclude_subjects: []
[2026-05-05 20:22:29]   labels_to_keep: ['left_hand', 'right_hand']
[2026-05-05 20:22:29]   learning_rate: 0.0001
[2026-05-05 20:22:29]   moabb_dataset_kwargs: {}
[2026-05-05 20:22:29]   model_name: SignalJEPA_PreLocal
[2026-05-05 20:22:29]   n_epochs: 50
[2026-05-05 20:22:29]   preprocessed_concat_dir: None
[2026-05-05 20:22:29]   pretrained_mode: from_pretrained
[2026-05-05 20:22:29]   pretrained_repo_id: None
[2026-05-05 20:22:29]   seed: None
[2026-05-05 20:22:29]   set_seed: False
[2026-05-05 20:22:29]   sfreq: 128
[2026-05-05 20:22:29]   strategy: new
[2026-05-05 20:22:29]   subjects_to_use: None
[2026-05-05 20:22:29]   target_window_duration_s: 3.2
[2026-05-05 20:22:29]   val_split: 0.2
[2026-05-05 20:22:29]   warmup_epochs: 10
[2026-05-05 20:22:29] ======================================================================
[2026-05-05 20:22:29] Config saved to: /Users/vadim/Documents/School/Spring 2026/CSCE A698 Individual Research/EEG_JEPA/artifacts/moabb-mi-sjepa-loso/Cho2017/20260505_2022_c2ec337c/config.json
[2026-05-05 20:22:29] Epoch window configuration:
[2026-05-05 20:22:29]   Target sfreq:            128 Hz
[2026-05-05 20:22:29]   Requested duration:      3.200 s
[2026-05-05 20:22:29]   Expected window samples: 409

[2026-05-05 20:22:29] Preprocessed concat dataset exists: True at /Users/vadim/Documents/School/Spring 2026/CSCE A698 Individual Research/EEG_JEPA/preprocessed_concat_datasets/Cho2017_048eba1d_wacff46_subjects_c4ca4238

[2026-05-05 20:22:29] Using existing preprocessed concat dataset.

[2026-05-05 20:22:29] Post-load raw validation
[2026-05-05 20:22:29]   Recordings:          1
[2026-05-05 20:22:29]   Subjects loaded:     ['1']
[2026-05-05 20:22:29]   sfreq first rec:     128.0 Hz
[2026-05-05 20:22:29]   EEG channel count:   64
[2026-05-05 20:22:29]   Labels present:      ['left_hand', 'right_hand']
[2026-05-05 20:22:29]   Labels selected:     ['left_hand', 'right_hand']
[2026-05-05 20:22:29] Annotation counts before filtering: {np.str_('left_hand'): 100, np.str_('right_hand'): 100}
[2026-05-05 20:22:29] Filtered annotations: kept 200 / 200
[2026-05-05 20:22:29] Annotation counts after filtering:  {np.str_('left_hand'): 100, np.str_('right_hand'): 100}
[2026-05-05 20:22:29] Updated annotation durations:       200
[2026-05-05 20:22:29] Window shape: (64, 409)
[2026-05-05 20:22:29] Window sample length expected=409, got=409
[2026-05-05 20:22:29] Class mapping: {'left_hand': 0, 'right_hand': 1}
[2026-05-05 20:22:29] Global class counts: [100, 100]
[2026-05-05 20:22:29] Chance level: 0.50
[2026-05-05 20:22:29] Summarizing per-subject windows...
[2026-05-05 20:22:29]   Subject 1: n_windows=200, window_shape=(64, 409), class_counts=[100, 100]
[2026-05-05 20:22:30] SignalJEPA_PreLocal instantiated successfully.
[2026-05-05 20:22:30]   Loading mode:          from_pretrained
[2026-05-05 20:22:30]   Repo:                  braindecode/signal-jepa_without-chans
[2026-05-05 20:22:30]   Total parameters:      15,638
[2026-05-05 20:22:30]   Trainable parameters:  15,638
[2026-05-05 20:22:30] ======================================================================================================================================================
Layer (type (var_name):depth-idx)                  Input Shape               Output Shape              Param #                   Kernel Shape
======================================================================================================================================================
SignalJEPA_PreLocal (SignalJEPA_PreLocal)          [1, 64, 409]              [1, 2]                    --                        --
├─Sequential (spatial_conv): 1-1                   [1, 64, 409]              [1, 4, 409]               --                        --
│    └─Rearrange (0): 2-1                          [1, 64, 409]              [1, 1, 64, 409]           --                        --
│    └─Conv2d (1): 2-2                             [1, 1, 64, 409]           [1, 4, 1, 409]            260                       [64, 1]
│    └─Rearrange (2): 2-3                          [1, 4, 1, 409]            [1, 4, 409]               --                        --
├─_ConvFeatureEncoder (feature_encoder): 1-2       [1, 4, 409]               [1, 12, 64]               --                        --
│    └─Rearrange (0): 2-4                          [1, 4, 409]               [4, 1, 409]               --                        --
│    └─Sequential (1): 2-5                         [4, 1, 409]               [4, 8, 48]                --                        --
│    │    └─Conv1d (0): 3-1                        [4, 1, 409]               [4, 8, 48]                256                       [32]
│    │    └─Dropout (1): 3-2                       [4, 8, 48]                [4, 8, 48]                --                        --
│    │    └─GroupNorm (2): 3-3                     [4, 8, 48]                [4, 8, 48]                16                        --
│    │    └─GELU (3): 3-4                          [4, 8, 48]                [4, 8, 48]                --                        --
│    └─Sequential (2): 2-6                         [4, 8, 48]                [4, 16, 24]               --                        --
│    │    └─Conv1d (0): 3-5                        [4, 8, 48]                [4, 16, 24]               256                       [2]
│    │    └─Dropout (1): 3-6                       [4, 16, 24]               [4, 16, 24]               --                        --
│    │    └─GELU (2): 3-7                          [4, 16, 24]               [4, 16, 24]               --                        --
│    └─Sequential (3): 2-7                         [4, 16, 24]               [4, 32, 12]               --                        --
│    │    └─Conv1d (0): 3-8                        [4, 16, 24]               [4, 32, 12]               1,024                     [2]
│    │    └─Dropout (1): 3-9                       [4, 32, 12]               [4, 32, 12]               --                        --
│    │    └─GELU (2): 3-10                         [4, 32, 12]               [4, 32, 12]               --                        --
│    └─Sequential (4): 2-8                         [4, 32, 12]               [4, 64, 6]                --                        --
│    │    └─Conv1d (0): 3-11                       [4, 32, 12]               [4, 64, 6]                4,096                     [2]
│    │    └─Dropout (1): 3-12                      [4, 64, 6]                [4, 64, 6]                --                        --
│    │    └─GELU (2): 3-13                         [4, 64, 6]                [4, 64, 6]                --                        --
│    └─Sequential (5): 2-9                         [4, 64, 6]                [4, 64, 3]                --                        --
│    │    └─Conv1d (0): 3-14                       [4, 64, 6]                [4, 64, 3]                8,192                     [2]
│    │    └─Dropout (1): 3-15                      [4, 64, 3]                [4, 64, 3]                --                        --
│    │    └─GELU (2): 3-16                         [4, 64, 3]                [4, 64, 3]                --                        --
│    └─Rearrange (6): 2-10                         [4, 64, 3]                [1, 12, 64]               --                        --
├─Sequential (final_layer): 1-3                    [1, 12, 64]               [1, 2]                    --                        --
│    └─Flatten (0): 2-11                           [1, 12, 64]               [1, 768]                  --                        --
│    └─Linear (1): 2-12                            [1, 768]                  [1, 2]                    1,538                     --
======================================================================================================================================================
Total params: 15,638
Trainable params: 15,638
Non-trainable params: 0
Total mult-adds (Units.MEGABYTES): 0.43
======================================================================================================================================================
Input size (MB): 0.10
Forward/backward pass size (MB): 0.08
Params size (MB): 0.06
Estimated Total Size (MB): 0.25
======================================================================================================================================================
[2026-05-05 20:22:30] ======================================================================
[2026-05-05 20:22:30] STARTING LOSO EVALUATION
[2026-05-05 20:22:30] ======================================================================
[2026-05-05 20:22:30] Dataset:       Cho2017
[2026-05-05 20:22:30] Subjects:      ['1']
[2026-05-05 20:22:30] Model:         SignalJEPA_PreLocal
[2026-05-05 20:22:30] Pretrained:    from_pretrained
[2026-05-05 20:22:30] Strategy:      new
[2026-05-05 20:22:30] Val split:     0.2
[2026-05-05 20:22:30] Max epochs:    50
[2026-05-05 20:22:30] Device:        mps
[2026-05-05 20:22:30] ======================================================================
