[2026-04-17 03:18:54] Using device: cpu
[2026-04-17 03:18:54] Seed control disabled (CONFIG['set_seed'] = False)
[2026-04-17 03:18:54] ======================================================================
[2026-04-17 03:18:54] CONFIGURATION
[2026-04-17 03:18:54] ======================================================================
[2026-04-17 03:18:54]   artifact_dir: /home/vegorov/Repos/eeg_jepa_research/artifacts/lee-2019-fine-tuning
[2026-04-17 03:18:54]   bandpass_high: 40.0
[2026-04-17 03:18:54]   bandpass_low: 0.5
[2026-04-17 03:18:54]   batch_size: 32
[2026-04-17 03:18:54]   convert_to_uV: True
[2026-04-17 03:18:54]   cv_folds: 5
[2026-04-17 03:18:54]   early_stopping_patience: 50
[2026-04-17 03:18:54]   learning_rate: None
[2026-04-17 03:18:54]   model_name: SignalJEPA_PreLocal
[2026-04-17 03:18:54]   n_epochs: 5000
[2026-04-17 03:18:54]   paradigm: ERP
[2026-04-17 03:18:54]   pretrained_url: https://huggingface.co/braindecode/SignalJEPA/resolve/main/signal-jepa_16s-60_adeuwv4s.pth
[2026-04-17 03:18:54]   seed: None
[2026-04-17 03:18:54]   set_eeg_reference: True
[2026-04-17 03:18:54]   set_seed: False
[2026-04-17 03:18:54]   set_standard_montage: True
[2026-04-17 03:18:54]   sfreq: 128
[2026-04-17 03:18:54]   strategy: full
[2026-04-17 03:18:54]   subjects_to_use: None
[2026-04-17 03:18:54]   val_split: 0.2
[2026-04-17 03:18:54]   warmup_epochs: 10
[2026-04-17 03:18:54]   primary_metric_name: roc_auc
[2026-04-17 03:18:54]   primary_metric_label: ROC-AUC
[2026-04-17 03:18:54] ======================================================================
[2026-04-17 03:18:54] Config saved to: /home/vegorov/Repos/eeg_jepa_research/artifacts/lee-2019-fine-tuning/ERP/20260417_0318_de10c9cf/config.json
[2026-04-17 03:18:55] Epoch window configuration:
[2026-04-17 03:18:55]   Target sfreq:                128 Hz
[2026-04-17 03:18:55]   Target duration:             1.190000 s
[2026-04-17 03:18:55]   Window samples (rounded):    152
[2026-04-17 03:18:55]   Base trial samples (1.0 s):  128
[2026-04-17 03:18:55]   Trial stop offset samples:   24
[2026-04-17 03:18:55]   Effective window duration:   1.187500 s
[2026-04-17 03:18:55] Dataset code: Lee2019-ERP
[2026-04-17 03:18:55] Subjects Total: 54
[2026-04-17 03:18:55] Events: {'Target': 1, 'NonTarget': 2}
[2026-04-17 03:18:55] Interval: [0.0, 1.0]
[2026-04-17 03:18:55] Paradigm: p300
[2026-04-17 03:18:55] Selected subjects: [48, 49, 50, 51, 52, 53, 54]
[2026-04-17 03:18:55] Expected evaluation folds: 35

[2026-04-17 03:18:55] Building MOABBDataset for Lee2019_ERP...
[2026-04-17 03:20:36] MOABBDataset recordings loaded: 14
[2026-04-17 03:20:36] Discovered annotation descriptions (first recording): [np.str_('NonTarget'), np.str_('Target')]
[2026-04-17 03:20:36] Dataset event_id mapping: {'Target': 1, 'NonTarget': 2}
[2026-04-17 03:20:36] Label map (event_code -> class_index): {1: 0, 2: 1}
[2026-04-17 03:20:36] Applying Braindecode preprocessors to MOABBDataset...
[2026-04-17 03:20:59] Preprocessing complete.

[2026-04-17 03:20:59] Post-preprocessing validation
[2026-04-17 03:20:59]   Recordings in DATASET: 14
[2026-04-17 03:20:59]   Unique subject IDs:    ['48', '49', '50', '51', '52', '53', '54']
[2026-04-17 03:20:59]   sfreq (first rec):     128.0 Hz
[2026-04-17 03:20:59]   EEG channel count:     62
[2026-04-17 03:20:59]   First 10 channels:     ['Fp1', 'Fp2', 'F7', 'F3', 'Fz', 'F4', 'F8', 'FC5', 'FC1', 'FC2']
[2026-04-17 03:20:59] EEG channel #: 62
[2026-04-17 03:20:59] First 10 EEG channels: ['Fp1', 'Fp2', 'F7', 'F3', 'Fz', 'F4', 'F8', 'FC5', 'FC1', 'FC2']
[2026-04-17 03:20:59] Channel-location ranges (x, y, z):
[2026-04-17 03:20:59]   x: min=-0.087556, max=0.084222, span=0.171778
[2026-04-17 03:20:59]   y: min=-0.082783, max=0.115346, span=0.198129
[2026-04-17 03:20:59]   z: min=-0.013156, max=0.141549, span=0.154705
[2026-04-17 03:20:59] Requested window samples: 152
[2026-04-17 03:20:59] Base trial samples:       128
[2026-04-17 03:20:59] Stop offset samples:      24
[2026-04-17 03:20:59] Global class counts: [23100, 4620]
[2026-04-17 03:20:59] Chance level (2-class): 0.50
[2026-04-17 03:20:59] One window shape: (62, 152)
[2026-04-17 03:20:59] One window label: 0
[2026-04-17 03:20:59] Window sample length expected=152, got=152
[2026-04-17 03:20:59] Subjects in window split: [48, 49, 50, 51, 52, 53, 54]
[2026-04-17 03:20:59] Summarizing per-subject windows...
[2026-04-17 03:20:59]   Subject 48: n_windows=3960, window_shape=(62, 152), class_counts=[3300, 660]
[2026-04-17 03:20:59]   Subject 49: n_windows=3960, window_shape=(62, 152), class_counts=[3300, 660]
[2026-04-17 03:20:59]   Subject 50: n_windows=3960, window_shape=(62, 152), class_counts=[3300, 660]
[2026-04-17 03:20:59]   Subject 51: n_windows=3960, window_shape=(62, 152), class_counts=[3300, 660]
[2026-04-17 03:20:59]   Subject 52: n_windows=3960, window_shape=(62, 152), class_counts=[3300, 660]
[2026-04-17 03:20:59]   Subject 53: n_windows=3960, window_shape=(62, 152), class_counts=[3300, 660]
[2026-04-17 03:20:59]   Subject 54: n_windows=3960, window_shape=(62, 152), class_counts=[3300, 660]
[2026-04-17 03:20:59]    subject_id  n_windows  n_channels  n_times class_counts
0          48       3960          62      152  [3300, 660]
1          49       3960          62      152  [3300, 660]
2          50       3960          62      152  [3300, 660]
3          51       3960          62      152  [3300, 660]
4          52       3960          62      152  [3300, 660]
5          53       3960          62      152  [3300, 660]
6          54       3960          62      152  [3300, 660]
[2026-04-17 03:21:00] Window validation summary:
[2026-04-17 03:21:00]   Subject 48: n_windows=3960 class_counts=[3300, 660]
[2026-04-17 03:21:00]   Subject 49: n_windows=3960 class_counts=[3300, 660]
[2026-04-17 03:21:00]   Subject 50: n_windows=3960 class_counts=[3300, 660]
[2026-04-17 03:21:00]   Subject 51: n_windows=3960 class_counts=[3300, 660]
[2026-04-17 03:21:00]   Subject 52: n_windows=3960 class_counts=[3300, 660]
[2026-04-17 03:21:00]   Subject 53: n_windows=3960 class_counts=[3300, 660]
[2026-04-17 03:21:00]   Subject 54: n_windows=3960 class_counts=[3300, 660]

[2026-04-17 03:21:00] Validated sampling rate target: 128 Hz
[2026-04-17 03:21:00] Validated window sample count:   152
[2026-04-17 03:21:00] Validated window duration:       1.1875 s
[2026-04-17 03:21:00] Validated channel count:         62
[2026-04-17 03:21:00] Total windows retained:          27720
[2026-04-17 03:21:00] Preprocessing sanity checks:
[2026-04-17 03:21:00]   One sample label: 0
[2026-04-17 03:21:00]   One sample shape: (62, 152)
[2026-04-17 03:21:00]   Mean(abs(signal)): 3.551250e+00
[2026-04-17 03:21:00]   Mean(signal):      -9.714848e-09
[2026-04-17 03:21:00]   Std(signal):       4.623938e+00
[2026-04-17 03:21:00] SignalJEPA_PreLocal instantiated successfully.
[2026-04-17 03:21:00]   Total parameters:     14,606
[2026-04-17 03:21:00]   Trainable parameters: 14,606
[2026-04-17 03:21:00] Initializing from 16s-60 pretrained checkpoint (Hugging Face):
[2026-04-17 03:21:00]   https://huggingface.co/braindecode/SignalJEPA/resolve/main/signal-jepa_16s-60_adeuwv4s.pth
[2026-04-17 03:21:00]   Downloaded 179 keys
[2026-04-17 03:21:00] ======================================================================
[2026-04-17 03:21:00] STARTING CROSS-VALIDATION
[2026-04-17 03:21:00] ======================================================================
[2026-04-17 03:21:00] Subjects:      [48, 49, 50, 51, 52, 53, 54]
[2026-04-17 03:21:00] Paradigm:      ERP
[2026-04-17 03:21:00] Model:         SignalJEPA_PreLocal
[2026-04-17 03:21:00] Strategy:      full
[2026-04-17 03:21:00] Warm-up epochs:10
[2026-04-17 03:21:00] CV folds:      5
[2026-04-17 03:21:00] Batch size:    32
[2026-04-17 03:21:00] Max epochs:    5000
[2026-04-17 03:21:00] Device:        cpu
[2026-04-17 03:21:00] Seed control:  False
[2026-04-17 03:21:00] Base seed:     None
[2026-04-17 03:21:00] ERP primary metric: roc_auc
[2026-04-17 03:21:00] ======================================================================

[2026-04-17 03:21:00] Subject 48: 3960 windows | class_counts=[3300, 660]
[2026-04-17 03:21:00]     Downstream model:   SignalJEPA_PreLocal
[2026-04-17 03:21:00]     Fine-tune strategy: full
[2026-04-17 03:21:00]     Warm-up active:     True
[2026-04-17 03:21:00]     Warm-up epochs:     10
[2026-04-17 03:21:00]     Missing keys:       ['spatial_conv.1.weight', 'spatial_conv.1.bias', 'final_layer.1.weight', 'final_layer.1.bias']
[2026-04-17 03:21:00]     Phase 1 (warmup):
[2026-04-17 03:21:00]       Trainable groups: ['spatial_conv.', 'final_layer.']
[2026-04-17 03:21:00]       Trainable params: 766 / 14,606 (5.2%)
[2026-04-17 03:21:00]     Sanity check passed: finite logits/loss on one training batch for SignalJEPA_PreLocal.
[2026-04-17 03:21:03]     Phase 2 (full):
[2026-04-17 03:21:03]       Trainable groups: ['all_parameters']
[2026-04-17 03:21:03]       Trainable params: 14,606 / 14,606 (100.0%)
[2026-04-17 03:40:15]   Fold 1/5 | best_epoch=19 | stop=5000 | val_loss=0.1330 | acc=0.9495 | bal_acc=0.9000 | roc_auc=0.9844
[2026-04-17 03:40:16]     Downstream model:   SignalJEPA_PreLocal
[2026-04-17 03:40:16]     Fine-tune strategy: full
[2026-04-17 03:40:16]     Warm-up active:     True
[2026-04-17 03:40:16]     Warm-up epochs:     10
[2026-04-17 03:40:16]     Missing keys:       ['spatial_conv.1.weight', 'spatial_conv.1.bias', 'final_layer.1.weight', 'final_layer.1.bias']
[2026-04-17 03:40:16]     Phase 1 (warmup):
[2026-04-17 03:40:16]       Trainable groups: ['spatial_conv.', 'final_layer.']
[2026-04-17 03:40:16]       Trainable params: 766 / 14,606 (5.2%)
[2026-04-17 03:40:16]     Sanity check passed: finite logits/loss on one training batch for SignalJEPA_PreLocal.
[2026-04-17 03:40:18]     Phase 2 (full):
[2026-04-17 03:40:18]       Trainable groups: ['all_parameters']
[2026-04-17 03:40:18]       Trainable params: 14,606 / 14,606 (100.0%)
[2026-04-17 03:59:30]   Fold 2/5 | best_epoch=22 | stop=5000 | val_loss=0.1193 | acc=0.9621 | bal_acc=0.9318 | roc_auc=0.9769
[2026-04-17 03:59:30]     Downstream model:   SignalJEPA_PreLocal
[2026-04-17 03:59:30]     Fine-tune strategy: full
[2026-04-17 03:59:30]     Warm-up active:     True
[2026-04-17 03:59:30]     Warm-up epochs:     10
[2026-04-17 03:59:30]     Missing keys:       ['spatial_conv.1.weight', 'spatial_conv.1.bias', 'final_layer.1.weight', 'final_layer.1.bias']
[2026-04-17 03:59:30]     Phase 1 (warmup):
[2026-04-17 03:59:30]       Trainable groups: ['spatial_conv.', 'final_layer.']
[2026-04-17 03:59:30]       Trainable params: 766 / 14,606 (5.2%)
[2026-04-17 03:59:30]     Sanity check passed: finite logits/loss on one training batch for SignalJEPA_PreLocal.
[2026-04-17 03:59:32]     Phase 2 (full):
[2026-04-17 03:59:32]       Trainable groups: ['all_parameters']
[2026-04-17 03:59:32]       Trainable params: 14,606 / 14,606 (100.0%)
[2026-04-17 04:18:48]   Fold 3/5 | best_epoch=13 | stop=5000 | val_loss=0.1417 | acc=0.9571 | bal_acc=0.9076 | roc_auc=0.9752
[2026-04-17 04:18:49]     Downstream model:   SignalJEPA_PreLocal
[2026-04-17 04:18:49]     Fine-tune strategy: full
[2026-04-17 04:18:49]     Warm-up active:     True
[2026-04-17 04:18:49]     Warm-up epochs:     10
[2026-04-17 04:18:49]     Missing keys:       ['spatial_conv.1.weight', 'spatial_conv.1.bias', 'final_layer.1.weight', 'final_layer.1.bias']
[2026-04-17 04:18:49]     Phase 1 (warmup):
[2026-04-17 04:18:49]       Trainable groups: ['spatial_conv.', 'final_layer.']
[2026-04-17 04:18:49]       Trainable params: 766 / 14,606 (5.2%)
[2026-04-17 04:18:49]     Sanity check passed: finite logits/loss on one training batch for SignalJEPA_PreLocal.
[2026-04-17 04:18:50]     Phase 2 (full):
[2026-04-17 04:18:50]       Trainable groups: ['all_parameters']
[2026-04-17 04:18:50]       Trainable params: 14,606 / 14,606 (100.0%)
[2026-04-17 04:38:03]   Fold 4/5 | best_epoch=24 | stop=5000 | val_loss=0.1345 | acc=0.9609 | bal_acc=0.9280 | roc_auc=0.9839
[2026-04-17 04:38:03]     Downstream model:   SignalJEPA_PreLocal
[2026-04-17 04:38:03]     Fine-tune strategy: full
[2026-04-17 04:38:03]     Warm-up active:     True
[2026-04-17 04:38:03]     Warm-up epochs:     10
[2026-04-17 04:38:03]     Missing keys:       ['spatial_conv.1.weight', 'spatial_conv.1.bias', 'final_layer.1.weight', 'final_layer.1.bias']
[2026-04-17 04:38:03]     Phase 1 (warmup):
[2026-04-17 04:38:03]       Trainable groups: ['spatial_conv.', 'final_layer.']
[2026-04-17 04:38:03]       Trainable params: 766 / 14,606 (5.2%)
[2026-04-17 04:38:03]     Sanity check passed: finite logits/loss on one training batch for SignalJEPA_PreLocal.
[2026-04-17 04:38:05]     Phase 2 (full):
[2026-04-17 04:38:05]       Trainable groups: ['all_parameters']
[2026-04-17 04:38:05]       Trainable params: 14,606 / 14,606 (100.0%)
[2026-04-17 04:57:26]   Fold 5/5 | best_epoch=12 | stop=5000 | val_loss=0.1244 | acc=0.9596 | bal_acc=0.9152 | roc_auc=0.9658
[2026-04-17 04:57:26]   Subject 48 summary: acc=0.9578±0.0045  bal_acc=0.9165±0.0120  roc_auc=0.9772±0.0068  primary(roc_auc)=0.9772±0.0068

[2026-04-17 04:57:26] Subject 49: 3960 windows | class_counts=[3300, 660]
[2026-04-17 04:57:26]     Downstream model:   SignalJEPA_PreLocal
[2026-04-17 04:57:26]     Fine-tune strategy: full
[2026-04-17 04:57:26]     Warm-up active:     True
[2026-04-17 04:57:26]     Warm-up epochs:     10
[2026-04-17 04:57:26]     Missing keys:       ['spatial_conv.1.weight', 'spatial_conv.1.bias', 'final_layer.1.weight', 'final_layer.1.bias']
[2026-04-17 04:57:26]     Phase 1 (warmup):
[2026-04-17 04:57:26]       Trainable groups: ['spatial_conv.', 'final_layer.']
[2026-04-17 04:57:26]       Trainable params: 766 / 14,606 (5.2%)
[2026-04-17 04:57:26]     Sanity check passed: finite logits/loss on one training batch for SignalJEPA_PreLocal.
[2026-04-17 04:57:28]     Phase 2 (full):
[2026-04-17 04:57:28]       Trainable groups: ['all_parameters']
[2026-04-17 04:57:28]       Trainable params: 14,606 / 14,606 (100.0%)
[2026-04-17 05:16:49]   Fold 1/5 | best_epoch=17 | stop=5000 | val_loss=0.1314 | acc=0.8333 | bal_acc=0.5000 | roc_auc=0.5000
[2026-04-17 05:16:49]     Downstream model:   SignalJEPA_PreLocal
[2026-04-17 05:16:49]     Fine-tune strategy: full
[2026-04-17 05:16:49]     Warm-up active:     True
[2026-04-17 05:16:49]     Warm-up epochs:     10
[2026-04-17 05:16:49]     Missing keys:       ['spatial_conv.1.weight', 'spatial_conv.1.bias', 'final_layer.1.weight', 'final_layer.1.bias']
[2026-04-17 05:16:49]     Phase 1 (warmup):
[2026-04-17 05:16:49]       Trainable groups: ['spatial_conv.', 'final_layer.']
[2026-04-17 05:16:49]       Trainable params: 766 / 14,606 (5.2%)
[2026-04-17 05:16:49]     Sanity check passed: finite logits/loss on one training batch for SignalJEPA_PreLocal.
[2026-04-17 05:16:51]     Phase 2 (full):
[2026-04-17 05:16:51]       Trainable groups: ['all_parameters']
[2026-04-17 05:16:51]       Trainable params: 14,606 / 14,606 (100.0%)
[2026-04-17 05:36:10]   Fold 2/5 | best_epoch=21 | stop=5000 | val_loss=0.1430 | acc=0.9722 | bal_acc=0.9409 | roc_auc=0.9772
[2026-04-17 05:36:10]     Downstream model:   SignalJEPA_PreLocal
[2026-04-17 05:36:10]     Fine-tune strategy: full
[2026-04-17 05:36:10]     Warm-up active:     True
[2026-04-17 05:36:10]     Warm-up epochs:     10
[2026-04-17 05:36:10]     Missing keys:       ['spatial_conv.1.weight', 'spatial_conv.1.bias', 'final_layer.1.weight', 'final_layer.1.bias']
[2026-04-17 05:36:10]     Phase 1 (warmup):
[2026-04-17 05:36:10]       Trainable groups: ['spatial_conv.', 'final_layer.']
[2026-04-17 05:36:10]       Trainable params: 766 / 14,606 (5.2%)
[2026-04-17 05:36:10]     Sanity check passed: finite logits/loss on one training batch for SignalJEPA_PreLocal.
[2026-04-17 05:36:12]     Phase 2 (full):
[2026-04-17 05:36:12]       Trainable groups: ['all_parameters']
[2026-04-17 05:36:12]       Trainable params: 14,606 / 14,606 (100.0%)
[2026-04-17 05:55:34]   Fold 3/5 | best_epoch=14 | stop=5000 | val_loss=0.1426 | acc=0.9596 | bal_acc=0.9182 | roc_auc=0.9782
[2026-04-17 05:55:34]     Downstream model:   SignalJEPA_PreLocal
[2026-04-17 05:55:34]     Fine-tune strategy: full
[2026-04-17 05:55:34]     Warm-up active:     True
[2026-04-17 05:55:34]     Warm-up epochs:     10
[2026-04-17 05:55:34]     Missing keys:       ['spatial_conv.1.weight', 'spatial_conv.1.bias', 'final_layer.1.weight', 'final_layer.1.bias']
[2026-04-17 05:55:34]     Phase 1 (warmup):
[2026-04-17 05:55:34]       Trainable groups: ['spatial_conv.', 'final_layer.']
[2026-04-17 05:55:34]       Trainable params: 766 / 14,606 (5.2%)
[2026-04-17 05:55:34]     Sanity check passed: finite logits/loss on one training batch for SignalJEPA_PreLocal.
[2026-04-17 05:55:36]     Phase 2 (full):
[2026-04-17 05:55:36]       Trainable groups: ['all_parameters']
[2026-04-17 05:55:36]       Trainable params: 14,606 / 14,606 (100.0%)
[2026-04-17 06:14:57]   Fold 4/5 | best_epoch=19 | stop=5000 | val_loss=0.1452 | acc=0.9545 | bal_acc=0.9303 | roc_auc=0.9828
[2026-04-17 06:14:57]     Downstream model:   SignalJEPA_PreLocal
[2026-04-17 06:14:57]     Fine-tune strategy: full
[2026-04-17 06:14:57]     Warm-up active:     True
[2026-04-17 06:14:57]     Warm-up epochs:     10
[2026-04-17 06:14:57]     Missing keys:       ['spatial_conv.1.weight', 'spatial_conv.1.bias', 'final_layer.1.weight', 'final_layer.1.bias']
[2026-04-17 06:14:57]     Phase 1 (warmup):
[2026-04-17 06:14:57]       Trainable groups: ['spatial_conv.', 'final_layer.']
[2026-04-17 06:14:57]       Trainable params: 766 / 14,606 (5.2%)
[2026-04-17 06:14:57]     Sanity check passed: finite logits/loss on one training batch for SignalJEPA_PreLocal.
[2026-04-17 06:14:59]     Phase 2 (full):
[2026-04-17 06:14:59]       Trainable groups: ['all_parameters']
[2026-04-17 06:14:59]       Trainable params: 14,606 / 14,606 (100.0%)
[2026-04-17 06:34:16]   Fold 5/5 | best_epoch=34 | stop=5000 | val_loss=0.1332 | acc=0.9495 | bal_acc=0.8909 | roc_auc=0.9643
[2026-04-17 06:34:16]   Subject 49 summary: acc=0.9338±0.0508  bal_acc=0.8361±0.1689  roc_auc=0.8805±0.1904  primary(roc_auc)=0.8805±0.1904

[2026-04-17 06:34:16] Subject 50: 3960 windows | class_counts=[3300, 660]
[2026-04-17 06:34:16]     Downstream model:   SignalJEPA_PreLocal
[2026-04-17 06:34:16]     Fine-tune strategy: full
[2026-04-17 06:34:16]     Warm-up active:     True
[2026-04-17 06:34:16]     Warm-up epochs:     10
[2026-04-17 06:34:16]     Missing keys:       ['spatial_conv.1.weight', 'spatial_conv.1.bias', 'final_layer.1.weight', 'final_layer.1.bias']
[2026-04-17 06:34:16]     Phase 1 (warmup):
[2026-04-17 06:34:16]       Trainable groups: ['spatial_conv.', 'final_layer.']
[2026-04-17 06:34:16]       Trainable params: 766 / 14,606 (5.2%)
[2026-04-17 06:34:16]     Sanity check passed: finite logits/loss on one training batch for SignalJEPA_PreLocal.
[2026-04-17 06:34:18]     Phase 2 (full):
[2026-04-17 06:34:18]       Trainable groups: ['all_parameters']
[2026-04-17 06:34:18]       Trainable params: 14,606 / 14,606 (100.0%)
[2026-04-17 06:53:35]   Fold 1/5 | best_epoch=13 | stop=5000 | val_loss=0.1798 | acc=0.9255 | bal_acc=0.8614 | roc_auc=0.9498
[2026-04-17 06:53:35]     Downstream model:   SignalJEPA_PreLocal
[2026-04-17 06:53:35]     Fine-tune strategy: full
[2026-04-17 06:53:35]     Warm-up active:     True
[2026-04-17 06:53:35]     Warm-up epochs:     10
[2026-04-17 06:53:35]     Missing keys:       ['spatial_conv.1.weight', 'spatial_conv.1.bias', 'final_layer.1.weight', 'final_layer.1.bias']
[2026-04-17 06:53:35]     Phase 1 (warmup):
[2026-04-17 06:53:35]       Trainable groups: ['spatial_conv.', 'final_layer.']
[2026-04-17 06:53:35]       Trainable params: 766 / 14,606 (5.2%)
[2026-04-17 06:53:35]     Sanity check passed: finite logits/loss on one training batch for SignalJEPA_PreLocal.
[2026-04-17 06:53:37]     Phase 2 (full):
[2026-04-17 06:53:37]       Trainable groups: ['all_parameters']
[2026-04-17 06:53:37]       Trainable params: 14,606 / 14,606 (100.0%)
[2026-04-17 07:12:58]   Fold 2/5 | best_epoch=14 | stop=5000 | val_loss=0.2007 | acc=0.9306 | bal_acc=0.8432 | roc_auc=0.9497
[2026-04-17 07:12:58]     Downstream model:   SignalJEPA_PreLocal
[2026-04-17 07:12:58]     Fine-tune strategy: full
[2026-04-17 07:12:58]     Warm-up active:     True
[2026-04-17 07:12:58]     Warm-up epochs:     10
[2026-04-17 07:12:58]     Missing keys:       ['spatial_conv.1.weight', 'spatial_conv.1.bias', 'final_layer.1.weight', 'final_layer.1.bias']
[2026-04-17 07:12:58]     Phase 1 (warmup):
[2026-04-17 07:12:58]       Trainable groups: ['spatial_conv.', 'final_layer.']
[2026-04-17 07:12:58]       Trainable params: 766 / 14,606 (5.2%)
[2026-04-17 07:12:58]     Sanity check passed: finite logits/loss on one training batch for SignalJEPA_PreLocal.
[2026-04-17 07:13:00]     Phase 2 (full):
[2026-04-17 07:13:00]       Trainable groups: ['all_parameters']
[2026-04-17 07:13:00]       Trainable params: 14,606 / 14,606 (100.0%)
[2026-04-17 07:32:20]   Fold 3/5 | best_epoch=12 | stop=5000 | val_loss=0.2050 | acc=0.9205 | bal_acc=0.8098 | roc_auc=0.9473
[2026-04-17 07:32:20]     Downstream model:   SignalJEPA_PreLocal
[2026-04-17 07:32:20]     Fine-tune strategy: full
[2026-04-17 07:32:20]     Warm-up active:     True
[2026-04-17 07:32:20]     Warm-up epochs:     10
[2026-04-17 07:32:20]     Missing keys:       ['spatial_conv.1.weight', 'spatial_conv.1.bias', 'final_layer.1.weight', 'final_layer.1.bias']
[2026-04-17 07:32:20]     Phase 1 (warmup):
[2026-04-17 07:32:20]       Trainable groups: ['spatial_conv.', 'final_layer.']
[2026-04-17 07:32:20]       Trainable params: 766 / 14,606 (5.2%)
[2026-04-17 07:32:20]     Sanity check passed: finite logits/loss on one training batch for SignalJEPA_PreLocal.
[2026-04-17 07:32:22]     Phase 2 (full):
[2026-04-17 07:32:22]       Trainable groups: ['all_parameters']
[2026-04-17 07:32:22]       Trainable params: 14,606 / 14,606 (100.0%)
[2026-04-17 07:51:34]   Fold 4/5 | best_epoch=12 | stop=5000 | val_loss=0.1867 | acc=0.9306 | bal_acc=0.8614 | roc_auc=0.9416
[2026-04-17 07:51:34]     Downstream model:   SignalJEPA_PreLocal
[2026-04-17 07:51:34]     Fine-tune strategy: full
[2026-04-17 07:51:34]     Warm-up active:     True
[2026-04-17 07:51:34]     Warm-up epochs:     10
[2026-04-17 07:51:34]     Missing keys:       ['spatial_conv.1.weight', 'spatial_conv.1.bias', 'final_layer.1.weight', 'final_layer.1.bias']
[2026-04-17 07:51:34]     Phase 1 (warmup):
[2026-04-17 07:51:34]       Trainable groups: ['spatial_conv.', 'final_layer.']
[2026-04-17 07:51:34]       Trainable params: 766 / 14,606 (5.2%)
[2026-04-17 07:51:34]     Sanity check passed: finite logits/loss on one training batch for SignalJEPA_PreLocal.
[2026-04-17 07:51:36]     Phase 2 (full):
[2026-04-17 07:51:36]       Trainable groups: ['all_parameters']
[2026-04-17 07:51:36]       Trainable params: 14,606 / 14,606 (100.0%)
[2026-04-17 08:10:57]   Fold 5/5 | best_epoch=15 | stop=5000 | val_loss=0.1860 | acc=0.9369 | bal_acc=0.8652 | roc_auc=0.9646
[2026-04-17 08:10:57]   Subject 50 summary: acc=0.9288±0.0055  bal_acc=0.8482±0.0206  roc_auc=0.9506±0.0076  primary(roc_auc)=0.9506±0.0076

[2026-04-17 08:10:57] Subject 51: 3960 windows | class_counts=[3300, 660]
[2026-04-17 08:10:57]     Downstream model:   SignalJEPA_PreLocal
[2026-04-17 08:10:57]     Fine-tune strategy: full
[2026-04-17 08:10:57]     Warm-up active:     True
[2026-04-17 08:10:57]     Warm-up epochs:     10
[2026-04-17 08:10:57]     Missing keys:       ['spatial_conv.1.weight', 'spatial_conv.1.bias', 'final_layer.1.weight', 'final_layer.1.bias']
[2026-04-17 08:10:57]     Phase 1 (warmup):
[2026-04-17 08:10:57]       Trainable groups: ['spatial_conv.', 'final_layer.']
[2026-04-17 08:10:57]       Trainable params: 766 / 14,606 (5.2%)
[2026-04-17 08:10:57]     Sanity check passed: finite logits/loss on one training batch for SignalJEPA_PreLocal.
[2026-04-17 08:10:59]     Phase 2 (full):
[2026-04-17 08:10:59]       Trainable groups: ['all_parameters']
[2026-04-17 08:10:59]       Trainable params: 14,606 / 14,606 (100.0%)
[2026-04-17 08:30:35]   Fold 1/5 | best_epoch=14 | stop=5000 | val_loss=0.2289 | acc=0.8333 | bal_acc=0.5000 | roc_auc=0.5000
[2026-04-17 08:30:35]     Downstream model:   SignalJEPA_PreLocal
[2026-04-17 08:30:35]     Fine-tune strategy: full
[2026-04-17 08:30:35]     Warm-up active:     True
[2026-04-17 08:30:35]     Warm-up epochs:     10
[2026-04-17 08:30:35]     Missing keys:       ['spatial_conv.1.weight', 'spatial_conv.1.bias', 'final_layer.1.weight', 'final_layer.1.bias']
[2026-04-17 08:30:35]     Phase 1 (warmup):
[2026-04-17 08:30:35]       Trainable groups: ['spatial_conv.', 'final_layer.']
[2026-04-17 08:30:35]       Trainable params: 766 / 14,606 (5.2%)
[2026-04-17 08:30:35]     Sanity check passed: finite logits/loss on one training batch for SignalJEPA_PreLocal.
[2026-04-17 08:30:37]     Phase 2 (full):
[2026-04-17 08:30:37]       Trainable groups: ['all_parameters']
[2026-04-17 08:30:37]       Trainable params: 14,606 / 14,606 (100.0%)
[2026-04-17 08:50:01]   Fold 2/5 | best_epoch=20 | stop=5000 | val_loss=0.2310 | acc=0.9141 | bal_acc=0.8303 | roc_auc=0.9245
[2026-04-17 08:50:01]     Downstream model:   SignalJEPA_PreLocal
[2026-04-17 08:50:01]     Fine-tune strategy: full
[2026-04-17 08:50:01]     Warm-up active:     True
[2026-04-17 08:50:01]     Warm-up epochs:     10
[2026-04-17 08:50:01]     Missing keys:       ['spatial_conv.1.weight', 'spatial_conv.1.bias', 'final_layer.1.weight', 'final_layer.1.bias']
[2026-04-17 08:50:01]     Phase 1 (warmup):
[2026-04-17 08:50:01]       Trainable groups: ['spatial_conv.', 'final_layer.']
[2026-04-17 08:50:01]       Trainable params: 766 / 14,606 (5.2%)
[2026-04-17 08:50:01]     Sanity check passed: finite logits/loss on one training batch for SignalJEPA_PreLocal.
[2026-04-17 08:50:03]     Phase 2 (full):
[2026-04-17 08:50:03]       Trainable groups: ['all_parameters']
[2026-04-17 08:50:03]       Trainable params: 14,606 / 14,606 (100.0%)
[2026-04-17 09:09:23]   Fold 3/5 | best_epoch=20 | stop=5000 | val_loss=0.2258 | acc=0.9028 | bal_acc=0.8053 | roc_auc=0.9027
[2026-04-17 09:09:24]     Downstream model:   SignalJEPA_PreLocal
[2026-04-17 09:09:24]     Fine-tune strategy: full
[2026-04-17 09:09:24]     Warm-up active:     True
[2026-04-17 09:09:24]     Warm-up epochs:     10
[2026-04-17 09:09:24]     Missing keys:       ['spatial_conv.1.weight', 'spatial_conv.1.bias', 'final_layer.1.weight', 'final_layer.1.bias']
[2026-04-17 09:09:24]     Phase 1 (warmup):
[2026-04-17 09:09:24]       Trainable groups: ['spatial_conv.', 'final_layer.']
[2026-04-17 09:09:24]       Trainable params: 766 / 14,606 (5.2%)
[2026-04-17 09:09:24]     Sanity check passed: finite logits/loss on one training batch for SignalJEPA_PreLocal.
[2026-04-17 09:09:26]     Phase 2 (full):
[2026-04-17 09:09:26]       Trainable groups: ['all_parameters']
[2026-04-17 09:09:26]       Trainable params: 14,606 / 14,606 (100.0%)
[2026-04-17 09:28:51]   Fold 4/5 | best_epoch=19 | stop=5000 | val_loss=0.2303 | acc=0.8333 | bal_acc=0.5000 | roc_auc=0.5000
[2026-04-17 09:28:51]     Downstream model:   SignalJEPA_PreLocal
[2026-04-17 09:28:51]     Fine-tune strategy: full
[2026-04-17 09:28:51]     Warm-up active:     True
[2026-04-17 09:28:51]     Warm-up epochs:     10
[2026-04-17 09:28:51]     Missing keys:       ['spatial_conv.1.weight', 'spatial_conv.1.bias', 'final_layer.1.weight', 'final_layer.1.bias']
[2026-04-17 09:28:51]     Phase 1 (warmup):
[2026-04-17 09:28:51]       Trainable groups: ['spatial_conv.', 'final_layer.']
[2026-04-17 09:28:51]       Trainable params: 766 / 14,606 (5.2%)
[2026-04-17 09:28:51]     Sanity check passed: finite logits/loss on one training batch for SignalJEPA_PreLocal.
[2026-04-17 09:28:53]     Phase 2 (full):
[2026-04-17 09:28:53]       Trainable groups: ['all_parameters']
[2026-04-17 09:28:53]       Trainable params: 14,606 / 14,606 (100.0%)
[2026-04-17 09:48:13]   Fold 5/5 | best_epoch=16 | stop=5000 | val_loss=0.2481 | acc=0.9167 | bal_acc=0.8439 | roc_auc=0.9129
[2026-04-17 09:48:13]   Subject 51 summary: acc=0.8801±0.0384  bal_acc=0.6959±0.1604  roc_auc=0.7480±0.2026  primary(roc_auc)=0.7480±0.2026

[2026-04-17 09:48:13] Subject 52: 3960 windows | class_counts=[3300, 660]
[2026-04-17 09:48:14]     Downstream model:   SignalJEPA_PreLocal
[2026-04-17 09:48:14]     Fine-tune strategy: full
[2026-04-17 09:48:14]     Warm-up active:     True
[2026-04-17 09:48:14]     Warm-up epochs:     10
[2026-04-17 09:48:14]     Missing keys:       ['spatial_conv.1.weight', 'spatial_conv.1.bias', 'final_layer.1.weight', 'final_layer.1.bias']
[2026-04-17 09:48:14]     Phase 1 (warmup):
[2026-04-17 09:48:14]       Trainable groups: ['spatial_conv.', 'final_layer.']
[2026-04-17 09:48:14]       Trainable params: 766 / 14,606 (5.2%)
[2026-04-17 09:48:14]     Sanity check passed: finite logits/loss on one training batch for SignalJEPA_PreLocal.
[2026-04-17 09:48:15]     Phase 2 (full):
[2026-04-17 09:48:15]       Trainable groups: ['all_parameters']
[2026-04-17 09:48:15]       Trainable params: 14,606 / 14,606 (100.0%)
[2026-04-17 10:07:38]   Fold 1/5 | best_epoch=14 | stop=5000 | val_loss=0.2074 | acc=0.9394 | bal_acc=0.8788 | roc_auc=0.9589
[2026-04-17 10:07:38]     Downstream model:   SignalJEPA_PreLocal
[2026-04-17 10:07:38]     Fine-tune strategy: full
[2026-04-17 10:07:38]     Warm-up active:     True
[2026-04-17 10:07:38]     Warm-up epochs:     10
[2026-04-17 10:07:38]     Missing keys:       ['spatial_conv.1.weight', 'spatial_conv.1.bias', 'final_layer.1.weight', 'final_layer.1.bias']
[2026-04-17 10:07:38]     Phase 1 (warmup):
[2026-04-17 10:07:38]       Trainable groups: ['spatial_conv.', 'final_layer.']
[2026-04-17 10:07:38]       Trainable params: 766 / 14,606 (5.2%)
[2026-04-17 10:07:38]     Sanity check passed: finite logits/loss on one training batch for SignalJEPA_PreLocal.
[2026-04-17 10:07:40]     Phase 2 (full):
[2026-04-17 10:07:40]       Trainable groups: ['all_parameters']
[2026-04-17 10:07:40]       Trainable params: 14,606 / 14,606 (100.0%)
[2026-04-17 10:27:15]   Fold 2/5 | best_epoch=1280 | stop=5000 | val_loss=0.1477 | acc=0.8333 | bal_acc=0.5000 | roc_auc=0.5000
[2026-04-17 10:27:15]     Downstream model:   SignalJEPA_PreLocal
[2026-04-17 10:27:15]     Fine-tune strategy: full
[2026-04-17 10:27:15]     Warm-up active:     True
[2026-04-17 10:27:15]     Warm-up epochs:     10
[2026-04-17 10:27:15]     Missing keys:       ['spatial_conv.1.weight', 'spatial_conv.1.bias', 'final_layer.1.weight', 'final_layer.1.bias']
[2026-04-17 10:27:15]     Phase 1 (warmup):
[2026-04-17 10:27:15]       Trainable groups: ['spatial_conv.', 'final_layer.']
[2026-04-17 10:27:15]       Trainable params: 766 / 14,606 (5.2%)
[2026-04-17 10:27:15]     Sanity check passed: finite logits/loss on one training batch for SignalJEPA_PreLocal.
[2026-04-17 10:27:17]     Phase 2 (full):
[2026-04-17 10:27:17]       Trainable groups: ['all_parameters']
[2026-04-17 10:27:17]       Trainable params: 14,606 / 14,606 (100.0%)
[2026-04-17 10:46:40]   Fold 3/5 | best_epoch=19 | stop=5000 | val_loss=0.1582 | acc=0.9470 | bal_acc=0.9015 | roc_auc=0.9682
[2026-04-17 10:46:40]     Downstream model:   SignalJEPA_PreLocal
[2026-04-17 10:46:40]     Fine-tune strategy: full
[2026-04-17 10:46:40]     Warm-up active:     True
[2026-04-17 10:46:40]     Warm-up epochs:     10
[2026-04-17 10:46:40]     Missing keys:       ['spatial_conv.1.weight', 'spatial_conv.1.bias', 'final_layer.1.weight', 'final_layer.1.bias']
[2026-04-17 10:46:40]     Phase 1 (warmup):
[2026-04-17 10:46:40]       Trainable groups: ['spatial_conv.', 'final_layer.']
[2026-04-17 10:46:40]       Trainable params: 766 / 14,606 (5.2%)
[2026-04-17 10:46:40]     Sanity check passed: finite logits/loss on one training batch for SignalJEPA_PreLocal.
[2026-04-17 10:46:42]     Phase 2 (full):
[2026-04-17 10:46:42]       Trainable groups: ['all_parameters']
[2026-04-17 10:46:42]       Trainable params: 14,606 / 14,606 (100.0%)
[2026-04-17 11:06:03]   Fold 4/5 | best_epoch=12 | stop=5000 | val_loss=0.1705 | acc=0.9394 | bal_acc=0.8758 | roc_auc=0.9451
[2026-04-17 11:06:03]     Downstream model:   SignalJEPA_PreLocal
[2026-04-17 11:06:03]     Fine-tune strategy: full
[2026-04-17 11:06:03]     Warm-up active:     True
[2026-04-17 11:06:03]     Warm-up epochs:     10
[2026-04-17 11:06:03]     Missing keys:       ['spatial_conv.1.weight', 'spatial_conv.1.bias', 'final_layer.1.weight', 'final_layer.1.bias']
[2026-04-17 11:06:03]     Phase 1 (warmup):
[2026-04-17 11:06:03]       Trainable groups: ['spatial_conv.', 'final_layer.']
[2026-04-17 11:06:03]       Trainable params: 766 / 14,606 (5.2%)
[2026-04-17 11:06:03]     Sanity check passed: finite logits/loss on one training batch for SignalJEPA_PreLocal.
[2026-04-17 11:06:05]     Phase 2 (full):
[2026-04-17 11:06:05]       Trainable groups: ['all_parameters']
[2026-04-17 11:06:05]       Trainable params: 14,606 / 14,606 (100.0%)
[2026-04-17 11:25:30]   Fold 5/5 | best_epoch=12 | stop=5000 | val_loss=0.1821 | acc=0.9508 | bal_acc=0.8977 | roc_auc=0.9761
[2026-04-17 11:25:30]   Subject 52 summary: acc=0.9220±0.0445  bal_acc=0.8108±0.1557  roc_auc=0.8697±0.1851  primary(roc_auc)=0.8697±0.1851

[2026-04-17 11:25:30] Subject 53: 3960 windows | class_counts=[3300, 660]
[2026-04-17 11:25:30]     Downstream model:   SignalJEPA_PreLocal
[2026-04-17 11:25:30]     Fine-tune strategy: full
[2026-04-17 11:25:30]     Warm-up active:     True
[2026-04-17 11:25:30]     Warm-up epochs:     10
[2026-04-17 11:25:30]     Missing keys:       ['spatial_conv.1.weight', 'spatial_conv.1.bias', 'final_layer.1.weight', 'final_layer.1.bias']
[2026-04-17 11:25:30]     Phase 1 (warmup):
[2026-04-17 11:25:30]       Trainable groups: ['spatial_conv.', 'final_layer.']
[2026-04-17 11:25:30]       Trainable params: 766 / 14,606 (5.2%)
[2026-04-17 11:25:30]     Sanity check passed: finite logits/loss on one training batch for SignalJEPA_PreLocal.
[2026-04-17 11:25:32]     Phase 2 (full):
[2026-04-17 11:25:32]       Trainable groups: ['all_parameters']
[2026-04-17 11:25:32]       Trainable params: 14,606 / 14,606 (100.0%)
[2026-04-17 11:44:53]   Fold 1/5 | best_epoch=17 | stop=5000 | val_loss=0.1316 | acc=0.9558 | bal_acc=0.9189 | roc_auc=0.9715
[2026-04-17 11:44:53]     Downstream model:   SignalJEPA_PreLocal
[2026-04-17 11:44:53]     Fine-tune strategy: full
[2026-04-17 11:44:53]     Warm-up active:     True
[2026-04-17 11:44:53]     Warm-up epochs:     10
[2026-04-17 11:44:53]     Missing keys:       ['spatial_conv.1.weight', 'spatial_conv.1.bias', 'final_layer.1.weight', 'final_layer.1.bias']
[2026-04-17 11:44:53]     Phase 1 (warmup):
[2026-04-17 11:44:53]       Trainable groups: ['spatial_conv.', 'final_layer.']
[2026-04-17 11:44:53]       Trainable params: 766 / 14,606 (5.2%)
[2026-04-17 11:44:53]     Sanity check passed: finite logits/loss on one training batch for SignalJEPA_PreLocal.
[2026-04-17 11:44:55]     Phase 2 (full):
[2026-04-17 11:44:55]       Trainable groups: ['all_parameters']
[2026-04-17 11:44:55]       Trainable params: 14,606 / 14,606 (100.0%)
[2026-04-17 12:04:17]   Fold 2/5 | best_epoch=58 | stop=5000 | val_loss=0.1415 | acc=0.9672 | bal_acc=0.9348 | roc_auc=0.9827
[2026-04-17 12:04:17]     Downstream model:   SignalJEPA_PreLocal
[2026-04-17 12:04:17]     Fine-tune strategy: full
[2026-04-17 12:04:17]     Warm-up active:     True
[2026-04-17 12:04:17]     Warm-up epochs:     10
[2026-04-17 12:04:17]     Missing keys:       ['spatial_conv.1.weight', 'spatial_conv.1.bias', 'final_layer.1.weight', 'final_layer.1.bias']
[2026-04-17 12:04:17]     Phase 1 (warmup):
[2026-04-17 12:04:17]       Trainable groups: ['spatial_conv.', 'final_layer.']
[2026-04-17 12:04:17]       Trainable params: 766 / 14,606 (5.2%)
[2026-04-17 12:04:17]     Sanity check passed: finite logits/loss on one training batch for SignalJEPA_PreLocal.
[2026-04-17 12:04:19]     Phase 2 (full):
[2026-04-17 12:04:19]       Trainable groups: ['all_parameters']
[2026-04-17 12:04:19]       Trainable params: 14,606 / 14,606 (100.0%)
[2026-04-17 12:23:39]   Fold 3/5 | best_epoch=18 | stop=5000 | val_loss=0.1349 | acc=0.9646 | bal_acc=0.9333 | roc_auc=0.9893
[2026-04-17 12:23:39]     Downstream model:   SignalJEPA_PreLocal
[2026-04-17 12:23:39]     Fine-tune strategy: full
[2026-04-17 12:23:39]     Warm-up active:     True
[2026-04-17 12:23:39]     Warm-up epochs:     10
[2026-04-17 12:23:39]     Missing keys:       ['spatial_conv.1.weight', 'spatial_conv.1.bias', 'final_layer.1.weight', 'final_layer.1.bias']
[2026-04-17 12:23:39]     Phase 1 (warmup):
[2026-04-17 12:23:39]       Trainable groups: ['spatial_conv.', 'final_layer.']
[2026-04-17 12:23:39]       Trainable params: 766 / 14,606 (5.2%)
[2026-04-17 12:23:39]     Sanity check passed: finite logits/loss on one training batch for SignalJEPA_PreLocal.
[2026-04-17 12:23:41]     Phase 2 (full):
[2026-04-17 12:23:41]       Trainable groups: ['all_parameters']
[2026-04-17 12:23:41]       Trainable params: 14,606 / 14,606 (100.0%)
[2026-04-17 12:43:01]   Fold 4/5 | best_epoch=20 | stop=5000 | val_loss=0.1183 | acc=0.9457 | bal_acc=0.9008 | roc_auc=0.9696
[2026-04-17 12:43:01]     Downstream model:   SignalJEPA_PreLocal
[2026-04-17 12:43:01]     Fine-tune strategy: full
[2026-04-17 12:43:01]     Warm-up active:     True
[2026-04-17 12:43:01]     Warm-up epochs:     10
[2026-04-17 12:43:01]     Missing keys:       ['spatial_conv.1.weight', 'spatial_conv.1.bias', 'final_layer.1.weight', 'final_layer.1.bias']
[2026-04-17 12:43:01]     Phase 1 (warmup):
[2026-04-17 12:43:01]       Trainable groups: ['spatial_conv.', 'final_layer.']
[2026-04-17 12:43:01]       Trainable params: 766 / 14,606 (5.2%)
[2026-04-17 12:43:01]     Sanity check passed: finite logits/loss on one training batch for SignalJEPA_PreLocal.
[2026-04-17 12:43:03]     Phase 2 (full):
[2026-04-17 12:43:03]       Trainable groups: ['all_parameters']
[2026-04-17 12:43:03]       Trainable params: 14,606 / 14,606 (100.0%)
[2026-04-17 13:02:27]   Fold 5/5 | best_epoch=17 | stop=5000 | val_loss=0.1493 | acc=0.9520 | bal_acc=0.9076 | roc_auc=0.9718
[2026-04-17 13:02:27]   Subject 53 summary: acc=0.9571±0.0079  bal_acc=0.9191±0.0136  roc_auc=0.9770±0.0077  primary(roc_auc)=0.9770±0.0077

[2026-04-17 13:02:27] Subject 54: 3960 windows | class_counts=[3300, 660]
[2026-04-17 13:02:27]     Downstream model:   SignalJEPA_PreLocal
[2026-04-17 13:02:27]     Fine-tune strategy: full
[2026-04-17 13:02:27]     Warm-up active:     True
[2026-04-17 13:02:27]     Warm-up epochs:     10
[2026-04-17 13:02:27]     Missing keys:       ['spatial_conv.1.weight', 'spatial_conv.1.bias', 'final_layer.1.weight', 'final_layer.1.bias']
[2026-04-17 13:02:27]     Phase 1 (warmup):
[2026-04-17 13:02:27]       Trainable groups: ['spatial_conv.', 'final_layer.']
[2026-04-17 13:02:27]       Trainable params: 766 / 14,606 (5.2%)
[2026-04-17 13:02:27]     Sanity check passed: finite logits/loss on one training batch for SignalJEPA_PreLocal.
[2026-04-17 13:02:29]     Phase 2 (full):
[2026-04-17 13:02:29]       Trainable groups: ['all_parameters']
[2026-04-17 13:02:29]       Trainable params: 14,606 / 14,606 (100.0%)
[2026-04-17 13:21:51]   Fold 1/5 | best_epoch=15 | stop=5000 | val_loss=0.2072 | acc=0.9217 | bal_acc=0.8530 | roc_auc=0.9339
[2026-04-17 13:21:51]     Downstream model:   SignalJEPA_PreLocal
[2026-04-17 13:21:51]     Fine-tune strategy: full
[2026-04-17 13:21:51]     Warm-up active:     True
[2026-04-17 13:21:51]     Warm-up epochs:     10
[2026-04-17 13:21:51]     Missing keys:       ['spatial_conv.1.weight', 'spatial_conv.1.bias', 'final_layer.1.weight', 'final_layer.1.bias']
[2026-04-17 13:21:51]     Phase 1 (warmup):
[2026-04-17 13:21:51]       Trainable groups: ['spatial_conv.', 'final_layer.']
[2026-04-17 13:21:51]       Trainable params: 766 / 14,606 (5.2%)
[2026-04-17 13:21:51]     Sanity check passed: finite logits/loss on one training batch for SignalJEPA_PreLocal.
[2026-04-17 13:21:53]     Phase 2 (full):
[2026-04-17 13:21:53]       Trainable groups: ['all_parameters']
[2026-04-17 13:21:53]       Trainable params: 14,606 / 14,606 (100.0%)
[2026-04-17 13:41:20]   Fold 2/5 | best_epoch=17 | stop=5000 | val_loss=0.1645 | acc=0.9508 | bal_acc=0.8826 | roc_auc=0.9517
[2026-04-17 13:41:20]     Downstream model:   SignalJEPA_PreLocal
[2026-04-17 13:41:20]     Fine-tune strategy: full
[2026-04-17 13:41:20]     Warm-up active:     True
[2026-04-17 13:41:20]     Warm-up epochs:     10
[2026-04-17 13:41:20]     Missing keys:       ['spatial_conv.1.weight', 'spatial_conv.1.bias', 'final_layer.1.weight', 'final_layer.1.bias']
[2026-04-17 13:41:20]     Phase 1 (warmup):
[2026-04-17 13:41:20]       Trainable groups: ['spatial_conv.', 'final_layer.']
[2026-04-17 13:41:20]       Trainable params: 766 / 14,606 (5.2%)
[2026-04-17 13:41:20]     Sanity check passed: finite logits/loss on one training batch for SignalJEPA_PreLocal.
[2026-04-17 13:41:22]     Phase 2 (full):
[2026-04-17 13:41:22]       Trainable groups: ['all_parameters']
[2026-04-17 13:41:22]       Trainable params: 14,606 / 14,606 (100.0%)
[2026-04-17 14:00:49]   Fold 3/5 | best_epoch=16 | stop=5000 | val_loss=0.1705 | acc=0.9205 | bal_acc=0.8341 | roc_auc=0.9304
[2026-04-17 14:00:49]     Downstream model:   SignalJEPA_PreLocal
[2026-04-17 14:00:49]     Fine-tune strategy: full
[2026-04-17 14:00:49]     Warm-up active:     True
[2026-04-17 14:00:49]     Warm-up epochs:     10
[2026-04-17 14:00:49]     Missing keys:       ['spatial_conv.1.weight', 'spatial_conv.1.bias', 'final_layer.1.weight', 'final_layer.1.bias']
[2026-04-17 14:00:49]     Phase 1 (warmup):
[2026-04-17 14:00:49]       Trainable groups: ['spatial_conv.', 'final_layer.']
[2026-04-17 14:00:49]       Trainable params: 766 / 14,606 (5.2%)
[2026-04-17 14:00:49]     Sanity check passed: finite logits/loss on one training batch for SignalJEPA_PreLocal.
[2026-04-17 14:00:51]     Phase 2 (full):
[2026-04-17 14:00:51]       Trainable groups: ['all_parameters']
[2026-04-17 14:00:51]       Trainable params: 14,606 / 14,606 (100.0%)
[2026-04-17 14:20:16]   Fold 4/5 | best_epoch=13 | stop=5000 | val_loss=0.2024 | acc=0.9280 | bal_acc=0.8568 | roc_auc=0.9434
[2026-04-17 14:20:17]     Downstream model:   SignalJEPA_PreLocal
[2026-04-17 14:20:17]     Fine-tune strategy: full
[2026-04-17 14:20:17]     Warm-up active:     True
[2026-04-17 14:20:17]     Warm-up epochs:     10
[2026-04-17 14:20:17]     Missing keys:       ['spatial_conv.1.weight', 'spatial_conv.1.bias', 'final_layer.1.weight', 'final_layer.1.bias']
[2026-04-17 14:20:17]     Phase 1 (warmup):
[2026-04-17 14:20:17]       Trainable groups: ['spatial_conv.', 'final_layer.']
[2026-04-17 14:20:17]       Trainable params: 766 / 14,606 (5.2%)
[2026-04-17 14:20:17]     Sanity check passed: finite logits/loss on one training batch for SignalJEPA_PreLocal.
[2026-04-17 14:20:19]     Phase 2 (full):
[2026-04-17 14:20:19]       Trainable groups: ['all_parameters']
[2026-04-17 14:20:19]       Trainable params: 14,606 / 14,606 (100.0%)
[2026-04-17 14:39:45]   Fold 5/5 | best_epoch=18 | stop=5000 | val_loss=0.1904 | acc=0.8333 | bal_acc=0.5000 | roc_auc=0.5000
[2026-04-17 14:39:46]   Subject 54 summary: acc=0.9109±0.0403  bal_acc=0.7853±0.1435  roc_auc=0.8519±0.1761  primary(roc_auc)=0.8519±0.1761

[2026-04-17 14:39:46] Total folds completed: 35
[2026-04-17 14:39:46] ======================================================================
[2026-04-17 14:39:46] AGGREGATED RESULTS
[2026-04-17 14:39:46] ======================================================================
[2026-04-17 14:39:46]   Subject 48:  acc=0.9578±0.0045  bal_acc=0.9165±0.0120  roc_auc=0.9772±0.0068  primary(roc_auc)=0.9772±0.0068
[2026-04-17 14:39:46]   Subject 49:  acc=0.9338±0.0508  bal_acc=0.8361±0.1689  roc_auc=0.8805±0.1904  primary(roc_auc)=0.8805±0.1904
[2026-04-17 14:39:46]   Subject 50:  acc=0.9288±0.0055  bal_acc=0.8482±0.0206  roc_auc=0.9506±0.0076  primary(roc_auc)=0.9506±0.0076
[2026-04-17 14:39:46]   Subject 51:  acc=0.8801±0.0384  bal_acc=0.6959±0.1604  roc_auc=0.7480±0.2026  primary(roc_auc)=0.7480±0.2026
[2026-04-17 14:39:46]   Subject 52:  acc=0.9220±0.0445  bal_acc=0.8108±0.1557  roc_auc=0.8697±0.1851  primary(roc_auc)=0.8697±0.1851
[2026-04-17 14:39:46]   Subject 53:  acc=0.9571±0.0079  bal_acc=0.9191±0.0136  roc_auc=0.9770±0.0077  primary(roc_auc)=0.9770±0.0077
[2026-04-17 14:39:46]   Subject 54:  acc=0.9109±0.0403  bal_acc=0.7853±0.1435  roc_auc=0.8519±0.1761  primary(roc_auc)=0.8519±0.1761
[2026-04-17 14:39:46] ----------------------------------------------------------------------
[2026-04-17 14:39:46]   OVERALL:      acc=0.9272±0.0417  bal_acc=0.8303±0.1394  roc_auc=0.8936±0.1620
[2026-04-17 14:39:46]   PRIMARY (roc_auc): 0.8936±0.1620
[2026-04-17 14:39:46] ======================================================================
[2026-04-17 14:39:46] CV results saved to:      /home/vegorov/Repos/eeg_jepa_research/artifacts/lee-2019-fine-tuning/ERP/20260417_0318_de10c9cf/cv_results.json
[2026-04-17 14:39:46] Subject metrics saved to: /home/vegorov/Repos/eeg_jepa_research/artifacts/lee-2019-fine-tuning/ERP/20260417_0318_de10c9cf/subject_metrics.json
[2026-04-17 14:39:46] Global metrics saved to:  /home/vegorov/Repos/eeg_jepa_research/artifacts/lee-2019-fine-tuning/ERP/20260417_0318_de10c9cf/global_metrics.json
[2026-04-17 14:39:46] Run metadata saved to:    /home/vegorov/Repos/eeg_jepa_research/artifacts/lee-2019-fine-tuning/ERP/20260417_0318_de10c9cf/run_metadata.json

[2026-04-17 14:39:46] All artifacts in: /home/vegorov/Repos/eeg_jepa_research/artifacts/lee-2019-fine-tuning/ERP/20260417_0318_de10c9cf

[2026-04-17 14:39:46] ======================================================================
[2026-04-17 14:39:46] EXPERIMENT SUMMARY
[2026-04-17 14:39:46] ======================================================================
[2026-04-17 14:39:46] Run ID:    20260417_0318_de10c9cf
[2026-04-17 14:39:46] Artifacts: /home/vegorov/Repos/eeg_jepa_research/artifacts/lee-2019-fine-tuning/ERP/20260417_0318_de10c9cf

[2026-04-17 14:39:46] Configuration:
[2026-04-17 14:39:46]   Subjects:          [48, 49, 50, 51, 52, 53, 54]
[2026-04-17 14:39:46]   Paradigm:          ERP
[2026-04-17 14:39:46]   Model:             SignalJEPA_PreLocal
[2026-04-17 14:39:46]   Strategy:          full
[2026-04-17 14:39:46]   Warm-up epochs:    10
[2026-04-17 14:39:46]   Bandpass:          0.5-40.0 Hz
[2026-04-17 14:39:46]   Resample:          128 Hz
[2026-04-17 14:39:46]   CV folds:          5
[2026-04-17 14:39:46]   Learning rate:     None
[2026-04-17 14:39:46]   Batch size:        32
[2026-04-17 14:39:46]   Max epochs:        5000
[2026-04-17 14:39:46]   Primary metric:    roc_auc

[2026-04-17 14:39:46] Results:
[2026-04-17 14:39:46]   Mean Accuracy:          0.9272 ± 0.0417
[2026-04-17 14:39:46]   Mean Balanced Accuracy: 0.8303 ± 0.1394
[2026-04-17 14:39:46]   Mean ROC-AUC:           0.8936 ± 0.1620
[2026-04-17 14:39:46]   Primary (roc_auc): 0.8936 ± 0.1620
