[2026-05-06 17:07:55] Using device: cpu
[2026-05-06 17:07:55] Seed initialized: 12
[2026-05-06 17:07:55] ======================================================================
[2026-05-06 17:07:55] CONFIGURATION
[2026-05-06 17:07:55] ======================================================================
[2026-05-06 17:07:55]   artifact_dir: /home/vegorov/Repos/eeg_jepa_research/artifacts/moabb-mi-sjepa
[2026-05-06 17:07:55]   bandpass_high: 40.0
[2026-05-06 17:07:55]   bandpass_low: 0.5
[2026-05-06 17:07:55]   batch_size: 32
[2026-05-06 17:07:55]   collapse_threshold: 0.9
[2026-05-06 17:07:55]   cv_folds: 5
[2026-05-06 17:07:55]   dataset_name: Weibo2014
[2026-05-06 17:07:55]   dataset_source: moabb
[2026-05-06 17:07:55]   early_stopping_patience: 30
[2026-05-06 17:07:55]   exclude_subjects: []
[2026-05-06 17:07:55]   extract_spatial_conv_weights: True
[2026-05-06 17:07:55]   labels_to_keep: ['left_hand', 'right_hand']
[2026-05-06 17:07:55]   learning_rate: 0.001
[2026-05-06 17:07:55]   log_probability_diagnostics: True
[2026-05-06 17:07:55]   log_spatial_update_stats: True
[2026-05-06 17:07:55]   max_spatial_filters_to_plot: 8
[2026-05-06 17:07:55]   moabb_dataset_kwargs: {}
[2026-05-06 17:07:55]   model_name: SignalJEPA_PreLocal
[2026-05-06 17:07:55]   n_epochs: 500
[2026-05-06 17:07:55]   plot_individual_spatial_filters: True
[2026-05-06 17:07:55]   preprocessed_concat_dir: None
[2026-05-06 17:07:55]   pretrained_mode: from_pretrained
[2026-05-06 17:07:55]   save_spatial_weight_plots: True
[2026-05-06 17:07:55]   seed: 12
[2026-05-06 17:07:55]   set_seed: True
[2026-05-06 17:07:55]   sfreq: 128
[2026-05-06 17:07:55]   strategy: new
[2026-05-06 17:07:55]   subjects_to_use: None
[2026-05-06 17:07:55]   target_window_duration_s: 8.2
[2026-05-06 17:07:55]   topomap_dpi: 160
[2026-05-06 17:07:55]   val_split: 0.2
[2026-05-06 17:07:55]   warmup_epochs: 10
[2026-05-06 17:07:55] ======================================================================
[2026-05-06 17:07:55] Config saved to: /home/vegorov/Repos/eeg_jepa_research/artifacts/moabb-mi-sjepa/Weibo2014/20260506_1707_5caee101/config.json
[2026-05-06 17:07:55] Epoch window configuration:
[2026-05-06 17:07:55]   Target sfreq:            128 Hz
[2026-05-06 17:07:55]   Requested duration:      8.200 s
[2026-05-06 17:07:55]   Expected window samples: 1049

[2026-05-06 17:07:55] Preprocessed concat dataset exists: False at /home/vegorov/Repos/eeg_jepa_research/preprocessed_concat_datasets/Weibo2014_048eba1d_w2a5684_subjects_98eacc98

[2026-05-06 17:07:55] Building MOABBDataset for Weibo2014...
[2026-05-06 17:07:55]   Subject IDs:     [1, 2, 3, 4, 5, 6, 7, 8, 9]
[2026-05-06 17:07:55]   Dataset kwargs:  {}
[2026-05-06 17:14:04]   Recordings loaded: 9
[2026-05-06 17:14:04]   Raw labels:        ['feet', 'hands', 'left_hand', 'left_hand_right_foot', 'rest', 'right_hand', 'right_hand_left_foot']
[2026-05-06 17:14:04] Applying preprocessing...
[2026-05-06 17:14:21] Saved preprocessed raw concat dataset to: /home/vegorov/Repos/eeg_jepa_research/preprocessed_concat_datasets/Weibo2014_048eba1d_w2a5684_subjects_98eacc98

[2026-05-06 17:14:22] Post-load raw validation
[2026-05-06 17:14:22]   Recordings:          9
[2026-05-06 17:14:22]   Subjects loaded:     ['1', '2', '3', '4', '5', '6', '7', '8', '9']
[2026-05-06 17:14:22]   sfreq first rec:     128.0 Hz
[2026-05-06 17:14:22]   EEG channel count:   60
[2026-05-06 17:14:22]   Labels present:      ['feet', 'hands', 'left_hand', 'left_hand_right_foot', 'rest', 'right_hand', 'right_hand_left_foot']
[2026-05-06 17:14:22]   Labels selected:     ['left_hand', 'right_hand']
[2026-05-06 17:14:22] Annotation counts before filtering: {np.str_('feet'): 710, np.str_('hands'): 710, np.str_('left_hand'): 710, np.str_('left_hand_right_foot'): 710, np.str_('rest'): 720, np.str_('right_hand'): 710, np.str_('right_hand_left_foot'): 710}
[2026-05-06 17:14:22] Filtered annotations: kept 1420 / 4980
[2026-05-06 17:14:22] Annotation counts after filtering:  {np.str_('left_hand'): 710, np.str_('right_hand'): 710}
[2026-05-06 17:14:22] Updated annotation durations:       1420
[2026-05-06 17:14:22] Window shape: (60, 1049)
[2026-05-06 17:14:22] Window sample length expected=1049, got=1049
[2026-05-06 17:14:22] Class mapping: {'left_hand': 0, 'right_hand': 1}
[2026-05-06 17:14:22] Global class counts: [710, 710]
[2026-05-06 17:14:22] Chance level: 0.50
[2026-05-06 17:14:22] Summarizing per-subject windows...
[2026-05-06 17:14:22]   Subject 1: n_windows=160, window_shape=(60, 1049), class_counts=[80, 80]
[2026-05-06 17:14:22]   Subject 2: n_windows=160, window_shape=(60, 1049), class_counts=[80, 80]
[2026-05-06 17:14:22]   Subject 3: n_windows=160, window_shape=(60, 1049), class_counts=[80, 80]
[2026-05-06 17:14:22]   Subject 4: n_windows=160, window_shape=(60, 1049), class_counts=[80, 80]
[2026-05-06 17:14:22]   Subject 5: n_windows=160, window_shape=(60, 1049), class_counts=[80, 80]
[2026-05-06 17:14:22]   Subject 6: n_windows=140, window_shape=(60, 1049), class_counts=[70, 70]
[2026-05-06 17:14:22]   Subject 7: n_windows=160, window_shape=(60, 1049), class_counts=[80, 80]
[2026-05-06 17:14:22]   Subject 8: n_windows=160, window_shape=(60, 1049), class_counts=[80, 80]
[2026-05-06 17:14:22]   Subject 9: n_windows=160, window_shape=(60, 1049), class_counts=[80, 80]
[2026-05-06 17:14:22] SignalJEPA_PreLocal instantiated successfully.
[2026-05-06 17:14:22]   Loading mode:          from_pretrained
[2026-05-06 17:14:22]   Repo:                  braindecode/signal-jepa_without-chans
[2026-05-06 17:14:22]   Total parameters:      18,182
[2026-05-06 17:14:22]   Trainable parameters:  18,182
[2026-05-06 17:14:22] ======================================================================================================================================================
Layer (type (var_name):depth-idx)                  Input Shape               Output Shape              Param #                   Kernel Shape
======================================================================================================================================================
SignalJEPA_PreLocal (SignalJEPA_PreLocal)          [1, 60, 1049]             [1, 2]                    --                        --
├─Sequential (spatial_conv): 1-1                   [1, 60, 1049]             [1, 4, 1049]              --                        --
│    └─Rearrange (0): 2-1                          [1, 60, 1049]             [1, 1, 60, 1049]          --                        --
│    └─Conv2d (1): 2-2                             [1, 1, 60, 1049]          [1, 4, 1, 1049]           244                       [60, 1]
│    └─Rearrange (2): 2-3                          [1, 4, 1, 1049]           [1, 4, 1049]              --                        --
├─_ConvFeatureEncoder (feature_encoder): 1-2       [1, 4, 1049]              [1, 32, 64]               --                        --
│    └─Rearrange (0): 2-4                          [1, 4, 1049]              [4, 1, 1049]              --                        --
│    └─Sequential (1): 2-5                         [4, 1, 1049]              [4, 8, 128]               --                        --
│    │    └─Conv1d (0): 3-1                        [4, 1, 1049]              [4, 8, 128]               256                       [32]
│    │    └─Dropout (1): 3-2                       [4, 8, 128]               [4, 8, 128]               --                        --
│    │    └─GroupNorm (2): 3-3                     [4, 8, 128]               [4, 8, 128]               16                        --
│    │    └─GELU (3): 3-4                          [4, 8, 128]               [4, 8, 128]               --                        --
│    └─Sequential (2): 2-6                         [4, 8, 128]               [4, 16, 64]               --                        --
│    │    └─Conv1d (0): 3-5                        [4, 8, 128]               [4, 16, 64]               256                       [2]
│    │    └─Dropout (1): 3-6                       [4, 16, 64]               [4, 16, 64]               --                        --
│    │    └─GELU (2): 3-7                          [4, 16, 64]               [4, 16, 64]               --                        --
│    └─Sequential (3): 2-7                         [4, 16, 64]               [4, 32, 32]               --                        --
│    │    └─Conv1d (0): 3-8                        [4, 16, 64]               [4, 32, 32]               1,024                     [2]
│    │    └─Dropout (1): 3-9                       [4, 32, 32]               [4, 32, 32]               --                        --
│    │    └─GELU (2): 3-10                         [4, 32, 32]               [4, 32, 32]               --                        --
│    └─Sequential (4): 2-8                         [4, 32, 32]               [4, 64, 16]               --                        --
│    │    └─Conv1d (0): 3-11                       [4, 32, 32]               [4, 64, 16]               4,096                     [2]
│    │    └─Dropout (1): 3-12                      [4, 64, 16]               [4, 64, 16]               --                        --
│    │    └─GELU (2): 3-13                         [4, 64, 16]               [4, 64, 16]               --                        --
│    └─Sequential (5): 2-9                         [4, 64, 16]               [4, 64, 8]                --                        --
│    │    └─Conv1d (0): 3-14                       [4, 64, 16]               [4, 64, 8]                8,192                     [2]
│    │    └─Dropout (1): 3-15                      [4, 64, 8]                [4, 64, 8]                --                        --
│    │    └─GELU (2): 3-16                         [4, 64, 8]                [4, 64, 8]                --                        --
│    └─Rearrange (6): 2-10                         [4, 64, 8]                [1, 32, 64]               --                        --
├─Sequential (final_layer): 1-3                    [1, 32, 64]               [1, 2]                    --                        --
│    └─Flatten (0): 2-11                           [1, 32, 64]               [1, 2048]                 --                        --
│    └─Linear (1): 2-12                            [1, 2048]                 [1, 2]                    4,098                     --
======================================================================================================================================================
Total params: 18,182
Trainable params: 18,182
Non-trainable params: 0
Total mult-adds (Units.MEGABYTES): 1.11
======================================================================================================================================================
Input size (MB): 0.25
Forward/backward pass size (MB): 0.21
Params size (MB): 0.07
Estimated Total Size (MB): 0.54
======================================================================================================================================================
[2026-05-06 17:14:22] ======================================================================
[2026-05-06 17:14:22] STARTING WITHIN-SUBJECT CROSS-VALIDATION
[2026-05-06 17:14:22] ======================================================================
[2026-05-06 17:14:22] Dataset:       Weibo2014
[2026-05-06 17:14:22] Subjects:      ['1', '2', '3', '4', '5', '6', '7', '8', '9']
[2026-05-06 17:14:22] Model:         SignalJEPA_PreLocal
[2026-05-06 17:14:22] Pretrained:    from_pretrained
[2026-05-06 17:14:22] Strategy:      new
[2026-05-06 17:14:22] CV folds:      5
[2026-05-06 17:14:22] Val split:     0.2
[2026-05-06 17:14:22] Max epochs:    500
[2026-05-06 17:14:22] Device:        cpu
[2026-05-06 17:14:22] ======================================================================

[2026-05-06 17:14:22] Subject 1: 160 windows | class_counts=[80, 80]

[2026-05-06 17:14:23] Fold 1/5 | subject=1
[2026-05-06 17:14:23]     Train windows:           128 | counts=[64, 64]
[2026-05-06 17:14:23]     Test windows:            32 | counts=[16, 16]
[2026-05-06 17:14:23]     Downstream model:        SignalJEPA_PreLocal
[2026-05-06 17:14:23]     Fine-tune strategy:      new
[2026-05-06 17:14:23]     Pretrained loading path: from_pretrained
[2026-05-06 17:14:23]     Pretrained repo:         braindecode/signal-jepa_without-chans
[2026-05-06 17:14:23]     Phase 1 (new):
[2026-05-06 17:14:23]       Trainable groups: ['spatial_conv.', 'final_layer.']
[2026-05-06 17:14:23]       Total params:     18,182
[2026-05-06 17:14:23]       Trainable params: 4,342
[2026-05-06 17:14:23]       Trainable pct:    23.88%
[2026-05-06 17:14:23]       Trainable parameter names: ['spatial_conv.1.weight', 'spatial_conv.1.bias', 'final_layer.1.weight', 'final_layer.1.bias']
[2026-05-06 17:14:23]     Sanity check passed: finite logits/loss on one training batch for SignalJEPA_PreLocal.
[2026-05-06 17:14:24]     Result | best_epoch=1 | stop=31 | acc=0.6562 | bal_acc=0.6562 | pred_hist=[7, 25] | collapse_ratio=0.7812 | collapse=False
[2026-05-06 17:14:24]     spatial_conv=[4, 60] top_abs_channels=[('Oz', 0.09942246), ('CP3', 0.09328316), ('PO8', 0.0930553), ('AF3', 0.09125372), ('CPz', 0.09058879), ('P2', 0.08962665), ('P6', 0.08781874), ('F8', 0.08766751)]
[2026-05-06 17:14:24]     spatial_update=delta_l2=0.03364625 max_abs=0.00300453 relative=0.02952720 changed=True

[2026-05-06 17:14:24] Fold 2/5 | subject=1
[2026-05-06 17:14:24]     Train windows:           128 | counts=[64, 64]
[2026-05-06 17:14:24]     Test windows:            32 | counts=[16, 16]
[2026-05-06 17:14:24]     Downstream model:        SignalJEPA_PreLocal
[2026-05-06 17:14:24]     Fine-tune strategy:      new
[2026-05-06 17:14:24]     Pretrained loading path: from_pretrained
[2026-05-06 17:14:24]     Pretrained repo:         braindecode/signal-jepa_without-chans
[2026-05-06 17:14:24]     Phase 1 (new):
[2026-05-06 17:14:24]       Trainable groups: ['spatial_conv.', 'final_layer.']
[2026-05-06 17:14:24]       Total params:     18,182
[2026-05-06 17:14:24]       Trainable params: 4,342
[2026-05-06 17:14:24]       Trainable pct:    23.88%
[2026-05-06 17:14:24]       Trainable parameter names: ['spatial_conv.1.weight', 'spatial_conv.1.bias', 'final_layer.1.weight', 'final_layer.1.bias']
[2026-05-06 17:14:24]     Sanity check passed: finite logits/loss on one training batch for SignalJEPA_PreLocal.
[2026-05-06 17:14:26]     Result | best_epoch=86 | stop=116 | acc=0.4062 | bal_acc=0.4062 | pred_hist=[15, 17] | collapse_ratio=0.5312 | collapse=False
[2026-05-06 17:14:26]     spatial_conv=[4, 60] top_abs_channels=[('FT7', 0.1336239), ('CPz', 0.12079243), ('AF3', 0.10816501), ('CP6', 0.1064369), ('FC2', 0.10386887), ('FC1', 0.10361581), ('F6', 0.0992543), ('F4', 0.09310089)]
[2026-05-06 17:14:26]     spatial_update=delta_l2=0.82064752 max_abs=0.20520776 relative=0.72018199 changed=True

[2026-05-06 17:14:27] Fold 3/5 | subject=1
[2026-05-06 17:14:27]     Train windows:           128 | counts=[64, 64]
[2026-05-06 17:14:27]     Test windows:            32 | counts=[16, 16]
[2026-05-06 17:14:27]     Downstream model:        SignalJEPA_PreLocal
[2026-05-06 17:14:27]     Fine-tune strategy:      new
[2026-05-06 17:14:27]     Pretrained loading path: from_pretrained
[2026-05-06 17:14:27]     Pretrained repo:         braindecode/signal-jepa_without-chans
[2026-05-06 17:14:27]     Phase 1 (new):
[2026-05-06 17:14:27]       Trainable groups: ['spatial_conv.', 'final_layer.']
[2026-05-06 17:14:27]       Total params:     18,182
[2026-05-06 17:14:27]       Trainable params: 4,342
[2026-05-06 17:14:27]       Trainable pct:    23.88%
[2026-05-06 17:14:27]       Trainable parameter names: ['spatial_conv.1.weight', 'spatial_conv.1.bias', 'final_layer.1.weight', 'final_layer.1.bias']
[2026-05-06 17:14:27]     Sanity check passed: finite logits/loss on one training batch for SignalJEPA_PreLocal.
[2026-05-06 17:14:28]     Result | best_epoch=41 | stop=71 | acc=0.5938 | bal_acc=0.5938 | pred_hist=[13, 19] | collapse_ratio=0.5938 | collapse=False
[2026-05-06 17:14:28]     spatial_conv=[4, 60] top_abs_channels=[('CP3', 0.13054323), ('PO8', 0.10112751), ('Oz', 0.1001993), ('T8', 0.09806703), ('FC1', 0.09530821), ('F5', 0.09297746), ('P6', 0.09290379), ('CPz', 0.09163941)]
[2026-05-06 17:14:28]     spatial_update=delta_l2=0.54507126 max_abs=0.09476379 relative=0.47834240 changed=True

[2026-05-06 17:14:28] Fold 4/5 | subject=1
[2026-05-06 17:14:28]     Train windows:           128 | counts=[64, 64]
[2026-05-06 17:14:28]     Test windows:            32 | counts=[16, 16]
[2026-05-06 17:14:28]     Downstream model:        SignalJEPA_PreLocal
[2026-05-06 17:14:28]     Fine-tune strategy:      new
[2026-05-06 17:14:28]     Pretrained loading path: from_pretrained
[2026-05-06 17:14:28]     Pretrained repo:         braindecode/signal-jepa_without-chans
[2026-05-06 17:14:28]     Phase 1 (new):
[2026-05-06 17:14:28]       Trainable groups: ['spatial_conv.', 'final_layer.']
[2026-05-06 17:14:28]       Total params:     18,182
[2026-05-06 17:14:28]       Trainable params: 4,342
[2026-05-06 17:14:28]       Trainable pct:    23.88%
[2026-05-06 17:14:28]       Trainable parameter names: ['spatial_conv.1.weight', 'spatial_conv.1.bias', 'final_layer.1.weight', 'final_layer.1.bias']
[2026-05-06 17:14:28]     Sanity check passed: finite logits/loss on one training batch for SignalJEPA_PreLocal.
[2026-05-06 17:14:30]     Result | best_epoch=51 | stop=81 | acc=0.4688 | bal_acc=0.4688 | pred_hist=[17, 15] | collapse_ratio=0.5312 | collapse=False
[2026-05-06 17:14:30]     spatial_conv=[4, 60] top_abs_channels=[('AF3', 0.12198563), ('CP3', 0.12060057), ('Oz', 0.11583295), ('F8', 0.10592636), ('POz', 0.10415878), ('O1', 0.10182638), ('P8', 0.10128416), ('F5', 0.0950335)]
[2026-05-06 17:14:30]     spatial_update=delta_l2=0.79322267 max_abs=0.15502577 relative=0.69611455 changed=True

[2026-05-06 17:14:30] Fold 5/5 | subject=1
[2026-05-06 17:14:30]     Train windows:           128 | counts=[64, 64]
[2026-05-06 17:14:30]     Test windows:            32 | counts=[16, 16]
[2026-05-06 17:14:30]     Downstream model:        SignalJEPA_PreLocal
[2026-05-06 17:14:30]     Fine-tune strategy:      new
[2026-05-06 17:14:30]     Pretrained loading path: from_pretrained
[2026-05-06 17:14:30]     Pretrained repo:         braindecode/signal-jepa_without-chans
[2026-05-06 17:14:30]     Phase 1 (new):
[2026-05-06 17:14:30]       Trainable groups: ['spatial_conv.', 'final_layer.']
[2026-05-06 17:14:30]       Total params:     18,182
[2026-05-06 17:14:30]       Trainable params: 4,342
[2026-05-06 17:14:30]       Trainable pct:    23.88%
[2026-05-06 17:14:30]       Trainable parameter names: ['spatial_conv.1.weight', 'spatial_conv.1.bias', 'final_layer.1.weight', 'final_layer.1.bias']
[2026-05-06 17:14:30]     Sanity check passed: finite logits/loss on one training batch for SignalJEPA_PreLocal.
[2026-05-06 17:14:31]     Result | best_epoch=2 | stop=32 | acc=0.6250 | bal_acc=0.6250 | pred_hist=[10, 22] | collapse_ratio=0.6875 | collapse=False
[2026-05-06 17:14:31]     spatial_conv=[4, 60] top_abs_channels=[('Oz', 0.0985917), ('PO8', 0.09456884), ('CP3', 0.09304486), ('CPz', 0.09118891), ('AF3', 0.09036624), ('P2', 0.0898296), ('F8', 0.08913307), ('P8', 0.08763168)]
[2026-05-06 17:14:31]     spatial_update=delta_l2=0.05307766 max_abs=0.00588321 relative=0.04657977 changed=True
[2026-05-06 17:14:31]   Subject 1 summary: acc=0.5500±0.0960  bal_acc=0.5500±0.0960

[2026-05-06 17:14:31] Subject 2: 160 windows | class_counts=[80, 80]

[2026-05-06 17:14:31] Fold 1/5 | subject=2
[2026-05-06 17:14:31]     Train windows:           128 | counts=[64, 64]
[2026-05-06 17:14:31]     Test windows:            32 | counts=[16, 16]
[2026-05-06 17:14:31]     Downstream model:        SignalJEPA_PreLocal
[2026-05-06 17:14:31]     Fine-tune strategy:      new
[2026-05-06 17:14:31]     Pretrained loading path: from_pretrained
[2026-05-06 17:14:31]     Pretrained repo:         braindecode/signal-jepa_without-chans
[2026-05-06 17:14:31]     Phase 1 (new):
[2026-05-06 17:14:31]       Trainable groups: ['spatial_conv.', 'final_layer.']
[2026-05-06 17:14:31]       Total params:     18,182
[2026-05-06 17:14:31]       Trainable params: 4,342
[2026-05-06 17:14:31]       Trainable pct:    23.88%
[2026-05-06 17:14:31]       Trainable parameter names: ['spatial_conv.1.weight', 'spatial_conv.1.bias', 'final_layer.1.weight', 'final_layer.1.bias']
[2026-05-06 17:14:31]     Sanity check passed: finite logits/loss on one training batch for SignalJEPA_PreLocal.
[2026-05-06 17:14:32]     Result | best_epoch=1 | stop=31 | acc=0.5312 | bal_acc=0.5312 | pred_hist=[1, 31] | collapse_ratio=0.9688 | collapse=True
[2026-05-06 17:14:32]     spatial_conv=[4, 60] top_abs_channels=[('Oz', 0.09952346), ('PO8', 0.09375459), ('CP3', 0.09368233), ('CPz', 0.09175573), ('P2', 0.08980758), ('AF3', 0.08904285), ('P6', 0.08876978), ('F8', 0.08834124)]
[2026-05-06 17:14:32]     spatial_update=delta_l2=0.03166603 max_abs=0.00300054 relative=0.02778940 changed=True

[2026-05-06 17:14:32] Fold 2/5 | subject=2
[2026-05-06 17:14:32]     Train windows:           128 | counts=[64, 64]
[2026-05-06 17:14:32]     Test windows:            32 | counts=[16, 16]
[2026-05-06 17:14:32]     Downstream model:        SignalJEPA_PreLocal
[2026-05-06 17:14:32]     Fine-tune strategy:      new
[2026-05-06 17:14:32]     Pretrained loading path: from_pretrained
[2026-05-06 17:14:32]     Pretrained repo:         braindecode/signal-jepa_without-chans
[2026-05-06 17:14:32]     Phase 1 (new):
[2026-05-06 17:14:32]       Trainable groups: ['spatial_conv.', 'final_layer.']
[2026-05-06 17:14:32]       Total params:     18,182
[2026-05-06 17:14:32]       Trainable params: 4,342
[2026-05-06 17:14:32]       Trainable pct:    23.88%
[2026-05-06 17:14:32]       Trainable parameter names: ['spatial_conv.1.weight', 'spatial_conv.1.bias', 'final_layer.1.weight', 'final_layer.1.bias']
[2026-05-06 17:14:32]     Sanity check passed: finite logits/loss on one training batch for SignalJEPA_PreLocal.
[2026-05-06 17:14:33]     Result | best_epoch=1 | stop=31 | acc=0.5312 | bal_acc=0.5312 | pred_hist=[3, 29] | collapse_ratio=0.9062 | collapse=True
[2026-05-06 17:14:33]     spatial_conv=[4, 60] top_abs_channels=[('Oz', 0.10120969), ('PO8', 0.09325285), ('CP3', 0.09280489), ('CPz', 0.09223391), ('P2', 0.08980131), ('F8', 0.08932071), ('AF3', 0.08866765), ('P6', 0.08834056)]
[2026-05-06 17:14:33]     spatial_update=delta_l2=0.03330261 max_abs=0.00300079 relative=0.02922563 changed=True

[2026-05-06 17:14:34] Fold 3/5 | subject=2
[2026-05-06 17:14:34]     Train windows:           128 | counts=[64, 64]
[2026-05-06 17:14:34]     Test windows:            32 | counts=[16, 16]
[2026-05-06 17:14:34]     Downstream model:        SignalJEPA_PreLocal
[2026-05-06 17:14:34]     Fine-tune strategy:      new
[2026-05-06 17:14:34]     Pretrained loading path: from_pretrained
[2026-05-06 17:14:34]     Pretrained repo:         braindecode/signal-jepa_without-chans
[2026-05-06 17:14:34]     Phase 1 (new):
[2026-05-06 17:14:34]       Trainable groups: ['spatial_conv.', 'final_layer.']
[2026-05-06 17:14:34]       Total params:     18,182
[2026-05-06 17:14:34]       Trainable params: 4,342
[2026-05-06 17:14:34]       Trainable pct:    23.88%
[2026-05-06 17:14:34]       Trainable parameter names: ['spatial_conv.1.weight', 'spatial_conv.1.bias', 'final_layer.1.weight', 'final_layer.1.bias']
[2026-05-06 17:14:34]     Sanity check passed: finite logits/loss on one training batch for SignalJEPA_PreLocal.
[2026-05-06 17:14:34]     Result | best_epoch=1 | stop=31 | acc=0.4688 | bal_acc=0.4688 | pred_hist=[1, 31] | collapse_ratio=0.9688 | collapse=True
[2026-05-06 17:14:34]     spatial_conv=[4, 60] top_abs_channels=[('Oz', 0.09979054), ('CP3', 0.09449305), ('PO8', 0.09317531), ('CPz', 0.09257104), ('AF3', 0.0895822), ('P2', 0.0889657), ('F8', 0.0883421), ('P6', 0.08759906)]
[2026-05-06 17:14:34]     spatial_update=delta_l2=0.03449974 max_abs=0.00299887 relative=0.03027621 changed=True

[2026-05-06 17:14:35] Fold 4/5 | subject=2
[2026-05-06 17:14:35]     Train windows:           128 | counts=[64, 64]
[2026-05-06 17:14:35]     Test windows:            32 | counts=[16, 16]
[2026-05-06 17:14:35]     Downstream model:        SignalJEPA_PreLocal
[2026-05-06 17:14:35]     Fine-tune strategy:      new
[2026-05-06 17:14:35]     Pretrained loading path: from_pretrained
[2026-05-06 17:14:35]     Pretrained repo:         braindecode/signal-jepa_without-chans
[2026-05-06 17:14:35]     Phase 1 (new):
[2026-05-06 17:14:35]       Trainable groups: ['spatial_conv.', 'final_layer.']
[2026-05-06 17:14:35]       Total params:     18,182
[2026-05-06 17:14:35]       Trainable params: 4,342
[2026-05-06 17:14:35]       Trainable pct:    23.88%
[2026-05-06 17:14:35]       Trainable parameter names: ['spatial_conv.1.weight', 'spatial_conv.1.bias', 'final_layer.1.weight', 'final_layer.1.bias']
[2026-05-06 17:14:35]     Sanity check passed: finite logits/loss on one training batch for SignalJEPA_PreLocal.
[2026-05-06 17:14:35]     Result | best_epoch=1 | stop=31 | acc=0.4688 | bal_acc=0.4688 | pred_hist=[3, 29] | collapse_ratio=0.9062 | collapse=True
[2026-05-06 17:14:35]     spatial_conv=[4, 60] top_abs_channels=[('Oz', 0.10026436), ('PO8', 0.09333783), ('CP3', 0.09293398), ('CPz', 0.09126997), ('P2', 0.0904734), ('AF3', 0.09005183), ('P6', 0.08967738), ('F8', 0.08862153)]
[2026-05-06 17:14:35]     spatial_update=delta_l2=0.02968893 max_abs=0.00299896 relative=0.02605435 changed=True

[2026-05-06 17:14:36] Fold 5/5 | subject=2
[2026-05-06 17:14:36]     Train windows:           128 | counts=[64, 64]
[2026-05-06 17:14:36]     Test windows:            32 | counts=[16, 16]
[2026-05-06 17:14:36]     Downstream model:        SignalJEPA_PreLocal
[2026-05-06 17:14:36]     Fine-tune strategy:      new
[2026-05-06 17:14:36]     Pretrained loading path: from_pretrained
[2026-05-06 17:14:36]     Pretrained repo:         braindecode/signal-jepa_without-chans
[2026-05-06 17:14:36]     Phase 1 (new):
[2026-05-06 17:14:36]       Trainable groups: ['spatial_conv.', 'final_layer.']
[2026-05-06 17:14:36]       Total params:     18,182
[2026-05-06 17:14:36]       Trainable params: 4,342
[2026-05-06 17:14:36]       Trainable pct:    23.88%
[2026-05-06 17:14:36]       Trainable parameter names: ['spatial_conv.1.weight', 'spatial_conv.1.bias', 'final_layer.1.weight', 'final_layer.1.bias']
[2026-05-06 17:14:36]     Sanity check passed: finite logits/loss on one training batch for SignalJEPA_PreLocal.
[2026-05-06 17:14:36]     Result | best_epoch=1 | stop=31 | acc=0.5312 | bal_acc=0.5312 | pred_hist=[1, 31] | collapse_ratio=0.9688 | collapse=True
[2026-05-06 17:14:36]     spatial_conv=[4, 60] top_abs_channels=[('Oz', 0.1000865), ('CP3', 0.09382205), ('PO8', 0.09374836), ('CPz', 0.09302661), ('AF3', 0.09079488), ('P2', 0.08907555), ('F8', 0.0887043), ('P8', 0.08785471)]
[2026-05-06 17:14:36]     spatial_update=delta_l2=0.02934060 max_abs=0.00298987 relative=0.02574866 changed=True
[2026-05-06 17:14:36]   Subject 2 summary: acc=0.5062±0.0306  bal_acc=0.5062±0.0306

[2026-05-06 17:14:36] Subject 3: 160 windows | class_counts=[80, 80]

[2026-05-06 17:14:37] Fold 1/5 | subject=3
[2026-05-06 17:14:37]     Train windows:           128 | counts=[64, 64]
[2026-05-06 17:14:37]     Test windows:            32 | counts=[16, 16]
[2026-05-06 17:14:37]     Downstream model:        SignalJEPA_PreLocal
[2026-05-06 17:14:37]     Fine-tune strategy:      new
[2026-05-06 17:14:37]     Pretrained loading path: from_pretrained
[2026-05-06 17:14:37]     Pretrained repo:         braindecode/signal-jepa_without-chans
[2026-05-06 17:14:37]     Phase 1 (new):
[2026-05-06 17:14:37]       Trainable groups: ['spatial_conv.', 'final_layer.']
[2026-05-06 17:14:37]       Total params:     18,182
[2026-05-06 17:14:37]       Trainable params: 4,342
[2026-05-06 17:14:37]       Trainable pct:    23.88%
[2026-05-06 17:14:37]       Trainable parameter names: ['spatial_conv.1.weight', 'spatial_conv.1.bias', 'final_layer.1.weight', 'final_layer.1.bias']
[2026-05-06 17:14:37]     Sanity check passed: finite logits/loss on one training batch for SignalJEPA_PreLocal.
[2026-05-06 17:14:37]     Result | best_epoch=1 | stop=31 | acc=0.5312 | bal_acc=0.5312 | pred_hist=[1, 31] | collapse_ratio=0.9688 | collapse=True
[2026-05-06 17:14:37]     spatial_conv=[4, 60] top_abs_channels=[('Oz', 0.1011076), ('CPz', 0.09489709), ('CP3', 0.09291548), ('PO8', 0.09179708), ('AF3', 0.0903622), ('F8', 0.08982136), ('P2', 0.08967925), ('Pz', 0.08837702)]
[2026-05-06 17:14:37]     spatial_update=delta_l2=0.03053426 max_abs=0.00300192 relative=0.02679619 changed=True

[2026-05-06 17:14:38] Fold 2/5 | subject=3
[2026-05-06 17:14:38]     Train windows:           128 | counts=[64, 64]
[2026-05-06 17:14:38]     Test windows:            32 | counts=[16, 16]
[2026-05-06 17:14:38]     Downstream model:        SignalJEPA_PreLocal
[2026-05-06 17:14:38]     Fine-tune strategy:      new
[2026-05-06 17:14:38]     Pretrained loading path: from_pretrained
[2026-05-06 17:14:38]     Pretrained repo:         braindecode/signal-jepa_without-chans
[2026-05-06 17:14:38]     Phase 1 (new):
[2026-05-06 17:14:38]       Trainable groups: ['spatial_conv.', 'final_layer.']
[2026-05-06 17:14:38]       Total params:     18,182
[2026-05-06 17:14:38]       Trainable params: 4,342
[2026-05-06 17:14:38]       Trainable pct:    23.88%
[2026-05-06 17:14:38]       Trainable parameter names: ['spatial_conv.1.weight', 'spatial_conv.1.bias', 'final_layer.1.weight', 'final_layer.1.bias']
[2026-05-06 17:14:38]     Sanity check passed: finite logits/loss on one training batch for SignalJEPA_PreLocal.
[2026-05-06 17:14:40]     Result | best_epoch=79 | stop=109 | acc=0.4062 | bal_acc=0.4062 | pred_hist=[17, 15] | collapse_ratio=0.5312 | collapse=False
[2026-05-06 17:14:40]     spatial_conv=[4, 60] top_abs_channels=[('F8', 0.12113078), ('FC4', 0.11932036), ('C1', 0.11753649), ('P3', 0.10528076), ('AF3', 0.10210036), ('Oz', 0.09859388), ('C5', 0.09380934), ('PO5', 0.0919177)]
[2026-05-06 17:14:40]     spatial_update=delta_l2=0.81796480 max_abs=0.15048879 relative=0.71782769 changed=True

[2026-05-06 17:14:40] Fold 3/5 | subject=3
[2026-05-06 17:14:40]     Train windows:           128 | counts=[64, 64]
[2026-05-06 17:14:40]     Test windows:            32 | counts=[16, 16]
[2026-05-06 17:14:40]     Downstream model:        SignalJEPA_PreLocal
[2026-05-06 17:14:40]     Fine-tune strategy:      new
[2026-05-06 17:14:40]     Pretrained loading path: from_pretrained
[2026-05-06 17:14:40]     Pretrained repo:         braindecode/signal-jepa_without-chans
[2026-05-06 17:14:40]     Phase 1 (new):
[2026-05-06 17:14:40]       Trainable groups: ['spatial_conv.', 'final_layer.']
[2026-05-06 17:14:40]       Total params:     18,182
[2026-05-06 17:14:40]       Trainable params: 4,342
[2026-05-06 17:14:40]       Trainable pct:    23.88%
[2026-05-06 17:14:40]       Trainable parameter names: ['spatial_conv.1.weight', 'spatial_conv.1.bias', 'final_layer.1.weight', 'final_layer.1.bias']
[2026-05-06 17:14:40]     Sanity check passed: finite logits/loss on one training batch for SignalJEPA_PreLocal.
[2026-05-06 17:14:43]     Result | best_epoch=141 | stop=171 | acc=0.4688 | bal_acc=0.4688 | pred_hist=[19, 13] | collapse_ratio=0.5938 | collapse=False
[2026-05-06 17:14:43]     spatial_conv=[4, 60] top_abs_channels=[('FC4', 0.14515273), ('F8', 0.11510153), ('P4', 0.1144461), ('C1', 0.1120057), ('F4', 0.10772382), ('P7', 0.10286841), ('P8', 0.10248558), ('F5', 0.09968686)]
[2026-05-06 17:14:43]     spatial_update=delta_l2=1.12973396 max_abs=0.22132090 relative=0.99142937 changed=True

[2026-05-06 17:14:44] Fold 4/5 | subject=3
[2026-05-06 17:14:44]     Train windows:           128 | counts=[64, 64]
[2026-05-06 17:14:44]     Test windows:            32 | counts=[16, 16]
[2026-05-06 17:14:44]     Downstream model:        SignalJEPA_PreLocal
[2026-05-06 17:14:44]     Fine-tune strategy:      new
[2026-05-06 17:14:44]     Pretrained loading path: from_pretrained
[2026-05-06 17:14:44]     Pretrained repo:         braindecode/signal-jepa_without-chans
[2026-05-06 17:14:44]     Phase 1 (new):
[2026-05-06 17:14:44]       Trainable groups: ['spatial_conv.', 'final_layer.']
[2026-05-06 17:14:44]       Total params:     18,182
[2026-05-06 17:14:44]       Trainable params: 4,342
[2026-05-06 17:14:44]       Trainable pct:    23.88%
[2026-05-06 17:14:44]       Trainable parameter names: ['spatial_conv.1.weight', 'spatial_conv.1.bias', 'final_layer.1.weight', 'final_layer.1.bias']
[2026-05-06 17:14:44]     Sanity check passed: finite logits/loss on one training batch for SignalJEPA_PreLocal.
[2026-05-06 17:14:45]     Result | best_epoch=53 | stop=83 | acc=0.4688 | bal_acc=0.4688 | pred_hist=[13, 19] | collapse_ratio=0.5938 | collapse=False
[2026-05-06 17:14:45]     spatial_conv=[4, 60] top_abs_channels=[('F7', 0.10940631), ('F8', 0.10149128), ('Oz', 0.09689063), ('P6', 0.09428181), ('FC4', 0.08975011), ('CP6', 0.08893779), ('P3', 0.08498701), ('Pz', 0.08391646)]
[2026-05-06 17:14:45]     spatial_update=delta_l2=0.62350572 max_abs=0.09517192 relative=0.54717474 changed=True

[2026-05-06 17:14:46] Fold 5/5 | subject=3
[2026-05-06 17:14:46]     Train windows:           128 | counts=[64, 64]
[2026-05-06 17:14:46]     Test windows:            32 | counts=[16, 16]
[2026-05-06 17:14:46]     Downstream model:        SignalJEPA_PreLocal
[2026-05-06 17:14:46]     Fine-tune strategy:      new
[2026-05-06 17:14:46]     Pretrained loading path: from_pretrained
[2026-05-06 17:14:46]     Pretrained repo:         braindecode/signal-jepa_without-chans
[2026-05-06 17:14:46]     Phase 1 (new):
[2026-05-06 17:14:46]       Trainable groups: ['spatial_conv.', 'final_layer.']
[2026-05-06 17:14:46]       Total params:     18,182
[2026-05-06 17:14:46]       Trainable params: 4,342
[2026-05-06 17:14:46]       Trainable pct:    23.88%
[2026-05-06 17:14:46]       Trainable parameter names: ['spatial_conv.1.weight', 'spatial_conv.1.bias', 'final_layer.1.weight', 'final_layer.1.bias']
[2026-05-06 17:14:46]     Sanity check passed: finite logits/loss on one training batch for SignalJEPA_PreLocal.
[2026-05-06 17:14:47]     Result | best_epoch=47 | stop=77 | acc=0.5938 | bal_acc=0.5938 | pred_hist=[17, 15] | collapse_ratio=0.5312 | collapse=False
[2026-05-06 17:14:47]     spatial_conv=[4, 60] top_abs_channels=[('CP6', 0.11973733), ('Oz', 0.11557263), ('T8', 0.11464161), ('POz', 0.11052343), ('F8', 0.10368723), ('FC2', 0.09816287), ('P3', 0.09815238), ('AF3', 0.09565161)]
[2026-05-06 17:14:47]     spatial_update=delta_l2=0.59260840 max_abs=0.11095738 relative=0.52005994 changed=True
[2026-05-06 17:14:47]   Subject 3 summary: acc=0.4938±0.0637  bal_acc=0.4938±0.0637

[2026-05-06 17:14:47] Subject 4: 160 windows | class_counts=[80, 80]

[2026-05-06 17:14:48] Fold 1/5 | subject=4
[2026-05-06 17:14:48]     Train windows:           128 | counts=[64, 64]
[2026-05-06 17:14:48]     Test windows:            32 | counts=[16, 16]
[2026-05-06 17:14:48]     Downstream model:        SignalJEPA_PreLocal
[2026-05-06 17:14:48]     Fine-tune strategy:      new
[2026-05-06 17:14:48]     Pretrained loading path: from_pretrained
[2026-05-06 17:14:48]     Pretrained repo:         braindecode/signal-jepa_without-chans
[2026-05-06 17:14:48]     Phase 1 (new):
[2026-05-06 17:14:48]       Trainable groups: ['spatial_conv.', 'final_layer.']
[2026-05-06 17:14:48]       Total params:     18,182
[2026-05-06 17:14:48]       Trainable params: 4,342
[2026-05-06 17:14:48]       Trainable pct:    23.88%
[2026-05-06 17:14:48]       Trainable parameter names: ['spatial_conv.1.weight', 'spatial_conv.1.bias', 'final_layer.1.weight', 'final_layer.1.bias']
[2026-05-06 17:14:48]     Sanity check passed: finite logits/loss on one training batch for SignalJEPA_PreLocal.
[2026-05-06 17:14:48]     Result | best_epoch=1 | stop=31 | acc=0.4688 | bal_acc=0.4688 | pred_hist=[1, 31] | collapse_ratio=0.9688 | collapse=True
[2026-05-06 17:14:48]     spatial_conv=[4, 60] top_abs_channels=[('Oz', 0.09979923), ('CP3', 0.09401817), ('PO8', 0.09371807), ('AF3', 0.09167232), ('P2', 0.09117691), ('CPz', 0.09093609), ('F8', 0.08948124), ('P6', 0.08847054)]
[2026-05-06 17:14:48]     spatial_update=delta_l2=0.03156929 max_abs=0.00300409 relative=0.02770451 changed=True

[2026-05-06 17:14:49] Fold 2/5 | subject=4
[2026-05-06 17:14:49]     Train windows:           128 | counts=[64, 64]
[2026-05-06 17:14:49]     Test windows:            32 | counts=[16, 16]
[2026-05-06 17:14:49]     Downstream model:        SignalJEPA_PreLocal
[2026-05-06 17:14:49]     Fine-tune strategy:      new
[2026-05-06 17:14:49]     Pretrained loading path: from_pretrained
[2026-05-06 17:14:49]     Pretrained repo:         braindecode/signal-jepa_without-chans
[2026-05-06 17:14:49]     Phase 1 (new):
[2026-05-06 17:14:49]       Trainable groups: ['spatial_conv.', 'final_layer.']
[2026-05-06 17:14:49]       Total params:     18,182
[2026-05-06 17:14:49]       Trainable params: 4,342
[2026-05-06 17:14:49]       Trainable pct:    23.88%
[2026-05-06 17:14:49]       Trainable parameter names: ['spatial_conv.1.weight', 'spatial_conv.1.bias', 'final_layer.1.weight', 'final_layer.1.bias']
[2026-05-06 17:14:49]     Sanity check passed: finite logits/loss on one training batch for SignalJEPA_PreLocal.
[2026-05-06 17:14:49]     Result | best_epoch=1 | stop=31 | acc=0.5000 | bal_acc=0.5000 | pred_hist=[4, 28] | collapse_ratio=0.8750 | collapse=False
[2026-05-06 17:14:49]     spatial_conv=[4, 60] top_abs_channels=[('Oz', 0.10073157), ('PO8', 0.09370053), ('CP3', 0.09339423), ('CPz', 0.0929967), ('AF3', 0.09296039), ('F8', 0.09031403), ('P2', 0.0901496), ('P8', 0.08857228)]
[2026-05-06 17:14:49]     spatial_update=delta_l2=0.02995600 max_abs=0.00300055 relative=0.02628872 changed=True

[2026-05-06 17:14:50] Fold 3/5 | subject=4
[2026-05-06 17:14:50]     Train windows:           128 | counts=[64, 64]
[2026-05-06 17:14:50]     Test windows:            32 | counts=[16, 16]
[2026-05-06 17:14:50]     Downstream model:        SignalJEPA_PreLocal
[2026-05-06 17:14:50]     Fine-tune strategy:      new
[2026-05-06 17:14:50]     Pretrained loading path: from_pretrained
[2026-05-06 17:14:50]     Pretrained repo:         braindecode/signal-jepa_without-chans
[2026-05-06 17:14:50]     Phase 1 (new):
[2026-05-06 17:14:50]       Trainable groups: ['spatial_conv.', 'final_layer.']
[2026-05-06 17:14:50]       Total params:     18,182
[2026-05-06 17:14:50]       Trainable params: 4,342
[2026-05-06 17:14:50]       Trainable pct:    23.88%
[2026-05-06 17:14:50]       Trainable parameter names: ['spatial_conv.1.weight', 'spatial_conv.1.bias', 'final_layer.1.weight', 'final_layer.1.bias']
[2026-05-06 17:14:50]     Sanity check passed: finite logits/loss on one training batch for SignalJEPA_PreLocal.
[2026-05-06 17:14:50]     Result | best_epoch=10 | stop=40 | acc=0.6250 | bal_acc=0.6250 | pred_hist=[14, 18] | collapse_ratio=0.5625 | collapse=False
[2026-05-06 17:14:50]     spatial_conv=[4, 60] top_abs_channels=[('F8', 0.09629083), ('CP3', 0.09579631), ('AF3', 0.09520119), ('Oz', 0.0949276), ('P8', 0.09436636), ('PO8', 0.09424815), ('PO5', 0.09045301), ('P3', 0.08892296)]
[2026-05-06 17:14:50]     spatial_update=delta_l2=0.18001987 max_abs=0.02876271 relative=0.15798143 changed=True

[2026-05-06 17:14:51] Fold 4/5 | subject=4
[2026-05-06 17:14:51]     Train windows:           128 | counts=[64, 64]
[2026-05-06 17:14:51]     Test windows:            32 | counts=[16, 16]
[2026-05-06 17:14:51]     Downstream model:        SignalJEPA_PreLocal
[2026-05-06 17:14:51]     Fine-tune strategy:      new
[2026-05-06 17:14:51]     Pretrained loading path: from_pretrained
[2026-05-06 17:14:51]     Pretrained repo:         braindecode/signal-jepa_without-chans
[2026-05-06 17:14:51]     Phase 1 (new):
[2026-05-06 17:14:51]       Trainable groups: ['spatial_conv.', 'final_layer.']
[2026-05-06 17:14:51]       Total params:     18,182
[2026-05-06 17:14:51]       Trainable params: 4,342
[2026-05-06 17:14:51]       Trainable pct:    23.88%
[2026-05-06 17:14:51]       Trainable parameter names: ['spatial_conv.1.weight', 'spatial_conv.1.bias', 'final_layer.1.weight', 'final_layer.1.bias']
[2026-05-06 17:14:51]     Sanity check passed: finite logits/loss on one training batch for SignalJEPA_PreLocal.
[2026-05-06 17:14:52]     Result | best_epoch=1 | stop=31 | acc=0.5000 | bal_acc=0.5000 | pred_hist=[0, 32] | collapse_ratio=1.0000 | collapse=True
[2026-05-06 17:14:52]     spatial_conv=[4, 60] top_abs_channels=[('Oz', 0.09998131), ('CP3', 0.09257808), ('PO8', 0.09224354), ('CPz', 0.09078547), ('AF3', 0.09056893), ('F8', 0.09028045), ('P6', 0.0893795), ('P2', 0.08935292)]
[2026-05-06 17:14:52]     spatial_update=delta_l2=0.02806339 max_abs=0.00300432 relative=0.02462780 changed=True

[2026-05-06 17:14:52] Fold 5/5 | subject=4
[2026-05-06 17:14:52]     Train windows:           128 | counts=[64, 64]
[2026-05-06 17:14:52]     Test windows:            32 | counts=[16, 16]
[2026-05-06 17:14:52]     Downstream model:        SignalJEPA_PreLocal
[2026-05-06 17:14:52]     Fine-tune strategy:      new
[2026-05-06 17:14:52]     Pretrained loading path: from_pretrained
[2026-05-06 17:14:52]     Pretrained repo:         braindecode/signal-jepa_without-chans
[2026-05-06 17:14:52]     Phase 1 (new):
[2026-05-06 17:14:52]       Trainable groups: ['spatial_conv.', 'final_layer.']
[2026-05-06 17:14:52]       Total params:     18,182
[2026-05-06 17:14:52]       Trainable params: 4,342
[2026-05-06 17:14:52]       Trainable pct:    23.88%
[2026-05-06 17:14:52]       Trainable parameter names: ['spatial_conv.1.weight', 'spatial_conv.1.bias', 'final_layer.1.weight', 'final_layer.1.bias']
[2026-05-06 17:14:52]     Sanity check passed: finite logits/loss on one training batch for SignalJEPA_PreLocal.
[2026-05-06 17:14:53]     Result | best_epoch=1 | stop=31 | acc=0.5312 | bal_acc=0.5312 | pred_hist=[3, 29] | collapse_ratio=0.9062 | collapse=True
[2026-05-06 17:14:53]     spatial_conv=[4, 60] top_abs_channels=[('Oz', 0.10044689), ('CP3', 0.09419506), ('AF3', 0.09219827), ('PO8', 0.09177555), ('P8', 0.09071706), ('CPz', 0.09017107), ('F8', 0.08987143), ('P2', 0.08926751)]
[2026-05-06 17:14:53]     spatial_update=delta_l2=0.03241195 max_abs=0.00299464 relative=0.02844401 changed=True
[2026-05-06 17:14:53]   Subject 4 summary: acc=0.5250±0.0538  bal_acc=0.5250±0.0538

[2026-05-06 17:14:53] Subject 5: 160 windows | class_counts=[80, 80]

[2026-05-06 17:14:53] Fold 1/5 | subject=5
[2026-05-06 17:14:53]     Train windows:           128 | counts=[64, 64]
[2026-05-06 17:14:53]     Test windows:            32 | counts=[16, 16]
[2026-05-06 17:14:53]     Downstream model:        SignalJEPA_PreLocal
[2026-05-06 17:14:53]     Fine-tune strategy:      new
[2026-05-06 17:14:53]     Pretrained loading path: from_pretrained
[2026-05-06 17:14:53]     Pretrained repo:         braindecode/signal-jepa_without-chans
[2026-05-06 17:14:53]     Phase 1 (new):
[2026-05-06 17:14:53]       Trainable groups: ['spatial_conv.', 'final_layer.']
[2026-05-06 17:14:53]       Total params:     18,182
[2026-05-06 17:14:53]       Trainable params: 4,342
[2026-05-06 17:14:53]       Trainable pct:    23.88%
[2026-05-06 17:14:53]       Trainable parameter names: ['spatial_conv.1.weight', 'spatial_conv.1.bias', 'final_layer.1.weight', 'final_layer.1.bias']
[2026-05-06 17:14:53]     Sanity check passed: finite logits/loss on one training batch for SignalJEPA_PreLocal.
[2026-05-06 17:14:54]     Result | best_epoch=1 | stop=31 | acc=0.5000 | bal_acc=0.5000 | pred_hist=[2, 30] | collapse_ratio=0.9375 | collapse=True
[2026-05-06 17:14:54]     spatial_conv=[4, 60] top_abs_channels=[('Oz', 0.10116898), ('CP3', 0.09425934), ('PO8', 0.09414095), ('CPz', 0.09285672), ('F8', 0.09129823), ('AF3', 0.09128383), ('P2', 0.08973789), ('P6', 0.08783055)]
[2026-05-06 17:14:54]     spatial_update=delta_l2=0.03056553 max_abs=0.00300245 relative=0.02682363 changed=True

[2026-05-06 17:14:54] Fold 2/5 | subject=5
[2026-05-06 17:14:54]     Train windows:           128 | counts=[64, 64]
[2026-05-06 17:14:54]     Test windows:            32 | counts=[16, 16]
[2026-05-06 17:14:54]     Downstream model:        SignalJEPA_PreLocal
[2026-05-06 17:14:54]     Fine-tune strategy:      new
[2026-05-06 17:14:54]     Pretrained loading path: from_pretrained
[2026-05-06 17:14:54]     Pretrained repo:         braindecode/signal-jepa_without-chans
[2026-05-06 17:14:54]     Phase 1 (new):
[2026-05-06 17:14:54]       Trainable groups: ['spatial_conv.', 'final_layer.']
[2026-05-06 17:14:54]       Total params:     18,182
[2026-05-06 17:14:54]       Trainable params: 4,342
[2026-05-06 17:14:54]       Trainable pct:    23.88%
[2026-05-06 17:14:54]       Trainable parameter names: ['spatial_conv.1.weight', 'spatial_conv.1.bias', 'final_layer.1.weight', 'final_layer.1.bias']
[2026-05-06 17:14:54]     Sanity check passed: finite logits/loss on one training batch for SignalJEPA_PreLocal.
[2026-05-06 17:14:55]     Result | best_epoch=5 | stop=35 | acc=0.4375 | bal_acc=0.4375 | pred_hist=[10, 22] | collapse_ratio=0.6875 | collapse=False
[2026-05-06 17:14:55]     spatial_conv=[4, 60] top_abs_channels=[('CP3', 0.09969194), ('Oz', 0.09964566), ('CPz', 0.09455739), ('PO8', 0.09434047), ('AF3', 0.09002551), ('F8', 0.08814985), ('Pz', 0.08788911), ('P2', 0.08650921)]
[2026-05-06 17:14:55]     spatial_update=delta_l2=0.09303405 max_abs=0.01286550 relative=0.08164461 changed=True

[2026-05-06 17:14:55] Fold 3/5 | subject=5
[2026-05-06 17:14:55]     Train windows:           128 | counts=[64, 64]
[2026-05-06 17:14:55]     Test windows:            32 | counts=[16, 16]
[2026-05-06 17:14:55]     Downstream model:        SignalJEPA_PreLocal
[2026-05-06 17:14:55]     Fine-tune strategy:      new
[2026-05-06 17:14:55]     Pretrained loading path: from_pretrained
[2026-05-06 17:14:55]     Pretrained repo:         braindecode/signal-jepa_without-chans
[2026-05-06 17:14:55]     Phase 1 (new):
[2026-05-06 17:14:55]       Trainable groups: ['spatial_conv.', 'final_layer.']
[2026-05-06 17:14:55]       Total params:     18,182
[2026-05-06 17:14:55]       Trainable params: 4,342
[2026-05-06 17:14:55]       Trainable pct:    23.88%
[2026-05-06 17:14:55]       Trainable parameter names: ['spatial_conv.1.weight', 'spatial_conv.1.bias', 'final_layer.1.weight', 'final_layer.1.bias']
[2026-05-06 17:14:55]     Sanity check passed: finite logits/loss on one training batch for SignalJEPA_PreLocal.
[2026-05-06 17:14:56]     Result | best_epoch=34 | stop=64 | acc=0.3125 | bal_acc=0.3125 | pred_hist=[14, 18] | collapse_ratio=0.5625 | collapse=False
[2026-05-06 17:14:56]     spatial_conv=[4, 60] top_abs_channels=[('FC6', 0.0972084), ('P3', 0.09595725), ('Oz', 0.09474867), ('FC3', 0.09429526), ('P4', 0.09242953), ('PO8', 0.09226426), ('F1', 0.09195352), ('CP3', 0.09136918)]
[2026-05-06 17:14:56]     spatial_update=delta_l2=0.47711010 max_abs=0.09195611 relative=0.41870120 changed=True

[2026-05-06 17:14:57] Fold 4/5 | subject=5
[2026-05-06 17:14:57]     Train windows:           128 | counts=[64, 64]
[2026-05-06 17:14:57]     Test windows:            32 | counts=[16, 16]
[2026-05-06 17:14:57]     Downstream model:        SignalJEPA_PreLocal
[2026-05-06 17:14:57]     Fine-tune strategy:      new
[2026-05-06 17:14:57]     Pretrained loading path: from_pretrained
[2026-05-06 17:14:57]     Pretrained repo:         braindecode/signal-jepa_without-chans
[2026-05-06 17:14:57]     Phase 1 (new):
[2026-05-06 17:14:57]       Trainable groups: ['spatial_conv.', 'final_layer.']
[2026-05-06 17:14:57]       Total params:     18,182
[2026-05-06 17:14:57]       Trainable params: 4,342
[2026-05-06 17:14:57]       Trainable pct:    23.88%
[2026-05-06 17:14:57]       Trainable parameter names: ['spatial_conv.1.weight', 'spatial_conv.1.bias', 'final_layer.1.weight', 'final_layer.1.bias']
[2026-05-06 17:14:57]     Sanity check passed: finite logits/loss on one training batch for SignalJEPA_PreLocal.
[2026-05-06 17:14:58]     Result | best_epoch=1 | stop=31 | acc=0.5312 | bal_acc=0.5312 | pred_hist=[7, 25] | collapse_ratio=0.7812 | collapse=False
[2026-05-06 17:14:58]     spatial_conv=[4, 60] top_abs_channels=[('Oz', 0.10120208), ('CP3', 0.09482943), ('CPz', 0.09385006), ('PO8', 0.09219009), ('AF3', 0.09136906), ('F8', 0.0912571), ('P2', 0.09014498), ('Pz', 0.08755801)]
[2026-05-06 17:14:58]     spatial_update=delta_l2=0.02960018 max_abs=0.00299641 relative=0.02597646 changed=True

[2026-05-06 17:14:58] Fold 5/5 | subject=5
[2026-05-06 17:14:58]     Train windows:           128 | counts=[64, 64]
[2026-05-06 17:14:58]     Test windows:            32 | counts=[16, 16]
[2026-05-06 17:14:58]     Downstream model:        SignalJEPA_PreLocal
[2026-05-06 17:14:58]     Fine-tune strategy:      new
[2026-05-06 17:14:58]     Pretrained loading path: from_pretrained
[2026-05-06 17:14:58]     Pretrained repo:         braindecode/signal-jepa_without-chans
[2026-05-06 17:14:58]     Phase 1 (new):
[2026-05-06 17:14:58]       Trainable groups: ['spatial_conv.', 'final_layer.']
[2026-05-06 17:14:58]       Total params:     18,182
[2026-05-06 17:14:58]       Trainable params: 4,342
[2026-05-06 17:14:58]       Trainable pct:    23.88%
[2026-05-06 17:14:58]       Trainable parameter names: ['spatial_conv.1.weight', 'spatial_conv.1.bias', 'final_layer.1.weight', 'final_layer.1.bias']
[2026-05-06 17:14:58]     Sanity check passed: finite logits/loss on one training batch for SignalJEPA_PreLocal.
[2026-05-06 17:14:59]     Result | best_epoch=1 | stop=31 | acc=0.4688 | bal_acc=0.4688 | pred_hist=[1, 31] | collapse_ratio=0.9688 | collapse=True
[2026-05-06 17:14:59]     spatial_conv=[4, 60] top_abs_channels=[('Oz', 0.0994714), ('CP3', 0.09340712), ('PO8', 0.0928929), ('CPz', 0.09260881), ('AF3', 0.0906041), ('F8', 0.09022091), ('P2', 0.08965947), ('P8', 0.08793598)]
[2026-05-06 17:14:59]     spatial_update=delta_l2=0.02569549 max_abs=0.00297457 relative=0.02254979 changed=True
[2026-05-06 17:14:59]   Subject 5 summary: acc=0.4500±0.0755  bal_acc=0.4500±0.0755

[2026-05-06 17:14:59] Subject 6: 140 windows | class_counts=[70, 70]

[2026-05-06 17:14:59] Fold 1/5 | subject=6
[2026-05-06 17:14:59]     Train windows:           112 | counts=[56, 56]
[2026-05-06 17:14:59]     Test windows:            28 | counts=[14, 14]
[2026-05-06 17:14:59]     Downstream model:        SignalJEPA_PreLocal
[2026-05-06 17:14:59]     Fine-tune strategy:      new
[2026-05-06 17:14:59]     Pretrained loading path: from_pretrained
[2026-05-06 17:14:59]     Pretrained repo:         braindecode/signal-jepa_without-chans
[2026-05-06 17:14:59]     Phase 1 (new):
[2026-05-06 17:14:59]       Trainable groups: ['spatial_conv.', 'final_layer.']
[2026-05-06 17:14:59]       Total params:     18,182
[2026-05-06 17:14:59]       Trainable params: 4,342
[2026-05-06 17:14:59]       Trainable pct:    23.88%
[2026-05-06 17:14:59]       Trainable parameter names: ['spatial_conv.1.weight', 'spatial_conv.1.bias', 'final_layer.1.weight', 'final_layer.1.bias']
[2026-05-06 17:14:59]     Sanity check passed: finite logits/loss on one training batch for SignalJEPA_PreLocal.
[2026-05-06 17:15:00]     Result | best_epoch=2 | stop=31 | acc=0.5000 | bal_acc=0.5000 | pred_hist=[0, 28] | collapse_ratio=1.0000 | collapse=True
[2026-05-06 17:15:00]     spatial_conv=[4, 60] top_abs_channels=[('Oz', 0.10053121), ('CP3', 0.09537098), ('PO8', 0.09344494), ('CPz', 0.09199654), ('P2', 0.09060295), ('F8', 0.08944115), ('AF3', 0.08910646), ('P6', 0.08842055)]
[2026-05-06 17:15:00]     spatial_update=delta_l2=0.02513678 max_abs=0.00200129 relative=0.02205948 changed=True

[2026-05-06 17:15:00] Fold 2/5 | subject=6
[2026-05-06 17:15:00]     Train windows:           112 | counts=[56, 56]
[2026-05-06 17:15:00]     Test windows:            28 | counts=[14, 14]
[2026-05-06 17:15:00]     Downstream model:        SignalJEPA_PreLocal
[2026-05-06 17:15:00]     Fine-tune strategy:      new
[2026-05-06 17:15:00]     Pretrained loading path: from_pretrained
[2026-05-06 17:15:00]     Pretrained repo:         braindecode/signal-jepa_without-chans
[2026-05-06 17:15:00]     Phase 1 (new):
[2026-05-06 17:15:00]       Trainable groups: ['spatial_conv.', 'final_layer.']
[2026-05-06 17:15:00]       Total params:     18,182
[2026-05-06 17:15:00]       Trainable params: 4,342
[2026-05-06 17:15:00]       Trainable pct:    23.88%
[2026-05-06 17:15:00]       Trainable parameter names: ['spatial_conv.1.weight', 'spatial_conv.1.bias', 'final_layer.1.weight', 'final_layer.1.bias']
[2026-05-06 17:15:00]     Sanity check passed: finite logits/loss on one training batch for SignalJEPA_PreLocal.
[2026-05-06 17:15:02]     Result | best_epoch=117 | stop=147 | acc=0.5000 | bal_acc=0.5000 | pred_hist=[16, 12] | collapse_ratio=0.5714 | collapse=False
[2026-05-06 17:15:02]     spatial_conv=[4, 60] top_abs_channels=[('F1', 0.1169131), ('F8', 0.10206576), ('CPz', 0.09478099), ('FC2', 0.09178714), ('Cz', 0.09134787), ('Oz', 0.08839907), ('PO8', 0.08807519), ('FT8', 0.0858658)]
[2026-05-06 17:15:02]     spatial_update=delta_l2=0.67425272 max_abs=0.11695137 relative=0.59170918 changed=True

[2026-05-06 17:15:02] Fold 3/5 | subject=6
[2026-05-06 17:15:02]     Train windows:           112 | counts=[56, 56]
[2026-05-06 17:15:02]     Test windows:            28 | counts=[14, 14]
[2026-05-06 17:15:02]     Downstream model:        SignalJEPA_PreLocal
[2026-05-06 17:15:02]     Fine-tune strategy:      new
[2026-05-06 17:15:02]     Pretrained loading path: from_pretrained
[2026-05-06 17:15:02]     Pretrained repo:         braindecode/signal-jepa_without-chans
[2026-05-06 17:15:02]     Phase 1 (new):
[2026-05-06 17:15:02]       Trainable groups: ['spatial_conv.', 'final_layer.']
[2026-05-06 17:15:02]       Total params:     18,182
[2026-05-06 17:15:02]       Trainable params: 4,342
[2026-05-06 17:15:02]       Trainable pct:    23.88%
[2026-05-06 17:15:02]       Trainable parameter names: ['spatial_conv.1.weight', 'spatial_conv.1.bias', 'final_layer.1.weight', 'final_layer.1.bias']
[2026-05-06 17:15:02]     Sanity check passed: finite logits/loss on one training batch for SignalJEPA_PreLocal.
[2026-05-06 17:15:03]     Result | best_epoch=9 | stop=39 | acc=0.5000 | bal_acc=0.5000 | pred_hist=[6, 22] | collapse_ratio=0.7857 | collapse=False
[2026-05-06 17:15:03]     spatial_conv=[4, 60] top_abs_channels=[('CP3', 0.10076076), ('Oz', 0.09787119), ('PO8', 0.09639803), ('CPz', 0.09287527), ('P2', 0.0909742), ('P6', 0.09079476), ('FC6', 0.08966684), ('AF3', 0.08837131)]
[2026-05-06 17:15:03]     spatial_update=delta_l2=0.12135634 max_abs=0.01655913 relative=0.10649962 changed=True

[2026-05-06 17:15:03] Fold 4/5 | subject=6
[2026-05-06 17:15:03]     Train windows:           112 | counts=[56, 56]
[2026-05-06 17:15:03]     Test windows:            28 | counts=[14, 14]
[2026-05-06 17:15:03]     Downstream model:        SignalJEPA_PreLocal
[2026-05-06 17:15:03]     Fine-tune strategy:      new
[2026-05-06 17:15:03]     Pretrained loading path: from_pretrained
[2026-05-06 17:15:03]     Pretrained repo:         braindecode/signal-jepa_without-chans
[2026-05-06 17:15:03]     Phase 1 (new):
[2026-05-06 17:15:03]       Trainable groups: ['spatial_conv.', 'final_layer.']
[2026-05-06 17:15:03]       Total params:     18,182
[2026-05-06 17:15:03]       Trainable params: 4,342
[2026-05-06 17:15:03]       Trainable pct:    23.88%
[2026-05-06 17:15:03]       Trainable parameter names: ['spatial_conv.1.weight', 'spatial_conv.1.bias', 'final_layer.1.weight', 'final_layer.1.bias']
[2026-05-06 17:15:03]     Sanity check passed: finite logits/loss on one training batch for SignalJEPA_PreLocal.
[2026-05-06 17:15:04]     Result | best_epoch=38 | stop=68 | acc=0.4643 | bal_acc=0.4643 | pred_hist=[13, 15] | collapse_ratio=0.5357 | collapse=False
[2026-05-06 17:15:04]     spatial_conv=[4, 60] top_abs_channels=[('P6', 0.10572655), ('CP3', 0.10299419), ('PO8', 0.10030755), ('FC6', 0.09321696), ('F8', 0.09317403), ('CPz', 0.08928397), ('P4', 0.08768904), ('P8', 0.0857773)]
[2026-05-06 17:15:04]     spatial_update=delta_l2=0.28888837 max_abs=0.04984272 relative=0.25352200 changed=True

[2026-05-06 17:15:05] Fold 5/5 | subject=6
[2026-05-06 17:15:05]     Train windows:           112 | counts=[56, 56]
[2026-05-06 17:15:05]     Test windows:            28 | counts=[14, 14]
[2026-05-06 17:15:05]     Downstream model:        SignalJEPA_PreLocal
[2026-05-06 17:15:05]     Fine-tune strategy:      new
[2026-05-06 17:15:05]     Pretrained loading path: from_pretrained
[2026-05-06 17:15:05]     Pretrained repo:         braindecode/signal-jepa_without-chans
[2026-05-06 17:15:05]     Phase 1 (new):
[2026-05-06 17:15:05]       Trainable groups: ['spatial_conv.', 'final_layer.']
[2026-05-06 17:15:05]       Total params:     18,182
[2026-05-06 17:15:05]       Trainable params: 4,342
[2026-05-06 17:15:05]       Trainable pct:    23.88%
[2026-05-06 17:15:05]       Trainable parameter names: ['spatial_conv.1.weight', 'spatial_conv.1.bias', 'final_layer.1.weight', 'final_layer.1.bias']
[2026-05-06 17:15:05]     Sanity check passed: finite logits/loss on one training batch for SignalJEPA_PreLocal.
[2026-05-06 17:15:05]     Result | best_epoch=6 | stop=35 | acc=0.4643 | bal_acc=0.4643 | pred_hist=[1, 27] | collapse_ratio=0.9643 | collapse=True
[2026-05-06 17:15:05]     spatial_conv=[4, 60] top_abs_channels=[('Oz', 0.09905308), ('CP3', 0.09889663), ('PO8', 0.09617626), ('CPz', 0.09482913), ('FC6', 0.09022857), ('P2', 0.08988886), ('P6', 0.08895743), ('Pz', 0.0887979)]
[2026-05-06 17:15:05]     spatial_update=delta_l2=0.07948456 max_abs=0.00956637 relative=0.06975388 changed=True
[2026-05-06 17:15:05]   Subject 6 summary: acc=0.4857±0.0175  bal_acc=0.4857±0.0175

[2026-05-06 17:15:05] Subject 7: 160 windows | class_counts=[80, 80]

[2026-05-06 17:15:06] Fold 1/5 | subject=7
[2026-05-06 17:15:06]     Train windows:           128 | counts=[64, 64]
[2026-05-06 17:15:06]     Test windows:            32 | counts=[16, 16]
[2026-05-06 17:15:06]     Downstream model:        SignalJEPA_PreLocal
[2026-05-06 17:15:06]     Fine-tune strategy:      new
[2026-05-06 17:15:06]     Pretrained loading path: from_pretrained
[2026-05-06 17:15:06]     Pretrained repo:         braindecode/signal-jepa_without-chans
[2026-05-06 17:15:06]     Phase 1 (new):
[2026-05-06 17:15:06]       Trainable groups: ['spatial_conv.', 'final_layer.']
[2026-05-06 17:15:06]       Total params:     18,182
[2026-05-06 17:15:06]       Trainable params: 4,342
[2026-05-06 17:15:06]       Trainable pct:    23.88%
[2026-05-06 17:15:06]       Trainable parameter names: ['spatial_conv.1.weight', 'spatial_conv.1.bias', 'final_layer.1.weight', 'final_layer.1.bias']
[2026-05-06 17:15:06]     Sanity check passed: finite logits/loss on one training batch for SignalJEPA_PreLocal.
[2026-05-06 17:15:06]     Result | best_epoch=1 | stop=31 | acc=0.5938 | bal_acc=0.5938 | pred_hist=[9, 23] | collapse_ratio=0.7188 | collapse=False
[2026-05-06 17:15:06]     spatial_conv=[4, 60] top_abs_channels=[('Oz', 0.09986997), ('CP3', 0.0942052), ('CPz', 0.09261238), ('AF3', 0.09141333), ('PO8', 0.09123931), ('P6', 0.08946874), ('P2', 0.08937752), ('P8', 0.08880083)]
[2026-05-06 17:15:06]     spatial_update=delta_l2=0.02900760 max_abs=0.00300255 relative=0.02545642 changed=True

[2026-05-06 17:15:07] Fold 2/5 | subject=7
[2026-05-06 17:15:07]     Train windows:           128 | counts=[64, 64]
[2026-05-06 17:15:07]     Test windows:            32 | counts=[16, 16]
[2026-05-06 17:15:07]     Downstream model:        SignalJEPA_PreLocal
[2026-05-06 17:15:07]     Fine-tune strategy:      new
[2026-05-06 17:15:07]     Pretrained loading path: from_pretrained
[2026-05-06 17:15:07]     Pretrained repo:         braindecode/signal-jepa_without-chans
[2026-05-06 17:15:07]     Phase 1 (new):
[2026-05-06 17:15:07]       Trainable groups: ['spatial_conv.', 'final_layer.']
[2026-05-06 17:15:07]       Total params:     18,182
[2026-05-06 17:15:07]       Trainable params: 4,342
[2026-05-06 17:15:07]       Trainable pct:    23.88%
[2026-05-06 17:15:07]       Trainable parameter names: ['spatial_conv.1.weight', 'spatial_conv.1.bias', 'final_layer.1.weight', 'final_layer.1.bias']
[2026-05-06 17:15:07]     Sanity check passed: finite logits/loss on one training batch for SignalJEPA_PreLocal.
[2026-05-06 17:15:07]     Result | best_epoch=3 | stop=33 | acc=0.4375 | bal_acc=0.4375 | pred_hist=[8, 24] | collapse_ratio=0.7500 | collapse=False
[2026-05-06 17:15:07]     spatial_conv=[4, 60] top_abs_channels=[('Oz', 0.09629832), ('CP3', 0.0921084), ('P2', 0.09180755), ('CPz', 0.09128767), ('P6', 0.09059397), ('PO8', 0.08999971), ('AF3', 0.08945717), ('F8', 0.08755359)]
[2026-05-06 17:15:07]     spatial_update=delta_l2=0.06022355 max_abs=0.00882205 relative=0.05285085 changed=True

[2026-05-06 17:15:08] Fold 3/5 | subject=7
[2026-05-06 17:15:08]     Train windows:           128 | counts=[64, 64]
[2026-05-06 17:15:08]     Test windows:            32 | counts=[16, 16]
[2026-05-06 17:15:08]     Downstream model:        SignalJEPA_PreLocal
[2026-05-06 17:15:08]     Fine-tune strategy:      new
[2026-05-06 17:15:08]     Pretrained loading path: from_pretrained
[2026-05-06 17:15:08]     Pretrained repo:         braindecode/signal-jepa_without-chans
[2026-05-06 17:15:08]     Phase 1 (new):
[2026-05-06 17:15:08]       Trainable groups: ['spatial_conv.', 'final_layer.']
[2026-05-06 17:15:08]       Total params:     18,182
[2026-05-06 17:15:08]       Trainable params: 4,342
[2026-05-06 17:15:08]       Trainable pct:    23.88%
[2026-05-06 17:15:08]       Trainable parameter names: ['spatial_conv.1.weight', 'spatial_conv.1.bias', 'final_layer.1.weight', 'final_layer.1.bias']
[2026-05-06 17:15:08]     Sanity check passed: finite logits/loss on one training batch for SignalJEPA_PreLocal.
[2026-05-06 17:15:09]     Result | best_epoch=37 | stop=67 | acc=0.5938 | bal_acc=0.5938 | pred_hist=[21, 11] | collapse_ratio=0.6562 | collapse=False
[2026-05-06 17:15:09]     spatial_conv=[4, 60] top_abs_channels=[('P3', 0.10242152), ('CP6', 0.09933965), ('P6', 0.0961675), ('F5', 0.0953195), ('Pz', 0.0912822), ('PO8', 0.08847921), ('FC6', 0.08644239), ('AF3', 0.08634996)]
[2026-05-06 17:15:09]     spatial_update=delta_l2=0.49055279 max_abs=0.09543656 relative=0.43049821 changed=True

[2026-05-06 17:15:10] Fold 4/5 | subject=7
[2026-05-06 17:15:10]     Train windows:           128 | counts=[64, 64]
[2026-05-06 17:15:10]     Test windows:            32 | counts=[16, 16]
[2026-05-06 17:15:10]     Downstream model:        SignalJEPA_PreLocal
[2026-05-06 17:15:10]     Fine-tune strategy:      new
[2026-05-06 17:15:10]     Pretrained loading path: from_pretrained
[2026-05-06 17:15:10]     Pretrained repo:         braindecode/signal-jepa_without-chans
[2026-05-06 17:15:10]     Phase 1 (new):
[2026-05-06 17:15:10]       Trainable groups: ['spatial_conv.', 'final_layer.']
[2026-05-06 17:15:10]       Total params:     18,182
[2026-05-06 17:15:10]       Trainable params: 4,342
[2026-05-06 17:15:10]       Trainable pct:    23.88%
[2026-05-06 17:15:10]       Trainable parameter names: ['spatial_conv.1.weight', 'spatial_conv.1.bias', 'final_layer.1.weight', 'final_layer.1.bias']
[2026-05-06 17:15:10]     Sanity check passed: finite logits/loss on one training batch for SignalJEPA_PreLocal.
[2026-05-06 17:15:10]     Result | best_epoch=1 | stop=31 | acc=0.5000 | bal_acc=0.5000 | pred_hist=[4, 28] | collapse_ratio=0.8750 | collapse=False
[2026-05-06 17:15:10]     spatial_conv=[4, 60] top_abs_channels=[('Oz', 0.09971695), ('CP3', 0.09566121), ('PO8', 0.09239934), ('CPz', 0.09185991), ('AF3', 0.0899377), ('F8', 0.08947156), ('P8', 0.08897571), ('P6', 0.08894961)]
[2026-05-06 17:15:10]     spatial_update=delta_l2=0.02759335 max_abs=0.00297277 relative=0.02421531 changed=True

[2026-05-06 17:15:11] Fold 5/5 | subject=7
[2026-05-06 17:15:11]     Train windows:           128 | counts=[64, 64]
[2026-05-06 17:15:11]     Test windows:            32 | counts=[16, 16]
[2026-05-06 17:15:11]     Downstream model:        SignalJEPA_PreLocal
[2026-05-06 17:15:11]     Fine-tune strategy:      new
[2026-05-06 17:15:11]     Pretrained loading path: from_pretrained
[2026-05-06 17:15:11]     Pretrained repo:         braindecode/signal-jepa_without-chans
[2026-05-06 17:15:11]     Phase 1 (new):
[2026-05-06 17:15:11]       Trainable groups: ['spatial_conv.', 'final_layer.']
[2026-05-06 17:15:11]       Total params:     18,182
[2026-05-06 17:15:11]       Trainable params: 4,342
[2026-05-06 17:15:11]       Trainable pct:    23.88%
[2026-05-06 17:15:11]       Trainable parameter names: ['spatial_conv.1.weight', 'spatial_conv.1.bias', 'final_layer.1.weight', 'final_layer.1.bias']
[2026-05-06 17:15:11]     Sanity check passed: finite logits/loss on one training batch for SignalJEPA_PreLocal.
[2026-05-06 17:15:12]     Result | best_epoch=16 | stop=46 | acc=0.4688 | bal_acc=0.4688 | pred_hist=[15, 17] | collapse_ratio=0.5312 | collapse=False
[2026-05-06 17:15:12]     spatial_conv=[4, 60] top_abs_channels=[('P6', 0.10156389), ('P8', 0.09317028), ('CP4', 0.09249584), ('CP3', 0.09231439), ('Oz', 0.09020069), ('PO8', 0.089957), ('F8', 0.08948918), ('FC2', 0.08842093)]
[2026-05-06 17:15:12]     spatial_update=delta_l2=0.24831833 max_abs=0.04240343 relative=0.21791864 changed=True
[2026-05-06 17:15:12]   Subject 7 summary: acc=0.5188±0.0643  bal_acc=0.5188±0.0643

[2026-05-06 17:15:12] Subject 8: 160 windows | class_counts=[80, 80]

[2026-05-06 17:15:12] Fold 1/5 | subject=8
[2026-05-06 17:15:12]     Train windows:           128 | counts=[64, 64]
[2026-05-06 17:15:12]     Test windows:            32 | counts=[16, 16]
[2026-05-06 17:15:12]     Downstream model:        SignalJEPA_PreLocal
[2026-05-06 17:15:12]     Fine-tune strategy:      new
[2026-05-06 17:15:12]     Pretrained loading path: from_pretrained
[2026-05-06 17:15:12]     Pretrained repo:         braindecode/signal-jepa_without-chans
[2026-05-06 17:15:12]     Phase 1 (new):
[2026-05-06 17:15:12]       Trainable groups: ['spatial_conv.', 'final_layer.']
[2026-05-06 17:15:12]       Total params:     18,182
[2026-05-06 17:15:12]       Trainable params: 4,342
[2026-05-06 17:15:12]       Trainable pct:    23.88%
[2026-05-06 17:15:12]       Trainable parameter names: ['spatial_conv.1.weight', 'spatial_conv.1.bias', 'final_layer.1.weight', 'final_layer.1.bias']
[2026-05-06 17:15:12]     Sanity check passed: finite logits/loss on one training batch for SignalJEPA_PreLocal.
[2026-05-06 17:15:13]     Result | best_epoch=14 | stop=44 | acc=0.4062 | bal_acc=0.4062 | pred_hist=[19, 13] | collapse_ratio=0.5938 | collapse=False
[2026-05-06 17:15:13]     spatial_conv=[4, 60] top_abs_channels=[('Oz', 0.10832363), ('F8', 0.09582891), ('PO5', 0.09473759), ('P2', 0.09360876), ('PO8', 0.09127937), ('P6', 0.09109082), ('AF3', 0.0903631), ('CP3', 0.08523613)]
[2026-05-06 17:15:13]     spatial_update=delta_l2=0.22237287 max_abs=0.03874054 relative=0.19514948 changed=True

[2026-05-06 17:15:13] Fold 2/5 | subject=8
[2026-05-06 17:15:13]     Train windows:           128 | counts=[64, 64]
[2026-05-06 17:15:13]     Test windows:            32 | counts=[16, 16]
[2026-05-06 17:15:13]     Downstream model:        SignalJEPA_PreLocal
[2026-05-06 17:15:13]     Fine-tune strategy:      new
[2026-05-06 17:15:13]     Pretrained loading path: from_pretrained
[2026-05-06 17:15:13]     Pretrained repo:         braindecode/signal-jepa_without-chans
[2026-05-06 17:15:13]     Phase 1 (new):
[2026-05-06 17:15:13]       Trainable groups: ['spatial_conv.', 'final_layer.']
[2026-05-06 17:15:13]       Total params:     18,182
[2026-05-06 17:15:13]       Trainable params: 4,342
[2026-05-06 17:15:13]       Trainable pct:    23.88%
[2026-05-06 17:15:13]       Trainable parameter names: ['spatial_conv.1.weight', 'spatial_conv.1.bias', 'final_layer.1.weight', 'final_layer.1.bias']
[2026-05-06 17:15:13]     Sanity check passed: finite logits/loss on one training batch for SignalJEPA_PreLocal.
[2026-05-06 17:15:14]     Result | best_epoch=10 | stop=40 | acc=0.5000 | bal_acc=0.5000 | pred_hist=[18, 14] | collapse_ratio=0.5625 | collapse=False
[2026-05-06 17:15:14]     spatial_conv=[4, 60] top_abs_channels=[('Oz', 0.10576975), ('AF3', 0.09745453), ('PO8', 0.09269665), ('F8', 0.09204379), ('FC6', 0.09187174), ('P3', 0.09179299), ('CPz', 0.09119193), ('P8', 0.09054552)]
[2026-05-06 17:15:14]     spatial_update=delta_l2=0.17527566 max_abs=0.02800414 relative=0.15381802 changed=True

[2026-05-06 17:15:15] Fold 3/5 | subject=8
[2026-05-06 17:15:15]     Train windows:           128 | counts=[64, 64]
[2026-05-06 17:15:15]     Test windows:            32 | counts=[16, 16]
[2026-05-06 17:15:15]     Downstream model:        SignalJEPA_PreLocal
[2026-05-06 17:15:15]     Fine-tune strategy:      new
[2026-05-06 17:15:15]     Pretrained loading path: from_pretrained
[2026-05-06 17:15:15]     Pretrained repo:         braindecode/signal-jepa_without-chans
[2026-05-06 17:15:15]     Phase 1 (new):
[2026-05-06 17:15:15]       Trainable groups: ['spatial_conv.', 'final_layer.']
[2026-05-06 17:15:15]       Total params:     18,182
[2026-05-06 17:15:15]       Trainable params: 4,342
[2026-05-06 17:15:15]       Trainable pct:    23.88%
[2026-05-06 17:15:15]       Trainable parameter names: ['spatial_conv.1.weight', 'spatial_conv.1.bias', 'final_layer.1.weight', 'final_layer.1.bias']
[2026-05-06 17:15:15]     Sanity check passed: finite logits/loss on one training batch for SignalJEPA_PreLocal.
[2026-05-06 17:15:16]     Result | best_epoch=35 | stop=65 | acc=0.4375 | bal_acc=0.4375 | pred_hist=[16, 16] | collapse_ratio=0.5000 | collapse=False
[2026-05-06 17:15:16]     spatial_conv=[4, 60] top_abs_channels=[('P6', 0.11337195), ('Oz', 0.11232585), ('P8', 0.10012984), ('F8', 0.09418235), ('P2', 0.08942429), ('AF3', 0.08885425), ('P3', 0.08815496), ('PO4', 0.0877042)]
[2026-05-06 17:15:16]     spatial_update=delta_l2=0.49737416 max_abs=0.09297471 relative=0.43648449 changed=True

[2026-05-06 17:15:16] Fold 4/5 | subject=8
[2026-05-06 17:15:16]     Train windows:           128 | counts=[64, 64]
[2026-05-06 17:15:16]     Test windows:            32 | counts=[16, 16]
[2026-05-06 17:15:16]     Downstream model:        SignalJEPA_PreLocal
[2026-05-06 17:15:16]     Fine-tune strategy:      new
[2026-05-06 17:15:16]     Pretrained loading path: from_pretrained
[2026-05-06 17:15:16]     Pretrained repo:         braindecode/signal-jepa_without-chans
[2026-05-06 17:15:16]     Phase 1 (new):
[2026-05-06 17:15:16]       Trainable groups: ['spatial_conv.', 'final_layer.']
[2026-05-06 17:15:16]       Total params:     18,182
[2026-05-06 17:15:16]       Trainable params: 4,342
[2026-05-06 17:15:16]       Trainable pct:    23.88%
[2026-05-06 17:15:16]       Trainable parameter names: ['spatial_conv.1.weight', 'spatial_conv.1.bias', 'final_layer.1.weight', 'final_layer.1.bias']
[2026-05-06 17:15:16]     Sanity check passed: finite logits/loss on one training batch for SignalJEPA_PreLocal.
[2026-05-06 17:15:17]     Result | best_epoch=29 | stop=59 | acc=0.4062 | bal_acc=0.4062 | pred_hist=[13, 19] | collapse_ratio=0.5938 | collapse=False
[2026-05-06 17:15:17]     spatial_conv=[4, 60] top_abs_channels=[('FC6', 0.11676571), ('F8', 0.11277801), ('AF3', 0.10836771), ('CP3', 0.0989126), ('Oz', 0.0986108), ('P2', 0.09743857), ('CPz', 0.09473428), ('PO8', 0.09468959)]
[2026-05-06 17:15:17]     spatial_update=delta_l2=0.46436581 max_abs=0.07864524 relative=0.40751710 changed=True

[2026-05-06 17:15:18] Fold 5/5 | subject=8
[2026-05-06 17:15:18]     Train windows:           128 | counts=[64, 64]
[2026-05-06 17:15:18]     Test windows:            32 | counts=[16, 16]
[2026-05-06 17:15:18]     Downstream model:        SignalJEPA_PreLocal
[2026-05-06 17:15:18]     Fine-tune strategy:      new
[2026-05-06 17:15:18]     Pretrained loading path: from_pretrained
[2026-05-06 17:15:18]     Pretrained repo:         braindecode/signal-jepa_without-chans
[2026-05-06 17:15:18]     Phase 1 (new):
[2026-05-06 17:15:18]       Trainable groups: ['spatial_conv.', 'final_layer.']
[2026-05-06 17:15:18]       Total params:     18,182
[2026-05-06 17:15:18]       Trainable params: 4,342
[2026-05-06 17:15:18]       Trainable pct:    23.88%
[2026-05-06 17:15:18]       Trainable parameter names: ['spatial_conv.1.weight', 'spatial_conv.1.bias', 'final_layer.1.weight', 'final_layer.1.bias']
[2026-05-06 17:15:18]     Sanity check passed: finite logits/loss on one training batch for SignalJEPA_PreLocal.
[2026-05-06 17:15:19]     Result | best_epoch=16 | stop=43 | acc=0.4062 | bal_acc=0.4062 | pred_hist=[13, 19] | collapse_ratio=0.5938 | collapse=False
[2026-05-06 17:15:19]     spatial_conv=[4, 60] top_abs_channels=[('Oz', 0.10976809), ('F8', 0.0971714), ('PO8', 0.09660091), ('P2', 0.09414467), ('AF3', 0.09194884), ('CPz', 0.0902287), ('P6', 0.08829752), ('P8', 0.08654167)]
[2026-05-06 17:15:19]     spatial_update=delta_l2=0.21685481 max_abs=0.03437638 relative=0.19030696 changed=True
[2026-05-06 17:15:19]   Subject 8 summary: acc=0.4313±0.0364  bal_acc=0.4313±0.0364

[2026-05-06 17:15:19] Subject 9: 160 windows | class_counts=[80, 80]

[2026-05-06 17:15:19] Fold 1/5 | subject=9
[2026-05-06 17:15:19]     Train windows:           128 | counts=[64, 64]
[2026-05-06 17:15:19]     Test windows:            32 | counts=[16, 16]
[2026-05-06 17:15:19]     Downstream model:        SignalJEPA_PreLocal
[2026-05-06 17:15:19]     Fine-tune strategy:      new
[2026-05-06 17:15:19]     Pretrained loading path: from_pretrained
[2026-05-06 17:15:19]     Pretrained repo:         braindecode/signal-jepa_without-chans
[2026-05-06 17:15:19]     Phase 1 (new):
[2026-05-06 17:15:19]       Trainable groups: ['spatial_conv.', 'final_layer.']
[2026-05-06 17:15:19]       Total params:     18,182
[2026-05-06 17:15:19]       Trainable params: 4,342
[2026-05-06 17:15:19]       Trainable pct:    23.88%
[2026-05-06 17:15:19]       Trainable parameter names: ['spatial_conv.1.weight', 'spatial_conv.1.bias', 'final_layer.1.weight', 'final_layer.1.bias']
[2026-05-06 17:15:19]     Sanity check passed: finite logits/loss on one training batch for SignalJEPA_PreLocal.
[2026-05-06 17:15:21]     Result | best_epoch=42 | stop=72 | acc=0.4062 | bal_acc=0.4062 | pred_hist=[7, 25] | collapse_ratio=0.7812 | collapse=False
[2026-05-06 17:15:21]     spatial_conv=[4, 60] top_abs_channels=[('FC2', 0.11564597), ('FC3', 0.10943366), ('F7', 0.10641101), ('Oz', 0.10195981), ('C6', 0.10029925), ('CP3', 0.09842908), ('P3', 0.09614524), ('AF3', 0.08942258)]
[2026-05-06 17:15:21]     spatial_update=delta_l2=0.57748623 max_abs=0.11834227 relative=0.50678906 changed=True

[2026-05-06 17:15:21] Fold 2/5 | subject=9
[2026-05-06 17:15:21]     Train windows:           128 | counts=[64, 64]
[2026-05-06 17:15:21]     Test windows:            32 | counts=[16, 16]
[2026-05-06 17:15:21]     Downstream model:        SignalJEPA_PreLocal
[2026-05-06 17:15:21]     Fine-tune strategy:      new
[2026-05-06 17:15:21]     Pretrained loading path: from_pretrained
[2026-05-06 17:15:21]     Pretrained repo:         braindecode/signal-jepa_without-chans
[2026-05-06 17:15:21]     Phase 1 (new):
[2026-05-06 17:15:21]       Trainable groups: ['spatial_conv.', 'final_layer.']
[2026-05-06 17:15:21]       Total params:     18,182
[2026-05-06 17:15:21]       Trainable params: 4,342
[2026-05-06 17:15:21]       Trainable pct:    23.88%
[2026-05-06 17:15:21]       Trainable parameter names: ['spatial_conv.1.weight', 'spatial_conv.1.bias', 'final_layer.1.weight', 'final_layer.1.bias']
[2026-05-06 17:15:21]     Sanity check passed: finite logits/loss on one training batch for SignalJEPA_PreLocal.
[2026-05-06 17:15:22]     Result | best_epoch=1 | stop=31 | acc=0.4062 | bal_acc=0.4062 | pred_hist=[11, 21] | collapse_ratio=0.6562 | collapse=False
[2026-05-06 17:15:22]     spatial_conv=[4, 60] top_abs_channels=[('Oz', 0.10119109), ('CP3', 0.09241512), ('CPz', 0.09154364), ('PO8', 0.09147802), ('AF3', 0.09087605), ('P6', 0.0898798), ('P2', 0.08904741), ('P8', 0.08844885)]
[2026-05-06 17:15:22]     spatial_update=delta_l2=0.03113548 max_abs=0.00299745 relative=0.02732380 changed=True

[2026-05-06 17:15:23] Fold 3/5 | subject=9
[2026-05-06 17:15:23]     Train windows:           128 | counts=[64, 64]
[2026-05-06 17:15:23]     Test windows:            32 | counts=[16, 16]
[2026-05-06 17:15:23]     Downstream model:        SignalJEPA_PreLocal
[2026-05-06 17:15:23]     Fine-tune strategy:      new
[2026-05-06 17:15:23]     Pretrained loading path: from_pretrained
[2026-05-06 17:15:23]     Pretrained repo:         braindecode/signal-jepa_without-chans
[2026-05-06 17:15:23]     Phase 1 (new):
[2026-05-06 17:15:23]       Trainable groups: ['spatial_conv.', 'final_layer.']
[2026-05-06 17:15:23]       Total params:     18,182
[2026-05-06 17:15:23]       Trainable params: 4,342
[2026-05-06 17:15:23]       Trainable pct:    23.88%
[2026-05-06 17:15:23]       Trainable parameter names: ['spatial_conv.1.weight', 'spatial_conv.1.bias', 'final_layer.1.weight', 'final_layer.1.bias']
[2026-05-06 17:15:23]     Sanity check passed: finite logits/loss on one training batch for SignalJEPA_PreLocal.
[2026-05-06 17:15:31]     Result | best_epoch=450 | stop=480 | acc=0.5938 | bal_acc=0.5938 | pred_hist=[15, 17] | collapse_ratio=0.5312 | collapse=False
[2026-05-06 17:15:31]     spatial_conv=[4, 60] top_abs_channels=[('Cz', 0.15387459), ('F4', 0.15173042), ('FC6', 0.14237592), ('Pz', 0.1255872), ('P4', 0.11980435), ('O2', 0.11686377), ('FC5', 0.10395546), ('CP4', 0.10010959)]
[2026-05-06 17:15:31]     spatial_update=delta_l2=1.25898925 max_abs=0.26346502 relative=1.10486093 changed=True

[2026-05-06 17:15:32] Fold 4/5 | subject=9
[2026-05-06 17:15:32]     Train windows:           128 | counts=[64, 64]
[2026-05-06 17:15:32]     Test windows:            32 | counts=[16, 16]
[2026-05-06 17:15:32]     Downstream model:        SignalJEPA_PreLocal
[2026-05-06 17:15:32]     Fine-tune strategy:      new
[2026-05-06 17:15:32]     Pretrained loading path: from_pretrained
[2026-05-06 17:15:32]     Pretrained repo:         braindecode/signal-jepa_without-chans
[2026-05-06 17:15:32]     Phase 1 (new):
[2026-05-06 17:15:32]       Trainable groups: ['spatial_conv.', 'final_layer.']
[2026-05-06 17:15:32]       Total params:     18,182
[2026-05-06 17:15:32]       Trainable params: 4,342
[2026-05-06 17:15:32]       Trainable pct:    23.88%
[2026-05-06 17:15:32]       Trainable parameter names: ['spatial_conv.1.weight', 'spatial_conv.1.bias', 'final_layer.1.weight', 'final_layer.1.bias']
[2026-05-06 17:15:32]     Sanity check passed: finite logits/loss on one training batch for SignalJEPA_PreLocal.
[2026-05-06 17:15:36]     Result | best_epoch=194 | stop=224 | acc=0.5312 | bal_acc=0.5312 | pred_hist=[19, 13] | collapse_ratio=0.5938 | collapse=False
[2026-05-06 17:15:36]     spatial_conv=[4, 60] top_abs_channels=[('C1', 0.11555135), ('Pz', 0.11308073), ('C6', 0.11256382), ('F4', 0.10821166), ('CP3', 0.10536741), ('P3', 0.10522537), ('FC3', 0.0978487), ('CP6', 0.09693694)]
[2026-05-06 17:15:36]     spatial_update=delta_l2=0.96401835 max_abs=0.22957331 relative=0.84600104 changed=True

[2026-05-06 17:15:36] Fold 5/5 | subject=9
[2026-05-06 17:15:36]     Train windows:           128 | counts=[64, 64]
[2026-05-06 17:15:36]     Test windows:            32 | counts=[16, 16]
[2026-05-06 17:15:36]     Downstream model:        SignalJEPA_PreLocal
[2026-05-06 17:15:36]     Fine-tune strategy:      new
[2026-05-06 17:15:36]     Pretrained loading path: from_pretrained
[2026-05-06 17:15:36]     Pretrained repo:         braindecode/signal-jepa_without-chans
[2026-05-06 17:15:36]     Phase 1 (new):
[2026-05-06 17:15:36]       Trainable groups: ['spatial_conv.', 'final_layer.']
[2026-05-06 17:15:36]       Total params:     18,182
[2026-05-06 17:15:36]       Trainable params: 4,342
[2026-05-06 17:15:36]       Trainable pct:    23.88%
[2026-05-06 17:15:36]       Trainable parameter names: ['spatial_conv.1.weight', 'spatial_conv.1.bias', 'final_layer.1.weight', 'final_layer.1.bias']
[2026-05-06 17:15:36]     Sanity check passed: finite logits/loss on one training batch for SignalJEPA_PreLocal.
[2026-05-06 17:15:37]     Result | best_epoch=1 | stop=31 | acc=0.3750 | bal_acc=0.3750 | pred_hist=[14, 18] | collapse_ratio=0.5625 | collapse=False
[2026-05-06 17:15:37]     spatial_conv=[4, 60] top_abs_channels=[('Oz', 0.10029417), ('CP3', 0.09215872), ('PO8', 0.09148732), ('AF3', 0.09116546), ('CPz', 0.09115027), ('P2', 0.09043583), ('P6', 0.08993232), ('P8', 0.08835237)]
[2026-05-06 17:15:37]     spatial_update=delta_l2=0.03295228 max_abs=0.00300112 relative=0.02891819 changed=True
[2026-05-06 17:15:37]   Subject 9 summary: acc=0.4625±0.0848  bal_acc=0.4625±0.0848

[2026-05-06 17:15:37] Total folds completed: 45
[2026-05-06 17:15:37] ======================================================================
[2026-05-06 17:15:37] AGGREGATED RESULTS
[2026-05-06 17:15:37] ======================================================================
[2026-05-06 17:15:37]   1: acc=0.5500±0.0960  bal_acc=0.5500±0.0960
[2026-05-06 17:15:37]   2: acc=0.5062±0.0306  bal_acc=0.5062±0.0306
[2026-05-06 17:15:37]   3: acc=0.4938±0.0637  bal_acc=0.4938±0.0637
[2026-05-06 17:15:37]   4: acc=0.5250±0.0538  bal_acc=0.5250±0.0538
[2026-05-06 17:15:37]   5: acc=0.4500±0.0755  bal_acc=0.4500±0.0755
[2026-05-06 17:15:37]   6: acc=0.4857±0.0175  bal_acc=0.4857±0.0175
[2026-05-06 17:15:37]   7: acc=0.5188±0.0643  bal_acc=0.5188±0.0643
[2026-05-06 17:15:37]   8: acc=0.4313±0.0364  bal_acc=0.4313±0.0364
[2026-05-06 17:15:37]   9: acc=0.4625±0.0848  bal_acc=0.4625±0.0848
[2026-05-06 17:15:37] ----------------------------------------------------------------------
[2026-05-06 17:15:37]   OVERALL: acc=0.4915±0.0727  bal_acc=0.4915±0.0727
[2026-05-06 17:15:37] ======================================================================

[2026-05-06 17:15:37] ======================================================================
[2026-05-06 17:15:37] EXPERIMENT SUMMARY
[2026-05-06 17:15:37] ======================================================================
[2026-05-06 17:15:37] Run ID:                 20260506_1707_5caee101
[2026-05-06 17:15:37] Dataset:                Weibo2014
[2026-05-06 17:15:37] Labels kept:            ['left_hand', 'right_hand']
[2026-05-06 17:15:37] Model:                  SignalJEPA_PreLocal
[2026-05-06 17:15:37] Pretrained mode:        from_pretrained
[2026-05-06 17:15:37] Strategy:               new
[2026-05-06 17:15:37] Window:                 8.200s / 1049 samples
[2026-05-06 17:15:37] Artifacts:              /home/vegorov/Repos/eeg_jepa_research/artifacts/moabb-mi-sjepa/Weibo2014/20260506_1707_5caee101
[2026-05-06 17:15:37] Mean Accuracy:          0.4915 ± 0.0727
[2026-05-06 17:15:37] Mean Balanced Accuracy: 0.4915 ± 0.0727
[2026-05-06 17:15:37] ======================================================================

[2026-05-06 17:15:37] Spatial convolution analysis saved:
[2026-05-06 17:15:37]   Long channel CSV:        /home/vegorov/Repos/eeg_jepa_research/artifacts/moabb-mi-sjepa/Weibo2014/20260506_1707_5caee101/spatial_conv_analysis/spatial_channel_importance_long.csv
[2026-05-06 17:15:37]   Fold diagnostics CSV:    /home/vegorov/Repos/eeg_jepa_research/artifacts/moabb-mi-sjepa/Weibo2014/20260506_1707_5caee101/spatial_conv_analysis/fold_diagnostics.csv
[2026-05-06 17:15:37]   Fold weight JSON:        /home/vegorov/Repos/eeg_jepa_research/artifacts/moabb-mi-sjepa/Weibo2014/20260506_1707_5caee101/spatial_conv_analysis/spatial_conv_weights_by_fold.json
[2026-05-06 17:15:37]   Global importance CSV:   /home/vegorov/Repos/eeg_jepa_research/artifacts/moabb-mi-sjepa/Weibo2014/20260506_1707_5caee101/spatial_conv_analysis/spatial_channel_importance_global.csv
[2026-05-06 17:15:37]   Subject importance CSV:  /home/vegorov/Repos/eeg_jepa_research/artifacts/moabb-mi-sjepa/Weibo2014/20260506_1707_5caee101/spatial_conv_analysis/spatial_channel_importance_by_subject.csv
[2026-05-06 17:15:37]   Diagnostic summary JSON: /home/vegorov/Repos/eeg_jepa_research/artifacts/moabb-mi-sjepa/Weibo2014/20260506_1707_5caee101/spatial_conv_analysis/diagnostic_summary.json

[2026-05-06 17:15:37] Diagnostic summary:
[2026-05-06 17:15:37] {
  "n_folds": 45,
  "collapse_rate": 0.28888888888888886,
  "mean_collapse_ratio": 0.7259920635555555,
  "mean_spatial_delta_l2": 0.28982612333333335,
  "mean_spatial_relative_delta": 0.25434495355555553,
  "spatial_changed_rate": 1.0,
  "mean_confidence": 0.5336521604444445,
  "mean_normalized_prediction_entropy": 0.9852913042222222
}

[2026-05-06 17:15:37] Top global channels by mean absolute spatial weight:
[2026-05-06 17:15:37]   Global topomap:          /home/vegorov/Repos/eeg_jepa_research/artifacts/moabb-mi-sjepa/Weibo2014/20260506_1707_5caee101/spatial_conv_analysis/global_mean_abs_spatial_weight_topomap.png
[2026-05-06 17:15:37]   Global filter grid:      /home/vegorov/Repos/eeg_jepa_research/artifacts/moabb-mi-sjepa/Weibo2014/20260506_1707_5caee101/spatial_conv_analysis/global_mean_spatial_filters_topomap_grid.png
[2026-05-06 17:15:38]   Subject topomaps saved in: /home/vegorov/Repos/eeg_jepa_research/artifacts/moabb-mi-sjepa/Weibo2014/20260506_1707_5caee101/spatial_conv_analysis
[2026-05-06 17:15:38] CV results saved to:      /home/vegorov/Repos/eeg_jepa_research/artifacts/moabb-mi-sjepa/Weibo2014/20260506_1707_5caee101/cv_results.json
[2026-05-06 17:15:38] Subject metrics saved to: /home/vegorov/Repos/eeg_jepa_research/artifacts/moabb-mi-sjepa/Weibo2014/20260506_1707_5caee101/subject_metrics.json
[2026-05-06 17:15:38] Global metrics saved to:  /home/vegorov/Repos/eeg_jepa_research/artifacts/moabb-mi-sjepa/Weibo2014/20260506_1707_5caee101/global_metrics.json
[2026-05-06 17:15:38] Run metadata saved to:    /home/vegorov/Repos/eeg_jepa_research/artifacts/moabb-mi-sjepa/Weibo2014/20260506_1707_5caee101/run_metadata.json

[2026-05-06 17:15:38] All artifacts in: /home/vegorov/Repos/eeg_jepa_research/artifacts/moabb-mi-sjepa/Weibo2014/20260506_1707_5caee101
