[2026-04-02 11:27:51] Using device: cpu
[2026-04-02 11:27:51] Seed control enabled: True
[2026-04-02 11:27:51] Base seed: 3008
[2026-04-02 11:27:51] Seed initialized: 3008
[2026-04-02 11:27:51] ======================================================================
[2026-04-02 11:27:51] CONFIGURATION
[2026-04-02 11:27:51] ======================================================================
[2026-04-02 11:27:51]   artifact_dir: /home/vegorov/Repos/eeg_jepa_research/artifacts/lee-2019-fine-tuning
[2026-04-02 11:27:51]   bandpass_high: 40.0
[2026-04-02 11:27:51]   bandpass_low: 0.5
[2026-04-02 11:27:51]   batch_size: 32
[2026-04-02 11:27:51]   convert_to_uV: False
[2026-04-02 11:27:51]   cv_folds: 5
[2026-04-02 11:27:51]   device: auto
[2026-04-02 11:27:51]   early_stopping_patience: 50
[2026-04-02 11:27:51]   learning_rate: 0.001
[2026-04-02 11:27:51]   n_epochs: 5000
[2026-04-02 11:27:51]   normalization_method: robust
[2026-04-02 11:27:51]   normalize: True
[2026-04-02 11:27:51]   paradigm: SSVEP
[2026-04-02 11:27:51]   pretrained_url: https://huggingface.co/braindecode/SignalJEPA/resolve/main/signal-jepa_16s-60_adeuwv4s.pth
[2026-04-02 11:27:51]   seed: 3008
[2026-04-02 11:27:51]   set_seed: True
[2026-04-02 11:27:51]   sfreq: 128
[2026-04-02 11:27:51]   subjects_to_use: [48, 49, 50, 51, 52, 53, 54]
[2026-04-02 11:27:51]   val_split: 0.2
[2026-04-02 11:27:51] ======================================================================
[2026-04-02 11:27:51] Config saved to: /home/vegorov/Repos/eeg_jepa_research/artifacts/lee-2019-fine-tuning/SSVEP/20260402_1127_908549c4/config.json
[2026-04-02 11:27:51] Epoch window configuration:
[2026-04-02 11:27:51]   Target sfreq:                128 Hz
[2026-04-02 11:27:51]   Target duration:             4.190000 s
[2026-04-02 11:27:51]   Window samples (rounded):    536
[2026-04-02 11:27:51]   Base trial samples (4.0 s):  512
[2026-04-02 11:27:51]   Trial stop offset samples:   24
[2026-04-02 11:27:51]   Effective window duration:   4.187500 s
[2026-04-02 11:27:51] Using specified subjects from config: [48, 49, 50, 51, 52, 53, 54]
[2026-04-02 11:27:51] Selected subjects: [48, 49, 50, 51, 52, 53, 54]
[2026-04-02 11:27:51] Expected evaluation folds: 35

[2026-04-02 11:27:51] Building MOABBDataset for Lee2019_SSVEP...
[2026-04-02 11:28:53] MOABBDataset recordings loaded: 7
[2026-04-02 11:28:53] Discovered annotation descriptions (first recording): [np.str_('12.0'), np.str_('5.45'), np.str_('6.67'), np.str_('8.57')]
[2026-04-02 11:28:53] Dataset event_id mapping: {'12.0': 1, '8.57': 2, '6.67': 3, '5.45': 4}
[2026-04-02 11:28:53] Label map (event_code -> class_index): {1: 0, 2: 1, 3: 2, 4: 3}
[2026-04-02 11:28:53] Applying Braindecode preprocessors to MOABBDataset...
[2026-04-02 11:29:14] Preprocessing complete.

[2026-04-02 11:29:14] Post-preprocessing validation
[2026-04-02 11:29:14]   Recordings in DATASET: 7
[2026-04-02 11:29:14]   Unique subject IDs:    ['48', '49', '50', '51', '52', '53', '54']
[2026-04-02 11:29:14]   sfreq (first rec):     128.0 Hz
[2026-04-02 11:29:14]   EEG channel count:     62
[2026-04-02 11:29:14]   First 10 channels:     ['Fp1', 'Fp2', 'F7', 'F3', 'Fz', 'F4', 'F8', 'FC5', 'FC1', 'FC2']
[2026-04-02 11:29:14] Channel consistency summary:
[2026-04-02 11:29:14]   Checked runs: 7
[2026-04-02 11:29:14]   Unique channel counts: [62]
[2026-04-02 11:29:14]   Channel order consistent: True
[2026-04-02 11:29:14] Validated EEG channels: 62
[2026-04-02 11:29:14] First 10 EEG channels: ['Fp1', 'Fp2', 'F7', 'F3', 'Fz', 'F4', 'F8', 'FC5', 'FC1', 'FC2']
[2026-04-02 11:29:14] raw mean_abs=1.358829e+00
[2026-04-02 11:29:14] raw std=2.028670e+00
[2026-04-02 11:29:14] raw first5 channel std= [2.71461648 3.99576492 1.95258539 1.77829781 1.79586724]
[2026-04-02 11:29:14] Requested window samples: 536
[2026-04-02 11:29:14] Base trial samples:       512
[2026-04-02 11:29:14] Stop offset samples:      24
[2026-04-02 11:29:14] Global class counts: [175, 175, 175, 175]
[2026-04-02 11:29:14] Chance level (4-class): 0.25
[2026-04-02 11:29:14] One window shape: (62, 536)
[2026-04-02 11:29:14] One window label: 1
[2026-04-02 11:29:14] Window sample length expected=536, got=536
[2026-04-02 11:29:14] Subjects in window split: [48, 49, 50, 51, 52, 53, 54]
[2026-04-02 11:29:14] Summarizing per-subject windows...
[2026-04-02 11:29:14]   Subject 48: n_windows=100, window_shape=(62, 536), class_counts=[25, 25, 25, 25]
[2026-04-02 11:29:14]   Subject 49: n_windows=100, window_shape=(62, 536), class_counts=[25, 25, 25, 25]
[2026-04-02 11:29:14]   Subject 50: n_windows=100, window_shape=(62, 536), class_counts=[25, 25, 25, 25]
[2026-04-02 11:29:14]   Subject 51: n_windows=100, window_shape=(62, 536), class_counts=[25, 25, 25, 25]
[2026-04-02 11:29:14]   Subject 52: n_windows=100, window_shape=(62, 536), class_counts=[25, 25, 25, 25]
[2026-04-02 11:29:14]   Subject 53: n_windows=100, window_shape=(62, 536), class_counts=[25, 25, 25, 25]
[2026-04-02 11:29:14]   Subject 54: n_windows=100, window_shape=(62, 536), class_counts=[25, 25, 25, 25]
[2026-04-02 11:29:14]    subject_id  n_windows  n_channels  n_times      class_counts
0          48        100          62      536  [25, 25, 25, 25]
1          49        100          62      536  [25, 25, 25, 25]
2          50        100          62      536  [25, 25, 25, 25]
3          51        100          62      536  [25, 25, 25, 25]
4          52        100          62      536  [25, 25, 25, 25]
5          53        100          62      536  [25, 25, 25, 25]
6          54        100          62      536  [25, 25, 25, 25]
[2026-04-02 11:29:14] Window validation summary:
[2026-04-02 11:29:14]   Subject 48: n_windows=100 class_counts=[25, 25, 25, 25]
[2026-04-02 11:29:14]   Subject 49: n_windows=100 class_counts=[25, 25, 25, 25]
[2026-04-02 11:29:14]   Subject 50: n_windows=100 class_counts=[25, 25, 25, 25]
[2026-04-02 11:29:14]   Subject 51: n_windows=100 class_counts=[25, 25, 25, 25]
[2026-04-02 11:29:14]   Subject 52: n_windows=100 class_counts=[25, 25, 25, 25]
[2026-04-02 11:29:14]   Subject 53: n_windows=100 class_counts=[25, 25, 25, 25]
[2026-04-02 11:29:14]   Subject 54: n_windows=100 class_counts=[25, 25, 25, 25]

[2026-04-02 11:29:14] Validated sampling rate target: 128 Hz
[2026-04-02 11:29:14] Validated window sample count:   536
[2026-04-02 11:29:14] Validated window duration:       4.1875 s
[2026-04-02 11:29:14] Validated channel count:         62
[2026-04-02 11:29:14] Total windows retained:          700
[2026-04-02 11:29:14] Preprocessing sanity checks:
[2026-04-02 11:29:14]   One sample label: 1
[2026-04-02 11:29:14]   One sample shape: (62, 536)
[2026-04-02 11:29:14]   Mean(abs(signal)): 7.631894e-01
[2026-04-02 11:29:14]   Mean(signal):      -5.349898e-03
[2026-04-02 11:29:14]   Std(signal):       9.769821e-01
[2026-04-02 11:29:14] Building model with input window duration: 4.1875 s
[2026-04-02 11:29:14] SignalJEPA_PreLocal instantiated successfully.
[2026-04-02 11:29:14]   Total parameters:     18,192
[2026-04-02 11:29:14]   Trainable parameters: 18,192
[2026-04-02 11:29:14] ======================================================================================================================================================
Layer (type (var_name):depth-idx)                  Input Shape               Output Shape              Param #                   Kernel Shape
======================================================================================================================================================
SignalJEPA_PreLocal (SignalJEPA_PreLocal)          [1, 62, 536]              [1, 4]                    --                        --
├─Sequential (spatial_conv): 1-1                   [1, 62, 536]              [1, 4, 536]               --                        --
│    └─Rearrange (0): 2-1                          [1, 62, 536]              [1, 1, 62, 536]           --                        --
│    └─Conv2d (1): 2-2                             [1, 1, 62, 536]           [1, 4, 1, 536]            252                       [62, 1]
│    └─Rearrange (2): 2-3                          [1, 4, 1, 536]            [1, 4, 536]               --                        --
├─_ConvFeatureEncoder (feature_encoder): 1-2       [1, 4, 536]               [1, 16, 64]               --                        --
│    └─Rearrange (0): 2-4                          [1, 4, 536]               [4, 1, 536]               --                        --
│    └─Sequential (1): 2-5                         [4, 1, 536]               [4, 8, 64]                --                        --
│    │    └─Conv1d (0): 3-1                        [4, 1, 536]               [4, 8, 64]                256                       [32]
│    │    └─Dropout (1): 3-2                       [4, 8, 64]                [4, 8, 64]                --                        --
│    │    └─GroupNorm (2): 3-3                     [4, 8, 64]                [4, 8, 64]                16                        --
│    │    └─GELU (3): 3-4                          [4, 8, 64]                [4, 8, 64]                --                        --
│    └─Sequential (2): 2-6                         [4, 8, 64]                [4, 16, 32]               --                        --
│    │    └─Conv1d (0): 3-5                        [4, 8, 64]                [4, 16, 32]               256                       [2]
│    │    └─Dropout (1): 3-6                       [4, 16, 32]               [4, 16, 32]               --                        --
│    │    └─GELU (2): 3-7                          [4, 16, 32]               [4, 16, 32]               --                        --
│    └─Sequential (3): 2-7                         [4, 16, 32]               [4, 32, 16]               --                        --
│    │    └─Conv1d (0): 3-8                        [4, 16, 32]               [4, 32, 16]               1,024                     [2]
│    │    └─Dropout (1): 3-9                       [4, 32, 16]               [4, 32, 16]               --                        --
│    │    └─GELU (2): 3-10                         [4, 32, 16]               [4, 32, 16]               --                        --
│    └─Sequential (4): 2-8                         [4, 32, 16]               [4, 64, 8]                --                        --
│    │    └─Conv1d (0): 3-11                       [4, 32, 16]               [4, 64, 8]                4,096                     [2]
│    │    └─Dropout (1): 3-12                      [4, 64, 8]                [4, 64, 8]                --                        --
│    │    └─GELU (2): 3-13                         [4, 64, 8]                [4, 64, 8]                --                        --
│    └─Sequential (5): 2-9                         [4, 64, 8]                [4, 64, 4]                --                        --
│    │    └─Conv1d (0): 3-14                       [4, 64, 8]                [4, 64, 4]                8,192                     [2]
│    │    └─Dropout (1): 3-15                      [4, 64, 4]                [4, 64, 4]                --                        --
│    │    └─GELU (2): 3-16                         [4, 64, 4]                [4, 64, 4]                --                        --
│    └─Rearrange (6): 2-10                         [4, 64, 4]                [1, 16, 64]               --                        --
├─Sequential (final_layer): 1-3                    [1, 16, 64]               [1, 4]                    --                        --
│    └─Flatten (0): 2-11                           [1, 16, 64]               [1, 1024]                 --                        --
│    └─Linear (1): 2-12                            [1, 1024]                 [1, 4]                    4,100                     --
======================================================================================================================================================
Total params: 18,192
Trainable params: 18,192
Non-trainable params: 0
Total mult-adds (Units.MEGABYTES): 0.57
======================================================================================================================================================
Input size (MB): 0.13
Forward/backward pass size (MB): 0.11
Params size (MB): 0.07
Estimated Total Size (MB): 0.31
======================================================================================================================================================
[2026-04-02 11:29:14] Initializing from 16s-60 pretrained checkpoint (Hugging Face):
[2026-04-02 11:29:14]   https://huggingface.co/braindecode/SignalJEPA/resolve/main/signal-jepa_16s-60_adeuwv4s.pth
[2026-04-02 11:29:14]   Downloaded 179 keys
[2026-04-02 11:29:14] ======================================================================
[2026-04-02 11:29:14] STARTING CROSS-VALIDATION
[2026-04-02 11:29:14] ======================================================================
[2026-04-02 11:29:14] Subjects:      [48, 49, 50, 51, 52, 53, 54]
[2026-04-02 11:29:14] CV folds:      5
[2026-04-02 11:29:14] Batch size:    32
[2026-04-02 11:29:14] Max epochs:    5000
[2026-04-02 11:29:14] Device:        cpu
[2026-04-02 11:29:14] Seed control:  True
[2026-04-02 11:29:14] Base seed:     3008
[2026-04-02 11:29:14] ======================================================================

[2026-04-02 11:29:14] Subject 48: 100 windows class_counts=[25, 25, 25, 25]
[2026-04-02 11:29:14]   Fold 1 split seed: 3009
[2026-04-02 11:29:14]   Fold 1 split class counts:
[2026-04-02 11:29:14]     train=[16, 16, 16, 16] val=[4, 4, 4, 4] test=[5, 5, 5, 5]
[2026-04-02 11:29:14]   Fold 2 split seed: 3010
[2026-04-02 11:29:14]   Fold 2 split class counts:
[2026-04-02 11:29:14]     train=[16, 16, 16, 16] val=[4, 4, 4, 4] test=[5, 5, 5, 5]
[2026-04-02 11:29:14]   Fold 3 split seed: 3011
[2026-04-02 11:29:14]   Fold 3 split class counts:
[2026-04-02 11:29:14]     train=[16, 16, 16, 16] val=[4, 4, 4, 4] test=[5, 5, 5, 5]
[2026-04-02 11:29:14]   Fold 4 split seed: 3012
[2026-04-02 11:29:14]   Fold 4 split class counts:
[2026-04-02 11:29:14]     train=[16, 16, 16, 16] val=[4, 4, 4, 4] test=[5, 5, 5, 5]
[2026-04-02 11:29:14]   Fold 5 split seed: 3013
[2026-04-02 11:29:14]   Fold 5 split class counts:
[2026-04-02 11:29:14]     train=[16, 16, 16, 16] val=[4, 4, 4, 4] test=[5, 5, 5, 5]
[2026-04-02 11:29:14]   Subject 48 Fold 1 seed: 7809
[2026-04-02 11:29:14]   Subject 48 Fold 1: n_train=64 n_val=16 n_test=20
[2026-04-02 11:29:14]     Train class counts: [16, 16, 16, 16]
[2026-04-02 11:29:14]     Val class counts:   [4, 4, 4, 4]
[2026-04-02 11:29:14]     Test class counts:  [5, 5, 5, 5]
[2026-04-02 11:29:14] Building model with input window duration: 4.1875 s
[2026-04-02 11:29:14] Pretrained weight loading:
[2026-04-02 11:29:14]   Downloaded keys:        179
[2026-04-02 11:29:14]   Filtered (transformer): 172
[2026-04-02 11:29:14]   Filtered (pos_encoder): 0
[2026-04-02 11:29:14]   Keys to load:           7
[2026-04-02 11:29:14]   Missing keys:           4
[2026-04-02 11:29:14]   Unexpected keys:        0
[2026-04-02 11:29:14]   Missing preview:        ['spatial_conv.1.weight', 'spatial_conv.1.bias', 'final_layer.1.weight', 'final_layer.1.bias']
[2026-04-02 11:29:14]   Unexpected preview:     []
[2026-04-02 11:29:14] Encoder freeze configuration:
[2026-04-02 11:29:14]   Total parameters:        18,192
[2026-04-02 11:29:14]   Trainable parameters:    4,352
[2026-04-02 11:29:14]   Training percentage:     23.9%
[2026-04-02 11:29:14]   Trainable layers: 4
[2026-04-02 11:29:14]     - final_layer.1.bias
[2026-04-02 11:29:14]     - final_layer.1.weight
[2026-04-02 11:29:14]     - spatial_conv.1.bias
[2026-04-02 11:29:14]     - spatial_conv.1.weight
[2026-04-02 11:29:14]     Train generator seeded: True
[2026-04-02 11:29:44]     Stopped epoch:            3258
[2026-04-02 11:29:44]     Best epoch (valid_loss):  3208
[2026-04-02 11:29:44]     Best valid_loss:          0.07998783886432648
[2026-04-02 11:29:44]     Test accuracy (primary):  0.9500
[2026-04-02 11:29:44]     Test balanced acc:        0.9500
[2026-04-02 11:29:44]     Confusion matrix:         [[5, 0, 0, 0], [0, 5, 0, 0], [0, 0, 4, 1], [0, 0, 0, 5]]
[2026-04-02 11:29:44]     Prediction histogram:     [5, 5, 4, 6]
[2026-04-02 11:29:44]     fold_acc=0.9500 fold_bal_acc=0.9500 cm=[[5, 0, 0, 0], [0, 5, 0, 0], [0, 0, 4, 1], [0, 0, 0, 5]]
[2026-04-02 11:29:44]   Subject 48 Fold 2 seed: 7810
[2026-04-02 11:29:44]   Subject 48 Fold 2: n_train=64 n_val=16 n_test=20
[2026-04-02 11:29:44]     Train class counts: [16, 16, 16, 16]
[2026-04-02 11:29:44]     Val class counts:   [4, 4, 4, 4]
[2026-04-02 11:29:44]     Test class counts:  [5, 5, 5, 5]
[2026-04-02 11:29:44] Building model with input window duration: 4.1875 s
[2026-04-02 11:29:44] Pretrained weight loading:
[2026-04-02 11:29:44]   Downloaded keys:        179
[2026-04-02 11:29:44]   Filtered (transformer): 172
[2026-04-02 11:29:44]   Filtered (pos_encoder): 0
[2026-04-02 11:29:44]   Keys to load:           7
[2026-04-02 11:29:44]   Missing keys:           4
[2026-04-02 11:29:44]   Unexpected keys:        0
[2026-04-02 11:29:44]   Missing preview:        ['spatial_conv.1.weight', 'spatial_conv.1.bias', 'final_layer.1.weight', 'final_layer.1.bias']
[2026-04-02 11:29:44]   Unexpected preview:     []
[2026-04-02 11:29:44] Encoder freeze configuration:
[2026-04-02 11:29:44]   Total parameters:        18,192
[2026-04-02 11:29:44]   Trainable parameters:    4,352
[2026-04-02 11:29:44]   Training percentage:     23.9%
[2026-04-02 11:29:44]   Trainable layers: 4
[2026-04-02 11:29:44]     - final_layer.1.bias
[2026-04-02 11:29:44]     - final_layer.1.weight
[2026-04-02 11:29:44]     - spatial_conv.1.bias
[2026-04-02 11:29:44]     - spatial_conv.1.weight
[2026-04-02 11:29:44]     Train generator seeded: True
[2026-04-02 11:30:05]     Stopped epoch:            2262
[2026-04-02 11:30:05]     Best epoch (valid_loss):  2212
[2026-04-02 11:30:05]     Best valid_loss:          0.19934561848640442
[2026-04-02 11:30:05]     Test accuracy (primary):  0.9000
[2026-04-02 11:30:05]     Test balanced acc:        0.9000
[2026-04-02 11:30:05]     Confusion matrix:         [[5, 0, 0, 0], [0, 4, 0, 1], [0, 0, 4, 1], [0, 0, 0, 5]]
[2026-04-02 11:30:05]     Prediction histogram:     [5, 4, 4, 7]
[2026-04-02 11:30:05]     fold_acc=0.9000 fold_bal_acc=0.9000 cm=[[5, 0, 0, 0], [0, 4, 0, 1], [0, 0, 4, 1], [0, 0, 0, 5]]
[2026-04-02 11:30:05]   Subject 48 Fold 3 seed: 7811
[2026-04-02 11:30:05]   Subject 48 Fold 3: n_train=64 n_val=16 n_test=20
[2026-04-02 11:30:05]     Train class counts: [16, 16, 16, 16]
[2026-04-02 11:30:05]     Val class counts:   [4, 4, 4, 4]
[2026-04-02 11:30:05]     Test class counts:  [5, 5, 5, 5]
[2026-04-02 11:30:05] Building model with input window duration: 4.1875 s
[2026-04-02 11:30:05] Pretrained weight loading:
[2026-04-02 11:30:05]   Downloaded keys:        179
[2026-04-02 11:30:05]   Filtered (transformer): 172
[2026-04-02 11:30:05]   Filtered (pos_encoder): 0
[2026-04-02 11:30:05]   Keys to load:           7
[2026-04-02 11:30:05]   Missing keys:           4
[2026-04-02 11:30:05]   Unexpected keys:        0
[2026-04-02 11:30:05]   Missing preview:        ['spatial_conv.1.weight', 'spatial_conv.1.bias', 'final_layer.1.weight', 'final_layer.1.bias']
[2026-04-02 11:30:05]   Unexpected preview:     []
[2026-04-02 11:30:05] Encoder freeze configuration:
[2026-04-02 11:30:05]   Total parameters:        18,192
[2026-04-02 11:30:05]   Trainable parameters:    4,352
[2026-04-02 11:30:05]   Training percentage:     23.9%
[2026-04-02 11:30:05]   Trainable layers: 4
[2026-04-02 11:30:05]     - final_layer.1.bias
[2026-04-02 11:30:05]     - final_layer.1.weight
[2026-04-02 11:30:05]     - spatial_conv.1.bias
[2026-04-02 11:30:05]     - spatial_conv.1.weight
[2026-04-02 11:30:05]     Train generator seeded: True
[2026-04-02 11:30:25]     Stopped epoch:            2237
[2026-04-02 11:30:25]     Best epoch (valid_loss):  2187
[2026-04-02 11:30:25]     Best valid_loss:          0.2958889305591583
[2026-04-02 11:30:25]     Test accuracy (primary):  1.0000
[2026-04-02 11:30:25]     Test balanced acc:        1.0000
[2026-04-02 11:30:25]     Confusion matrix:         [[5, 0, 0, 0], [0, 5, 0, 0], [0, 0, 5, 0], [0, 0, 0, 5]]
[2026-04-02 11:30:25]     Prediction histogram:     [5, 5, 5, 5]
[2026-04-02 11:30:25]     fold_acc=1.0000 fold_bal_acc=1.0000 cm=[[5, 0, 0, 0], [0, 5, 0, 0], [0, 0, 5, 0], [0, 0, 0, 5]]
[2026-04-02 11:30:25]   Subject 48 Fold 4 seed: 7812
[2026-04-02 11:30:25]   Subject 48 Fold 4: n_train=64 n_val=16 n_test=20
[2026-04-02 11:30:25]     Train class counts: [16, 16, 16, 16]
[2026-04-02 11:30:25]     Val class counts:   [4, 4, 4, 4]
[2026-04-02 11:30:25]     Test class counts:  [5, 5, 5, 5]
[2026-04-02 11:30:25] Building model with input window duration: 4.1875 s
[2026-04-02 11:30:25] Pretrained weight loading:
[2026-04-02 11:30:25]   Downloaded keys:        179
[2026-04-02 11:30:25]   Filtered (transformer): 172
[2026-04-02 11:30:25]   Filtered (pos_encoder): 0
[2026-04-02 11:30:25]   Keys to load:           7
[2026-04-02 11:30:25]   Missing keys:           4
[2026-04-02 11:30:25]   Unexpected keys:        0
[2026-04-02 11:30:25]   Missing preview:        ['spatial_conv.1.weight', 'spatial_conv.1.bias', 'final_layer.1.weight', 'final_layer.1.bias']
[2026-04-02 11:30:25]   Unexpected preview:     []
[2026-04-02 11:30:25] Encoder freeze configuration:
[2026-04-02 11:30:25]   Total parameters:        18,192
[2026-04-02 11:30:25]   Trainable parameters:    4,352
[2026-04-02 11:30:25]   Training percentage:     23.9%
[2026-04-02 11:30:25]   Trainable layers: 4
[2026-04-02 11:30:25]     - final_layer.1.bias
[2026-04-02 11:30:25]     - final_layer.1.weight
[2026-04-02 11:30:25]     - spatial_conv.1.bias
[2026-04-02 11:30:25]     - spatial_conv.1.weight
[2026-04-02 11:30:25]     Train generator seeded: True
[2026-04-02 11:30:52]     Stopped epoch:            2918
[2026-04-02 11:30:52]     Best epoch (valid_loss):  2868
[2026-04-02 11:30:52]     Best valid_loss:          0.11799855530261993
[2026-04-02 11:30:52]     Test accuracy (primary):  1.0000
[2026-04-02 11:30:52]     Test balanced acc:        1.0000
[2026-04-02 11:30:52]     Confusion matrix:         [[5, 0, 0, 0], [0, 5, 0, 0], [0, 0, 5, 0], [0, 0, 0, 5]]
[2026-04-02 11:30:52]     Prediction histogram:     [5, 5, 5, 5]
[2026-04-02 11:30:52]     fold_acc=1.0000 fold_bal_acc=1.0000 cm=[[5, 0, 0, 0], [0, 5, 0, 0], [0, 0, 5, 0], [0, 0, 0, 5]]
[2026-04-02 11:30:52]   Subject 48 Fold 5 seed: 7813
[2026-04-02 11:30:52]   Subject 48 Fold 5: n_train=64 n_val=16 n_test=20
[2026-04-02 11:30:52]     Train class counts: [16, 16, 16, 16]
[2026-04-02 11:30:52]     Val class counts:   [4, 4, 4, 4]
[2026-04-02 11:30:52]     Test class counts:  [5, 5, 5, 5]
[2026-04-02 11:30:52] Building model with input window duration: 4.1875 s
[2026-04-02 11:30:52] Pretrained weight loading:
[2026-04-02 11:30:52]   Downloaded keys:        179
[2026-04-02 11:30:52]   Filtered (transformer): 172
[2026-04-02 11:30:52]   Filtered (pos_encoder): 0
[2026-04-02 11:30:52]   Keys to load:           7
[2026-04-02 11:30:52]   Missing keys:           4
[2026-04-02 11:30:52]   Unexpected keys:        0
[2026-04-02 11:30:52]   Missing preview:        ['spatial_conv.1.weight', 'spatial_conv.1.bias', 'final_layer.1.weight', 'final_layer.1.bias']
[2026-04-02 11:30:52]   Unexpected preview:     []
[2026-04-02 11:30:52] Encoder freeze configuration:
[2026-04-02 11:30:52]   Total parameters:        18,192
[2026-04-02 11:30:52]   Trainable parameters:    4,352
[2026-04-02 11:30:52]   Training percentage:     23.9%
[2026-04-02 11:30:52]   Trainable layers: 4
[2026-04-02 11:30:52]     - final_layer.1.bias
[2026-04-02 11:30:52]     - final_layer.1.weight
[2026-04-02 11:30:52]     - spatial_conv.1.bias
[2026-04-02 11:30:52]     - spatial_conv.1.weight
[2026-04-02 11:30:52]     Train generator seeded: True
[2026-04-02 11:31:17]     Stopped epoch:            2740
[2026-04-02 11:31:17]     Best epoch (valid_loss):  2690
[2026-04-02 11:31:17]     Best valid_loss:          0.0640011578798294
[2026-04-02 11:31:17]     Test accuracy (primary):  0.9500
[2026-04-02 11:31:17]     Test balanced acc:        0.9500
[2026-04-02 11:31:17]     Confusion matrix:         [[4, 1, 0, 0], [0, 5, 0, 0], [0, 0, 5, 0], [0, 0, 0, 5]]
[2026-04-02 11:31:17]     Prediction histogram:     [4, 6, 5, 5]
[2026-04-02 11:31:17]     fold_acc=0.9500 fold_bal_acc=0.9500 cm=[[4, 1, 0, 0], [0, 5, 0, 0], [0, 0, 5, 0], [0, 0, 0, 5]]
[2026-04-02 11:31:17]   Subject 48 mean accuracy: 0.9600

[2026-04-02 11:31:17] Subject 49: 100 windows class_counts=[25, 25, 25, 25]
[2026-04-02 11:31:17]   Fold 1 split seed: 3009
[2026-04-02 11:31:17]   Fold 1 split class counts:
[2026-04-02 11:31:17]     train=[16, 16, 16, 16] val=[4, 4, 4, 4] test=[5, 5, 5, 5]
[2026-04-02 11:31:17]   Fold 2 split seed: 3010
[2026-04-02 11:31:17]   Fold 2 split class counts:
[2026-04-02 11:31:17]     train=[16, 16, 16, 16] val=[4, 4, 4, 4] test=[5, 5, 5, 5]
[2026-04-02 11:31:17]   Fold 3 split seed: 3011
[2026-04-02 11:31:17]   Fold 3 split class counts:
[2026-04-02 11:31:17]     train=[16, 16, 16, 16] val=[4, 4, 4, 4] test=[5, 5, 5, 5]
[2026-04-02 11:31:17]   Fold 4 split seed: 3012
[2026-04-02 11:31:17]   Fold 4 split class counts:
[2026-04-02 11:31:17]     train=[16, 16, 16, 16] val=[4, 4, 4, 4] test=[5, 5, 5, 5]
[2026-04-02 11:31:17]   Fold 5 split seed: 3013
[2026-04-02 11:31:17]   Fold 5 split class counts:
[2026-04-02 11:31:17]     train=[16, 16, 16, 16] val=[4, 4, 4, 4] test=[5, 5, 5, 5]
[2026-04-02 11:31:17]   Subject 49 Fold 1 seed: 7909
[2026-04-02 11:31:17]   Subject 49 Fold 1: n_train=64 n_val=16 n_test=20
[2026-04-02 11:31:17]     Train class counts: [16, 16, 16, 16]
[2026-04-02 11:31:17]     Val class counts:   [4, 4, 4, 4]
[2026-04-02 11:31:17]     Test class counts:  [5, 5, 5, 5]
[2026-04-02 11:31:17] Building model with input window duration: 4.1875 s
[2026-04-02 11:31:17] Pretrained weight loading:
[2026-04-02 11:31:17]   Downloaded keys:        179
[2026-04-02 11:31:17]   Filtered (transformer): 172
[2026-04-02 11:31:17]   Filtered (pos_encoder): 0
[2026-04-02 11:31:17]   Keys to load:           7
[2026-04-02 11:31:17]   Missing keys:           4
[2026-04-02 11:31:17]   Unexpected keys:        0
[2026-04-02 11:31:17]   Missing preview:        ['spatial_conv.1.weight', 'spatial_conv.1.bias', 'final_layer.1.weight', 'final_layer.1.bias']
[2026-04-02 11:31:17]   Unexpected preview:     []
[2026-04-02 11:31:17] Encoder freeze configuration:
[2026-04-02 11:31:17]   Total parameters:        18,192
[2026-04-02 11:31:17]   Trainable parameters:    4,352
[2026-04-02 11:31:17]   Training percentage:     23.9%
[2026-04-02 11:31:17]   Trainable layers: 4
[2026-04-02 11:31:17]     - final_layer.1.bias
[2026-04-02 11:31:17]     - final_layer.1.weight
[2026-04-02 11:31:17]     - spatial_conv.1.bias
[2026-04-02 11:31:17]     - spatial_conv.1.weight
[2026-04-02 11:31:17]     Train generator seeded: True
[2026-04-02 11:31:32]     Stopped epoch:            1727
[2026-04-02 11:31:32]     Best epoch (valid_loss):  1677
[2026-04-02 11:31:32]     Best valid_loss:          0.45821908116340637
[2026-04-02 11:31:32]     Test accuracy (primary):  0.7500
[2026-04-02 11:31:32]     Test balanced acc:        0.7500
[2026-04-02 11:31:32]     Confusion matrix:         [[4, 0, 1, 0], [0, 5, 0, 0], [2, 1, 1, 1], [0, 0, 0, 5]]
[2026-04-02 11:31:32]     Prediction histogram:     [6, 6, 2, 6]
[2026-04-02 11:31:32]     fold_acc=0.7500 fold_bal_acc=0.7500 cm=[[4, 0, 1, 0], [0, 5, 0, 0], [2, 1, 1, 1], [0, 0, 0, 5]]
[2026-04-02 11:31:32]   Subject 49 Fold 2 seed: 7910
[2026-04-02 11:31:32]   Subject 49 Fold 2: n_train=64 n_val=16 n_test=20
[2026-04-02 11:31:32]     Train class counts: [16, 16, 16, 16]
[2026-04-02 11:31:32]     Val class counts:   [4, 4, 4, 4]
[2026-04-02 11:31:32]     Test class counts:  [5, 5, 5, 5]
[2026-04-02 11:31:32] Building model with input window duration: 4.1875 s
[2026-04-02 11:31:32] Pretrained weight loading:
[2026-04-02 11:31:32]   Downloaded keys:        179
[2026-04-02 11:31:32]   Filtered (transformer): 172
[2026-04-02 11:31:32]   Filtered (pos_encoder): 0
[2026-04-02 11:31:32]   Keys to load:           7
[2026-04-02 11:31:32]   Missing keys:           4
[2026-04-02 11:31:32]   Unexpected keys:        0
[2026-04-02 11:31:32]   Missing preview:        ['spatial_conv.1.weight', 'spatial_conv.1.bias', 'final_layer.1.weight', 'final_layer.1.bias']
[2026-04-02 11:31:32]   Unexpected preview:     []
[2026-04-02 11:31:32] Encoder freeze configuration:
[2026-04-02 11:31:32]   Total parameters:        18,192
[2026-04-02 11:31:32]   Trainable parameters:    4,352
[2026-04-02 11:31:32]   Training percentage:     23.9%
[2026-04-02 11:31:32]   Trainable layers: 4
[2026-04-02 11:31:32]     - final_layer.1.bias
[2026-04-02 11:31:32]     - final_layer.1.weight
[2026-04-02 11:31:32]     - spatial_conv.1.bias
[2026-04-02 11:31:32]     - spatial_conv.1.weight
[2026-04-02 11:31:32]     Train generator seeded: True
[2026-04-02 11:31:51]     Stopped epoch:            2092
[2026-04-02 11:31:51]     Best epoch (valid_loss):  2042
[2026-04-02 11:31:51]     Best valid_loss:          0.3478274345397949
[2026-04-02 11:31:51]     Test accuracy (primary):  0.9000
[2026-04-02 11:31:51]     Test balanced acc:        0.9000
[2026-04-02 11:31:51]     Confusion matrix:         [[5, 0, 0, 0], [0, 4, 0, 1], [0, 0, 5, 0], [1, 0, 0, 4]]
[2026-04-02 11:31:51]     Prediction histogram:     [6, 4, 5, 5]
[2026-04-02 11:31:51]     fold_acc=0.9000 fold_bal_acc=0.9000 cm=[[5, 0, 0, 0], [0, 4, 0, 1], [0, 0, 5, 0], [1, 0, 0, 4]]
[2026-04-02 11:31:51]   Subject 49 Fold 3 seed: 7911
[2026-04-02 11:31:51]   Subject 49 Fold 3: n_train=64 n_val=16 n_test=20
[2026-04-02 11:31:51]     Train class counts: [16, 16, 16, 16]
[2026-04-02 11:31:51]     Val class counts:   [4, 4, 4, 4]
[2026-04-02 11:31:51]     Test class counts:  [5, 5, 5, 5]
[2026-04-02 11:31:51] Building model with input window duration: 4.1875 s
[2026-04-02 11:31:51] Pretrained weight loading:
[2026-04-02 11:31:51]   Downloaded keys:        179
[2026-04-02 11:31:51]   Filtered (transformer): 172
[2026-04-02 11:31:51]   Filtered (pos_encoder): 0
[2026-04-02 11:31:51]   Keys to load:           7
[2026-04-02 11:31:51]   Missing keys:           4
[2026-04-02 11:31:51]   Unexpected keys:        0
[2026-04-02 11:31:51]   Missing preview:        ['spatial_conv.1.weight', 'spatial_conv.1.bias', 'final_layer.1.weight', 'final_layer.1.bias']
[2026-04-02 11:31:51]   Unexpected preview:     []
[2026-04-02 11:31:51] Encoder freeze configuration:
[2026-04-02 11:31:51]   Total parameters:        18,192
[2026-04-02 11:31:51]   Trainable parameters:    4,352
[2026-04-02 11:31:51]   Training percentage:     23.9%
[2026-04-02 11:31:51]   Trainable layers: 4
[2026-04-02 11:31:51]     - final_layer.1.bias
[2026-04-02 11:31:51]     - final_layer.1.weight
[2026-04-02 11:31:51]     - spatial_conv.1.bias
[2026-04-02 11:31:51]     - spatial_conv.1.weight
[2026-04-02 11:31:51]     Train generator seeded: True
[2026-04-02 11:32:02]     Stopped epoch:            1271
[2026-04-02 11:32:02]     Best epoch (valid_loss):  1221
[2026-04-02 11:32:02]     Best valid_loss:          0.7924688458442688
[2026-04-02 11:32:02]     Test accuracy (primary):  0.9000
[2026-04-02 11:32:02]     Test balanced acc:        0.9000
[2026-04-02 11:32:02]     Confusion matrix:         [[5, 0, 0, 0], [0, 5, 0, 0], [0, 0, 5, 0], [0, 1, 1, 3]]
[2026-04-02 11:32:02]     Prediction histogram:     [5, 6, 6, 3]
[2026-04-02 11:32:02]     fold_acc=0.9000 fold_bal_acc=0.9000 cm=[[5, 0, 0, 0], [0, 5, 0, 0], [0, 0, 5, 0], [0, 1, 1, 3]]
[2026-04-02 11:32:02]   Subject 49 Fold 4 seed: 7912
[2026-04-02 11:32:02]   Subject 49 Fold 4: n_train=64 n_val=16 n_test=20
[2026-04-02 11:32:02]     Train class counts: [16, 16, 16, 16]
[2026-04-02 11:32:02]     Val class counts:   [4, 4, 4, 4]
[2026-04-02 11:32:02]     Test class counts:  [5, 5, 5, 5]
[2026-04-02 11:32:02] Building model with input window duration: 4.1875 s
[2026-04-02 11:32:02] Pretrained weight loading:
[2026-04-02 11:32:02]   Downloaded keys:        179
[2026-04-02 11:32:02]   Filtered (transformer): 172
[2026-04-02 11:32:02]   Filtered (pos_encoder): 0
[2026-04-02 11:32:02]   Keys to load:           7
[2026-04-02 11:32:02]   Missing keys:           4
[2026-04-02 11:32:02]   Unexpected keys:        0
[2026-04-02 11:32:02]   Missing preview:        ['spatial_conv.1.weight', 'spatial_conv.1.bias', 'final_layer.1.weight', 'final_layer.1.bias']
[2026-04-02 11:32:02]   Unexpected preview:     []
[2026-04-02 11:32:02] Encoder freeze configuration:
[2026-04-02 11:32:02]   Total parameters:        18,192
[2026-04-02 11:32:02]   Trainable parameters:    4,352
[2026-04-02 11:32:02]   Training percentage:     23.9%
[2026-04-02 11:32:02]   Trainable layers: 4
[2026-04-02 11:32:02]     - final_layer.1.bias
[2026-04-02 11:32:02]     - final_layer.1.weight
[2026-04-02 11:32:02]     - spatial_conv.1.bias
[2026-04-02 11:32:02]     - spatial_conv.1.weight
[2026-04-02 11:32:02]     Train generator seeded: True
[2026-04-02 11:32:27]     Stopped epoch:            2800
[2026-04-02 11:32:27]     Best epoch (valid_loss):  2750
[2026-04-02 11:32:27]     Best valid_loss:          0.6903606057167053
[2026-04-02 11:32:27]     Test accuracy (primary):  0.9000
[2026-04-02 11:32:27]     Test balanced acc:        0.9000
[2026-04-02 11:32:27]     Confusion matrix:         [[4, 1, 0, 0], [0, 5, 0, 0], [0, 0, 4, 1], [0, 0, 0, 5]]
[2026-04-02 11:32:27]     Prediction histogram:     [4, 6, 4, 6]
[2026-04-02 11:32:27]     fold_acc=0.9000 fold_bal_acc=0.9000 cm=[[4, 1, 0, 0], [0, 5, 0, 0], [0, 0, 4, 1], [0, 0, 0, 5]]
[2026-04-02 11:32:27]   Subject 49 Fold 5 seed: 7913
[2026-04-02 11:32:27]   Subject 49 Fold 5: n_train=64 n_val=16 n_test=20
[2026-04-02 11:32:27]     Train class counts: [16, 16, 16, 16]
[2026-04-02 11:32:27]     Val class counts:   [4, 4, 4, 4]
[2026-04-02 11:32:27]     Test class counts:  [5, 5, 5, 5]
[2026-04-02 11:32:27] Building model with input window duration: 4.1875 s
[2026-04-02 11:32:27] Pretrained weight loading:
[2026-04-02 11:32:27]   Downloaded keys:        179
[2026-04-02 11:32:27]   Filtered (transformer): 172
[2026-04-02 11:32:27]   Filtered (pos_encoder): 0
[2026-04-02 11:32:27]   Keys to load:           7
[2026-04-02 11:32:27]   Missing keys:           4
[2026-04-02 11:32:27]   Unexpected keys:        0
[2026-04-02 11:32:27]   Missing preview:        ['spatial_conv.1.weight', 'spatial_conv.1.bias', 'final_layer.1.weight', 'final_layer.1.bias']
[2026-04-02 11:32:27]   Unexpected preview:     []
[2026-04-02 11:32:27] Encoder freeze configuration:
[2026-04-02 11:32:27]   Total parameters:        18,192
[2026-04-02 11:32:27]   Trainable parameters:    4,352
[2026-04-02 11:32:27]   Training percentage:     23.9%
[2026-04-02 11:32:27]   Trainable layers: 4
[2026-04-02 11:32:27]     - final_layer.1.bias
[2026-04-02 11:32:27]     - final_layer.1.weight
[2026-04-02 11:32:27]     - spatial_conv.1.bias
[2026-04-02 11:32:27]     - spatial_conv.1.weight
[2026-04-02 11:32:27]     Train generator seeded: True
[2026-04-02 11:32:36]     Stopped epoch:            1009
[2026-04-02 11:32:36]     Best epoch (valid_loss):  959
[2026-04-02 11:32:36]     Best valid_loss:          0.5323498845100403
[2026-04-02 11:32:36]     Test accuracy (primary):  0.8500
[2026-04-02 11:32:36]     Test balanced acc:        0.8500
[2026-04-02 11:32:36]     Confusion matrix:         [[3, 0, 0, 2], [0, 5, 0, 0], [1, 0, 4, 0], [0, 0, 0, 5]]
[2026-04-02 11:32:36]     Prediction histogram:     [4, 5, 4, 7]
[2026-04-02 11:32:36]     fold_acc=0.8500 fold_bal_acc=0.8500 cm=[[3, 0, 0, 2], [0, 5, 0, 0], [1, 0, 4, 0], [0, 0, 0, 5]]
[2026-04-02 11:32:36]   Subject 49 mean accuracy: 0.8600

[2026-04-02 11:32:36] Subject 50: 100 windows class_counts=[25, 25, 25, 25]
[2026-04-02 11:32:36]   Fold 1 split seed: 3009
[2026-04-02 11:32:36]   Fold 1 split class counts:
[2026-04-02 11:32:36]     train=[16, 16, 16, 16] val=[4, 4, 4, 4] test=[5, 5, 5, 5]
[2026-04-02 11:32:36]   Fold 2 split seed: 3010
[2026-04-02 11:32:36]   Fold 2 split class counts:
[2026-04-02 11:32:36]     train=[16, 16, 16, 16] val=[4, 4, 4, 4] test=[5, 5, 5, 5]
[2026-04-02 11:32:36]   Fold 3 split seed: 3011
[2026-04-02 11:32:36]   Fold 3 split class counts:
[2026-04-02 11:32:36]     train=[16, 16, 16, 16] val=[4, 4, 4, 4] test=[5, 5, 5, 5]
[2026-04-02 11:32:36]   Fold 4 split seed: 3012
[2026-04-02 11:32:36]   Fold 4 split class counts:
[2026-04-02 11:32:36]     train=[16, 16, 16, 16] val=[4, 4, 4, 4] test=[5, 5, 5, 5]
[2026-04-02 11:32:36]   Fold 5 split seed: 3013
[2026-04-02 11:32:36]   Fold 5 split class counts:
[2026-04-02 11:32:36]     train=[16, 16, 16, 16] val=[4, 4, 4, 4] test=[5, 5, 5, 5]
[2026-04-02 11:32:36]   Subject 50 Fold 1 seed: 8009
[2026-04-02 11:32:36]   Subject 50 Fold 1: n_train=64 n_val=16 n_test=20
[2026-04-02 11:32:36]     Train class counts: [16, 16, 16, 16]
[2026-04-02 11:32:36]     Val class counts:   [4, 4, 4, 4]
[2026-04-02 11:32:36]     Test class counts:  [5, 5, 5, 5]
[2026-04-02 11:32:36] Building model with input window duration: 4.1875 s
[2026-04-02 11:32:36] Pretrained weight loading:
[2026-04-02 11:32:36]   Downloaded keys:        179
[2026-04-02 11:32:36]   Filtered (transformer): 172
[2026-04-02 11:32:36]   Filtered (pos_encoder): 0
[2026-04-02 11:32:36]   Keys to load:           7
[2026-04-02 11:32:36]   Missing keys:           4
[2026-04-02 11:32:36]   Unexpected keys:        0
[2026-04-02 11:32:36]   Missing preview:        ['spatial_conv.1.weight', 'spatial_conv.1.bias', 'final_layer.1.weight', 'final_layer.1.bias']
[2026-04-02 11:32:36]   Unexpected preview:     []
[2026-04-02 11:32:36] Encoder freeze configuration:
[2026-04-02 11:32:36]   Total parameters:        18,192
[2026-04-02 11:32:36]   Trainable parameters:    4,352
[2026-04-02 11:32:36]   Training percentage:     23.9%
[2026-04-02 11:32:36]   Trainable layers: 4
[2026-04-02 11:32:36]     - final_layer.1.bias
[2026-04-02 11:32:36]     - final_layer.1.weight
[2026-04-02 11:32:36]     - spatial_conv.1.bias
[2026-04-02 11:32:36]     - spatial_conv.1.weight
[2026-04-02 11:32:36]     Train generator seeded: True
[2026-04-02 11:32:59]     Stopped epoch:            2657
[2026-04-02 11:32:59]     Best epoch (valid_loss):  2607
[2026-04-02 11:32:59]     Best valid_loss:          0.5053400993347168
[2026-04-02 11:32:59]     Test accuracy (primary):  0.9000
[2026-04-02 11:32:59]     Test balanced acc:        0.9000
[2026-04-02 11:32:59]     Confusion matrix:         [[5, 0, 0, 0], [0, 4, 0, 1], [0, 0, 4, 1], [0, 0, 0, 5]]
[2026-04-02 11:32:59]     Prediction histogram:     [5, 4, 4, 7]
[2026-04-02 11:32:59]     fold_acc=0.9000 fold_bal_acc=0.9000 cm=[[5, 0, 0, 0], [0, 4, 0, 1], [0, 0, 4, 1], [0, 0, 0, 5]]
[2026-04-02 11:32:59]   Subject 50 Fold 2 seed: 8010
[2026-04-02 11:32:59]   Subject 50 Fold 2: n_train=64 n_val=16 n_test=20
[2026-04-02 11:32:59]     Train class counts: [16, 16, 16, 16]
[2026-04-02 11:32:59]     Val class counts:   [4, 4, 4, 4]
[2026-04-02 11:32:59]     Test class counts:  [5, 5, 5, 5]
[2026-04-02 11:32:59] Building model with input window duration: 4.1875 s
[2026-04-02 11:32:59] Pretrained weight loading:
[2026-04-02 11:32:59]   Downloaded keys:        179
[2026-04-02 11:32:59]   Filtered (transformer): 172
[2026-04-02 11:32:59]   Filtered (pos_encoder): 0
[2026-04-02 11:32:59]   Keys to load:           7
[2026-04-02 11:32:59]   Missing keys:           4
[2026-04-02 11:32:59]   Unexpected keys:        0
[2026-04-02 11:32:59]   Missing preview:        ['spatial_conv.1.weight', 'spatial_conv.1.bias', 'final_layer.1.weight', 'final_layer.1.bias']
[2026-04-02 11:32:59]   Unexpected preview:     []
[2026-04-02 11:32:59] Encoder freeze configuration:
[2026-04-02 11:32:59]   Total parameters:        18,192
[2026-04-02 11:32:59]   Trainable parameters:    4,352
[2026-04-02 11:32:59]   Training percentage:     23.9%
[2026-04-02 11:32:59]   Trainable layers: 4
[2026-04-02 11:32:59]     - final_layer.1.bias
[2026-04-02 11:32:59]     - final_layer.1.weight
[2026-04-02 11:32:59]     - spatial_conv.1.bias
[2026-04-02 11:32:59]     - spatial_conv.1.weight
[2026-04-02 11:32:59]     Train generator seeded: True
[2026-04-02 11:33:44]     Stopped epoch:            5000
[2026-04-02 11:33:44]     Best epoch (valid_loss):  4985
[2026-04-02 11:33:44]     Best valid_loss:          0.06066861376166344
[2026-04-02 11:33:44]     Test accuracy (primary):  0.8500
[2026-04-02 11:33:44]     Test balanced acc:        0.8500
[2026-04-02 11:33:44]     Confusion matrix:         [[4, 0, 0, 1], [0, 4, 1, 0], [0, 0, 5, 0], [0, 0, 1, 4]]
[2026-04-02 11:33:44]     Prediction histogram:     [4, 4, 7, 5]
[2026-04-02 11:33:44]     fold_acc=0.8500 fold_bal_acc=0.8500 cm=[[4, 0, 0, 1], [0, 4, 1, 0], [0, 0, 5, 0], [0, 0, 1, 4]]
[2026-04-02 11:33:44]   Subject 50 Fold 3 seed: 8011
[2026-04-02 11:33:44]   Subject 50 Fold 3: n_train=64 n_val=16 n_test=20
[2026-04-02 11:33:44]     Train class counts: [16, 16, 16, 16]
[2026-04-02 11:33:44]     Val class counts:   [4, 4, 4, 4]
[2026-04-02 11:33:44]     Test class counts:  [5, 5, 5, 5]
[2026-04-02 11:33:44] Building model with input window duration: 4.1875 s
[2026-04-02 11:33:44] Pretrained weight loading:
[2026-04-02 11:33:44]   Downloaded keys:        179
[2026-04-02 11:33:44]   Filtered (transformer): 172
[2026-04-02 11:33:44]   Filtered (pos_encoder): 0
[2026-04-02 11:33:44]   Keys to load:           7
[2026-04-02 11:33:44]   Missing keys:           4
[2026-04-02 11:33:44]   Unexpected keys:        0
[2026-04-02 11:33:44]   Missing preview:        ['spatial_conv.1.weight', 'spatial_conv.1.bias', 'final_layer.1.weight', 'final_layer.1.bias']
[2026-04-02 11:33:44]   Unexpected preview:     []
[2026-04-02 11:33:44] Encoder freeze configuration:
[2026-04-02 11:33:44]   Total parameters:        18,192
[2026-04-02 11:33:44]   Trainable parameters:    4,352
[2026-04-02 11:33:44]   Training percentage:     23.9%
[2026-04-02 11:33:44]   Trainable layers: 4
[2026-04-02 11:33:44]     - final_layer.1.bias
[2026-04-02 11:33:44]     - final_layer.1.weight
[2026-04-02 11:33:44]     - spatial_conv.1.bias
[2026-04-02 11:33:44]     - spatial_conv.1.weight
[2026-04-02 11:33:44]     Train generator seeded: True
[2026-04-02 11:34:17]     Stopped epoch:            3715
[2026-04-02 11:34:17]     Best epoch (valid_loss):  3665
[2026-04-02 11:34:17]     Best valid_loss:          0.20479024946689606
[2026-04-02 11:34:17]     Test accuracy (primary):  0.9000
[2026-04-02 11:34:17]     Test balanced acc:        0.9000
[2026-04-02 11:34:17]     Confusion matrix:         [[3, 1, 1, 0], [0, 5, 0, 0], [0, 0, 5, 0], [0, 0, 0, 5]]
[2026-04-02 11:34:17]     Prediction histogram:     [3, 6, 6, 5]
[2026-04-02 11:34:17]     fold_acc=0.9000 fold_bal_acc=0.9000 cm=[[3, 1, 1, 0], [0, 5, 0, 0], [0, 0, 5, 0], [0, 0, 0, 5]]
[2026-04-02 11:34:17]   Subject 50 Fold 4 seed: 8012
[2026-04-02 11:34:17]   Subject 50 Fold 4: n_train=64 n_val=16 n_test=20
[2026-04-02 11:34:17]     Train class counts: [16, 16, 16, 16]
[2026-04-02 11:34:17]     Val class counts:   [4, 4, 4, 4]
[2026-04-02 11:34:17]     Test class counts:  [5, 5, 5, 5]
[2026-04-02 11:34:17] Building model with input window duration: 4.1875 s
[2026-04-02 11:34:17] Pretrained weight loading:
[2026-04-02 11:34:17]   Downloaded keys:        179
[2026-04-02 11:34:17]   Filtered (transformer): 172
[2026-04-02 11:34:17]   Filtered (pos_encoder): 0
[2026-04-02 11:34:17]   Keys to load:           7
[2026-04-02 11:34:17]   Missing keys:           4
[2026-04-02 11:34:17]   Unexpected keys:        0
[2026-04-02 11:34:17]   Missing preview:        ['spatial_conv.1.weight', 'spatial_conv.1.bias', 'final_layer.1.weight', 'final_layer.1.bias']
[2026-04-02 11:34:17]   Unexpected preview:     []
[2026-04-02 11:34:17] Encoder freeze configuration:
[2026-04-02 11:34:17]   Total parameters:        18,192
[2026-04-02 11:34:17]   Trainable parameters:    4,352
[2026-04-02 11:34:17]   Training percentage:     23.9%
[2026-04-02 11:34:17]   Trainable layers: 4
[2026-04-02 11:34:17]     - final_layer.1.bias
[2026-04-02 11:34:17]     - final_layer.1.weight
[2026-04-02 11:34:17]     - spatial_conv.1.bias
[2026-04-02 11:34:17]     - spatial_conv.1.weight
[2026-04-02 11:34:17]     Train generator seeded: True
[2026-04-02 11:34:43]     Stopped epoch:            2871
[2026-04-02 11:34:43]     Best epoch (valid_loss):  2821
[2026-04-02 11:34:43]     Best valid_loss:          0.07051629573106766
[2026-04-02 11:34:43]     Test accuracy (primary):  1.0000
[2026-04-02 11:34:43]     Test balanced acc:        1.0000
[2026-04-02 11:34:43]     Confusion matrix:         [[5, 0, 0, 0], [0, 5, 0, 0], [0, 0, 5, 0], [0, 0, 0, 5]]
[2026-04-02 11:34:43]     Prediction histogram:     [5, 5, 5, 5]
[2026-04-02 11:34:43]     fold_acc=1.0000 fold_bal_acc=1.0000 cm=[[5, 0, 0, 0], [0, 5, 0, 0], [0, 0, 5, 0], [0, 0, 0, 5]]
[2026-04-02 11:34:43]   Subject 50 Fold 5 seed: 8013
[2026-04-02 11:34:43]   Subject 50 Fold 5: n_train=64 n_val=16 n_test=20
[2026-04-02 11:34:43]     Train class counts: [16, 16, 16, 16]
[2026-04-02 11:34:43]     Val class counts:   [4, 4, 4, 4]
[2026-04-02 11:34:43]     Test class counts:  [5, 5, 5, 5]
[2026-04-02 11:34:43] Building model with input window duration: 4.1875 s
[2026-04-02 11:34:43] Pretrained weight loading:
[2026-04-02 11:34:43]   Downloaded keys:        179
[2026-04-02 11:34:43]   Filtered (transformer): 172
[2026-04-02 11:34:43]   Filtered (pos_encoder): 0
[2026-04-02 11:34:43]   Keys to load:           7
[2026-04-02 11:34:43]   Missing keys:           4
[2026-04-02 11:34:43]   Unexpected keys:        0
[2026-04-02 11:34:43]   Missing preview:        ['spatial_conv.1.weight', 'spatial_conv.1.bias', 'final_layer.1.weight', 'final_layer.1.bias']
[2026-04-02 11:34:43]   Unexpected preview:     []
[2026-04-02 11:34:43] Encoder freeze configuration:
[2026-04-02 11:34:43]   Total parameters:        18,192
[2026-04-02 11:34:43]   Trainable parameters:    4,352
[2026-04-02 11:34:43]   Training percentage:     23.9%
[2026-04-02 11:34:43]   Trainable layers: 4
[2026-04-02 11:34:43]     - final_layer.1.bias
[2026-04-02 11:34:43]     - final_layer.1.weight
[2026-04-02 11:34:43]     - spatial_conv.1.bias
[2026-04-02 11:34:43]     - spatial_conv.1.weight
[2026-04-02 11:34:43]     Train generator seeded: True
[2026-04-02 11:35:07]     Stopped epoch:            2719
[2026-04-02 11:35:07]     Best epoch (valid_loss):  2669
[2026-04-02 11:35:07]     Best valid_loss:          0.2270972728729248
[2026-04-02 11:35:07]     Test accuracy (primary):  0.9000
[2026-04-02 11:35:07]     Test balanced acc:        0.9000
[2026-04-02 11:35:07]     Confusion matrix:         [[3, 0, 0, 2], [0, 5, 0, 0], [0, 0, 5, 0], [0, 0, 0, 5]]
[2026-04-02 11:35:07]     Prediction histogram:     [3, 5, 5, 7]
[2026-04-02 11:35:07]     fold_acc=0.9000 fold_bal_acc=0.9000 cm=[[3, 0, 0, 2], [0, 5, 0, 0], [0, 0, 5, 0], [0, 0, 0, 5]]
[2026-04-02 11:35:07]   Subject 50 mean accuracy: 0.9100

[2026-04-02 11:35:07] Subject 51: 100 windows class_counts=[25, 25, 25, 25]
[2026-04-02 11:35:07]   Fold 1 split seed: 3009
[2026-04-02 11:35:07]   Fold 1 split class counts:
[2026-04-02 11:35:07]     train=[16, 16, 16, 16] val=[4, 4, 4, 4] test=[5, 5, 5, 5]
[2026-04-02 11:35:07]   Fold 2 split seed: 3010
[2026-04-02 11:35:07]   Fold 2 split class counts:
[2026-04-02 11:35:07]     train=[16, 16, 16, 16] val=[4, 4, 4, 4] test=[5, 5, 5, 5]
[2026-04-02 11:35:07]   Fold 3 split seed: 3011
[2026-04-02 11:35:07]   Fold 3 split class counts:
[2026-04-02 11:35:07]     train=[16, 16, 16, 16] val=[4, 4, 4, 4] test=[5, 5, 5, 5]
[2026-04-02 11:35:07]   Fold 4 split seed: 3012
[2026-04-02 11:35:07]   Fold 4 split class counts:
[2026-04-02 11:35:07]     train=[16, 16, 16, 16] val=[4, 4, 4, 4] test=[5, 5, 5, 5]
[2026-04-02 11:35:07]   Fold 5 split seed: 3013
[2026-04-02 11:35:07]   Fold 5 split class counts:
[2026-04-02 11:35:07]     train=[16, 16, 16, 16] val=[4, 4, 4, 4] test=[5, 5, 5, 5]
[2026-04-02 11:35:07]   Subject 51 Fold 1 seed: 8109
[2026-04-02 11:35:07]   Subject 51 Fold 1: n_train=64 n_val=16 n_test=20
[2026-04-02 11:35:07]     Train class counts: [16, 16, 16, 16]
[2026-04-02 11:35:07]     Val class counts:   [4, 4, 4, 4]
[2026-04-02 11:35:07]     Test class counts:  [5, 5, 5, 5]
[2026-04-02 11:35:07] Building model with input window duration: 4.1875 s
[2026-04-02 11:35:07] Pretrained weight loading:
[2026-04-02 11:35:07]   Downloaded keys:        179
[2026-04-02 11:35:07]   Filtered (transformer): 172
[2026-04-02 11:35:07]   Filtered (pos_encoder): 0
[2026-04-02 11:35:07]   Keys to load:           7
[2026-04-02 11:35:07]   Missing keys:           4
[2026-04-02 11:35:07]   Unexpected keys:        0
[2026-04-02 11:35:07]   Missing preview:        ['spatial_conv.1.weight', 'spatial_conv.1.bias', 'final_layer.1.weight', 'final_layer.1.bias']
[2026-04-02 11:35:07]   Unexpected preview:     []
[2026-04-02 11:35:07] Encoder freeze configuration:
[2026-04-02 11:35:07]   Total parameters:        18,192
[2026-04-02 11:35:07]   Trainable parameters:    4,352
[2026-04-02 11:35:07]   Training percentage:     23.9%
[2026-04-02 11:35:07]   Trainable layers: 4
[2026-04-02 11:35:07]     - final_layer.1.bias
[2026-04-02 11:35:07]     - final_layer.1.weight
[2026-04-02 11:35:07]     - spatial_conv.1.bias
[2026-04-02 11:35:07]     - spatial_conv.1.weight
[2026-04-02 11:35:07]     Train generator seeded: True
[2026-04-02 11:35:09]     Stopped epoch:            180
[2026-04-02 11:35:09]     Best epoch (valid_loss):  130
[2026-04-02 11:35:09]     Best valid_loss:          1.275383472442627
[2026-04-02 11:35:09]     Test accuracy (primary):  0.3000
[2026-04-02 11:35:09]     Test balanced acc:        0.3000
[2026-04-02 11:35:09]     Confusion matrix:         [[2, 0, 2, 1], [2, 1, 1, 1], [3, 1, 1, 0], [2, 1, 0, 2]]
[2026-04-02 11:35:09]     Prediction histogram:     [9, 3, 4, 4]
[2026-04-02 11:35:09]     fold_acc=0.3000 fold_bal_acc=0.3000 cm=[[2, 0, 2, 1], [2, 1, 1, 1], [3, 1, 1, 0], [2, 1, 0, 2]]
[2026-04-02 11:35:09]   Subject 51 Fold 2 seed: 8110
[2026-04-02 11:35:09]   Subject 51 Fold 2: n_train=64 n_val=16 n_test=20
[2026-04-02 11:35:09]     Train class counts: [16, 16, 16, 16]
[2026-04-02 11:35:09]     Val class counts:   [4, 4, 4, 4]
[2026-04-02 11:35:09]     Test class counts:  [5, 5, 5, 5]
[2026-04-02 11:35:09] Building model with input window duration: 4.1875 s
[2026-04-02 11:35:09] Pretrained weight loading:
[2026-04-02 11:35:09]   Downloaded keys:        179
[2026-04-02 11:35:09]   Filtered (transformer): 172
[2026-04-02 11:35:09]   Filtered (pos_encoder): 0
[2026-04-02 11:35:09]   Keys to load:           7
[2026-04-02 11:35:09]   Missing keys:           4
[2026-04-02 11:35:09]   Unexpected keys:        0
[2026-04-02 11:35:09]   Missing preview:        ['spatial_conv.1.weight', 'spatial_conv.1.bias', 'final_layer.1.weight', 'final_layer.1.bias']
[2026-04-02 11:35:09]   Unexpected preview:     []
[2026-04-02 11:35:09] Encoder freeze configuration:
[2026-04-02 11:35:09]   Total parameters:        18,192
[2026-04-02 11:35:09]   Trainable parameters:    4,352
[2026-04-02 11:35:09]   Training percentage:     23.9%
[2026-04-02 11:35:09]   Trainable layers: 4
[2026-04-02 11:35:09]     - final_layer.1.bias
[2026-04-02 11:35:09]     - final_layer.1.weight
[2026-04-02 11:35:09]     - spatial_conv.1.bias
[2026-04-02 11:35:09]     - spatial_conv.1.weight
[2026-04-02 11:35:09]     Train generator seeded: True
[2026-04-02 11:35:10]     Stopped epoch:            116
[2026-04-02 11:35:10]     Best epoch (valid_loss):  66
[2026-04-02 11:35:10]     Best valid_loss:          1.3593463897705078
[2026-04-02 11:35:10]     Test accuracy (primary):  0.5000
[2026-04-02 11:35:10]     Test balanced acc:        0.5000
[2026-04-02 11:35:10]     Confusion matrix:         [[2, 2, 0, 1], [2, 3, 0, 0], [0, 2, 3, 0], [1, 1, 1, 2]]
[2026-04-02 11:35:10]     Prediction histogram:     [5, 8, 4, 3]
[2026-04-02 11:35:10]     fold_acc=0.5000 fold_bal_acc=0.5000 cm=[[2, 2, 0, 1], [2, 3, 0, 0], [0, 2, 3, 0], [1, 1, 1, 2]]
[2026-04-02 11:35:10]   Subject 51 Fold 3 seed: 8111
[2026-04-02 11:35:10]   Subject 51 Fold 3: n_train=64 n_val=16 n_test=20
[2026-04-02 11:35:10]     Train class counts: [16, 16, 16, 16]
[2026-04-02 11:35:10]     Val class counts:   [4, 4, 4, 4]
[2026-04-02 11:35:10]     Test class counts:  [5, 5, 5, 5]
[2026-04-02 11:35:10] Building model with input window duration: 4.1875 s
[2026-04-02 11:35:10] Pretrained weight loading:
[2026-04-02 11:35:10]   Downloaded keys:        179
[2026-04-02 11:35:10]   Filtered (transformer): 172
[2026-04-02 11:35:10]   Filtered (pos_encoder): 0
[2026-04-02 11:35:10]   Keys to load:           7
[2026-04-02 11:35:10]   Missing keys:           4
[2026-04-02 11:35:10]   Unexpected keys:        0
[2026-04-02 11:35:10]   Missing preview:        ['spatial_conv.1.weight', 'spatial_conv.1.bias', 'final_layer.1.weight', 'final_layer.1.bias']
[2026-04-02 11:35:10]   Unexpected preview:     []
[2026-04-02 11:35:10] Encoder freeze configuration:
[2026-04-02 11:35:10]   Total parameters:        18,192
[2026-04-02 11:35:10]   Trainable parameters:    4,352
[2026-04-02 11:35:10]   Training percentage:     23.9%
[2026-04-02 11:35:10]   Trainable layers: 4
[2026-04-02 11:35:10]     - final_layer.1.bias
[2026-04-02 11:35:10]     - final_layer.1.weight
[2026-04-02 11:35:10]     - spatial_conv.1.bias
[2026-04-02 11:35:10]     - spatial_conv.1.weight
[2026-04-02 11:35:10]     Train generator seeded: True
[2026-04-02 11:35:11]     Stopped epoch:            164
[2026-04-02 11:35:11]     Best epoch (valid_loss):  114
[2026-04-02 11:35:11]     Best valid_loss:          1.3696963787078857
[2026-04-02 11:35:11]     Test accuracy (primary):  0.3000
[2026-04-02 11:35:11]     Test balanced acc:        0.3000
[2026-04-02 11:35:11]     Confusion matrix:         [[1, 3, 1, 0], [1, 1, 2, 1], [2, 2, 1, 0], [0, 1, 1, 3]]
[2026-04-02 11:35:11]     Prediction histogram:     [4, 7, 5, 4]
[2026-04-02 11:35:11]     fold_acc=0.3000 fold_bal_acc=0.3000 cm=[[1, 3, 1, 0], [1, 1, 2, 1], [2, 2, 1, 0], [0, 1, 1, 3]]
[2026-04-02 11:35:11]   Subject 51 Fold 4 seed: 8112
[2026-04-02 11:35:11]   Subject 51 Fold 4: n_train=64 n_val=16 n_test=20
[2026-04-02 11:35:11]     Train class counts: [16, 16, 16, 16]
[2026-04-02 11:35:11]     Val class counts:   [4, 4, 4, 4]
[2026-04-02 11:35:11]     Test class counts:  [5, 5, 5, 5]
[2026-04-02 11:35:11] Building model with input window duration: 4.1875 s
[2026-04-02 11:35:11] Pretrained weight loading:
[2026-04-02 11:35:11]   Downloaded keys:        179
[2026-04-02 11:35:11]   Filtered (transformer): 172
[2026-04-02 11:35:11]   Filtered (pos_encoder): 0
[2026-04-02 11:35:11]   Keys to load:           7
[2026-04-02 11:35:11]   Missing keys:           4
[2026-04-02 11:35:11]   Unexpected keys:        0
[2026-04-02 11:35:11]   Missing preview:        ['spatial_conv.1.weight', 'spatial_conv.1.bias', 'final_layer.1.weight', 'final_layer.1.bias']
[2026-04-02 11:35:11]   Unexpected preview:     []
[2026-04-02 11:35:11] Encoder freeze configuration:
[2026-04-02 11:35:11]   Total parameters:        18,192
[2026-04-02 11:35:11]   Trainable parameters:    4,352
[2026-04-02 11:35:11]   Training percentage:     23.9%
[2026-04-02 11:35:11]   Trainable layers: 4
[2026-04-02 11:35:11]     - final_layer.1.bias
[2026-04-02 11:35:11]     - final_layer.1.weight
[2026-04-02 11:35:11]     - spatial_conv.1.bias
[2026-04-02 11:35:11]     - spatial_conv.1.weight
[2026-04-02 11:35:11]     Train generator seeded: True
[2026-04-02 11:35:12]     Stopped epoch:            125
[2026-04-02 11:35:12]     Best epoch (valid_loss):  76
[2026-04-02 11:35:12]     Best valid_loss:          1.342200756072998
[2026-04-02 11:35:12]     Test accuracy (primary):  0.4500
[2026-04-02 11:35:12]     Test balanced acc:        0.4500
[2026-04-02 11:35:12]     Confusion matrix:         [[4, 0, 0, 1], [2, 1, 1, 1], [1, 2, 1, 1], [1, 0, 1, 3]]
[2026-04-02 11:35:12]     Prediction histogram:     [8, 3, 3, 6]
[2026-04-02 11:35:12]     fold_acc=0.4500 fold_bal_acc=0.4500 cm=[[4, 0, 0, 1], [2, 1, 1, 1], [1, 2, 1, 1], [1, 0, 1, 3]]
[2026-04-02 11:35:12]   Subject 51 Fold 5 seed: 8113
[2026-04-02 11:35:12]   Subject 51 Fold 5: n_train=64 n_val=16 n_test=20
[2026-04-02 11:35:12]     Train class counts: [16, 16, 16, 16]
[2026-04-02 11:35:12]     Val class counts:   [4, 4, 4, 4]
[2026-04-02 11:35:12]     Test class counts:  [5, 5, 5, 5]
[2026-04-02 11:35:12] Building model with input window duration: 4.1875 s
[2026-04-02 11:35:12] Pretrained weight loading:
[2026-04-02 11:35:12]   Downloaded keys:        179
[2026-04-02 11:35:12]   Filtered (transformer): 172
[2026-04-02 11:35:12]   Filtered (pos_encoder): 0
[2026-04-02 11:35:12]   Keys to load:           7
[2026-04-02 11:35:12]   Missing keys:           4
[2026-04-02 11:35:12]   Unexpected keys:        0
[2026-04-02 11:35:12]   Missing preview:        ['spatial_conv.1.weight', 'spatial_conv.1.bias', 'final_layer.1.weight', 'final_layer.1.bias']
[2026-04-02 11:35:12]   Unexpected preview:     []
[2026-04-02 11:35:12] Encoder freeze configuration:
[2026-04-02 11:35:12]   Total parameters:        18,192
[2026-04-02 11:35:12]   Trainable parameters:    4,352
[2026-04-02 11:35:12]   Training percentage:     23.9%
[2026-04-02 11:35:12]   Trainable layers: 4
[2026-04-02 11:35:12]     - final_layer.1.bias
[2026-04-02 11:35:12]     - final_layer.1.weight
[2026-04-02 11:35:12]     - spatial_conv.1.bias
[2026-04-02 11:35:12]     - spatial_conv.1.weight
[2026-04-02 11:35:12]     Train generator seeded: True
[2026-04-02 11:35:15]     Stopped epoch:            244
[2026-04-02 11:35:15]     Best epoch (valid_loss):  194
[2026-04-02 11:35:15]     Best valid_loss:          1.3032186031341553
[2026-04-02 11:35:15]     Test accuracy (primary):  0.5000
[2026-04-02 11:35:15]     Test balanced acc:        0.5000
[2026-04-02 11:35:15]     Confusion matrix:         [[3, 1, 0, 1], [0, 3, 1, 1], [2, 1, 2, 0], [2, 1, 0, 2]]
[2026-04-02 11:35:15]     Prediction histogram:     [7, 6, 3, 4]
[2026-04-02 11:35:15]     fold_acc=0.5000 fold_bal_acc=0.5000 cm=[[3, 1, 0, 1], [0, 3, 1, 1], [2, 1, 2, 0], [2, 1, 0, 2]]
[2026-04-02 11:35:15]   Subject 51 mean accuracy: 0.4100

[2026-04-02 11:35:15] Subject 52: 100 windows class_counts=[25, 25, 25, 25]
[2026-04-02 11:35:15]   Fold 1 split seed: 3009
[2026-04-02 11:35:15]   Fold 1 split class counts:
[2026-04-02 11:35:15]     train=[16, 16, 16, 16] val=[4, 4, 4, 4] test=[5, 5, 5, 5]
[2026-04-02 11:35:15]   Fold 2 split seed: 3010
[2026-04-02 11:35:15]   Fold 2 split class counts:
[2026-04-02 11:35:15]     train=[16, 16, 16, 16] val=[4, 4, 4, 4] test=[5, 5, 5, 5]
[2026-04-02 11:35:15]   Fold 3 split seed: 3011
[2026-04-02 11:35:15]   Fold 3 split class counts:
[2026-04-02 11:35:15]     train=[16, 16, 16, 16] val=[4, 4, 4, 4] test=[5, 5, 5, 5]
[2026-04-02 11:35:15]   Fold 4 split seed: 3012
[2026-04-02 11:35:15]   Fold 4 split class counts:
[2026-04-02 11:35:15]     train=[16, 16, 16, 16] val=[4, 4, 4, 4] test=[5, 5, 5, 5]
[2026-04-02 11:35:15]   Fold 5 split seed: 3013
[2026-04-02 11:35:15]   Fold 5 split class counts:
[2026-04-02 11:35:15]     train=[16, 16, 16, 16] val=[4, 4, 4, 4] test=[5, 5, 5, 5]
[2026-04-02 11:35:15]   Subject 52 Fold 1 seed: 8209
[2026-04-02 11:35:15]   Subject 52 Fold 1: n_train=64 n_val=16 n_test=20
[2026-04-02 11:35:15]     Train class counts: [16, 16, 16, 16]
[2026-04-02 11:35:15]     Val class counts:   [4, 4, 4, 4]
[2026-04-02 11:35:15]     Test class counts:  [5, 5, 5, 5]
[2026-04-02 11:35:15] Building model with input window duration: 4.1875 s
[2026-04-02 11:35:15] Pretrained weight loading:
[2026-04-02 11:35:15]   Downloaded keys:        179
[2026-04-02 11:35:15]   Filtered (transformer): 172
[2026-04-02 11:35:15]   Filtered (pos_encoder): 0
[2026-04-02 11:35:15]   Keys to load:           7
[2026-04-02 11:35:15]   Missing keys:           4
[2026-04-02 11:35:15]   Unexpected keys:        0
[2026-04-02 11:35:15]   Missing preview:        ['spatial_conv.1.weight', 'spatial_conv.1.bias', 'final_layer.1.weight', 'final_layer.1.bias']
[2026-04-02 11:35:15]   Unexpected preview:     []
[2026-04-02 11:35:15] Encoder freeze configuration:
[2026-04-02 11:35:15]   Total parameters:        18,192
[2026-04-02 11:35:15]   Trainable parameters:    4,352
[2026-04-02 11:35:15]   Training percentage:     23.9%
[2026-04-02 11:35:15]   Trainable layers: 4
[2026-04-02 11:35:15]     - final_layer.1.bias
[2026-04-02 11:35:15]     - final_layer.1.weight
[2026-04-02 11:35:15]     - spatial_conv.1.bias
[2026-04-02 11:35:15]     - spatial_conv.1.weight
[2026-04-02 11:35:15]     Train generator seeded: True
[2026-04-02 11:35:36]     Stopped epoch:            2370
[2026-04-02 11:35:36]     Best epoch (valid_loss):  2320
[2026-04-02 11:35:36]     Best valid_loss:          0.23249194025993347
[2026-04-02 11:35:36]     Test accuracy (primary):  0.8500
[2026-04-02 11:35:36]     Test balanced acc:        0.8500
[2026-04-02 11:35:36]     Confusion matrix:         [[2, 1, 0, 2], [0, 5, 0, 0], [0, 0, 5, 0], [0, 0, 0, 5]]
[2026-04-02 11:35:36]     Prediction histogram:     [2, 6, 5, 7]
[2026-04-02 11:35:36]     fold_acc=0.8500 fold_bal_acc=0.8500 cm=[[2, 1, 0, 2], [0, 5, 0, 0], [0, 0, 5, 0], [0, 0, 0, 5]]
[2026-04-02 11:35:36]   Subject 52 Fold 2 seed: 8210
[2026-04-02 11:35:36]   Subject 52 Fold 2: n_train=64 n_val=16 n_test=20
[2026-04-02 11:35:36]     Train class counts: [16, 16, 16, 16]
[2026-04-02 11:35:36]     Val class counts:   [4, 4, 4, 4]
[2026-04-02 11:35:36]     Test class counts:  [5, 5, 5, 5]
[2026-04-02 11:35:36] Building model with input window duration: 4.1875 s
[2026-04-02 11:35:36] Pretrained weight loading:
[2026-04-02 11:35:36]   Downloaded keys:        179
[2026-04-02 11:35:36]   Filtered (transformer): 172
[2026-04-02 11:35:36]   Filtered (pos_encoder): 0
[2026-04-02 11:35:36]   Keys to load:           7
[2026-04-02 11:35:36]   Missing keys:           4
[2026-04-02 11:35:36]   Unexpected keys:        0
[2026-04-02 11:35:36]   Missing preview:        ['spatial_conv.1.weight', 'spatial_conv.1.bias', 'final_layer.1.weight', 'final_layer.1.bias']
[2026-04-02 11:35:36]   Unexpected preview:     []
[2026-04-02 11:35:36] Encoder freeze configuration:
[2026-04-02 11:35:36]   Total parameters:        18,192
[2026-04-02 11:35:36]   Trainable parameters:    4,352
[2026-04-02 11:35:36]   Training percentage:     23.9%
[2026-04-02 11:35:36]   Trainable layers: 4
[2026-04-02 11:35:36]     - final_layer.1.bias
[2026-04-02 11:35:36]     - final_layer.1.weight
[2026-04-02 11:35:36]     - spatial_conv.1.bias
[2026-04-02 11:35:36]     - spatial_conv.1.weight
[2026-04-02 11:35:36]     Train generator seeded: True
[2026-04-02 11:36:11]     Stopped epoch:            3989
[2026-04-02 11:36:11]     Best epoch (valid_loss):  3939
[2026-04-02 11:36:11]     Best valid_loss:          0.0760723277926445
[2026-04-02 11:36:11]     Test accuracy (primary):  1.0000
[2026-04-02 11:36:11]     Test balanced acc:        1.0000
[2026-04-02 11:36:11]     Confusion matrix:         [[5, 0, 0, 0], [0, 5, 0, 0], [0, 0, 5, 0], [0, 0, 0, 5]]
[2026-04-02 11:36:11]     Prediction histogram:     [5, 5, 5, 5]
[2026-04-02 11:36:11]     fold_acc=1.0000 fold_bal_acc=1.0000 cm=[[5, 0, 0, 0], [0, 5, 0, 0], [0, 0, 5, 0], [0, 0, 0, 5]]
[2026-04-02 11:36:11]   Subject 52 Fold 3 seed: 8211
[2026-04-02 11:36:11]   Subject 52 Fold 3: n_train=64 n_val=16 n_test=20
[2026-04-02 11:36:11]     Train class counts: [16, 16, 16, 16]
[2026-04-02 11:36:11]     Val class counts:   [4, 4, 4, 4]
[2026-04-02 11:36:11]     Test class counts:  [5, 5, 5, 5]
[2026-04-02 11:36:11] Building model with input window duration: 4.1875 s
[2026-04-02 11:36:11] Pretrained weight loading:
[2026-04-02 11:36:11]   Downloaded keys:        179
[2026-04-02 11:36:11]   Filtered (transformer): 172
[2026-04-02 11:36:11]   Filtered (pos_encoder): 0
[2026-04-02 11:36:11]   Keys to load:           7
[2026-04-02 11:36:11]   Missing keys:           4
[2026-04-02 11:36:11]   Unexpected keys:        0
[2026-04-02 11:36:11]   Missing preview:        ['spatial_conv.1.weight', 'spatial_conv.1.bias', 'final_layer.1.weight', 'final_layer.1.bias']
[2026-04-02 11:36:11]   Unexpected preview:     []
[2026-04-02 11:36:11] Encoder freeze configuration:
[2026-04-02 11:36:11]   Total parameters:        18,192
[2026-04-02 11:36:11]   Trainable parameters:    4,352
[2026-04-02 11:36:11]   Training percentage:     23.9%
[2026-04-02 11:36:11]   Trainable layers: 4
[2026-04-02 11:36:11]     - final_layer.1.bias
[2026-04-02 11:36:11]     - final_layer.1.weight
[2026-04-02 11:36:11]     - spatial_conv.1.bias
[2026-04-02 11:36:11]     - spatial_conv.1.weight
[2026-04-02 11:36:11]     Train generator seeded: True
[2026-04-02 11:36:37]     Stopped epoch:            2897
[2026-04-02 11:36:37]     Best epoch (valid_loss):  2847
[2026-04-02 11:36:37]     Best valid_loss:          0.1473245918750763
[2026-04-02 11:36:37]     Test accuracy (primary):  0.9500
[2026-04-02 11:36:37]     Test balanced acc:        0.9500
[2026-04-02 11:36:37]     Confusion matrix:         [[4, 0, 0, 1], [0, 5, 0, 0], [0, 0, 5, 0], [0, 0, 0, 5]]
[2026-04-02 11:36:37]     Prediction histogram:     [4, 5, 5, 6]
[2026-04-02 11:36:37]     fold_acc=0.9500 fold_bal_acc=0.9500 cm=[[4, 0, 0, 1], [0, 5, 0, 0], [0, 0, 5, 0], [0, 0, 0, 5]]
[2026-04-02 11:36:37]   Subject 52 Fold 4 seed: 8212
[2026-04-02 11:36:37]   Subject 52 Fold 4: n_train=64 n_val=16 n_test=20
[2026-04-02 11:36:37]     Train class counts: [16, 16, 16, 16]
[2026-04-02 11:36:37]     Val class counts:   [4, 4, 4, 4]
[2026-04-02 11:36:37]     Test class counts:  [5, 5, 5, 5]
[2026-04-02 11:36:37] Building model with input window duration: 4.1875 s
[2026-04-02 11:36:37] Pretrained weight loading:
[2026-04-02 11:36:37]   Downloaded keys:        179
[2026-04-02 11:36:37]   Filtered (transformer): 172
[2026-04-02 11:36:37]   Filtered (pos_encoder): 0
[2026-04-02 11:36:37]   Keys to load:           7
[2026-04-02 11:36:37]   Missing keys:           4
[2026-04-02 11:36:37]   Unexpected keys:        0
[2026-04-02 11:36:37]   Missing preview:        ['spatial_conv.1.weight', 'spatial_conv.1.bias', 'final_layer.1.weight', 'final_layer.1.bias']
[2026-04-02 11:36:37]   Unexpected preview:     []
[2026-04-02 11:36:37] Encoder freeze configuration:
[2026-04-02 11:36:37]   Total parameters:        18,192
[2026-04-02 11:36:37]   Trainable parameters:    4,352
[2026-04-02 11:36:37]   Training percentage:     23.9%
[2026-04-02 11:36:37]   Trainable layers: 4
[2026-04-02 11:36:37]     - final_layer.1.bias
[2026-04-02 11:36:37]     - final_layer.1.weight
[2026-04-02 11:36:37]     - spatial_conv.1.bias
[2026-04-02 11:36:37]     - spatial_conv.1.weight
[2026-04-02 11:36:37]     Train generator seeded: True
[2026-04-02 11:36:58]     Stopped epoch:            2351
[2026-04-02 11:36:58]     Best epoch (valid_loss):  2301
[2026-04-02 11:36:58]     Best valid_loss:          0.1995440125465393
[2026-04-02 11:36:58]     Test accuracy (primary):  1.0000
[2026-04-02 11:36:58]     Test balanced acc:        1.0000
[2026-04-02 11:36:58]     Confusion matrix:         [[5, 0, 0, 0], [0, 5, 0, 0], [0, 0, 5, 0], [0, 0, 0, 5]]
[2026-04-02 11:36:58]     Prediction histogram:     [5, 5, 5, 5]
[2026-04-02 11:36:58]     fold_acc=1.0000 fold_bal_acc=1.0000 cm=[[5, 0, 0, 0], [0, 5, 0, 0], [0, 0, 5, 0], [0, 0, 0, 5]]
[2026-04-02 11:36:58]   Subject 52 Fold 5 seed: 8213
[2026-04-02 11:36:58]   Subject 52 Fold 5: n_train=64 n_val=16 n_test=20
[2026-04-02 11:36:58]     Train class counts: [16, 16, 16, 16]
[2026-04-02 11:36:58]     Val class counts:   [4, 4, 4, 4]
[2026-04-02 11:36:58]     Test class counts:  [5, 5, 5, 5]
[2026-04-02 11:36:58] Building model with input window duration: 4.1875 s
[2026-04-02 11:36:58] Pretrained weight loading:
[2026-04-02 11:36:58]   Downloaded keys:        179
[2026-04-02 11:36:58]   Filtered (transformer): 172
[2026-04-02 11:36:58]   Filtered (pos_encoder): 0
[2026-04-02 11:36:58]   Keys to load:           7
[2026-04-02 11:36:58]   Missing keys:           4
[2026-04-02 11:36:58]   Unexpected keys:        0
[2026-04-02 11:36:58]   Missing preview:        ['spatial_conv.1.weight', 'spatial_conv.1.bias', 'final_layer.1.weight', 'final_layer.1.bias']
[2026-04-02 11:36:58]   Unexpected preview:     []
[2026-04-02 11:36:58] Encoder freeze configuration:
[2026-04-02 11:36:58]   Total parameters:        18,192
[2026-04-02 11:36:58]   Trainable parameters:    4,352
[2026-04-02 11:36:58]   Training percentage:     23.9%
[2026-04-02 11:36:58]   Trainable layers: 4
[2026-04-02 11:36:58]     - final_layer.1.bias
[2026-04-02 11:36:58]     - final_layer.1.weight
[2026-04-02 11:36:58]     - spatial_conv.1.bias
[2026-04-02 11:36:58]     - spatial_conv.1.weight
[2026-04-02 11:36:58]     Train generator seeded: True
[2026-04-02 11:37:30]     Stopped epoch:            3595
[2026-04-02 11:37:30]     Best epoch (valid_loss):  3545
[2026-04-02 11:37:30]     Best valid_loss:          0.0799061506986618
[2026-04-02 11:37:30]     Test accuracy (primary):  1.0000
[2026-04-02 11:37:30]     Test balanced acc:        1.0000
[2026-04-02 11:37:30]     Confusion matrix:         [[5, 0, 0, 0], [0, 5, 0, 0], [0, 0, 5, 0], [0, 0, 0, 5]]
[2026-04-02 11:37:30]     Prediction histogram:     [5, 5, 5, 5]
[2026-04-02 11:37:30]     fold_acc=1.0000 fold_bal_acc=1.0000 cm=[[5, 0, 0, 0], [0, 5, 0, 0], [0, 0, 5, 0], [0, 0, 0, 5]]
[2026-04-02 11:37:30]   Subject 52 mean accuracy: 0.9600

[2026-04-02 11:37:30] Subject 53: 100 windows class_counts=[25, 25, 25, 25]
[2026-04-02 11:37:30]   Fold 1 split seed: 3009
[2026-04-02 11:37:30]   Fold 1 split class counts:
[2026-04-02 11:37:30]     train=[16, 16, 16, 16] val=[4, 4, 4, 4] test=[5, 5, 5, 5]
[2026-04-02 11:37:30]   Fold 2 split seed: 3010
[2026-04-02 11:37:30]   Fold 2 split class counts:
[2026-04-02 11:37:30]     train=[16, 16, 16, 16] val=[4, 4, 4, 4] test=[5, 5, 5, 5]
[2026-04-02 11:37:30]   Fold 3 split seed: 3011
[2026-04-02 11:37:30]   Fold 3 split class counts:
[2026-04-02 11:37:30]     train=[16, 16, 16, 16] val=[4, 4, 4, 4] test=[5, 5, 5, 5]
[2026-04-02 11:37:30]   Fold 4 split seed: 3012
[2026-04-02 11:37:30]   Fold 4 split class counts:
[2026-04-02 11:37:30]     train=[16, 16, 16, 16] val=[4, 4, 4, 4] test=[5, 5, 5, 5]
[2026-04-02 11:37:30]   Fold 5 split seed: 3013
[2026-04-02 11:37:30]   Fold 5 split class counts:
[2026-04-02 11:37:30]     train=[16, 16, 16, 16] val=[4, 4, 4, 4] test=[5, 5, 5, 5]
[2026-04-02 11:37:30]   Subject 53 Fold 1 seed: 8309
[2026-04-02 11:37:30]   Subject 53 Fold 1: n_train=64 n_val=16 n_test=20
[2026-04-02 11:37:30]     Train class counts: [16, 16, 16, 16]
[2026-04-02 11:37:30]     Val class counts:   [4, 4, 4, 4]
[2026-04-02 11:37:30]     Test class counts:  [5, 5, 5, 5]
[2026-04-02 11:37:30] Building model with input window duration: 4.1875 s
[2026-04-02 11:37:30] Pretrained weight loading:
[2026-04-02 11:37:30]   Downloaded keys:        179
[2026-04-02 11:37:30]   Filtered (transformer): 172
[2026-04-02 11:37:30]   Filtered (pos_encoder): 0
[2026-04-02 11:37:30]   Keys to load:           7
[2026-04-02 11:37:30]   Missing keys:           4
[2026-04-02 11:37:30]   Unexpected keys:        0
[2026-04-02 11:37:30]   Missing preview:        ['spatial_conv.1.weight', 'spatial_conv.1.bias', 'final_layer.1.weight', 'final_layer.1.bias']
[2026-04-02 11:37:30]   Unexpected preview:     []
[2026-04-02 11:37:30] Encoder freeze configuration:
[2026-04-02 11:37:30]   Total parameters:        18,192
[2026-04-02 11:37:30]   Trainable parameters:    4,352
[2026-04-02 11:37:30]   Training percentage:     23.9%
[2026-04-02 11:37:30]   Trainable layers: 4
[2026-04-02 11:37:30]     - final_layer.1.bias
[2026-04-02 11:37:30]     - final_layer.1.weight
[2026-04-02 11:37:30]     - spatial_conv.1.bias
[2026-04-02 11:37:30]     - spatial_conv.1.weight
[2026-04-02 11:37:30]     Train generator seeded: True
[2026-04-02 11:37:42]     Stopped epoch:            1444
[2026-04-02 11:37:42]     Best epoch (valid_loss):  1394
[2026-04-02 11:37:42]     Best valid_loss:          0.3350535035133362
[2026-04-02 11:37:42]     Test accuracy (primary):  0.9500
[2026-04-02 11:37:42]     Test balanced acc:        0.9500
[2026-04-02 11:37:42]     Confusion matrix:         [[5, 0, 0, 0], [0, 4, 1, 0], [0, 0, 5, 0], [0, 0, 0, 5]]
[2026-04-02 11:37:42]     Prediction histogram:     [5, 4, 6, 5]
[2026-04-02 11:37:42]     fold_acc=0.9500 fold_bal_acc=0.9500 cm=[[5, 0, 0, 0], [0, 4, 1, 0], [0, 0, 5, 0], [0, 0, 0, 5]]
[2026-04-02 11:37:42]   Subject 53 Fold 2 seed: 8310
[2026-04-02 11:37:42]   Subject 53 Fold 2: n_train=64 n_val=16 n_test=20
[2026-04-02 11:37:42]     Train class counts: [16, 16, 16, 16]
[2026-04-02 11:37:42]     Val class counts:   [4, 4, 4, 4]
[2026-04-02 11:37:42]     Test class counts:  [5, 5, 5, 5]
[2026-04-02 11:37:42] Building model with input window duration: 4.1875 s
[2026-04-02 11:37:42] Pretrained weight loading:
[2026-04-02 11:37:42]   Downloaded keys:        179
[2026-04-02 11:37:42]   Filtered (transformer): 172
[2026-04-02 11:37:42]   Filtered (pos_encoder): 0
[2026-04-02 11:37:42]   Keys to load:           7
[2026-04-02 11:37:42]   Missing keys:           4
[2026-04-02 11:37:42]   Unexpected keys:        0
[2026-04-02 11:37:42]   Missing preview:        ['spatial_conv.1.weight', 'spatial_conv.1.bias', 'final_layer.1.weight', 'final_layer.1.bias']
[2026-04-02 11:37:42]   Unexpected preview:     []
[2026-04-02 11:37:42] Encoder freeze configuration:
[2026-04-02 11:37:42]   Total parameters:        18,192
[2026-04-02 11:37:42]   Trainable parameters:    4,352
[2026-04-02 11:37:42]   Training percentage:     23.9%
[2026-04-02 11:37:42]   Trainable layers: 4
[2026-04-02 11:37:42]     - final_layer.1.bias
[2026-04-02 11:37:42]     - final_layer.1.weight
[2026-04-02 11:37:42]     - spatial_conv.1.bias
[2026-04-02 11:37:42]     - spatial_conv.1.weight
[2026-04-02 11:37:42]     Train generator seeded: True
[2026-04-02 11:38:28]     Stopped epoch:            5000
[2026-04-02 11:38:28]     Best epoch (valid_loss):  5000
[2026-04-02 11:38:28]     Best valid_loss:          0.0575205534696579
[2026-04-02 11:38:28]     Test accuracy (primary):  0.8500
[2026-04-02 11:38:28]     Test balanced acc:        0.8500
[2026-04-02 11:38:28]     Confusion matrix:         [[4, 0, 0, 1], [0, 5, 0, 0], [0, 1, 4, 0], [0, 1, 0, 4]]
[2026-04-02 11:38:28]     Prediction histogram:     [4, 7, 4, 5]
[2026-04-02 11:38:28]     fold_acc=0.8500 fold_bal_acc=0.8500 cm=[[4, 0, 0, 1], [0, 5, 0, 0], [0, 1, 4, 0], [0, 1, 0, 4]]
[2026-04-02 11:38:28]   Subject 53 Fold 3 seed: 8311
[2026-04-02 11:38:28]   Subject 53 Fold 3: n_train=64 n_val=16 n_test=20
[2026-04-02 11:38:28]     Train class counts: [16, 16, 16, 16]
[2026-04-02 11:38:28]     Val class counts:   [4, 4, 4, 4]
[2026-04-02 11:38:28]     Test class counts:  [5, 5, 5, 5]
[2026-04-02 11:38:28] Building model with input window duration: 4.1875 s
[2026-04-02 11:38:28] Pretrained weight loading:
[2026-04-02 11:38:28]   Downloaded keys:        179
[2026-04-02 11:38:28]   Filtered (transformer): 172
[2026-04-02 11:38:28]   Filtered (pos_encoder): 0
[2026-04-02 11:38:28]   Keys to load:           7
[2026-04-02 11:38:28]   Missing keys:           4
[2026-04-02 11:38:28]   Unexpected keys:        0
[2026-04-02 11:38:28]   Missing preview:        ['spatial_conv.1.weight', 'spatial_conv.1.bias', 'final_layer.1.weight', 'final_layer.1.bias']
[2026-04-02 11:38:28]   Unexpected preview:     []
[2026-04-02 11:38:28] Encoder freeze configuration:
[2026-04-02 11:38:28]   Total parameters:        18,192
[2026-04-02 11:38:28]   Trainable parameters:    4,352
[2026-04-02 11:38:28]   Training percentage:     23.9%
[2026-04-02 11:38:28]   Trainable layers: 4
[2026-04-02 11:38:28]     - final_layer.1.bias
[2026-04-02 11:38:28]     - final_layer.1.weight
[2026-04-02 11:38:28]     - spatial_conv.1.bias
[2026-04-02 11:38:28]     - spatial_conv.1.weight
[2026-04-02 11:38:28]     Train generator seeded: True
[2026-04-02 11:39:02]     Stopped epoch:            3764
[2026-04-02 11:39:02]     Best epoch (valid_loss):  3714
[2026-04-02 11:39:02]     Best valid_loss:          0.07752220332622528
[2026-04-02 11:39:02]     Test accuracy (primary):  0.9500
[2026-04-02 11:39:02]     Test balanced acc:        0.9500
[2026-04-02 11:39:02]     Confusion matrix:         [[5, 0, 0, 0], [0, 5, 0, 0], [0, 0, 5, 0], [1, 0, 0, 4]]
[2026-04-02 11:39:02]     Prediction histogram:     [6, 5, 5, 4]
[2026-04-02 11:39:02]     fold_acc=0.9500 fold_bal_acc=0.9500 cm=[[5, 0, 0, 0], [0, 5, 0, 0], [0, 0, 5, 0], [1, 0, 0, 4]]
[2026-04-02 11:39:02]   Subject 53 Fold 4 seed: 8312
[2026-04-02 11:39:02]   Subject 53 Fold 4: n_train=64 n_val=16 n_test=20
[2026-04-02 11:39:02]     Train class counts: [16, 16, 16, 16]
[2026-04-02 11:39:02]     Val class counts:   [4, 4, 4, 4]
[2026-04-02 11:39:02]     Test class counts:  [5, 5, 5, 5]
[2026-04-02 11:39:02] Building model with input window duration: 4.1875 s
[2026-04-02 11:39:02] Pretrained weight loading:
[2026-04-02 11:39:02]   Downloaded keys:        179
[2026-04-02 11:39:02]   Filtered (transformer): 172
[2026-04-02 11:39:02]   Filtered (pos_encoder): 0
[2026-04-02 11:39:02]   Keys to load:           7
[2026-04-02 11:39:02]   Missing keys:           4
[2026-04-02 11:39:02]   Unexpected keys:        0
[2026-04-02 11:39:02]   Missing preview:        ['spatial_conv.1.weight', 'spatial_conv.1.bias', 'final_layer.1.weight', 'final_layer.1.bias']
[2026-04-02 11:39:02]   Unexpected preview:     []
[2026-04-02 11:39:02] Encoder freeze configuration:
[2026-04-02 11:39:02]   Total parameters:        18,192
[2026-04-02 11:39:02]   Trainable parameters:    4,352
[2026-04-02 11:39:02]   Training percentage:     23.9%
[2026-04-02 11:39:02]   Trainable layers: 4
[2026-04-02 11:39:02]     - final_layer.1.bias
[2026-04-02 11:39:02]     - final_layer.1.weight
[2026-04-02 11:39:02]     - spatial_conv.1.bias
[2026-04-02 11:39:02]     - spatial_conv.1.weight
[2026-04-02 11:39:02]     Train generator seeded: True
[2026-04-02 11:39:26]     Stopped epoch:            2619
[2026-04-02 11:39:26]     Best epoch (valid_loss):  2569
[2026-04-02 11:39:26]     Best valid_loss:          0.1848294883966446
[2026-04-02 11:39:26]     Test accuracy (primary):  0.9000
[2026-04-02 11:39:26]     Test balanced acc:        0.9000
[2026-04-02 11:39:26]     Confusion matrix:         [[3, 0, 2, 0], [0, 5, 0, 0], [0, 0, 5, 0], [0, 0, 0, 5]]
[2026-04-02 11:39:26]     Prediction histogram:     [3, 5, 7, 5]
[2026-04-02 11:39:26]     fold_acc=0.9000 fold_bal_acc=0.9000 cm=[[3, 0, 2, 0], [0, 5, 0, 0], [0, 0, 5, 0], [0, 0, 0, 5]]
[2026-04-02 11:39:26]   Subject 53 Fold 5 seed: 8313
[2026-04-02 11:39:26]   Subject 53 Fold 5: n_train=64 n_val=16 n_test=20
[2026-04-02 11:39:26]     Train class counts: [16, 16, 16, 16]
[2026-04-02 11:39:26]     Val class counts:   [4, 4, 4, 4]
[2026-04-02 11:39:26]     Test class counts:  [5, 5, 5, 5]
[2026-04-02 11:39:26] Building model with input window duration: 4.1875 s
[2026-04-02 11:39:26] Pretrained weight loading:
[2026-04-02 11:39:26]   Downloaded keys:        179
[2026-04-02 11:39:26]   Filtered (transformer): 172
[2026-04-02 11:39:26]   Filtered (pos_encoder): 0
[2026-04-02 11:39:26]   Keys to load:           7
[2026-04-02 11:39:26]   Missing keys:           4
[2026-04-02 11:39:26]   Unexpected keys:        0
[2026-04-02 11:39:26]   Missing preview:        ['spatial_conv.1.weight', 'spatial_conv.1.bias', 'final_layer.1.weight', 'final_layer.1.bias']
[2026-04-02 11:39:26]   Unexpected preview:     []
[2026-04-02 11:39:26] Encoder freeze configuration:
[2026-04-02 11:39:26]   Total parameters:        18,192
[2026-04-02 11:39:26]   Trainable parameters:    4,352
[2026-04-02 11:39:26]   Training percentage:     23.9%
[2026-04-02 11:39:26]   Trainable layers: 4
[2026-04-02 11:39:26]     - final_layer.1.bias
[2026-04-02 11:39:26]     - final_layer.1.weight
[2026-04-02 11:39:26]     - spatial_conv.1.bias
[2026-04-02 11:39:26]     - spatial_conv.1.weight
[2026-04-02 11:39:26]     Train generator seeded: True
[2026-04-02 11:40:11]     Stopped epoch:            5000
[2026-04-02 11:40:11]     Best epoch (valid_loss):  4999
[2026-04-02 11:40:11]     Best valid_loss:          0.028942938894033432
[2026-04-02 11:40:11]     Test accuracy (primary):  1.0000
[2026-04-02 11:40:11]     Test balanced acc:        1.0000
[2026-04-02 11:40:11]     Confusion matrix:         [[5, 0, 0, 0], [0, 5, 0, 0], [0, 0, 5, 0], [0, 0, 0, 5]]
[2026-04-02 11:40:11]     Prediction histogram:     [5, 5, 5, 5]
[2026-04-02 11:40:11]     fold_acc=1.0000 fold_bal_acc=1.0000 cm=[[5, 0, 0, 0], [0, 5, 0, 0], [0, 0, 5, 0], [0, 0, 0, 5]]
[2026-04-02 11:40:11]   Subject 53 mean accuracy: 0.9300

[2026-04-02 11:40:11] Subject 54: 100 windows class_counts=[25, 25, 25, 25]
[2026-04-02 11:40:11]   Fold 1 split seed: 3009
[2026-04-02 11:40:11]   Fold 1 split class counts:
[2026-04-02 11:40:11]     train=[16, 16, 16, 16] val=[4, 4, 4, 4] test=[5, 5, 5, 5]
[2026-04-02 11:40:11]   Fold 2 split seed: 3010
[2026-04-02 11:40:11]   Fold 2 split class counts:
[2026-04-02 11:40:11]     train=[16, 16, 16, 16] val=[4, 4, 4, 4] test=[5, 5, 5, 5]
[2026-04-02 11:40:11]   Fold 3 split seed: 3011
[2026-04-02 11:40:11]   Fold 3 split class counts:
[2026-04-02 11:40:11]     train=[16, 16, 16, 16] val=[4, 4, 4, 4] test=[5, 5, 5, 5]
[2026-04-02 11:40:11]   Fold 4 split seed: 3012
[2026-04-02 11:40:11]   Fold 4 split class counts:
[2026-04-02 11:40:11]     train=[16, 16, 16, 16] val=[4, 4, 4, 4] test=[5, 5, 5, 5]
[2026-04-02 11:40:11]   Fold 5 split seed: 3013
[2026-04-02 11:40:11]   Fold 5 split class counts:
[2026-04-02 11:40:11]     train=[16, 16, 16, 16] val=[4, 4, 4, 4] test=[5, 5, 5, 5]
[2026-04-02 11:40:11]   Subject 54 Fold 1 seed: 8409
[2026-04-02 11:40:11]   Subject 54 Fold 1: n_train=64 n_val=16 n_test=20
[2026-04-02 11:40:11]     Train class counts: [16, 16, 16, 16]
[2026-04-02 11:40:11]     Val class counts:   [4, 4, 4, 4]
[2026-04-02 11:40:11]     Test class counts:  [5, 5, 5, 5]
[2026-04-02 11:40:11] Building model with input window duration: 4.1875 s
[2026-04-02 11:40:11] Pretrained weight loading:
[2026-04-02 11:40:11]   Downloaded keys:        179
[2026-04-02 11:40:11]   Filtered (transformer): 172
[2026-04-02 11:40:11]   Filtered (pos_encoder): 0
[2026-04-02 11:40:11]   Keys to load:           7
[2026-04-02 11:40:11]   Missing keys:           4
[2026-04-02 11:40:11]   Unexpected keys:        0
[2026-04-02 11:40:11]   Missing preview:        ['spatial_conv.1.weight', 'spatial_conv.1.bias', 'final_layer.1.weight', 'final_layer.1.bias']
[2026-04-02 11:40:11]   Unexpected preview:     []
[2026-04-02 11:40:11] Encoder freeze configuration:
[2026-04-02 11:40:11]   Total parameters:        18,192
[2026-04-02 11:40:11]   Trainable parameters:    4,352
[2026-04-02 11:40:11]   Training percentage:     23.9%
[2026-04-02 11:40:11]   Trainable layers: 4
[2026-04-02 11:40:11]     - final_layer.1.bias
[2026-04-02 11:40:11]     - final_layer.1.weight
[2026-04-02 11:40:11]     - spatial_conv.1.bias
[2026-04-02 11:40:11]     - spatial_conv.1.weight
[2026-04-02 11:40:11]     Train generator seeded: True
[2026-04-02 11:40:17]     Stopped epoch:            666
[2026-04-02 11:40:17]     Best epoch (valid_loss):  616
[2026-04-02 11:40:17]     Best valid_loss:          0.9688407778739929
[2026-04-02 11:40:17]     Test accuracy (primary):  0.6500
[2026-04-02 11:40:17]     Test balanced acc:        0.6500
[2026-04-02 11:40:17]     Confusion matrix:         [[5, 0, 0, 0], [0, 2, 0, 3], [0, 3, 1, 1], [0, 0, 0, 5]]
[2026-04-02 11:40:17]     Prediction histogram:     [5, 5, 1, 9]
[2026-04-02 11:40:17]     fold_acc=0.6500 fold_bal_acc=0.6500 cm=[[5, 0, 0, 0], [0, 2, 0, 3], [0, 3, 1, 1], [0, 0, 0, 5]]
[2026-04-02 11:40:17]   Subject 54 Fold 2 seed: 8410
[2026-04-02 11:40:17]   Subject 54 Fold 2: n_train=64 n_val=16 n_test=20
[2026-04-02 11:40:17]     Train class counts: [16, 16, 16, 16]
[2026-04-02 11:40:17]     Val class counts:   [4, 4, 4, 4]
[2026-04-02 11:40:17]     Test class counts:  [5, 5, 5, 5]
[2026-04-02 11:40:17] Building model with input window duration: 4.1875 s
[2026-04-02 11:40:17] Pretrained weight loading:
[2026-04-02 11:40:17]   Downloaded keys:        179
[2026-04-02 11:40:17]   Filtered (transformer): 172
[2026-04-02 11:40:17]   Filtered (pos_encoder): 0
[2026-04-02 11:40:17]   Keys to load:           7
[2026-04-02 11:40:17]   Missing keys:           4
[2026-04-02 11:40:17]   Unexpected keys:        0
[2026-04-02 11:40:17]   Missing preview:        ['spatial_conv.1.weight', 'spatial_conv.1.bias', 'final_layer.1.weight', 'final_layer.1.bias']
[2026-04-02 11:40:17]   Unexpected preview:     []
[2026-04-02 11:40:17] Encoder freeze configuration:
[2026-04-02 11:40:17]   Total parameters:        18,192
[2026-04-02 11:40:17]   Trainable parameters:    4,352
[2026-04-02 11:40:17]   Training percentage:     23.9%
[2026-04-02 11:40:17]   Trainable layers: 4
[2026-04-02 11:40:17]     - final_layer.1.bias
[2026-04-02 11:40:17]     - final_layer.1.weight
[2026-04-02 11:40:17]     - spatial_conv.1.bias
[2026-04-02 11:40:17]     - spatial_conv.1.weight
[2026-04-02 11:40:17]     Train generator seeded: True
[2026-04-02 11:40:18]     Stopped epoch:            51
[2026-04-02 11:40:18]     Best epoch (valid_loss):  1
[2026-04-02 11:40:18]     Best valid_loss:          1.3887193202972412
[2026-04-02 11:40:18]     Test accuracy (primary):  0.2500
[2026-04-02 11:40:18]     Test balanced acc:        0.2500
[2026-04-02 11:40:18]     Confusion matrix:         [[1, 0, 4, 0], [1, 0, 4, 0], [1, 0, 4, 0], [2, 0, 3, 0]]
[2026-04-02 11:40:18]     Prediction histogram:     [5, 0, 15, 0]
[2026-04-02 11:40:18]     fold_acc=0.2500 fold_bal_acc=0.2500 cm=[[1, 0, 4, 0], [1, 0, 4, 0], [1, 0, 4, 0], [2, 0, 3, 0]]
[2026-04-02 11:40:18]   Subject 54 Fold 3 seed: 8411
[2026-04-02 11:40:18]   Subject 54 Fold 3: n_train=64 n_val=16 n_test=20
[2026-04-02 11:40:18]     Train class counts: [16, 16, 16, 16]
[2026-04-02 11:40:18]     Val class counts:   [4, 4, 4, 4]
[2026-04-02 11:40:18]     Test class counts:  [5, 5, 5, 5]
[2026-04-02 11:40:18] Building model with input window duration: 4.1875 s
[2026-04-02 11:40:18] Pretrained weight loading:
[2026-04-02 11:40:18]   Downloaded keys:        179
[2026-04-02 11:40:18]   Filtered (transformer): 172
[2026-04-02 11:40:18]   Filtered (pos_encoder): 0
[2026-04-02 11:40:18]   Keys to load:           7
[2026-04-02 11:40:18]   Missing keys:           4
[2026-04-02 11:40:18]   Unexpected keys:        0
[2026-04-02 11:40:18]   Missing preview:        ['spatial_conv.1.weight', 'spatial_conv.1.bias', 'final_layer.1.weight', 'final_layer.1.bias']
[2026-04-02 11:40:18]   Unexpected preview:     []
[2026-04-02 11:40:18] Encoder freeze configuration:
[2026-04-02 11:40:18]   Total parameters:        18,192
[2026-04-02 11:40:18]   Trainable parameters:    4,352
[2026-04-02 11:40:18]   Training percentage:     23.9%
[2026-04-02 11:40:18]   Trainable layers: 4
[2026-04-02 11:40:18]     - final_layer.1.bias
[2026-04-02 11:40:18]     - final_layer.1.weight
[2026-04-02 11:40:18]     - spatial_conv.1.bias
[2026-04-02 11:40:18]     - spatial_conv.1.weight
[2026-04-02 11:40:18]     Train generator seeded: True
[2026-04-02 11:40:23]     Stopped epoch:            546
[2026-04-02 11:40:23]     Best epoch (valid_loss):  496
[2026-04-02 11:40:23]     Best valid_loss:          1.0515755414962769
[2026-04-02 11:40:23]     Test accuracy (primary):  0.4500
[2026-04-02 11:40:23]     Test balanced acc:        0.4500
[2026-04-02 11:40:23]     Confusion matrix:         [[3, 0, 1, 1], [1, 2, 0, 2], [0, 2, 2, 1], [0, 2, 1, 2]]
[2026-04-02 11:40:23]     Prediction histogram:     [4, 6, 4, 6]
[2026-04-02 11:40:23]     fold_acc=0.4500 fold_bal_acc=0.4500 cm=[[3, 0, 1, 1], [1, 2, 0, 2], [0, 2, 2, 1], [0, 2, 1, 2]]
[2026-04-02 11:40:23]   Subject 54 Fold 4 seed: 8412
[2026-04-02 11:40:23]   Subject 54 Fold 4: n_train=64 n_val=16 n_test=20
[2026-04-02 11:40:23]     Train class counts: [16, 16, 16, 16]
[2026-04-02 11:40:23]     Val class counts:   [4, 4, 4, 4]
[2026-04-02 11:40:23]     Test class counts:  [5, 5, 5, 5]
[2026-04-02 11:40:23] Building model with input window duration: 4.1875 s
[2026-04-02 11:40:23] Pretrained weight loading:
[2026-04-02 11:40:23]   Downloaded keys:        179
[2026-04-02 11:40:23]   Filtered (transformer): 172
[2026-04-02 11:40:23]   Filtered (pos_encoder): 0
[2026-04-02 11:40:23]   Keys to load:           7
[2026-04-02 11:40:23]   Missing keys:           4
[2026-04-02 11:40:23]   Unexpected keys:        0
[2026-04-02 11:40:23]   Missing preview:        ['spatial_conv.1.weight', 'spatial_conv.1.bias', 'final_layer.1.weight', 'final_layer.1.bias']
[2026-04-02 11:40:23]   Unexpected preview:     []
[2026-04-02 11:40:23] Encoder freeze configuration:
[2026-04-02 11:40:23]   Total parameters:        18,192
[2026-04-02 11:40:23]   Trainable parameters:    4,352
[2026-04-02 11:40:23]   Training percentage:     23.9%
[2026-04-02 11:40:23]   Trainable layers: 4
[2026-04-02 11:40:23]     - final_layer.1.bias
[2026-04-02 11:40:23]     - final_layer.1.weight
[2026-04-02 11:40:23]     - spatial_conv.1.bias
[2026-04-02 11:40:23]     - spatial_conv.1.weight
[2026-04-02 11:40:23]     Train generator seeded: True
[2026-04-02 11:40:23]     Stopped epoch:            51
[2026-04-02 11:40:23]     Best epoch (valid_loss):  1
[2026-04-02 11:40:23]     Best valid_loss:          1.3875782489776611
[2026-04-02 11:40:23]     Test accuracy (primary):  0.2500
[2026-04-02 11:40:23]     Test balanced acc:        0.2500
[2026-04-02 11:40:23]     Confusion matrix:         [[1, 1, 0, 3], [1, 1, 0, 3], [0, 1, 0, 4], [2, 0, 0, 3]]
[2026-04-02 11:40:23]     Prediction histogram:     [4, 3, 0, 13]
[2026-04-02 11:40:23]     fold_acc=0.2500 fold_bal_acc=0.2500 cm=[[1, 1, 0, 3], [1, 1, 0, 3], [0, 1, 0, 4], [2, 0, 0, 3]]
[2026-04-02 11:40:23]   Subject 54 Fold 5 seed: 8413
[2026-04-02 11:40:23]   Subject 54 Fold 5: n_train=64 n_val=16 n_test=20
[2026-04-02 11:40:23]     Train class counts: [16, 16, 16, 16]
[2026-04-02 11:40:23]     Val class counts:   [4, 4, 4, 4]
[2026-04-02 11:40:23]     Test class counts:  [5, 5, 5, 5]
[2026-04-02 11:40:23] Building model with input window duration: 4.1875 s
[2026-04-02 11:40:23] Pretrained weight loading:
[2026-04-02 11:40:23]   Downloaded keys:        179
[2026-04-02 11:40:23]   Filtered (transformer): 172
[2026-04-02 11:40:23]   Filtered (pos_encoder): 0
[2026-04-02 11:40:23]   Keys to load:           7
[2026-04-02 11:40:23]   Missing keys:           4
[2026-04-02 11:40:23]   Unexpected keys:        0
[2026-04-02 11:40:23]   Missing preview:        ['spatial_conv.1.weight', 'spatial_conv.1.bias', 'final_layer.1.weight', 'final_layer.1.bias']
[2026-04-02 11:40:23]   Unexpected preview:     []
[2026-04-02 11:40:23] Encoder freeze configuration:
[2026-04-02 11:40:23]   Total parameters:        18,192
[2026-04-02 11:40:23]   Trainable parameters:    4,352
[2026-04-02 11:40:23]   Training percentage:     23.9%
[2026-04-02 11:40:23]   Trainable layers: 4
[2026-04-02 11:40:23]     - final_layer.1.bias
[2026-04-02 11:40:23]     - final_layer.1.weight
[2026-04-02 11:40:23]     - spatial_conv.1.bias
[2026-04-02 11:40:23]     - spatial_conv.1.weight
[2026-04-02 11:40:23]     Train generator seeded: True
[2026-04-02 11:40:29]     Stopped epoch:            695
[2026-04-02 11:40:29]     Best epoch (valid_loss):  645
[2026-04-02 11:40:29]     Best valid_loss:          0.8665063381195068
[2026-04-02 11:40:29]     Test accuracy (primary):  0.7000
[2026-04-02 11:40:29]     Test balanced acc:        0.7000
[2026-04-02 11:40:29]     Confusion matrix:         [[4, 0, 1, 0], [0, 3, 2, 0], [0, 1, 4, 0], [0, 0, 2, 3]]
[2026-04-02 11:40:29]     Prediction histogram:     [4, 4, 9, 3]
[2026-04-02 11:40:29]     fold_acc=0.7000 fold_bal_acc=0.7000 cm=[[4, 0, 1, 0], [0, 3, 2, 0], [0, 1, 4, 0], [0, 0, 2, 3]]
[2026-04-02 11:40:29]   Subject 54 mean accuracy: 0.4600

[2026-04-02 11:40:29] Total folds completed: 35
[2026-04-02 11:40:29] ======================================================================
[2026-04-02 11:40:29] AGGREGATED RESULTS
[2026-04-02 11:40:29] ======================================================================
[2026-04-02 11:40:29]   Subject 48:  acc=0.9600±0.0374  bal_acc=0.9600±0.0374
[2026-04-02 11:40:29]   Subject 49:  acc=0.8600±0.0583  bal_acc=0.8600±0.0583
[2026-04-02 11:40:29]   Subject 50:  acc=0.9100±0.0490  bal_acc=0.9100±0.0490
[2026-04-02 11:40:29]   Subject 51:  acc=0.4100±0.0917  bal_acc=0.4100±0.0917
[2026-04-02 11:40:29]   Subject 52:  acc=0.9600±0.0583  bal_acc=0.9600±0.0583
[2026-04-02 11:40:29]   Subject 53:  acc=0.9300±0.0510  bal_acc=0.9300±0.0510
[2026-04-02 11:40:29]   Subject 54:  acc=0.4600±0.1908  bal_acc=0.4600±0.1908
[2026-04-02 11:40:29] ----------------------------------------------------------------------
[2026-04-02 11:40:29]   OVERALL:      acc=0.7843±0.2414  bal_acc=0.7843±0.2414
[2026-04-02 11:40:29] ======================================================================
[2026-04-02 11:40:29] CV results saved to:      /home/vegorov/Repos/eeg_jepa_research/artifacts/lee-2019-fine-tuning/SSVEP/20260402_1127_908549c4/cv_results.json
[2026-04-02 11:40:29] Subject metrics saved to: /home/vegorov/Repos/eeg_jepa_research/artifacts/lee-2019-fine-tuning/SSVEP/20260402_1127_908549c4/subject_metrics.json
[2026-04-02 11:40:29] Global metrics saved to:  /home/vegorov/Repos/eeg_jepa_research/artifacts/lee-2019-fine-tuning/SSVEP/20260402_1127_908549c4/global_metrics.json
[2026-04-02 11:40:29] Run metadata saved to:    /home/vegorov/Repos/eeg_jepa_research/artifacts/lee-2019-fine-tuning/SSVEP/20260402_1127_908549c4/run_metadata.json

[2026-04-02 11:40:29] All artifacts in: /home/vegorov/Repos/eeg_jepa_research/artifacts/lee-2019-fine-tuning/SSVEP/20260402_1127_908549c4

[2026-04-02 11:40:29] ======================================================================
[2026-04-02 11:40:29] EXPERIMENT SUMMARY
[2026-04-02 11:40:29] ======================================================================
[2026-04-02 11:40:29] Run ID:    20260402_1127_908549c4
[2026-04-02 11:40:29] Artifacts: /home/vegorov/Repos/eeg_jepa_research/artifacts/lee-2019-fine-tuning/SSVEP/20260402_1127_908549c4

[2026-04-02 11:40:29] Configuration:
[2026-04-02 11:40:29]   Subjects:          [48, 49, 50, 51, 52, 53, 54]
[2026-04-02 11:40:29]   Bandpass:          0.5-40.0 Hz
[2026-04-02 11:40:29]   Resample:          128 Hz
[2026-04-02 11:40:29]   CV folds:          5
[2026-04-02 11:40:29]   Learning rate:     0.001
[2026-04-02 11:40:29]   Batch size:        32
[2026-04-02 11:40:29]   Max epochs:        5000

[2026-04-02 11:40:29] Results:
[2026-04-02 11:40:29]   Mean Accuracy:          0.7843 ± 0.2414
[2026-04-02 11:40:29]   Mean Balanced Accuracy: 0.7843 ± 0.2414
