[2026-04-22 21:06:02] Using device: cpu
[2026-04-22 21:06:02] Seed control disabled (CONFIG['set_seed'] = False)
[2026-04-22 21:06:02] ======================================================================
[2026-04-22 21:06:02] CONFIGURATION
[2026-04-22 21:06:02] ======================================================================
[2026-04-22 21:06:02]   artifact_dir: /home/vegorov/Repos/eeg_jepa_research/artifacts/lee-2019-fine-tuning
[2026-04-22 21:06:02]   bandpass_high: 40.0
[2026-04-22 21:06:02]   bandpass_low: 0.5
[2026-04-22 21:06:02]   batch_size: 32
[2026-04-22 21:06:02]   cv_folds: 5
[2026-04-22 21:06:02]   early_stopping_patience: 50
[2026-04-22 21:06:02]   learning_rate: 0.001
[2026-04-22 21:06:02]   model_name: SignalJEPA_PostLocal
[2026-04-22 21:06:02]   n_epochs: 5000
[2026-04-22 21:06:02]   paradigm: MI
[2026-04-22 21:06:02]   seed: 12
[2026-04-22 21:06:02]   set_seed: False
[2026-04-22 21:06:02]   sfreq: 128
[2026-04-22 21:06:02]   strategy: full
[2026-04-22 21:06:02]   subjects_to_use: None
[2026-04-22 21:06:02]   val_split: 0.2
[2026-04-22 21:06:02]   warmup_epochs: 10
[2026-04-22 21:06:02] ======================================================================
[2026-04-22 21:06:02] Config saved to: /home/vegorov/Repos/eeg_jepa_research/artifacts/lee-2019-fine-tuning/MI/20260422_2106_1e0c0f1d/config.json
[2026-04-22 21:06:02] Epoch window configuration:
[2026-04-22 21:06:02]   Target sfreq:                128 Hz
[2026-04-22 21:06:02]   Requested duration:          4.20 s
[2026-04-22 21:06:02]   Expected window samples:     537

[2026-04-22 21:06:02] Preprocessed concat dataset exists: True (checked at: /home/vegorov/Repos/eeg_jepa_research/preprocessed_concat_datasets/MI_subjects_48_49_50_51_52_53_54)
[2026-04-22 21:06:02] Loaded raw concat dataset from: /home/vegorov/Repos/eeg_jepa_research/preprocessed_concat_datasets/MI_subjects_48_49_50_51_52_53_54

[2026-04-22 21:06:02] Post-load raw validation
[2026-04-22 21:06:02]   Recordings in LOADED_DATASET:   14
[2026-04-22 21:06:02]   Unique subject IDs:             ['48', '49', '50', '51', '52', '53', '54']
[2026-04-22 21:06:02]   sfreq (first rec):              128.0 Hz
[2026-04-22 21:06:02]   EEG channel count:              62
[2026-04-22 21:06:03] Window shape: (62, 537)
[2026-04-22 21:06:03] Window sample length expected=537, got=537
[2026-04-22 21:06:03] Global class counts: [700, 700]
[2026-04-22 21:06:03] Chance level (2-class): 0.50
[2026-04-22 21:06:03] Summarizing per-subject windows...
[2026-04-22 21:06:03]   Subject 48: n_windows=200, window_shape=(62, 537), class_counts=[100, 100]
[2026-04-22 21:06:03]   Subject 49: n_windows=200, window_shape=(62, 537), class_counts=[100, 100]
[2026-04-22 21:06:03]   Subject 50: n_windows=200, window_shape=(62, 537), class_counts=[100, 100]
[2026-04-22 21:06:03]   Subject 51: n_windows=200, window_shape=(62, 537), class_counts=[100, 100]
[2026-04-22 21:06:03]   Subject 52: n_windows=200, window_shape=(62, 537), class_counts=[100, 100]
[2026-04-22 21:06:03]   Subject 53: n_windows=200, window_shape=(62, 537), class_counts=[100, 100]
[2026-04-22 21:06:03]   Subject 54: n_windows=200, window_shape=(62, 537), class_counts=[100, 100]
[2026-04-22 21:06:03] SignalJEPA_PostLocal instantiated successfully from braindecode/signal-jepa_without-chans.
[2026-04-22 21:06:03]   Total parameters:     16,142
[2026-04-22 21:06:03]   Trainable parameters: 16,142
[2026-04-22 21:06:04] ======================================================================
[2026-04-22 21:06:04] STARTING CROSS-VALIDATION
[2026-04-22 21:06:04] ======================================================================
[2026-04-22 21:06:04] Subjects:      [48, 49, 50, 51, 52, 53, 54]
[2026-04-22 21:06:04] Paradigm:      MI
[2026-04-22 21:06:04] Model:         SignalJEPA_PostLocal
[2026-04-22 21:06:04] Strategy:      full
[2026-04-22 21:06:04] Warm-up epochs:10
[2026-04-22 21:06:04] CV folds:      5
[2026-04-22 21:06:04] Batch size:    32
[2026-04-22 21:06:04] Learning rate: 0.001
[2026-04-22 21:06:04] Max epochs:    5000
[2026-04-22 21:06:04] Device:        cpu
[2026-04-22 21:06:04] Seed control:  False
[2026-04-22 21:06:04] CV seed:       12
[2026-04-22 21:06:04] ======================================================================

[2026-04-22 21:06:04] Subject 48: 200 windows | class_counts=[100, 100]
[2026-04-22 21:06:04]     Downstream model:        SignalJEPA_PostLocal
[2026-04-22 21:06:04]     Fine-tune strategy:      full
[2026-04-22 21:06:04]     Warm-up epochs:          10
[2026-04-22 21:06:04]     Pretrained loading path: from_pretrained
[2026-04-22 21:06:04]     Pretrained repo:         braindecode/signal-jepa_without-chans
[2026-04-22 21:06:04]     Phase 1 (warmup):
[2026-04-22 21:06:04]       Trainable groups: ['final_layer.']
[2026-04-22 21:06:04]       Total params:     16,142
[2026-04-22 21:06:04]       Trainable params: 2,302
[2026-04-22 21:06:04]       Trainable pct:    14.26%
[2026-04-22 21:06:04]       Trainable parameter names: ['final_layer.spat_conv.weight', 'final_layer.spat_conv.bias', 'final_layer.linear.weight', 'final_layer.linear.bias']
[2026-04-22 21:06:05]     Phase 2 (full):
[2026-04-22 21:06:05]       Trainable groups: ['all_parameters']
[2026-04-22 21:06:05]       Total params:     16,142
[2026-04-22 21:06:05]       Trainable params: 16,142
[2026-04-22 21:06:05]       Trainable pct:    100.00%
[2026-04-22 21:06:05]       Trainable parameter names: ['feature_encoder.1.0.weight', 'feature_encoder.1.2.weight', 'feature_encoder.1.2.bias', 'feature_encoder.2.0.weight', 'feature_encoder.3.0.weight', 'feature_encoder.4.0.weight', 'feature_encoder.5.0.weight', 'final_layer.spat_conv.weight', 'final_layer.spat_conv.bias', 'final_layer.linear.weight', 'final_layer.linear.bias']
