[2026-04-02 11:40:33] Using device: cpu
[2026-04-02 11:40:33] Seed control enabled: True
[2026-04-02 11:40:33] Base seed: 3008
[2026-04-02 11:40:34] Seed initialized: 3008
[2026-04-02 11:40:34] ======================================================================
[2026-04-02 11:40:34] CONFIGURATION
[2026-04-02 11:40:34] ======================================================================
[2026-04-02 11:40:34]   artifact_dir: /home/vegorov/Repos/eeg_jepa_research/artifacts/lee-2019-fine-tuning
[2026-04-02 11:40:34]   bandpass_high: 40.0
[2026-04-02 11:40:34]   bandpass_low: 0.5
[2026-04-02 11:40:34]   batch_size: 32
[2026-04-02 11:40:34]   convert_to_uV: False
[2026-04-02 11:40:34]   cv_folds: 5
[2026-04-02 11:40:34]   device: auto
[2026-04-02 11:40:34]   early_stopping_patience: 50
[2026-04-02 11:40:34]   learning_rate: 0.001
[2026-04-02 11:40:34]   n_epochs: 5000
[2026-04-02 11:40:34]   normalization_method: robust
[2026-04-02 11:40:34]   normalize: True
[2026-04-02 11:40:34]   paradigm: SSVEP
[2026-04-02 11:40:34]   pretrained_url: https://huggingface.co/braindecode/SignalJEPA/resolve/main/signal-jepa_16s-60_adeuwv4s.pth
[2026-04-02 11:40:34]   seed: 3008
[2026-04-02 11:40:34]   set_seed: True
[2026-04-02 11:40:34]   sfreq: 128
[2026-04-02 11:40:34]   subjects_to_use: [48, 49, 50, 52, 53, 54]
[2026-04-02 11:40:34]   val_split: 0.2
[2026-04-02 11:40:34] ======================================================================
[2026-04-02 11:40:34] Config saved to: /home/vegorov/Repos/eeg_jepa_research/artifacts/lee-2019-fine-tuning/SSVEP/20260402_1140_10539488/config.json
[2026-04-02 11:40:34] Epoch window configuration:
[2026-04-02 11:40:34]   Target sfreq:                128 Hz
[2026-04-02 11:40:34]   Target duration:             4.190000 s
[2026-04-02 11:40:34]   Window samples (rounded):    536
[2026-04-02 11:40:34]   Base trial samples (4.0 s):  512
[2026-04-02 11:40:34]   Trial stop offset samples:   24
[2026-04-02 11:40:34]   Effective window duration:   4.187500 s
[2026-04-02 11:40:34] Using specified subjects from config: [48, 49, 50, 52, 53, 54]
[2026-04-02 11:40:34] Selected subjects: [48, 49, 50, 52, 53, 54]
[2026-04-02 11:40:34] Expected evaluation folds: 30

[2026-04-02 11:40:34] Building MOABBDataset for Lee2019_SSVEP...
[2026-04-02 11:41:26] MOABBDataset recordings loaded: 6
[2026-04-02 11:41:26] Discovered annotation descriptions (first recording): [np.str_('12.0'), np.str_('5.45'), np.str_('6.67'), np.str_('8.57')]
[2026-04-02 11:41:26] Dataset event_id mapping: {'12.0': 1, '8.57': 2, '6.67': 3, '5.45': 4}
[2026-04-02 11:41:26] Label map (event_code -> class_index): {1: 0, 2: 1, 3: 2, 4: 3}
[2026-04-02 11:41:26] Applying Braindecode preprocessors to MOABBDataset...
[2026-04-02 11:41:44] Preprocessing complete.

[2026-04-02 11:41:44] Post-preprocessing validation
[2026-04-02 11:41:44]   Recordings in DATASET: 6
[2026-04-02 11:41:44]   Unique subject IDs:    ['48', '49', '50', '52', '53', '54']
[2026-04-02 11:41:44]   sfreq (first rec):     128.0 Hz
[2026-04-02 11:41:44]   EEG channel count:     62
[2026-04-02 11:41:44]   First 10 channels:     ['Fp1', 'Fp2', 'F7', 'F3', 'Fz', 'F4', 'F8', 'FC5', 'FC1', 'FC2']
[2026-04-02 11:41:44] Channel consistency summary:
[2026-04-02 11:41:44]   Checked runs: 6
[2026-04-02 11:41:44]   Unique channel counts: [62]
[2026-04-02 11:41:44]   Channel order consistent: True
[2026-04-02 11:41:44] Validated EEG channels: 62
[2026-04-02 11:41:44] First 10 EEG channels: ['Fp1', 'Fp2', 'F7', 'F3', 'Fz', 'F4', 'F8', 'FC5', 'FC1', 'FC2']
[2026-04-02 11:41:44] raw mean_abs=1.358829e+00
[2026-04-02 11:41:44] raw std=2.028670e+00
[2026-04-02 11:41:44] raw first5 channel std= [2.71461648 3.99576492 1.95258539 1.77829781 1.79586724]
[2026-04-02 11:41:44] Requested window samples: 536
[2026-04-02 11:41:44] Base trial samples:       512
[2026-04-02 11:41:44] Stop offset samples:      24
[2026-04-02 11:41:44] Global class counts: [150, 150, 150, 150]
[2026-04-02 11:41:44] Chance level (4-class): 0.25
[2026-04-02 11:41:44] One window shape: (62, 536)
[2026-04-02 11:41:44] One window label: 1
[2026-04-02 11:41:44] Window sample length expected=536, got=536
[2026-04-02 11:41:44] Subjects in window split: [48, 49, 50, 52, 53, 54]
[2026-04-02 11:41:44] Summarizing per-subject windows...
[2026-04-02 11:41:44]   Subject 48: n_windows=100, window_shape=(62, 536), class_counts=[25, 25, 25, 25]
[2026-04-02 11:41:44]   Subject 49: n_windows=100, window_shape=(62, 536), class_counts=[25, 25, 25, 25]
[2026-04-02 11:41:44]   Subject 50: n_windows=100, window_shape=(62, 536), class_counts=[25, 25, 25, 25]
[2026-04-02 11:41:44]   Subject 52: n_windows=100, window_shape=(62, 536), class_counts=[25, 25, 25, 25]
[2026-04-02 11:41:44]   Subject 53: n_windows=100, window_shape=(62, 536), class_counts=[25, 25, 25, 25]
[2026-04-02 11:41:44]   Subject 54: n_windows=100, window_shape=(62, 536), class_counts=[25, 25, 25, 25]
[2026-04-02 11:41:44]    subject_id  n_windows  n_channels  n_times      class_counts
0          48        100          62      536  [25, 25, 25, 25]
1          49        100          62      536  [25, 25, 25, 25]
2          50        100          62      536  [25, 25, 25, 25]
3          52        100          62      536  [25, 25, 25, 25]
4          53        100          62      536  [25, 25, 25, 25]
5          54        100          62      536  [25, 25, 25, 25]
[2026-04-02 11:41:44] Window validation summary:
[2026-04-02 11:41:44]   Subject 48: n_windows=100 class_counts=[25, 25, 25, 25]
[2026-04-02 11:41:44]   Subject 49: n_windows=100 class_counts=[25, 25, 25, 25]
[2026-04-02 11:41:44]   Subject 50: n_windows=100 class_counts=[25, 25, 25, 25]
[2026-04-02 11:41:44]   Subject 52: n_windows=100 class_counts=[25, 25, 25, 25]
[2026-04-02 11:41:44]   Subject 53: n_windows=100 class_counts=[25, 25, 25, 25]
[2026-04-02 11:41:44]   Subject 54: n_windows=100 class_counts=[25, 25, 25, 25]

[2026-04-02 11:41:44] Validated sampling rate target: 128 Hz
[2026-04-02 11:41:44] Validated window sample count:   536
[2026-04-02 11:41:44] Validated window duration:       4.1875 s
[2026-04-02 11:41:44] Validated channel count:         62
[2026-04-02 11:41:44] Total windows retained:          600
[2026-04-02 11:41:44] Preprocessing sanity checks:
[2026-04-02 11:41:44]   One sample label: 1
[2026-04-02 11:41:44]   One sample shape: (62, 536)
[2026-04-02 11:41:44]   Mean(abs(signal)): 7.631894e-01
[2026-04-02 11:41:44]   Mean(signal):      -5.349898e-03
[2026-04-02 11:41:44]   Std(signal):       9.769821e-01
[2026-04-02 11:41:44] Building model with input window duration: 4.1875 s
[2026-04-02 11:41:44] SignalJEPA_PreLocal instantiated successfully.
[2026-04-02 11:41:44]   Total parameters:     18,192
[2026-04-02 11:41:44]   Trainable parameters: 18,192
[2026-04-02 11:41:44] ======================================================================================================================================================
Layer (type (var_name):depth-idx)                  Input Shape               Output Shape              Param #                   Kernel Shape
======================================================================================================================================================
SignalJEPA_PreLocal (SignalJEPA_PreLocal)          [1, 62, 536]              [1, 4]                    --                        --
├─Sequential (spatial_conv): 1-1                   [1, 62, 536]              [1, 4, 536]               --                        --
│    └─Rearrange (0): 2-1                          [1, 62, 536]              [1, 1, 62, 536]           --                        --
│    └─Conv2d (1): 2-2                             [1, 1, 62, 536]           [1, 4, 1, 536]            252                       [62, 1]
│    └─Rearrange (2): 2-3                          [1, 4, 1, 536]            [1, 4, 536]               --                        --
├─_ConvFeatureEncoder (feature_encoder): 1-2       [1, 4, 536]               [1, 16, 64]               --                        --
│    └─Rearrange (0): 2-4                          [1, 4, 536]               [4, 1, 536]               --                        --
│    └─Sequential (1): 2-5                         [4, 1, 536]               [4, 8, 64]                --                        --
│    │    └─Conv1d (0): 3-1                        [4, 1, 536]               [4, 8, 64]                256                       [32]
│    │    └─Dropout (1): 3-2                       [4, 8, 64]                [4, 8, 64]                --                        --
│    │    └─GroupNorm (2): 3-3                     [4, 8, 64]                [4, 8, 64]                16                        --
│    │    └─GELU (3): 3-4                          [4, 8, 64]                [4, 8, 64]                --                        --
│    └─Sequential (2): 2-6                         [4, 8, 64]                [4, 16, 32]               --                        --
│    │    └─Conv1d (0): 3-5                        [4, 8, 64]                [4, 16, 32]               256                       [2]
│    │    └─Dropout (1): 3-6                       [4, 16, 32]               [4, 16, 32]               --                        --
│    │    └─GELU (2): 3-7                          [4, 16, 32]               [4, 16, 32]               --                        --
│    └─Sequential (3): 2-7                         [4, 16, 32]               [4, 32, 16]               --                        --
│    │    └─Conv1d (0): 3-8                        [4, 16, 32]               [4, 32, 16]               1,024                     [2]
│    │    └─Dropout (1): 3-9                       [4, 32, 16]               [4, 32, 16]               --                        --
│    │    └─GELU (2): 3-10                         [4, 32, 16]               [4, 32, 16]               --                        --
│    └─Sequential (4): 2-8                         [4, 32, 16]               [4, 64, 8]                --                        --
│    │    └─Conv1d (0): 3-11                       [4, 32, 16]               [4, 64, 8]                4,096                     [2]
│    │    └─Dropout (1): 3-12                      [4, 64, 8]                [4, 64, 8]                --                        --
│    │    └─GELU (2): 3-13                         [4, 64, 8]                [4, 64, 8]                --                        --
│    └─Sequential (5): 2-9                         [4, 64, 8]                [4, 64, 4]                --                        --
│    │    └─Conv1d (0): 3-14                       [4, 64, 8]                [4, 64, 4]                8,192                     [2]
│    │    └─Dropout (1): 3-15                      [4, 64, 4]                [4, 64, 4]                --                        --
│    │    └─GELU (2): 3-16                         [4, 64, 4]                [4, 64, 4]                --                        --
│    └─Rearrange (6): 2-10                         [4, 64, 4]                [1, 16, 64]               --                        --
├─Sequential (final_layer): 1-3                    [1, 16, 64]               [1, 4]                    --                        --
│    └─Flatten (0): 2-11                           [1, 16, 64]               [1, 1024]                 --                        --
│    └─Linear (1): 2-12                            [1, 1024]                 [1, 4]                    4,100                     --
======================================================================================================================================================
Total params: 18,192
Trainable params: 18,192
Non-trainable params: 0
Total mult-adds (Units.MEGABYTES): 0.57
======================================================================================================================================================
Input size (MB): 0.13
Forward/backward pass size (MB): 0.11
Params size (MB): 0.07
Estimated Total Size (MB): 0.31
======================================================================================================================================================
[2026-04-02 11:41:44] Initializing from 16s-60 pretrained checkpoint (Hugging Face):
[2026-04-02 11:41:44]   https://huggingface.co/braindecode/SignalJEPA/resolve/main/signal-jepa_16s-60_adeuwv4s.pth
[2026-04-02 11:41:44]   Downloaded 179 keys
[2026-04-02 11:41:44] ======================================================================
[2026-04-02 11:41:44] STARTING CROSS-VALIDATION
[2026-04-02 11:41:44] ======================================================================
[2026-04-02 11:41:44] Subjects:      [48, 49, 50, 52, 53, 54]
[2026-04-02 11:41:44] CV folds:      5
[2026-04-02 11:41:44] Batch size:    32
[2026-04-02 11:41:44] Max epochs:    5000
[2026-04-02 11:41:44] Device:        cpu
[2026-04-02 11:41:44] Seed control:  True
[2026-04-02 11:41:44] Base seed:     3008
[2026-04-02 11:41:44] ======================================================================

[2026-04-02 11:41:44] Subject 48: 100 windows class_counts=[25, 25, 25, 25]
[2026-04-02 11:41:44]   Fold 1 split seed: 3009
[2026-04-02 11:41:44]   Fold 1 split class counts:
[2026-04-02 11:41:44]     train=[16, 16, 16, 16] val=[4, 4, 4, 4] test=[5, 5, 5, 5]
[2026-04-02 11:41:44]   Fold 2 split seed: 3010
[2026-04-02 11:41:44]   Fold 2 split class counts:
[2026-04-02 11:41:44]     train=[16, 16, 16, 16] val=[4, 4, 4, 4] test=[5, 5, 5, 5]
[2026-04-02 11:41:44]   Fold 3 split seed: 3011
[2026-04-02 11:41:44]   Fold 3 split class counts:
[2026-04-02 11:41:44]     train=[16, 16, 16, 16] val=[4, 4, 4, 4] test=[5, 5, 5, 5]
[2026-04-02 11:41:44]   Fold 4 split seed: 3012
[2026-04-02 11:41:44]   Fold 4 split class counts:
[2026-04-02 11:41:44]     train=[16, 16, 16, 16] val=[4, 4, 4, 4] test=[5, 5, 5, 5]
[2026-04-02 11:41:44]   Fold 5 split seed: 3013
[2026-04-02 11:41:44]   Fold 5 split class counts:
[2026-04-02 11:41:44]     train=[16, 16, 16, 16] val=[4, 4, 4, 4] test=[5, 5, 5, 5]
[2026-04-02 11:41:44]   Subject 48 Fold 1 seed: 7809
[2026-04-02 11:41:44]   Subject 48 Fold 1: n_train=64 n_val=16 n_test=20
[2026-04-02 11:41:44]     Train class counts: [16, 16, 16, 16]
[2026-04-02 11:41:44]     Val class counts:   [4, 4, 4, 4]
[2026-04-02 11:41:44]     Test class counts:  [5, 5, 5, 5]
[2026-04-02 11:41:44] Building model with input window duration: 4.1875 s
[2026-04-02 11:41:44] Pretrained weight loading:
[2026-04-02 11:41:44]   Downloaded keys:        179
[2026-04-02 11:41:44]   Filtered (transformer): 172
[2026-04-02 11:41:44]   Filtered (pos_encoder): 0
[2026-04-02 11:41:44]   Keys to load:           7
[2026-04-02 11:41:44]   Missing keys:           4
[2026-04-02 11:41:44]   Unexpected keys:        0
[2026-04-02 11:41:44]   Missing preview:        ['spatial_conv.1.weight', 'spatial_conv.1.bias', 'final_layer.1.weight', 'final_layer.1.bias']
[2026-04-02 11:41:44]   Unexpected preview:     []
[2026-04-02 11:41:44] Encoder freeze configuration:
[2026-04-02 11:41:44]   Total parameters:        18,192
[2026-04-02 11:41:44]   Trainable parameters:    4,352
[2026-04-02 11:41:44]   Training percentage:     23.9%
[2026-04-02 11:41:44]   Trainable layers: 4
[2026-04-02 11:41:44]     - final_layer.1.bias
[2026-04-02 11:41:44]     - final_layer.1.weight
[2026-04-02 11:41:44]     - spatial_conv.1.bias
[2026-04-02 11:41:44]     - spatial_conv.1.weight
[2026-04-02 11:41:44]     Train generator seeded: True
[2026-04-02 11:42:14]     Stopped epoch:            3258
[2026-04-02 11:42:14]     Best epoch (valid_loss):  3208
[2026-04-02 11:42:14]     Best valid_loss:          0.07998783886432648
[2026-04-02 11:42:14]     Test accuracy (primary):  0.9500
[2026-04-02 11:42:14]     Test balanced acc:        0.9500
[2026-04-02 11:42:14]     Confusion matrix:         [[5, 0, 0, 0], [0, 5, 0, 0], [0, 0, 4, 1], [0, 0, 0, 5]]
[2026-04-02 11:42:14]     Prediction histogram:     [5, 5, 4, 6]
[2026-04-02 11:42:14]     fold_acc=0.9500 fold_bal_acc=0.9500 cm=[[5, 0, 0, 0], [0, 5, 0, 0], [0, 0, 4, 1], [0, 0, 0, 5]]
[2026-04-02 11:42:14]   Subject 48 Fold 2 seed: 7810
[2026-04-02 11:42:14]   Subject 48 Fold 2: n_train=64 n_val=16 n_test=20
[2026-04-02 11:42:14]     Train class counts: [16, 16, 16, 16]
[2026-04-02 11:42:14]     Val class counts:   [4, 4, 4, 4]
[2026-04-02 11:42:14]     Test class counts:  [5, 5, 5, 5]
[2026-04-02 11:42:14] Building model with input window duration: 4.1875 s
[2026-04-02 11:42:14] Pretrained weight loading:
[2026-04-02 11:42:14]   Downloaded keys:        179
[2026-04-02 11:42:14]   Filtered (transformer): 172
[2026-04-02 11:42:14]   Filtered (pos_encoder): 0
[2026-04-02 11:42:14]   Keys to load:           7
[2026-04-02 11:42:14]   Missing keys:           4
[2026-04-02 11:42:14]   Unexpected keys:        0
[2026-04-02 11:42:14]   Missing preview:        ['spatial_conv.1.weight', 'spatial_conv.1.bias', 'final_layer.1.weight', 'final_layer.1.bias']
[2026-04-02 11:42:14]   Unexpected preview:     []
[2026-04-02 11:42:14] Encoder freeze configuration:
[2026-04-02 11:42:14]   Total parameters:        18,192
[2026-04-02 11:42:14]   Trainable parameters:    4,352
[2026-04-02 11:42:14]   Training percentage:     23.9%
[2026-04-02 11:42:14]   Trainable layers: 4
[2026-04-02 11:42:14]     - final_layer.1.bias
[2026-04-02 11:42:14]     - final_layer.1.weight
[2026-04-02 11:42:14]     - spatial_conv.1.bias
[2026-04-02 11:42:14]     - spatial_conv.1.weight
[2026-04-02 11:42:14]     Train generator seeded: True
[2026-04-02 11:42:34]     Stopped epoch:            2262
[2026-04-02 11:42:34]     Best epoch (valid_loss):  2212
[2026-04-02 11:42:34]     Best valid_loss:          0.19934561848640442
[2026-04-02 11:42:34]     Test accuracy (primary):  0.9000
[2026-04-02 11:42:34]     Test balanced acc:        0.9000
[2026-04-02 11:42:34]     Confusion matrix:         [[5, 0, 0, 0], [0, 4, 0, 1], [0, 0, 4, 1], [0, 0, 0, 5]]
[2026-04-02 11:42:34]     Prediction histogram:     [5, 4, 4, 7]
[2026-04-02 11:42:34]     fold_acc=0.9000 fold_bal_acc=0.9000 cm=[[5, 0, 0, 0], [0, 4, 0, 1], [0, 0, 4, 1], [0, 0, 0, 5]]
[2026-04-02 11:42:34]   Subject 48 Fold 3 seed: 7811
[2026-04-02 11:42:34]   Subject 48 Fold 3: n_train=64 n_val=16 n_test=20
[2026-04-02 11:42:34]     Train class counts: [16, 16, 16, 16]
[2026-04-02 11:42:34]     Val class counts:   [4, 4, 4, 4]
[2026-04-02 11:42:34]     Test class counts:  [5, 5, 5, 5]
[2026-04-02 11:42:34] Building model with input window duration: 4.1875 s
[2026-04-02 11:42:34] Pretrained weight loading:
[2026-04-02 11:42:34]   Downloaded keys:        179
[2026-04-02 11:42:34]   Filtered (transformer): 172
[2026-04-02 11:42:34]   Filtered (pos_encoder): 0
[2026-04-02 11:42:34]   Keys to load:           7
[2026-04-02 11:42:34]   Missing keys:           4
[2026-04-02 11:42:34]   Unexpected keys:        0
[2026-04-02 11:42:34]   Missing preview:        ['spatial_conv.1.weight', 'spatial_conv.1.bias', 'final_layer.1.weight', 'final_layer.1.bias']
[2026-04-02 11:42:34]   Unexpected preview:     []
[2026-04-02 11:42:34] Encoder freeze configuration:
[2026-04-02 11:42:34]   Total parameters:        18,192
[2026-04-02 11:42:34]   Trainable parameters:    4,352
[2026-04-02 11:42:34]   Training percentage:     23.9%
[2026-04-02 11:42:34]   Trainable layers: 4
[2026-04-02 11:42:34]     - final_layer.1.bias
[2026-04-02 11:42:34]     - final_layer.1.weight
[2026-04-02 11:42:34]     - spatial_conv.1.bias
[2026-04-02 11:42:34]     - spatial_conv.1.weight
[2026-04-02 11:42:34]     Train generator seeded: True
[2026-04-02 11:42:54]     Stopped epoch:            2237
[2026-04-02 11:42:54]     Best epoch (valid_loss):  2187
[2026-04-02 11:42:54]     Best valid_loss:          0.2958889305591583
[2026-04-02 11:42:54]     Test accuracy (primary):  1.0000
[2026-04-02 11:42:54]     Test balanced acc:        1.0000
[2026-04-02 11:42:54]     Confusion matrix:         [[5, 0, 0, 0], [0, 5, 0, 0], [0, 0, 5, 0], [0, 0, 0, 5]]
[2026-04-02 11:42:54]     Prediction histogram:     [5, 5, 5, 5]
[2026-04-02 11:42:54]     fold_acc=1.0000 fold_bal_acc=1.0000 cm=[[5, 0, 0, 0], [0, 5, 0, 0], [0, 0, 5, 0], [0, 0, 0, 5]]
[2026-04-02 11:42:54]   Subject 48 Fold 4 seed: 7812
[2026-04-02 11:42:54]   Subject 48 Fold 4: n_train=64 n_val=16 n_test=20
[2026-04-02 11:42:54]     Train class counts: [16, 16, 16, 16]
[2026-04-02 11:42:54]     Val class counts:   [4, 4, 4, 4]
[2026-04-02 11:42:54]     Test class counts:  [5, 5, 5, 5]
[2026-04-02 11:42:54] Building model with input window duration: 4.1875 s
[2026-04-02 11:42:54] Pretrained weight loading:
[2026-04-02 11:42:54]   Downloaded keys:        179
[2026-04-02 11:42:54]   Filtered (transformer): 172
[2026-04-02 11:42:54]   Filtered (pos_encoder): 0
[2026-04-02 11:42:54]   Keys to load:           7
[2026-04-02 11:42:54]   Missing keys:           4
[2026-04-02 11:42:54]   Unexpected keys:        0
[2026-04-02 11:42:54]   Missing preview:        ['spatial_conv.1.weight', 'spatial_conv.1.bias', 'final_layer.1.weight', 'final_layer.1.bias']
[2026-04-02 11:42:54]   Unexpected preview:     []
[2026-04-02 11:42:54] Encoder freeze configuration:
[2026-04-02 11:42:54]   Total parameters:        18,192
[2026-04-02 11:42:54]   Trainable parameters:    4,352
[2026-04-02 11:42:54]   Training percentage:     23.9%
[2026-04-02 11:42:54]   Trainable layers: 4
[2026-04-02 11:42:54]     - final_layer.1.bias
[2026-04-02 11:42:54]     - final_layer.1.weight
[2026-04-02 11:42:54]     - spatial_conv.1.bias
[2026-04-02 11:42:54]     - spatial_conv.1.weight
[2026-04-02 11:42:54]     Train generator seeded: True
[2026-04-02 11:43:20]     Stopped epoch:            2918
[2026-04-02 11:43:20]     Best epoch (valid_loss):  2868
[2026-04-02 11:43:20]     Best valid_loss:          0.11799855530261993
[2026-04-02 11:43:20]     Test accuracy (primary):  1.0000
[2026-04-02 11:43:20]     Test balanced acc:        1.0000
[2026-04-02 11:43:20]     Confusion matrix:         [[5, 0, 0, 0], [0, 5, 0, 0], [0, 0, 5, 0], [0, 0, 0, 5]]
[2026-04-02 11:43:20]     Prediction histogram:     [5, 5, 5, 5]
[2026-04-02 11:43:20]     fold_acc=1.0000 fold_bal_acc=1.0000 cm=[[5, 0, 0, 0], [0, 5, 0, 0], [0, 0, 5, 0], [0, 0, 0, 5]]
[2026-04-02 11:43:20]   Subject 48 Fold 5 seed: 7813
[2026-04-02 11:43:20]   Subject 48 Fold 5: n_train=64 n_val=16 n_test=20
[2026-04-02 11:43:20]     Train class counts: [16, 16, 16, 16]
[2026-04-02 11:43:20]     Val class counts:   [4, 4, 4, 4]
[2026-04-02 11:43:20]     Test class counts:  [5, 5, 5, 5]
[2026-04-02 11:43:20] Building model with input window duration: 4.1875 s
[2026-04-02 11:43:20] Pretrained weight loading:
[2026-04-02 11:43:20]   Downloaded keys:        179
[2026-04-02 11:43:20]   Filtered (transformer): 172
[2026-04-02 11:43:20]   Filtered (pos_encoder): 0
[2026-04-02 11:43:20]   Keys to load:           7
[2026-04-02 11:43:20]   Missing keys:           4
[2026-04-02 11:43:20]   Unexpected keys:        0
[2026-04-02 11:43:20]   Missing preview:        ['spatial_conv.1.weight', 'spatial_conv.1.bias', 'final_layer.1.weight', 'final_layer.1.bias']
[2026-04-02 11:43:20]   Unexpected preview:     []
[2026-04-02 11:43:20] Encoder freeze configuration:
[2026-04-02 11:43:20]   Total parameters:        18,192
[2026-04-02 11:43:20]   Trainable parameters:    4,352
[2026-04-02 11:43:20]   Training percentage:     23.9%
[2026-04-02 11:43:20]   Trainable layers: 4
[2026-04-02 11:43:20]     - final_layer.1.bias
[2026-04-02 11:43:20]     - final_layer.1.weight
[2026-04-02 11:43:20]     - spatial_conv.1.bias
[2026-04-02 11:43:20]     - spatial_conv.1.weight
[2026-04-02 11:43:20]     Train generator seeded: True
[2026-04-02 11:43:45]     Stopped epoch:            2740
[2026-04-02 11:43:45]     Best epoch (valid_loss):  2690
[2026-04-02 11:43:45]     Best valid_loss:          0.0640011578798294
[2026-04-02 11:43:45]     Test accuracy (primary):  0.9500
[2026-04-02 11:43:45]     Test balanced acc:        0.9500
[2026-04-02 11:43:45]     Confusion matrix:         [[4, 1, 0, 0], [0, 5, 0, 0], [0, 0, 5, 0], [0, 0, 0, 5]]
[2026-04-02 11:43:45]     Prediction histogram:     [4, 6, 5, 5]
[2026-04-02 11:43:45]     fold_acc=0.9500 fold_bal_acc=0.9500 cm=[[4, 1, 0, 0], [0, 5, 0, 0], [0, 0, 5, 0], [0, 0, 0, 5]]
[2026-04-02 11:43:45]   Subject 48 mean accuracy: 0.9600

[2026-04-02 11:43:45] Subject 49: 100 windows class_counts=[25, 25, 25, 25]
[2026-04-02 11:43:45]   Fold 1 split seed: 3009
[2026-04-02 11:43:45]   Fold 1 split class counts:
[2026-04-02 11:43:45]     train=[16, 16, 16, 16] val=[4, 4, 4, 4] test=[5, 5, 5, 5]
[2026-04-02 11:43:45]   Fold 2 split seed: 3010
[2026-04-02 11:43:45]   Fold 2 split class counts:
[2026-04-02 11:43:45]     train=[16, 16, 16, 16] val=[4, 4, 4, 4] test=[5, 5, 5, 5]
[2026-04-02 11:43:45]   Fold 3 split seed: 3011
[2026-04-02 11:43:45]   Fold 3 split class counts:
[2026-04-02 11:43:45]     train=[16, 16, 16, 16] val=[4, 4, 4, 4] test=[5, 5, 5, 5]
[2026-04-02 11:43:45]   Fold 4 split seed: 3012
[2026-04-02 11:43:45]   Fold 4 split class counts:
[2026-04-02 11:43:45]     train=[16, 16, 16, 16] val=[4, 4, 4, 4] test=[5, 5, 5, 5]
[2026-04-02 11:43:45]   Fold 5 split seed: 3013
[2026-04-02 11:43:45]   Fold 5 split class counts:
[2026-04-02 11:43:45]     train=[16, 16, 16, 16] val=[4, 4, 4, 4] test=[5, 5, 5, 5]
[2026-04-02 11:43:45]   Subject 49 Fold 1 seed: 7909
[2026-04-02 11:43:45]   Subject 49 Fold 1: n_train=64 n_val=16 n_test=20
[2026-04-02 11:43:45]     Train class counts: [16, 16, 16, 16]
[2026-04-02 11:43:45]     Val class counts:   [4, 4, 4, 4]
[2026-04-02 11:43:45]     Test class counts:  [5, 5, 5, 5]
[2026-04-02 11:43:45] Building model with input window duration: 4.1875 s
[2026-04-02 11:43:45] Pretrained weight loading:
[2026-04-02 11:43:45]   Downloaded keys:        179
[2026-04-02 11:43:45]   Filtered (transformer): 172
[2026-04-02 11:43:45]   Filtered (pos_encoder): 0
[2026-04-02 11:43:45]   Keys to load:           7
[2026-04-02 11:43:45]   Missing keys:           4
[2026-04-02 11:43:45]   Unexpected keys:        0
[2026-04-02 11:43:45]   Missing preview:        ['spatial_conv.1.weight', 'spatial_conv.1.bias', 'final_layer.1.weight', 'final_layer.1.bias']
[2026-04-02 11:43:45]   Unexpected preview:     []
[2026-04-02 11:43:45] Encoder freeze configuration:
[2026-04-02 11:43:45]   Total parameters:        18,192
[2026-04-02 11:43:45]   Trainable parameters:    4,352
[2026-04-02 11:43:45]   Training percentage:     23.9%
[2026-04-02 11:43:45]   Trainable layers: 4
[2026-04-02 11:43:45]     - final_layer.1.bias
[2026-04-02 11:43:45]     - final_layer.1.weight
[2026-04-02 11:43:45]     - spatial_conv.1.bias
[2026-04-02 11:43:45]     - spatial_conv.1.weight
[2026-04-02 11:43:45]     Train generator seeded: True
[2026-04-02 11:44:00]     Stopped epoch:            1727
[2026-04-02 11:44:00]     Best epoch (valid_loss):  1677
[2026-04-02 11:44:00]     Best valid_loss:          0.45821908116340637
[2026-04-02 11:44:00]     Test accuracy (primary):  0.7500
[2026-04-02 11:44:00]     Test balanced acc:        0.7500
[2026-04-02 11:44:00]     Confusion matrix:         [[4, 0, 1, 0], [0, 5, 0, 0], [2, 1, 1, 1], [0, 0, 0, 5]]
[2026-04-02 11:44:00]     Prediction histogram:     [6, 6, 2, 6]
[2026-04-02 11:44:00]     fold_acc=0.7500 fold_bal_acc=0.7500 cm=[[4, 0, 1, 0], [0, 5, 0, 0], [2, 1, 1, 1], [0, 0, 0, 5]]
[2026-04-02 11:44:00]   Subject 49 Fold 2 seed: 7910
[2026-04-02 11:44:00]   Subject 49 Fold 2: n_train=64 n_val=16 n_test=20
[2026-04-02 11:44:00]     Train class counts: [16, 16, 16, 16]
[2026-04-02 11:44:00]     Val class counts:   [4, 4, 4, 4]
[2026-04-02 11:44:00]     Test class counts:  [5, 5, 5, 5]
[2026-04-02 11:44:00] Building model with input window duration: 4.1875 s
[2026-04-02 11:44:00] Pretrained weight loading:
[2026-04-02 11:44:00]   Downloaded keys:        179
[2026-04-02 11:44:00]   Filtered (transformer): 172
[2026-04-02 11:44:00]   Filtered (pos_encoder): 0
[2026-04-02 11:44:00]   Keys to load:           7
[2026-04-02 11:44:00]   Missing keys:           4
[2026-04-02 11:44:00]   Unexpected keys:        0
[2026-04-02 11:44:00]   Missing preview:        ['spatial_conv.1.weight', 'spatial_conv.1.bias', 'final_layer.1.weight', 'final_layer.1.bias']
[2026-04-02 11:44:00]   Unexpected preview:     []
[2026-04-02 11:44:00] Encoder freeze configuration:
[2026-04-02 11:44:00]   Total parameters:        18,192
[2026-04-02 11:44:00]   Trainable parameters:    4,352
[2026-04-02 11:44:00]   Training percentage:     23.9%
[2026-04-02 11:44:00]   Trainable layers: 4
[2026-04-02 11:44:00]     - final_layer.1.bias
[2026-04-02 11:44:00]     - final_layer.1.weight
[2026-04-02 11:44:00]     - spatial_conv.1.bias
[2026-04-02 11:44:00]     - spatial_conv.1.weight
[2026-04-02 11:44:00]     Train generator seeded: True
[2026-04-02 11:44:18]     Stopped epoch:            2092
[2026-04-02 11:44:18]     Best epoch (valid_loss):  2042
[2026-04-02 11:44:18]     Best valid_loss:          0.3478274345397949
[2026-04-02 11:44:18]     Test accuracy (primary):  0.9000
[2026-04-02 11:44:18]     Test balanced acc:        0.9000
[2026-04-02 11:44:18]     Confusion matrix:         [[5, 0, 0, 0], [0, 4, 0, 1], [0, 0, 5, 0], [1, 0, 0, 4]]
[2026-04-02 11:44:18]     Prediction histogram:     [6, 4, 5, 5]
[2026-04-02 11:44:18]     fold_acc=0.9000 fold_bal_acc=0.9000 cm=[[5, 0, 0, 0], [0, 4, 0, 1], [0, 0, 5, 0], [1, 0, 0, 4]]
[2026-04-02 11:44:18]   Subject 49 Fold 3 seed: 7911
[2026-04-02 11:44:18]   Subject 49 Fold 3: n_train=64 n_val=16 n_test=20
[2026-04-02 11:44:18]     Train class counts: [16, 16, 16, 16]
[2026-04-02 11:44:18]     Val class counts:   [4, 4, 4, 4]
[2026-04-02 11:44:18]     Test class counts:  [5, 5, 5, 5]
[2026-04-02 11:44:18] Building model with input window duration: 4.1875 s
[2026-04-02 11:44:18] Pretrained weight loading:
[2026-04-02 11:44:18]   Downloaded keys:        179
[2026-04-02 11:44:18]   Filtered (transformer): 172
[2026-04-02 11:44:18]   Filtered (pos_encoder): 0
[2026-04-02 11:44:18]   Keys to load:           7
[2026-04-02 11:44:18]   Missing keys:           4
[2026-04-02 11:44:18]   Unexpected keys:        0
[2026-04-02 11:44:18]   Missing preview:        ['spatial_conv.1.weight', 'spatial_conv.1.bias', 'final_layer.1.weight', 'final_layer.1.bias']
[2026-04-02 11:44:18]   Unexpected preview:     []
[2026-04-02 11:44:18] Encoder freeze configuration:
[2026-04-02 11:44:18]   Total parameters:        18,192
[2026-04-02 11:44:18]   Trainable parameters:    4,352
[2026-04-02 11:44:18]   Training percentage:     23.9%
[2026-04-02 11:44:18]   Trainable layers: 4
[2026-04-02 11:44:18]     - final_layer.1.bias
[2026-04-02 11:44:18]     - final_layer.1.weight
[2026-04-02 11:44:18]     - spatial_conv.1.bias
[2026-04-02 11:44:18]     - spatial_conv.1.weight
[2026-04-02 11:44:18]     Train generator seeded: True
[2026-04-02 11:44:30]     Stopped epoch:            1271
[2026-04-02 11:44:30]     Best epoch (valid_loss):  1221
[2026-04-02 11:44:30]     Best valid_loss:          0.7924688458442688
[2026-04-02 11:44:30]     Test accuracy (primary):  0.9000
[2026-04-02 11:44:30]     Test balanced acc:        0.9000
[2026-04-02 11:44:30]     Confusion matrix:         [[5, 0, 0, 0], [0, 5, 0, 0], [0, 0, 5, 0], [0, 1, 1, 3]]
[2026-04-02 11:44:30]     Prediction histogram:     [5, 6, 6, 3]
[2026-04-02 11:44:30]     fold_acc=0.9000 fold_bal_acc=0.9000 cm=[[5, 0, 0, 0], [0, 5, 0, 0], [0, 0, 5, 0], [0, 1, 1, 3]]
[2026-04-02 11:44:30]   Subject 49 Fold 4 seed: 7912
[2026-04-02 11:44:30]   Subject 49 Fold 4: n_train=64 n_val=16 n_test=20
[2026-04-02 11:44:30]     Train class counts: [16, 16, 16, 16]
[2026-04-02 11:44:30]     Val class counts:   [4, 4, 4, 4]
[2026-04-02 11:44:30]     Test class counts:  [5, 5, 5, 5]
[2026-04-02 11:44:30] Building model with input window duration: 4.1875 s
[2026-04-02 11:44:30] Pretrained weight loading:
[2026-04-02 11:44:30]   Downloaded keys:        179
[2026-04-02 11:44:30]   Filtered (transformer): 172
[2026-04-02 11:44:30]   Filtered (pos_encoder): 0
[2026-04-02 11:44:30]   Keys to load:           7
[2026-04-02 11:44:30]   Missing keys:           4
[2026-04-02 11:44:30]   Unexpected keys:        0
[2026-04-02 11:44:30]   Missing preview:        ['spatial_conv.1.weight', 'spatial_conv.1.bias', 'final_layer.1.weight', 'final_layer.1.bias']
[2026-04-02 11:44:30]   Unexpected preview:     []
[2026-04-02 11:44:30] Encoder freeze configuration:
[2026-04-02 11:44:30]   Total parameters:        18,192
[2026-04-02 11:44:30]   Trainable parameters:    4,352
[2026-04-02 11:44:30]   Training percentage:     23.9%
[2026-04-02 11:44:30]   Trainable layers: 4
[2026-04-02 11:44:30]     - final_layer.1.bias
[2026-04-02 11:44:30]     - final_layer.1.weight
[2026-04-02 11:44:30]     - spatial_conv.1.bias
[2026-04-02 11:44:30]     - spatial_conv.1.weight
[2026-04-02 11:44:30]     Train generator seeded: True
[2026-04-02 11:44:54]     Stopped epoch:            2800
[2026-04-02 11:44:54]     Best epoch (valid_loss):  2750
[2026-04-02 11:44:54]     Best valid_loss:          0.6903606057167053
[2026-04-02 11:44:54]     Test accuracy (primary):  0.9000
[2026-04-02 11:44:54]     Test balanced acc:        0.9000
[2026-04-02 11:44:54]     Confusion matrix:         [[4, 1, 0, 0], [0, 5, 0, 0], [0, 0, 4, 1], [0, 0, 0, 5]]
[2026-04-02 11:44:54]     Prediction histogram:     [4, 6, 4, 6]
[2026-04-02 11:44:54]     fold_acc=0.9000 fold_bal_acc=0.9000 cm=[[4, 1, 0, 0], [0, 5, 0, 0], [0, 0, 4, 1], [0, 0, 0, 5]]
[2026-04-02 11:44:54]   Subject 49 Fold 5 seed: 7913
[2026-04-02 11:44:54]   Subject 49 Fold 5: n_train=64 n_val=16 n_test=20
[2026-04-02 11:44:54]     Train class counts: [16, 16, 16, 16]
[2026-04-02 11:44:54]     Val class counts:   [4, 4, 4, 4]
[2026-04-02 11:44:54]     Test class counts:  [5, 5, 5, 5]
[2026-04-02 11:44:54] Building model with input window duration: 4.1875 s
[2026-04-02 11:44:54] Pretrained weight loading:
[2026-04-02 11:44:54]   Downloaded keys:        179
[2026-04-02 11:44:54]   Filtered (transformer): 172
[2026-04-02 11:44:54]   Filtered (pos_encoder): 0
[2026-04-02 11:44:54]   Keys to load:           7
[2026-04-02 11:44:54]   Missing keys:           4
[2026-04-02 11:44:54]   Unexpected keys:        0
[2026-04-02 11:44:54]   Missing preview:        ['spatial_conv.1.weight', 'spatial_conv.1.bias', 'final_layer.1.weight', 'final_layer.1.bias']
[2026-04-02 11:44:54]   Unexpected preview:     []
[2026-04-02 11:44:54] Encoder freeze configuration:
[2026-04-02 11:44:54]   Total parameters:        18,192
[2026-04-02 11:44:54]   Trainable parameters:    4,352
[2026-04-02 11:44:54]   Training percentage:     23.9%
[2026-04-02 11:44:54]   Trainable layers: 4
[2026-04-02 11:44:54]     - final_layer.1.bias
[2026-04-02 11:44:54]     - final_layer.1.weight
[2026-04-02 11:44:54]     - spatial_conv.1.bias
[2026-04-02 11:44:54]     - spatial_conv.1.weight
[2026-04-02 11:44:54]     Train generator seeded: True
[2026-04-02 11:45:03]     Stopped epoch:            1009
[2026-04-02 11:45:03]     Best epoch (valid_loss):  959
[2026-04-02 11:45:03]     Best valid_loss:          0.5323498845100403
[2026-04-02 11:45:03]     Test accuracy (primary):  0.8500
[2026-04-02 11:45:03]     Test balanced acc:        0.8500
[2026-04-02 11:45:03]     Confusion matrix:         [[3, 0, 0, 2], [0, 5, 0, 0], [1, 0, 4, 0], [0, 0, 0, 5]]
[2026-04-02 11:45:03]     Prediction histogram:     [4, 5, 4, 7]
[2026-04-02 11:45:03]     fold_acc=0.8500 fold_bal_acc=0.8500 cm=[[3, 0, 0, 2], [0, 5, 0, 0], [1, 0, 4, 0], [0, 0, 0, 5]]
[2026-04-02 11:45:03]   Subject 49 mean accuracy: 0.8600

[2026-04-02 11:45:03] Subject 50: 100 windows class_counts=[25, 25, 25, 25]
[2026-04-02 11:45:03]   Fold 1 split seed: 3009
[2026-04-02 11:45:03]   Fold 1 split class counts:
[2026-04-02 11:45:03]     train=[16, 16, 16, 16] val=[4, 4, 4, 4] test=[5, 5, 5, 5]
[2026-04-02 11:45:03]   Fold 2 split seed: 3010
[2026-04-02 11:45:03]   Fold 2 split class counts:
[2026-04-02 11:45:03]     train=[16, 16, 16, 16] val=[4, 4, 4, 4] test=[5, 5, 5, 5]
[2026-04-02 11:45:03]   Fold 3 split seed: 3011
[2026-04-02 11:45:03]   Fold 3 split class counts:
[2026-04-02 11:45:03]     train=[16, 16, 16, 16] val=[4, 4, 4, 4] test=[5, 5, 5, 5]
[2026-04-02 11:45:03]   Fold 4 split seed: 3012
[2026-04-02 11:45:03]   Fold 4 split class counts:
[2026-04-02 11:45:03]     train=[16, 16, 16, 16] val=[4, 4, 4, 4] test=[5, 5, 5, 5]
[2026-04-02 11:45:03]   Fold 5 split seed: 3013
[2026-04-02 11:45:03]   Fold 5 split class counts:
[2026-04-02 11:45:03]     train=[16, 16, 16, 16] val=[4, 4, 4, 4] test=[5, 5, 5, 5]
[2026-04-02 11:45:03]   Subject 50 Fold 1 seed: 8009
[2026-04-02 11:45:03]   Subject 50 Fold 1: n_train=64 n_val=16 n_test=20
[2026-04-02 11:45:03]     Train class counts: [16, 16, 16, 16]
[2026-04-02 11:45:03]     Val class counts:   [4, 4, 4, 4]
[2026-04-02 11:45:03]     Test class counts:  [5, 5, 5, 5]
[2026-04-02 11:45:03] Building model with input window duration: 4.1875 s
[2026-04-02 11:45:03] Pretrained weight loading:
[2026-04-02 11:45:03]   Downloaded keys:        179
[2026-04-02 11:45:03]   Filtered (transformer): 172
[2026-04-02 11:45:03]   Filtered (pos_encoder): 0
[2026-04-02 11:45:03]   Keys to load:           7
[2026-04-02 11:45:03]   Missing keys:           4
[2026-04-02 11:45:03]   Unexpected keys:        0
[2026-04-02 11:45:03]   Missing preview:        ['spatial_conv.1.weight', 'spatial_conv.1.bias', 'final_layer.1.weight', 'final_layer.1.bias']
[2026-04-02 11:45:03]   Unexpected preview:     []
[2026-04-02 11:45:03] Encoder freeze configuration:
[2026-04-02 11:45:03]   Total parameters:        18,192
[2026-04-02 11:45:03]   Trainable parameters:    4,352
[2026-04-02 11:45:03]   Training percentage:     23.9%
[2026-04-02 11:45:03]   Trainable layers: 4
[2026-04-02 11:45:03]     - final_layer.1.bias
[2026-04-02 11:45:03]     - final_layer.1.weight
[2026-04-02 11:45:03]     - spatial_conv.1.bias
[2026-04-02 11:45:03]     - spatial_conv.1.weight
[2026-04-02 11:45:03]     Train generator seeded: True
[2026-04-02 11:45:27]     Stopped epoch:            2657
[2026-04-02 11:45:27]     Best epoch (valid_loss):  2607
[2026-04-02 11:45:27]     Best valid_loss:          0.5053400993347168
[2026-04-02 11:45:27]     Test accuracy (primary):  0.9000
[2026-04-02 11:45:27]     Test balanced acc:        0.9000
[2026-04-02 11:45:27]     Confusion matrix:         [[5, 0, 0, 0], [0, 4, 0, 1], [0, 0, 4, 1], [0, 0, 0, 5]]
[2026-04-02 11:45:27]     Prediction histogram:     [5, 4, 4, 7]
[2026-04-02 11:45:27]     fold_acc=0.9000 fold_bal_acc=0.9000 cm=[[5, 0, 0, 0], [0, 4, 0, 1], [0, 0, 4, 1], [0, 0, 0, 5]]
[2026-04-02 11:45:27]   Subject 50 Fold 2 seed: 8010
[2026-04-02 11:45:27]   Subject 50 Fold 2: n_train=64 n_val=16 n_test=20
[2026-04-02 11:45:27]     Train class counts: [16, 16, 16, 16]
[2026-04-02 11:45:27]     Val class counts:   [4, 4, 4, 4]
[2026-04-02 11:45:27]     Test class counts:  [5, 5, 5, 5]
[2026-04-02 11:45:27] Building model with input window duration: 4.1875 s
[2026-04-02 11:45:27] Pretrained weight loading:
[2026-04-02 11:45:27]   Downloaded keys:        179
[2026-04-02 11:45:27]   Filtered (transformer): 172
[2026-04-02 11:45:27]   Filtered (pos_encoder): 0
[2026-04-02 11:45:27]   Keys to load:           7
[2026-04-02 11:45:27]   Missing keys:           4
[2026-04-02 11:45:27]   Unexpected keys:        0
[2026-04-02 11:45:27]   Missing preview:        ['spatial_conv.1.weight', 'spatial_conv.1.bias', 'final_layer.1.weight', 'final_layer.1.bias']
[2026-04-02 11:45:27]   Unexpected preview:     []
[2026-04-02 11:45:27] Encoder freeze configuration:
[2026-04-02 11:45:27]   Total parameters:        18,192
[2026-04-02 11:45:27]   Trainable parameters:    4,352
[2026-04-02 11:45:27]   Training percentage:     23.9%
[2026-04-02 11:45:27]   Trainable layers: 4
[2026-04-02 11:45:27]     - final_layer.1.bias
[2026-04-02 11:45:27]     - final_layer.1.weight
[2026-04-02 11:45:27]     - spatial_conv.1.bias
[2026-04-02 11:45:27]     - spatial_conv.1.weight
[2026-04-02 11:45:27]     Train generator seeded: True
[2026-04-02 11:46:12]     Stopped epoch:            5000
[2026-04-02 11:46:12]     Best epoch (valid_loss):  4985
[2026-04-02 11:46:12]     Best valid_loss:          0.06066861376166344
[2026-04-02 11:46:12]     Test accuracy (primary):  0.8500
[2026-04-02 11:46:12]     Test balanced acc:        0.8500
[2026-04-02 11:46:12]     Confusion matrix:         [[4, 0, 0, 1], [0, 4, 1, 0], [0, 0, 5, 0], [0, 0, 1, 4]]
[2026-04-02 11:46:12]     Prediction histogram:     [4, 4, 7, 5]
[2026-04-02 11:46:12]     fold_acc=0.8500 fold_bal_acc=0.8500 cm=[[4, 0, 0, 1], [0, 4, 1, 0], [0, 0, 5, 0], [0, 0, 1, 4]]
[2026-04-02 11:46:12]   Subject 50 Fold 3 seed: 8011
[2026-04-02 11:46:12]   Subject 50 Fold 3: n_train=64 n_val=16 n_test=20
[2026-04-02 11:46:12]     Train class counts: [16, 16, 16, 16]
[2026-04-02 11:46:12]     Val class counts:   [4, 4, 4, 4]
[2026-04-02 11:46:12]     Test class counts:  [5, 5, 5, 5]
[2026-04-02 11:46:12] Building model with input window duration: 4.1875 s
[2026-04-02 11:46:12] Pretrained weight loading:
[2026-04-02 11:46:12]   Downloaded keys:        179
[2026-04-02 11:46:12]   Filtered (transformer): 172
[2026-04-02 11:46:12]   Filtered (pos_encoder): 0
[2026-04-02 11:46:12]   Keys to load:           7
[2026-04-02 11:46:12]   Missing keys:           4
[2026-04-02 11:46:12]   Unexpected keys:        0
[2026-04-02 11:46:12]   Missing preview:        ['spatial_conv.1.weight', 'spatial_conv.1.bias', 'final_layer.1.weight', 'final_layer.1.bias']
[2026-04-02 11:46:12]   Unexpected preview:     []
[2026-04-02 11:46:12] Encoder freeze configuration:
[2026-04-02 11:46:12]   Total parameters:        18,192
[2026-04-02 11:46:12]   Trainable parameters:    4,352
[2026-04-02 11:46:12]   Training percentage:     23.9%
[2026-04-02 11:46:12]   Trainable layers: 4
[2026-04-02 11:46:12]     - final_layer.1.bias
[2026-04-02 11:46:12]     - final_layer.1.weight
[2026-04-02 11:46:12]     - spatial_conv.1.bias
[2026-04-02 11:46:12]     - spatial_conv.1.weight
[2026-04-02 11:46:12]     Train generator seeded: True
[2026-04-02 11:46:45]     Stopped epoch:            3715
[2026-04-02 11:46:45]     Best epoch (valid_loss):  3665
[2026-04-02 11:46:45]     Best valid_loss:          0.20479024946689606
[2026-04-02 11:46:45]     Test accuracy (primary):  0.9000
[2026-04-02 11:46:45]     Test balanced acc:        0.9000
[2026-04-02 11:46:45]     Confusion matrix:         [[3, 1, 1, 0], [0, 5, 0, 0], [0, 0, 5, 0], [0, 0, 0, 5]]
[2026-04-02 11:46:45]     Prediction histogram:     [3, 6, 6, 5]
[2026-04-02 11:46:45]     fold_acc=0.9000 fold_bal_acc=0.9000 cm=[[3, 1, 1, 0], [0, 5, 0, 0], [0, 0, 5, 0], [0, 0, 0, 5]]
[2026-04-02 11:46:45]   Subject 50 Fold 4 seed: 8012
[2026-04-02 11:46:45]   Subject 50 Fold 4: n_train=64 n_val=16 n_test=20
[2026-04-02 11:46:45]     Train class counts: [16, 16, 16, 16]
[2026-04-02 11:46:45]     Val class counts:   [4, 4, 4, 4]
[2026-04-02 11:46:45]     Test class counts:  [5, 5, 5, 5]
[2026-04-02 11:46:45] Building model with input window duration: 4.1875 s
[2026-04-02 11:46:45] Pretrained weight loading:
[2026-04-02 11:46:45]   Downloaded keys:        179
[2026-04-02 11:46:45]   Filtered (transformer): 172
[2026-04-02 11:46:45]   Filtered (pos_encoder): 0
[2026-04-02 11:46:45]   Keys to load:           7
[2026-04-02 11:46:45]   Missing keys:           4
[2026-04-02 11:46:45]   Unexpected keys:        0
[2026-04-02 11:46:45]   Missing preview:        ['spatial_conv.1.weight', 'spatial_conv.1.bias', 'final_layer.1.weight', 'final_layer.1.bias']
[2026-04-02 11:46:45]   Unexpected preview:     []
[2026-04-02 11:46:45] Encoder freeze configuration:
[2026-04-02 11:46:45]   Total parameters:        18,192
[2026-04-02 11:46:45]   Trainable parameters:    4,352
[2026-04-02 11:46:45]   Training percentage:     23.9%
[2026-04-02 11:46:45]   Trainable layers: 4
[2026-04-02 11:46:45]     - final_layer.1.bias
[2026-04-02 11:46:45]     - final_layer.1.weight
[2026-04-02 11:46:45]     - spatial_conv.1.bias
[2026-04-02 11:46:45]     - spatial_conv.1.weight
[2026-04-02 11:46:45]     Train generator seeded: True
[2026-04-02 11:47:11]     Stopped epoch:            2871
[2026-04-02 11:47:11]     Best epoch (valid_loss):  2821
[2026-04-02 11:47:11]     Best valid_loss:          0.07051629573106766
[2026-04-02 11:47:11]     Test accuracy (primary):  1.0000
[2026-04-02 11:47:11]     Test balanced acc:        1.0000
[2026-04-02 11:47:11]     Confusion matrix:         [[5, 0, 0, 0], [0, 5, 0, 0], [0, 0, 5, 0], [0, 0, 0, 5]]
[2026-04-02 11:47:11]     Prediction histogram:     [5, 5, 5, 5]
[2026-04-02 11:47:11]     fold_acc=1.0000 fold_bal_acc=1.0000 cm=[[5, 0, 0, 0], [0, 5, 0, 0], [0, 0, 5, 0], [0, 0, 0, 5]]
[2026-04-02 11:47:11]   Subject 50 Fold 5 seed: 8013
[2026-04-02 11:47:11]   Subject 50 Fold 5: n_train=64 n_val=16 n_test=20
[2026-04-02 11:47:11]     Train class counts: [16, 16, 16, 16]
[2026-04-02 11:47:11]     Val class counts:   [4, 4, 4, 4]
[2026-04-02 11:47:11]     Test class counts:  [5, 5, 5, 5]
[2026-04-02 11:47:11] Building model with input window duration: 4.1875 s
[2026-04-02 11:47:11] Pretrained weight loading:
[2026-04-02 11:47:11]   Downloaded keys:        179
[2026-04-02 11:47:11]   Filtered (transformer): 172
[2026-04-02 11:47:11]   Filtered (pos_encoder): 0
[2026-04-02 11:47:11]   Keys to load:           7
[2026-04-02 11:47:11]   Missing keys:           4
[2026-04-02 11:47:11]   Unexpected keys:        0
[2026-04-02 11:47:11]   Missing preview:        ['spatial_conv.1.weight', 'spatial_conv.1.bias', 'final_layer.1.weight', 'final_layer.1.bias']
[2026-04-02 11:47:11]   Unexpected preview:     []
[2026-04-02 11:47:11] Encoder freeze configuration:
[2026-04-02 11:47:11]   Total parameters:        18,192
[2026-04-02 11:47:11]   Trainable parameters:    4,352
[2026-04-02 11:47:11]   Training percentage:     23.9%
[2026-04-02 11:47:11]   Trainable layers: 4
[2026-04-02 11:47:11]     - final_layer.1.bias
[2026-04-02 11:47:11]     - final_layer.1.weight
[2026-04-02 11:47:11]     - spatial_conv.1.bias
[2026-04-02 11:47:11]     - spatial_conv.1.weight
[2026-04-02 11:47:11]     Train generator seeded: True
[2026-04-02 11:47:35]     Stopped epoch:            2719
[2026-04-02 11:47:35]     Best epoch (valid_loss):  2669
[2026-04-02 11:47:35]     Best valid_loss:          0.2270972728729248
[2026-04-02 11:47:35]     Test accuracy (primary):  0.9000
[2026-04-02 11:47:35]     Test balanced acc:        0.9000
[2026-04-02 11:47:35]     Confusion matrix:         [[3, 0, 0, 2], [0, 5, 0, 0], [0, 0, 5, 0], [0, 0, 0, 5]]
[2026-04-02 11:47:35]     Prediction histogram:     [3, 5, 5, 7]
[2026-04-02 11:47:35]     fold_acc=0.9000 fold_bal_acc=0.9000 cm=[[3, 0, 0, 2], [0, 5, 0, 0], [0, 0, 5, 0], [0, 0, 0, 5]]
[2026-04-02 11:47:35]   Subject 50 mean accuracy: 0.9100

[2026-04-02 11:47:35] Subject 52: 100 windows class_counts=[25, 25, 25, 25]
[2026-04-02 11:47:35]   Fold 1 split seed: 3009
[2026-04-02 11:47:35]   Fold 1 split class counts:
[2026-04-02 11:47:35]     train=[16, 16, 16, 16] val=[4, 4, 4, 4] test=[5, 5, 5, 5]
[2026-04-02 11:47:35]   Fold 2 split seed: 3010
[2026-04-02 11:47:35]   Fold 2 split class counts:
[2026-04-02 11:47:35]     train=[16, 16, 16, 16] val=[4, 4, 4, 4] test=[5, 5, 5, 5]
[2026-04-02 11:47:35]   Fold 3 split seed: 3011
[2026-04-02 11:47:35]   Fold 3 split class counts:
[2026-04-02 11:47:35]     train=[16, 16, 16, 16] val=[4, 4, 4, 4] test=[5, 5, 5, 5]
[2026-04-02 11:47:35]   Fold 4 split seed: 3012
[2026-04-02 11:47:35]   Fold 4 split class counts:
[2026-04-02 11:47:35]     train=[16, 16, 16, 16] val=[4, 4, 4, 4] test=[5, 5, 5, 5]
[2026-04-02 11:47:35]   Fold 5 split seed: 3013
[2026-04-02 11:47:35]   Fold 5 split class counts:
[2026-04-02 11:47:35]     train=[16, 16, 16, 16] val=[4, 4, 4, 4] test=[5, 5, 5, 5]
[2026-04-02 11:47:35]   Subject 52 Fold 1 seed: 8209
[2026-04-02 11:47:35]   Subject 52 Fold 1: n_train=64 n_val=16 n_test=20
[2026-04-02 11:47:35]     Train class counts: [16, 16, 16, 16]
[2026-04-02 11:47:35]     Val class counts:   [4, 4, 4, 4]
[2026-04-02 11:47:35]     Test class counts:  [5, 5, 5, 5]
[2026-04-02 11:47:35] Building model with input window duration: 4.1875 s
[2026-04-02 11:47:35] Pretrained weight loading:
[2026-04-02 11:47:35]   Downloaded keys:        179
[2026-04-02 11:47:35]   Filtered (transformer): 172
[2026-04-02 11:47:35]   Filtered (pos_encoder): 0
[2026-04-02 11:47:35]   Keys to load:           7
[2026-04-02 11:47:35]   Missing keys:           4
[2026-04-02 11:47:35]   Unexpected keys:        0
[2026-04-02 11:47:35]   Missing preview:        ['spatial_conv.1.weight', 'spatial_conv.1.bias', 'final_layer.1.weight', 'final_layer.1.bias']
[2026-04-02 11:47:35]   Unexpected preview:     []
[2026-04-02 11:47:35] Encoder freeze configuration:
[2026-04-02 11:47:35]   Total parameters:        18,192
[2026-04-02 11:47:35]   Trainable parameters:    4,352
[2026-04-02 11:47:35]   Training percentage:     23.9%
[2026-04-02 11:47:35]   Trainable layers: 4
[2026-04-02 11:47:35]     - final_layer.1.bias
[2026-04-02 11:47:35]     - final_layer.1.weight
[2026-04-02 11:47:35]     - spatial_conv.1.bias
[2026-04-02 11:47:35]     - spatial_conv.1.weight
[2026-04-02 11:47:35]     Train generator seeded: True
[2026-04-02 11:47:56]     Stopped epoch:            2370
[2026-04-02 11:47:56]     Best epoch (valid_loss):  2320
[2026-04-02 11:47:56]     Best valid_loss:          0.23249194025993347
[2026-04-02 11:47:56]     Test accuracy (primary):  0.8500
[2026-04-02 11:47:56]     Test balanced acc:        0.8500
[2026-04-02 11:47:56]     Confusion matrix:         [[2, 1, 0, 2], [0, 5, 0, 0], [0, 0, 5, 0], [0, 0, 0, 5]]
[2026-04-02 11:47:56]     Prediction histogram:     [2, 6, 5, 7]
[2026-04-02 11:47:56]     fold_acc=0.8500 fold_bal_acc=0.8500 cm=[[2, 1, 0, 2], [0, 5, 0, 0], [0, 0, 5, 0], [0, 0, 0, 5]]
[2026-04-02 11:47:56]   Subject 52 Fold 2 seed: 8210
[2026-04-02 11:47:56]   Subject 52 Fold 2: n_train=64 n_val=16 n_test=20
[2026-04-02 11:47:56]     Train class counts: [16, 16, 16, 16]
[2026-04-02 11:47:56]     Val class counts:   [4, 4, 4, 4]
[2026-04-02 11:47:56]     Test class counts:  [5, 5, 5, 5]
[2026-04-02 11:47:56] Building model with input window duration: 4.1875 s
[2026-04-02 11:47:56] Pretrained weight loading:
[2026-04-02 11:47:56]   Downloaded keys:        179
[2026-04-02 11:47:56]   Filtered (transformer): 172
[2026-04-02 11:47:56]   Filtered (pos_encoder): 0
[2026-04-02 11:47:56]   Keys to load:           7
[2026-04-02 11:47:56]   Missing keys:           4
[2026-04-02 11:47:56]   Unexpected keys:        0
[2026-04-02 11:47:56]   Missing preview:        ['spatial_conv.1.weight', 'spatial_conv.1.bias', 'final_layer.1.weight', 'final_layer.1.bias']
[2026-04-02 11:47:56]   Unexpected preview:     []
[2026-04-02 11:47:56] Encoder freeze configuration:
[2026-04-02 11:47:56]   Total parameters:        18,192
[2026-04-02 11:47:56]   Trainable parameters:    4,352
[2026-04-02 11:47:56]   Training percentage:     23.9%
[2026-04-02 11:47:56]   Trainable layers: 4
[2026-04-02 11:47:56]     - final_layer.1.bias
[2026-04-02 11:47:56]     - final_layer.1.weight
[2026-04-02 11:47:56]     - spatial_conv.1.bias
[2026-04-02 11:47:56]     - spatial_conv.1.weight
[2026-04-02 11:47:56]     Train generator seeded: True
[2026-04-02 11:48:31]     Stopped epoch:            3989
[2026-04-02 11:48:31]     Best epoch (valid_loss):  3939
[2026-04-02 11:48:31]     Best valid_loss:          0.0760723277926445
[2026-04-02 11:48:31]     Test accuracy (primary):  1.0000
[2026-04-02 11:48:31]     Test balanced acc:        1.0000
[2026-04-02 11:48:31]     Confusion matrix:         [[5, 0, 0, 0], [0, 5, 0, 0], [0, 0, 5, 0], [0, 0, 0, 5]]
[2026-04-02 11:48:31]     Prediction histogram:     [5, 5, 5, 5]
[2026-04-02 11:48:31]     fold_acc=1.0000 fold_bal_acc=1.0000 cm=[[5, 0, 0, 0], [0, 5, 0, 0], [0, 0, 5, 0], [0, 0, 0, 5]]
[2026-04-02 11:48:31]   Subject 52 Fold 3 seed: 8211
[2026-04-02 11:48:31]   Subject 52 Fold 3: n_train=64 n_val=16 n_test=20
[2026-04-02 11:48:31]     Train class counts: [16, 16, 16, 16]
[2026-04-02 11:48:31]     Val class counts:   [4, 4, 4, 4]
[2026-04-02 11:48:31]     Test class counts:  [5, 5, 5, 5]
[2026-04-02 11:48:31] Building model with input window duration: 4.1875 s
[2026-04-02 11:48:31] Pretrained weight loading:
[2026-04-02 11:48:31]   Downloaded keys:        179
[2026-04-02 11:48:31]   Filtered (transformer): 172
[2026-04-02 11:48:31]   Filtered (pos_encoder): 0
[2026-04-02 11:48:31]   Keys to load:           7
[2026-04-02 11:48:31]   Missing keys:           4
[2026-04-02 11:48:31]   Unexpected keys:        0
[2026-04-02 11:48:31]   Missing preview:        ['spatial_conv.1.weight', 'spatial_conv.1.bias', 'final_layer.1.weight', 'final_layer.1.bias']
[2026-04-02 11:48:31]   Unexpected preview:     []
[2026-04-02 11:48:31] Encoder freeze configuration:
[2026-04-02 11:48:31]   Total parameters:        18,192
[2026-04-02 11:48:31]   Trainable parameters:    4,352
[2026-04-02 11:48:31]   Training percentage:     23.9%
[2026-04-02 11:48:31]   Trainable layers: 4
[2026-04-02 11:48:31]     - final_layer.1.bias
[2026-04-02 11:48:31]     - final_layer.1.weight
[2026-04-02 11:48:31]     - spatial_conv.1.bias
[2026-04-02 11:48:31]     - spatial_conv.1.weight
[2026-04-02 11:48:31]     Train generator seeded: True
[2026-04-02 11:48:57]     Stopped epoch:            2897
[2026-04-02 11:48:57]     Best epoch (valid_loss):  2847
[2026-04-02 11:48:57]     Best valid_loss:          0.1473245918750763
[2026-04-02 11:48:57]     Test accuracy (primary):  0.9500
[2026-04-02 11:48:57]     Test balanced acc:        0.9500
[2026-04-02 11:48:57]     Confusion matrix:         [[4, 0, 0, 1], [0, 5, 0, 0], [0, 0, 5, 0], [0, 0, 0, 5]]
[2026-04-02 11:48:57]     Prediction histogram:     [4, 5, 5, 6]
[2026-04-02 11:48:57]     fold_acc=0.9500 fold_bal_acc=0.9500 cm=[[4, 0, 0, 1], [0, 5, 0, 0], [0, 0, 5, 0], [0, 0, 0, 5]]
[2026-04-02 11:48:57]   Subject 52 Fold 4 seed: 8212
[2026-04-02 11:48:57]   Subject 52 Fold 4: n_train=64 n_val=16 n_test=20
[2026-04-02 11:48:57]     Train class counts: [16, 16, 16, 16]
[2026-04-02 11:48:57]     Val class counts:   [4, 4, 4, 4]
[2026-04-02 11:48:57]     Test class counts:  [5, 5, 5, 5]
[2026-04-02 11:48:57] Building model with input window duration: 4.1875 s
[2026-04-02 11:48:57] Pretrained weight loading:
[2026-04-02 11:48:57]   Downloaded keys:        179
[2026-04-02 11:48:57]   Filtered (transformer): 172
[2026-04-02 11:48:57]   Filtered (pos_encoder): 0
[2026-04-02 11:48:57]   Keys to load:           7
[2026-04-02 11:48:57]   Missing keys:           4
[2026-04-02 11:48:57]   Unexpected keys:        0
[2026-04-02 11:48:57]   Missing preview:        ['spatial_conv.1.weight', 'spatial_conv.1.bias', 'final_layer.1.weight', 'final_layer.1.bias']
[2026-04-02 11:48:57]   Unexpected preview:     []
[2026-04-02 11:48:57] Encoder freeze configuration:
[2026-04-02 11:48:57]   Total parameters:        18,192
[2026-04-02 11:48:57]   Trainable parameters:    4,352
[2026-04-02 11:48:57]   Training percentage:     23.9%
[2026-04-02 11:48:57]   Trainable layers: 4
[2026-04-02 11:48:57]     - final_layer.1.bias
[2026-04-02 11:48:57]     - final_layer.1.weight
[2026-04-02 11:48:57]     - spatial_conv.1.bias
[2026-04-02 11:48:57]     - spatial_conv.1.weight
[2026-04-02 11:48:57]     Train generator seeded: True
[2026-04-02 11:49:18]     Stopped epoch:            2351
[2026-04-02 11:49:18]     Best epoch (valid_loss):  2301
[2026-04-02 11:49:18]     Best valid_loss:          0.1995440125465393
[2026-04-02 11:49:18]     Test accuracy (primary):  1.0000
[2026-04-02 11:49:18]     Test balanced acc:        1.0000
[2026-04-02 11:49:18]     Confusion matrix:         [[5, 0, 0, 0], [0, 5, 0, 0], [0, 0, 5, 0], [0, 0, 0, 5]]
[2026-04-02 11:49:18]     Prediction histogram:     [5, 5, 5, 5]
[2026-04-02 11:49:18]     fold_acc=1.0000 fold_bal_acc=1.0000 cm=[[5, 0, 0, 0], [0, 5, 0, 0], [0, 0, 5, 0], [0, 0, 0, 5]]
[2026-04-02 11:49:18]   Subject 52 Fold 5 seed: 8213
[2026-04-02 11:49:18]   Subject 52 Fold 5: n_train=64 n_val=16 n_test=20
[2026-04-02 11:49:18]     Train class counts: [16, 16, 16, 16]
[2026-04-02 11:49:18]     Val class counts:   [4, 4, 4, 4]
[2026-04-02 11:49:18]     Test class counts:  [5, 5, 5, 5]
[2026-04-02 11:49:18] Building model with input window duration: 4.1875 s
[2026-04-02 11:49:18] Pretrained weight loading:
[2026-04-02 11:49:18]   Downloaded keys:        179
[2026-04-02 11:49:18]   Filtered (transformer): 172
[2026-04-02 11:49:18]   Filtered (pos_encoder): 0
[2026-04-02 11:49:18]   Keys to load:           7
[2026-04-02 11:49:18]   Missing keys:           4
[2026-04-02 11:49:18]   Unexpected keys:        0
[2026-04-02 11:49:18]   Missing preview:        ['spatial_conv.1.weight', 'spatial_conv.1.bias', 'final_layer.1.weight', 'final_layer.1.bias']
[2026-04-02 11:49:18]   Unexpected preview:     []
[2026-04-02 11:49:18] Encoder freeze configuration:
[2026-04-02 11:49:18]   Total parameters:        18,192
[2026-04-02 11:49:18]   Trainable parameters:    4,352
[2026-04-02 11:49:18]   Training percentage:     23.9%
[2026-04-02 11:49:18]   Trainable layers: 4
[2026-04-02 11:49:18]     - final_layer.1.bias
[2026-04-02 11:49:18]     - final_layer.1.weight
[2026-04-02 11:49:18]     - spatial_conv.1.bias
[2026-04-02 11:49:18]     - spatial_conv.1.weight
[2026-04-02 11:49:18]     Train generator seeded: True
[2026-04-02 11:49:50]     Stopped epoch:            3595
[2026-04-02 11:49:50]     Best epoch (valid_loss):  3545
[2026-04-02 11:49:50]     Best valid_loss:          0.0799061506986618
[2026-04-02 11:49:50]     Test accuracy (primary):  1.0000
[2026-04-02 11:49:50]     Test balanced acc:        1.0000
[2026-04-02 11:49:50]     Confusion matrix:         [[5, 0, 0, 0], [0, 5, 0, 0], [0, 0, 5, 0], [0, 0, 0, 5]]
[2026-04-02 11:49:50]     Prediction histogram:     [5, 5, 5, 5]
[2026-04-02 11:49:50]     fold_acc=1.0000 fold_bal_acc=1.0000 cm=[[5, 0, 0, 0], [0, 5, 0, 0], [0, 0, 5, 0], [0, 0, 0, 5]]
[2026-04-02 11:49:50]   Subject 52 mean accuracy: 0.9600

[2026-04-02 11:49:50] Subject 53: 100 windows class_counts=[25, 25, 25, 25]
[2026-04-02 11:49:50]   Fold 1 split seed: 3009
[2026-04-02 11:49:50]   Fold 1 split class counts:
[2026-04-02 11:49:50]     train=[16, 16, 16, 16] val=[4, 4, 4, 4] test=[5, 5, 5, 5]
[2026-04-02 11:49:50]   Fold 2 split seed: 3010
[2026-04-02 11:49:50]   Fold 2 split class counts:
[2026-04-02 11:49:50]     train=[16, 16, 16, 16] val=[4, 4, 4, 4] test=[5, 5, 5, 5]
[2026-04-02 11:49:50]   Fold 3 split seed: 3011
[2026-04-02 11:49:50]   Fold 3 split class counts:
[2026-04-02 11:49:50]     train=[16, 16, 16, 16] val=[4, 4, 4, 4] test=[5, 5, 5, 5]
[2026-04-02 11:49:50]   Fold 4 split seed: 3012
[2026-04-02 11:49:50]   Fold 4 split class counts:
[2026-04-02 11:49:50]     train=[16, 16, 16, 16] val=[4, 4, 4, 4] test=[5, 5, 5, 5]
[2026-04-02 11:49:50]   Fold 5 split seed: 3013
[2026-04-02 11:49:50]   Fold 5 split class counts:
[2026-04-02 11:49:50]     train=[16, 16, 16, 16] val=[4, 4, 4, 4] test=[5, 5, 5, 5]
[2026-04-02 11:49:50]   Subject 53 Fold 1 seed: 8309
[2026-04-02 11:49:50]   Subject 53 Fold 1: n_train=64 n_val=16 n_test=20
[2026-04-02 11:49:50]     Train class counts: [16, 16, 16, 16]
[2026-04-02 11:49:50]     Val class counts:   [4, 4, 4, 4]
[2026-04-02 11:49:50]     Test class counts:  [5, 5, 5, 5]
[2026-04-02 11:49:50] Building model with input window duration: 4.1875 s
[2026-04-02 11:49:50] Pretrained weight loading:
[2026-04-02 11:49:50]   Downloaded keys:        179
[2026-04-02 11:49:50]   Filtered (transformer): 172
[2026-04-02 11:49:50]   Filtered (pos_encoder): 0
[2026-04-02 11:49:50]   Keys to load:           7
[2026-04-02 11:49:50]   Missing keys:           4
[2026-04-02 11:49:50]   Unexpected keys:        0
[2026-04-02 11:49:50]   Missing preview:        ['spatial_conv.1.weight', 'spatial_conv.1.bias', 'final_layer.1.weight', 'final_layer.1.bias']
[2026-04-02 11:49:50]   Unexpected preview:     []
[2026-04-02 11:49:50] Encoder freeze configuration:
[2026-04-02 11:49:50]   Total parameters:        18,192
[2026-04-02 11:49:50]   Trainable parameters:    4,352
[2026-04-02 11:49:50]   Training percentage:     23.9%
[2026-04-02 11:49:50]   Trainable layers: 4
[2026-04-02 11:49:50]     - final_layer.1.bias
[2026-04-02 11:49:50]     - final_layer.1.weight
[2026-04-02 11:49:50]     - spatial_conv.1.bias
[2026-04-02 11:49:50]     - spatial_conv.1.weight
[2026-04-02 11:49:50]     Train generator seeded: True
[2026-04-02 11:50:03]     Stopped epoch:            1444
[2026-04-02 11:50:03]     Best epoch (valid_loss):  1394
[2026-04-02 11:50:03]     Best valid_loss:          0.3350535035133362
[2026-04-02 11:50:03]     Test accuracy (primary):  0.9500
[2026-04-02 11:50:03]     Test balanced acc:        0.9500
[2026-04-02 11:50:03]     Confusion matrix:         [[5, 0, 0, 0], [0, 4, 1, 0], [0, 0, 5, 0], [0, 0, 0, 5]]
[2026-04-02 11:50:03]     Prediction histogram:     [5, 4, 6, 5]
[2026-04-02 11:50:03]     fold_acc=0.9500 fold_bal_acc=0.9500 cm=[[5, 0, 0, 0], [0, 4, 1, 0], [0, 0, 5, 0], [0, 0, 0, 5]]
[2026-04-02 11:50:03]   Subject 53 Fold 2 seed: 8310
[2026-04-02 11:50:03]   Subject 53 Fold 2: n_train=64 n_val=16 n_test=20
[2026-04-02 11:50:03]     Train class counts: [16, 16, 16, 16]
[2026-04-02 11:50:03]     Val class counts:   [4, 4, 4, 4]
[2026-04-02 11:50:03]     Test class counts:  [5, 5, 5, 5]
[2026-04-02 11:50:03] Building model with input window duration: 4.1875 s
[2026-04-02 11:50:03] Pretrained weight loading:
[2026-04-02 11:50:03]   Downloaded keys:        179
[2026-04-02 11:50:03]   Filtered (transformer): 172
[2026-04-02 11:50:03]   Filtered (pos_encoder): 0
[2026-04-02 11:50:03]   Keys to load:           7
[2026-04-02 11:50:03]   Missing keys:           4
[2026-04-02 11:50:03]   Unexpected keys:        0
[2026-04-02 11:50:03]   Missing preview:        ['spatial_conv.1.weight', 'spatial_conv.1.bias', 'final_layer.1.weight', 'final_layer.1.bias']
[2026-04-02 11:50:03]   Unexpected preview:     []
[2026-04-02 11:50:03] Encoder freeze configuration:
[2026-04-02 11:50:03]   Total parameters:        18,192
[2026-04-02 11:50:03]   Trainable parameters:    4,352
[2026-04-02 11:50:03]   Training percentage:     23.9%
[2026-04-02 11:50:03]   Trainable layers: 4
[2026-04-02 11:50:03]     - final_layer.1.bias
[2026-04-02 11:50:03]     - final_layer.1.weight
[2026-04-02 11:50:03]     - spatial_conv.1.bias
[2026-04-02 11:50:03]     - spatial_conv.1.weight
[2026-04-02 11:50:03]     Train generator seeded: True
[2026-04-02 11:50:48]     Stopped epoch:            5000
[2026-04-02 11:50:48]     Best epoch (valid_loss):  5000
[2026-04-02 11:50:48]     Best valid_loss:          0.0575205534696579
[2026-04-02 11:50:48]     Test accuracy (primary):  0.8500
[2026-04-02 11:50:48]     Test balanced acc:        0.8500
[2026-04-02 11:50:48]     Confusion matrix:         [[4, 0, 0, 1], [0, 5, 0, 0], [0, 1, 4, 0], [0, 1, 0, 4]]
[2026-04-02 11:50:48]     Prediction histogram:     [4, 7, 4, 5]
[2026-04-02 11:50:48]     fold_acc=0.8500 fold_bal_acc=0.8500 cm=[[4, 0, 0, 1], [0, 5, 0, 0], [0, 1, 4, 0], [0, 1, 0, 4]]
[2026-04-02 11:50:48]   Subject 53 Fold 3 seed: 8311
[2026-04-02 11:50:48]   Subject 53 Fold 3: n_train=64 n_val=16 n_test=20
[2026-04-02 11:50:48]     Train class counts: [16, 16, 16, 16]
[2026-04-02 11:50:48]     Val class counts:   [4, 4, 4, 4]
[2026-04-02 11:50:48]     Test class counts:  [5, 5, 5, 5]
[2026-04-02 11:50:48] Building model with input window duration: 4.1875 s
[2026-04-02 11:50:48] Pretrained weight loading:
[2026-04-02 11:50:48]   Downloaded keys:        179
[2026-04-02 11:50:48]   Filtered (transformer): 172
[2026-04-02 11:50:48]   Filtered (pos_encoder): 0
[2026-04-02 11:50:48]   Keys to load:           7
[2026-04-02 11:50:48]   Missing keys:           4
[2026-04-02 11:50:48]   Unexpected keys:        0
[2026-04-02 11:50:48]   Missing preview:        ['spatial_conv.1.weight', 'spatial_conv.1.bias', 'final_layer.1.weight', 'final_layer.1.bias']
[2026-04-02 11:50:48]   Unexpected preview:     []
[2026-04-02 11:50:48] Encoder freeze configuration:
[2026-04-02 11:50:48]   Total parameters:        18,192
[2026-04-02 11:50:48]   Trainable parameters:    4,352
[2026-04-02 11:50:48]   Training percentage:     23.9%
[2026-04-02 11:50:48]   Trainable layers: 4
[2026-04-02 11:50:48]     - final_layer.1.bias
[2026-04-02 11:50:48]     - final_layer.1.weight
[2026-04-02 11:50:48]     - spatial_conv.1.bias
[2026-04-02 11:50:48]     - spatial_conv.1.weight
[2026-04-02 11:50:48]     Train generator seeded: True
[2026-04-02 11:51:21]     Stopped epoch:            3764
[2026-04-02 11:51:21]     Best epoch (valid_loss):  3714
[2026-04-02 11:51:21]     Best valid_loss:          0.07752220332622528
[2026-04-02 11:51:21]     Test accuracy (primary):  0.9500
[2026-04-02 11:51:21]     Test balanced acc:        0.9500
[2026-04-02 11:51:21]     Confusion matrix:         [[5, 0, 0, 0], [0, 5, 0, 0], [0, 0, 5, 0], [1, 0, 0, 4]]
[2026-04-02 11:51:21]     Prediction histogram:     [6, 5, 5, 4]
[2026-04-02 11:51:21]     fold_acc=0.9500 fold_bal_acc=0.9500 cm=[[5, 0, 0, 0], [0, 5, 0, 0], [0, 0, 5, 0], [1, 0, 0, 4]]
[2026-04-02 11:51:21]   Subject 53 Fold 4 seed: 8312
[2026-04-02 11:51:21]   Subject 53 Fold 4: n_train=64 n_val=16 n_test=20
[2026-04-02 11:51:21]     Train class counts: [16, 16, 16, 16]
[2026-04-02 11:51:21]     Val class counts:   [4, 4, 4, 4]
[2026-04-02 11:51:21]     Test class counts:  [5, 5, 5, 5]
[2026-04-02 11:51:21] Building model with input window duration: 4.1875 s
[2026-04-02 11:51:21] Pretrained weight loading:
[2026-04-02 11:51:21]   Downloaded keys:        179
[2026-04-02 11:51:21]   Filtered (transformer): 172
[2026-04-02 11:51:21]   Filtered (pos_encoder): 0
[2026-04-02 11:51:21]   Keys to load:           7
[2026-04-02 11:51:21]   Missing keys:           4
[2026-04-02 11:51:21]   Unexpected keys:        0
[2026-04-02 11:51:21]   Missing preview:        ['spatial_conv.1.weight', 'spatial_conv.1.bias', 'final_layer.1.weight', 'final_layer.1.bias']
[2026-04-02 11:51:21]   Unexpected preview:     []
[2026-04-02 11:51:21] Encoder freeze configuration:
[2026-04-02 11:51:21]   Total parameters:        18,192
[2026-04-02 11:51:21]   Trainable parameters:    4,352
[2026-04-02 11:51:21]   Training percentage:     23.9%
[2026-04-02 11:51:21]   Trainable layers: 4
[2026-04-02 11:51:21]     - final_layer.1.bias
[2026-04-02 11:51:21]     - final_layer.1.weight
[2026-04-02 11:51:21]     - spatial_conv.1.bias
[2026-04-02 11:51:21]     - spatial_conv.1.weight
[2026-04-02 11:51:21]     Train generator seeded: True
[2026-04-02 11:51:45]     Stopped epoch:            2619
[2026-04-02 11:51:45]     Best epoch (valid_loss):  2569
[2026-04-02 11:51:45]     Best valid_loss:          0.1848294883966446
[2026-04-02 11:51:45]     Test accuracy (primary):  0.9000
[2026-04-02 11:51:45]     Test balanced acc:        0.9000
[2026-04-02 11:51:45]     Confusion matrix:         [[3, 0, 2, 0], [0, 5, 0, 0], [0, 0, 5, 0], [0, 0, 0, 5]]
[2026-04-02 11:51:45]     Prediction histogram:     [3, 5, 7, 5]
[2026-04-02 11:51:45]     fold_acc=0.9000 fold_bal_acc=0.9000 cm=[[3, 0, 2, 0], [0, 5, 0, 0], [0, 0, 5, 0], [0, 0, 0, 5]]
[2026-04-02 11:51:45]   Subject 53 Fold 5 seed: 8313
[2026-04-02 11:51:45]   Subject 53 Fold 5: n_train=64 n_val=16 n_test=20
[2026-04-02 11:51:45]     Train class counts: [16, 16, 16, 16]
[2026-04-02 11:51:45]     Val class counts:   [4, 4, 4, 4]
[2026-04-02 11:51:45]     Test class counts:  [5, 5, 5, 5]
[2026-04-02 11:51:45] Building model with input window duration: 4.1875 s
[2026-04-02 11:51:45] Pretrained weight loading:
[2026-04-02 11:51:45]   Downloaded keys:        179
[2026-04-02 11:51:45]   Filtered (transformer): 172
[2026-04-02 11:51:45]   Filtered (pos_encoder): 0
[2026-04-02 11:51:45]   Keys to load:           7
[2026-04-02 11:51:45]   Missing keys:           4
[2026-04-02 11:51:45]   Unexpected keys:        0
[2026-04-02 11:51:45]   Missing preview:        ['spatial_conv.1.weight', 'spatial_conv.1.bias', 'final_layer.1.weight', 'final_layer.1.bias']
[2026-04-02 11:51:45]   Unexpected preview:     []
[2026-04-02 11:51:45] Encoder freeze configuration:
[2026-04-02 11:51:45]   Total parameters:        18,192
[2026-04-02 11:51:45]   Trainable parameters:    4,352
[2026-04-02 11:51:45]   Training percentage:     23.9%
[2026-04-02 11:51:45]   Trainable layers: 4
[2026-04-02 11:51:45]     - final_layer.1.bias
[2026-04-02 11:51:45]     - final_layer.1.weight
[2026-04-02 11:51:45]     - spatial_conv.1.bias
[2026-04-02 11:51:45]     - spatial_conv.1.weight
[2026-04-02 11:51:45]     Train generator seeded: True
[2026-04-02 11:52:30]     Stopped epoch:            5000
[2026-04-02 11:52:30]     Best epoch (valid_loss):  4999
[2026-04-02 11:52:30]     Best valid_loss:          0.028942938894033432
[2026-04-02 11:52:30]     Test accuracy (primary):  1.0000
[2026-04-02 11:52:30]     Test balanced acc:        1.0000
[2026-04-02 11:52:30]     Confusion matrix:         [[5, 0, 0, 0], [0, 5, 0, 0], [0, 0, 5, 0], [0, 0, 0, 5]]
[2026-04-02 11:52:30]     Prediction histogram:     [5, 5, 5, 5]
[2026-04-02 11:52:30]     fold_acc=1.0000 fold_bal_acc=1.0000 cm=[[5, 0, 0, 0], [0, 5, 0, 0], [0, 0, 5, 0], [0, 0, 0, 5]]
[2026-04-02 11:52:30]   Subject 53 mean accuracy: 0.9300

[2026-04-02 11:52:30] Subject 54: 100 windows class_counts=[25, 25, 25, 25]
[2026-04-02 11:52:30]   Fold 1 split seed: 3009
[2026-04-02 11:52:30]   Fold 1 split class counts:
[2026-04-02 11:52:30]     train=[16, 16, 16, 16] val=[4, 4, 4, 4] test=[5, 5, 5, 5]
[2026-04-02 11:52:30]   Fold 2 split seed: 3010
[2026-04-02 11:52:30]   Fold 2 split class counts:
[2026-04-02 11:52:30]     train=[16, 16, 16, 16] val=[4, 4, 4, 4] test=[5, 5, 5, 5]
[2026-04-02 11:52:30]   Fold 3 split seed: 3011
[2026-04-02 11:52:30]   Fold 3 split class counts:
[2026-04-02 11:52:30]     train=[16, 16, 16, 16] val=[4, 4, 4, 4] test=[5, 5, 5, 5]
[2026-04-02 11:52:30]   Fold 4 split seed: 3012
[2026-04-02 11:52:30]   Fold 4 split class counts:
[2026-04-02 11:52:30]     train=[16, 16, 16, 16] val=[4, 4, 4, 4] test=[5, 5, 5, 5]
[2026-04-02 11:52:30]   Fold 5 split seed: 3013
[2026-04-02 11:52:30]   Fold 5 split class counts:
[2026-04-02 11:52:30]     train=[16, 16, 16, 16] val=[4, 4, 4, 4] test=[5, 5, 5, 5]
[2026-04-02 11:52:30]   Subject 54 Fold 1 seed: 8409
[2026-04-02 11:52:30]   Subject 54 Fold 1: n_train=64 n_val=16 n_test=20
[2026-04-02 11:52:30]     Train class counts: [16, 16, 16, 16]
[2026-04-02 11:52:30]     Val class counts:   [4, 4, 4, 4]
[2026-04-02 11:52:30]     Test class counts:  [5, 5, 5, 5]
[2026-04-02 11:52:30] Building model with input window duration: 4.1875 s
[2026-04-02 11:52:30] Pretrained weight loading:
[2026-04-02 11:52:30]   Downloaded keys:        179
[2026-04-02 11:52:30]   Filtered (transformer): 172
[2026-04-02 11:52:30]   Filtered (pos_encoder): 0
[2026-04-02 11:52:30]   Keys to load:           7
[2026-04-02 11:52:30]   Missing keys:           4
[2026-04-02 11:52:30]   Unexpected keys:        0
[2026-04-02 11:52:30]   Missing preview:        ['spatial_conv.1.weight', 'spatial_conv.1.bias', 'final_layer.1.weight', 'final_layer.1.bias']
[2026-04-02 11:52:30]   Unexpected preview:     []
[2026-04-02 11:52:30] Encoder freeze configuration:
[2026-04-02 11:52:30]   Total parameters:        18,192
[2026-04-02 11:52:30]   Trainable parameters:    4,352
[2026-04-02 11:52:30]   Training percentage:     23.9%
[2026-04-02 11:52:30]   Trainable layers: 4
[2026-04-02 11:52:30]     - final_layer.1.bias
[2026-04-02 11:52:30]     - final_layer.1.weight
[2026-04-02 11:52:30]     - spatial_conv.1.bias
[2026-04-02 11:52:30]     - spatial_conv.1.weight
[2026-04-02 11:52:30]     Train generator seeded: True
[2026-04-02 11:52:36]     Stopped epoch:            666
[2026-04-02 11:52:36]     Best epoch (valid_loss):  616
[2026-04-02 11:52:36]     Best valid_loss:          0.9688407778739929
[2026-04-02 11:52:36]     Test accuracy (primary):  0.6500
[2026-04-02 11:52:36]     Test balanced acc:        0.6500
[2026-04-02 11:52:36]     Confusion matrix:         [[5, 0, 0, 0], [0, 2, 0, 3], [0, 3, 1, 1], [0, 0, 0, 5]]
[2026-04-02 11:52:36]     Prediction histogram:     [5, 5, 1, 9]
[2026-04-02 11:52:36]     fold_acc=0.6500 fold_bal_acc=0.6500 cm=[[5, 0, 0, 0], [0, 2, 0, 3], [0, 3, 1, 1], [0, 0, 0, 5]]
[2026-04-02 11:52:36]   Subject 54 Fold 2 seed: 8410
[2026-04-02 11:52:36]   Subject 54 Fold 2: n_train=64 n_val=16 n_test=20
[2026-04-02 11:52:36]     Train class counts: [16, 16, 16, 16]
[2026-04-02 11:52:36]     Val class counts:   [4, 4, 4, 4]
[2026-04-02 11:52:36]     Test class counts:  [5, 5, 5, 5]
[2026-04-02 11:52:36] Building model with input window duration: 4.1875 s
[2026-04-02 11:52:36] Pretrained weight loading:
[2026-04-02 11:52:36]   Downloaded keys:        179
[2026-04-02 11:52:36]   Filtered (transformer): 172
[2026-04-02 11:52:36]   Filtered (pos_encoder): 0
[2026-04-02 11:52:36]   Keys to load:           7
[2026-04-02 11:52:36]   Missing keys:           4
[2026-04-02 11:52:36]   Unexpected keys:        0
[2026-04-02 11:52:36]   Missing preview:        ['spatial_conv.1.weight', 'spatial_conv.1.bias', 'final_layer.1.weight', 'final_layer.1.bias']
[2026-04-02 11:52:36]   Unexpected preview:     []
[2026-04-02 11:52:36] Encoder freeze configuration:
[2026-04-02 11:52:36]   Total parameters:        18,192
[2026-04-02 11:52:36]   Trainable parameters:    4,352
[2026-04-02 11:52:36]   Training percentage:     23.9%
[2026-04-02 11:52:36]   Trainable layers: 4
[2026-04-02 11:52:36]     - final_layer.1.bias
[2026-04-02 11:52:36]     - final_layer.1.weight
[2026-04-02 11:52:36]     - spatial_conv.1.bias
[2026-04-02 11:52:36]     - spatial_conv.1.weight
[2026-04-02 11:52:36]     Train generator seeded: True
[2026-04-02 11:52:36]     Stopped epoch:            51
[2026-04-02 11:52:36]     Best epoch (valid_loss):  1
[2026-04-02 11:52:36]     Best valid_loss:          1.3887193202972412
[2026-04-02 11:52:36]     Test accuracy (primary):  0.2500
[2026-04-02 11:52:36]     Test balanced acc:        0.2500
[2026-04-02 11:52:36]     Confusion matrix:         [[1, 0, 4, 0], [1, 0, 4, 0], [1, 0, 4, 0], [2, 0, 3, 0]]
[2026-04-02 11:52:36]     Prediction histogram:     [5, 0, 15, 0]
[2026-04-02 11:52:36]     fold_acc=0.2500 fold_bal_acc=0.2500 cm=[[1, 0, 4, 0], [1, 0, 4, 0], [1, 0, 4, 0], [2, 0, 3, 0]]
[2026-04-02 11:52:36]   Subject 54 Fold 3 seed: 8411
[2026-04-02 11:52:36]   Subject 54 Fold 3: n_train=64 n_val=16 n_test=20
[2026-04-02 11:52:36]     Train class counts: [16, 16, 16, 16]
[2026-04-02 11:52:36]     Val class counts:   [4, 4, 4, 4]
[2026-04-02 11:52:36]     Test class counts:  [5, 5, 5, 5]
[2026-04-02 11:52:36] Building model with input window duration: 4.1875 s
[2026-04-02 11:52:36] Pretrained weight loading:
[2026-04-02 11:52:36]   Downloaded keys:        179
[2026-04-02 11:52:36]   Filtered (transformer): 172
[2026-04-02 11:52:36]   Filtered (pos_encoder): 0
[2026-04-02 11:52:36]   Keys to load:           7
[2026-04-02 11:52:36]   Missing keys:           4
[2026-04-02 11:52:36]   Unexpected keys:        0
[2026-04-02 11:52:36]   Missing preview:        ['spatial_conv.1.weight', 'spatial_conv.1.bias', 'final_layer.1.weight', 'final_layer.1.bias']
[2026-04-02 11:52:36]   Unexpected preview:     []
[2026-04-02 11:52:36] Encoder freeze configuration:
[2026-04-02 11:52:36]   Total parameters:        18,192
[2026-04-02 11:52:36]   Trainable parameters:    4,352
[2026-04-02 11:52:36]   Training percentage:     23.9%
[2026-04-02 11:52:36]   Trainable layers: 4
[2026-04-02 11:52:36]     - final_layer.1.bias
[2026-04-02 11:52:36]     - final_layer.1.weight
[2026-04-02 11:52:36]     - spatial_conv.1.bias
[2026-04-02 11:52:36]     - spatial_conv.1.weight
[2026-04-02 11:52:36]     Train generator seeded: True
[2026-04-02 11:52:41]     Stopped epoch:            546
[2026-04-02 11:52:41]     Best epoch (valid_loss):  496
[2026-04-02 11:52:41]     Best valid_loss:          1.0515755414962769
[2026-04-02 11:52:41]     Test accuracy (primary):  0.4500
[2026-04-02 11:52:41]     Test balanced acc:        0.4500
[2026-04-02 11:52:41]     Confusion matrix:         [[3, 0, 1, 1], [1, 2, 0, 2], [0, 2, 2, 1], [0, 2, 1, 2]]
[2026-04-02 11:52:41]     Prediction histogram:     [4, 6, 4, 6]
[2026-04-02 11:52:41]     fold_acc=0.4500 fold_bal_acc=0.4500 cm=[[3, 0, 1, 1], [1, 2, 0, 2], [0, 2, 2, 1], [0, 2, 1, 2]]
[2026-04-02 11:52:41]   Subject 54 Fold 4 seed: 8412
[2026-04-02 11:52:41]   Subject 54 Fold 4: n_train=64 n_val=16 n_test=20
[2026-04-02 11:52:41]     Train class counts: [16, 16, 16, 16]
[2026-04-02 11:52:41]     Val class counts:   [4, 4, 4, 4]
[2026-04-02 11:52:41]     Test class counts:  [5, 5, 5, 5]
[2026-04-02 11:52:41] Building model with input window duration: 4.1875 s
[2026-04-02 11:52:41] Pretrained weight loading:
[2026-04-02 11:52:41]   Downloaded keys:        179
[2026-04-02 11:52:41]   Filtered (transformer): 172
[2026-04-02 11:52:41]   Filtered (pos_encoder): 0
[2026-04-02 11:52:41]   Keys to load:           7
[2026-04-02 11:52:41]   Missing keys:           4
[2026-04-02 11:52:41]   Unexpected keys:        0
[2026-04-02 11:52:41]   Missing preview:        ['spatial_conv.1.weight', 'spatial_conv.1.bias', 'final_layer.1.weight', 'final_layer.1.bias']
[2026-04-02 11:52:41]   Unexpected preview:     []
[2026-04-02 11:52:41] Encoder freeze configuration:
[2026-04-02 11:52:41]   Total parameters:        18,192
[2026-04-02 11:52:41]   Trainable parameters:    4,352
[2026-04-02 11:52:41]   Training percentage:     23.9%
[2026-04-02 11:52:41]   Trainable layers: 4
[2026-04-02 11:52:41]     - final_layer.1.bias
[2026-04-02 11:52:41]     - final_layer.1.weight
[2026-04-02 11:52:41]     - spatial_conv.1.bias
[2026-04-02 11:52:41]     - spatial_conv.1.weight
[2026-04-02 11:52:41]     Train generator seeded: True
[2026-04-02 11:52:41]     Stopped epoch:            51
[2026-04-02 11:52:41]     Best epoch (valid_loss):  1
[2026-04-02 11:52:41]     Best valid_loss:          1.3875782489776611
[2026-04-02 11:52:41]     Test accuracy (primary):  0.2500
[2026-04-02 11:52:41]     Test balanced acc:        0.2500
[2026-04-02 11:52:41]     Confusion matrix:         [[1, 1, 0, 3], [1, 1, 0, 3], [0, 1, 0, 4], [2, 0, 0, 3]]
[2026-04-02 11:52:41]     Prediction histogram:     [4, 3, 0, 13]
[2026-04-02 11:52:41]     fold_acc=0.2500 fold_bal_acc=0.2500 cm=[[1, 1, 0, 3], [1, 1, 0, 3], [0, 1, 0, 4], [2, 0, 0, 3]]
[2026-04-02 11:52:41]   Subject 54 Fold 5 seed: 8413
[2026-04-02 11:52:41]   Subject 54 Fold 5: n_train=64 n_val=16 n_test=20
[2026-04-02 11:52:41]     Train class counts: [16, 16, 16, 16]
[2026-04-02 11:52:41]     Val class counts:   [4, 4, 4, 4]
[2026-04-02 11:52:41]     Test class counts:  [5, 5, 5, 5]
[2026-04-02 11:52:41] Building model with input window duration: 4.1875 s
[2026-04-02 11:52:41] Pretrained weight loading:
[2026-04-02 11:52:41]   Downloaded keys:        179
[2026-04-02 11:52:41]   Filtered (transformer): 172
[2026-04-02 11:52:41]   Filtered (pos_encoder): 0
[2026-04-02 11:52:41]   Keys to load:           7
[2026-04-02 11:52:41]   Missing keys:           4
[2026-04-02 11:52:41]   Unexpected keys:        0
[2026-04-02 11:52:41]   Missing preview:        ['spatial_conv.1.weight', 'spatial_conv.1.bias', 'final_layer.1.weight', 'final_layer.1.bias']
[2026-04-02 11:52:41]   Unexpected preview:     []
[2026-04-02 11:52:41] Encoder freeze configuration:
[2026-04-02 11:52:41]   Total parameters:        18,192
[2026-04-02 11:52:41]   Trainable parameters:    4,352
[2026-04-02 11:52:41]   Training percentage:     23.9%
[2026-04-02 11:52:41]   Trainable layers: 4
[2026-04-02 11:52:41]     - final_layer.1.bias
[2026-04-02 11:52:41]     - final_layer.1.weight
[2026-04-02 11:52:41]     - spatial_conv.1.bias
[2026-04-02 11:52:41]     - spatial_conv.1.weight
[2026-04-02 11:52:41]     Train generator seeded: True
[2026-04-02 11:52:47]     Stopped epoch:            695
[2026-04-02 11:52:47]     Best epoch (valid_loss):  645
[2026-04-02 11:52:47]     Best valid_loss:          0.8665063381195068
[2026-04-02 11:52:47]     Test accuracy (primary):  0.7000
[2026-04-02 11:52:47]     Test balanced acc:        0.7000
[2026-04-02 11:52:47]     Confusion matrix:         [[4, 0, 1, 0], [0, 3, 2, 0], [0, 1, 4, 0], [0, 0, 2, 3]]
[2026-04-02 11:52:47]     Prediction histogram:     [4, 4, 9, 3]
[2026-04-02 11:52:47]     fold_acc=0.7000 fold_bal_acc=0.7000 cm=[[4, 0, 1, 0], [0, 3, 2, 0], [0, 1, 4, 0], [0, 0, 2, 3]]
[2026-04-02 11:52:48]   Subject 54 mean accuracy: 0.4600

[2026-04-02 11:52:48] Total folds completed: 30
[2026-04-02 11:52:48] ======================================================================
[2026-04-02 11:52:48] AGGREGATED RESULTS
[2026-04-02 11:52:48] ======================================================================
[2026-04-02 11:52:48]   Subject 48:  acc=0.9600±0.0374  bal_acc=0.9600±0.0374
[2026-04-02 11:52:48]   Subject 49:  acc=0.8600±0.0583  bal_acc=0.8600±0.0583
[2026-04-02 11:52:48]   Subject 50:  acc=0.9100±0.0490  bal_acc=0.9100±0.0490
[2026-04-02 11:52:48]   Subject 52:  acc=0.9600±0.0583  bal_acc=0.9600±0.0583
[2026-04-02 11:52:48]   Subject 53:  acc=0.9300±0.0510  bal_acc=0.9300±0.0510
[2026-04-02 11:52:48]   Subject 54:  acc=0.4600±0.1908  bal_acc=0.4600±0.1908
[2026-04-02 11:52:48] ----------------------------------------------------------------------
[2026-04-02 11:52:48]   OVERALL:      acc=0.8467±0.1983  bal_acc=0.8467±0.1983
[2026-04-02 11:52:48] ======================================================================
[2026-04-02 11:52:48] CV results saved to:      /home/vegorov/Repos/eeg_jepa_research/artifacts/lee-2019-fine-tuning/SSVEP/20260402_1140_10539488/cv_results.json
[2026-04-02 11:52:48] Subject metrics saved to: /home/vegorov/Repos/eeg_jepa_research/artifacts/lee-2019-fine-tuning/SSVEP/20260402_1140_10539488/subject_metrics.json
[2026-04-02 11:52:48] Global metrics saved to:  /home/vegorov/Repos/eeg_jepa_research/artifacts/lee-2019-fine-tuning/SSVEP/20260402_1140_10539488/global_metrics.json
[2026-04-02 11:52:48] Run metadata saved to:    /home/vegorov/Repos/eeg_jepa_research/artifacts/lee-2019-fine-tuning/SSVEP/20260402_1140_10539488/run_metadata.json

[2026-04-02 11:52:48] All artifacts in: /home/vegorov/Repos/eeg_jepa_research/artifacts/lee-2019-fine-tuning/SSVEP/20260402_1140_10539488

[2026-04-02 11:52:48] ======================================================================
[2026-04-02 11:52:48] EXPERIMENT SUMMARY
[2026-04-02 11:52:48] ======================================================================
[2026-04-02 11:52:48] Run ID:    20260402_1140_10539488
[2026-04-02 11:52:48] Artifacts: /home/vegorov/Repos/eeg_jepa_research/artifacts/lee-2019-fine-tuning/SSVEP/20260402_1140_10539488

[2026-04-02 11:52:48] Configuration:
[2026-04-02 11:52:48]   Subjects:          [48, 49, 50, 52, 53, 54]
[2026-04-02 11:52:48]   Bandpass:          0.5-40.0 Hz
[2026-04-02 11:52:48]   Resample:          128 Hz
[2026-04-02 11:52:48]   CV folds:          5
[2026-04-02 11:52:48]   Learning rate:     0.001
[2026-04-02 11:52:48]   Batch size:        32
[2026-04-02 11:52:48]   Max epochs:        5000

[2026-04-02 11:52:48] Results:
[2026-04-02 11:52:48]   Mean Accuracy:          0.8467 ± 0.1983
[2026-04-02 11:52:48]   Mean Balanced Accuracy: 0.8467 ± 0.1983
