[2026-04-22 16:11:18] Using device: cpu
[2026-04-22 16:11:18] Seed control disabled (CONFIG['set_seed'] = False)
[2026-04-22 16:11:18] ======================================================================
[2026-04-22 16:11:18] CONFIGURATION
[2026-04-22 16:11:18] ======================================================================
[2026-04-22 16:11:18]   artifact_dir: /home/vegorov/Repos/eeg_jepa_research/artifacts/lee-2019-fine-tuning
[2026-04-22 16:11:18]   bandpass_high: 40.0
[2026-04-22 16:11:18]   bandpass_low: 0.5
[2026-04-22 16:11:18]   batch_size: 32
[2026-04-22 16:11:18]   cv_folds: 5
[2026-04-22 16:11:18]   early_stopping_patience: 50
[2026-04-22 16:11:18]   learning_rate: 0.001
[2026-04-22 16:11:18]   model_name: SignalJEPA_Contextual
[2026-04-22 16:11:18]   n_epochs: 5000
[2026-04-22 16:11:18]   paradigm: MI
[2026-04-22 16:11:18]   seed: 12
[2026-04-22 16:11:18]   set_seed: False
[2026-04-22 16:11:18]   sfreq: 128
[2026-04-22 16:11:18]   strategy: new
[2026-04-22 16:11:18]   subjects_to_use: None
[2026-04-22 16:11:18]   val_split: 0.2
[2026-04-22 16:11:18]   warmup_epochs: 10
[2026-04-22 16:11:18] ======================================================================
[2026-04-22 16:11:18] Config saved to: /home/vegorov/Repos/eeg_jepa_research/artifacts/lee-2019-fine-tuning/MI/20260422_1611_bf7b511a/config.json
[2026-04-22 16:11:18] Epoch window configuration:
[2026-04-22 16:11:18]   Target sfreq:                128 Hz
[2026-04-22 16:11:18]   Requested duration:          4.20 s
[2026-04-22 16:11:18]   Expected window samples:     537

[2026-04-22 16:11:18] Preprocessed concat dataset exists: True (checked at: /home/vegorov/Repos/eeg_jepa_research/preprocessed_concat_datasets/MI_subjects_48_49_50_51_52_53_54)
[2026-04-22 16:11:18] Loaded raw concat dataset from: /home/vegorov/Repos/eeg_jepa_research/preprocessed_concat_datasets/MI_subjects_48_49_50_51_52_53_54

[2026-04-22 16:11:18] Post-load raw validation
[2026-04-22 16:11:18]   Recordings in LOADED_DATASET:   14
[2026-04-22 16:11:18]   Unique subject IDs:             ['48', '49', '50', '51', '52', '53', '54']
[2026-04-22 16:11:18]   sfreq (first rec):              128.0 Hz
[2026-04-22 16:11:18]   EEG channel count:              62
[2026-04-22 16:11:19] Window shape: (62, 537)
[2026-04-22 16:11:19] Window sample length expected=537, got=537
[2026-04-22 16:11:19] Global class counts: [700, 700]
[2026-04-22 16:11:19] Chance level (2-class): 0.50
[2026-04-22 16:11:19] Summarizing per-subject windows...
[2026-04-22 16:11:19]   Subject 48: n_windows=200, window_shape=(62, 537), class_counts=[100, 100]
[2026-04-22 16:11:19]   Subject 49: n_windows=200, window_shape=(62, 537), class_counts=[100, 100]
[2026-04-22 16:11:19]   Subject 50: n_windows=200, window_shape=(62, 537), class_counts=[100, 100]
[2026-04-22 16:11:19]   Subject 51: n_windows=200, window_shape=(62, 537), class_counts=[100, 100]
[2026-04-22 16:11:19]   Subject 52: n_windows=200, window_shape=(62, 537), class_counts=[100, 100]
[2026-04-22 16:11:19]   Subject 53: n_windows=200, window_shape=(62, 537), class_counts=[100, 100]
[2026-04-22 16:11:19]   Subject 54: n_windows=200, window_shape=(62, 537), class_counts=[100, 100]
[2026-04-22 16:11:19] SignalJEPA_Contextual instantiated successfully from braindecode/signal-jepa.
[2026-04-22 16:11:19]   Total parameters:     3,459,154
[2026-04-22 16:11:19]   Trainable parameters: 3,459,154
[2026-04-22 16:11:19] ======================================================================
[2026-04-22 16:11:19] STARTING CROSS-VALIDATION
[2026-04-22 16:11:19] ======================================================================
[2026-04-22 16:11:19] Subjects:      [48, 49, 50, 51, 52, 53, 54]
[2026-04-22 16:11:19] Paradigm:      MI
[2026-04-22 16:11:19] Model:         SignalJEPA_Contextual
[2026-04-22 16:11:19] Strategy:      new
[2026-04-22 16:11:19] Warm-up epochs:10
[2026-04-22 16:11:19] CV folds:      5
[2026-04-22 16:11:19] Batch size:    32
[2026-04-22 16:11:19] Learning rate: 0.001
[2026-04-22 16:11:19] Max epochs:    5000
[2026-04-22 16:11:19] Device:        cpu
[2026-04-22 16:11:19] Seed control:  False
[2026-04-22 16:11:19] CV seed:       12
[2026-04-22 16:11:19] ======================================================================

[2026-04-22 16:11:19] Subject 48: 200 windows | class_counts=[100, 100]
[2026-04-22 16:11:20]     Downstream model:        SignalJEPA_Contextual
[2026-04-22 16:11:20]     Fine-tune strategy:      new
[2026-04-22 16:11:20]     Pretrained loading path: from_pretrained
[2026-04-22 16:11:20]     Pretrained repo:         braindecode/signal-jepa
[2026-04-22 16:11:20]       Trainable groups: ['pos_encoder.', 'final_layer.']
[2026-04-22 16:11:20]       Total params:     3,459,154
[2026-04-22 16:11:20]       Trainable params: 4,162
[2026-04-22 16:11:20]       Trainable pct:    0.12%
[2026-04-22 16:11:20]       Trainable parameter names: ['pos_encoder.pos_encoder_spat.weight', 'final_layer.spat_conv.weight', 'final_layer.spat_conv.bias', 'final_layer.linear.weight', 'final_layer.linear.bias']
[2026-04-22 16:18:07]   Fold 1/5 | best_epoch=52 | stop=52 | val_loss=0.6931 | acc=0.5000 | bal_acc=0.5000 | roc_auc=N/A
[2026-04-22 16:18:08]     Downstream model:        SignalJEPA_Contextual
[2026-04-22 16:18:08]     Fine-tune strategy:      new
[2026-04-22 16:18:08]     Pretrained loading path: from_pretrained
[2026-04-22 16:18:08]     Pretrained repo:         braindecode/signal-jepa
[2026-04-22 16:18:08]       Trainable groups: ['pos_encoder.', 'final_layer.']
[2026-04-22 16:18:08]       Total params:     3,459,154
[2026-04-22 16:18:08]       Trainable params: 4,162
[2026-04-22 16:18:08]       Trainable pct:    0.12%
[2026-04-22 16:18:08]       Trainable parameter names: ['pos_encoder.pos_encoder_spat.weight', 'final_layer.spat_conv.weight', 'final_layer.spat_conv.bias', 'final_layer.linear.weight', 'final_layer.linear.bias']
[2026-04-22 16:25:21]   Fold 2/5 | best_epoch=55 | stop=55 | val_loss=0.6931 | acc=0.5000 | bal_acc=0.5000 | roc_auc=N/A
[2026-04-22 16:25:22]     Downstream model:        SignalJEPA_Contextual
[2026-04-22 16:25:22]     Fine-tune strategy:      new
[2026-04-22 16:25:22]     Pretrained loading path: from_pretrained
[2026-04-22 16:25:22]     Pretrained repo:         braindecode/signal-jepa
[2026-04-22 16:25:22]       Trainable groups: ['pos_encoder.', 'final_layer.']
[2026-04-22 16:25:22]       Total params:     3,459,154
[2026-04-22 16:25:22]       Trainable params: 4,162
[2026-04-22 16:25:22]       Trainable pct:    0.12%
[2026-04-22 16:25:22]       Trainable parameter names: ['pos_encoder.pos_encoder_spat.weight', 'final_layer.spat_conv.weight', 'final_layer.spat_conv.bias', 'final_layer.linear.weight', 'final_layer.linear.bias']
[2026-04-22 16:32:44]   Fold 3/5 | best_epoch=13 | stop=56 | val_loss=0.6931 | acc=0.5000 | bal_acc=0.5000 | roc_auc=N/A
[2026-04-22 16:32:44]     Downstream model:        SignalJEPA_Contextual
[2026-04-22 16:32:44]     Fine-tune strategy:      new
[2026-04-22 16:32:44]     Pretrained loading path: from_pretrained
[2026-04-22 16:32:44]     Pretrained repo:         braindecode/signal-jepa
[2026-04-22 16:32:44]       Trainable groups: ['pos_encoder.', 'final_layer.']
[2026-04-22 16:32:44]       Total params:     3,459,154
[2026-04-22 16:32:44]       Trainable params: 4,162
[2026-04-22 16:32:44]       Trainable pct:    0.12%
[2026-04-22 16:32:44]       Trainable parameter names: ['pos_encoder.pos_encoder_spat.weight', 'final_layer.spat_conv.weight', 'final_layer.spat_conv.bias', 'final_layer.linear.weight', 'final_layer.linear.bias']
[2026-04-22 16:39:42]   Fold 4/5 | best_epoch=21 | stop=53 | val_loss=0.6931 | acc=0.5000 | bal_acc=0.5000 | roc_auc=N/A
[2026-04-22 16:39:43]     Downstream model:        SignalJEPA_Contextual
[2026-04-22 16:39:43]     Fine-tune strategy:      new
[2026-04-22 16:39:43]     Pretrained loading path: from_pretrained
[2026-04-22 16:39:43]     Pretrained repo:         braindecode/signal-jepa
[2026-04-22 16:39:43]       Trainable groups: ['pos_encoder.', 'final_layer.']
[2026-04-22 16:39:43]       Total params:     3,459,154
[2026-04-22 16:39:43]       Trainable params: 4,162
[2026-04-22 16:39:43]       Trainable pct:    0.12%
[2026-04-22 16:39:43]       Trainable parameter names: ['pos_encoder.pos_encoder_spat.weight', 'final_layer.spat_conv.weight', 'final_layer.spat_conv.bias', 'final_layer.linear.weight', 'final_layer.linear.bias']
[2026-04-22 16:49:08]   Fold 5/5 | best_epoch=41 | stop=72 | val_loss=0.6931 | acc=0.5000 | bal_acc=0.5000 | roc_auc=N/A
[2026-04-22 16:49:08]   Subject 48 summary: acc=0.5000±0.0000  bal_acc=0.5000±0.0000  roc_auc=N/A

[2026-04-22 16:49:08] Subject 49: 200 windows | class_counts=[100, 100]
[2026-04-22 16:49:09]     Downstream model:        SignalJEPA_Contextual
[2026-04-22 16:49:09]     Fine-tune strategy:      new
[2026-04-22 16:49:09]     Pretrained loading path: from_pretrained
[2026-04-22 16:49:09]     Pretrained repo:         braindecode/signal-jepa
[2026-04-22 16:49:09]       Trainable groups: ['pos_encoder.', 'final_layer.']
[2026-04-22 16:49:09]       Total params:     3,459,154
[2026-04-22 16:49:09]       Trainable params: 4,162
[2026-04-22 16:49:09]       Trainable pct:    0.12%
[2026-04-22 16:49:09]       Trainable parameter names: ['pos_encoder.pos_encoder_spat.weight', 'final_layer.spat_conv.weight', 'final_layer.spat_conv.bias', 'final_layer.linear.weight', 'final_layer.linear.bias']
[2026-04-22 16:56:11]   Fold 1/5 | best_epoch=8 | stop=54 | val_loss=0.6931 | acc=0.5000 | bal_acc=0.5000 | roc_auc=N/A
[2026-04-22 16:56:12]     Downstream model:        SignalJEPA_Contextual
[2026-04-22 16:56:12]     Fine-tune strategy:      new
[2026-04-22 16:56:12]     Pretrained loading path: from_pretrained
[2026-04-22 16:56:12]     Pretrained repo:         braindecode/signal-jepa
[2026-04-22 16:56:12]       Trainable groups: ['pos_encoder.', 'final_layer.']
[2026-04-22 16:56:12]       Total params:     3,459,154
[2026-04-22 16:56:12]       Trainable params: 4,162
[2026-04-22 16:56:12]       Trainable pct:    0.12%
[2026-04-22 16:56:12]       Trainable parameter names: ['pos_encoder.pos_encoder_spat.weight', 'final_layer.spat_conv.weight', 'final_layer.spat_conv.bias', 'final_layer.linear.weight', 'final_layer.linear.bias']
[2026-04-22 17:09:16]   Fold 2/5 | best_epoch=90 | stop=100 | val_loss=0.6932 | acc=0.5000 | bal_acc=0.5000 | roc_auc=N/A
[2026-04-22 17:09:17]     Downstream model:        SignalJEPA_Contextual
[2026-04-22 17:09:17]     Fine-tune strategy:      new
[2026-04-22 17:09:17]     Pretrained loading path: from_pretrained
[2026-04-22 17:09:17]     Pretrained repo:         braindecode/signal-jepa
[2026-04-22 17:09:17]       Trainable groups: ['pos_encoder.', 'final_layer.']
[2026-04-22 17:09:17]       Total params:     3,459,154
[2026-04-22 17:09:17]       Trainable params: 4,162
[2026-04-22 17:09:17]       Trainable pct:    0.12%
[2026-04-22 17:09:17]       Trainable parameter names: ['pos_encoder.pos_encoder_spat.weight', 'final_layer.spat_conv.weight', 'final_layer.spat_conv.bias', 'final_layer.linear.weight', 'final_layer.linear.bias']
[2026-04-22 17:15:57]   Fold 3/5 | best_epoch=33 | stop=51 | val_loss=0.6931 | acc=0.5000 | bal_acc=0.5000 | roc_auc=N/A
[2026-04-22 17:15:57]     Downstream model:        SignalJEPA_Contextual
[2026-04-22 17:15:57]     Fine-tune strategy:      new
[2026-04-22 17:15:57]     Pretrained loading path: from_pretrained
[2026-04-22 17:15:57]     Pretrained repo:         braindecode/signal-jepa
[2026-04-22 17:15:57]       Trainable groups: ['pos_encoder.', 'final_layer.']
[2026-04-22 17:15:57]       Total params:     3,459,154
[2026-04-22 17:15:57]       Trainable params: 4,162
[2026-04-22 17:15:57]       Trainable pct:    0.12%
[2026-04-22 17:15:57]       Trainable parameter names: ['pos_encoder.pos_encoder_spat.weight', 'final_layer.spat_conv.weight', 'final_layer.spat_conv.bias', 'final_layer.linear.weight', 'final_layer.linear.bias']
[2026-04-22 17:33:03]   Fold 4/5 | best_epoch=81 | stop=131 | val_loss=0.6931 | acc=0.5000 | bal_acc=0.5000 | roc_auc=N/A
[2026-04-22 17:33:04]     Downstream model:        SignalJEPA_Contextual
[2026-04-22 17:33:04]     Fine-tune strategy:      new
[2026-04-22 17:33:04]     Pretrained loading path: from_pretrained
[2026-04-22 17:33:04]     Pretrained repo:         braindecode/signal-jepa
[2026-04-22 17:33:04]       Trainable groups: ['pos_encoder.', 'final_layer.']
[2026-04-22 17:33:04]       Total params:     3,459,154
[2026-04-22 17:33:04]       Trainable params: 4,162
[2026-04-22 17:33:04]       Trainable pct:    0.12%
[2026-04-22 17:33:04]       Trainable parameter names: ['pos_encoder.pos_encoder_spat.weight', 'final_layer.spat_conv.weight', 'final_layer.spat_conv.bias', 'final_layer.linear.weight', 'final_layer.linear.bias']
[2026-04-22 17:40:06]   Fold 5/5 | best_epoch=22 | stop=54 | val_loss=0.6931 | acc=0.5000 | bal_acc=0.5000 | roc_auc=N/A
[2026-04-22 17:40:06]   Subject 49 summary: acc=0.5000±0.0000  bal_acc=0.5000±0.0000  roc_auc=N/A

[2026-04-22 17:40:06] Subject 50: 200 windows | class_counts=[100, 100]
[2026-04-22 17:40:07]     Downstream model:        SignalJEPA_Contextual
[2026-04-22 17:40:07]     Fine-tune strategy:      new
[2026-04-22 17:40:07]     Pretrained loading path: from_pretrained
[2026-04-22 17:40:07]     Pretrained repo:         braindecode/signal-jepa
[2026-04-22 17:40:07]       Trainable groups: ['pos_encoder.', 'final_layer.']
[2026-04-22 17:40:07]       Total params:     3,459,154
[2026-04-22 17:40:07]       Trainable params: 4,162
[2026-04-22 17:40:07]       Trainable pct:    0.12%
[2026-04-22 17:40:07]       Trainable parameter names: ['pos_encoder.pos_encoder_spat.weight', 'final_layer.spat_conv.weight', 'final_layer.spat_conv.bias', 'final_layer.linear.weight', 'final_layer.linear.bias']
[2026-04-22 17:50:00]   Fold 1/5 | best_epoch=50 | stop=76 | val_loss=0.6931 | acc=0.5000 | bal_acc=0.5000 | roc_auc=N/A
[2026-04-22 17:50:01]     Downstream model:        SignalJEPA_Contextual
[2026-04-22 17:50:01]     Fine-tune strategy:      new
[2026-04-22 17:50:01]     Pretrained loading path: from_pretrained
[2026-04-22 17:50:01]     Pretrained repo:         braindecode/signal-jepa
[2026-04-22 17:50:01]       Trainable groups: ['pos_encoder.', 'final_layer.']
[2026-04-22 17:50:01]       Total params:     3,459,154
[2026-04-22 17:50:01]       Trainable params: 4,162
[2026-04-22 17:50:01]       Trainable pct:    0.12%
[2026-04-22 17:50:01]       Trainable parameter names: ['pos_encoder.pos_encoder_spat.weight', 'final_layer.spat_conv.weight', 'final_layer.spat_conv.bias', 'final_layer.linear.weight', 'final_layer.linear.bias']
[2026-04-22 17:57:12]   Fold 2/5 | best_epoch=35 | stop=55 | val_loss=0.6931 | acc=0.5000 | bal_acc=0.5000 | roc_auc=N/A
[2026-04-22 17:57:13]     Downstream model:        SignalJEPA_Contextual
[2026-04-22 17:57:13]     Fine-tune strategy:      new
[2026-04-22 17:57:13]     Pretrained loading path: from_pretrained
[2026-04-22 17:57:13]     Pretrained repo:         braindecode/signal-jepa
[2026-04-22 17:57:13]       Trainable groups: ['pos_encoder.', 'final_layer.']
[2026-04-22 17:57:13]       Total params:     3,459,154
[2026-04-22 17:57:13]       Trainable params: 4,162
[2026-04-22 17:57:13]       Trainable pct:    0.12%
[2026-04-22 17:57:13]       Trainable parameter names: ['pos_encoder.pos_encoder_spat.weight', 'final_layer.spat_conv.weight', 'final_layer.spat_conv.bias', 'final_layer.linear.weight', 'final_layer.linear.bias']
[2026-04-22 18:04:40]   Fold 3/5 | best_epoch=47 | stop=57 | val_loss=0.6932 | acc=0.5000 | bal_acc=0.5000 | roc_auc=N/A
[2026-04-22 18:04:40]     Downstream model:        SignalJEPA_Contextual
[2026-04-22 18:04:40]     Fine-tune strategy:      new
[2026-04-22 18:04:40]     Pretrained loading path: from_pretrained
[2026-04-22 18:04:40]     Pretrained repo:         braindecode/signal-jepa
[2026-04-22 18:04:40]       Trainable groups: ['pos_encoder.', 'final_layer.']
[2026-04-22 18:04:40]       Total params:     3,459,154
[2026-04-22 18:04:40]       Trainable params: 4,162
[2026-04-22 18:04:40]       Trainable pct:    0.12%
[2026-04-22 18:04:40]       Trainable parameter names: ['pos_encoder.pos_encoder_spat.weight', 'final_layer.spat_conv.weight', 'final_layer.spat_conv.bias', 'final_layer.linear.weight', 'final_layer.linear.bias']
[2026-04-22 18:16:04]   Fold 4/5 | best_epoch=44 | stop=87 | val_loss=0.6932 | acc=0.5000 | bal_acc=0.5000 | roc_auc=N/A
[2026-04-22 18:16:05]     Downstream model:        SignalJEPA_Contextual
[2026-04-22 18:16:05]     Fine-tune strategy:      new
[2026-04-22 18:16:05]     Pretrained loading path: from_pretrained
[2026-04-22 18:16:05]     Pretrained repo:         braindecode/signal-jepa
[2026-04-22 18:16:05]       Trainable groups: ['pos_encoder.', 'final_layer.']
[2026-04-22 18:16:05]       Total params:     3,459,154
[2026-04-22 18:16:05]       Trainable params: 4,162
[2026-04-22 18:16:05]       Trainable pct:    0.12%
[2026-04-22 18:16:05]       Trainable parameter names: ['pos_encoder.pos_encoder_spat.weight', 'final_layer.spat_conv.weight', 'final_layer.spat_conv.bias', 'final_layer.linear.weight', 'final_layer.linear.bias']
[2026-04-22 18:22:59]   Fold 5/5 | best_epoch=49 | stop=53 | val_loss=0.6931 | acc=0.5000 | bal_acc=0.5000 | roc_auc=N/A
[2026-04-22 18:22:59]   Subject 50 summary: acc=0.5000±0.0000  bal_acc=0.5000±0.0000  roc_auc=N/A

[2026-04-22 18:22:59] Subject 51: 200 windows | class_counts=[100, 100]
[2026-04-22 18:23:00]     Downstream model:        SignalJEPA_Contextual
[2026-04-22 18:23:00]     Fine-tune strategy:      new
[2026-04-22 18:23:00]     Pretrained loading path: from_pretrained
[2026-04-22 18:23:00]     Pretrained repo:         braindecode/signal-jepa
[2026-04-22 18:23:00]       Trainable groups: ['pos_encoder.', 'final_layer.']
[2026-04-22 18:23:00]       Total params:     3,459,154
[2026-04-22 18:23:00]       Trainable params: 4,162
[2026-04-22 18:23:00]       Trainable pct:    0.12%
[2026-04-22 18:23:00]       Trainable parameter names: ['pos_encoder.pos_encoder_spat.weight', 'final_layer.spat_conv.weight', 'final_layer.spat_conv.bias', 'final_layer.linear.weight', 'final_layer.linear.bias']
[2026-04-22 18:29:46]   Fold 1/5 | best_epoch=3 | stop=52 | val_loss=0.6932 | acc=0.5000 | bal_acc=0.5000 | roc_auc=N/A
[2026-04-22 18:29:47]     Downstream model:        SignalJEPA_Contextual
[2026-04-22 18:29:47]     Fine-tune strategy:      new
[2026-04-22 18:29:47]     Pretrained loading path: from_pretrained
[2026-04-22 18:29:47]     Pretrained repo:         braindecode/signal-jepa
[2026-04-22 18:29:47]       Trainable groups: ['pos_encoder.', 'final_layer.']
[2026-04-22 18:29:47]       Total params:     3,459,154
[2026-04-22 18:29:47]       Trainable params: 4,162
[2026-04-22 18:29:47]       Trainable pct:    0.12%
[2026-04-22 18:29:47]       Trainable parameter names: ['pos_encoder.pos_encoder_spat.weight', 'final_layer.spat_conv.weight', 'final_layer.spat_conv.bias', 'final_layer.linear.weight', 'final_layer.linear.bias']
[2026-04-22 18:37:28]   Fold 2/5 | best_epoch=9 | stop=59 | val_loss=0.6932 | acc=0.5000 | bal_acc=0.5000 | roc_auc=N/A
[2026-04-22 18:37:28]     Downstream model:        SignalJEPA_Contextual
[2026-04-22 18:37:28]     Fine-tune strategy:      new
[2026-04-22 18:37:28]     Pretrained loading path: from_pretrained
[2026-04-22 18:37:28]     Pretrained repo:         braindecode/signal-jepa
[2026-04-22 18:37:28]       Trainable groups: ['pos_encoder.', 'final_layer.']
[2026-04-22 18:37:28]       Total params:     3,459,154
[2026-04-22 18:37:28]       Trainable params: 4,162
[2026-04-22 18:37:28]       Trainable pct:    0.12%
[2026-04-22 18:37:28]       Trainable parameter names: ['pos_encoder.pos_encoder_spat.weight', 'final_layer.spat_conv.weight', 'final_layer.spat_conv.bias', 'final_layer.linear.weight', 'final_layer.linear.bias']
[2026-04-22 18:46:12]   Fold 3/5 | best_epoch=66 | stop=67 | val_loss=0.6931 | acc=0.5000 | bal_acc=0.5000 | roc_auc=N/A
[2026-04-22 18:46:13]     Downstream model:        SignalJEPA_Contextual
[2026-04-22 18:46:13]     Fine-tune strategy:      new
[2026-04-22 18:46:13]     Pretrained loading path: from_pretrained
[2026-04-22 18:46:13]     Pretrained repo:         braindecode/signal-jepa
[2026-04-22 18:46:13]       Trainable groups: ['pos_encoder.', 'final_layer.']
[2026-04-22 18:46:13]       Total params:     3,459,154
[2026-04-22 18:46:13]       Trainable params: 4,162
[2026-04-22 18:46:13]       Trainable pct:    0.12%
[2026-04-22 18:46:13]       Trainable parameter names: ['pos_encoder.pos_encoder_spat.weight', 'final_layer.spat_conv.weight', 'final_layer.spat_conv.bias', 'final_layer.linear.weight', 'final_layer.linear.bias']
[2026-04-22 18:52:53]   Fold 4/5 | best_epoch=38 | stop=51 | val_loss=0.6931 | acc=0.5000 | bal_acc=0.5000 | roc_auc=N/A
[2026-04-22 18:52:54]     Downstream model:        SignalJEPA_Contextual
[2026-04-22 18:52:54]     Fine-tune strategy:      new
[2026-04-22 18:52:54]     Pretrained loading path: from_pretrained
[2026-04-22 18:52:54]     Pretrained repo:         braindecode/signal-jepa
[2026-04-22 18:52:54]       Trainable groups: ['pos_encoder.', 'final_layer.']
[2026-04-22 18:52:54]       Total params:     3,459,154
[2026-04-22 18:52:54]       Trainable params: 4,162
[2026-04-22 18:52:54]       Trainable pct:    0.12%
[2026-04-22 18:52:54]       Trainable parameter names: ['pos_encoder.pos_encoder_spat.weight', 'final_layer.spat_conv.weight', 'final_layer.spat_conv.bias', 'final_layer.linear.weight', 'final_layer.linear.bias']
[2026-04-22 18:59:58]   Fold 5/5 | best_epoch=21 | stop=54 | val_loss=0.6931 | acc=0.5000 | bal_acc=0.5000 | roc_auc=N/A
[2026-04-22 18:59:58]   Subject 51 summary: acc=0.5000±0.0000  bal_acc=0.5000±0.0000  roc_auc=N/A

[2026-04-22 18:59:58] Subject 52: 200 windows | class_counts=[100, 100]
[2026-04-22 18:59:58]     Downstream model:        SignalJEPA_Contextual
[2026-04-22 18:59:58]     Fine-tune strategy:      new
[2026-04-22 18:59:58]     Pretrained loading path: from_pretrained
[2026-04-22 18:59:58]     Pretrained repo:         braindecode/signal-jepa
[2026-04-22 18:59:58]       Trainable groups: ['pos_encoder.', 'final_layer.']
[2026-04-22 18:59:58]       Total params:     3,459,154
[2026-04-22 18:59:58]       Trainable params: 4,162
[2026-04-22 18:59:58]       Trainable pct:    0.12%
[2026-04-22 18:59:58]       Trainable parameter names: ['pos_encoder.pos_encoder_spat.weight', 'final_layer.spat_conv.weight', 'final_layer.spat_conv.bias', 'final_layer.linear.weight', 'final_layer.linear.bias']
[2026-04-22 19:07:02]   Fold 1/5 | best_epoch=14 | stop=54 | val_loss=0.6931 | acc=0.5000 | bal_acc=0.5000 | roc_auc=N/A
[2026-04-22 19:07:03]     Downstream model:        SignalJEPA_Contextual
[2026-04-22 19:07:03]     Fine-tune strategy:      new
[2026-04-22 19:07:03]     Pretrained loading path: from_pretrained
[2026-04-22 19:07:03]     Pretrained repo:         braindecode/signal-jepa
[2026-04-22 19:07:03]       Trainable groups: ['pos_encoder.', 'final_layer.']
[2026-04-22 19:07:03]       Total params:     3,459,154
[2026-04-22 19:07:03]       Trainable params: 4,162
[2026-04-22 19:07:03]       Trainable pct:    0.12%
[2026-04-22 19:07:03]       Trainable parameter names: ['pos_encoder.pos_encoder_spat.weight', 'final_layer.spat_conv.weight', 'final_layer.spat_conv.bias', 'final_layer.linear.weight', 'final_layer.linear.bias']
[2026-04-22 19:13:50]   Fold 2/5 | best_epoch=3 | stop=52 | val_loss=0.6931 | acc=0.5000 | bal_acc=0.5000 | roc_auc=N/A
[2026-04-22 19:13:51]     Downstream model:        SignalJEPA_Contextual
[2026-04-22 19:13:51]     Fine-tune strategy:      new
[2026-04-22 19:13:51]     Pretrained loading path: from_pretrained
[2026-04-22 19:13:51]     Pretrained repo:         braindecode/signal-jepa
[2026-04-22 19:13:51]       Trainable groups: ['pos_encoder.', 'final_layer.']
[2026-04-22 19:13:51]       Total params:     3,459,154
[2026-04-22 19:13:51]       Trainable params: 4,162
[2026-04-22 19:13:51]       Trainable pct:    0.12%
[2026-04-22 19:13:51]       Trainable parameter names: ['pos_encoder.pos_encoder_spat.weight', 'final_layer.spat_conv.weight', 'final_layer.spat_conv.bias', 'final_layer.linear.weight', 'final_layer.linear.bias']
[2026-04-22 19:20:40]   Fold 3/5 | best_epoch=52 | stop=52 | val_loss=0.6931 | acc=0.5000 | bal_acc=0.5000 | roc_auc=N/A
[2026-04-22 19:20:40]     Downstream model:        SignalJEPA_Contextual
[2026-04-22 19:20:40]     Fine-tune strategy:      new
[2026-04-22 19:20:40]     Pretrained loading path: from_pretrained
[2026-04-22 19:20:40]     Pretrained repo:         braindecode/signal-jepa
[2026-04-22 19:20:40]       Trainable groups: ['pos_encoder.', 'final_layer.']
[2026-04-22 19:20:40]       Total params:     3,459,154
[2026-04-22 19:20:40]       Trainable params: 4,162
[2026-04-22 19:20:40]       Trainable pct:    0.12%
[2026-04-22 19:20:40]       Trainable parameter names: ['pos_encoder.pos_encoder_spat.weight', 'final_layer.spat_conv.weight', 'final_layer.spat_conv.bias', 'final_layer.linear.weight', 'final_layer.linear.bias']
[2026-04-22 19:32:20]   Fold 4/5 | best_epoch=41 | stop=89 | val_loss=0.6931 | acc=0.5000 | bal_acc=0.5000 | roc_auc=N/A
[2026-04-22 19:32:21]     Downstream model:        SignalJEPA_Contextual
[2026-04-22 19:32:21]     Fine-tune strategy:      new
[2026-04-22 19:32:21]     Pretrained loading path: from_pretrained
[2026-04-22 19:32:21]     Pretrained repo:         braindecode/signal-jepa
[2026-04-22 19:32:21]       Trainable groups: ['pos_encoder.', 'final_layer.']
[2026-04-22 19:32:21]       Total params:     3,459,154
[2026-04-22 19:32:21]       Trainable params: 4,162
[2026-04-22 19:32:21]       Trainable pct:    0.12%
[2026-04-22 19:32:21]       Trainable parameter names: ['pos_encoder.pos_encoder_spat.weight', 'final_layer.spat_conv.weight', 'final_layer.spat_conv.bias', 'final_layer.linear.weight', 'final_layer.linear.bias']
[2026-04-22 19:40:14]   Fold 5/5 | best_epoch=10 | stop=60 | val_loss=0.6931 | acc=0.5000 | bal_acc=0.5000 | roc_auc=N/A
[2026-04-22 19:40:14]   Subject 52 summary: acc=0.5000±0.0000  bal_acc=0.5000±0.0000  roc_auc=N/A

[2026-04-22 19:40:14] Subject 53: 200 windows | class_counts=[100, 100]
[2026-04-22 19:40:15]     Downstream model:        SignalJEPA_Contextual
[2026-04-22 19:40:15]     Fine-tune strategy:      new
[2026-04-22 19:40:15]     Pretrained loading path: from_pretrained
[2026-04-22 19:40:15]     Pretrained repo:         braindecode/signal-jepa
[2026-04-22 19:40:15]       Trainable groups: ['pos_encoder.', 'final_layer.']
[2026-04-22 19:40:15]       Total params:     3,459,154
[2026-04-22 19:40:15]       Trainable params: 4,162
[2026-04-22 19:40:15]       Trainable pct:    0.12%
[2026-04-22 19:40:15]       Trainable parameter names: ['pos_encoder.pos_encoder_spat.weight', 'final_layer.spat_conv.weight', 'final_layer.spat_conv.bias', 'final_layer.linear.weight', 'final_layer.linear.bias']
[2026-04-22 19:47:19]   Fold 1/5 | best_epoch=22 | stop=54 | val_loss=0.6932 | acc=0.5000 | bal_acc=0.5000 | roc_auc=N/A
[2026-04-22 19:47:19]     Downstream model:        SignalJEPA_Contextual
[2026-04-22 19:47:19]     Fine-tune strategy:      new
[2026-04-22 19:47:19]     Pretrained loading path: from_pretrained
[2026-04-22 19:47:19]     Pretrained repo:         braindecode/signal-jepa
[2026-04-22 19:47:19]       Trainable groups: ['pos_encoder.', 'final_layer.']
[2026-04-22 19:47:19]       Total params:     3,459,154
[2026-04-22 19:47:19]       Trainable params: 4,162
[2026-04-22 19:47:19]       Trainable pct:    0.12%
[2026-04-22 19:47:19]       Trainable parameter names: ['pos_encoder.pos_encoder_spat.weight', 'final_layer.spat_conv.weight', 'final_layer.spat_conv.bias', 'final_layer.linear.weight', 'final_layer.linear.bias']
[2026-04-22 19:58:02]   Fold 2/5 | best_epoch=32 | stop=82 | val_loss=0.6931 | acc=0.5000 | bal_acc=0.5000 | roc_auc=N/A
[2026-04-22 19:58:02]     Downstream model:        SignalJEPA_Contextual
[2026-04-22 19:58:02]     Fine-tune strategy:      new
[2026-04-22 19:58:02]     Pretrained loading path: from_pretrained
[2026-04-22 19:58:02]     Pretrained repo:         braindecode/signal-jepa
[2026-04-22 19:58:02]       Trainable groups: ['pos_encoder.', 'final_layer.']
[2026-04-22 19:58:02]       Total params:     3,459,154
[2026-04-22 19:58:02]       Trainable params: 4,162
[2026-04-22 19:58:02]       Trainable pct:    0.12%
[2026-04-22 19:58:02]       Trainable parameter names: ['pos_encoder.pos_encoder_spat.weight', 'final_layer.spat_conv.weight', 'final_layer.spat_conv.bias', 'final_layer.linear.weight', 'final_layer.linear.bias']
[2026-04-22 20:08:45]   Fold 3/5 | best_epoch=33 | stop=82 | val_loss=0.6931 | acc=0.5000 | bal_acc=0.5000 | roc_auc=N/A
[2026-04-22 20:08:46]     Downstream model:        SignalJEPA_Contextual
[2026-04-22 20:08:46]     Fine-tune strategy:      new
[2026-04-22 20:08:46]     Pretrained loading path: from_pretrained
[2026-04-22 20:08:46]     Pretrained repo:         braindecode/signal-jepa
[2026-04-22 20:08:46]       Trainable groups: ['pos_encoder.', 'final_layer.']
[2026-04-22 20:08:46]       Total params:     3,459,154
[2026-04-22 20:08:46]       Trainable params: 4,162
[2026-04-22 20:08:46]       Trainable pct:    0.12%
[2026-04-22 20:08:46]       Trainable parameter names: ['pos_encoder.pos_encoder_spat.weight', 'final_layer.spat_conv.weight', 'final_layer.spat_conv.bias', 'final_layer.linear.weight', 'final_layer.linear.bias']
[2026-04-22 20:15:26]   Fold 4/5 | best_epoch=1 | stop=51 | val_loss=0.6931 | acc=0.5000 | bal_acc=0.5000 | roc_auc=N/A
[2026-04-22 20:15:26]     Downstream model:        SignalJEPA_Contextual
[2026-04-22 20:15:26]     Fine-tune strategy:      new
[2026-04-22 20:15:26]     Pretrained loading path: from_pretrained
[2026-04-22 20:15:26]     Pretrained repo:         braindecode/signal-jepa
[2026-04-22 20:15:26]       Trainable groups: ['pos_encoder.', 'final_layer.']
[2026-04-22 20:15:26]       Total params:     3,459,154
[2026-04-22 20:15:26]       Trainable params: 4,162
[2026-04-22 20:15:26]       Trainable pct:    0.12%
[2026-04-22 20:15:26]       Trainable parameter names: ['pos_encoder.pos_encoder_spat.weight', 'final_layer.spat_conv.weight', 'final_layer.spat_conv.bias', 'final_layer.linear.weight', 'final_layer.linear.bias']
[2026-04-22 20:23:49]   Fold 5/5 | best_epoch=21 | stop=64 | val_loss=0.6931 | acc=0.5000 | bal_acc=0.5000 | roc_auc=N/A
[2026-04-22 20:23:49]   Subject 53 summary: acc=0.5000±0.0000  bal_acc=0.5000±0.0000  roc_auc=N/A

[2026-04-22 20:23:49] Subject 54: 200 windows | class_counts=[100, 100]
[2026-04-22 20:23:50]     Downstream model:        SignalJEPA_Contextual
[2026-04-22 20:23:50]     Fine-tune strategy:      new
[2026-04-22 20:23:50]     Pretrained loading path: from_pretrained
[2026-04-22 20:23:50]     Pretrained repo:         braindecode/signal-jepa
[2026-04-22 20:23:50]       Trainable groups: ['pos_encoder.', 'final_layer.']
[2026-04-22 20:23:50]       Total params:     3,459,154
[2026-04-22 20:23:50]       Trainable params: 4,162
[2026-04-22 20:23:50]       Trainable pct:    0.12%
[2026-04-22 20:23:50]       Trainable parameter names: ['pos_encoder.pos_encoder_spat.weight', 'final_layer.spat_conv.weight', 'final_layer.spat_conv.bias', 'final_layer.linear.weight', 'final_layer.linear.bias']
[2026-04-22 20:30:32]   Fold 1/5 | best_epoch=8 | stop=51 | val_loss=0.6931 | acc=0.5000 | bal_acc=0.5000 | roc_auc=N/A
[2026-04-22 20:30:33]     Downstream model:        SignalJEPA_Contextual
[2026-04-22 20:30:33]     Fine-tune strategy:      new
[2026-04-22 20:30:33]     Pretrained loading path: from_pretrained
[2026-04-22 20:30:33]     Pretrained repo:         braindecode/signal-jepa
[2026-04-22 20:30:33]       Trainable groups: ['pos_encoder.', 'final_layer.']
[2026-04-22 20:30:33]       Total params:     3,459,154
[2026-04-22 20:30:33]       Trainable params: 4,162
[2026-04-22 20:30:33]       Trainable pct:    0.12%
[2026-04-22 20:30:33]       Trainable parameter names: ['pos_encoder.pos_encoder_spat.weight', 'final_layer.spat_conv.weight', 'final_layer.spat_conv.bias', 'final_layer.linear.weight', 'final_layer.linear.bias']
[2026-04-22 20:37:39]   Fold 2/5 | best_epoch=26 | stop=54 | val_loss=0.6931 | acc=0.5000 | bal_acc=0.5000 | roc_auc=N/A
[2026-04-22 20:37:39]     Downstream model:        SignalJEPA_Contextual
[2026-04-22 20:37:39]     Fine-tune strategy:      new
[2026-04-22 20:37:39]     Pretrained loading path: from_pretrained
[2026-04-22 20:37:39]     Pretrained repo:         braindecode/signal-jepa
[2026-04-22 20:37:39]       Trainable groups: ['pos_encoder.', 'final_layer.']
[2026-04-22 20:37:39]       Total params:     3,459,154
[2026-04-22 20:37:39]       Trainable params: 4,162
[2026-04-22 20:37:39]       Trainable pct:    0.12%
[2026-04-22 20:37:39]       Trainable parameter names: ['pos_encoder.pos_encoder_spat.weight', 'final_layer.spat_conv.weight', 'final_layer.spat_conv.bias', 'final_layer.linear.weight', 'final_layer.linear.bias']
[2026-04-22 20:45:01]   Fold 3/5 | best_epoch=27 | stop=56 | val_loss=0.6931 | acc=0.5000 | bal_acc=0.5000 | roc_auc=N/A
[2026-04-22 20:45:02]     Downstream model:        SignalJEPA_Contextual
[2026-04-22 20:45:02]     Fine-tune strategy:      new
[2026-04-22 20:45:02]     Pretrained loading path: from_pretrained
[2026-04-22 20:45:02]     Pretrained repo:         braindecode/signal-jepa
[2026-04-22 20:45:02]       Trainable groups: ['pos_encoder.', 'final_layer.']
[2026-04-22 20:45:02]       Total params:     3,459,154
[2026-04-22 20:45:02]       Trainable params: 4,162
[2026-04-22 20:45:02]       Trainable pct:    0.12%
[2026-04-22 20:45:02]       Trainable parameter names: ['pos_encoder.pos_encoder_spat.weight', 'final_layer.spat_conv.weight', 'final_layer.spat_conv.bias', 'final_layer.linear.weight', 'final_layer.linear.bias']
[2026-04-22 20:56:53]   Fold 4/5 | best_epoch=75 | stop=90 | val_loss=0.6931 | acc=0.5000 | bal_acc=0.5000 | roc_auc=N/A
[2026-04-22 20:56:54]     Downstream model:        SignalJEPA_Contextual
[2026-04-22 20:56:54]     Fine-tune strategy:      new
[2026-04-22 20:56:54]     Pretrained loading path: from_pretrained
[2026-04-22 20:56:54]     Pretrained repo:         braindecode/signal-jepa
[2026-04-22 20:56:54]       Trainable groups: ['pos_encoder.', 'final_layer.']
[2026-04-22 20:56:54]       Total params:     3,459,154
[2026-04-22 20:56:54]       Trainable params: 4,162
[2026-04-22 20:56:54]       Trainable pct:    0.12%
[2026-04-22 20:56:54]       Trainable parameter names: ['pos_encoder.pos_encoder_spat.weight', 'final_layer.spat_conv.weight', 'final_layer.spat_conv.bias', 'final_layer.linear.weight', 'final_layer.linear.bias']
[2026-04-22 21:05:50]   Fold 5/5 | best_epoch=57 | stop=68 | val_loss=0.6931 | acc=0.5000 | bal_acc=0.5000 | roc_auc=N/A
[2026-04-22 21:05:50]   Subject 54 summary: acc=0.5000±0.0000  bal_acc=0.5000±0.0000  roc_auc=N/A

[2026-04-22 21:05:50] Total folds completed: 35
[2026-04-22 21:05:50] ======================================================================
[2026-04-22 21:05:50] AGGREGATED RESULTS
[2026-04-22 21:05:50] ======================================================================
[2026-04-22 21:05:50]   Subject 48:  acc=0.5000±0.0000  bal_acc=0.5000±0.0000  roc_auc=N/A 
[2026-04-22 21:05:50]   Subject 49:  acc=0.5000±0.0000  bal_acc=0.5000±0.0000  roc_auc=N/A 
[2026-04-22 21:05:50]   Subject 50:  acc=0.5000±0.0000  bal_acc=0.5000±0.0000  roc_auc=N/A 
[2026-04-22 21:05:50]   Subject 51:  acc=0.5000±0.0000  bal_acc=0.5000±0.0000  roc_auc=N/A 
[2026-04-22 21:05:50]   Subject 52:  acc=0.5000±0.0000  bal_acc=0.5000±0.0000  roc_auc=N/A 
[2026-04-22 21:05:50]   Subject 53:  acc=0.5000±0.0000  bal_acc=0.5000±0.0000  roc_auc=N/A 
[2026-04-22 21:05:50]   Subject 54:  acc=0.5000±0.0000  bal_acc=0.5000±0.0000  roc_auc=N/A 
[2026-04-22 21:05:50] ----------------------------------------------------------------------
[2026-04-22 21:05:50]   OVERALL:      acc=0.5000±0.0000  bal_acc=0.5000±0.0000  roc_auc=N/A
[2026-04-22 21:05:50] ======================================================================
[2026-04-22 21:05:51] CV results saved to:      /home/vegorov/Repos/eeg_jepa_research/artifacts/lee-2019-fine-tuning/MI/20260422_1611_bf7b511a/cv_results.json
[2026-04-22 21:05:51] Subject metrics saved to: /home/vegorov/Repos/eeg_jepa_research/artifacts/lee-2019-fine-tuning/MI/20260422_1611_bf7b511a/subject_metrics.json
[2026-04-22 21:05:51] Global metrics saved to:  /home/vegorov/Repos/eeg_jepa_research/artifacts/lee-2019-fine-tuning/MI/20260422_1611_bf7b511a/global_metrics.json
[2026-04-22 21:05:51] Run metadata saved to:    /home/vegorov/Repos/eeg_jepa_research/artifacts/lee-2019-fine-tuning/MI/20260422_1611_bf7b511a/run_metadata.json

[2026-04-22 21:05:51] All artifacts in: /home/vegorov/Repos/eeg_jepa_research/artifacts/lee-2019-fine-tuning/MI/20260422_1611_bf7b511a

[2026-04-22 21:05:51] ======================================================================
[2026-04-22 21:05:51] EXPERIMENT SUMMARY
[2026-04-22 21:05:51] ======================================================================
[2026-04-22 21:05:51] Run ID:    20260422_1611_bf7b511a
[2026-04-22 21:05:51] Artifacts: /home/vegorov/Repos/eeg_jepa_research/artifacts/lee-2019-fine-tuning/MI/20260422_1611_bf7b511a

[2026-04-22 21:05:51] Configuration:
[2026-04-22 21:05:51]   Subjects:              [48, 49, 50, 51, 52, 53, 54]
[2026-04-22 21:05:51]   Paradigm:              MI
[2026-04-22 21:05:51]   Model:                 SignalJEPA_Contextual
[2026-04-22 21:05:51]   Strategy:              new
[2026-04-22 21:05:51]   Warm-up epochs:        10
[2026-04-22 21:05:51]   Bandpass:              0.5-40.0 Hz
[2026-04-22 21:05:51]   Resample:              128 Hz
[2026-04-22 21:05:51]   CV folds:              5
[2026-04-22 21:05:51]   Validation split:      0.2
[2026-04-22 21:05:51]   Learning rate:         0.001
[2026-04-22 21:05:51]   Batch size:            32
[2026-04-22 21:05:51]   Max epochs:            5000
[2026-04-22 21:05:51]   CV seed:               12
[2026-04-22 21:05:51]   Pretrained loading:    from_pretrained

[2026-04-22 21:05:51] Results:
[2026-04-22 21:05:51]   Mean Accuracy:          0.5000 ± 0.0000
[2026-04-22 21:05:51]   Mean Balanced Accuracy: 0.5000 ± 0.0000
[2026-04-22 21:05:51]   Mean ROC-AUC:           N/A
