[2026-05-07 10:48:09] Using device: cuda
[2026-05-07 10:48:09] Seed initialized: 12
[2026-05-07 10:48:09] ======================================================================
[2026-05-07 10:48:09] CONFIGURATION
[2026-05-07 10:48:09] ======================================================================
[2026-05-07 10:48:09]   artifact_dir: c:\Repos\eeg-jepa-research\artifacts\moabb-mi-sjepa
[2026-05-07 10:48:09]   bandpass_high: 40.0
[2026-05-07 10:48:09]   bandpass_low: 0.5
[2026-05-07 10:48:09]   batch_size: 32
[2026-05-07 10:48:09]   collapse_threshold: 0.9
[2026-05-07 10:48:09]   cv_folds: 5
[2026-05-07 10:48:09]   dataset_name: Stieger2021
[2026-05-07 10:48:09]   dataset_source: moabb
[2026-05-07 10:48:09]   early_stopping_patience: None
[2026-05-07 10:48:09]   exclude_subjects: []
[2026-05-07 10:48:09]   extract_spatial_conv_weights: True
[2026-05-07 10:48:09]   labels_to_keep: ['left_hand', 'right_hand']
[2026-05-07 10:48:09]   learning_rate: 0.001
[2026-05-07 10:48:09]   log_probability_diagnostics: True
[2026-05-07 10:48:09]   log_spatial_update_stats: True
[2026-05-07 10:48:09]   max_spatial_filters_to_plot: 8
[2026-05-07 10:48:09]   moabb_dataset_kwargs: {}
[2026-05-07 10:48:09]   model_name: SignalJEPA_PreLocal
[2026-05-07 10:48:09]   n_epochs: 50
[2026-05-07 10:48:09]   plot_individual_spatial_filters: True
[2026-05-07 10:48:09]   preprocessed_concat_dir: None
[2026-05-07 10:48:09]   pretrained_mode: from_pretrained
[2026-05-07 10:48:09]   save_spatial_weight_plots: True
[2026-05-07 10:48:09]   seed: 12
[2026-05-07 10:48:09]   set_seed: True
[2026-05-07 10:48:09]   sfreq: 128
[2026-05-07 10:48:09]   strategy: new
[2026-05-07 10:48:09]   subjects_to_use: None
[2026-05-07 10:48:09]   target_window_duration_s: 3.2
[2026-05-07 10:48:09]   topomap_dpi: 160
[2026-05-07 10:48:09]   val_split: 0.2
[2026-05-07 10:48:09]   warmup_epochs: 10
[2026-05-07 10:48:09] ======================================================================
[2026-05-07 10:48:09] Config saved to: c:\Repos\eeg-jepa-research\artifacts\moabb-mi-sjepa\Stieger2021\20260507_1048_54b29b79\config.json
[2026-05-07 10:48:09] Epoch window configuration:
[2026-05-07 10:48:09]   Target sfreq:            128 Hz
[2026-05-07 10:48:09]   Requested duration:      3.200 s
[2026-05-07 10:48:09]   Expected window samples: 409

[2026-05-07 10:48:09] Preprocessed concat dataset exists: True at c:\Repos\eeg-jepa-research\preprocessed_concat_datasets\Stieger2021_048eba1d_wacff46_subjects_0e789b7a

[2026-05-07 10:48:09] Using existing preprocessed concat dataset.

[2026-05-07 10:48:18] Post-load raw validation
[2026-05-07 10:48:18]   Recordings:          47
[2026-05-07 10:48:18]   Subjects loaded:     ['1', '2', '3', '4', '5']
[2026-05-07 10:48:18]   sfreq first rec:     128.0 Hz
[2026-05-07 10:48:18]   EEG channel count:   60
[2026-05-07 10:48:18]   Labels present:      ['both_hand', 'left_hand', 'rest', 'right_hand']
[2026-05-07 10:48:18]   Labels selected:     ['left_hand', 'right_hand']
[2026-05-07 10:48:18] Annotation counts before filtering: {np.str_('both_hand'): 4919, np.str_('left_hand'): 4694, np.str_('rest'): 4086, np.str_('right_hand'): 4820}
[2026-05-07 10:48:19] Filtered annotations: kept 9514 / 18519
[2026-05-07 10:48:19] Annotation counts after filtering:  {np.str_('left_hand'): 4694, np.str_('right_hand'): 4820}
[2026-05-07 10:48:19] Updated annotation durations:       9514
[2026-05-07 10:48:19] Window shape: (60, 409)
[2026-05-07 10:48:19] Window sample length expected=409, got=409
[2026-05-07 10:48:19] Class mapping: {'left_hand': 0, 'right_hand': 1}
[2026-05-07 10:48:19] Global class counts: [4694, 4820]
[2026-05-07 10:48:19] Chance level: 0.50
[2026-05-07 10:48:19] Summarizing per-subject windows...
[2026-05-07 10:48:19]   Subject 1: n_windows=2244, window_shape=(60, 409), class_counts=[1100, 1144]
[2026-05-07 10:48:19]   Subject 2: n_windows=2354, window_shape=(60, 409), class_counts=[1157, 1197]
[2026-05-07 10:48:19]   Subject 3: n_windows=1468, window_shape=(60, 409), class_counts=[733, 735]
[2026-05-07 10:48:19]   Subject 4: n_windows=2196, window_shape=(60, 409), class_counts=[1100, 1096]
[2026-05-07 10:48:19]   Subject 5: n_windows=1252, window_shape=(60, 409), class_counts=[604, 648]
[2026-05-07 10:48:21] SignalJEPA_PreLocal instantiated successfully.
[2026-05-07 10:48:21]   Loading mode:          from_pretrained
[2026-05-07 10:48:21]   Repo:                  braindecode/signal-jepa_without-chans
[2026-05-07 10:48:21]   Total parameters:      15,622
[2026-05-07 10:48:21]   Trainable parameters:  15,622
[2026-05-07 10:48:21] ======================================================================================================================================================
Layer (type (var_name):depth-idx)                  Input Shape               Output Shape              Param #                   Kernel Shape
======================================================================================================================================================
SignalJEPA_PreLocal (SignalJEPA_PreLocal)          [1, 60, 409]              [1, 2]                    --                        --
├─Sequential (spatial_conv): 1-1                   [1, 60, 409]              [1, 4, 409]               --                        --
│    └─Rearrange (0): 2-1                          [1, 60, 409]              [1, 1, 60, 409]           --                        --
│    └─Conv2d (1): 2-2                             [1, 1, 60, 409]           [1, 4, 1, 409]            244                       [60, 1]
│    └─Rearrange (2): 2-3                          [1, 4, 1, 409]            [1, 4, 409]               --                        --
├─_ConvFeatureEncoder (feature_encoder): 1-2       [1, 4, 409]               [1, 12, 64]               --                        --
│    └─Rearrange (0): 2-4                          [1, 4, 409]               [4, 1, 409]               --                        --
│    └─Sequential (1): 2-5                         [4, 1, 409]               [4, 8, 48]                --                        --
│    │    └─Conv1d (0): 3-1                        [4, 1, 409]               [4, 8, 48]                256                       [32]
│    │    └─Dropout (1): 3-2                       [4, 8, 48]                [4, 8, 48]                --                        --
│    │    └─GroupNorm (2): 3-3                     [4, 8, 48]                [4, 8, 48]                16                        --
│    │    └─GELU (3): 3-4                          [4, 8, 48]                [4, 8, 48]                --                        --
│    └─Sequential (2): 2-6                         [4, 8, 48]                [4, 16, 24]               --                        --
│    │    └─Conv1d (0): 3-5                        [4, 8, 48]                [4, 16, 24]               256                       [2]
│    │    └─Dropout (1): 3-6                       [4, 16, 24]               [4, 16, 24]               --                        --
│    │    └─GELU (2): 3-7                          [4, 16, 24]               [4, 16, 24]               --                        --
│    └─Sequential (3): 2-7                         [4, 16, 24]               [4, 32, 12]               --                        --
│    │    └─Conv1d (0): 3-8                        [4, 16, 24]               [4, 32, 12]               1,024                     [2]
│    │    └─Dropout (1): 3-9                       [4, 32, 12]               [4, 32, 12]               --                        --
│    │    └─GELU (2): 3-10                         [4, 32, 12]               [4, 32, 12]               --                        --
│    └─Sequential (4): 2-8                         [4, 32, 12]               [4, 64, 6]                --                        --
│    │    └─Conv1d (0): 3-11                       [4, 32, 12]               [4, 64, 6]                4,096                     [2]
│    │    └─Dropout (1): 3-12                      [4, 64, 6]                [4, 64, 6]                --                        --
│    │    └─GELU (2): 3-13                         [4, 64, 6]                [4, 64, 6]                --                        --
│    └─Sequential (5): 2-9                         [4, 64, 6]                [4, 64, 3]                --                        --
│    │    └─Conv1d (0): 3-14                       [4, 64, 6]                [4, 64, 3]                8,192                     [2]
│    │    └─Dropout (1): 3-15                      [4, 64, 3]                [4, 64, 3]                --                        --
│    │    └─GELU (2): 3-16                         [4, 64, 3]                [4, 64, 3]                --                        --
│    └─Rearrange (6): 2-10                         [4, 64, 3]                [1, 12, 64]               --                        --
├─Sequential (final_layer): 1-3                    [1, 12, 64]               [1, 2]                    --                        --
│    └─Flatten (0): 2-11                           [1, 12, 64]               [1, 768]                  --                        --
│    └─Linear (1): 2-12                            [1, 768]                  [1, 2]                    1,538                     --
======================================================================================================================================================
Total params: 15,622
Trainable params: 15,622
Non-trainable params: 0
Total mult-adds (Units.MEGABYTES): 0.42
======================================================================================================================================================
Input size (MB): 0.10
Forward/backward pass size (MB): 0.08
Params size (MB): 0.06
Estimated Total Size (MB): 0.24
======================================================================================================================================================
[2026-05-07 10:48:21] ======================================================================
[2026-05-07 10:48:21] STARTING WITHIN-SUBJECT CROSS-VALIDATION
[2026-05-07 10:48:21] ======================================================================
[2026-05-07 10:48:21] Dataset:       Stieger2021
[2026-05-07 10:48:21] Subjects:      ['1', '2', '3', '4', '5']
[2026-05-07 10:48:21] Model:         SignalJEPA_PreLocal
[2026-05-07 10:48:21] Pretrained:    from_pretrained
[2026-05-07 10:48:21] Strategy:      new
[2026-05-07 10:48:21] CV folds:      5
[2026-05-07 10:48:21] Val split:     0.2
[2026-05-07 10:48:21] Max epochs:    50
[2026-05-07 10:48:21] Device:        cuda
[2026-05-07 10:48:21] ======================================================================

[2026-05-07 10:48:21] Subject 1: 2244 windows | class_counts=[1100, 1144]

[2026-05-07 10:48:21] Fold 1/5 | subject=1
[2026-05-07 10:48:21]     Train windows:           1795 | counts=[880, 915]
[2026-05-07 10:48:21]     Test windows:            449 | counts=[220, 229]
[2026-05-07 10:48:21]     Downstream model:        SignalJEPA_PreLocal
[2026-05-07 10:48:21]     Fine-tune strategy:      new
[2026-05-07 10:48:21]     Pretrained loading path: from_pretrained
[2026-05-07 10:48:21]     Pretrained repo:         braindecode/signal-jepa_without-chans
[2026-05-07 10:48:21]     Phase 1 (new):
[2026-05-07 10:48:21]       Trainable groups: ['spatial_conv.', 'final_layer.']
[2026-05-07 10:48:21]       Total params:     15,622
[2026-05-07 10:48:21]       Trainable params: 1,782
[2026-05-07 10:48:21]       Trainable pct:    11.41%
[2026-05-07 10:48:21]       Trainable parameter names: ['spatial_conv.1.weight', 'spatial_conv.1.bias', 'final_layer.1.weight', 'final_layer.1.bias']
[2026-05-07 10:48:21]     Sanity check passed: finite logits/loss on one training batch for SignalJEPA_PreLocal.
[2026-05-07 10:48:40]     Result | best_epoch=50 | stop=50 | acc=0.8174 | bal_acc=0.8173 | pred_hist=[220, 229] | collapse_ratio=0.5100 | collapse=False
[2026-05-07 10:48:40]     spatial_conv=[4, 60] top_abs_channels=[('C3', 0.17614016), ('F7', 0.1619544), ('F5', 0.14840361), ('P4', 0.1464396), ('FC6', 0.14075044), ('PO3', 0.14031395), ('F8', 0.12439491), ('FC2', 0.11866478)]
[2026-05-07 10:48:40]     spatial_update=delta_l2=1.39961753 max_abs=0.27958480 relative=1.22827318 changed=True

[2026-05-07 10:48:41] Fold 2/5 | subject=1
[2026-05-07 10:48:41]     Train windows:           1795 | counts=[880, 915]
[2026-05-07 10:48:41]     Test windows:            449 | counts=[220, 229]
[2026-05-07 10:48:41]     Downstream model:        SignalJEPA_PreLocal
[2026-05-07 10:48:41]     Fine-tune strategy:      new
[2026-05-07 10:48:41]     Pretrained loading path: from_pretrained
[2026-05-07 10:48:41]     Pretrained repo:         braindecode/signal-jepa_without-chans
[2026-05-07 10:48:41]     Phase 1 (new):
[2026-05-07 10:48:41]       Trainable groups: ['spatial_conv.', 'final_layer.']
[2026-05-07 10:48:41]       Total params:     15,622
[2026-05-07 10:48:41]       Trainable params: 1,782
[2026-05-07 10:48:41]       Trainable pct:    11.41%
[2026-05-07 10:48:41]       Trainable parameter names: ['spatial_conv.1.weight', 'spatial_conv.1.bias', 'final_layer.1.weight', 'final_layer.1.bias']
[2026-05-07 10:48:41]     Sanity check passed: finite logits/loss on one training batch for SignalJEPA_PreLocal.
[2026-05-07 10:48:57]     Result | best_epoch=47 | stop=50 | acc=0.8241 | bal_acc=0.8237 | pred_hist=[213, 236] | collapse_ratio=0.5256 | collapse=False
[2026-05-07 10:48:57]     spatial_conv=[4, 60] top_abs_channels=[('F7', 0.17415352), ('FCz', 0.1349687), ('FT7', 0.13358997), ('C4', 0.13350894), ('FC6', 0.1303976), ('FC3', 0.12783867), ('P7', 0.12180787), ('TP8', 0.11808869)]
[2026-05-07 10:48:57]     spatial_update=delta_l2=1.56075238 max_abs=0.28264409 relative=1.36968154 changed=True

[2026-05-07 10:48:58] Fold 3/5 | subject=1
[2026-05-07 10:48:58]     Train windows:           1795 | counts=[880, 915]
[2026-05-07 10:48:58]     Test windows:            449 | counts=[220, 229]
[2026-05-07 10:48:58]     Downstream model:        SignalJEPA_PreLocal
[2026-05-07 10:48:58]     Fine-tune strategy:      new
[2026-05-07 10:48:58]     Pretrained loading path: from_pretrained
[2026-05-07 10:48:58]     Pretrained repo:         braindecode/signal-jepa_without-chans
[2026-05-07 10:48:58]     Phase 1 (new):
[2026-05-07 10:48:58]       Trainable groups: ['spatial_conv.', 'final_layer.']
[2026-05-07 10:48:58]       Total params:     15,622
[2026-05-07 10:48:58]       Trainable params: 1,782
[2026-05-07 10:48:58]       Trainable pct:    11.41%
[2026-05-07 10:48:58]       Trainable parameter names: ['spatial_conv.1.weight', 'spatial_conv.1.bias', 'final_layer.1.weight', 'final_layer.1.bias']
[2026-05-07 10:48:58]     Sanity check passed: finite logits/loss on one training batch for SignalJEPA_PreLocal.
[2026-05-07 10:49:15]     Result | best_epoch=48 | stop=50 | acc=0.8218 | bal_acc=0.8212 | pred_hist=[208, 241] | collapse_ratio=0.5367 | collapse=False
[2026-05-07 10:49:15]     spatial_conv=[4, 60] top_abs_channels=[('F7', 0.16235432), ('F8', 0.14632064), ('FC1', 0.13878852), ('P4', 0.13102525), ('C3', 0.12695168), ('FCz', 0.126091), ('O2', 0.11734229), ('CP6', 0.11460873)]
[2026-05-07 10:49:15]     spatial_update=delta_l2=1.40675260 max_abs=0.25434889 relative=1.23453476 changed=True

[2026-05-07 10:49:16] Fold 4/5 | subject=1
[2026-05-07 10:49:16]     Train windows:           1795 | counts=[880, 915]
[2026-05-07 10:49:16]     Test windows:            449 | counts=[220, 229]
[2026-05-07 10:49:16]     Downstream model:        SignalJEPA_PreLocal
[2026-05-07 10:49:16]     Fine-tune strategy:      new
[2026-05-07 10:49:16]     Pretrained loading path: from_pretrained
[2026-05-07 10:49:16]     Pretrained repo:         braindecode/signal-jepa_without-chans
[2026-05-07 10:49:16]     Phase 1 (new):
[2026-05-07 10:49:16]       Trainable groups: ['spatial_conv.', 'final_layer.']
[2026-05-07 10:49:16]       Total params:     15,622
[2026-05-07 10:49:16]       Trainable params: 1,782
[2026-05-07 10:49:16]       Trainable pct:    11.41%
[2026-05-07 10:49:16]       Trainable parameter names: ['spatial_conv.1.weight', 'spatial_conv.1.bias', 'final_layer.1.weight', 'final_layer.1.bias']
[2026-05-07 10:49:16]     Sanity check passed: finite logits/loss on one training batch for SignalJEPA_PreLocal.
[2026-05-07 10:49:37]     Result | best_epoch=50 | stop=50 | acc=0.8174 | bal_acc=0.8175 | pred_hist=[224, 225] | collapse_ratio=0.5011 | collapse=False
[2026-05-07 10:49:37]     spatial_conv=[4, 60] top_abs_channels=[('F7', 0.18482345), ('F8', 0.16039129), ('FCz', 0.15539131), ('FT7', 0.14664996), ('O2', 0.13560346), ('FC3', 0.13492669), ('PO8', 0.12975417), ('C2', 0.12670395)]
[2026-05-07 10:49:37]     spatial_update=delta_l2=1.46918550 max_abs=0.27650425 relative=1.28932448 changed=True

[2026-05-07 10:49:37] Fold 5/5 | subject=1
[2026-05-07 10:49:37]     Train windows:           1796 | counts=[880, 916]
[2026-05-07 10:49:37]     Test windows:            448 | counts=[220, 228]
[2026-05-07 10:49:37]     Downstream model:        SignalJEPA_PreLocal
[2026-05-07 10:49:37]     Fine-tune strategy:      new
[2026-05-07 10:49:37]     Pretrained loading path: from_pretrained
[2026-05-07 10:49:37]     Pretrained repo:         braindecode/signal-jepa_without-chans
[2026-05-07 10:49:37]     Phase 1 (new):
[2026-05-07 10:49:37]       Trainable groups: ['spatial_conv.', 'final_layer.']
[2026-05-07 10:49:37]       Total params:     15,622
[2026-05-07 10:49:37]       Trainable params: 1,782
[2026-05-07 10:49:37]       Trainable pct:    11.41%
[2026-05-07 10:49:37]       Trainable parameter names: ['spatial_conv.1.weight', 'spatial_conv.1.bias', 'final_layer.1.weight', 'final_layer.1.bias']
[2026-05-07 10:49:37]     Sanity check passed: finite logits/loss on one training batch for SignalJEPA_PreLocal.
[2026-05-07 10:49:55]     Result | best_epoch=50 | stop=50 | acc=0.8415 | bal_acc=0.8413 | pred_hist=[215, 233] | collapse_ratio=0.5201 | collapse=False
[2026-05-07 10:49:55]     spatial_conv=[4, 60] top_abs_channels=[('F7', 0.14431487), ('CP5', 0.1306923), ('FCz', 0.12491342), ('C4', 0.12174393), ('PO3', 0.1179015), ('FT7', 0.11472096), ('F8', 0.11451853), ('PO4', 0.11334102)]
[2026-05-07 10:49:55]     spatial_update=delta_l2=1.39179770 max_abs=0.25392224 relative=1.22141067 changed=True
[2026-05-07 10:49:55]   Subject 1 summary: acc=0.8244±0.0089  bal_acc=0.8242±0.0089

[2026-05-07 10:49:55] Subject 2: 2354 windows | class_counts=[1157, 1197]

[2026-05-07 10:49:56] Fold 1/5 | subject=2
[2026-05-07 10:49:56]     Train windows:           1883 | counts=[926, 957]
[2026-05-07 10:49:56]     Test windows:            471 | counts=[231, 240]
[2026-05-07 10:49:56]     Downstream model:        SignalJEPA_PreLocal
[2026-05-07 10:49:56]     Fine-tune strategy:      new
[2026-05-07 10:49:56]     Pretrained loading path: from_pretrained
[2026-05-07 10:49:56]     Pretrained repo:         braindecode/signal-jepa_without-chans
[2026-05-07 10:49:56]     Phase 1 (new):
[2026-05-07 10:49:56]       Trainable groups: ['spatial_conv.', 'final_layer.']
[2026-05-07 10:49:56]       Total params:     15,622
[2026-05-07 10:49:56]       Trainable params: 1,782
[2026-05-07 10:49:56]       Trainable pct:    11.41%
[2026-05-07 10:49:56]       Trainable parameter names: ['spatial_conv.1.weight', 'spatial_conv.1.bias', 'final_layer.1.weight', 'final_layer.1.bias']
[2026-05-07 10:49:56]     Sanity check passed: finite logits/loss on one training batch for SignalJEPA_PreLocal.
[2026-05-07 10:50:22]     Result | best_epoch=50 | stop=50 | acc=0.8938 | bal_acc=0.8939 | pred_hist=[233, 238] | collapse_ratio=0.5053 | collapse=False
[2026-05-07 10:50:22]     spatial_conv=[4, 60] top_abs_channels=[('FC1', 0.24566033), ('FC2', 0.21002394), ('PO7', 0.19046085), ('O1', 0.1867487), ('F8', 0.16204609), ('FC5', 0.15477191), ('F7', 0.14320266), ('PO6', 0.13063268)]
[2026-05-07 10:50:22]     spatial_update=delta_l2=1.51965687 max_abs=0.31242956 relative=1.33361703 changed=True

[2026-05-07 10:50:23] Fold 2/5 | subject=2
[2026-05-07 10:50:23]     Train windows:           1883 | counts=[926, 957]
[2026-05-07 10:50:23]     Test windows:            471 | counts=[231, 240]
[2026-05-07 10:50:23]     Downstream model:        SignalJEPA_PreLocal
[2026-05-07 10:50:23]     Fine-tune strategy:      new
[2026-05-07 10:50:23]     Pretrained loading path: from_pretrained
[2026-05-07 10:50:23]     Pretrained repo:         braindecode/signal-jepa_without-chans
[2026-05-07 10:50:23]     Phase 1 (new):
[2026-05-07 10:50:23]       Trainable groups: ['spatial_conv.', 'final_layer.']
[2026-05-07 10:50:23]       Total params:     15,622
[2026-05-07 10:50:23]       Trainable params: 1,782
[2026-05-07 10:50:23]       Trainable pct:    11.41%
[2026-05-07 10:50:23]       Trainable parameter names: ['spatial_conv.1.weight', 'spatial_conv.1.bias', 'final_layer.1.weight', 'final_layer.1.bias']
[2026-05-07 10:50:23]     Sanity check passed: finite logits/loss on one training batch for SignalJEPA_PreLocal.
[2026-05-07 10:50:49]     Result | best_epoch=48 | stop=50 | acc=0.9193 | bal_acc=0.9195 | pred_hist=[235, 236] | collapse_ratio=0.5011 | collapse=False
[2026-05-07 10:50:49]     spatial_conv=[4, 60] top_abs_channels=[('FC2', 0.20804027), ('PO7', 0.18365847), ('FC1', 0.18115121), ('PO6', 0.15989858), ('P7', 0.1526832), ('F7', 0.15164527), ('T7', 0.14000122), ('F8', 0.11888083)]
[2026-05-07 10:50:49]     spatial_update=delta_l2=1.45289666 max_abs=0.30406146 relative=1.27502975 changed=True

[2026-05-07 10:50:50] Fold 3/5 | subject=2
[2026-05-07 10:50:50]     Train windows:           1883 | counts=[925, 958]
[2026-05-07 10:50:50]     Test windows:            471 | counts=[232, 239]
[2026-05-07 10:50:50]     Downstream model:        SignalJEPA_PreLocal
[2026-05-07 10:50:50]     Fine-tune strategy:      new
[2026-05-07 10:50:50]     Pretrained loading path: from_pretrained
[2026-05-07 10:50:50]     Pretrained repo:         braindecode/signal-jepa_without-chans
[2026-05-07 10:50:50]     Phase 1 (new):
[2026-05-07 10:50:50]       Trainable groups: ['spatial_conv.', 'final_layer.']
[2026-05-07 10:50:50]       Total params:     15,622
[2026-05-07 10:50:50]       Trainable params: 1,782
[2026-05-07 10:50:50]       Trainable pct:    11.41%
[2026-05-07 10:50:50]       Trainable parameter names: ['spatial_conv.1.weight', 'spatial_conv.1.bias', 'final_layer.1.weight', 'final_layer.1.bias']
[2026-05-07 10:50:50]     Sanity check passed: finite logits/loss on one training batch for SignalJEPA_PreLocal.
[2026-05-07 10:51:17]     Result | best_epoch=49 | stop=50 | acc=0.9045 | bal_acc=0.9042 | pred_hist=[225, 246] | collapse_ratio=0.5223 | collapse=False
[2026-05-07 10:51:17]     spatial_conv=[4, 60] top_abs_channels=[('FC2', 0.18960857), ('PO6', 0.17058256), ('FC1', 0.16108556), ('PO7', 0.15662551), ('P2', 0.1490761), ('FC5', 0.14434849), ('O1', 0.13968325), ('F7', 0.1362478)]
[2026-05-07 10:51:17]     spatial_update=delta_l2=1.48409415 max_abs=0.27771969 relative=1.30240798 changed=True

[2026-05-07 10:51:17] Fold 4/5 | subject=2
[2026-05-07 10:51:17]     Train windows:           1883 | counts=[925, 958]
[2026-05-07 10:51:17]     Test windows:            471 | counts=[232, 239]
[2026-05-07 10:51:17]     Downstream model:        SignalJEPA_PreLocal
[2026-05-07 10:51:17]     Fine-tune strategy:      new
[2026-05-07 10:51:17]     Pretrained loading path: from_pretrained
[2026-05-07 10:51:17]     Pretrained repo:         braindecode/signal-jepa_without-chans
[2026-05-07 10:51:17]     Phase 1 (new):
[2026-05-07 10:51:17]       Trainable groups: ['spatial_conv.', 'final_layer.']
[2026-05-07 10:51:17]       Total params:     15,622
[2026-05-07 10:51:17]       Trainable params: 1,782
[2026-05-07 10:51:17]       Trainable pct:    11.41%
[2026-05-07 10:51:17]       Trainable parameter names: ['spatial_conv.1.weight', 'spatial_conv.1.bias', 'final_layer.1.weight', 'final_layer.1.bias']
[2026-05-07 10:51:18]     Sanity check passed: finite logits/loss on one training batch for SignalJEPA_PreLocal.
[2026-05-07 10:51:44]     Result | best_epoch=50 | stop=50 | acc=0.9193 | bal_acc=0.9193 | pred_hist=[232, 239] | collapse_ratio=0.5074 | collapse=False
[2026-05-07 10:51:44]     spatial_conv=[4, 60] top_abs_channels=[('FC1', 0.20757577), ('PO7', 0.17999129), ('F8', 0.17937919), ('FC2', 0.17349707), ('PO6', 0.16125548), ('FC5', 0.15466668), ('FC3', 0.15309726), ('F5', 0.12783282)]
[2026-05-07 10:51:44]     spatial_update=delta_l2=1.46791750 max_abs=0.24482396 relative=1.28821171 changed=True

[2026-05-07 10:51:45] Fold 5/5 | subject=2
[2026-05-07 10:51:45]     Train windows:           1884 | counts=[926, 958]
[2026-05-07 10:51:45]     Test windows:            470 | counts=[231, 239]
[2026-05-07 10:51:45]     Downstream model:        SignalJEPA_PreLocal
[2026-05-07 10:51:45]     Fine-tune strategy:      new
[2026-05-07 10:51:45]     Pretrained loading path: from_pretrained
[2026-05-07 10:51:45]     Pretrained repo:         braindecode/signal-jepa_without-chans
[2026-05-07 10:51:45]     Phase 1 (new):
[2026-05-07 10:51:45]       Trainable groups: ['spatial_conv.', 'final_layer.']
[2026-05-07 10:51:45]       Total params:     15,622
[2026-05-07 10:51:45]       Trainable params: 1,782
[2026-05-07 10:51:45]       Trainable pct:    11.41%
[2026-05-07 10:51:45]       Trainable parameter names: ['spatial_conv.1.weight', 'spatial_conv.1.bias', 'final_layer.1.weight', 'final_layer.1.bias']
[2026-05-07 10:51:45]     Sanity check passed: finite logits/loss on one training batch for SignalJEPA_PreLocal.
[2026-05-07 10:52:11]     Result | best_epoch=47 | stop=50 | acc=0.9064 | bal_acc=0.9064 | pred_hist=[233, 237] | collapse_ratio=0.5043 | collapse=False
[2026-05-07 10:52:11]     spatial_conv=[4, 60] top_abs_channels=[('FC1', 0.25270942), ('FC2', 0.21423177), ('PO6', 0.16461079), ('PO7', 0.15491498), ('F8', 0.1461232), ('O1', 0.14115702), ('F4', 0.12347376), ('PO8', 0.1231159)]
[2026-05-07 10:52:11]     spatial_update=delta_l2=1.51162848 max_abs=0.35523297 relative=1.32657149 changed=True
[2026-05-07 10:52:11]   Subject 2 summary: acc=0.9087±0.0097  bal_acc=0.9087±0.0097

[2026-05-07 10:52:11] Subject 3: 1468 windows | class_counts=[733, 735]

[2026-05-07 10:52:12] Fold 1/5 | subject=3
[2026-05-07 10:52:12]     Train windows:           1174 | counts=[586, 588]
[2026-05-07 10:52:12]     Test windows:            294 | counts=[147, 147]
[2026-05-07 10:52:12]     Downstream model:        SignalJEPA_PreLocal
[2026-05-07 10:52:12]     Fine-tune strategy:      new
[2026-05-07 10:52:12]     Pretrained loading path: from_pretrained
[2026-05-07 10:52:12]     Pretrained repo:         braindecode/signal-jepa_without-chans
[2026-05-07 10:52:12]     Phase 1 (new):
[2026-05-07 10:52:12]       Trainable groups: ['spatial_conv.', 'final_layer.']
[2026-05-07 10:52:12]       Total params:     15,622
[2026-05-07 10:52:12]       Trainable params: 1,782
[2026-05-07 10:52:12]       Trainable pct:    11.41%
[2026-05-07 10:52:12]       Trainable parameter names: ['spatial_conv.1.weight', 'spatial_conv.1.bias', 'final_layer.1.weight', 'final_layer.1.bias']
[2026-05-07 10:52:12]     Sanity check passed: finite logits/loss on one training batch for SignalJEPA_PreLocal.
[2026-05-07 10:52:29]     Result | best_epoch=48 | stop=50 | acc=0.9218 | bal_acc=0.9218 | pred_hist=[146, 148] | collapse_ratio=0.5034 | collapse=False
[2026-05-07 10:52:29]     spatial_conv=[4, 60] top_abs_channels=[('F7', 0.25987455), ('F8', 0.23672915), ('CP6', 0.14786701), ('F5', 0.13441162), ('TP7', 0.12511863), ('Pz', 0.10937916), ('FC3', 0.1013637), ('Cz', 0.09912289)]
[2026-05-07 10:52:29]     spatial_update=delta_l2=1.34880710 max_abs=0.37232231 relative=1.18368308 changed=True

[2026-05-07 10:52:30] Fold 2/5 | subject=3
[2026-05-07 10:52:30]     Train windows:           1174 | counts=[586, 588]
[2026-05-07 10:52:30]     Test windows:            294 | counts=[147, 147]
[2026-05-07 10:52:30]     Downstream model:        SignalJEPA_PreLocal
[2026-05-07 10:52:30]     Fine-tune strategy:      new
[2026-05-07 10:52:30]     Pretrained loading path: from_pretrained
[2026-05-07 10:52:30]     Pretrained repo:         braindecode/signal-jepa_without-chans
[2026-05-07 10:52:30]     Phase 1 (new):
[2026-05-07 10:52:30]       Trainable groups: ['spatial_conv.', 'final_layer.']
[2026-05-07 10:52:30]       Total params:     15,622
[2026-05-07 10:52:30]       Trainable params: 1,782
[2026-05-07 10:52:30]       Trainable pct:    11.41%
[2026-05-07 10:52:30]       Trainable parameter names: ['spatial_conv.1.weight', 'spatial_conv.1.bias', 'final_layer.1.weight', 'final_layer.1.bias']
[2026-05-07 10:52:30]     Sanity check passed: finite logits/loss on one training batch for SignalJEPA_PreLocal.
[2026-05-07 10:52:46]     Result | best_epoch=47 | stop=50 | acc=0.9456 | bal_acc=0.9456 | pred_hist=[149, 145] | collapse_ratio=0.5068 | collapse=False
[2026-05-07 10:52:46]     spatial_conv=[4, 60] top_abs_channels=[('F8', 0.27020428), ('F7', 0.22052956), ('CP6', 0.15918152), ('F5', 0.12296916), ('FC1', 0.11343209), ('F1', 0.1099841), ('Cz', 0.10895957), ('TP7', 0.10692505)]
[2026-05-07 10:52:46]     spatial_update=delta_l2=1.26537036 max_abs=0.31463748 relative=1.11046085 changed=True

[2026-05-07 10:52:47] Fold 3/5 | subject=3
[2026-05-07 10:52:47]     Train windows:           1174 | counts=[586, 588]
[2026-05-07 10:52:47]     Test windows:            294 | counts=[147, 147]
[2026-05-07 10:52:47]     Downstream model:        SignalJEPA_PreLocal
[2026-05-07 10:52:47]     Fine-tune strategy:      new
[2026-05-07 10:52:47]     Pretrained loading path: from_pretrained
[2026-05-07 10:52:47]     Pretrained repo:         braindecode/signal-jepa_without-chans
[2026-05-07 10:52:47]     Phase 1 (new):
[2026-05-07 10:52:47]       Trainable groups: ['spatial_conv.', 'final_layer.']
[2026-05-07 10:52:47]       Total params:     15,622
[2026-05-07 10:52:47]       Trainable params: 1,782
[2026-05-07 10:52:47]       Trainable pct:    11.41%
[2026-05-07 10:52:47]       Trainable parameter names: ['spatial_conv.1.weight', 'spatial_conv.1.bias', 'final_layer.1.weight', 'final_layer.1.bias']
[2026-05-07 10:52:47]     Sanity check passed: finite logits/loss on one training batch for SignalJEPA_PreLocal.
[2026-05-07 10:53:00]     Result | best_epoch=35 | stop=50 | acc=0.9218 | bal_acc=0.9218 | pred_hist=[144, 150] | collapse_ratio=0.5102 | collapse=False
[2026-05-07 10:53:00]     spatial_conv=[4, 60] top_abs_channels=[('F8', 0.23959938), ('F7', 0.20429945), ('F5', 0.15605855), ('CP6', 0.1382809), ('C1', 0.1322902), ('TP7', 0.11548559), ('O2', 0.11279115), ('Oz', 0.10936418)]
[2026-05-07 10:53:00]     spatial_update=delta_l2=1.24811633 max_abs=0.33839710 relative=1.09531910 changed=True

[2026-05-07 10:53:01] Fold 4/5 | subject=3
[2026-05-07 10:53:01]     Train windows:           1175 | counts=[587, 588]
[2026-05-07 10:53:01]     Test windows:            293 | counts=[146, 147]
[2026-05-07 10:53:01]     Downstream model:        SignalJEPA_PreLocal
[2026-05-07 10:53:01]     Fine-tune strategy:      new
[2026-05-07 10:53:01]     Pretrained loading path: from_pretrained
[2026-05-07 10:53:01]     Pretrained repo:         braindecode/signal-jepa_without-chans
[2026-05-07 10:53:01]     Phase 1 (new):
[2026-05-07 10:53:01]       Trainable groups: ['spatial_conv.', 'final_layer.']
[2026-05-07 10:53:01]       Total params:     15,622
[2026-05-07 10:53:01]       Trainable params: 1,782
[2026-05-07 10:53:01]       Trainable pct:    11.41%
[2026-05-07 10:53:01]       Trainable parameter names: ['spatial_conv.1.weight', 'spatial_conv.1.bias', 'final_layer.1.weight', 'final_layer.1.bias']
[2026-05-07 10:53:01]     Sanity check passed: finite logits/loss on one training batch for SignalJEPA_PreLocal.
[2026-05-07 10:53:15]     Result | best_epoch=44 | stop=50 | acc=0.9317 | bal_acc=0.9317 | pred_hist=[144, 149] | collapse_ratio=0.5085 | collapse=False
[2026-05-07 10:53:15]     spatial_conv=[4, 60] top_abs_channels=[('F7', 0.21198952), ('F8', 0.21187979), ('F5', 0.17961127), ('CP6', 0.14986844), ('TP7', 0.13254978), ('C1', 0.11414984), ('PO7', 0.10714675), ('P4', 0.10493573)]
[2026-05-07 10:53:15]     spatial_update=delta_l2=1.36454581 max_abs=0.32442757 relative=1.19749502 changed=True

[2026-05-07 10:53:16] Fold 5/5 | subject=3
[2026-05-07 10:53:16]     Train windows:           1175 | counts=[587, 588]
[2026-05-07 10:53:16]     Test windows:            293 | counts=[146, 147]
[2026-05-07 10:53:16]     Downstream model:        SignalJEPA_PreLocal
[2026-05-07 10:53:16]     Fine-tune strategy:      new
[2026-05-07 10:53:16]     Pretrained loading path: from_pretrained
[2026-05-07 10:53:16]     Pretrained repo:         braindecode/signal-jepa_without-chans
[2026-05-07 10:53:16]     Phase 1 (new):
[2026-05-07 10:53:16]       Trainable groups: ['spatial_conv.', 'final_layer.']
[2026-05-07 10:53:16]       Total params:     15,622
[2026-05-07 10:53:16]       Trainable params: 1,782
[2026-05-07 10:53:16]       Trainable pct:    11.41%
[2026-05-07 10:53:16]       Trainable parameter names: ['spatial_conv.1.weight', 'spatial_conv.1.bias', 'final_layer.1.weight', 'final_layer.1.bias']
[2026-05-07 10:53:16]     Sanity check passed: finite logits/loss on one training batch for SignalJEPA_PreLocal.
[2026-05-07 10:53:33]     Result | best_epoch=34 | stop=50 | acc=0.9317 | bal_acc=0.9317 | pred_hist=[146, 147] | collapse_ratio=0.5017 | collapse=False
[2026-05-07 10:53:33]     spatial_conv=[4, 60] top_abs_channels=[('F7', 0.25810507), ('F8', 0.23210259), ('CP6', 0.17374656), ('CP2', 0.1236774), ('Cz', 0.11502481), ('TP7', 0.11219446), ('FC1', 0.10921041), ('Pz', 0.09669319)]
[2026-05-07 10:53:33]     spatial_update=delta_l2=1.34034862 max_abs=0.36354078 relative=1.17626010 changed=True
[2026-05-07 10:53:33]   Subject 3 summary: acc=0.9305±0.0088  bal_acc=0.9305±0.0088

[2026-05-07 10:53:33] Subject 4: 2196 windows | class_counts=[1100, 1096]

[2026-05-07 10:53:34] Fold 1/5 | subject=4
[2026-05-07 10:53:34]     Train windows:           1756 | counts=[880, 876]
[2026-05-07 10:53:34]     Test windows:            440 | counts=[220, 220]
[2026-05-07 10:53:34]     Downstream model:        SignalJEPA_PreLocal
[2026-05-07 10:53:34]     Fine-tune strategy:      new
[2026-05-07 10:53:34]     Pretrained loading path: from_pretrained
[2026-05-07 10:53:34]     Pretrained repo:         braindecode/signal-jepa_without-chans
[2026-05-07 10:53:34]     Phase 1 (new):
[2026-05-07 10:53:34]       Trainable groups: ['spatial_conv.', 'final_layer.']
[2026-05-07 10:53:34]       Total params:     15,622
[2026-05-07 10:53:34]       Trainable params: 1,782
[2026-05-07 10:53:34]       Trainable pct:    11.41%
[2026-05-07 10:53:34]       Trainable parameter names: ['spatial_conv.1.weight', 'spatial_conv.1.bias', 'final_layer.1.weight', 'final_layer.1.bias']
[2026-05-07 10:53:34]     Sanity check passed: finite logits/loss on one training batch for SignalJEPA_PreLocal.
[2026-05-07 10:53:54]     Result | best_epoch=49 | stop=50 | acc=0.7205 | bal_acc=0.7205 | pred_hist=[205, 235] | collapse_ratio=0.5341 | collapse=False
[2026-05-07 10:53:54]     spatial_conv=[4, 60] top_abs_channels=[('C3', 0.33967647), ('FC1', 0.18914583), ('CPz', 0.17645019), ('P2', 0.16433389), ('FC5', 0.15105899), ('C5', 0.11839509), ('FC2', 0.11474626), ('C6', 0.10474705)]
[2026-05-07 10:53:54]     spatial_update=delta_l2=1.41813456 max_abs=0.45580048 relative=1.24452331 changed=True

[2026-05-07 10:53:54] Fold 2/5 | subject=4
[2026-05-07 10:53:54]     Train windows:           1757 | counts=[880, 877]
[2026-05-07 10:53:54]     Test windows:            439 | counts=[220, 219]
[2026-05-07 10:53:54]     Downstream model:        SignalJEPA_PreLocal
[2026-05-07 10:53:54]     Fine-tune strategy:      new
[2026-05-07 10:53:54]     Pretrained loading path: from_pretrained
[2026-05-07 10:53:54]     Pretrained repo:         braindecode/signal-jepa_without-chans
[2026-05-07 10:53:54]     Phase 1 (new):
[2026-05-07 10:53:54]       Trainable groups: ['spatial_conv.', 'final_layer.']
[2026-05-07 10:53:54]       Total params:     15,622
[2026-05-07 10:53:54]       Trainable params: 1,782
[2026-05-07 10:53:54]       Trainable pct:    11.41%
[2026-05-07 10:53:54]       Trainable parameter names: ['spatial_conv.1.weight', 'spatial_conv.1.bias', 'final_layer.1.weight', 'final_layer.1.bias']
[2026-05-07 10:53:54]     Sanity check passed: finite logits/loss on one training batch for SignalJEPA_PreLocal.
[2026-05-07 10:54:14]     Result | best_epoch=50 | stop=50 | acc=0.6834 | bal_acc=0.6833 | pred_hist=[227, 212] | collapse_ratio=0.5171 | collapse=False
[2026-05-07 10:54:14]     spatial_conv=[4, 60] top_abs_channels=[('C3', 0.30917716), ('FC1', 0.1796878), ('CPz', 0.1524388), ('C5', 0.1505065), ('FT7', 0.14962366), ('FC5', 0.13346995), ('PO8', 0.13062605), ('FT8', 0.13046807)]
[2026-05-07 10:54:14]     spatial_update=delta_l2=1.42568508 max_abs=0.49318553 relative=1.25114948 changed=True

[2026-05-07 10:54:15] Fold 3/5 | subject=4
[2026-05-07 10:54:15]     Train windows:           1757 | counts=[880, 877]
[2026-05-07 10:54:15]     Test windows:            439 | counts=[220, 219]
[2026-05-07 10:54:15]     Downstream model:        SignalJEPA_PreLocal
[2026-05-07 10:54:15]     Fine-tune strategy:      new
[2026-05-07 10:54:15]     Pretrained loading path: from_pretrained
[2026-05-07 10:54:15]     Pretrained repo:         braindecode/signal-jepa_without-chans
[2026-05-07 10:54:15]     Phase 1 (new):
[2026-05-07 10:54:15]       Trainable groups: ['spatial_conv.', 'final_layer.']
[2026-05-07 10:54:15]       Total params:     15,622
[2026-05-07 10:54:15]       Trainable params: 1,782
[2026-05-07 10:54:15]       Trainable pct:    11.41%
[2026-05-07 10:54:15]       Trainable parameter names: ['spatial_conv.1.weight', 'spatial_conv.1.bias', 'final_layer.1.weight', 'final_layer.1.bias']
[2026-05-07 10:54:15]     Sanity check passed: finite logits/loss on one training batch for SignalJEPA_PreLocal.
[2026-05-07 10:54:38]     Result | best_epoch=45 | stop=50 | acc=0.7449 | bal_acc=0.7450 | pred_hist=[200, 239] | collapse_ratio=0.5444 | collapse=False
[2026-05-07 10:54:38]     spatial_conv=[4, 60] top_abs_channels=[('C3', 0.27471095), ('FC1', 0.17268077), ('FT7', 0.15928639), ('FC4', 0.14269017), ('T7', 0.13194123), ('C5', 0.12895595), ('CP6', 0.12515649), ('CPz', 0.12101491)]
[2026-05-07 10:54:38]     spatial_update=delta_l2=1.34196774 max_abs=0.37248616 relative=1.17768100 changed=True

[2026-05-07 10:54:38] Fold 4/5 | subject=4
[2026-05-07 10:54:38]     Train windows:           1757 | counts=[880, 877]
[2026-05-07 10:54:38]     Test windows:            439 | counts=[220, 219]
[2026-05-07 10:54:38]     Downstream model:        SignalJEPA_PreLocal
[2026-05-07 10:54:38]     Fine-tune strategy:      new
[2026-05-07 10:54:38]     Pretrained loading path: from_pretrained
[2026-05-07 10:54:38]     Pretrained repo:         braindecode/signal-jepa_without-chans
[2026-05-07 10:54:38]     Phase 1 (new):
[2026-05-07 10:54:38]       Trainable groups: ['spatial_conv.', 'final_layer.']
[2026-05-07 10:54:38]       Total params:     15,622
[2026-05-07 10:54:38]       Trainable params: 1,782
[2026-05-07 10:54:38]       Trainable pct:    11.41%
[2026-05-07 10:54:38]       Trainable parameter names: ['spatial_conv.1.weight', 'spatial_conv.1.bias', 'final_layer.1.weight', 'final_layer.1.bias']
[2026-05-07 10:54:38]     Sanity check passed: finite logits/loss on one training batch for SignalJEPA_PreLocal.
[2026-05-07 10:54:59]     Result | best_epoch=41 | stop=50 | acc=0.7608 | bal_acc=0.7608 | pred_hist=[219, 220] | collapse_ratio=0.5011 | collapse=False
[2026-05-07 10:54:59]     spatial_conv=[4, 60] top_abs_channels=[('C3', 0.29823437), ('F8', 0.16231066), ('FC4', 0.15478317), ('P2', 0.15234013), ('FC5', 0.14686739), ('CPz', 0.14387988), ('FT7', 0.13512503), ('FC2', 0.12692532)]
[2026-05-07 10:54:59]     spatial_update=delta_l2=1.38991903 max_abs=0.35156737 relative=1.21976199 changed=True

[2026-05-07 10:54:59] Fold 5/5 | subject=4
[2026-05-07 10:54:59]     Train windows:           1757 | counts=[880, 877]
[2026-05-07 10:54:59]     Test windows:            439 | counts=[220, 219]
[2026-05-07 10:54:59]     Downstream model:        SignalJEPA_PreLocal
[2026-05-07 10:54:59]     Fine-tune strategy:      new
[2026-05-07 10:54:59]     Pretrained loading path: from_pretrained
[2026-05-07 10:54:59]     Pretrained repo:         braindecode/signal-jepa_without-chans
[2026-05-07 10:54:59]     Phase 1 (new):
[2026-05-07 10:54:59]       Trainable groups: ['spatial_conv.', 'final_layer.']
[2026-05-07 10:54:59]       Total params:     15,622
[2026-05-07 10:54:59]       Trainable params: 1,782
[2026-05-07 10:54:59]       Trainable pct:    11.41%
[2026-05-07 10:54:59]       Trainable parameter names: ['spatial_conv.1.weight', 'spatial_conv.1.bias', 'final_layer.1.weight', 'final_layer.1.bias']
[2026-05-07 10:54:59]     Sanity check passed: finite logits/loss on one training batch for SignalJEPA_PreLocal.
[2026-05-07 10:55:24]     Result | best_epoch=46 | stop=50 | acc=0.7563 | bal_acc=0.7562 | pred_hist=[231, 208] | collapse_ratio=0.5262 | collapse=False
[2026-05-07 10:55:24]     spatial_conv=[4, 60] top_abs_channels=[('C3', 0.27275923), ('FC4', 0.19553638), ('FC5', 0.15917823), ('FC1', 0.1548672), ('CPz', 0.15149406), ('F1', 0.14120179), ('P2', 0.12466936), ('C5', 0.11938412)]
[2026-05-07 10:55:24]     spatial_update=delta_l2=1.29855851 max_abs=0.42212585 relative=1.13958604 changed=True
[2026-05-07 10:55:24]   Subject 4 summary: acc=0.7332±0.0286  bal_acc=0.7332±0.0286

[2026-05-07 10:55:24] Subject 5: 1252 windows | class_counts=[604, 648]

[2026-05-07 10:55:25] Fold 1/5 | subject=5
[2026-05-07 10:55:25]     Train windows:           1001 | counts=[483, 518]
[2026-05-07 10:55:25]     Test windows:            251 | counts=[121, 130]
[2026-05-07 10:55:25]     Downstream model:        SignalJEPA_PreLocal
[2026-05-07 10:55:25]     Fine-tune strategy:      new
[2026-05-07 10:55:25]     Pretrained loading path: from_pretrained
[2026-05-07 10:55:25]     Pretrained repo:         braindecode/signal-jepa_without-chans
[2026-05-07 10:55:25]     Phase 1 (new):
[2026-05-07 10:55:25]       Trainable groups: ['spatial_conv.', 'final_layer.']
[2026-05-07 10:55:25]       Total params:     15,622
[2026-05-07 10:55:25]       Trainable params: 1,782
[2026-05-07 10:55:25]       Trainable pct:    11.41%
[2026-05-07 10:55:25]       Trainable parameter names: ['spatial_conv.1.weight', 'spatial_conv.1.bias', 'final_layer.1.weight', 'final_layer.1.bias']
[2026-05-07 10:55:25]     Sanity check passed: finite logits/loss on one training batch for SignalJEPA_PreLocal.
[2026-05-07 10:55:39]     Result | best_epoch=35 | stop=50 | acc=0.7610 | bal_acc=0.7615 | pred_hist=[127, 124] | collapse_ratio=0.5060 | collapse=False
[2026-05-07 10:55:39]     spatial_conv=[4, 60] top_abs_channels=[('Pz', 0.14392179), ('Cz', 0.13731188), ('C6', 0.13717897), ('F8', 0.13593705), ('F7', 0.13284788), ('Oz', 0.1242969), ('CP6', 0.12025121), ('CP3', 0.11619405)]
[2026-05-07 10:55:39]     spatial_update=delta_l2=1.15597753 max_abs=0.21044957 relative=1.01446014 changed=True

[2026-05-07 10:55:40] Fold 2/5 | subject=5
[2026-05-07 10:55:40]     Train windows:           1001 | counts=[483, 518]
[2026-05-07 10:55:40]     Test windows:            251 | counts=[121, 130]
[2026-05-07 10:55:40]     Downstream model:        SignalJEPA_PreLocal
[2026-05-07 10:55:40]     Fine-tune strategy:      new
[2026-05-07 10:55:40]     Pretrained loading path: from_pretrained
[2026-05-07 10:55:40]     Pretrained repo:         braindecode/signal-jepa_without-chans
[2026-05-07 10:55:40]     Phase 1 (new):
[2026-05-07 10:55:40]       Trainable groups: ['spatial_conv.', 'final_layer.']
[2026-05-07 10:55:40]       Total params:     15,622
[2026-05-07 10:55:40]       Trainable params: 1,782
[2026-05-07 10:55:40]       Trainable pct:    11.41%
[2026-05-07 10:55:40]       Trainable parameter names: ['spatial_conv.1.weight', 'spatial_conv.1.bias', 'final_layer.1.weight', 'final_layer.1.bias']
[2026-05-07 10:55:40]     Sanity check passed: finite logits/loss on one training batch for SignalJEPA_PreLocal.
[2026-05-07 10:55:54]     Result | best_epoch=45 | stop=50 | acc=0.7649 | bal_acc=0.7619 | pred_hist=[102, 149] | collapse_ratio=0.5936 | collapse=False
[2026-05-07 10:55:54]     spatial_conv=[4, 60] top_abs_channels=[('Cz', 0.18659741), ('Oz', 0.16594926), ('F7', 0.13841075), ('CP3', 0.1297106), ('C6', 0.12458072), ('F8', 0.11585468), ('TP7', 0.1133902), ('P3', 0.11240047)]
[2026-05-07 10:55:54]     spatial_update=delta_l2=1.11687181 max_abs=0.20952101 relative=0.98014183 changed=True

[2026-05-07 10:55:55] Fold 3/5 | subject=5
[2026-05-07 10:55:55]     Train windows:           1002 | counts=[484, 518]
[2026-05-07 10:55:55]     Test windows:            250 | counts=[120, 130]
[2026-05-07 10:55:55]     Downstream model:        SignalJEPA_PreLocal
[2026-05-07 10:55:55]     Fine-tune strategy:      new
[2026-05-07 10:55:55]     Pretrained loading path: from_pretrained
[2026-05-07 10:55:55]     Pretrained repo:         braindecode/signal-jepa_without-chans
[2026-05-07 10:55:55]     Phase 1 (new):
[2026-05-07 10:55:55]       Trainable groups: ['spatial_conv.', 'final_layer.']
[2026-05-07 10:55:55]       Total params:     15,622
[2026-05-07 10:55:55]       Trainable params: 1,782
[2026-05-07 10:55:55]       Trainable pct:    11.41%
[2026-05-07 10:55:55]       Trainable parameter names: ['spatial_conv.1.weight', 'spatial_conv.1.bias', 'final_layer.1.weight', 'final_layer.1.bias']
[2026-05-07 10:55:55]     Sanity check passed: finite logits/loss on one training batch for SignalJEPA_PreLocal.
[2026-05-07 10:56:09]     Result | best_epoch=50 | stop=50 | acc=0.8040 | bal_acc=0.8042 | pred_hist=[123, 127] | collapse_ratio=0.5080 | collapse=False
[2026-05-07 10:56:09]     spatial_conv=[4, 60] top_abs_channels=[('CP6', 0.15943266), ('Oz', 0.13596539), ('F5', 0.12545417), ('F7', 0.12015177), ('C6', 0.11816173), ('Cz', 0.1163134), ('F4', 0.11407217), ('Pz', 0.1115777)]
[2026-05-07 10:56:09]     spatial_update=delta_l2=1.08742654 max_abs=0.18206720 relative=0.95430132 changed=True

[2026-05-07 10:56:10] Fold 4/5 | subject=5
[2026-05-07 10:56:10]     Train windows:           1002 | counts=[483, 519]
[2026-05-07 10:56:10]     Test windows:            250 | counts=[121, 129]
[2026-05-07 10:56:10]     Downstream model:        SignalJEPA_PreLocal
[2026-05-07 10:56:10]     Fine-tune strategy:      new
[2026-05-07 10:56:10]     Pretrained loading path: from_pretrained
[2026-05-07 10:56:10]     Pretrained repo:         braindecode/signal-jepa_without-chans
[2026-05-07 10:56:10]     Phase 1 (new):
[2026-05-07 10:56:10]       Trainable groups: ['spatial_conv.', 'final_layer.']
[2026-05-07 10:56:10]       Total params:     15,622
[2026-05-07 10:56:10]       Trainable params: 1,782
[2026-05-07 10:56:10]       Trainable pct:    11.41%
[2026-05-07 10:56:10]       Trainable parameter names: ['spatial_conv.1.weight', 'spatial_conv.1.bias', 'final_layer.1.weight', 'final_layer.1.bias']
[2026-05-07 10:56:10]     Sanity check passed: finite logits/loss on one training batch for SignalJEPA_PreLocal.
[2026-05-07 10:56:24]     Result | best_epoch=50 | stop=50 | acc=0.7960 | bal_acc=0.7959 | pred_hist=[122, 128] | collapse_ratio=0.5120 | collapse=False
[2026-05-07 10:56:24]     spatial_conv=[4, 60] top_abs_channels=[('Fz', 0.13793325), ('FC1', 0.13132095), ('Cz', 0.12946203), ('Oz', 0.1261107), ('F7', 0.12069577), ('F5', 0.11831884), ('F8', 0.11787055), ('Pz', 0.10750875)]
[2026-05-07 10:56:24]     spatial_update=delta_l2=1.13463527 max_abs=0.17507635 relative=0.99573065 changed=True

[2026-05-07 10:56:25] Fold 5/5 | subject=5
[2026-05-07 10:56:25]     Train windows:           1002 | counts=[483, 519]
[2026-05-07 10:56:25]     Test windows:            250 | counts=[121, 129]
[2026-05-07 10:56:25]     Downstream model:        SignalJEPA_PreLocal
[2026-05-07 10:56:25]     Fine-tune strategy:      new
[2026-05-07 10:56:25]     Pretrained loading path: from_pretrained
[2026-05-07 10:56:25]     Pretrained repo:         braindecode/signal-jepa_without-chans
[2026-05-07 10:56:25]     Phase 1 (new):
[2026-05-07 10:56:25]       Trainable groups: ['spatial_conv.', 'final_layer.']
[2026-05-07 10:56:25]       Total params:     15,622
[2026-05-07 10:56:25]       Trainable params: 1,782
[2026-05-07 10:56:25]       Trainable pct:    11.41%
[2026-05-07 10:56:25]       Trainable parameter names: ['spatial_conv.1.weight', 'spatial_conv.1.bias', 'final_layer.1.weight', 'final_layer.1.bias']
[2026-05-07 10:56:25]     Sanity check passed: finite logits/loss on one training batch for SignalJEPA_PreLocal.
[2026-05-07 10:56:40]     Result | best_epoch=50 | stop=50 | acc=0.7400 | bal_acc=0.7401 | pred_hist=[124, 126] | collapse_ratio=0.5040 | collapse=False
[2026-05-07 10:56:40]     spatial_conv=[4, 60] top_abs_channels=[('CP6', 0.14410128), ('Oz', 0.14046523), ('FT7', 0.12276858), ('PO4', 0.11750479), ('F1', 0.10922685), ('F8', 0.10785921), ('F7', 0.10559836), ('Fz', 0.10468194)]
[2026-05-07 10:56:40]     spatial_update=delta_l2=1.17876950 max_abs=0.23190220 relative=1.03446186 changed=True
[2026-05-07 10:56:40]   Subject 5 summary: acc=0.7732±0.0236  bal_acc=0.7727±0.0238

[2026-05-07 10:56:40] Total folds completed: 25
[2026-05-07 10:56:40] ======================================================================
[2026-05-07 10:56:40] AGGREGATED RESULTS
[2026-05-07 10:56:40] ======================================================================
[2026-05-07 10:56:40]   1: acc=0.8244±0.0089  bal_acc=0.8242±0.0089
[2026-05-07 10:56:40]   2: acc=0.9087±0.0097  bal_acc=0.9087±0.0097
[2026-05-07 10:56:40]   3: acc=0.9305±0.0088  bal_acc=0.9305±0.0088
[2026-05-07 10:56:40]   4: acc=0.7332±0.0286  bal_acc=0.7332±0.0286
[2026-05-07 10:56:40]   5: acc=0.7732±0.0236  bal_acc=0.7727±0.0238
[2026-05-07 10:56:40] ----------------------------------------------------------------------
[2026-05-07 10:56:40]   OVERALL: acc=0.8340±0.0781  bal_acc=0.8338±0.0782
[2026-05-07 10:56:40] ======================================================================

[2026-05-07 10:56:40] ======================================================================
[2026-05-07 10:56:40] EXPERIMENT SUMMARY
[2026-05-07 10:56:40] ======================================================================
[2026-05-07 10:56:40] Run ID:                 20260507_1048_54b29b79
[2026-05-07 10:56:40] Dataset:                Stieger2021
[2026-05-07 10:56:40] Labels kept:            ['left_hand', 'right_hand']
[2026-05-07 10:56:40] Model:                  SignalJEPA_PreLocal
[2026-05-07 10:56:40] Pretrained mode:        from_pretrained
[2026-05-07 10:56:40] Strategy:               new
[2026-05-07 10:56:40] Window:                 3.200s / 409 samples
[2026-05-07 10:56:40] Artifacts:              c:\Repos\eeg-jepa-research\artifacts\moabb-mi-sjepa\Stieger2021\20260507_1048_54b29b79
[2026-05-07 10:56:40] Mean Accuracy:          0.8340 ± 0.0781
[2026-05-07 10:56:40] Mean Balanced Accuracy: 0.8338 ± 0.0782
[2026-05-07 10:56:40] ======================================================================

[2026-05-07 10:56:40] Spatial convolution analysis saved:
[2026-05-07 10:56:40]   Long channel CSV:        c:\Repos\eeg-jepa-research\artifacts\moabb-mi-sjepa\Stieger2021\20260507_1048_54b29b79\spatial_conv_analysis\spatial_channel_importance_long.csv
[2026-05-07 10:56:40]   Fold diagnostics CSV:    c:\Repos\eeg-jepa-research\artifacts\moabb-mi-sjepa\Stieger2021\20260507_1048_54b29b79\spatial_conv_analysis\fold_diagnostics.csv
[2026-05-07 10:56:40]   Fold weight JSON:        c:\Repos\eeg-jepa-research\artifacts\moabb-mi-sjepa\Stieger2021\20260507_1048_54b29b79\spatial_conv_analysis\spatial_conv_weights_by_fold.json
[2026-05-07 10:56:40]   Global importance CSV:   c:\Repos\eeg-jepa-research\artifacts\moabb-mi-sjepa\Stieger2021\20260507_1048_54b29b79\spatial_conv_analysis\spatial_channel_importance_global.csv
[2026-05-07 10:56:40]   Subject importance CSV:  c:\Repos\eeg-jepa-research\artifacts\moabb-mi-sjepa\Stieger2021\20260507_1048_54b29b79\spatial_conv_analysis\spatial_channel_importance_by_subject.csv
[2026-05-07 10:56:40]   Diagnostic summary JSON: c:\Repos\eeg-jepa-research\artifacts\moabb-mi-sjepa\Stieger2021\20260507_1048_54b29b79\spatial_conv_analysis\diagnostic_summary.json

[2026-05-07 10:56:40] Diagnostic summary:
[2026-05-07 10:56:40] {
  "n_folds": 25,
  "collapse_rate": 0.0,
  "mean_collapse_ratio": 0.5164445008,
  "mean_spatial_delta_l2": 1.3511773264000002,
  "mean_spatial_relative_delta": 1.1857631344000001,
  "spatial_changed_rate": 1.0,
  "mean_confidence": 0.8244856387999999,
  "mean_normalized_prediction_entropy": 0.553553804
}

[2026-05-07 10:56:40] Top global channels by mean absolute spatial weight:
[2026-05-07 10:56:40]   Global topomap:          c:\Repos\eeg-jepa-research\artifacts\moabb-mi-sjepa\Stieger2021\20260507_1048_54b29b79\spatial_conv_analysis\global_mean_abs_spatial_weight_topomap.png
[2026-05-07 10:56:40]   Global filter grid:      c:\Repos\eeg-jepa-research\artifacts\moabb-mi-sjepa\Stieger2021\20260507_1048_54b29b79\spatial_conv_analysis\global_mean_spatial_filters_topomap_grid.png
[2026-05-07 10:56:41]   Subject topomaps saved in: c:\Repos\eeg-jepa-research\artifacts\moabb-mi-sjepa\Stieger2021\20260507_1048_54b29b79\spatial_conv_analysis
[2026-05-07 10:56:41] CV results saved to:      c:\Repos\eeg-jepa-research\artifacts\moabb-mi-sjepa\Stieger2021\20260507_1048_54b29b79\cv_results.json
[2026-05-07 10:56:41] Subject metrics saved to: c:\Repos\eeg-jepa-research\artifacts\moabb-mi-sjepa\Stieger2021\20260507_1048_54b29b79\subject_metrics.json
[2026-05-07 10:56:41] Global metrics saved to:  c:\Repos\eeg-jepa-research\artifacts\moabb-mi-sjepa\Stieger2021\20260507_1048_54b29b79\global_metrics.json
[2026-05-07 10:56:41] Run metadata saved to:    c:\Repos\eeg-jepa-research\artifacts\moabb-mi-sjepa\Stieger2021\20260507_1048_54b29b79\run_metadata.json

[2026-05-07 10:56:41] All artifacts in: c:\Repos\eeg-jepa-research\artifacts\moabb-mi-sjepa\Stieger2021\20260507_1048_54b29b79
