[2026-04-16 14:47:07] Using device: cpu
[2026-04-16 14:47:07] Seed control disabled (CONFIG['set_seed'] = False)
[2026-04-16 14:47:07] ======================================================================
[2026-04-16 14:47:07] CONFIGURATION
[2026-04-16 14:47:07] ======================================================================
[2026-04-16 14:47:07]   artifact_dir: /home/vegorov/Repos/eeg_jepa_research/artifacts/lee-2019-fine-tuning
[2026-04-16 14:47:07]   bandpass_high: 40.0
[2026-04-16 14:47:07]   bandpass_low: 0.5
[2026-04-16 14:47:07]   batch_size: 32
[2026-04-16 14:47:07]   convert_to_uV: True
[2026-04-16 14:47:07]   cv_folds: 5
[2026-04-16 14:47:07]   early_stopping_patience: 50
[2026-04-16 14:47:07]   learning_rate: None
[2026-04-16 14:47:07]   model_name: SignalJEPA_Contextual
[2026-04-16 14:47:07]   n_epochs: 5000
[2026-04-16 14:47:07]   paradigm: ERP
[2026-04-16 14:47:07]   pretrained_url: https://huggingface.co/braindecode/SignalJEPA/resolve/main/signal-jepa_16s-60_adeuwv4s.pth
[2026-04-16 14:47:07]   seed: None
[2026-04-16 14:47:07]   set_eeg_reference: True
[2026-04-16 14:47:07]   set_seed: False
[2026-04-16 14:47:07]   set_standard_montage: True
[2026-04-16 14:47:07]   sfreq: 128
[2026-04-16 14:47:07]   strategy: new
[2026-04-16 14:47:07]   subjects_to_use: None
[2026-04-16 14:47:07]   val_split: 0.2
[2026-04-16 14:47:07]   warmup_epochs: 10
[2026-04-16 14:47:07]   primary_metric_name: roc_auc
[2026-04-16 14:47:07]   primary_metric_label: ROC-AUC
[2026-04-16 14:47:07] ======================================================================
[2026-04-16 14:47:07] Config saved to: /home/vegorov/Repos/eeg_jepa_research/artifacts/lee-2019-fine-tuning/ERP/20260416_1447_45070b97/config.json
[2026-04-16 14:47:07] Epoch window configuration:
[2026-04-16 14:47:07]   Target sfreq:                128 Hz
[2026-04-16 14:47:07]   Target duration:             1.190000 s
[2026-04-16 14:47:07]   Window samples (rounded):    152
[2026-04-16 14:47:07]   Base trial samples (1.0 s):  128
[2026-04-16 14:47:07]   Trial stop offset samples:   24
[2026-04-16 14:47:07]   Effective window duration:   1.187500 s
[2026-04-16 14:47:07] Dataset code: Lee2019-ERP
[2026-04-16 14:47:07] Subjects Total: 54
[2026-04-16 14:47:07] Events: {'Target': 1, 'NonTarget': 2}
[2026-04-16 14:47:07] Interval: [0.0, 1.0]
[2026-04-16 14:47:07] Paradigm: p300
[2026-04-16 14:47:07] Selected subjects: [48, 49, 50, 51, 52, 53, 54]
[2026-04-16 14:47:07] Expected evaluation folds: 35

[2026-04-16 14:47:07] Building MOABBDataset for Lee2019_ERP...
[2026-04-16 14:48:50] MOABBDataset recordings loaded: 14
[2026-04-16 14:48:50] Discovered annotation descriptions (first recording): [np.str_('NonTarget'), np.str_('Target')]
[2026-04-16 14:48:50] Dataset event_id mapping: {'Target': 1, 'NonTarget': 2}
[2026-04-16 14:48:50] Label map (event_code -> class_index): {1: 0, 2: 1}
[2026-04-16 14:48:50] Applying Braindecode preprocessors to MOABBDataset...
[2026-04-16 14:49:18] Preprocessing complete.

[2026-04-16 14:49:18] Post-preprocessing validation
[2026-04-16 14:49:18]   Recordings in DATASET: 14
[2026-04-16 14:49:18]   Unique subject IDs:    ['48', '49', '50', '51', '52', '53', '54']
[2026-04-16 14:49:18]   sfreq (first rec):     128.0 Hz
[2026-04-16 14:49:18]   EEG channel count:     62
[2026-04-16 14:49:18]   First 10 channels:     ['Fp1', 'Fp2', 'F7', 'F3', 'Fz', 'F4', 'F8', 'FC5', 'FC1', 'FC2']
[2026-04-16 14:49:18] EEG channel #: 62
[2026-04-16 14:49:18] First 10 EEG channels: ['Fp1', 'Fp2', 'F7', 'F3', 'Fz', 'F4', 'F8', 'FC5', 'FC1', 'FC2']
[2026-04-16 14:49:18] Channel-location ranges (x, y, z):
[2026-04-16 14:49:18]   x: min=-0.087556, max=0.084222, span=0.171778
[2026-04-16 14:49:18]   y: min=-0.082783, max=0.115346, span=0.198129
[2026-04-16 14:49:18]   z: min=-0.013156, max=0.141549, span=0.154705
[2026-04-16 14:49:18] Requested window samples: 152
[2026-04-16 14:49:18] Base trial samples:       128
[2026-04-16 14:49:18] Stop offset samples:      24
[2026-04-16 14:49:18] Global class counts: [23100, 4620]
[2026-04-16 14:49:18] Chance level (2-class): 0.50
[2026-04-16 14:49:18] One window shape: (62, 152)
[2026-04-16 14:49:18] One window label: 0
[2026-04-16 14:49:18] Window sample length expected=152, got=152
[2026-04-16 14:49:18] Subjects in window split: [48, 49, 50, 51, 52, 53, 54]
[2026-04-16 14:49:18] Summarizing per-subject windows...
[2026-04-16 14:49:18]   Subject 48: n_windows=3960, window_shape=(62, 152), class_counts=[3300, 660]
[2026-04-16 14:49:18]   Subject 49: n_windows=3960, window_shape=(62, 152), class_counts=[3300, 660]
[2026-04-16 14:49:18]   Subject 50: n_windows=3960, window_shape=(62, 152), class_counts=[3300, 660]
[2026-04-16 14:49:18]   Subject 51: n_windows=3960, window_shape=(62, 152), class_counts=[3300, 660]
[2026-04-16 14:49:18]   Subject 52: n_windows=3960, window_shape=(62, 152), class_counts=[3300, 660]
[2026-04-16 14:49:18]   Subject 53: n_windows=3960, window_shape=(62, 152), class_counts=[3300, 660]
[2026-04-16 14:49:18]   Subject 54: n_windows=3960, window_shape=(62, 152), class_counts=[3300, 660]
[2026-04-16 14:49:18]    subject_id  n_windows  n_channels  n_times class_counts
0          48       3960          62      152  [3300, 660]
1          49       3960          62      152  [3300, 660]
2          50       3960          62      152  [3300, 660]
3          51       3960          62      152  [3300, 660]
4          52       3960          62      152  [3300, 660]
5          53       3960          62      152  [3300, 660]
6          54       3960          62      152  [3300, 660]
[2026-04-16 14:49:19] Window validation summary:
[2026-04-16 14:49:19]   Subject 48: n_windows=3960 class_counts=[3300, 660]
[2026-04-16 14:49:19]   Subject 49: n_windows=3960 class_counts=[3300, 660]
[2026-04-16 14:49:19]   Subject 50: n_windows=3960 class_counts=[3300, 660]
[2026-04-16 14:49:19]   Subject 51: n_windows=3960 class_counts=[3300, 660]
[2026-04-16 14:49:19]   Subject 52: n_windows=3960 class_counts=[3300, 660]
[2026-04-16 14:49:19]   Subject 53: n_windows=3960 class_counts=[3300, 660]
[2026-04-16 14:49:19]   Subject 54: n_windows=3960 class_counts=[3300, 660]

[2026-04-16 14:49:19] Validated sampling rate target: 128 Hz
[2026-04-16 14:49:19] Validated window sample count:   152
[2026-04-16 14:49:19] Validated window duration:       1.1875 s
[2026-04-16 14:49:19] Validated channel count:         62
[2026-04-16 14:49:19] Total windows retained:          27720
[2026-04-16 14:49:19] Preprocessing sanity checks:
[2026-04-16 14:49:19]   One sample label: 0
[2026-04-16 14:49:19]   One sample shape: (62, 152)
[2026-04-16 14:49:19]   Mean(abs(signal)): 3.551250e+00
[2026-04-16 14:49:19]   Mean(signal):      -9.714848e-09
[2026-04-16 14:49:19]   Std(signal):       4.623938e+00
[2026-04-16 14:49:19] Contextual channel-loc fix applied: copied loc[0:3] -> loc[3:6] to avoid degenerate positional-encoding ranges.
[2026-04-16 14:49:19] SignalJEPA_Contextual instantiated successfully.
[2026-04-16 14:49:19]   Total parameters:     3,457,618
[2026-04-16 14:49:19]   Trainable parameters: 3,457,618
[2026-04-16 14:49:19] Initializing from 16s-60 pretrained checkpoint (Hugging Face):
[2026-04-16 14:49:19]   https://huggingface.co/braindecode/SignalJEPA/resolve/main/signal-jepa_16s-60_adeuwv4s.pth
[2026-04-16 14:49:19]   Downloaded 179 keys
[2026-04-16 14:49:19] ======================================================================
[2026-04-16 14:49:19] STARTING CROSS-VALIDATION
[2026-04-16 14:49:19] ======================================================================
[2026-04-16 14:49:19] Subjects:      [48, 49, 50, 51, 52, 53, 54]
[2026-04-16 14:49:19] Paradigm:      ERP
[2026-04-16 14:49:19] Model:         SignalJEPA_Contextual
[2026-04-16 14:49:19] Strategy:      new
[2026-04-16 14:49:19] Warm-up epochs:10
[2026-04-16 14:49:19] CV folds:      5
[2026-04-16 14:49:19] Batch size:    32
[2026-04-16 14:49:19] Max epochs:    5000
[2026-04-16 14:49:19] Device:        cpu
[2026-04-16 14:49:19] Seed control:  False
[2026-04-16 14:49:19] Base seed:     None
[2026-04-16 14:49:19] ERP primary metric: roc_auc
[2026-04-16 14:49:19] ======================================================================

[2026-04-16 14:49:19] Subject 48: 3960 windows | class_counts=[3300, 660]
[2026-04-16 14:49:19] Contextual channel-loc fix applied: copied loc[0:3] -> loc[3:6] to avoid degenerate positional-encoding ranges.
[2026-04-16 14:49:19]     Downstream model:   SignalJEPA_Contextual
[2026-04-16 14:49:19]     Fine-tune strategy: new
[2026-04-16 14:49:19]     Warm-up active:     False
[2026-04-16 14:49:19]     Warm-up epochs:     10
[2026-04-16 14:49:19]     Missing keys:       ['pos_encoder.pos_encoder_spat.weight', 'final_layer.spat_conv.weight', 'final_layer.spat_conv.bias', 'final_layer.linear.weight', 'final_layer.linear.bias']
[2026-04-16 14:49:19]     Contextual note: missing pos_encoder keys are expected for this checkpoint configuration and will be trained as downstream-added parameters.
[2026-04-16 14:49:19]     Phase 1 (new):
[2026-04-16 14:49:19]       Trainable groups: ['pos_encoder.', 'final_layer.']
[2026-04-16 14:49:19]       Trainable params: 2,626 / 3,457,618 (0.1%)
[2026-04-16 14:49:19]     Sanity check passed: finite logits/loss on one training batch for SignalJEPA_Contextual.
[2026-04-16 15:12:32]   Fold 1/5 | best_epoch=38 | stop=69 | val_loss=0.4514 | acc=0.8333 | bal_acc=0.5000 | roc_auc=0.4230
[2026-04-16 15:12:32] Contextual channel-loc fix applied: copied loc[0:3] -> loc[3:6] to avoid degenerate positional-encoding ranges.
[2026-04-16 15:12:32]     Downstream model:   SignalJEPA_Contextual
[2026-04-16 15:12:32]     Fine-tune strategy: new
[2026-04-16 15:12:32]     Warm-up active:     False
[2026-04-16 15:12:32]     Warm-up epochs:     10
[2026-04-16 15:12:32]     Missing keys:       ['pos_encoder.pos_encoder_spat.weight', 'final_layer.spat_conv.weight', 'final_layer.spat_conv.bias', 'final_layer.linear.weight', 'final_layer.linear.bias']
[2026-04-16 15:12:32]     Contextual note: missing pos_encoder keys are expected for this checkpoint configuration and will be trained as downstream-added parameters.
[2026-04-16 15:12:32]     Phase 1 (new):
[2026-04-16 15:12:32]       Trainable groups: ['pos_encoder.', 'final_layer.']
[2026-04-16 15:12:32]       Trainable params: 2,626 / 3,457,618 (0.1%)
[2026-04-16 15:12:32]     Sanity check passed: finite logits/loss on one training batch for SignalJEPA_Contextual.
[2026-04-16 15:33:25]   Fold 2/5 | best_epoch=54 | stop=62 | val_loss=0.4514 | acc=0.8333 | bal_acc=0.5000 | roc_auc=0.5439
[2026-04-16 15:33:25] Contextual channel-loc fix applied: copied loc[0:3] -> loc[3:6] to avoid degenerate positional-encoding ranges.
[2026-04-16 15:33:25]     Downstream model:   SignalJEPA_Contextual
[2026-04-16 15:33:25]     Fine-tune strategy: new
[2026-04-16 15:33:25]     Warm-up active:     False
[2026-04-16 15:33:25]     Warm-up epochs:     10
[2026-04-16 15:33:25]     Missing keys:       ['pos_encoder.pos_encoder_spat.weight', 'final_layer.spat_conv.weight', 'final_layer.spat_conv.bias', 'final_layer.linear.weight', 'final_layer.linear.bias']
[2026-04-16 15:33:25]     Contextual note: missing pos_encoder keys are expected for this checkpoint configuration and will be trained as downstream-added parameters.
[2026-04-16 15:33:25]     Phase 1 (new):
[2026-04-16 15:33:25]       Trainable groups: ['pos_encoder.', 'final_layer.']
[2026-04-16 15:33:25]       Trainable params: 2,626 / 3,457,618 (0.1%)
[2026-04-16 15:33:26]     Sanity check passed: finite logits/loss on one training batch for SignalJEPA_Contextual.
[2026-04-16 15:57:23]   Fold 3/5 | best_epoch=39 | stop=71 | val_loss=0.4514 | acc=0.8333 | bal_acc=0.5000 | roc_auc=0.4763
[2026-04-16 15:57:23] Contextual channel-loc fix applied: copied loc[0:3] -> loc[3:6] to avoid degenerate positional-encoding ranges.
[2026-04-16 15:57:23]     Downstream model:   SignalJEPA_Contextual
[2026-04-16 15:57:23]     Fine-tune strategy: new
[2026-04-16 15:57:23]     Warm-up active:     False
[2026-04-16 15:57:23]     Warm-up epochs:     10
[2026-04-16 15:57:23]     Missing keys:       ['pos_encoder.pos_encoder_spat.weight', 'final_layer.spat_conv.weight', 'final_layer.spat_conv.bias', 'final_layer.linear.weight', 'final_layer.linear.bias']
[2026-04-16 15:57:23]     Contextual note: missing pos_encoder keys are expected for this checkpoint configuration and will be trained as downstream-added parameters.
[2026-04-16 15:57:23]     Phase 1 (new):
[2026-04-16 15:57:23]       Trainable groups: ['pos_encoder.', 'final_layer.']
[2026-04-16 15:57:23]       Trainable params: 2,626 / 3,457,618 (0.1%)
[2026-04-16 15:57:23]     Sanity check passed: finite logits/loss on one training batch for SignalJEPA_Contextual.
[2026-04-16 16:15:36]   Fold 4/5 | best_epoch=4 | stop=54 | val_loss=0.4514 | acc=0.8333 | bal_acc=0.5000 | roc_auc=0.5322
[2026-04-16 16:15:36] Contextual channel-loc fix applied: copied loc[0:3] -> loc[3:6] to avoid degenerate positional-encoding ranges.
[2026-04-16 16:15:36]     Downstream model:   SignalJEPA_Contextual
[2026-04-16 16:15:36]     Fine-tune strategy: new
[2026-04-16 16:15:36]     Warm-up active:     False
[2026-04-16 16:15:36]     Warm-up epochs:     10
[2026-04-16 16:15:36]     Missing keys:       ['pos_encoder.pos_encoder_spat.weight', 'final_layer.spat_conv.weight', 'final_layer.spat_conv.bias', 'final_layer.linear.weight', 'final_layer.linear.bias']
[2026-04-16 16:15:36]     Contextual note: missing pos_encoder keys are expected for this checkpoint configuration and will be trained as downstream-added parameters.
[2026-04-16 16:15:36]     Phase 1 (new):
[2026-04-16 16:15:36]       Trainable groups: ['pos_encoder.', 'final_layer.']
[2026-04-16 16:15:36]       Trainable params: 2,626 / 3,457,618 (0.1%)
[2026-04-16 16:15:36]     Sanity check passed: finite logits/loss on one training batch for SignalJEPA_Contextual.
[2026-04-16 16:34:26]   Fold 5/5 | best_epoch=38 | stop=56 | val_loss=0.4514 | acc=0.8333 | bal_acc=0.5000 | roc_auc=0.5003
[2026-04-16 16:34:26]   Subject 48 summary: acc=0.8333±0.0000  bal_acc=0.5000±0.0000  roc_auc=0.4952±0.0432  primary(roc_auc)=0.4952±0.0432

[2026-04-16 16:34:26] Subject 49: 3960 windows | class_counts=[3300, 660]
[2026-04-16 16:34:26] Contextual channel-loc fix applied: copied loc[0:3] -> loc[3:6] to avoid degenerate positional-encoding ranges.
[2026-04-16 16:34:26]     Downstream model:   SignalJEPA_Contextual
[2026-04-16 16:34:26]     Fine-tune strategy: new
[2026-04-16 16:34:26]     Warm-up active:     False
[2026-04-16 16:34:26]     Warm-up epochs:     10
[2026-04-16 16:34:26]     Missing keys:       ['pos_encoder.pos_encoder_spat.weight', 'final_layer.spat_conv.weight', 'final_layer.spat_conv.bias', 'final_layer.linear.weight', 'final_layer.linear.bias']
[2026-04-16 16:34:26]     Contextual note: missing pos_encoder keys are expected for this checkpoint configuration and will be trained as downstream-added parameters.
[2026-04-16 16:34:26]     Phase 1 (new):
[2026-04-16 16:34:26]       Trainable groups: ['pos_encoder.', 'final_layer.']
[2026-04-16 16:34:26]       Trainable params: 2,626 / 3,457,618 (0.1%)
[2026-04-16 16:34:26]     Sanity check passed: finite logits/loss on one training batch for SignalJEPA_Contextual.
[2026-04-16 16:52:55]   Fold 1/5 | best_epoch=37 | stop=55 | val_loss=0.4514 | acc=0.8333 | bal_acc=0.5000 | roc_auc=0.5150
[2026-04-16 16:52:55] Contextual channel-loc fix applied: copied loc[0:3] -> loc[3:6] to avoid degenerate positional-encoding ranges.
[2026-04-16 16:52:55]     Downstream model:   SignalJEPA_Contextual
[2026-04-16 16:52:55]     Fine-tune strategy: new
[2026-04-16 16:52:55]     Warm-up active:     False
[2026-04-16 16:52:55]     Warm-up epochs:     10
[2026-04-16 16:52:55]     Missing keys:       ['pos_encoder.pos_encoder_spat.weight', 'final_layer.spat_conv.weight', 'final_layer.spat_conv.bias', 'final_layer.linear.weight', 'final_layer.linear.bias']
[2026-04-16 16:52:55]     Contextual note: missing pos_encoder keys are expected for this checkpoint configuration and will be trained as downstream-added parameters.
[2026-04-16 16:52:55]     Phase 1 (new):
[2026-04-16 16:52:55]       Trainable groups: ['pos_encoder.', 'final_layer.']
[2026-04-16 16:52:55]       Trainable params: 2,626 / 3,457,618 (0.1%)
[2026-04-16 16:52:55]     Sanity check passed: finite logits/loss on one training batch for SignalJEPA_Contextual.
[2026-04-16 17:19:52]   Fold 2/5 | best_epoch=38 | stop=80 | val_loss=0.4514 | acc=0.8333 | bal_acc=0.5000 | roc_auc=0.5283
[2026-04-16 17:19:53] Contextual channel-loc fix applied: copied loc[0:3] -> loc[3:6] to avoid degenerate positional-encoding ranges.
[2026-04-16 17:19:53]     Downstream model:   SignalJEPA_Contextual
[2026-04-16 17:19:53]     Fine-tune strategy: new
[2026-04-16 17:19:53]     Warm-up active:     False
[2026-04-16 17:19:53]     Warm-up epochs:     10
[2026-04-16 17:19:53]     Missing keys:       ['pos_encoder.pos_encoder_spat.weight', 'final_layer.spat_conv.weight', 'final_layer.spat_conv.bias', 'final_layer.linear.weight', 'final_layer.linear.bias']
[2026-04-16 17:19:53]     Contextual note: missing pos_encoder keys are expected for this checkpoint configuration and will be trained as downstream-added parameters.
[2026-04-16 17:19:53]     Phase 1 (new):
[2026-04-16 17:19:53]       Trainable groups: ['pos_encoder.', 'final_layer.']
[2026-04-16 17:19:53]       Trainable params: 2,626 / 3,457,618 (0.1%)
[2026-04-16 17:19:53]     Sanity check passed: finite logits/loss on one training batch for SignalJEPA_Contextual.
[2026-04-16 17:39:40]   Fold 3/5 | best_epoch=40 | stop=59 | val_loss=0.4514 | acc=0.8333 | bal_acc=0.5000 | roc_auc=0.4346
[2026-04-16 17:39:40] Contextual channel-loc fix applied: copied loc[0:3] -> loc[3:6] to avoid degenerate positional-encoding ranges.
[2026-04-16 17:39:40]     Downstream model:   SignalJEPA_Contextual
[2026-04-16 17:39:40]     Fine-tune strategy: new
[2026-04-16 17:39:40]     Warm-up active:     False
[2026-04-16 17:39:40]     Warm-up epochs:     10
[2026-04-16 17:39:40]     Missing keys:       ['pos_encoder.pos_encoder_spat.weight', 'final_layer.spat_conv.weight', 'final_layer.spat_conv.bias', 'final_layer.linear.weight', 'final_layer.linear.bias']
[2026-04-16 17:39:40]     Contextual note: missing pos_encoder keys are expected for this checkpoint configuration and will be trained as downstream-added parameters.
[2026-04-16 17:39:40]     Phase 1 (new):
[2026-04-16 17:39:40]       Trainable groups: ['pos_encoder.', 'final_layer.']
[2026-04-16 17:39:40]       Trainable params: 2,626 / 3,457,618 (0.1%)
[2026-04-16 17:39:40]     Sanity check passed: finite logits/loss on one training batch for SignalJEPA_Contextual.
[2026-04-16 17:57:35]   Fold 4/5 | best_epoch=15 | stop=53 | val_loss=0.4514 | acc=0.8333 | bal_acc=0.5000 | roc_auc=0.5617
[2026-04-16 17:57:35] Contextual channel-loc fix applied: copied loc[0:3] -> loc[3:6] to avoid degenerate positional-encoding ranges.
[2026-04-16 17:57:35]     Downstream model:   SignalJEPA_Contextual
[2026-04-16 17:57:35]     Fine-tune strategy: new
[2026-04-16 17:57:35]     Warm-up active:     False
[2026-04-16 17:57:35]     Warm-up epochs:     10
[2026-04-16 17:57:35]     Missing keys:       ['pos_encoder.pos_encoder_spat.weight', 'final_layer.spat_conv.weight', 'final_layer.spat_conv.bias', 'final_layer.linear.weight', 'final_layer.linear.bias']
[2026-04-16 17:57:35]     Contextual note: missing pos_encoder keys are expected for this checkpoint configuration and will be trained as downstream-added parameters.
[2026-04-16 17:57:35]     Phase 1 (new):
[2026-04-16 17:57:35]       Trainable groups: ['pos_encoder.', 'final_layer.']
[2026-04-16 17:57:35]       Trainable params: 2,626 / 3,457,618 (0.1%)
[2026-04-16 17:57:35]     Sanity check passed: finite logits/loss on one training batch for SignalJEPA_Contextual.
[2026-04-16 18:15:31]   Fold 5/5 | best_epoch=15 | stop=53 | val_loss=0.4514 | acc=0.8333 | bal_acc=0.5000 | roc_auc=0.5040
[2026-04-16 18:15:31]   Subject 49 summary: acc=0.8333±0.0000  bal_acc=0.5000±0.0000  roc_auc=0.5087±0.0418  primary(roc_auc)=0.5087±0.0418

[2026-04-16 18:15:31] Subject 50: 3960 windows | class_counts=[3300, 660]
[2026-04-16 18:15:31] Contextual channel-loc fix applied: copied loc[0:3] -> loc[3:6] to avoid degenerate positional-encoding ranges.
[2026-04-16 18:15:31]     Downstream model:   SignalJEPA_Contextual
[2026-04-16 18:15:31]     Fine-tune strategy: new
[2026-04-16 18:15:31]     Warm-up active:     False
[2026-04-16 18:15:31]     Warm-up epochs:     10
[2026-04-16 18:15:31]     Missing keys:       ['pos_encoder.pos_encoder_spat.weight', 'final_layer.spat_conv.weight', 'final_layer.spat_conv.bias', 'final_layer.linear.weight', 'final_layer.linear.bias']
[2026-04-16 18:15:31]     Contextual note: missing pos_encoder keys are expected for this checkpoint configuration and will be trained as downstream-added parameters.
[2026-04-16 18:15:31]     Phase 1 (new):
[2026-04-16 18:15:31]       Trainable groups: ['pos_encoder.', 'final_layer.']
[2026-04-16 18:15:31]       Trainable params: 2,626 / 3,457,618 (0.1%)
[2026-04-16 18:15:31]     Sanity check passed: finite logits/loss on one training batch for SignalJEPA_Contextual.
[2026-04-16 18:36:42]   Fold 1/5 | best_epoch=13 | stop=63 | val_loss=0.4514 | acc=0.8333 | bal_acc=0.5000 | roc_auc=0.5329
[2026-04-16 18:36:42] Contextual channel-loc fix applied: copied loc[0:3] -> loc[3:6] to avoid degenerate positional-encoding ranges.
[2026-04-16 18:36:42]     Downstream model:   SignalJEPA_Contextual
[2026-04-16 18:36:42]     Fine-tune strategy: new
[2026-04-16 18:36:42]     Warm-up active:     False
[2026-04-16 18:36:42]     Warm-up epochs:     10
[2026-04-16 18:36:42]     Missing keys:       ['pos_encoder.pos_encoder_spat.weight', 'final_layer.spat_conv.weight', 'final_layer.spat_conv.bias', 'final_layer.linear.weight', 'final_layer.linear.bias']
[2026-04-16 18:36:42]     Contextual note: missing pos_encoder keys are expected for this checkpoint configuration and will be trained as downstream-added parameters.
[2026-04-16 18:36:42]     Phase 1 (new):
[2026-04-16 18:36:42]       Trainable groups: ['pos_encoder.', 'final_layer.']
[2026-04-16 18:36:42]       Trainable params: 2,626 / 3,457,618 (0.1%)
[2026-04-16 18:36:42]     Sanity check passed: finite logits/loss on one training batch for SignalJEPA_Contextual.
[2026-04-16 19:01:18]   Fold 2/5 | best_epoch=23 | stop=73 | val_loss=0.4514 | acc=0.8333 | bal_acc=0.5000 | roc_auc=0.4884
[2026-04-16 19:01:18] Contextual channel-loc fix applied: copied loc[0:3] -> loc[3:6] to avoid degenerate positional-encoding ranges.
[2026-04-16 19:01:18]     Downstream model:   SignalJEPA_Contextual
[2026-04-16 19:01:18]     Fine-tune strategy: new
[2026-04-16 19:01:18]     Warm-up active:     False
[2026-04-16 19:01:18]     Warm-up epochs:     10
[2026-04-16 19:01:18]     Missing keys:       ['pos_encoder.pos_encoder_spat.weight', 'final_layer.spat_conv.weight', 'final_layer.spat_conv.bias', 'final_layer.linear.weight', 'final_layer.linear.bias']
[2026-04-16 19:01:18]     Contextual note: missing pos_encoder keys are expected for this checkpoint configuration and will be trained as downstream-added parameters.
[2026-04-16 19:01:18]     Phase 1 (new):
[2026-04-16 19:01:18]       Trainable groups: ['pos_encoder.', 'final_layer.']
[2026-04-16 19:01:18]       Trainable params: 2,626 / 3,457,618 (0.1%)
[2026-04-16 19:01:18]     Sanity check passed: finite logits/loss on one training batch for SignalJEPA_Contextual.
[2026-04-16 19:23:33]   Fold 3/5 | best_epoch=16 | stop=66 | val_loss=0.4514 | acc=0.8333 | bal_acc=0.5000 | roc_auc=0.5033
[2026-04-16 19:23:33] Contextual channel-loc fix applied: copied loc[0:3] -> loc[3:6] to avoid degenerate positional-encoding ranges.
[2026-04-16 19:23:33]     Downstream model:   SignalJEPA_Contextual
[2026-04-16 19:23:33]     Fine-tune strategy: new
[2026-04-16 19:23:33]     Warm-up active:     False
[2026-04-16 19:23:33]     Warm-up epochs:     10
[2026-04-16 19:23:33]     Missing keys:       ['pos_encoder.pos_encoder_spat.weight', 'final_layer.spat_conv.weight', 'final_layer.spat_conv.bias', 'final_layer.linear.weight', 'final_layer.linear.bias']
[2026-04-16 19:23:33]     Contextual note: missing pos_encoder keys are expected for this checkpoint configuration and will be trained as downstream-added parameters.
[2026-04-16 19:23:33]     Phase 1 (new):
[2026-04-16 19:23:33]       Trainable groups: ['pos_encoder.', 'final_layer.']
[2026-04-16 19:23:33]       Trainable params: 2,626 / 3,457,618 (0.1%)
[2026-04-16 19:23:33]     Sanity check passed: finite logits/loss on one training batch for SignalJEPA_Contextual.
[2026-04-16 19:43:04]   Fold 4/5 | best_epoch=53 | stop=58 | val_loss=0.4514 | acc=0.8333 | bal_acc=0.5000 | roc_auc=0.5380
[2026-04-16 19:43:04] Contextual channel-loc fix applied: copied loc[0:3] -> loc[3:6] to avoid degenerate positional-encoding ranges.
[2026-04-16 19:43:04]     Downstream model:   SignalJEPA_Contextual
[2026-04-16 19:43:04]     Fine-tune strategy: new
[2026-04-16 19:43:04]     Warm-up active:     False
[2026-04-16 19:43:04]     Warm-up epochs:     10
[2026-04-16 19:43:04]     Missing keys:       ['pos_encoder.pos_encoder_spat.weight', 'final_layer.spat_conv.weight', 'final_layer.spat_conv.bias', 'final_layer.linear.weight', 'final_layer.linear.bias']
[2026-04-16 19:43:04]     Contextual note: missing pos_encoder keys are expected for this checkpoint configuration and will be trained as downstream-added parameters.
[2026-04-16 19:43:04]     Phase 1 (new):
[2026-04-16 19:43:04]       Trainable groups: ['pos_encoder.', 'final_layer.']
[2026-04-16 19:43:04]       Trainable params: 2,626 / 3,457,618 (0.1%)
[2026-04-16 19:43:05]     Sanity check passed: finite logits/loss on one training batch for SignalJEPA_Contextual.
[2026-04-16 20:00:21]   Fold 5/5 | best_epoch=43 | stop=51 | val_loss=0.4514 | acc=0.8333 | bal_acc=0.5000 | roc_auc=0.5009
[2026-04-16 20:00:21]   Subject 50 summary: acc=0.8333±0.0000  bal_acc=0.5000±0.0000  roc_auc=0.5127±0.0193  primary(roc_auc)=0.5127±0.0193

[2026-04-16 20:00:21] Subject 51: 3960 windows | class_counts=[3300, 660]
[2026-04-16 20:00:21] Contextual channel-loc fix applied: copied loc[0:3] -> loc[3:6] to avoid degenerate positional-encoding ranges.
[2026-04-16 20:00:21]     Downstream model:   SignalJEPA_Contextual
[2026-04-16 20:00:21]     Fine-tune strategy: new
[2026-04-16 20:00:21]     Warm-up active:     False
[2026-04-16 20:00:21]     Warm-up epochs:     10
[2026-04-16 20:00:21]     Missing keys:       ['pos_encoder.pos_encoder_spat.weight', 'final_layer.spat_conv.weight', 'final_layer.spat_conv.bias', 'final_layer.linear.weight', 'final_layer.linear.bias']
[2026-04-16 20:00:21]     Contextual note: missing pos_encoder keys are expected for this checkpoint configuration and will be trained as downstream-added parameters.
[2026-04-16 20:00:21]     Phase 1 (new):
[2026-04-16 20:00:21]       Trainable groups: ['pos_encoder.', 'final_layer.']
[2026-04-16 20:00:21]       Trainable params: 2,626 / 3,457,618 (0.1%)
[2026-04-16 20:00:21]     Sanity check passed: finite logits/loss on one training batch for SignalJEPA_Contextual.
[2026-04-16 20:21:54]   Fold 1/5 | best_epoch=62 | stop=64 | val_loss=0.4514 | acc=0.8333 | bal_acc=0.5000 | roc_auc=0.4385
[2026-04-16 20:21:54] Contextual channel-loc fix applied: copied loc[0:3] -> loc[3:6] to avoid degenerate positional-encoding ranges.
[2026-04-16 20:21:54]     Downstream model:   SignalJEPA_Contextual
[2026-04-16 20:21:54]     Fine-tune strategy: new
[2026-04-16 20:21:54]     Warm-up active:     False
[2026-04-16 20:21:54]     Warm-up epochs:     10
[2026-04-16 20:21:54]     Missing keys:       ['pos_encoder.pos_encoder_spat.weight', 'final_layer.spat_conv.weight', 'final_layer.spat_conv.bias', 'final_layer.linear.weight', 'final_layer.linear.bias']
[2026-04-16 20:21:54]     Contextual note: missing pos_encoder keys are expected for this checkpoint configuration and will be trained as downstream-added parameters.
[2026-04-16 20:21:54]     Phase 1 (new):
[2026-04-16 20:21:54]       Trainable groups: ['pos_encoder.', 'final_layer.']
[2026-04-16 20:21:54]       Trainable params: 2,626 / 3,457,618 (0.1%)
[2026-04-16 20:21:54]     Sanity check passed: finite logits/loss on one training batch for SignalJEPA_Contextual.
[2026-04-16 20:49:56]   Fold 2/5 | best_epoch=65 | stop=83 | val_loss=0.4514 | acc=0.8333 | bal_acc=0.5000 | roc_auc=0.4950
[2026-04-16 20:49:56] Contextual channel-loc fix applied: copied loc[0:3] -> loc[3:6] to avoid degenerate positional-encoding ranges.
[2026-04-16 20:49:56]     Downstream model:   SignalJEPA_Contextual
[2026-04-16 20:49:56]     Fine-tune strategy: new
[2026-04-16 20:49:56]     Warm-up active:     False
[2026-04-16 20:49:56]     Warm-up epochs:     10
[2026-04-16 20:49:56]     Missing keys:       ['pos_encoder.pos_encoder_spat.weight', 'final_layer.spat_conv.weight', 'final_layer.spat_conv.bias', 'final_layer.linear.weight', 'final_layer.linear.bias']
[2026-04-16 20:49:56]     Contextual note: missing pos_encoder keys are expected for this checkpoint configuration and will be trained as downstream-added parameters.
[2026-04-16 20:49:56]     Phase 1 (new):
[2026-04-16 20:49:56]       Trainable groups: ['pos_encoder.', 'final_layer.']
[2026-04-16 20:49:56]       Trainable params: 2,626 / 3,457,618 (0.1%)
[2026-04-16 20:49:56]     Sanity check passed: finite logits/loss on one training batch for SignalJEPA_Contextual.
[2026-04-16 21:12:53]   Fold 3/5 | best_epoch=38 | stop=68 | val_loss=0.4514 | acc=0.8333 | bal_acc=0.5000 | roc_auc=0.5228
[2026-04-16 21:12:53] Contextual channel-loc fix applied: copied loc[0:3] -> loc[3:6] to avoid degenerate positional-encoding ranges.
[2026-04-16 21:12:53]     Downstream model:   SignalJEPA_Contextual
[2026-04-16 21:12:53]     Fine-tune strategy: new
[2026-04-16 21:12:53]     Warm-up active:     False
[2026-04-16 21:12:53]     Warm-up epochs:     10
[2026-04-16 21:12:53]     Missing keys:       ['pos_encoder.pos_encoder_spat.weight', 'final_layer.spat_conv.weight', 'final_layer.spat_conv.bias', 'final_layer.linear.weight', 'final_layer.linear.bias']
[2026-04-16 21:12:53]     Contextual note: missing pos_encoder keys are expected for this checkpoint configuration and will be trained as downstream-added parameters.
[2026-04-16 21:12:53]     Phase 1 (new):
[2026-04-16 21:12:53]       Trainable groups: ['pos_encoder.', 'final_layer.']
[2026-04-16 21:12:53]       Trainable params: 2,626 / 3,457,618 (0.1%)
[2026-04-16 21:12:53]     Sanity check passed: finite logits/loss on one training batch for SignalJEPA_Contextual.
[2026-04-16 21:39:49]   Fold 4/5 | best_epoch=62 | stop=80 | val_loss=0.4514 | acc=0.8333 | bal_acc=0.5000 | roc_auc=0.5021
[2026-04-16 21:39:49] Contextual channel-loc fix applied: copied loc[0:3] -> loc[3:6] to avoid degenerate positional-encoding ranges.
[2026-04-16 21:39:49]     Downstream model:   SignalJEPA_Contextual
[2026-04-16 21:39:49]     Fine-tune strategy: new
[2026-04-16 21:39:49]     Warm-up active:     False
[2026-04-16 21:39:49]     Warm-up epochs:     10
[2026-04-16 21:39:49]     Missing keys:       ['pos_encoder.pos_encoder_spat.weight', 'final_layer.spat_conv.weight', 'final_layer.spat_conv.bias', 'final_layer.linear.weight', 'final_layer.linear.bias']
[2026-04-16 21:39:49]     Contextual note: missing pos_encoder keys are expected for this checkpoint configuration and will be trained as downstream-added parameters.
[2026-04-16 21:39:49]     Phase 1 (new):
[2026-04-16 21:39:49]       Trainable groups: ['pos_encoder.', 'final_layer.']
[2026-04-16 21:39:49]       Trainable params: 2,626 / 3,457,618 (0.1%)
[2026-04-16 21:39:49]     Sanity check passed: finite logits/loss on one training batch for SignalJEPA_Contextual.
[2026-04-16 22:04:22]   Fold 5/5 | best_epoch=60 | stop=73 | val_loss=0.4514 | acc=0.8333 | bal_acc=0.5000 | roc_auc=0.4667
[2026-04-16 22:04:22]   Subject 51 summary: acc=0.8333±0.0000  bal_acc=0.5000±0.0000  roc_auc=0.4850±0.0294  primary(roc_auc)=0.4850±0.0294

[2026-04-16 22:04:22] Subject 52: 3960 windows | class_counts=[3300, 660]
[2026-04-16 22:04:22] Contextual channel-loc fix applied: copied loc[0:3] -> loc[3:6] to avoid degenerate positional-encoding ranges.
[2026-04-16 22:04:22]     Downstream model:   SignalJEPA_Contextual
[2026-04-16 22:04:22]     Fine-tune strategy: new
[2026-04-16 22:04:22]     Warm-up active:     False
[2026-04-16 22:04:22]     Warm-up epochs:     10
[2026-04-16 22:04:22]     Missing keys:       ['pos_encoder.pos_encoder_spat.weight', 'final_layer.spat_conv.weight', 'final_layer.spat_conv.bias', 'final_layer.linear.weight', 'final_layer.linear.bias']
[2026-04-16 22:04:22]     Contextual note: missing pos_encoder keys are expected for this checkpoint configuration and will be trained as downstream-added parameters.
[2026-04-16 22:04:22]     Phase 1 (new):
[2026-04-16 22:04:22]       Trainable groups: ['pos_encoder.', 'final_layer.']
[2026-04-16 22:04:22]       Trainable params: 2,626 / 3,457,618 (0.1%)
[2026-04-16 22:04:22]     Sanity check passed: finite logits/loss on one training batch for SignalJEPA_Contextual.
[2026-04-16 22:24:02]   Fold 1/5 | best_epoch=43 | stop=58 | val_loss=0.4514 | acc=0.8333 | bal_acc=0.5000 | roc_auc=0.5176
[2026-04-16 22:24:02] Contextual channel-loc fix applied: copied loc[0:3] -> loc[3:6] to avoid degenerate positional-encoding ranges.
[2026-04-16 22:24:02]     Downstream model:   SignalJEPA_Contextual
[2026-04-16 22:24:02]     Fine-tune strategy: new
[2026-04-16 22:24:02]     Warm-up active:     False
[2026-04-16 22:24:02]     Warm-up epochs:     10
[2026-04-16 22:24:02]     Missing keys:       ['pos_encoder.pos_encoder_spat.weight', 'final_layer.spat_conv.weight', 'final_layer.spat_conv.bias', 'final_layer.linear.weight', 'final_layer.linear.bias']
[2026-04-16 22:24:02]     Contextual note: missing pos_encoder keys are expected for this checkpoint configuration and will be trained as downstream-added parameters.
[2026-04-16 22:24:02]     Phase 1 (new):
[2026-04-16 22:24:02]       Trainable groups: ['pos_encoder.', 'final_layer.']
[2026-04-16 22:24:02]       Trainable params: 2,626 / 3,457,618 (0.1%)
[2026-04-16 22:24:02]     Sanity check passed: finite logits/loss on one training batch for SignalJEPA_Contextual.
[2026-04-16 22:45:12]   Fold 2/5 | best_epoch=47 | stop=63 | val_loss=0.4514 | acc=0.8333 | bal_acc=0.5000 | roc_auc=0.5326
[2026-04-16 22:45:12] Contextual channel-loc fix applied: copied loc[0:3] -> loc[3:6] to avoid degenerate positional-encoding ranges.
[2026-04-16 22:45:12]     Downstream model:   SignalJEPA_Contextual
[2026-04-16 22:45:12]     Fine-tune strategy: new
[2026-04-16 22:45:12]     Warm-up active:     False
[2026-04-16 22:45:12]     Warm-up epochs:     10
[2026-04-16 22:45:12]     Missing keys:       ['pos_encoder.pos_encoder_spat.weight', 'final_layer.spat_conv.weight', 'final_layer.spat_conv.bias', 'final_layer.linear.weight', 'final_layer.linear.bias']
[2026-04-16 22:45:12]     Contextual note: missing pos_encoder keys are expected for this checkpoint configuration and will be trained as downstream-added parameters.
[2026-04-16 22:45:12]     Phase 1 (new):
[2026-04-16 22:45:12]       Trainable groups: ['pos_encoder.', 'final_layer.']
[2026-04-16 22:45:12]       Trainable params: 2,626 / 3,457,618 (0.1%)
[2026-04-16 22:45:12]     Sanity check passed: finite logits/loss on one training batch for SignalJEPA_Contextual.
[2026-04-16 23:05:05]   Fold 3/5 | best_epoch=24 | stop=59 | val_loss=0.4514 | acc=0.8333 | bal_acc=0.5000 | roc_auc=0.4789
[2026-04-16 23:05:05] Contextual channel-loc fix applied: copied loc[0:3] -> loc[3:6] to avoid degenerate positional-encoding ranges.
[2026-04-16 23:05:05]     Downstream model:   SignalJEPA_Contextual
[2026-04-16 23:05:05]     Fine-tune strategy: new
[2026-04-16 23:05:05]     Warm-up active:     False
[2026-04-16 23:05:05]     Warm-up epochs:     10
[2026-04-16 23:05:05]     Missing keys:       ['pos_encoder.pos_encoder_spat.weight', 'final_layer.spat_conv.weight', 'final_layer.spat_conv.bias', 'final_layer.linear.weight', 'final_layer.linear.bias']
[2026-04-16 23:05:05]     Contextual note: missing pos_encoder keys are expected for this checkpoint configuration and will be trained as downstream-added parameters.
[2026-04-16 23:05:05]     Phase 1 (new):
[2026-04-16 23:05:05]       Trainable groups: ['pos_encoder.', 'final_layer.']
[2026-04-16 23:05:05]       Trainable params: 2,626 / 3,457,618 (0.1%)
[2026-04-16 23:05:05]     Sanity check passed: finite logits/loss on one training batch for SignalJEPA_Contextual.
[2026-04-16 23:27:39]   Fold 4/5 | best_epoch=17 | stop=67 | val_loss=0.4514 | acc=0.8333 | bal_acc=0.5000 | roc_auc=0.5021
[2026-04-16 23:27:39] Contextual channel-loc fix applied: copied loc[0:3] -> loc[3:6] to avoid degenerate positional-encoding ranges.
[2026-04-16 23:27:39]     Downstream model:   SignalJEPA_Contextual
[2026-04-16 23:27:39]     Fine-tune strategy: new
[2026-04-16 23:27:39]     Warm-up active:     False
[2026-04-16 23:27:39]     Warm-up epochs:     10
[2026-04-16 23:27:39]     Missing keys:       ['pos_encoder.pos_encoder_spat.weight', 'final_layer.spat_conv.weight', 'final_layer.spat_conv.bias', 'final_layer.linear.weight', 'final_layer.linear.bias']
[2026-04-16 23:27:39]     Contextual note: missing pos_encoder keys are expected for this checkpoint configuration and will be trained as downstream-added parameters.
[2026-04-16 23:27:39]     Phase 1 (new):
[2026-04-16 23:27:39]       Trainable groups: ['pos_encoder.', 'final_layer.']
[2026-04-16 23:27:39]       Trainable params: 2,626 / 3,457,618 (0.1%)
[2026-04-16 23:27:39]     Sanity check passed: finite logits/loss on one training batch for SignalJEPA_Contextual.
[2026-04-16 23:46:51]   Fold 5/5 | best_epoch=7 | stop=57 | val_loss=0.4514 | acc=0.8333 | bal_acc=0.5000 | roc_auc=0.4910
[2026-04-16 23:46:51]   Subject 52 summary: acc=0.8333±0.0000  bal_acc=0.5000±0.0000  roc_auc=0.5044±0.0190  primary(roc_auc)=0.5044±0.0190

[2026-04-16 23:46:51] Subject 53: 3960 windows | class_counts=[3300, 660]
[2026-04-16 23:46:51] Contextual channel-loc fix applied: copied loc[0:3] -> loc[3:6] to avoid degenerate positional-encoding ranges.
[2026-04-16 23:46:51]     Downstream model:   SignalJEPA_Contextual
[2026-04-16 23:46:51]     Fine-tune strategy: new
[2026-04-16 23:46:51]     Warm-up active:     False
[2026-04-16 23:46:51]     Warm-up epochs:     10
[2026-04-16 23:46:51]     Missing keys:       ['pos_encoder.pos_encoder_spat.weight', 'final_layer.spat_conv.weight', 'final_layer.spat_conv.bias', 'final_layer.linear.weight', 'final_layer.linear.bias']
[2026-04-16 23:46:51]     Contextual note: missing pos_encoder keys are expected for this checkpoint configuration and will be trained as downstream-added parameters.
[2026-04-16 23:46:51]     Phase 1 (new):
[2026-04-16 23:46:51]       Trainable groups: ['pos_encoder.', 'final_layer.']
[2026-04-16 23:46:51]       Trainable params: 2,626 / 3,457,618 (0.1%)
[2026-04-16 23:46:51]     Sanity check passed: finite logits/loss on one training batch for SignalJEPA_Contextual.
[2026-04-17 00:06:43]   Fold 1/5 | best_epoch=9 | stop=59 | val_loss=0.4514 | acc=0.8333 | bal_acc=0.5000 | roc_auc=0.4761
[2026-04-17 00:06:43] Contextual channel-loc fix applied: copied loc[0:3] -> loc[3:6] to avoid degenerate positional-encoding ranges.
[2026-04-17 00:06:43]     Downstream model:   SignalJEPA_Contextual
[2026-04-17 00:06:43]     Fine-tune strategy: new
[2026-04-17 00:06:43]     Warm-up active:     False
[2026-04-17 00:06:43]     Warm-up epochs:     10
[2026-04-17 00:06:43]     Missing keys:       ['pos_encoder.pos_encoder_spat.weight', 'final_layer.spat_conv.weight', 'final_layer.spat_conv.bias', 'final_layer.linear.weight', 'final_layer.linear.bias']
[2026-04-17 00:06:43]     Contextual note: missing pos_encoder keys are expected for this checkpoint configuration and will be trained as downstream-added parameters.
[2026-04-17 00:06:43]     Phase 1 (new):
[2026-04-17 00:06:43]       Trainable groups: ['pos_encoder.', 'final_layer.']
[2026-04-17 00:06:43]       Trainable params: 2,626 / 3,457,618 (0.1%)
[2026-04-17 00:06:43]     Sanity check passed: finite logits/loss on one training batch for SignalJEPA_Contextual.
[2026-04-17 00:26:38]   Fold 2/5 | best_epoch=50 | stop=59 | val_loss=0.4514 | acc=0.8333 | bal_acc=0.5000 | roc_auc=0.5665
[2026-04-17 00:26:38] Contextual channel-loc fix applied: copied loc[0:3] -> loc[3:6] to avoid degenerate positional-encoding ranges.
[2026-04-17 00:26:38]     Downstream model:   SignalJEPA_Contextual
[2026-04-17 00:26:38]     Fine-tune strategy: new
[2026-04-17 00:26:38]     Warm-up active:     False
[2026-04-17 00:26:38]     Warm-up epochs:     10
[2026-04-17 00:26:38]     Missing keys:       ['pos_encoder.pos_encoder_spat.weight', 'final_layer.spat_conv.weight', 'final_layer.spat_conv.bias', 'final_layer.linear.weight', 'final_layer.linear.bias']
[2026-04-17 00:26:38]     Contextual note: missing pos_encoder keys are expected for this checkpoint configuration and will be trained as downstream-added parameters.
[2026-04-17 00:26:38]     Phase 1 (new):
[2026-04-17 00:26:38]       Trainable groups: ['pos_encoder.', 'final_layer.']
[2026-04-17 00:26:38]       Trainable params: 2,626 / 3,457,618 (0.1%)
[2026-04-17 00:26:38]     Sanity check passed: finite logits/loss on one training batch for SignalJEPA_Contextual.
[2026-04-17 00:44:33]   Fold 3/5 | best_epoch=41 | stop=53 | val_loss=0.4514 | acc=0.8333 | bal_acc=0.5000 | roc_auc=0.5475
[2026-04-17 00:44:33] Contextual channel-loc fix applied: copied loc[0:3] -> loc[3:6] to avoid degenerate positional-encoding ranges.
[2026-04-17 00:44:33]     Downstream model:   SignalJEPA_Contextual
[2026-04-17 00:44:33]     Fine-tune strategy: new
[2026-04-17 00:44:33]     Warm-up active:     False
[2026-04-17 00:44:33]     Warm-up epochs:     10
[2026-04-17 00:44:33]     Missing keys:       ['pos_encoder.pos_encoder_spat.weight', 'final_layer.spat_conv.weight', 'final_layer.spat_conv.bias', 'final_layer.linear.weight', 'final_layer.linear.bias']
[2026-04-17 00:44:33]     Contextual note: missing pos_encoder keys are expected for this checkpoint configuration and will be trained as downstream-added parameters.
[2026-04-17 00:44:33]     Phase 1 (new):
[2026-04-17 00:44:33]       Trainable groups: ['pos_encoder.', 'final_layer.']
[2026-04-17 00:44:33]       Trainable params: 2,626 / 3,457,618 (0.1%)
[2026-04-17 00:44:33]     Sanity check passed: finite logits/loss on one training batch for SignalJEPA_Contextual.
[2026-04-17 01:14:13]   Fold 4/5 | best_epoch=83 | stop=88 | val_loss=0.4514 | acc=0.8333 | bal_acc=0.5000 | roc_auc=0.4782
[2026-04-17 01:14:13] Contextual channel-loc fix applied: copied loc[0:3] -> loc[3:6] to avoid degenerate positional-encoding ranges.
[2026-04-17 01:14:13]     Downstream model:   SignalJEPA_Contextual
[2026-04-17 01:14:13]     Fine-tune strategy: new
[2026-04-17 01:14:13]     Warm-up active:     False
[2026-04-17 01:14:13]     Warm-up epochs:     10
[2026-04-17 01:14:13]     Missing keys:       ['pos_encoder.pos_encoder_spat.weight', 'final_layer.spat_conv.weight', 'final_layer.spat_conv.bias', 'final_layer.linear.weight', 'final_layer.linear.bias']
[2026-04-17 01:14:13]     Contextual note: missing pos_encoder keys are expected for this checkpoint configuration and will be trained as downstream-added parameters.
[2026-04-17 01:14:13]     Phase 1 (new):
[2026-04-17 01:14:13]       Trainable groups: ['pos_encoder.', 'final_layer.']
[2026-04-17 01:14:13]       Trainable params: 2,626 / 3,457,618 (0.1%)
[2026-04-17 01:14:13]     Sanity check passed: finite logits/loss on one training batch for SignalJEPA_Contextual.
[2026-04-17 01:31:45]   Fold 5/5 | best_epoch=47 | stop=52 | val_loss=0.4514 | acc=0.8333 | bal_acc=0.5000 | roc_auc=0.5454
[2026-04-17 01:31:45]   Subject 53 summary: acc=0.8333±0.0000  bal_acc=0.5000±0.0000  roc_auc=0.5227±0.0379  primary(roc_auc)=0.5227±0.0379

[2026-04-17 01:31:45] Subject 54: 3960 windows | class_counts=[3300, 660]
[2026-04-17 01:31:46] Contextual channel-loc fix applied: copied loc[0:3] -> loc[3:6] to avoid degenerate positional-encoding ranges.
[2026-04-17 01:31:46]     Downstream model:   SignalJEPA_Contextual
[2026-04-17 01:31:46]     Fine-tune strategy: new
[2026-04-17 01:31:46]     Warm-up active:     False
[2026-04-17 01:31:46]     Warm-up epochs:     10
[2026-04-17 01:31:46]     Missing keys:       ['pos_encoder.pos_encoder_spat.weight', 'final_layer.spat_conv.weight', 'final_layer.spat_conv.bias', 'final_layer.linear.weight', 'final_layer.linear.bias']
[2026-04-17 01:31:46]     Contextual note: missing pos_encoder keys are expected for this checkpoint configuration and will be trained as downstream-added parameters.
[2026-04-17 01:31:46]     Phase 1 (new):
[2026-04-17 01:31:46]       Trainable groups: ['pos_encoder.', 'final_layer.']
[2026-04-17 01:31:46]       Trainable params: 2,626 / 3,457,618 (0.1%)
[2026-04-17 01:31:46]     Sanity check passed: finite logits/loss on one training batch for SignalJEPA_Contextual.
[2026-04-17 01:50:17]   Fold 1/5 | best_epoch=5 | stop=55 | val_loss=0.4514 | acc=0.8333 | bal_acc=0.5000 | roc_auc=0.4994
[2026-04-17 01:50:17] Contextual channel-loc fix applied: copied loc[0:3] -> loc[3:6] to avoid degenerate positional-encoding ranges.
[2026-04-17 01:50:17]     Downstream model:   SignalJEPA_Contextual
[2026-04-17 01:50:17]     Fine-tune strategy: new
[2026-04-17 01:50:17]     Warm-up active:     False
[2026-04-17 01:50:17]     Warm-up epochs:     10
[2026-04-17 01:50:17]     Missing keys:       ['pos_encoder.pos_encoder_spat.weight', 'final_layer.spat_conv.weight', 'final_layer.spat_conv.bias', 'final_layer.linear.weight', 'final_layer.linear.bias']
[2026-04-17 01:50:17]     Contextual note: missing pos_encoder keys are expected for this checkpoint configuration and will be trained as downstream-added parameters.
[2026-04-17 01:50:17]     Phase 1 (new):
[2026-04-17 01:50:17]       Trainable groups: ['pos_encoder.', 'final_layer.']
[2026-04-17 01:50:17]       Trainable params: 2,626 / 3,457,618 (0.1%)
[2026-04-17 01:50:17]     Sanity check passed: finite logits/loss on one training batch for SignalJEPA_Contextual.
[2026-04-17 02:09:52]   Fold 2/5 | best_epoch=8 | stop=58 | val_loss=0.4514 | acc=0.8333 | bal_acc=0.5000 | roc_auc=0.5368
[2026-04-17 02:09:52] Contextual channel-loc fix applied: copied loc[0:3] -> loc[3:6] to avoid degenerate positional-encoding ranges.
[2026-04-17 02:09:52]     Downstream model:   SignalJEPA_Contextual
[2026-04-17 02:09:52]     Fine-tune strategy: new
[2026-04-17 02:09:52]     Warm-up active:     False
[2026-04-17 02:09:52]     Warm-up epochs:     10
[2026-04-17 02:09:52]     Missing keys:       ['pos_encoder.pos_encoder_spat.weight', 'final_layer.spat_conv.weight', 'final_layer.spat_conv.bias', 'final_layer.linear.weight', 'final_layer.linear.bias']
[2026-04-17 02:09:52]     Contextual note: missing pos_encoder keys are expected for this checkpoint configuration and will be trained as downstream-added parameters.
[2026-04-17 02:09:52]     Phase 1 (new):
[2026-04-17 02:09:52]       Trainable groups: ['pos_encoder.', 'final_layer.']
[2026-04-17 02:09:52]       Trainable params: 2,626 / 3,457,618 (0.1%)
[2026-04-17 02:09:52]     Sanity check passed: finite logits/loss on one training batch for SignalJEPA_Contextual.
[2026-04-17 02:27:11]   Fold 3/5 | best_epoch=44 | stop=51 | val_loss=0.4514 | acc=0.8333 | bal_acc=0.5000 | roc_auc=0.4783
[2026-04-17 02:27:11] Contextual channel-loc fix applied: copied loc[0:3] -> loc[3:6] to avoid degenerate positional-encoding ranges.
[2026-04-17 02:27:11]     Downstream model:   SignalJEPA_Contextual
[2026-04-17 02:27:11]     Fine-tune strategy: new
[2026-04-17 02:27:11]     Warm-up active:     False
[2026-04-17 02:27:11]     Warm-up epochs:     10
[2026-04-17 02:27:11]     Missing keys:       ['pos_encoder.pos_encoder_spat.weight', 'final_layer.spat_conv.weight', 'final_layer.spat_conv.bias', 'final_layer.linear.weight', 'final_layer.linear.bias']
[2026-04-17 02:27:11]     Contextual note: missing pos_encoder keys are expected for this checkpoint configuration and will be trained as downstream-added parameters.
[2026-04-17 02:27:11]     Phase 1 (new):
[2026-04-17 02:27:11]       Trainable groups: ['pos_encoder.', 'final_layer.']
[2026-04-17 02:27:11]       Trainable params: 2,626 / 3,457,618 (0.1%)
[2026-04-17 02:27:11]     Sanity check passed: finite logits/loss on one training batch for SignalJEPA_Contextual.
[2026-04-17 03:00:57]   Fold 4/5 | best_epoch=84 | stop=100 | val_loss=0.4514 | acc=0.8333 | bal_acc=0.5000 | roc_auc=0.5217
[2026-04-17 03:00:57] Contextual channel-loc fix applied: copied loc[0:3] -> loc[3:6] to avoid degenerate positional-encoding ranges.
[2026-04-17 03:00:57]     Downstream model:   SignalJEPA_Contextual
[2026-04-17 03:00:57]     Fine-tune strategy: new
[2026-04-17 03:00:57]     Warm-up active:     False
[2026-04-17 03:00:57]     Warm-up epochs:     10
[2026-04-17 03:00:57]     Missing keys:       ['pos_encoder.pos_encoder_spat.weight', 'final_layer.spat_conv.weight', 'final_layer.spat_conv.bias', 'final_layer.linear.weight', 'final_layer.linear.bias']
[2026-04-17 03:00:57]     Contextual note: missing pos_encoder keys are expected for this checkpoint configuration and will be trained as downstream-added parameters.
[2026-04-17 03:00:57]     Phase 1 (new):
[2026-04-17 03:00:57]       Trainable groups: ['pos_encoder.', 'final_layer.']
[2026-04-17 03:00:57]       Trainable params: 2,626 / 3,457,618 (0.1%)
[2026-04-17 03:00:57]     Sanity check passed: finite logits/loss on one training batch for SignalJEPA_Contextual.
[2026-04-17 03:18:50]   Fold 5/5 | best_epoch=41 | stop=53 | val_loss=0.4514 | acc=0.8333 | bal_acc=0.5000 | roc_auc=0.4738
[2026-04-17 03:18:50]   Subject 54 summary: acc=0.8333±0.0000  bal_acc=0.5000±0.0000  roc_auc=0.5020±0.0243  primary(roc_auc)=0.5020±0.0243

[2026-04-17 03:18:50] Total folds completed: 35
[2026-04-17 03:18:50] ======================================================================
[2026-04-17 03:18:50] AGGREGATED RESULTS
[2026-04-17 03:18:50] ======================================================================
[2026-04-17 03:18:50]   Subject 48:  acc=0.8333±0.0000  bal_acc=0.5000±0.0000  roc_auc=0.4952±0.0432  primary(roc_auc)=0.4952±0.0432
[2026-04-17 03:18:50]   Subject 49:  acc=0.8333±0.0000  bal_acc=0.5000±0.0000  roc_auc=0.5087±0.0418  primary(roc_auc)=0.5087±0.0418
[2026-04-17 03:18:50]   Subject 50:  acc=0.8333±0.0000  bal_acc=0.5000±0.0000  roc_auc=0.5127±0.0193  primary(roc_auc)=0.5127±0.0193
[2026-04-17 03:18:50]   Subject 51:  acc=0.8333±0.0000  bal_acc=0.5000±0.0000  roc_auc=0.4850±0.0294  primary(roc_auc)=0.4850±0.0294
[2026-04-17 03:18:50]   Subject 52:  acc=0.8333±0.0000  bal_acc=0.5000±0.0000  roc_auc=0.5044±0.0190  primary(roc_auc)=0.5044±0.0190
[2026-04-17 03:18:50]   Subject 53:  acc=0.8333±0.0000  bal_acc=0.5000±0.0000  roc_auc=0.5227±0.0379  primary(roc_auc)=0.5227±0.0379
[2026-04-17 03:18:50]   Subject 54:  acc=0.8333±0.0000  bal_acc=0.5000±0.0000  roc_auc=0.5020±0.0243  primary(roc_auc)=0.5020±0.0243
[2026-04-17 03:18:50] ----------------------------------------------------------------------
[2026-04-17 03:18:50]   OVERALL:      acc=0.8333±0.0000  bal_acc=0.5000±0.0000  roc_auc=0.5044±0.0341
[2026-04-17 03:18:50]   PRIMARY (roc_auc): 0.5044±0.0341
[2026-04-17 03:18:50] ======================================================================
[2026-04-17 03:18:50] CV results saved to:      /home/vegorov/Repos/eeg_jepa_research/artifacts/lee-2019-fine-tuning/ERP/20260416_1447_45070b97/cv_results.json
[2026-04-17 03:18:50] Subject metrics saved to: /home/vegorov/Repos/eeg_jepa_research/artifacts/lee-2019-fine-tuning/ERP/20260416_1447_45070b97/subject_metrics.json
[2026-04-17 03:18:50] Global metrics saved to:  /home/vegorov/Repos/eeg_jepa_research/artifacts/lee-2019-fine-tuning/ERP/20260416_1447_45070b97/global_metrics.json
[2026-04-17 03:18:50] Run metadata saved to:    /home/vegorov/Repos/eeg_jepa_research/artifacts/lee-2019-fine-tuning/ERP/20260416_1447_45070b97/run_metadata.json

[2026-04-17 03:18:50] All artifacts in: /home/vegorov/Repos/eeg_jepa_research/artifacts/lee-2019-fine-tuning/ERP/20260416_1447_45070b97

[2026-04-17 03:18:50] ======================================================================
[2026-04-17 03:18:50] EXPERIMENT SUMMARY
[2026-04-17 03:18:50] ======================================================================
[2026-04-17 03:18:50] Run ID:    20260416_1447_45070b97
[2026-04-17 03:18:50] Artifacts: /home/vegorov/Repos/eeg_jepa_research/artifacts/lee-2019-fine-tuning/ERP/20260416_1447_45070b97

[2026-04-17 03:18:50] Configuration:
[2026-04-17 03:18:50]   Subjects:          [48, 49, 50, 51, 52, 53, 54]
[2026-04-17 03:18:50]   Paradigm:          ERP
[2026-04-17 03:18:50]   Model:             SignalJEPA_Contextual
[2026-04-17 03:18:50]   Strategy:          new
[2026-04-17 03:18:50]   Warm-up epochs:    10
[2026-04-17 03:18:50]   Bandpass:          0.5-40.0 Hz
[2026-04-17 03:18:50]   Resample:          128 Hz
[2026-04-17 03:18:50]   CV folds:          5
[2026-04-17 03:18:50]   Learning rate:     None
[2026-04-17 03:18:50]   Batch size:        32
[2026-04-17 03:18:50]   Max epochs:        5000
[2026-04-17 03:18:50]   Primary metric:    roc_auc

[2026-04-17 03:18:50] Results:
[2026-04-17 03:18:50]   Mean Accuracy:          0.8333 ± 0.0000
[2026-04-17 03:18:50]   Mean Balanced Accuracy: 0.5000 ± 0.0000
[2026-04-17 03:18:50]   Mean ROC-AUC:           0.5044 ± 0.0341
[2026-04-17 03:18:50]   Primary (roc_auc): 0.5044 ± 0.0341
