[2026-04-02 11:52:51] Using device: cpu
[2026-04-02 11:52:51] Seed control enabled: True
[2026-04-02 11:52:51] Base seed: 3008
[2026-04-02 11:52:52] Seed initialized: 3008
[2026-04-02 11:52:52] ======================================================================
[2026-04-02 11:52:52] CONFIGURATION
[2026-04-02 11:52:52] ======================================================================
[2026-04-02 11:52:52]   artifact_dir: /home/vegorov/Repos/eeg_jepa_research/artifacts/lee-2019-fine-tuning
[2026-04-02 11:52:52]   bandpass_high: 40.0
[2026-04-02 11:52:52]   bandpass_low: 0.5
[2026-04-02 11:52:52]   batch_size: 32
[2026-04-02 11:52:52]   convert_to_uV: True
[2026-04-02 11:52:52]   cv_folds: 5
[2026-04-02 11:52:52]   device: auto
[2026-04-02 11:52:52]   early_stopping_patience: 50
[2026-04-02 11:52:52]   learning_rate: 0.001
[2026-04-02 11:52:52]   n_epochs: 5000
[2026-04-02 11:52:52]   normalization_method: None
[2026-04-02 11:52:52]   normalize: False
[2026-04-02 11:52:52]   paradigm: SSVEP
[2026-04-02 11:52:52]   pretrained_url: https://huggingface.co/braindecode/SignalJEPA/resolve/main/signal-jepa_16s-60_adeuwv4s.pth
[2026-04-02 11:52:52]   seed: 3008
[2026-04-02 11:52:52]   set_seed: True
[2026-04-02 11:52:52]   sfreq: 128
[2026-04-02 11:52:52]   subjects_to_use: [48, 49, 50, 51, 52, 53, 54]
[2026-04-02 11:52:52]   val_split: 0.2
[2026-04-02 11:52:52] ======================================================================
[2026-04-02 11:52:52] Config saved to: /home/vegorov/Repos/eeg_jepa_research/artifacts/lee-2019-fine-tuning/SSVEP/20260402_1152_a9933d00/config.json
[2026-04-02 11:52:52] Epoch window configuration:
[2026-04-02 11:52:52]   Target sfreq:                128 Hz
[2026-04-02 11:52:52]   Target duration:             4.190000 s
[2026-04-02 11:52:52]   Window samples (rounded):    536
[2026-04-02 11:52:52]   Base trial samples (4.0 s):  512
[2026-04-02 11:52:52]   Trial stop offset samples:   24
[2026-04-02 11:52:52]   Effective window duration:   4.187500 s
[2026-04-02 11:52:52] Using specified subjects from config: [48, 49, 50, 51, 52, 53, 54]
[2026-04-02 11:52:52] Selected subjects: [48, 49, 50, 51, 52, 53, 54]
[2026-04-02 11:52:52] Expected evaluation folds: 35

[2026-04-02 11:52:52] Building MOABBDataset for Lee2019_SSVEP...
[2026-04-02 11:53:53] MOABBDataset recordings loaded: 7
[2026-04-02 11:53:53] Discovered annotation descriptions (first recording): [np.str_('12.0'), np.str_('5.45'), np.str_('6.67'), np.str_('8.57')]
[2026-04-02 11:53:53] Dataset event_id mapping: {'12.0': 1, '8.57': 2, '6.67': 3, '5.45': 4}
[2026-04-02 11:53:53] Label map (event_code -> class_index): {1: 0, 2: 1, 3: 2, 4: 3}
[2026-04-02 11:53:53] Applying Braindecode preprocessors to MOABBDataset...
[2026-04-02 11:54:13] Preprocessing complete.

[2026-04-02 11:54:13] Post-preprocessing validation
[2026-04-02 11:54:13]   Recordings in DATASET: 7
[2026-04-02 11:54:13]   Unique subject IDs:    ['48', '49', '50', '51', '52', '53', '54']
[2026-04-02 11:54:13]   sfreq (first rec):     128.0 Hz
[2026-04-02 11:54:13]   EEG channel count:     62
[2026-04-02 11:54:13]   First 10 channels:     ['Fp1', 'Fp2', 'F7', 'F3', 'Fz', 'F4', 'F8', 'FC5', 'FC1', 'FC2']
[2026-04-02 11:54:13] Channel consistency summary:
[2026-04-02 11:54:13]   Checked runs: 7
[2026-04-02 11:54:13]   Unique channel counts: [62]
[2026-04-02 11:54:13]   Channel order consistent: True
[2026-04-02 11:54:13] Validated EEG channels: 62
[2026-04-02 11:54:13] First 10 EEG channels: ['Fp1', 'Fp2', 'F7', 'F3', 'Fz', 'F4', 'F8', 'FC5', 'FC1', 'FC2']
[2026-04-02 11:54:14] raw mean_abs=6.566995e+00
[2026-04-02 11:54:14] raw std=1.148469e+01
[2026-04-02 11:54:14] raw first5 channel std= [25.05396238 36.02502646  9.59456342  7.25560171  7.19880537]
[2026-04-02 11:54:14] Requested window samples: 536
[2026-04-02 11:54:14] Base trial samples:       512
[2026-04-02 11:54:14] Stop offset samples:      24
[2026-04-02 11:54:14] Global class counts: [175, 175, 175, 175]
[2026-04-02 11:54:14] Chance level (4-class): 0.25
[2026-04-02 11:54:14] One window shape: (62, 536)
[2026-04-02 11:54:14] One window label: 1
[2026-04-02 11:54:14] Window sample length expected=536, got=536
[2026-04-02 11:54:14] Subjects in window split: [48, 49, 50, 51, 52, 53, 54]
[2026-04-02 11:54:14] Summarizing per-subject windows...
[2026-04-02 11:54:14]   Subject 48: n_windows=100, window_shape=(62, 536), class_counts=[25, 25, 25, 25]
[2026-04-02 11:54:14]   Subject 49: n_windows=100, window_shape=(62, 536), class_counts=[25, 25, 25, 25]
[2026-04-02 11:54:14]   Subject 50: n_windows=100, window_shape=(62, 536), class_counts=[25, 25, 25, 25]
[2026-04-02 11:54:14]   Subject 51: n_windows=100, window_shape=(62, 536), class_counts=[25, 25, 25, 25]
[2026-04-02 11:54:14]   Subject 52: n_windows=100, window_shape=(62, 536), class_counts=[25, 25, 25, 25]
[2026-04-02 11:54:14]   Subject 53: n_windows=100, window_shape=(62, 536), class_counts=[25, 25, 25, 25]
[2026-04-02 11:54:14]   Subject 54: n_windows=100, window_shape=(62, 536), class_counts=[25, 25, 25, 25]
[2026-04-02 11:54:14]    subject_id  n_windows  n_channels  n_times      class_counts
0          48        100          62      536  [25, 25, 25, 25]
1          49        100          62      536  [25, 25, 25, 25]
2          50        100          62      536  [25, 25, 25, 25]
3          51        100          62      536  [25, 25, 25, 25]
4          52        100          62      536  [25, 25, 25, 25]
5          53        100          62      536  [25, 25, 25, 25]
6          54        100          62      536  [25, 25, 25, 25]
[2026-04-02 11:54:14] Window validation summary:
[2026-04-02 11:54:14]   Subject 48: n_windows=100 class_counts=[25, 25, 25, 25]
[2026-04-02 11:54:14]   Subject 49: n_windows=100 class_counts=[25, 25, 25, 25]
[2026-04-02 11:54:14]   Subject 50: n_windows=100 class_counts=[25, 25, 25, 25]
[2026-04-02 11:54:14]   Subject 51: n_windows=100 class_counts=[25, 25, 25, 25]
[2026-04-02 11:54:14]   Subject 52: n_windows=100 class_counts=[25, 25, 25, 25]
[2026-04-02 11:54:14]   Subject 53: n_windows=100 class_counts=[25, 25, 25, 25]
[2026-04-02 11:54:14]   Subject 54: n_windows=100 class_counts=[25, 25, 25, 25]

[2026-04-02 11:54:14] Validated sampling rate target: 128 Hz
[2026-04-02 11:54:14] Validated window sample count:   536
[2026-04-02 11:54:14] Validated window duration:       4.1875 s
[2026-04-02 11:54:14] Validated channel count:         62
[2026-04-02 11:54:14] Total windows retained:          700
[2026-04-02 11:54:14] Preprocessing sanity checks:
[2026-04-02 11:54:14]   One sample label: 1
[2026-04-02 11:54:14]   One sample shape: (62, 536)
[2026-04-02 11:54:14]   Mean(abs(signal)): 3.430332e+00
[2026-04-02 11:54:14]   Mean(signal):      7.346552e-09
[2026-04-02 11:54:14]   Std(signal):       4.442559e+00
[2026-04-02 11:54:14] Building model with input window duration: 4.1875 s
[2026-04-02 11:54:14] SignalJEPA_PreLocal instantiated successfully.
[2026-04-02 11:54:14]   Total parameters:     18,192
[2026-04-02 11:54:14]   Trainable parameters: 18,192
[2026-04-02 11:54:14] ======================================================================================================================================================
Layer (type (var_name):depth-idx)                  Input Shape               Output Shape              Param #                   Kernel Shape
======================================================================================================================================================
SignalJEPA_PreLocal (SignalJEPA_PreLocal)          [1, 62, 536]              [1, 4]                    --                        --
├─Sequential (spatial_conv): 1-1                   [1, 62, 536]              [1, 4, 536]               --                        --
│    └─Rearrange (0): 2-1                          [1, 62, 536]              [1, 1, 62, 536]           --                        --
│    └─Conv2d (1): 2-2                             [1, 1, 62, 536]           [1, 4, 1, 536]            252                       [62, 1]
│    └─Rearrange (2): 2-3                          [1, 4, 1, 536]            [1, 4, 536]               --                        --
├─_ConvFeatureEncoder (feature_encoder): 1-2       [1, 4, 536]               [1, 16, 64]               --                        --
│    └─Rearrange (0): 2-4                          [1, 4, 536]               [4, 1, 536]               --                        --
│    └─Sequential (1): 2-5                         [4, 1, 536]               [4, 8, 64]                --                        --
│    │    └─Conv1d (0): 3-1                        [4, 1, 536]               [4, 8, 64]                256                       [32]
│    │    └─Dropout (1): 3-2                       [4, 8, 64]                [4, 8, 64]                --                        --
│    │    └─GroupNorm (2): 3-3                     [4, 8, 64]                [4, 8, 64]                16                        --
│    │    └─GELU (3): 3-4                          [4, 8, 64]                [4, 8, 64]                --                        --
│    └─Sequential (2): 2-6                         [4, 8, 64]                [4, 16, 32]               --                        --
│    │    └─Conv1d (0): 3-5                        [4, 8, 64]                [4, 16, 32]               256                       [2]
│    │    └─Dropout (1): 3-6                       [4, 16, 32]               [4, 16, 32]               --                        --
│    │    └─GELU (2): 3-7                          [4, 16, 32]               [4, 16, 32]               --                        --
│    └─Sequential (3): 2-7                         [4, 16, 32]               [4, 32, 16]               --                        --
│    │    └─Conv1d (0): 3-8                        [4, 16, 32]               [4, 32, 16]               1,024                     [2]
│    │    └─Dropout (1): 3-9                       [4, 32, 16]               [4, 32, 16]               --                        --
│    │    └─GELU (2): 3-10                         [4, 32, 16]               [4, 32, 16]               --                        --
│    └─Sequential (4): 2-8                         [4, 32, 16]               [4, 64, 8]                --                        --
│    │    └─Conv1d (0): 3-11                       [4, 32, 16]               [4, 64, 8]                4,096                     [2]
│    │    └─Dropout (1): 3-12                      [4, 64, 8]                [4, 64, 8]                --                        --
│    │    └─GELU (2): 3-13                         [4, 64, 8]                [4, 64, 8]                --                        --
│    └─Sequential (5): 2-9                         [4, 64, 8]                [4, 64, 4]                --                        --
│    │    └─Conv1d (0): 3-14                       [4, 64, 8]                [4, 64, 4]                8,192                     [2]
│    │    └─Dropout (1): 3-15                      [4, 64, 4]                [4, 64, 4]                --                        --
│    │    └─GELU (2): 3-16                         [4, 64, 4]                [4, 64, 4]                --                        --
│    └─Rearrange (6): 2-10                         [4, 64, 4]                [1, 16, 64]               --                        --
├─Sequential (final_layer): 1-3                    [1, 16, 64]               [1, 4]                    --                        --
│    └─Flatten (0): 2-11                           [1, 16, 64]               [1, 1024]                 --                        --
│    └─Linear (1): 2-12                            [1, 1024]                 [1, 4]                    4,100                     --
======================================================================================================================================================
Total params: 18,192
Trainable params: 18,192
Non-trainable params: 0
Total mult-adds (Units.MEGABYTES): 0.57
======================================================================================================================================================
Input size (MB): 0.13
Forward/backward pass size (MB): 0.11
Params size (MB): 0.07
Estimated Total Size (MB): 0.31
======================================================================================================================================================
[2026-04-02 11:54:14] Initializing from 16s-60 pretrained checkpoint (Hugging Face):
[2026-04-02 11:54:14]   https://huggingface.co/braindecode/SignalJEPA/resolve/main/signal-jepa_16s-60_adeuwv4s.pth
[2026-04-02 11:54:14]   Downloaded 179 keys
[2026-04-02 11:54:14] ======================================================================
[2026-04-02 11:54:14] STARTING CROSS-VALIDATION
[2026-04-02 11:54:14] ======================================================================
[2026-04-02 11:54:14] Subjects:      [48, 49, 50, 51, 52, 53, 54]
[2026-04-02 11:54:14] CV folds:      5
[2026-04-02 11:54:14] Batch size:    32
[2026-04-02 11:54:14] Max epochs:    5000
[2026-04-02 11:54:14] Device:        cpu
[2026-04-02 11:54:14] Seed control:  True
[2026-04-02 11:54:14] Base seed:     3008
[2026-04-02 11:54:14] ======================================================================

[2026-04-02 11:54:14] Subject 48: 100 windows class_counts=[25, 25, 25, 25]
[2026-04-02 11:54:14]   Fold 1 split seed: 3009
[2026-04-02 11:54:14]   Fold 1 split class counts:
[2026-04-02 11:54:14]     train=[16, 16, 16, 16] val=[4, 4, 4, 4] test=[5, 5, 5, 5]
[2026-04-02 11:54:14]   Fold 2 split seed: 3010
[2026-04-02 11:54:14]   Fold 2 split class counts:
[2026-04-02 11:54:14]     train=[16, 16, 16, 16] val=[4, 4, 4, 4] test=[5, 5, 5, 5]
[2026-04-02 11:54:14]   Fold 3 split seed: 3011
[2026-04-02 11:54:14]   Fold 3 split class counts:
[2026-04-02 11:54:14]     train=[16, 16, 16, 16] val=[4, 4, 4, 4] test=[5, 5, 5, 5]
[2026-04-02 11:54:14]   Fold 4 split seed: 3012
[2026-04-02 11:54:14]   Fold 4 split class counts:
[2026-04-02 11:54:14]     train=[16, 16, 16, 16] val=[4, 4, 4, 4] test=[5, 5, 5, 5]
[2026-04-02 11:54:14]   Fold 5 split seed: 3013
[2026-04-02 11:54:14]   Fold 5 split class counts:
[2026-04-02 11:54:14]     train=[16, 16, 16, 16] val=[4, 4, 4, 4] test=[5, 5, 5, 5]
[2026-04-02 11:54:14]   Subject 48 Fold 1 seed: 7809
[2026-04-02 11:54:14]   Subject 48 Fold 1: n_train=64 n_val=16 n_test=20
[2026-04-02 11:54:14]     Train class counts: [16, 16, 16, 16]
[2026-04-02 11:54:14]     Val class counts:   [4, 4, 4, 4]
[2026-04-02 11:54:14]     Test class counts:  [5, 5, 5, 5]
[2026-04-02 11:54:14] Building model with input window duration: 4.1875 s
[2026-04-02 11:54:14] Pretrained weight loading:
[2026-04-02 11:54:14]   Downloaded keys:        179
[2026-04-02 11:54:14]   Filtered (transformer): 172
[2026-04-02 11:54:14]   Filtered (pos_encoder): 0
[2026-04-02 11:54:14]   Keys to load:           7
[2026-04-02 11:54:14]   Missing keys:           4
[2026-04-02 11:54:14]   Unexpected keys:        0
[2026-04-02 11:54:14]   Missing preview:        ['spatial_conv.1.weight', 'spatial_conv.1.bias', 'final_layer.1.weight', 'final_layer.1.bias']
[2026-04-02 11:54:14]   Unexpected preview:     []
[2026-04-02 11:54:14] Encoder freeze configuration:
[2026-04-02 11:54:14]   Total parameters:        18,192
[2026-04-02 11:54:14]   Trainable parameters:    4,352
[2026-04-02 11:54:14]   Training percentage:     23.9%
[2026-04-02 11:54:14]   Trainable layers: 4
[2026-04-02 11:54:14]     - final_layer.1.bias
[2026-04-02 11:54:14]     - final_layer.1.weight
[2026-04-02 11:54:14]     - spatial_conv.1.bias
[2026-04-02 11:54:14]     - spatial_conv.1.weight
[2026-04-02 11:54:14]     Train generator seeded: True
[2026-04-02 11:54:38]     Stopped epoch:            2576
[2026-04-02 11:54:38]     Best epoch (valid_loss):  2526
[2026-04-02 11:54:38]     Best valid_loss:          0.09153660386800766
[2026-04-02 11:54:38]     Test accuracy (primary):  0.9500
[2026-04-02 11:54:38]     Test balanced acc:        0.9500
[2026-04-02 11:54:38]     Confusion matrix:         [[5, 0, 0, 0], [0, 5, 0, 0], [0, 0, 4, 1], [0, 0, 0, 5]]
[2026-04-02 11:54:38]     Prediction histogram:     [5, 5, 4, 6]
[2026-04-02 11:54:38]     fold_acc=0.9500 fold_bal_acc=0.9500 cm=[[5, 0, 0, 0], [0, 5, 0, 0], [0, 0, 4, 1], [0, 0, 0, 5]]
[2026-04-02 11:54:38]   Subject 48 Fold 2 seed: 7810
[2026-04-02 11:54:38]   Subject 48 Fold 2: n_train=64 n_val=16 n_test=20
[2026-04-02 11:54:38]     Train class counts: [16, 16, 16, 16]
[2026-04-02 11:54:38]     Val class counts:   [4, 4, 4, 4]
[2026-04-02 11:54:38]     Test class counts:  [5, 5, 5, 5]
[2026-04-02 11:54:38] Building model with input window duration: 4.1875 s
[2026-04-02 11:54:38] Pretrained weight loading:
[2026-04-02 11:54:38]   Downloaded keys:        179
[2026-04-02 11:54:38]   Filtered (transformer): 172
[2026-04-02 11:54:38]   Filtered (pos_encoder): 0
[2026-04-02 11:54:38]   Keys to load:           7
[2026-04-02 11:54:38]   Missing keys:           4
[2026-04-02 11:54:38]   Unexpected keys:        0
[2026-04-02 11:54:38]   Missing preview:        ['spatial_conv.1.weight', 'spatial_conv.1.bias', 'final_layer.1.weight', 'final_layer.1.bias']
[2026-04-02 11:54:38]   Unexpected preview:     []
[2026-04-02 11:54:38] Encoder freeze configuration:
[2026-04-02 11:54:38]   Total parameters:        18,192
[2026-04-02 11:54:38]   Trainable parameters:    4,352
[2026-04-02 11:54:38]   Training percentage:     23.9%
[2026-04-02 11:54:38]   Trainable layers: 4
[2026-04-02 11:54:38]     - final_layer.1.bias
[2026-04-02 11:54:38]     - final_layer.1.weight
[2026-04-02 11:54:38]     - spatial_conv.1.bias
[2026-04-02 11:54:38]     - spatial_conv.1.weight
[2026-04-02 11:54:38]     Train generator seeded: True
[2026-04-02 11:54:59]     Stopped epoch:            2260
[2026-04-02 11:54:59]     Best epoch (valid_loss):  2210
[2026-04-02 11:54:59]     Best valid_loss:          0.20174208283424377
[2026-04-02 11:54:59]     Test accuracy (primary):  0.9000
[2026-04-02 11:54:59]     Test balanced acc:        0.9000
[2026-04-02 11:54:59]     Confusion matrix:         [[5, 0, 0, 0], [0, 4, 0, 1], [0, 0, 4, 1], [0, 0, 0, 5]]
[2026-04-02 11:54:59]     Prediction histogram:     [5, 4, 4, 7]
[2026-04-02 11:54:59]     fold_acc=0.9000 fold_bal_acc=0.9000 cm=[[5, 0, 0, 0], [0, 4, 0, 1], [0, 0, 4, 1], [0, 0, 0, 5]]
[2026-04-02 11:54:59]   Subject 48 Fold 3 seed: 7811
[2026-04-02 11:54:59]   Subject 48 Fold 3: n_train=64 n_val=16 n_test=20
[2026-04-02 11:54:59]     Train class counts: [16, 16, 16, 16]
[2026-04-02 11:54:59]     Val class counts:   [4, 4, 4, 4]
[2026-04-02 11:54:59]     Test class counts:  [5, 5, 5, 5]
[2026-04-02 11:54:59] Building model with input window duration: 4.1875 s
[2026-04-02 11:54:59] Pretrained weight loading:
[2026-04-02 11:54:59]   Downloaded keys:        179
[2026-04-02 11:54:59]   Filtered (transformer): 172
[2026-04-02 11:54:59]   Filtered (pos_encoder): 0
[2026-04-02 11:54:59]   Keys to load:           7
[2026-04-02 11:54:59]   Missing keys:           4
[2026-04-02 11:54:59]   Unexpected keys:        0
[2026-04-02 11:54:59]   Missing preview:        ['spatial_conv.1.weight', 'spatial_conv.1.bias', 'final_layer.1.weight', 'final_layer.1.bias']
[2026-04-02 11:54:59]   Unexpected preview:     []
[2026-04-02 11:54:59] Encoder freeze configuration:
[2026-04-02 11:54:59]   Total parameters:        18,192
[2026-04-02 11:54:59]   Trainable parameters:    4,352
[2026-04-02 11:54:59]   Training percentage:     23.9%
[2026-04-02 11:54:59]   Trainable layers: 4
[2026-04-02 11:54:59]     - final_layer.1.bias
[2026-04-02 11:54:59]     - final_layer.1.weight
[2026-04-02 11:54:59]     - spatial_conv.1.bias
[2026-04-02 11:54:59]     - spatial_conv.1.weight
[2026-04-02 11:54:59]     Train generator seeded: True
[2026-04-02 11:55:18]     Stopped epoch:            2148
[2026-04-02 11:55:18]     Best epoch (valid_loss):  2098
[2026-04-02 11:55:18]     Best valid_loss:          0.3062490224838257
[2026-04-02 11:55:18]     Test accuracy (primary):  0.9500
[2026-04-02 11:55:18]     Test balanced acc:        0.9500
[2026-04-02 11:55:18]     Confusion matrix:         [[5, 0, 0, 0], [0, 5, 0, 0], [0, 0, 5, 0], [0, 1, 0, 4]]
[2026-04-02 11:55:18]     Prediction histogram:     [5, 6, 5, 4]
[2026-04-02 11:55:18]     fold_acc=0.9500 fold_bal_acc=0.9500 cm=[[5, 0, 0, 0], [0, 5, 0, 0], [0, 0, 5, 0], [0, 1, 0, 4]]
[2026-04-02 11:55:18]   Subject 48 Fold 4 seed: 7812
[2026-04-02 11:55:18]   Subject 48 Fold 4: n_train=64 n_val=16 n_test=20
[2026-04-02 11:55:18]     Train class counts: [16, 16, 16, 16]
[2026-04-02 11:55:18]     Val class counts:   [4, 4, 4, 4]
[2026-04-02 11:55:18]     Test class counts:  [5, 5, 5, 5]
[2026-04-02 11:55:18] Building model with input window duration: 4.1875 s
[2026-04-02 11:55:18] Pretrained weight loading:
[2026-04-02 11:55:18]   Downloaded keys:        179
[2026-04-02 11:55:18]   Filtered (transformer): 172
[2026-04-02 11:55:18]   Filtered (pos_encoder): 0
[2026-04-02 11:55:18]   Keys to load:           7
[2026-04-02 11:55:18]   Missing keys:           4
[2026-04-02 11:55:18]   Unexpected keys:        0
[2026-04-02 11:55:18]   Missing preview:        ['spatial_conv.1.weight', 'spatial_conv.1.bias', 'final_layer.1.weight', 'final_layer.1.bias']
[2026-04-02 11:55:18]   Unexpected preview:     []
[2026-04-02 11:55:18] Encoder freeze configuration:
[2026-04-02 11:55:18]   Total parameters:        18,192
[2026-04-02 11:55:18]   Trainable parameters:    4,352
[2026-04-02 11:55:18]   Training percentage:     23.9%
[2026-04-02 11:55:18]   Trainable layers: 4
[2026-04-02 11:55:18]     - final_layer.1.bias
[2026-04-02 11:55:18]     - final_layer.1.weight
[2026-04-02 11:55:18]     - spatial_conv.1.bias
[2026-04-02 11:55:18]     - spatial_conv.1.weight
[2026-04-02 11:55:18]     Train generator seeded: True
[2026-04-02 11:55:40]     Stopped epoch:            2366
[2026-04-02 11:55:40]     Best epoch (valid_loss):  2316
[2026-04-02 11:55:40]     Best valid_loss:          0.12860727310180664
[2026-04-02 11:55:40]     Test accuracy (primary):  1.0000
[2026-04-02 11:55:40]     Test balanced acc:        1.0000
[2026-04-02 11:55:40]     Confusion matrix:         [[5, 0, 0, 0], [0, 5, 0, 0], [0, 0, 5, 0], [0, 0, 0, 5]]
[2026-04-02 11:55:40]     Prediction histogram:     [5, 5, 5, 5]
[2026-04-02 11:55:40]     fold_acc=1.0000 fold_bal_acc=1.0000 cm=[[5, 0, 0, 0], [0, 5, 0, 0], [0, 0, 5, 0], [0, 0, 0, 5]]
[2026-04-02 11:55:40]   Subject 48 Fold 5 seed: 7813
[2026-04-02 11:55:40]   Subject 48 Fold 5: n_train=64 n_val=16 n_test=20
[2026-04-02 11:55:40]     Train class counts: [16, 16, 16, 16]
[2026-04-02 11:55:40]     Val class counts:   [4, 4, 4, 4]
[2026-04-02 11:55:40]     Test class counts:  [5, 5, 5, 5]
[2026-04-02 11:55:40] Building model with input window duration: 4.1875 s
[2026-04-02 11:55:40] Pretrained weight loading:
[2026-04-02 11:55:40]   Downloaded keys:        179
[2026-04-02 11:55:40]   Filtered (transformer): 172
[2026-04-02 11:55:40]   Filtered (pos_encoder): 0
[2026-04-02 11:55:40]   Keys to load:           7
[2026-04-02 11:55:40]   Missing keys:           4
[2026-04-02 11:55:40]   Unexpected keys:        0
[2026-04-02 11:55:40]   Missing preview:        ['spatial_conv.1.weight', 'spatial_conv.1.bias', 'final_layer.1.weight', 'final_layer.1.bias']
[2026-04-02 11:55:40]   Unexpected preview:     []
[2026-04-02 11:55:40] Encoder freeze configuration:
[2026-04-02 11:55:40]   Total parameters:        18,192
[2026-04-02 11:55:40]   Trainable parameters:    4,352
[2026-04-02 11:55:40]   Training percentage:     23.9%
[2026-04-02 11:55:40]   Trainable layers: 4
[2026-04-02 11:55:40]     - final_layer.1.bias
[2026-04-02 11:55:40]     - final_layer.1.weight
[2026-04-02 11:55:40]     - spatial_conv.1.bias
[2026-04-02 11:55:40]     - spatial_conv.1.weight
[2026-04-02 11:55:40]     Train generator seeded: True
[2026-04-02 11:56:02]     Stopped epoch:            2457
[2026-04-02 11:56:02]     Best epoch (valid_loss):  2407
[2026-04-02 11:56:02]     Best valid_loss:          0.07667002081871033
[2026-04-02 11:56:02]     Test accuracy (primary):  0.9500
[2026-04-02 11:56:02]     Test balanced acc:        0.9500
[2026-04-02 11:56:02]     Confusion matrix:         [[4, 1, 0, 0], [0, 5, 0, 0], [0, 0, 5, 0], [0, 0, 0, 5]]
[2026-04-02 11:56:02]     Prediction histogram:     [4, 6, 5, 5]
[2026-04-02 11:56:02]     fold_acc=0.9500 fold_bal_acc=0.9500 cm=[[4, 1, 0, 0], [0, 5, 0, 0], [0, 0, 5, 0], [0, 0, 0, 5]]
[2026-04-02 11:56:02]   Subject 48 mean accuracy: 0.9500

[2026-04-02 11:56:02] Subject 49: 100 windows class_counts=[25, 25, 25, 25]
[2026-04-02 11:56:02]   Fold 1 split seed: 3009
[2026-04-02 11:56:02]   Fold 1 split class counts:
[2026-04-02 11:56:02]     train=[16, 16, 16, 16] val=[4, 4, 4, 4] test=[5, 5, 5, 5]
[2026-04-02 11:56:02]   Fold 2 split seed: 3010
[2026-04-02 11:56:02]   Fold 2 split class counts:
[2026-04-02 11:56:02]     train=[16, 16, 16, 16] val=[4, 4, 4, 4] test=[5, 5, 5, 5]
[2026-04-02 11:56:02]   Fold 3 split seed: 3011
[2026-04-02 11:56:02]   Fold 3 split class counts:
[2026-04-02 11:56:02]     train=[16, 16, 16, 16] val=[4, 4, 4, 4] test=[5, 5, 5, 5]
[2026-04-02 11:56:02]   Fold 4 split seed: 3012
[2026-04-02 11:56:02]   Fold 4 split class counts:
[2026-04-02 11:56:02]     train=[16, 16, 16, 16] val=[4, 4, 4, 4] test=[5, 5, 5, 5]
[2026-04-02 11:56:02]   Fold 5 split seed: 3013
[2026-04-02 11:56:02]   Fold 5 split class counts:
[2026-04-02 11:56:02]     train=[16, 16, 16, 16] val=[4, 4, 4, 4] test=[5, 5, 5, 5]
[2026-04-02 11:56:02]   Subject 49 Fold 1 seed: 7909
[2026-04-02 11:56:02]   Subject 49 Fold 1: n_train=64 n_val=16 n_test=20
[2026-04-02 11:56:02]     Train class counts: [16, 16, 16, 16]
[2026-04-02 11:56:02]     Val class counts:   [4, 4, 4, 4]
[2026-04-02 11:56:02]     Test class counts:  [5, 5, 5, 5]
[2026-04-02 11:56:02] Building model with input window duration: 4.1875 s
[2026-04-02 11:56:02] Pretrained weight loading:
[2026-04-02 11:56:02]   Downloaded keys:        179
[2026-04-02 11:56:02]   Filtered (transformer): 172
[2026-04-02 11:56:02]   Filtered (pos_encoder): 0
[2026-04-02 11:56:02]   Keys to load:           7
[2026-04-02 11:56:02]   Missing keys:           4
[2026-04-02 11:56:02]   Unexpected keys:        0
[2026-04-02 11:56:02]   Missing preview:        ['spatial_conv.1.weight', 'spatial_conv.1.bias', 'final_layer.1.weight', 'final_layer.1.bias']
[2026-04-02 11:56:02]   Unexpected preview:     []
[2026-04-02 11:56:02] Encoder freeze configuration:
[2026-04-02 11:56:02]   Total parameters:        18,192
[2026-04-02 11:56:02]   Trainable parameters:    4,352
[2026-04-02 11:56:02]   Training percentage:     23.9%
[2026-04-02 11:56:02]   Trainable layers: 4
[2026-04-02 11:56:02]     - final_layer.1.bias
[2026-04-02 11:56:02]     - final_layer.1.weight
[2026-04-02 11:56:02]     - spatial_conv.1.bias
[2026-04-02 11:56:02]     - spatial_conv.1.weight
[2026-04-02 11:56:02]     Train generator seeded: True
[2026-04-02 11:56:20]     Stopped epoch:            1959
[2026-04-02 11:56:20]     Best epoch (valid_loss):  1909
[2026-04-02 11:56:20]     Best valid_loss:          0.5477080941200256
[2026-04-02 11:56:20]     Test accuracy (primary):  0.8500
[2026-04-02 11:56:20]     Test balanced acc:        0.8500
[2026-04-02 11:56:20]     Confusion matrix:         [[5, 0, 0, 0], [0, 5, 0, 0], [1, 0, 3, 1], [0, 1, 0, 4]]
[2026-04-02 11:56:20]     Prediction histogram:     [6, 6, 3, 5]
[2026-04-02 11:56:20]     fold_acc=0.8500 fold_bal_acc=0.8500 cm=[[5, 0, 0, 0], [0, 5, 0, 0], [1, 0, 3, 1], [0, 1, 0, 4]]
[2026-04-02 11:56:20]   Subject 49 Fold 2 seed: 7910
[2026-04-02 11:56:20]   Subject 49 Fold 2: n_train=64 n_val=16 n_test=20
[2026-04-02 11:56:20]     Train class counts: [16, 16, 16, 16]
[2026-04-02 11:56:20]     Val class counts:   [4, 4, 4, 4]
[2026-04-02 11:56:20]     Test class counts:  [5, 5, 5, 5]
[2026-04-02 11:56:20] Building model with input window duration: 4.1875 s
[2026-04-02 11:56:20] Pretrained weight loading:
[2026-04-02 11:56:20]   Downloaded keys:        179
[2026-04-02 11:56:20]   Filtered (transformer): 172
[2026-04-02 11:56:20]   Filtered (pos_encoder): 0
[2026-04-02 11:56:20]   Keys to load:           7
[2026-04-02 11:56:20]   Missing keys:           4
[2026-04-02 11:56:20]   Unexpected keys:        0
[2026-04-02 11:56:20]   Missing preview:        ['spatial_conv.1.weight', 'spatial_conv.1.bias', 'final_layer.1.weight', 'final_layer.1.bias']
[2026-04-02 11:56:20]   Unexpected preview:     []
[2026-04-02 11:56:20] Encoder freeze configuration:
[2026-04-02 11:56:20]   Total parameters:        18,192
[2026-04-02 11:56:20]   Trainable parameters:    4,352
[2026-04-02 11:56:20]   Training percentage:     23.9%
[2026-04-02 11:56:20]   Trainable layers: 4
[2026-04-02 11:56:20]     - final_layer.1.bias
[2026-04-02 11:56:20]     - final_layer.1.weight
[2026-04-02 11:56:20]     - spatial_conv.1.bias
[2026-04-02 11:56:20]     - spatial_conv.1.weight
[2026-04-02 11:56:20]     Train generator seeded: True
[2026-04-02 11:56:35]     Stopped epoch:            1766
[2026-04-02 11:56:35]     Best epoch (valid_loss):  1716
[2026-04-02 11:56:35]     Best valid_loss:          0.45154914259910583
[2026-04-02 11:56:35]     Test accuracy (primary):  0.9500
[2026-04-02 11:56:35]     Test balanced acc:        0.9500
[2026-04-02 11:56:35]     Confusion matrix:         [[5, 0, 0, 0], [0, 4, 0, 1], [0, 0, 5, 0], [0, 0, 0, 5]]
[2026-04-02 11:56:35]     Prediction histogram:     [5, 4, 5, 6]
[2026-04-02 11:56:35]     fold_acc=0.9500 fold_bal_acc=0.9500 cm=[[5, 0, 0, 0], [0, 4, 0, 1], [0, 0, 5, 0], [0, 0, 0, 5]]
[2026-04-02 11:56:35]   Subject 49 Fold 3 seed: 7911
[2026-04-02 11:56:35]   Subject 49 Fold 3: n_train=64 n_val=16 n_test=20
[2026-04-02 11:56:35]     Train class counts: [16, 16, 16, 16]
[2026-04-02 11:56:35]     Val class counts:   [4, 4, 4, 4]
[2026-04-02 11:56:35]     Test class counts:  [5, 5, 5, 5]
[2026-04-02 11:56:35] Building model with input window duration: 4.1875 s
[2026-04-02 11:56:35] Pretrained weight loading:
[2026-04-02 11:56:35]   Downloaded keys:        179
[2026-04-02 11:56:35]   Filtered (transformer): 172
[2026-04-02 11:56:35]   Filtered (pos_encoder): 0
[2026-04-02 11:56:35]   Keys to load:           7
[2026-04-02 11:56:35]   Missing keys:           4
[2026-04-02 11:56:35]   Unexpected keys:        0
[2026-04-02 11:56:35]   Missing preview:        ['spatial_conv.1.weight', 'spatial_conv.1.bias', 'final_layer.1.weight', 'final_layer.1.bias']
[2026-04-02 11:56:35]   Unexpected preview:     []
[2026-04-02 11:56:35] Encoder freeze configuration:
[2026-04-02 11:56:35]   Total parameters:        18,192
[2026-04-02 11:56:35]   Trainable parameters:    4,352
[2026-04-02 11:56:35]   Training percentage:     23.9%
[2026-04-02 11:56:35]   Trainable layers: 4
[2026-04-02 11:56:35]     - final_layer.1.bias
[2026-04-02 11:56:35]     - final_layer.1.weight
[2026-04-02 11:56:35]     - spatial_conv.1.bias
[2026-04-02 11:56:35]     - spatial_conv.1.weight
[2026-04-02 11:56:35]     Train generator seeded: True
[2026-04-02 11:56:56]     Stopped epoch:            2357
[2026-04-02 11:56:56]     Best epoch (valid_loss):  2340
[2026-04-02 11:56:56]     Best valid_loss:          0.5773519277572632
[2026-04-02 11:56:56]     Test accuracy (primary):  0.9000
[2026-04-02 11:56:56]     Test balanced acc:        0.9000
[2026-04-02 11:56:56]     Confusion matrix:         [[4, 0, 1, 0], [0, 5, 0, 0], [0, 0, 5, 0], [0, 1, 0, 4]]
[2026-04-02 11:56:56]     Prediction histogram:     [4, 6, 6, 4]
[2026-04-02 11:56:56]     fold_acc=0.9000 fold_bal_acc=0.9000 cm=[[4, 0, 1, 0], [0, 5, 0, 0], [0, 0, 5, 0], [0, 1, 0, 4]]
[2026-04-02 11:56:56]   Subject 49 Fold 4 seed: 7912
[2026-04-02 11:56:56]   Subject 49 Fold 4: n_train=64 n_val=16 n_test=20
[2026-04-02 11:56:56]     Train class counts: [16, 16, 16, 16]
[2026-04-02 11:56:56]     Val class counts:   [4, 4, 4, 4]
[2026-04-02 11:56:56]     Test class counts:  [5, 5, 5, 5]
[2026-04-02 11:56:56] Building model with input window duration: 4.1875 s
[2026-04-02 11:56:56] Pretrained weight loading:
[2026-04-02 11:56:56]   Downloaded keys:        179
[2026-04-02 11:56:56]   Filtered (transformer): 172
[2026-04-02 11:56:56]   Filtered (pos_encoder): 0
[2026-04-02 11:56:56]   Keys to load:           7
[2026-04-02 11:56:56]   Missing keys:           4
[2026-04-02 11:56:56]   Unexpected keys:        0
[2026-04-02 11:56:56]   Missing preview:        ['spatial_conv.1.weight', 'spatial_conv.1.bias', 'final_layer.1.weight', 'final_layer.1.bias']
[2026-04-02 11:56:56]   Unexpected preview:     []
[2026-04-02 11:56:56] Encoder freeze configuration:
[2026-04-02 11:56:56]   Total parameters:        18,192
[2026-04-02 11:56:56]   Trainable parameters:    4,352
[2026-04-02 11:56:56]   Training percentage:     23.9%
[2026-04-02 11:56:56]   Trainable layers: 4
[2026-04-02 11:56:56]     - final_layer.1.bias
[2026-04-02 11:56:56]     - final_layer.1.weight
[2026-04-02 11:56:56]     - spatial_conv.1.bias
[2026-04-02 11:56:56]     - spatial_conv.1.weight
[2026-04-02 11:56:56]     Train generator seeded: True
[2026-04-02 11:57:01]     Stopped epoch:            570
[2026-04-02 11:57:01]     Best epoch (valid_loss):  520
[2026-04-02 11:57:01]     Best valid_loss:          1.233304738998413
[2026-04-02 11:57:01]     Test accuracy (primary):  0.7000
[2026-04-02 11:57:01]     Test balanced acc:        0.7000
[2026-04-02 11:57:01]     Confusion matrix:         [[4, 0, 0, 1], [2, 3, 0, 0], [0, 0, 4, 1], [2, 0, 0, 3]]
[2026-04-02 11:57:01]     Prediction histogram:     [8, 3, 4, 5]
[2026-04-02 11:57:01]     fold_acc=0.7000 fold_bal_acc=0.7000 cm=[[4, 0, 0, 1], [2, 3, 0, 0], [0, 0, 4, 1], [2, 0, 0, 3]]
[2026-04-02 11:57:01]   Subject 49 Fold 5 seed: 7913
[2026-04-02 11:57:01]   Subject 49 Fold 5: n_train=64 n_val=16 n_test=20
[2026-04-02 11:57:01]     Train class counts: [16, 16, 16, 16]
[2026-04-02 11:57:01]     Val class counts:   [4, 4, 4, 4]
[2026-04-02 11:57:01]     Test class counts:  [5, 5, 5, 5]
[2026-04-02 11:57:01] Building model with input window duration: 4.1875 s
[2026-04-02 11:57:01] Pretrained weight loading:
[2026-04-02 11:57:01]   Downloaded keys:        179
[2026-04-02 11:57:01]   Filtered (transformer): 172
[2026-04-02 11:57:01]   Filtered (pos_encoder): 0
[2026-04-02 11:57:01]   Keys to load:           7
[2026-04-02 11:57:01]   Missing keys:           4
[2026-04-02 11:57:01]   Unexpected keys:        0
[2026-04-02 11:57:01]   Missing preview:        ['spatial_conv.1.weight', 'spatial_conv.1.bias', 'final_layer.1.weight', 'final_layer.1.bias']
[2026-04-02 11:57:01]   Unexpected preview:     []
[2026-04-02 11:57:01] Encoder freeze configuration:
[2026-04-02 11:57:01]   Total parameters:        18,192
[2026-04-02 11:57:01]   Trainable parameters:    4,352
[2026-04-02 11:57:01]   Training percentage:     23.9%
[2026-04-02 11:57:01]   Trainable layers: 4
[2026-04-02 11:57:01]     - final_layer.1.bias
[2026-04-02 11:57:01]     - final_layer.1.weight
[2026-04-02 11:57:01]     - spatial_conv.1.bias
[2026-04-02 11:57:01]     - spatial_conv.1.weight
[2026-04-02 11:57:01]     Train generator seeded: True
[2026-04-02 11:57:09]     Stopped epoch:            880
[2026-04-02 11:57:09]     Best epoch (valid_loss):  830
[2026-04-02 11:57:09]     Best valid_loss:          0.7385681867599487
[2026-04-02 11:57:09]     Test accuracy (primary):  0.9500
[2026-04-02 11:57:09]     Test balanced acc:        0.9500
[2026-04-02 11:57:09]     Confusion matrix:         [[4, 0, 0, 1], [0, 5, 0, 0], [0, 0, 5, 0], [0, 0, 0, 5]]
[2026-04-02 11:57:09]     Prediction histogram:     [4, 5, 5, 6]
[2026-04-02 11:57:09]     fold_acc=0.9500 fold_bal_acc=0.9500 cm=[[4, 0, 0, 1], [0, 5, 0, 0], [0, 0, 5, 0], [0, 0, 0, 5]]
[2026-04-02 11:57:09]   Subject 49 mean accuracy: 0.8700

[2026-04-02 11:57:09] Subject 50: 100 windows class_counts=[25, 25, 25, 25]
[2026-04-02 11:57:09]   Fold 1 split seed: 3009
[2026-04-02 11:57:09]   Fold 1 split class counts:
[2026-04-02 11:57:09]     train=[16, 16, 16, 16] val=[4, 4, 4, 4] test=[5, 5, 5, 5]
[2026-04-02 11:57:09]   Fold 2 split seed: 3010
[2026-04-02 11:57:09]   Fold 2 split class counts:
[2026-04-02 11:57:09]     train=[16, 16, 16, 16] val=[4, 4, 4, 4] test=[5, 5, 5, 5]
[2026-04-02 11:57:09]   Fold 3 split seed: 3011
[2026-04-02 11:57:09]   Fold 3 split class counts:
[2026-04-02 11:57:09]     train=[16, 16, 16, 16] val=[4, 4, 4, 4] test=[5, 5, 5, 5]
[2026-04-02 11:57:09]   Fold 4 split seed: 3012
[2026-04-02 11:57:09]   Fold 4 split class counts:
[2026-04-02 11:57:09]     train=[16, 16, 16, 16] val=[4, 4, 4, 4] test=[5, 5, 5, 5]
[2026-04-02 11:57:09]   Fold 5 split seed: 3013
[2026-04-02 11:57:09]   Fold 5 split class counts:
[2026-04-02 11:57:09]     train=[16, 16, 16, 16] val=[4, 4, 4, 4] test=[5, 5, 5, 5]
[2026-04-02 11:57:09]   Subject 50 Fold 1 seed: 8009
[2026-04-02 11:57:09]   Subject 50 Fold 1: n_train=64 n_val=16 n_test=20
[2026-04-02 11:57:09]     Train class counts: [16, 16, 16, 16]
[2026-04-02 11:57:09]     Val class counts:   [4, 4, 4, 4]
[2026-04-02 11:57:09]     Test class counts:  [5, 5, 5, 5]
[2026-04-02 11:57:09] Building model with input window duration: 4.1875 s
[2026-04-02 11:57:09] Pretrained weight loading:
[2026-04-02 11:57:09]   Downloaded keys:        179
[2026-04-02 11:57:09]   Filtered (transformer): 172
[2026-04-02 11:57:09]   Filtered (pos_encoder): 0
[2026-04-02 11:57:09]   Keys to load:           7
[2026-04-02 11:57:09]   Missing keys:           4
[2026-04-02 11:57:09]   Unexpected keys:        0
[2026-04-02 11:57:09]   Missing preview:        ['spatial_conv.1.weight', 'spatial_conv.1.bias', 'final_layer.1.weight', 'final_layer.1.bias']
[2026-04-02 11:57:09]   Unexpected preview:     []
[2026-04-02 11:57:09] Encoder freeze configuration:
[2026-04-02 11:57:09]   Total parameters:        18,192
[2026-04-02 11:57:09]   Trainable parameters:    4,352
[2026-04-02 11:57:09]   Training percentage:     23.9%
[2026-04-02 11:57:09]   Trainable layers: 4
[2026-04-02 11:57:09]     - final_layer.1.bias
[2026-04-02 11:57:09]     - final_layer.1.weight
[2026-04-02 11:57:09]     - spatial_conv.1.bias
[2026-04-02 11:57:09]     - spatial_conv.1.weight
[2026-04-02 11:57:09]     Train generator seeded: True
[2026-04-02 11:57:24]     Stopped epoch:            1680
[2026-04-02 11:57:24]     Best epoch (valid_loss):  1630
[2026-04-02 11:57:24]     Best valid_loss:          0.5194477438926697
[2026-04-02 11:57:24]     Test accuracy (primary):  0.9500
[2026-04-02 11:57:24]     Test balanced acc:        0.9500
[2026-04-02 11:57:24]     Confusion matrix:         [[5, 0, 0, 0], [0, 5, 0, 0], [0, 0, 4, 1], [0, 0, 0, 5]]
[2026-04-02 11:57:24]     Prediction histogram:     [5, 5, 4, 6]
[2026-04-02 11:57:24]     fold_acc=0.9500 fold_bal_acc=0.9500 cm=[[5, 0, 0, 0], [0, 5, 0, 0], [0, 0, 4, 1], [0, 0, 0, 5]]
[2026-04-02 11:57:24]   Subject 50 Fold 2 seed: 8010
[2026-04-02 11:57:24]   Subject 50 Fold 2: n_train=64 n_val=16 n_test=20
[2026-04-02 11:57:24]     Train class counts: [16, 16, 16, 16]
[2026-04-02 11:57:24]     Val class counts:   [4, 4, 4, 4]
[2026-04-02 11:57:24]     Test class counts:  [5, 5, 5, 5]
[2026-04-02 11:57:24] Building model with input window duration: 4.1875 s
[2026-04-02 11:57:24] Pretrained weight loading:
[2026-04-02 11:57:24]   Downloaded keys:        179
[2026-04-02 11:57:24]   Filtered (transformer): 172
[2026-04-02 11:57:24]   Filtered (pos_encoder): 0
[2026-04-02 11:57:24]   Keys to load:           7
[2026-04-02 11:57:24]   Missing keys:           4
[2026-04-02 11:57:24]   Unexpected keys:        0
[2026-04-02 11:57:24]   Missing preview:        ['spatial_conv.1.weight', 'spatial_conv.1.bias', 'final_layer.1.weight', 'final_layer.1.bias']
[2026-04-02 11:57:24]   Unexpected preview:     []
[2026-04-02 11:57:24] Encoder freeze configuration:
[2026-04-02 11:57:24]   Total parameters:        18,192
[2026-04-02 11:57:24]   Trainable parameters:    4,352
[2026-04-02 11:57:24]   Training percentage:     23.9%
[2026-04-02 11:57:24]   Trainable layers: 4
[2026-04-02 11:57:24]     - final_layer.1.bias
[2026-04-02 11:57:24]     - final_layer.1.weight
[2026-04-02 11:57:24]     - spatial_conv.1.bias
[2026-04-02 11:57:24]     - spatial_conv.1.weight
[2026-04-02 11:57:24]     Train generator seeded: True
[2026-04-02 11:57:53]     Stopped epoch:            3182
[2026-04-02 11:57:53]     Best epoch (valid_loss):  3132
[2026-04-02 11:57:53]     Best valid_loss:          0.33302468061447144
[2026-04-02 11:57:53]     Test accuracy (primary):  0.6000
[2026-04-02 11:57:53]     Test balanced acc:        0.6000
[2026-04-02 11:57:53]     Confusion matrix:         [[2, 0, 2, 1], [0, 3, 2, 0], [0, 0, 5, 0], [0, 0, 3, 2]]
[2026-04-02 11:57:53]     Prediction histogram:     [2, 3, 12, 3]
[2026-04-02 11:57:53]     fold_acc=0.6000 fold_bal_acc=0.6000 cm=[[2, 0, 2, 1], [0, 3, 2, 0], [0, 0, 5, 0], [0, 0, 3, 2]]
[2026-04-02 11:57:53]   Subject 50 Fold 3 seed: 8011
[2026-04-02 11:57:53]   Subject 50 Fold 3: n_train=64 n_val=16 n_test=20
[2026-04-02 11:57:53]     Train class counts: [16, 16, 16, 16]
[2026-04-02 11:57:53]     Val class counts:   [4, 4, 4, 4]
[2026-04-02 11:57:53]     Test class counts:  [5, 5, 5, 5]
[2026-04-02 11:57:53] Building model with input window duration: 4.1875 s
[2026-04-02 11:57:53] Pretrained weight loading:
[2026-04-02 11:57:53]   Downloaded keys:        179
[2026-04-02 11:57:53]   Filtered (transformer): 172
[2026-04-02 11:57:53]   Filtered (pos_encoder): 0
[2026-04-02 11:57:53]   Keys to load:           7
[2026-04-02 11:57:53]   Missing keys:           4
[2026-04-02 11:57:53]   Unexpected keys:        0
[2026-04-02 11:57:53]   Missing preview:        ['spatial_conv.1.weight', 'spatial_conv.1.bias', 'final_layer.1.weight', 'final_layer.1.bias']
[2026-04-02 11:57:53]   Unexpected preview:     []
[2026-04-02 11:57:53] Encoder freeze configuration:
[2026-04-02 11:57:53]   Total parameters:        18,192
[2026-04-02 11:57:53]   Trainable parameters:    4,352
[2026-04-02 11:57:53]   Training percentage:     23.9%
[2026-04-02 11:57:53]   Trainable layers: 4
[2026-04-02 11:57:53]     - final_layer.1.bias
[2026-04-02 11:57:53]     - final_layer.1.weight
[2026-04-02 11:57:53]     - spatial_conv.1.bias
[2026-04-02 11:57:53]     - spatial_conv.1.weight
[2026-04-02 11:57:53]     Train generator seeded: True
[2026-04-02 11:58:27]     Stopped epoch:            3775
[2026-04-02 11:58:27]     Best epoch (valid_loss):  3770
[2026-04-02 11:58:27]     Best valid_loss:          0.22921010851860046
[2026-04-02 11:58:27]     Test accuracy (primary):  0.9500
[2026-04-02 11:58:27]     Test balanced acc:        0.9500
[2026-04-02 11:58:27]     Confusion matrix:         [[4, 0, 1, 0], [0, 5, 0, 0], [0, 0, 5, 0], [0, 0, 0, 5]]
[2026-04-02 11:58:27]     Prediction histogram:     [4, 5, 6, 5]
[2026-04-02 11:58:27]     fold_acc=0.9500 fold_bal_acc=0.9500 cm=[[4, 0, 1, 0], [0, 5, 0, 0], [0, 0, 5, 0], [0, 0, 0, 5]]
[2026-04-02 11:58:27]   Subject 50 Fold 4 seed: 8012
[2026-04-02 11:58:27]   Subject 50 Fold 4: n_train=64 n_val=16 n_test=20
[2026-04-02 11:58:27]     Train class counts: [16, 16, 16, 16]
[2026-04-02 11:58:27]     Val class counts:   [4, 4, 4, 4]
[2026-04-02 11:58:27]     Test class counts:  [5, 5, 5, 5]
[2026-04-02 11:58:27] Building model with input window duration: 4.1875 s
[2026-04-02 11:58:27] Pretrained weight loading:
[2026-04-02 11:58:27]   Downloaded keys:        179
[2026-04-02 11:58:27]   Filtered (transformer): 172
[2026-04-02 11:58:27]   Filtered (pos_encoder): 0
[2026-04-02 11:58:27]   Keys to load:           7
[2026-04-02 11:58:27]   Missing keys:           4
[2026-04-02 11:58:27]   Unexpected keys:        0
[2026-04-02 11:58:27]   Missing preview:        ['spatial_conv.1.weight', 'spatial_conv.1.bias', 'final_layer.1.weight', 'final_layer.1.bias']
[2026-04-02 11:58:27]   Unexpected preview:     []
[2026-04-02 11:58:27] Encoder freeze configuration:
[2026-04-02 11:58:27]   Total parameters:        18,192
[2026-04-02 11:58:27]   Trainable parameters:    4,352
[2026-04-02 11:58:27]   Training percentage:     23.9%
[2026-04-02 11:58:27]   Trainable layers: 4
[2026-04-02 11:58:27]     - final_layer.1.bias
[2026-04-02 11:58:27]     - final_layer.1.weight
[2026-04-02 11:58:27]     - spatial_conv.1.bias
[2026-04-02 11:58:27]     - spatial_conv.1.weight
[2026-04-02 11:58:27]     Train generator seeded: True
[2026-04-02 11:58:45]     Stopped epoch:            2011
[2026-04-02 11:58:45]     Best epoch (valid_loss):  1961
[2026-04-02 11:58:45]     Best valid_loss:          0.1316145956516266
[2026-04-02 11:58:45]     Test accuracy (primary):  0.9500
[2026-04-02 11:58:45]     Test balanced acc:        0.9500
[2026-04-02 11:58:45]     Confusion matrix:         [[5, 0, 0, 0], [0, 4, 1, 0], [0, 0, 5, 0], [0, 0, 0, 5]]
[2026-04-02 11:58:45]     Prediction histogram:     [5, 4, 6, 5]
[2026-04-02 11:58:45]     fold_acc=0.9500 fold_bal_acc=0.9500 cm=[[5, 0, 0, 0], [0, 4, 1, 0], [0, 0, 5, 0], [0, 0, 0, 5]]
[2026-04-02 11:58:45]   Subject 50 Fold 5 seed: 8013
[2026-04-02 11:58:45]   Subject 50 Fold 5: n_train=64 n_val=16 n_test=20
[2026-04-02 11:58:45]     Train class counts: [16, 16, 16, 16]
[2026-04-02 11:58:45]     Val class counts:   [4, 4, 4, 4]
[2026-04-02 11:58:45]     Test class counts:  [5, 5, 5, 5]
[2026-04-02 11:58:45] Building model with input window duration: 4.1875 s
[2026-04-02 11:58:45] Pretrained weight loading:
[2026-04-02 11:58:45]   Downloaded keys:        179
[2026-04-02 11:58:45]   Filtered (transformer): 172
[2026-04-02 11:58:45]   Filtered (pos_encoder): 0
[2026-04-02 11:58:45]   Keys to load:           7
[2026-04-02 11:58:45]   Missing keys:           4
[2026-04-02 11:58:45]   Unexpected keys:        0
[2026-04-02 11:58:45]   Missing preview:        ['spatial_conv.1.weight', 'spatial_conv.1.bias', 'final_layer.1.weight', 'final_layer.1.bias']
[2026-04-02 11:58:45]   Unexpected preview:     []
[2026-04-02 11:58:45] Encoder freeze configuration:
[2026-04-02 11:58:45]   Total parameters:        18,192
[2026-04-02 11:58:45]   Trainable parameters:    4,352
[2026-04-02 11:58:45]   Training percentage:     23.9%
[2026-04-02 11:58:45]   Trainable layers: 4
[2026-04-02 11:58:45]     - final_layer.1.bias
[2026-04-02 11:58:45]     - final_layer.1.weight
[2026-04-02 11:58:45]     - spatial_conv.1.bias
[2026-04-02 11:58:45]     - spatial_conv.1.weight
[2026-04-02 11:58:45]     Train generator seeded: True
[2026-04-02 11:59:31]     Stopped epoch:            5000
[2026-04-02 11:59:31]     Best epoch (valid_loss):  5000
[2026-04-02 11:59:31]     Best valid_loss:          0.11210689693689346
[2026-04-02 11:59:31]     Test accuracy (primary):  0.9000
[2026-04-02 11:59:31]     Test balanced acc:        0.9000
[2026-04-02 11:59:31]     Confusion matrix:         [[3, 0, 0, 2], [0, 5, 0, 0], [0, 0, 5, 0], [0, 0, 0, 5]]
[2026-04-02 11:59:31]     Prediction histogram:     [3, 5, 5, 7]
[2026-04-02 11:59:31]     fold_acc=0.9000 fold_bal_acc=0.9000 cm=[[3, 0, 0, 2], [0, 5, 0, 0], [0, 0, 5, 0], [0, 0, 0, 5]]
[2026-04-02 11:59:31]   Subject 50 mean accuracy: 0.8700

[2026-04-02 11:59:31] Subject 51: 100 windows class_counts=[25, 25, 25, 25]
[2026-04-02 11:59:31]   Fold 1 split seed: 3009
[2026-04-02 11:59:31]   Fold 1 split class counts:
[2026-04-02 11:59:31]     train=[16, 16, 16, 16] val=[4, 4, 4, 4] test=[5, 5, 5, 5]
[2026-04-02 11:59:31]   Fold 2 split seed: 3010
[2026-04-02 11:59:31]   Fold 2 split class counts:
[2026-04-02 11:59:31]     train=[16, 16, 16, 16] val=[4, 4, 4, 4] test=[5, 5, 5, 5]
[2026-04-02 11:59:31]   Fold 3 split seed: 3011
[2026-04-02 11:59:31]   Fold 3 split class counts:
[2026-04-02 11:59:31]     train=[16, 16, 16, 16] val=[4, 4, 4, 4] test=[5, 5, 5, 5]
[2026-04-02 11:59:31]   Fold 4 split seed: 3012
[2026-04-02 11:59:31]   Fold 4 split class counts:
[2026-04-02 11:59:31]     train=[16, 16, 16, 16] val=[4, 4, 4, 4] test=[5, 5, 5, 5]
[2026-04-02 11:59:31]   Fold 5 split seed: 3013
[2026-04-02 11:59:31]   Fold 5 split class counts:
[2026-04-02 11:59:31]     train=[16, 16, 16, 16] val=[4, 4, 4, 4] test=[5, 5, 5, 5]
[2026-04-02 11:59:31]   Subject 51 Fold 1 seed: 8109
[2026-04-02 11:59:31]   Subject 51 Fold 1: n_train=64 n_val=16 n_test=20
[2026-04-02 11:59:31]     Train class counts: [16, 16, 16, 16]
[2026-04-02 11:59:31]     Val class counts:   [4, 4, 4, 4]
[2026-04-02 11:59:31]     Test class counts:  [5, 5, 5, 5]
[2026-04-02 11:59:31] Building model with input window duration: 4.1875 s
[2026-04-02 11:59:31] Pretrained weight loading:
[2026-04-02 11:59:31]   Downloaded keys:        179
[2026-04-02 11:59:31]   Filtered (transformer): 172
[2026-04-02 11:59:31]   Filtered (pos_encoder): 0
[2026-04-02 11:59:31]   Keys to load:           7
[2026-04-02 11:59:31]   Missing keys:           4
[2026-04-02 11:59:31]   Unexpected keys:        0
[2026-04-02 11:59:31]   Missing preview:        ['spatial_conv.1.weight', 'spatial_conv.1.bias', 'final_layer.1.weight', 'final_layer.1.bias']
[2026-04-02 11:59:31]   Unexpected preview:     []
[2026-04-02 11:59:31] Encoder freeze configuration:
[2026-04-02 11:59:31]   Total parameters:        18,192
[2026-04-02 11:59:31]   Trainable parameters:    4,352
[2026-04-02 11:59:31]   Training percentage:     23.9%
[2026-04-02 11:59:31]   Trainable layers: 4
[2026-04-02 11:59:31]     - final_layer.1.bias
[2026-04-02 11:59:31]     - final_layer.1.weight
[2026-04-02 11:59:31]     - spatial_conv.1.bias
[2026-04-02 11:59:31]     - spatial_conv.1.weight
[2026-04-02 11:59:31]     Train generator seeded: True
[2026-04-02 11:59:32]     Stopped epoch:            118
[2026-04-02 11:59:32]     Best epoch (valid_loss):  68
[2026-04-02 11:59:32]     Best valid_loss:          1.3458075523376465
[2026-04-02 11:59:32]     Test accuracy (primary):  0.3500
[2026-04-02 11:59:32]     Test balanced acc:        0.3500
[2026-04-02 11:59:32]     Confusion matrix:         [[2, 1, 2, 0], [2, 1, 1, 1], [3, 2, 0, 0], [1, 0, 0, 4]]
[2026-04-02 11:59:32]     Prediction histogram:     [8, 4, 3, 5]
[2026-04-02 11:59:32]     fold_acc=0.3500 fold_bal_acc=0.3500 cm=[[2, 1, 2, 0], [2, 1, 1, 1], [3, 2, 0, 0], [1, 0, 0, 4]]
[2026-04-02 11:59:32]   Subject 51 Fold 2 seed: 8110
[2026-04-02 11:59:32]   Subject 51 Fold 2: n_train=64 n_val=16 n_test=20
[2026-04-02 11:59:32]     Train class counts: [16, 16, 16, 16]
[2026-04-02 11:59:32]     Val class counts:   [4, 4, 4, 4]
[2026-04-02 11:59:32]     Test class counts:  [5, 5, 5, 5]
[2026-04-02 11:59:32] Building model with input window duration: 4.1875 s
[2026-04-02 11:59:32] Pretrained weight loading:
[2026-04-02 11:59:32]   Downloaded keys:        179
[2026-04-02 11:59:32]   Filtered (transformer): 172
[2026-04-02 11:59:32]   Filtered (pos_encoder): 0
[2026-04-02 11:59:32]   Keys to load:           7
[2026-04-02 11:59:32]   Missing keys:           4
[2026-04-02 11:59:32]   Unexpected keys:        0
[2026-04-02 11:59:32]   Missing preview:        ['spatial_conv.1.weight', 'spatial_conv.1.bias', 'final_layer.1.weight', 'final_layer.1.bias']
[2026-04-02 11:59:32]   Unexpected preview:     []
[2026-04-02 11:59:32] Encoder freeze configuration:
[2026-04-02 11:59:32]   Total parameters:        18,192
[2026-04-02 11:59:32]   Trainable parameters:    4,352
[2026-04-02 11:59:32]   Training percentage:     23.9%
[2026-04-02 11:59:32]   Trainable layers: 4
[2026-04-02 11:59:32]     - final_layer.1.bias
[2026-04-02 11:59:32]     - final_layer.1.weight
[2026-04-02 11:59:32]     - spatial_conv.1.bias
[2026-04-02 11:59:32]     - spatial_conv.1.weight
[2026-04-02 11:59:32]     Train generator seeded: True
[2026-04-02 11:59:33]     Stopped epoch:            99
[2026-04-02 11:59:33]     Best epoch (valid_loss):  49
[2026-04-02 11:59:33]     Best valid_loss:          1.3691924810409546
[2026-04-02 11:59:33]     Test accuracy (primary):  0.3000
[2026-04-02 11:59:33]     Test balanced acc:        0.3000
[2026-04-02 11:59:33]     Confusion matrix:         [[2, 1, 1, 1], [3, 0, 2, 0], [1, 2, 2, 0], [1, 1, 1, 2]]
[2026-04-02 11:59:33]     Prediction histogram:     [7, 4, 6, 3]
[2026-04-02 11:59:33]     fold_acc=0.3000 fold_bal_acc=0.3000 cm=[[2, 1, 1, 1], [3, 0, 2, 0], [1, 2, 2, 0], [1, 1, 1, 2]]
[2026-04-02 11:59:33]   Subject 51 Fold 3 seed: 8111
[2026-04-02 11:59:33]   Subject 51 Fold 3: n_train=64 n_val=16 n_test=20
[2026-04-02 11:59:33]     Train class counts: [16, 16, 16, 16]
[2026-04-02 11:59:33]     Val class counts:   [4, 4, 4, 4]
[2026-04-02 11:59:33]     Test class counts:  [5, 5, 5, 5]
[2026-04-02 11:59:33] Building model with input window duration: 4.1875 s
[2026-04-02 11:59:33] Pretrained weight loading:
[2026-04-02 11:59:33]   Downloaded keys:        179
[2026-04-02 11:59:33]   Filtered (transformer): 172
[2026-04-02 11:59:33]   Filtered (pos_encoder): 0
[2026-04-02 11:59:33]   Keys to load:           7
[2026-04-02 11:59:33]   Missing keys:           4
[2026-04-02 11:59:33]   Unexpected keys:        0
[2026-04-02 11:59:33]   Missing preview:        ['spatial_conv.1.weight', 'spatial_conv.1.bias', 'final_layer.1.weight', 'final_layer.1.bias']
[2026-04-02 11:59:33]   Unexpected preview:     []
[2026-04-02 11:59:33] Encoder freeze configuration:
[2026-04-02 11:59:33]   Total parameters:        18,192
[2026-04-02 11:59:33]   Trainable parameters:    4,352
[2026-04-02 11:59:33]   Training percentage:     23.9%
[2026-04-02 11:59:33]   Trainable layers: 4
[2026-04-02 11:59:33]     - final_layer.1.bias
[2026-04-02 11:59:33]     - final_layer.1.weight
[2026-04-02 11:59:33]     - spatial_conv.1.bias
[2026-04-02 11:59:33]     - spatial_conv.1.weight
[2026-04-02 11:59:33]     Train generator seeded: True
[2026-04-02 11:59:34]     Stopped epoch:            102
[2026-04-02 11:59:34]     Best epoch (valid_loss):  52
[2026-04-02 11:59:34]     Best valid_loss:          1.3714563846588135
[2026-04-02 11:59:34]     Test accuracy (primary):  0.4000
[2026-04-02 11:59:34]     Test balanced acc:        0.4000
[2026-04-02 11:59:34]     Confusion matrix:         [[3, 2, 0, 0], [2, 0, 3, 0], [1, 2, 2, 0], [1, 1, 0, 3]]
[2026-04-02 11:59:34]     Prediction histogram:     [7, 5, 5, 3]
[2026-04-02 11:59:34]     fold_acc=0.4000 fold_bal_acc=0.4000 cm=[[3, 2, 0, 0], [2, 0, 3, 0], [1, 2, 2, 0], [1, 1, 0, 3]]
[2026-04-02 11:59:34]   Subject 51 Fold 4 seed: 8112
[2026-04-02 11:59:34]   Subject 51 Fold 4: n_train=64 n_val=16 n_test=20
[2026-04-02 11:59:34]     Train class counts: [16, 16, 16, 16]
[2026-04-02 11:59:34]     Val class counts:   [4, 4, 4, 4]
[2026-04-02 11:59:34]     Test class counts:  [5, 5, 5, 5]
[2026-04-02 11:59:34] Building model with input window duration: 4.1875 s
[2026-04-02 11:59:34] Pretrained weight loading:
[2026-04-02 11:59:34]   Downloaded keys:        179
[2026-04-02 11:59:34]   Filtered (transformer): 172
[2026-04-02 11:59:34]   Filtered (pos_encoder): 0
[2026-04-02 11:59:34]   Keys to load:           7
[2026-04-02 11:59:34]   Missing keys:           4
[2026-04-02 11:59:34]   Unexpected keys:        0
[2026-04-02 11:59:34]   Missing preview:        ['spatial_conv.1.weight', 'spatial_conv.1.bias', 'final_layer.1.weight', 'final_layer.1.bias']
[2026-04-02 11:59:34]   Unexpected preview:     []
[2026-04-02 11:59:34] Encoder freeze configuration:
[2026-04-02 11:59:34]   Total parameters:        18,192
[2026-04-02 11:59:34]   Trainable parameters:    4,352
[2026-04-02 11:59:34]   Training percentage:     23.9%
[2026-04-02 11:59:34]   Trainable layers: 4
[2026-04-02 11:59:34]     - final_layer.1.bias
[2026-04-02 11:59:34]     - final_layer.1.weight
[2026-04-02 11:59:34]     - spatial_conv.1.bias
[2026-04-02 11:59:34]     - spatial_conv.1.weight
[2026-04-02 11:59:34]     Train generator seeded: True
[2026-04-02 11:59:37]     Stopped epoch:            329
[2026-04-02 11:59:37]     Best epoch (valid_loss):  287
[2026-04-02 11:59:37]     Best valid_loss:          1.2759093046188354
[2026-04-02 11:59:37]     Test accuracy (primary):  0.2000
[2026-04-02 11:59:37]     Test balanced acc:        0.2000
[2026-04-02 11:59:37]     Confusion matrix:         [[2, 0, 2, 1], [3, 0, 0, 2], [1, 2, 1, 1], [1, 2, 1, 1]]
[2026-04-02 11:59:37]     Prediction histogram:     [7, 4, 4, 5]
[2026-04-02 11:59:37]     fold_acc=0.2000 fold_bal_acc=0.2000 cm=[[2, 0, 2, 1], [3, 0, 0, 2], [1, 2, 1, 1], [1, 2, 1, 1]]
[2026-04-02 11:59:37]   Subject 51 Fold 5 seed: 8113
[2026-04-02 11:59:37]   Subject 51 Fold 5: n_train=64 n_val=16 n_test=20
[2026-04-02 11:59:37]     Train class counts: [16, 16, 16, 16]
[2026-04-02 11:59:37]     Val class counts:   [4, 4, 4, 4]
[2026-04-02 11:59:37]     Test class counts:  [5, 5, 5, 5]
[2026-04-02 11:59:37] Building model with input window duration: 4.1875 s
[2026-04-02 11:59:37] Pretrained weight loading:
[2026-04-02 11:59:37]   Downloaded keys:        179
[2026-04-02 11:59:37]   Filtered (transformer): 172
[2026-04-02 11:59:37]   Filtered (pos_encoder): 0
[2026-04-02 11:59:37]   Keys to load:           7
[2026-04-02 11:59:37]   Missing keys:           4
[2026-04-02 11:59:37]   Unexpected keys:        0
[2026-04-02 11:59:37]   Missing preview:        ['spatial_conv.1.weight', 'spatial_conv.1.bias', 'final_layer.1.weight', 'final_layer.1.bias']
[2026-04-02 11:59:37]   Unexpected preview:     []
[2026-04-02 11:59:37] Encoder freeze configuration:
[2026-04-02 11:59:37]   Total parameters:        18,192
[2026-04-02 11:59:37]   Trainable parameters:    4,352
[2026-04-02 11:59:37]   Training percentage:     23.9%
[2026-04-02 11:59:37]   Trainable layers: 4
[2026-04-02 11:59:37]     - final_layer.1.bias
[2026-04-02 11:59:37]     - final_layer.1.weight
[2026-04-02 11:59:37]     - spatial_conv.1.bias
[2026-04-02 11:59:37]     - spatial_conv.1.weight
[2026-04-02 11:59:37]     Train generator seeded: True
[2026-04-02 11:59:37]     Stopped epoch:            74
[2026-04-02 11:59:37]     Best epoch (valid_loss):  27
[2026-04-02 11:59:37]     Best valid_loss:          1.3871455192565918
[2026-04-02 11:59:37]     Test accuracy (primary):  0.5000
[2026-04-02 11:59:37]     Test balanced acc:        0.5000
[2026-04-02 11:59:37]     Confusion matrix:         [[3, 1, 0, 1], [0, 3, 1, 1], [1, 2, 2, 0], [1, 2, 0, 2]]
[2026-04-02 11:59:37]     Prediction histogram:     [5, 8, 3, 4]
[2026-04-02 11:59:37]     fold_acc=0.5000 fold_bal_acc=0.5000 cm=[[3, 1, 0, 1], [0, 3, 1, 1], [1, 2, 2, 0], [1, 2, 0, 2]]
[2026-04-02 11:59:37]   Subject 51 mean accuracy: 0.3500

[2026-04-02 11:59:37] Subject 52: 100 windows class_counts=[25, 25, 25, 25]
[2026-04-02 11:59:37]   Fold 1 split seed: 3009
[2026-04-02 11:59:37]   Fold 1 split class counts:
[2026-04-02 11:59:37]     train=[16, 16, 16, 16] val=[4, 4, 4, 4] test=[5, 5, 5, 5]
[2026-04-02 11:59:37]   Fold 2 split seed: 3010
[2026-04-02 11:59:37]   Fold 2 split class counts:
[2026-04-02 11:59:37]     train=[16, 16, 16, 16] val=[4, 4, 4, 4] test=[5, 5, 5, 5]
[2026-04-02 11:59:37]   Fold 3 split seed: 3011
[2026-04-02 11:59:37]   Fold 3 split class counts:
[2026-04-02 11:59:37]     train=[16, 16, 16, 16] val=[4, 4, 4, 4] test=[5, 5, 5, 5]
[2026-04-02 11:59:37]   Fold 4 split seed: 3012
[2026-04-02 11:59:37]   Fold 4 split class counts:
[2026-04-02 11:59:37]     train=[16, 16, 16, 16] val=[4, 4, 4, 4] test=[5, 5, 5, 5]
[2026-04-02 11:59:37]   Fold 5 split seed: 3013
[2026-04-02 11:59:37]   Fold 5 split class counts:
[2026-04-02 11:59:37]     train=[16, 16, 16, 16] val=[4, 4, 4, 4] test=[5, 5, 5, 5]
[2026-04-02 11:59:37]   Subject 52 Fold 1 seed: 8209
[2026-04-02 11:59:37]   Subject 52 Fold 1: n_train=64 n_val=16 n_test=20
[2026-04-02 11:59:37]     Train class counts: [16, 16, 16, 16]
[2026-04-02 11:59:37]     Val class counts:   [4, 4, 4, 4]
[2026-04-02 11:59:37]     Test class counts:  [5, 5, 5, 5]
[2026-04-02 11:59:37] Building model with input window duration: 4.1875 s
[2026-04-02 11:59:37] Pretrained weight loading:
[2026-04-02 11:59:37]   Downloaded keys:        179
[2026-04-02 11:59:37]   Filtered (transformer): 172
[2026-04-02 11:59:37]   Filtered (pos_encoder): 0
[2026-04-02 11:59:37]   Keys to load:           7
[2026-04-02 11:59:37]   Missing keys:           4
[2026-04-02 11:59:37]   Unexpected keys:        0
[2026-04-02 11:59:37]   Missing preview:        ['spatial_conv.1.weight', 'spatial_conv.1.bias', 'final_layer.1.weight', 'final_layer.1.bias']
[2026-04-02 11:59:37]   Unexpected preview:     []
[2026-04-02 11:59:37] Encoder freeze configuration:
[2026-04-02 11:59:37]   Total parameters:        18,192
[2026-04-02 11:59:37]   Trainable parameters:    4,352
[2026-04-02 11:59:37]   Training percentage:     23.9%
[2026-04-02 11:59:37]   Trainable layers: 4
[2026-04-02 11:59:37]     - final_layer.1.bias
[2026-04-02 11:59:37]     - final_layer.1.weight
[2026-04-02 11:59:37]     - spatial_conv.1.bias
[2026-04-02 11:59:37]     - spatial_conv.1.weight
[2026-04-02 11:59:37]     Train generator seeded: True
[2026-04-02 11:59:55]     Stopped epoch:            2040
[2026-04-02 11:59:55]     Best epoch (valid_loss):  1990
[2026-04-02 11:59:55]     Best valid_loss:          0.2873229682445526
[2026-04-02 11:59:55]     Test accuracy (primary):  0.8500
[2026-04-02 11:59:55]     Test balanced acc:        0.8500
[2026-04-02 11:59:55]     Confusion matrix:         [[2, 1, 0, 2], [0, 5, 0, 0], [0, 0, 5, 0], [0, 0, 0, 5]]
[2026-04-02 11:59:55]     Prediction histogram:     [2, 6, 5, 7]
[2026-04-02 11:59:55]     fold_acc=0.8500 fold_bal_acc=0.8500 cm=[[2, 1, 0, 2], [0, 5, 0, 0], [0, 0, 5, 0], [0, 0, 0, 5]]
[2026-04-02 11:59:55]   Subject 52 Fold 2 seed: 8210
[2026-04-02 11:59:55]   Subject 52 Fold 2: n_train=64 n_val=16 n_test=20
[2026-04-02 11:59:55]     Train class counts: [16, 16, 16, 16]
[2026-04-02 11:59:55]     Val class counts:   [4, 4, 4, 4]
[2026-04-02 11:59:55]     Test class counts:  [5, 5, 5, 5]
[2026-04-02 11:59:55] Building model with input window duration: 4.1875 s
[2026-04-02 11:59:55] Pretrained weight loading:
[2026-04-02 11:59:55]   Downloaded keys:        179
[2026-04-02 11:59:55]   Filtered (transformer): 172
[2026-04-02 11:59:55]   Filtered (pos_encoder): 0
[2026-04-02 11:59:55]   Keys to load:           7
[2026-04-02 11:59:55]   Missing keys:           4
[2026-04-02 11:59:55]   Unexpected keys:        0
[2026-04-02 11:59:55]   Missing preview:        ['spatial_conv.1.weight', 'spatial_conv.1.bias', 'final_layer.1.weight', 'final_layer.1.bias']
[2026-04-02 11:59:55]   Unexpected preview:     []
[2026-04-02 11:59:55] Encoder freeze configuration:
[2026-04-02 11:59:55]   Total parameters:        18,192
[2026-04-02 11:59:55]   Trainable parameters:    4,352
[2026-04-02 11:59:55]   Training percentage:     23.9%
[2026-04-02 11:59:55]   Trainable layers: 4
[2026-04-02 11:59:55]     - final_layer.1.bias
[2026-04-02 11:59:55]     - final_layer.1.weight
[2026-04-02 11:59:55]     - spatial_conv.1.bias
[2026-04-02 11:59:55]     - spatial_conv.1.weight
[2026-04-02 11:59:55]     Train generator seeded: True
[2026-04-02 12:00:27]     Stopped epoch:            3558
[2026-04-02 12:00:27]     Best epoch (valid_loss):  3516
[2026-04-02 12:00:27]     Best valid_loss:          0.06850137561559677
[2026-04-02 12:00:27]     Test accuracy (primary):  1.0000
[2026-04-02 12:00:27]     Test balanced acc:        1.0000
[2026-04-02 12:00:27]     Confusion matrix:         [[5, 0, 0, 0], [0, 5, 0, 0], [0, 0, 5, 0], [0, 0, 0, 5]]
[2026-04-02 12:00:27]     Prediction histogram:     [5, 5, 5, 5]
[2026-04-02 12:00:27]     fold_acc=1.0000 fold_bal_acc=1.0000 cm=[[5, 0, 0, 0], [0, 5, 0, 0], [0, 0, 5, 0], [0, 0, 0, 5]]
[2026-04-02 12:00:27]   Subject 52 Fold 3 seed: 8211
[2026-04-02 12:00:27]   Subject 52 Fold 3: n_train=64 n_val=16 n_test=20
[2026-04-02 12:00:27]     Train class counts: [16, 16, 16, 16]
[2026-04-02 12:00:27]     Val class counts:   [4, 4, 4, 4]
[2026-04-02 12:00:27]     Test class counts:  [5, 5, 5, 5]
[2026-04-02 12:00:27] Building model with input window duration: 4.1875 s
[2026-04-02 12:00:27] Pretrained weight loading:
[2026-04-02 12:00:27]   Downloaded keys:        179
[2026-04-02 12:00:27]   Filtered (transformer): 172
[2026-04-02 12:00:27]   Filtered (pos_encoder): 0
[2026-04-02 12:00:27]   Keys to load:           7
[2026-04-02 12:00:27]   Missing keys:           4
[2026-04-02 12:00:27]   Unexpected keys:        0
[2026-04-02 12:00:27]   Missing preview:        ['spatial_conv.1.weight', 'spatial_conv.1.bias', 'final_layer.1.weight', 'final_layer.1.bias']
[2026-04-02 12:00:27]   Unexpected preview:     []
[2026-04-02 12:00:27] Encoder freeze configuration:
[2026-04-02 12:00:27]   Total parameters:        18,192
[2026-04-02 12:00:27]   Trainable parameters:    4,352
[2026-04-02 12:00:27]   Training percentage:     23.9%
[2026-04-02 12:00:27]   Trainable layers: 4
[2026-04-02 12:00:27]     - final_layer.1.bias
[2026-04-02 12:00:27]     - final_layer.1.weight
[2026-04-02 12:00:27]     - spatial_conv.1.bias
[2026-04-02 12:00:27]     - spatial_conv.1.weight
[2026-04-02 12:00:27]     Train generator seeded: True
[2026-04-02 12:00:55]     Stopped epoch:            3123
[2026-04-02 12:00:55]     Best epoch (valid_loss):  3073
[2026-04-02 12:00:55]     Best valid_loss:          0.11080615222454071
[2026-04-02 12:00:55]     Test accuracy (primary):  0.9500
[2026-04-02 12:00:55]     Test balanced acc:        0.9500
[2026-04-02 12:00:55]     Confusion matrix:         [[4, 0, 0, 1], [0, 5, 0, 0], [0, 0, 5, 0], [0, 0, 0, 5]]
[2026-04-02 12:00:55]     Prediction histogram:     [4, 5, 5, 6]
[2026-04-02 12:00:55]     fold_acc=0.9500 fold_bal_acc=0.9500 cm=[[4, 0, 0, 1], [0, 5, 0, 0], [0, 0, 5, 0], [0, 0, 0, 5]]
[2026-04-02 12:00:55]   Subject 52 Fold 4 seed: 8212
[2026-04-02 12:00:55]   Subject 52 Fold 4: n_train=64 n_val=16 n_test=20
[2026-04-02 12:00:55]     Train class counts: [16, 16, 16, 16]
[2026-04-02 12:00:55]     Val class counts:   [4, 4, 4, 4]
[2026-04-02 12:00:55]     Test class counts:  [5, 5, 5, 5]
[2026-04-02 12:00:55] Building model with input window duration: 4.1875 s
[2026-04-02 12:00:55] Pretrained weight loading:
[2026-04-02 12:00:55]   Downloaded keys:        179
[2026-04-02 12:00:55]   Filtered (transformer): 172
[2026-04-02 12:00:55]   Filtered (pos_encoder): 0
[2026-04-02 12:00:55]   Keys to load:           7
[2026-04-02 12:00:55]   Missing keys:           4
[2026-04-02 12:00:55]   Unexpected keys:        0
[2026-04-02 12:00:55]   Missing preview:        ['spatial_conv.1.weight', 'spatial_conv.1.bias', 'final_layer.1.weight', 'final_layer.1.bias']
[2026-04-02 12:00:55]   Unexpected preview:     []
[2026-04-02 12:00:55] Encoder freeze configuration:
[2026-04-02 12:00:55]   Total parameters:        18,192
[2026-04-02 12:00:55]   Trainable parameters:    4,352
[2026-04-02 12:00:55]   Training percentage:     23.9%
[2026-04-02 12:00:55]   Trainable layers: 4
[2026-04-02 12:00:55]     - final_layer.1.bias
[2026-04-02 12:00:55]     - final_layer.1.weight
[2026-04-02 12:00:55]     - spatial_conv.1.bias
[2026-04-02 12:00:55]     - spatial_conv.1.weight
[2026-04-02 12:00:55]     Train generator seeded: True
[2026-04-02 12:01:27]     Stopped epoch:            3473
[2026-04-02 12:01:27]     Best epoch (valid_loss):  3423
[2026-04-02 12:01:27]     Best valid_loss:          0.17090348899364471
[2026-04-02 12:01:27]     Test accuracy (primary):  1.0000
[2026-04-02 12:01:27]     Test balanced acc:        1.0000
[2026-04-02 12:01:27]     Confusion matrix:         [[5, 0, 0, 0], [0, 5, 0, 0], [0, 0, 5, 0], [0, 0, 0, 5]]
[2026-04-02 12:01:27]     Prediction histogram:     [5, 5, 5, 5]
[2026-04-02 12:01:27]     fold_acc=1.0000 fold_bal_acc=1.0000 cm=[[5, 0, 0, 0], [0, 5, 0, 0], [0, 0, 5, 0], [0, 0, 0, 5]]
[2026-04-02 12:01:27]   Subject 52 Fold 5 seed: 8213
[2026-04-02 12:01:27]   Subject 52 Fold 5: n_train=64 n_val=16 n_test=20
[2026-04-02 12:01:27]     Train class counts: [16, 16, 16, 16]
[2026-04-02 12:01:27]     Val class counts:   [4, 4, 4, 4]
[2026-04-02 12:01:27]     Test class counts:  [5, 5, 5, 5]
[2026-04-02 12:01:27] Building model with input window duration: 4.1875 s
[2026-04-02 12:01:27] Pretrained weight loading:
[2026-04-02 12:01:27]   Downloaded keys:        179
[2026-04-02 12:01:27]   Filtered (transformer): 172
[2026-04-02 12:01:27]   Filtered (pos_encoder): 0
[2026-04-02 12:01:27]   Keys to load:           7
[2026-04-02 12:01:27]   Missing keys:           4
[2026-04-02 12:01:27]   Unexpected keys:        0
[2026-04-02 12:01:27]   Missing preview:        ['spatial_conv.1.weight', 'spatial_conv.1.bias', 'final_layer.1.weight', 'final_layer.1.bias']
[2026-04-02 12:01:27]   Unexpected preview:     []
[2026-04-02 12:01:27] Encoder freeze configuration:
[2026-04-02 12:01:27]   Total parameters:        18,192
[2026-04-02 12:01:27]   Trainable parameters:    4,352
[2026-04-02 12:01:27]   Training percentage:     23.9%
[2026-04-02 12:01:27]   Trainable layers: 4
[2026-04-02 12:01:27]     - final_layer.1.bias
[2026-04-02 12:01:27]     - final_layer.1.weight
[2026-04-02 12:01:27]     - spatial_conv.1.bias
[2026-04-02 12:01:27]     - spatial_conv.1.weight
[2026-04-02 12:01:27]     Train generator seeded: True
[2026-04-02 12:02:00]     Stopped epoch:            3737
[2026-04-02 12:02:00]     Best epoch (valid_loss):  3687
[2026-04-02 12:02:00]     Best valid_loss:          0.06426723301410675
[2026-04-02 12:02:00]     Test accuracy (primary):  1.0000
[2026-04-02 12:02:00]     Test balanced acc:        1.0000
[2026-04-02 12:02:00]     Confusion matrix:         [[5, 0, 0, 0], [0, 5, 0, 0], [0, 0, 5, 0], [0, 0, 0, 5]]
[2026-04-02 12:02:00]     Prediction histogram:     [5, 5, 5, 5]
[2026-04-02 12:02:00]     fold_acc=1.0000 fold_bal_acc=1.0000 cm=[[5, 0, 0, 0], [0, 5, 0, 0], [0, 0, 5, 0], [0, 0, 0, 5]]
[2026-04-02 12:02:00]   Subject 52 mean accuracy: 0.9600

[2026-04-02 12:02:00] Subject 53: 100 windows class_counts=[25, 25, 25, 25]
[2026-04-02 12:02:00]   Fold 1 split seed: 3009
[2026-04-02 12:02:00]   Fold 1 split class counts:
[2026-04-02 12:02:00]     train=[16, 16, 16, 16] val=[4, 4, 4, 4] test=[5, 5, 5, 5]
[2026-04-02 12:02:00]   Fold 2 split seed: 3010
[2026-04-02 12:02:00]   Fold 2 split class counts:
[2026-04-02 12:02:00]     train=[16, 16, 16, 16] val=[4, 4, 4, 4] test=[5, 5, 5, 5]
[2026-04-02 12:02:00]   Fold 3 split seed: 3011
[2026-04-02 12:02:00]   Fold 3 split class counts:
[2026-04-02 12:02:00]     train=[16, 16, 16, 16] val=[4, 4, 4, 4] test=[5, 5, 5, 5]
[2026-04-02 12:02:00]   Fold 4 split seed: 3012
[2026-04-02 12:02:00]   Fold 4 split class counts:
[2026-04-02 12:02:00]     train=[16, 16, 16, 16] val=[4, 4, 4, 4] test=[5, 5, 5, 5]
[2026-04-02 12:02:00]   Fold 5 split seed: 3013
[2026-04-02 12:02:00]   Fold 5 split class counts:
[2026-04-02 12:02:00]     train=[16, 16, 16, 16] val=[4, 4, 4, 4] test=[5, 5, 5, 5]
[2026-04-02 12:02:00]   Subject 53 Fold 1 seed: 8309
[2026-04-02 12:02:00]   Subject 53 Fold 1: n_train=64 n_val=16 n_test=20
[2026-04-02 12:02:00]     Train class counts: [16, 16, 16, 16]
[2026-04-02 12:02:00]     Val class counts:   [4, 4, 4, 4]
[2026-04-02 12:02:00]     Test class counts:  [5, 5, 5, 5]
[2026-04-02 12:02:00] Building model with input window duration: 4.1875 s
[2026-04-02 12:02:00] Pretrained weight loading:
[2026-04-02 12:02:00]   Downloaded keys:        179
[2026-04-02 12:02:00]   Filtered (transformer): 172
[2026-04-02 12:02:00]   Filtered (pos_encoder): 0
[2026-04-02 12:02:00]   Keys to load:           7
[2026-04-02 12:02:00]   Missing keys:           4
[2026-04-02 12:02:00]   Unexpected keys:        0
[2026-04-02 12:02:00]   Missing preview:        ['spatial_conv.1.weight', 'spatial_conv.1.bias', 'final_layer.1.weight', 'final_layer.1.bias']
[2026-04-02 12:02:00]   Unexpected preview:     []
[2026-04-02 12:02:00] Encoder freeze configuration:
[2026-04-02 12:02:00]   Total parameters:        18,192
[2026-04-02 12:02:00]   Trainable parameters:    4,352
[2026-04-02 12:02:00]   Training percentage:     23.9%
[2026-04-02 12:02:00]   Trainable layers: 4
[2026-04-02 12:02:00]     - final_layer.1.bias
[2026-04-02 12:02:00]     - final_layer.1.weight
[2026-04-02 12:02:00]     - spatial_conv.1.bias
[2026-04-02 12:02:00]     - spatial_conv.1.weight
[2026-04-02 12:02:00]     Train generator seeded: True
[2026-04-02 12:02:20]     Stopped epoch:            2121
[2026-04-02 12:02:20]     Best epoch (valid_loss):  2071
[2026-04-02 12:02:20]     Best valid_loss:          0.17730139195919037
[2026-04-02 12:02:20]     Test accuracy (primary):  0.9500
[2026-04-02 12:02:20]     Test balanced acc:        0.9500
[2026-04-02 12:02:20]     Confusion matrix:         [[5, 0, 0, 0], [0, 4, 1, 0], [0, 0, 5, 0], [0, 0, 0, 5]]
[2026-04-02 12:02:20]     Prediction histogram:     [5, 4, 6, 5]
[2026-04-02 12:02:20]     fold_acc=0.9500 fold_bal_acc=0.9500 cm=[[5, 0, 0, 0], [0, 4, 1, 0], [0, 0, 5, 0], [0, 0, 0, 5]]
[2026-04-02 12:02:20]   Subject 53 Fold 2 seed: 8310
[2026-04-02 12:02:20]   Subject 53 Fold 2: n_train=64 n_val=16 n_test=20
[2026-04-02 12:02:20]     Train class counts: [16, 16, 16, 16]
[2026-04-02 12:02:20]     Val class counts:   [4, 4, 4, 4]
[2026-04-02 12:02:20]     Test class counts:  [5, 5, 5, 5]
[2026-04-02 12:02:20] Building model with input window duration: 4.1875 s
[2026-04-02 12:02:20] Pretrained weight loading:
[2026-04-02 12:02:20]   Downloaded keys:        179
[2026-04-02 12:02:20]   Filtered (transformer): 172
[2026-04-02 12:02:20]   Filtered (pos_encoder): 0
[2026-04-02 12:02:20]   Keys to load:           7
[2026-04-02 12:02:20]   Missing keys:           4
[2026-04-02 12:02:20]   Unexpected keys:        0
[2026-04-02 12:02:20]   Missing preview:        ['spatial_conv.1.weight', 'spatial_conv.1.bias', 'final_layer.1.weight', 'final_layer.1.bias']
[2026-04-02 12:02:20]   Unexpected preview:     []
[2026-04-02 12:02:20] Encoder freeze configuration:
[2026-04-02 12:02:20]   Total parameters:        18,192
[2026-04-02 12:02:20]   Trainable parameters:    4,352
[2026-04-02 12:02:20]   Training percentage:     23.9%
[2026-04-02 12:02:20]   Trainable layers: 4
[2026-04-02 12:02:20]     - final_layer.1.bias
[2026-04-02 12:02:20]     - final_layer.1.weight
[2026-04-02 12:02:20]     - spatial_conv.1.bias
[2026-04-02 12:02:20]     - spatial_conv.1.weight
[2026-04-02 12:02:20]     Train generator seeded: True
[2026-04-02 12:03:05]     Stopped epoch:            5000
[2026-04-02 12:03:05]     Best epoch (valid_loss):  4992
[2026-04-02 12:03:05]     Best valid_loss:          0.05875920504331589
[2026-04-02 12:03:05]     Test accuracy (primary):  0.8500
[2026-04-02 12:03:05]     Test balanced acc:        0.8500
[2026-04-02 12:03:05]     Confusion matrix:         [[4, 0, 0, 1], [0, 5, 0, 0], [0, 1, 4, 0], [0, 1, 0, 4]]
[2026-04-02 12:03:05]     Prediction histogram:     [4, 7, 4, 5]
[2026-04-02 12:03:05]     fold_acc=0.8500 fold_bal_acc=0.8500 cm=[[4, 0, 0, 1], [0, 5, 0, 0], [0, 1, 4, 0], [0, 1, 0, 4]]
[2026-04-02 12:03:05]   Subject 53 Fold 3 seed: 8311
[2026-04-02 12:03:05]   Subject 53 Fold 3: n_train=64 n_val=16 n_test=20
[2026-04-02 12:03:05]     Train class counts: [16, 16, 16, 16]
[2026-04-02 12:03:05]     Val class counts:   [4, 4, 4, 4]
[2026-04-02 12:03:05]     Test class counts:  [5, 5, 5, 5]
[2026-04-02 12:03:05] Building model with input window duration: 4.1875 s
[2026-04-02 12:03:05] Pretrained weight loading:
[2026-04-02 12:03:05]   Downloaded keys:        179
[2026-04-02 12:03:05]   Filtered (transformer): 172
[2026-04-02 12:03:05]   Filtered (pos_encoder): 0
[2026-04-02 12:03:05]   Keys to load:           7
[2026-04-02 12:03:05]   Missing keys:           4
[2026-04-02 12:03:05]   Unexpected keys:        0
[2026-04-02 12:03:05]   Missing preview:        ['spatial_conv.1.weight', 'spatial_conv.1.bias', 'final_layer.1.weight', 'final_layer.1.bias']
[2026-04-02 12:03:05]   Unexpected preview:     []
[2026-04-02 12:03:05] Encoder freeze configuration:
[2026-04-02 12:03:05]   Total parameters:        18,192
[2026-04-02 12:03:05]   Trainable parameters:    4,352
[2026-04-02 12:03:05]   Training percentage:     23.9%
[2026-04-02 12:03:05]   Trainable layers: 4
[2026-04-02 12:03:05]     - final_layer.1.bias
[2026-04-02 12:03:05]     - final_layer.1.weight
[2026-04-02 12:03:05]     - spatial_conv.1.bias
[2026-04-02 12:03:05]     - spatial_conv.1.weight
[2026-04-02 12:03:05]     Train generator seeded: True
[2026-04-02 12:03:51]     Stopped epoch:            5000
[2026-04-02 12:03:51]     Best epoch (valid_loss):  4984
[2026-04-02 12:03:51]     Best valid_loss:          0.057972501963377
[2026-04-02 12:03:51]     Test accuracy (primary):  1.0000
[2026-04-02 12:03:51]     Test balanced acc:        1.0000
[2026-04-02 12:03:51]     Confusion matrix:         [[5, 0, 0, 0], [0, 5, 0, 0], [0, 0, 5, 0], [0, 0, 0, 5]]
[2026-04-02 12:03:51]     Prediction histogram:     [5, 5, 5, 5]
[2026-04-02 12:03:51]     fold_acc=1.0000 fold_bal_acc=1.0000 cm=[[5, 0, 0, 0], [0, 5, 0, 0], [0, 0, 5, 0], [0, 0, 0, 5]]
[2026-04-02 12:03:51]   Subject 53 Fold 4 seed: 8312
[2026-04-02 12:03:51]   Subject 53 Fold 4: n_train=64 n_val=16 n_test=20
[2026-04-02 12:03:51]     Train class counts: [16, 16, 16, 16]
[2026-04-02 12:03:51]     Val class counts:   [4, 4, 4, 4]
[2026-04-02 12:03:51]     Test class counts:  [5, 5, 5, 5]
[2026-04-02 12:03:51] Building model with input window duration: 4.1875 s
[2026-04-02 12:03:51] Pretrained weight loading:
[2026-04-02 12:03:51]   Downloaded keys:        179
[2026-04-02 12:03:51]   Filtered (transformer): 172
[2026-04-02 12:03:51]   Filtered (pos_encoder): 0
[2026-04-02 12:03:51]   Keys to load:           7
[2026-04-02 12:03:51]   Missing keys:           4
[2026-04-02 12:03:51]   Unexpected keys:        0
[2026-04-02 12:03:51]   Missing preview:        ['spatial_conv.1.weight', 'spatial_conv.1.bias', 'final_layer.1.weight', 'final_layer.1.bias']
[2026-04-02 12:03:51]   Unexpected preview:     []
[2026-04-02 12:03:51] Encoder freeze configuration:
[2026-04-02 12:03:51]   Total parameters:        18,192
[2026-04-02 12:03:51]   Trainable parameters:    4,352
[2026-04-02 12:03:51]   Training percentage:     23.9%
[2026-04-02 12:03:51]   Trainable layers: 4
[2026-04-02 12:03:51]     - final_layer.1.bias
[2026-04-02 12:03:51]     - final_layer.1.weight
[2026-04-02 12:03:51]     - spatial_conv.1.bias
[2026-04-02 12:03:51]     - spatial_conv.1.weight
[2026-04-02 12:03:51]     Train generator seeded: True
[2026-04-02 12:04:10]     Stopped epoch:            2109
[2026-04-02 12:04:10]     Best epoch (valid_loss):  2059
[2026-04-02 12:04:10]     Best valid_loss:          0.1693277359008789
[2026-04-02 12:04:10]     Test accuracy (primary):  0.9000
[2026-04-02 12:04:10]     Test balanced acc:        0.9000
[2026-04-02 12:04:10]     Confusion matrix:         [[3, 0, 2, 0], [0, 5, 0, 0], [0, 0, 5, 0], [0, 0, 0, 5]]
[2026-04-02 12:04:10]     Prediction histogram:     [3, 5, 7, 5]
[2026-04-02 12:04:10]     fold_acc=0.9000 fold_bal_acc=0.9000 cm=[[3, 0, 2, 0], [0, 5, 0, 0], [0, 0, 5, 0], [0, 0, 0, 5]]
[2026-04-02 12:04:10]   Subject 53 Fold 5 seed: 8313
[2026-04-02 12:04:10]   Subject 53 Fold 5: n_train=64 n_val=16 n_test=20
[2026-04-02 12:04:10]     Train class counts: [16, 16, 16, 16]
[2026-04-02 12:04:10]     Val class counts:   [4, 4, 4, 4]
[2026-04-02 12:04:10]     Test class counts:  [5, 5, 5, 5]
[2026-04-02 12:04:10] Building model with input window duration: 4.1875 s
[2026-04-02 12:04:10] Pretrained weight loading:
[2026-04-02 12:04:10]   Downloaded keys:        179
[2026-04-02 12:04:10]   Filtered (transformer): 172
[2026-04-02 12:04:10]   Filtered (pos_encoder): 0
[2026-04-02 12:04:10]   Keys to load:           7
[2026-04-02 12:04:10]   Missing keys:           4
[2026-04-02 12:04:10]   Unexpected keys:        0
[2026-04-02 12:04:10]   Missing preview:        ['spatial_conv.1.weight', 'spatial_conv.1.bias', 'final_layer.1.weight', 'final_layer.1.bias']
[2026-04-02 12:04:10]   Unexpected preview:     []
[2026-04-02 12:04:10] Encoder freeze configuration:
[2026-04-02 12:04:10]   Total parameters:        18,192
[2026-04-02 12:04:10]   Trainable parameters:    4,352
[2026-04-02 12:04:10]   Training percentage:     23.9%
[2026-04-02 12:04:10]   Trainable layers: 4
[2026-04-02 12:04:10]     - final_layer.1.bias
[2026-04-02 12:04:10]     - final_layer.1.weight
[2026-04-02 12:04:10]     - spatial_conv.1.bias
[2026-04-02 12:04:10]     - spatial_conv.1.weight
[2026-04-02 12:04:10]     Train generator seeded: True
[2026-04-02 12:04:43]     Stopped epoch:            3502
[2026-04-02 12:04:43]     Best epoch (valid_loss):  3452
[2026-04-02 12:04:43]     Best valid_loss:          0.05445979908108711
[2026-04-02 12:04:43]     Test accuracy (primary):  0.9500
[2026-04-02 12:04:43]     Test balanced acc:        0.9500
[2026-04-02 12:04:43]     Confusion matrix:         [[4, 0, 0, 1], [0, 5, 0, 0], [0, 0, 5, 0], [0, 0, 0, 5]]
[2026-04-02 12:04:43]     Prediction histogram:     [4, 5, 5, 6]
[2026-04-02 12:04:43]     fold_acc=0.9500 fold_bal_acc=0.9500 cm=[[4, 0, 0, 1], [0, 5, 0, 0], [0, 0, 5, 0], [0, 0, 0, 5]]
[2026-04-02 12:04:43]   Subject 53 mean accuracy: 0.9300

[2026-04-02 12:04:43] Subject 54: 100 windows class_counts=[25, 25, 25, 25]
[2026-04-02 12:04:43]   Fold 1 split seed: 3009
[2026-04-02 12:04:43]   Fold 1 split class counts:
[2026-04-02 12:04:43]     train=[16, 16, 16, 16] val=[4, 4, 4, 4] test=[5, 5, 5, 5]
[2026-04-02 12:04:43]   Fold 2 split seed: 3010
[2026-04-02 12:04:43]   Fold 2 split class counts:
[2026-04-02 12:04:43]     train=[16, 16, 16, 16] val=[4, 4, 4, 4] test=[5, 5, 5, 5]
[2026-04-02 12:04:43]   Fold 3 split seed: 3011
[2026-04-02 12:04:43]   Fold 3 split class counts:
[2026-04-02 12:04:43]     train=[16, 16, 16, 16] val=[4, 4, 4, 4] test=[5, 5, 5, 5]
[2026-04-02 12:04:43]   Fold 4 split seed: 3012
[2026-04-02 12:04:43]   Fold 4 split class counts:
[2026-04-02 12:04:43]     train=[16, 16, 16, 16] val=[4, 4, 4, 4] test=[5, 5, 5, 5]
[2026-04-02 12:04:43]   Fold 5 split seed: 3013
[2026-04-02 12:04:43]   Fold 5 split class counts:
[2026-04-02 12:04:43]     train=[16, 16, 16, 16] val=[4, 4, 4, 4] test=[5, 5, 5, 5]
[2026-04-02 12:04:43]   Subject 54 Fold 1 seed: 8409
[2026-04-02 12:04:43]   Subject 54 Fold 1: n_train=64 n_val=16 n_test=20
[2026-04-02 12:04:43]     Train class counts: [16, 16, 16, 16]
[2026-04-02 12:04:43]     Val class counts:   [4, 4, 4, 4]
[2026-04-02 12:04:43]     Test class counts:  [5, 5, 5, 5]
[2026-04-02 12:04:43] Building model with input window duration: 4.1875 s
[2026-04-02 12:04:43] Pretrained weight loading:
[2026-04-02 12:04:43]   Downloaded keys:        179
[2026-04-02 12:04:43]   Filtered (transformer): 172
[2026-04-02 12:04:43]   Filtered (pos_encoder): 0
[2026-04-02 12:04:43]   Keys to load:           7
[2026-04-02 12:04:43]   Missing keys:           4
[2026-04-02 12:04:43]   Unexpected keys:        0
[2026-04-02 12:04:43]   Missing preview:        ['spatial_conv.1.weight', 'spatial_conv.1.bias', 'final_layer.1.weight', 'final_layer.1.bias']
[2026-04-02 12:04:43]   Unexpected preview:     []
[2026-04-02 12:04:43] Encoder freeze configuration:
[2026-04-02 12:04:43]   Total parameters:        18,192
[2026-04-02 12:04:43]   Trainable parameters:    4,352
[2026-04-02 12:04:43]   Training percentage:     23.9%
[2026-04-02 12:04:43]   Trainable layers: 4
[2026-04-02 12:04:43]     - final_layer.1.bias
[2026-04-02 12:04:43]     - final_layer.1.weight
[2026-04-02 12:04:43]     - spatial_conv.1.bias
[2026-04-02 12:04:43]     - spatial_conv.1.weight
[2026-04-02 12:04:43]     Train generator seeded: True
[2026-04-02 12:04:48]     Stopped epoch:            646
[2026-04-02 12:04:48]     Best epoch (valid_loss):  596
[2026-04-02 12:04:48]     Best valid_loss:          0.9649125337600708
[2026-04-02 12:04:48]     Test accuracy (primary):  0.6000
[2026-04-02 12:04:48]     Test balanced acc:        0.6000
[2026-04-02 12:04:48]     Confusion matrix:         [[5, 0, 0, 0], [0, 0, 1, 4], [0, 2, 2, 1], [0, 0, 0, 5]]
[2026-04-02 12:04:48]     Prediction histogram:     [5, 2, 3, 10]
[2026-04-02 12:04:48]     fold_acc=0.6000 fold_bal_acc=0.6000 cm=[[5, 0, 0, 0], [0, 0, 1, 4], [0, 2, 2, 1], [0, 0, 0, 5]]
[2026-04-02 12:04:48]   Subject 54 Fold 2 seed: 8410
[2026-04-02 12:04:48]   Subject 54 Fold 2: n_train=64 n_val=16 n_test=20
[2026-04-02 12:04:48]     Train class counts: [16, 16, 16, 16]
[2026-04-02 12:04:48]     Val class counts:   [4, 4, 4, 4]
[2026-04-02 12:04:48]     Test class counts:  [5, 5, 5, 5]
[2026-04-02 12:04:48] Building model with input window duration: 4.1875 s
[2026-04-02 12:04:48] Pretrained weight loading:
[2026-04-02 12:04:48]   Downloaded keys:        179
[2026-04-02 12:04:48]   Filtered (transformer): 172
[2026-04-02 12:04:48]   Filtered (pos_encoder): 0
[2026-04-02 12:04:48]   Keys to load:           7
[2026-04-02 12:04:48]   Missing keys:           4
[2026-04-02 12:04:48]   Unexpected keys:        0
[2026-04-02 12:04:48]   Missing preview:        ['spatial_conv.1.weight', 'spatial_conv.1.bias', 'final_layer.1.weight', 'final_layer.1.bias']
[2026-04-02 12:04:48]   Unexpected preview:     []
[2026-04-02 12:04:48] Encoder freeze configuration:
[2026-04-02 12:04:48]   Total parameters:        18,192
[2026-04-02 12:04:48]   Trainable parameters:    4,352
[2026-04-02 12:04:48]   Training percentage:     23.9%
[2026-04-02 12:04:48]   Trainable layers: 4
[2026-04-02 12:04:48]     - final_layer.1.bias
[2026-04-02 12:04:48]     - final_layer.1.weight
[2026-04-02 12:04:48]     - spatial_conv.1.bias
[2026-04-02 12:04:48]     - spatial_conv.1.weight
[2026-04-02 12:04:48]     Train generator seeded: True
[2026-04-02 12:04:53]     Stopped epoch:            521
[2026-04-02 12:04:53]     Best epoch (valid_loss):  471
[2026-04-02 12:04:53]     Best valid_loss:          1.194126844406128
[2026-04-02 12:04:53]     Test accuracy (primary):  0.6000
[2026-04-02 12:04:53]     Test balanced acc:        0.6000
[2026-04-02 12:04:53]     Confusion matrix:         [[4, 0, 0, 1], [0, 4, 1, 0], [1, 2, 1, 1], [1, 1, 0, 3]]
[2026-04-02 12:04:53]     Prediction histogram:     [6, 7, 2, 5]
[2026-04-02 12:04:53]     fold_acc=0.6000 fold_bal_acc=0.6000 cm=[[4, 0, 0, 1], [0, 4, 1, 0], [1, 2, 1, 1], [1, 1, 0, 3]]
[2026-04-02 12:04:53]   Subject 54 Fold 3 seed: 8411
[2026-04-02 12:04:53]   Subject 54 Fold 3: n_train=64 n_val=16 n_test=20
[2026-04-02 12:04:53]     Train class counts: [16, 16, 16, 16]
[2026-04-02 12:04:53]     Val class counts:   [4, 4, 4, 4]
[2026-04-02 12:04:53]     Test class counts:  [5, 5, 5, 5]
[2026-04-02 12:04:53] Building model with input window duration: 4.1875 s
[2026-04-02 12:04:53] Pretrained weight loading:
[2026-04-02 12:04:53]   Downloaded keys:        179
[2026-04-02 12:04:53]   Filtered (transformer): 172
[2026-04-02 12:04:53]   Filtered (pos_encoder): 0
[2026-04-02 12:04:53]   Keys to load:           7
[2026-04-02 12:04:53]   Missing keys:           4
[2026-04-02 12:04:53]   Unexpected keys:        0
[2026-04-02 12:04:53]   Missing preview:        ['spatial_conv.1.weight', 'spatial_conv.1.bias', 'final_layer.1.weight', 'final_layer.1.bias']
[2026-04-02 12:04:53]   Unexpected preview:     []
[2026-04-02 12:04:53] Encoder freeze configuration:
[2026-04-02 12:04:53]   Total parameters:        18,192
[2026-04-02 12:04:53]   Trainable parameters:    4,352
[2026-04-02 12:04:53]   Training percentage:     23.9%
[2026-04-02 12:04:53]   Trainable layers: 4
[2026-04-02 12:04:53]     - final_layer.1.bias
[2026-04-02 12:04:53]     - final_layer.1.weight
[2026-04-02 12:04:53]     - spatial_conv.1.bias
[2026-04-02 12:04:53]     - spatial_conv.1.weight
[2026-04-02 12:04:53]     Train generator seeded: True
[2026-04-02 12:04:59]     Stopped epoch:            722
[2026-04-02 12:04:59]     Best epoch (valid_loss):  672
[2026-04-02 12:04:59]     Best valid_loss:          0.9331117272377014
[2026-04-02 12:04:59]     Test accuracy (primary):  0.6000
[2026-04-02 12:04:59]     Test balanced acc:        0.6000
[2026-04-02 12:04:59]     Confusion matrix:         [[3, 0, 1, 1], [0, 4, 1, 0], [1, 0, 3, 1], [0, 2, 1, 2]]
[2026-04-02 12:04:59]     Prediction histogram:     [4, 6, 6, 4]
[2026-04-02 12:04:59]     fold_acc=0.6000 fold_bal_acc=0.6000 cm=[[3, 0, 1, 1], [0, 4, 1, 0], [1, 0, 3, 1], [0, 2, 1, 2]]
[2026-04-02 12:04:59]   Subject 54 Fold 4 seed: 8412
[2026-04-02 12:04:59]   Subject 54 Fold 4: n_train=64 n_val=16 n_test=20
[2026-04-02 12:04:59]     Train class counts: [16, 16, 16, 16]
[2026-04-02 12:04:59]     Val class counts:   [4, 4, 4, 4]
[2026-04-02 12:04:59]     Test class counts:  [5, 5, 5, 5]
[2026-04-02 12:04:59] Building model with input window duration: 4.1875 s
[2026-04-02 12:04:59] Pretrained weight loading:
[2026-04-02 12:04:59]   Downloaded keys:        179
[2026-04-02 12:04:59]   Filtered (transformer): 172
[2026-04-02 12:04:59]   Filtered (pos_encoder): 0
[2026-04-02 12:04:59]   Keys to load:           7
[2026-04-02 12:04:59]   Missing keys:           4
[2026-04-02 12:04:59]   Unexpected keys:        0
[2026-04-02 12:04:59]   Missing preview:        ['spatial_conv.1.weight', 'spatial_conv.1.bias', 'final_layer.1.weight', 'final_layer.1.bias']
[2026-04-02 12:04:59]   Unexpected preview:     []
[2026-04-02 12:04:59] Encoder freeze configuration:
[2026-04-02 12:04:59]   Total parameters:        18,192
[2026-04-02 12:04:59]   Trainable parameters:    4,352
[2026-04-02 12:04:59]   Training percentage:     23.9%
[2026-04-02 12:04:59]   Trainable layers: 4
[2026-04-02 12:04:59]     - final_layer.1.bias
[2026-04-02 12:04:59]     - final_layer.1.weight
[2026-04-02 12:04:59]     - spatial_conv.1.bias
[2026-04-02 12:04:59]     - spatial_conv.1.weight
[2026-04-02 12:04:59]     Train generator seeded: True
[2026-04-02 12:05:00]     Stopped epoch:            51
[2026-04-02 12:05:00]     Best epoch (valid_loss):  1
[2026-04-02 12:05:00]     Best valid_loss:          1.3878988027572632
[2026-04-02 12:05:00]     Test accuracy (primary):  0.2500
[2026-04-02 12:05:00]     Test balanced acc:        0.2500
[2026-04-02 12:05:00]     Confusion matrix:         [[1, 0, 0, 4], [2, 0, 0, 3], [1, 1, 0, 3], [1, 0, 0, 4]]
[2026-04-02 12:05:00]     Prediction histogram:     [5, 1, 0, 14]
[2026-04-02 12:05:00]     fold_acc=0.2500 fold_bal_acc=0.2500 cm=[[1, 0, 0, 4], [2, 0, 0, 3], [1, 1, 0, 3], [1, 0, 0, 4]]
[2026-04-02 12:05:00]   Subject 54 Fold 5 seed: 8413
[2026-04-02 12:05:00]   Subject 54 Fold 5: n_train=64 n_val=16 n_test=20
[2026-04-02 12:05:00]     Train class counts: [16, 16, 16, 16]
[2026-04-02 12:05:00]     Val class counts:   [4, 4, 4, 4]
[2026-04-02 12:05:00]     Test class counts:  [5, 5, 5, 5]
[2026-04-02 12:05:00] Building model with input window duration: 4.1875 s
[2026-04-02 12:05:00] Pretrained weight loading:
[2026-04-02 12:05:00]   Downloaded keys:        179
[2026-04-02 12:05:00]   Filtered (transformer): 172
[2026-04-02 12:05:00]   Filtered (pos_encoder): 0
[2026-04-02 12:05:00]   Keys to load:           7
[2026-04-02 12:05:00]   Missing keys:           4
[2026-04-02 12:05:00]   Unexpected keys:        0
[2026-04-02 12:05:00]   Missing preview:        ['spatial_conv.1.weight', 'spatial_conv.1.bias', 'final_layer.1.weight', 'final_layer.1.bias']
[2026-04-02 12:05:00]   Unexpected preview:     []
[2026-04-02 12:05:00] Encoder freeze configuration:
[2026-04-02 12:05:00]   Total parameters:        18,192
[2026-04-02 12:05:00]   Trainable parameters:    4,352
[2026-04-02 12:05:00]   Training percentage:     23.9%
[2026-04-02 12:05:00]   Trainable layers: 4
[2026-04-02 12:05:00]     - final_layer.1.bias
[2026-04-02 12:05:00]     - final_layer.1.weight
[2026-04-02 12:05:00]     - spatial_conv.1.bias
[2026-04-02 12:05:00]     - spatial_conv.1.weight
[2026-04-02 12:05:00]     Train generator seeded: True
[2026-04-02 12:05:09]     Stopped epoch:            1085
[2026-04-02 12:05:09]     Best epoch (valid_loss):  1035
[2026-04-02 12:05:09]     Best valid_loss:          0.8817623853683472
[2026-04-02 12:05:09]     Test accuracy (primary):  0.8000
[2026-04-02 12:05:09]     Test balanced acc:        0.8000
[2026-04-02 12:05:09]     Confusion matrix:         [[4, 0, 1, 0], [0, 4, 1, 0], [0, 1, 4, 0], [0, 0, 1, 4]]
[2026-04-02 12:05:09]     Prediction histogram:     [4, 5, 7, 4]
[2026-04-02 12:05:09]     fold_acc=0.8000 fold_bal_acc=0.8000 cm=[[4, 0, 1, 0], [0, 4, 1, 0], [0, 1, 4, 0], [0, 0, 1, 4]]
[2026-04-02 12:05:09]   Subject 54 mean accuracy: 0.5700

[2026-04-02 12:05:09] Total folds completed: 35
[2026-04-02 12:05:09] ======================================================================
[2026-04-02 12:05:09] AGGREGATED RESULTS
[2026-04-02 12:05:09] ======================================================================
[2026-04-02 12:05:09]   Subject 48:  acc=0.9500±0.0316  bal_acc=0.9500±0.0316
[2026-04-02 12:05:09]   Subject 49:  acc=0.8700±0.0927  bal_acc=0.8700±0.0927
[2026-04-02 12:05:09]   Subject 50:  acc=0.8700±0.1364  bal_acc=0.8700±0.1364
[2026-04-02 12:05:09]   Subject 51:  acc=0.3500±0.1000  bal_acc=0.3500±0.1000
[2026-04-02 12:05:09]   Subject 52:  acc=0.9600±0.0583  bal_acc=0.9600±0.0583
[2026-04-02 12:05:09]   Subject 53:  acc=0.9300±0.0510  bal_acc=0.9300±0.0510
[2026-04-02 12:05:09]   Subject 54:  acc=0.5700±0.1778  bal_acc=0.5700±0.1778
[2026-04-02 12:05:09] ----------------------------------------------------------------------
[2026-04-02 12:05:09]   OVERALL:      acc=0.7857±0.2404  bal_acc=0.7857±0.2404
[2026-04-02 12:05:09] ======================================================================
[2026-04-02 12:05:09] CV results saved to:      /home/vegorov/Repos/eeg_jepa_research/artifacts/lee-2019-fine-tuning/SSVEP/20260402_1152_a9933d00/cv_results.json
[2026-04-02 12:05:09] Subject metrics saved to: /home/vegorov/Repos/eeg_jepa_research/artifacts/lee-2019-fine-tuning/SSVEP/20260402_1152_a9933d00/subject_metrics.json
[2026-04-02 12:05:09] Global metrics saved to:  /home/vegorov/Repos/eeg_jepa_research/artifacts/lee-2019-fine-tuning/SSVEP/20260402_1152_a9933d00/global_metrics.json
[2026-04-02 12:05:09] Run metadata saved to:    /home/vegorov/Repos/eeg_jepa_research/artifacts/lee-2019-fine-tuning/SSVEP/20260402_1152_a9933d00/run_metadata.json

[2026-04-02 12:05:09] All artifacts in: /home/vegorov/Repos/eeg_jepa_research/artifacts/lee-2019-fine-tuning/SSVEP/20260402_1152_a9933d00

[2026-04-02 12:05:09] ======================================================================
[2026-04-02 12:05:09] EXPERIMENT SUMMARY
[2026-04-02 12:05:09] ======================================================================
[2026-04-02 12:05:09] Run ID:    20260402_1152_a9933d00
[2026-04-02 12:05:09] Artifacts: /home/vegorov/Repos/eeg_jepa_research/artifacts/lee-2019-fine-tuning/SSVEP/20260402_1152_a9933d00

[2026-04-02 12:05:09] Configuration:
[2026-04-02 12:05:09]   Subjects:          [48, 49, 50, 51, 52, 53, 54]
[2026-04-02 12:05:09]   Bandpass:          0.5-40.0 Hz
[2026-04-02 12:05:09]   Resample:          128 Hz
[2026-04-02 12:05:09]   CV folds:          5
[2026-04-02 12:05:09]   Learning rate:     0.001
[2026-04-02 12:05:09]   Batch size:        32
[2026-04-02 12:05:09]   Max epochs:        5000

[2026-04-02 12:05:09] Results:
[2026-04-02 12:05:09]   Mean Accuracy:          0.7857 ± 0.2404
[2026-04-02 12:05:09]   Mean Balanced Accuracy: 0.7857 ± 0.2404
