[2026-04-08 15:15:53] Using device: cpu
[2026-04-08 15:15:53] Seed control enabled: True
[2026-04-08 15:15:53] Base seed: 5
[2026-04-08 15:15:54] Seed initialized: 5
[2026-04-08 15:15:54] ======================================================================
[2026-04-08 15:15:54] CONFIGURATION
[2026-04-08 15:15:54] ======================================================================
[2026-04-08 15:15:54]   artifact_dir: /home/vegorov/Repos/eeg_jepa_research/artifacts/lee-2019-fine-tuning
[2026-04-08 15:15:54]   bandpass_high: 40.0
[2026-04-08 15:15:54]   bandpass_low: 0.5
[2026-04-08 15:15:54]   batch_size: 32
[2026-04-08 15:15:54]   convert_to_uV: True
[2026-04-08 15:15:54]   criterion: None
[2026-04-08 15:15:54]   cv_folds: 5
[2026-04-08 15:15:54]   device: auto
[2026-04-08 15:15:54]   early_stopping_patience: 50
[2026-04-08 15:15:54]   learning_rate: 0.001
[2026-04-08 15:15:54]   n_epochs: 5000
[2026-04-08 15:15:54]   normalization_method: None
[2026-04-08 15:15:54]   normalize: False
[2026-04-08 15:15:54]   optimizer: Adam
[2026-04-08 15:15:54]   paradigm: SSVEP
[2026-04-08 15:15:54]   pretrained_url: https://huggingface.co/braindecode/SignalJEPA/resolve/main/signal-jepa_16s-60_adeuwv4s.pth
[2026-04-08 15:15:54]   seed: 5
[2026-04-08 15:15:54]   set_eeg_reference: True
[2026-04-08 15:15:54]   set_seed: True
[2026-04-08 15:15:54]   sfreq: 128
[2026-04-08 15:15:54]   subjects_to_use: None
[2026-04-08 15:15:54]   val_split: 0.2
[2026-04-08 15:15:54] ======================================================================
[2026-04-08 15:15:54] Config saved to: /home/vegorov/Repos/eeg_jepa_research/artifacts/lee-2019-fine-tuning/SSVEP/20260408_1515_cdfe1f4d/config.json
[2026-04-08 15:15:54] Epoch window configuration:
[2026-04-08 15:15:54]   Target sfreq:                128 Hz
[2026-04-08 15:15:54]   Target duration:             4.190000 s
[2026-04-08 15:15:54]   Window samples (rounded):    536
[2026-04-08 15:15:54]   Base trial samples (4.0 s):  512
[2026-04-08 15:15:54]   Trial stop offset samples:   24
[2026-04-08 15:15:54]   Effective window duration:   4.187500 s
[2026-04-08 15:15:54] Dataset code: Lee2019-SSVEP
[2026-04-08 15:15:54] Subjects Total: 54
[2026-04-08 15:15:54] Events: {'12.0': 1, '8.57': 2, '6.67': 3, '5.45': 4}
[2026-04-08 15:15:54] Interval: [0.0, 4.0]
[2026-04-08 15:15:54] Paradigm: ssvep
[2026-04-08 15:15:54] Selected subjects: [48, 49, 50, 51, 52, 53, 54]
[2026-04-08 15:15:54] Expected evaluation folds: 35

[2026-04-08 15:15:54] Building MOABBDataset for Lee2019_SSVEP...
[2026-04-08 15:16:55] MOABBDataset recordings loaded: 7
[2026-04-08 15:16:55] Discovered annotation descriptions (first recording): [np.str_('12.0'), np.str_('5.45'), np.str_('6.67'), np.str_('8.57')]
[2026-04-08 15:16:55] Dataset event_id mapping: {'12.0': 1, '8.57': 2, '6.67': 3, '5.45': 4}
[2026-04-08 15:16:55] Label map (event_code -> class_index): {1: 0, 2: 1, 3: 2, 4: 3}
[2026-04-08 15:16:55] Applying Braindecode preprocessors to MOABBDataset...
[2026-04-08 15:17:16] Preprocessing complete.

[2026-04-08 15:17:16] Post-preprocessing validation
[2026-04-08 15:17:16]   Recordings in DATASET: 7
[2026-04-08 15:17:16]   Unique subject IDs:    ['48', '49', '50', '51', '52', '53', '54']
[2026-04-08 15:17:16]   sfreq (first rec):     128.0 Hz
[2026-04-08 15:17:16]   EEG channel count:     62
[2026-04-08 15:17:16]   First 10 channels:     ['Fp1', 'Fp2', 'F7', 'F3', 'Fz', 'F4', 'F8', 'FC5', 'FC1', 'FC2']
[2026-04-08 15:17:16] Channel consistency summary:
[2026-04-08 15:17:16]   Checked runs: 7
[2026-04-08 15:17:16]   Unique channel counts: [62]
[2026-04-08 15:17:16]   Channel order consistent: True
[2026-04-08 15:17:16] Validated EEG channels: 62
[2026-04-08 15:17:16] First 10 EEG channels: ['Fp1', 'Fp2', 'F7', 'F3', 'Fz', 'F4', 'F8', 'FC5', 'FC1', 'FC2']
[2026-04-08 15:17:16] raw mean_abs=5.694107e+00
[2026-04-08 15:17:16] raw std=9.673204e+00
[2026-04-08 15:17:16] raw first5 channel std= [20.88084496 30.01218713  8.07836311  6.42235698  6.36959473]
[2026-04-08 15:17:16] Requested window samples: 536
[2026-04-08 15:17:16] Base trial samples:       512
[2026-04-08 15:17:16] Stop offset samples:      24
[2026-04-08 15:17:16] Global class counts: [175, 175, 175, 175]
[2026-04-08 15:17:16] Chance level (4-class): 0.25
[2026-04-08 15:17:16] One window shape: (62, 536)
[2026-04-08 15:17:16] One window label: 1
[2026-04-08 15:17:16] Window sample length expected=536, got=536
[2026-04-08 15:17:16] Subjects in window split: [48, 49, 50, 51, 52, 53, 54]
[2026-04-08 15:17:16] Summarizing per-subject windows...
[2026-04-08 15:17:16]   Subject 48: n_windows=100, window_shape=(62, 536), class_counts=[25, 25, 25, 25]
[2026-04-08 15:17:16]   Subject 49: n_windows=100, window_shape=(62, 536), class_counts=[25, 25, 25, 25]
[2026-04-08 15:17:16]   Subject 50: n_windows=100, window_shape=(62, 536), class_counts=[25, 25, 25, 25]
[2026-04-08 15:17:16]   Subject 51: n_windows=100, window_shape=(62, 536), class_counts=[25, 25, 25, 25]
[2026-04-08 15:17:16]   Subject 52: n_windows=100, window_shape=(62, 536), class_counts=[25, 25, 25, 25]
[2026-04-08 15:17:17]   Subject 53: n_windows=100, window_shape=(62, 536), class_counts=[25, 25, 25, 25]
[2026-04-08 15:17:17]   Subject 54: n_windows=100, window_shape=(62, 536), class_counts=[25, 25, 25, 25]
[2026-04-08 15:17:17]    subject_id  n_windows  n_channels  n_times      class_counts
0          48        100          62      536  [25, 25, 25, 25]
1          49        100          62      536  [25, 25, 25, 25]
2          50        100          62      536  [25, 25, 25, 25]
3          51        100          62      536  [25, 25, 25, 25]
4          52        100          62      536  [25, 25, 25, 25]
5          53        100          62      536  [25, 25, 25, 25]
6          54        100          62      536  [25, 25, 25, 25]
[2026-04-08 15:17:17] Window validation summary:
[2026-04-08 15:17:17]   Subject 48: n_windows=100 class_counts=[25, 25, 25, 25]
[2026-04-08 15:17:17]   Subject 49: n_windows=100 class_counts=[25, 25, 25, 25]
[2026-04-08 15:17:17]   Subject 50: n_windows=100 class_counts=[25, 25, 25, 25]
[2026-04-08 15:17:17]   Subject 51: n_windows=100 class_counts=[25, 25, 25, 25]
[2026-04-08 15:17:17]   Subject 52: n_windows=100 class_counts=[25, 25, 25, 25]
[2026-04-08 15:17:17]   Subject 53: n_windows=100 class_counts=[25, 25, 25, 25]
[2026-04-08 15:17:17]   Subject 54: n_windows=100 class_counts=[25, 25, 25, 25]

[2026-04-08 15:17:17] Validated sampling rate target: 128 Hz
[2026-04-08 15:17:17] Validated window sample count:   536
[2026-04-08 15:17:17] Validated window duration:       4.1875 s
[2026-04-08 15:17:17] Validated channel count:         62
[2026-04-08 15:17:17] Total windows retained:          700
[2026-04-08 15:17:17] Preprocessing sanity checks:
[2026-04-08 15:17:17]   One sample label: 1
[2026-04-08 15:17:17]   One sample shape: (62, 536)
[2026-04-08 15:17:17]   Mean(abs(signal)): 3.146920e+00
[2026-04-08 15:17:17]   Mean(signal):      0.000000e+00
[2026-04-08 15:17:17]   Std(signal):       4.050236e+00
[2026-04-08 15:17:17] Building model with input window duration: 4.1875 s
[2026-04-08 15:17:17] SignalJEPA_PreLocal instantiated successfully.
[2026-04-08 15:17:17]   Total parameters:     18,192
[2026-04-08 15:17:17]   Trainable parameters: 18,192
[2026-04-08 15:17:17] ======================================================================================================================================================
Layer (type (var_name):depth-idx)                  Input Shape               Output Shape              Param #                   Kernel Shape
======================================================================================================================================================
SignalJEPA_PreLocal (SignalJEPA_PreLocal)          [1, 62, 536]              [1, 4]                    --                        --
├─Sequential (spatial_conv): 1-1                   [1, 62, 536]              [1, 4, 536]               --                        --
│    └─Rearrange (0): 2-1                          [1, 62, 536]              [1, 1, 62, 536]           --                        --
│    └─Conv2d (1): 2-2                             [1, 1, 62, 536]           [1, 4, 1, 536]            252                       [62, 1]
│    └─Rearrange (2): 2-3                          [1, 4, 1, 536]            [1, 4, 536]               --                        --
├─_ConvFeatureEncoder (feature_encoder): 1-2       [1, 4, 536]               [1, 16, 64]               --                        --
│    └─Rearrange (0): 2-4                          [1, 4, 536]               [4, 1, 536]               --                        --
│    └─Sequential (1): 2-5                         [4, 1, 536]               [4, 8, 64]                --                        --
│    │    └─Conv1d (0): 3-1                        [4, 1, 536]               [4, 8, 64]                256                       [32]
│    │    └─Dropout (1): 3-2                       [4, 8, 64]                [4, 8, 64]                --                        --
│    │    └─GroupNorm (2): 3-3                     [4, 8, 64]                [4, 8, 64]                16                        --
│    │    └─GELU (3): 3-4                          [4, 8, 64]                [4, 8, 64]                --                        --
│    └─Sequential (2): 2-6                         [4, 8, 64]                [4, 16, 32]               --                        --
│    │    └─Conv1d (0): 3-5                        [4, 8, 64]                [4, 16, 32]               256                       [2]
│    │    └─Dropout (1): 3-6                       [4, 16, 32]               [4, 16, 32]               --                        --
│    │    └─GELU (2): 3-7                          [4, 16, 32]               [4, 16, 32]               --                        --
│    └─Sequential (3): 2-7                         [4, 16, 32]               [4, 32, 16]               --                        --
│    │    └─Conv1d (0): 3-8                        [4, 16, 32]               [4, 32, 16]               1,024                     [2]
│    │    └─Dropout (1): 3-9                       [4, 32, 16]               [4, 32, 16]               --                        --
│    │    └─GELU (2): 3-10                         [4, 32, 16]               [4, 32, 16]               --                        --
│    └─Sequential (4): 2-8                         [4, 32, 16]               [4, 64, 8]                --                        --
│    │    └─Conv1d (0): 3-11                       [4, 32, 16]               [4, 64, 8]                4,096                     [2]
│    │    └─Dropout (1): 3-12                      [4, 64, 8]                [4, 64, 8]                --                        --
│    │    └─GELU (2): 3-13                         [4, 64, 8]                [4, 64, 8]                --                        --
│    └─Sequential (5): 2-9                         [4, 64, 8]                [4, 64, 4]                --                        --
│    │    └─Conv1d (0): 3-14                       [4, 64, 8]                [4, 64, 4]                8,192                     [2]
│    │    └─Dropout (1): 3-15                      [4, 64, 4]                [4, 64, 4]                --                        --
│    │    └─GELU (2): 3-16                         [4, 64, 4]                [4, 64, 4]                --                        --
│    └─Rearrange (6): 2-10                         [4, 64, 4]                [1, 16, 64]               --                        --
├─Sequential (final_layer): 1-3                    [1, 16, 64]               [1, 4]                    --                        --
│    └─Flatten (0): 2-11                           [1, 16, 64]               [1, 1024]                 --                        --
│    └─Linear (1): 2-12                            [1, 1024]                 [1, 4]                    4,100                     --
======================================================================================================================================================
Total params: 18,192
Trainable params: 18,192
Non-trainable params: 0
Total mult-adds (Units.MEGABYTES): 0.57
======================================================================================================================================================
Input size (MB): 0.13
Forward/backward pass size (MB): 0.11
Params size (MB): 0.07
Estimated Total Size (MB): 0.31
======================================================================================================================================================
[2026-04-08 15:17:17] Initializing from 16s-60 pretrained checkpoint (Hugging Face):
[2026-04-08 15:17:17]   https://huggingface.co/braindecode/SignalJEPA/resolve/main/signal-jepa_16s-60_adeuwv4s.pth
[2026-04-08 15:17:17]   Downloaded 179 keys
[2026-04-08 15:17:17] ======================================================================
[2026-04-08 15:17:17] STARTING CROSS-VALIDATION
[2026-04-08 15:17:17] ======================================================================
[2026-04-08 15:17:17] Subjects:      [48, 49, 50, 51, 52, 53, 54]
[2026-04-08 15:17:17] CV folds:      5
[2026-04-08 15:17:17] Batch size:    32
[2026-04-08 15:17:17] Max epochs:    5000
[2026-04-08 15:17:17] Device:        cpu
[2026-04-08 15:17:17] Seed control:  True
[2026-04-08 15:17:17] Base seed:     5
[2026-04-08 15:17:17] ======================================================================

[2026-04-08 15:17:17] Subject 48: 100 windows | class_counts=[25, 25, 25, 25]
[2026-04-08 15:17:17]   Fold 1 class counts: train=[16, 16, 16, 16] val=[4, 4, 4, 4] test=[5, 5, 5, 5]
[2026-04-08 15:17:17]   Fold 2 class counts: train=[16, 16, 16, 16] val=[4, 4, 4, 4] test=[5, 5, 5, 5]
[2026-04-08 15:17:17]   Fold 3 class counts: train=[16, 16, 16, 16] val=[4, 4, 4, 4] test=[5, 5, 5, 5]
[2026-04-08 15:17:17]   Fold 4 class counts: train=[16, 16, 16, 16] val=[4, 4, 4, 4] test=[5, 5, 5, 5]
[2026-04-08 15:17:17]   Fold 5 class counts: train=[16, 16, 16, 16] val=[4, 4, 4, 4] test=[5, 5, 5, 5]
[2026-04-08 15:17:17]     Train class counts: [16, 16, 16, 16]
[2026-04-08 15:17:17]     Val class counts:   [4, 4, 4, 4]
[2026-04-08 15:17:17]     Test class counts:  [5, 5, 5, 5]
[2026-04-08 15:17:17] Building model with input window duration: 4.1875 s
[2026-04-08 15:17:17] Pretrained weight loading:
[2026-04-08 15:17:17]   Downloaded keys:        179
[2026-04-08 15:17:17]   Filtered (transformer): 172
[2026-04-08 15:17:17]   Filtered (pos_encoder): 0
[2026-04-08 15:17:17]   Keys to load:           7
[2026-04-08 15:17:17]   Missing keys:           4
[2026-04-08 15:17:17]   Unexpected keys:        0
[2026-04-08 15:17:17]   Missing preview:        ['spatial_conv.1.weight', 'spatial_conv.1.bias', 'final_layer.1.weight', 'final_layer.1.bias']
[2026-04-08 15:17:17]   Unexpected preview:     []
[2026-04-08 15:17:17] Trainable modules: spatial_conv + final_layer (4,352 / 18,192 params, 23.9%)
[2026-04-08 15:17:17]   - final_layer.1.bias
[2026-04-08 15:17:17]   - final_layer.1.weight
[2026-04-08 15:17:17]   - spatial_conv.1.bias
[2026-04-08 15:17:17]   - spatial_conv.1.weight
[2026-04-08 15:18:02]   Fold 1/5 | best_epoch=4997 | stop=5000 | val_loss=0.0183 | acc=0.9500 | bal_acc=0.9500
[2026-04-08 15:18:02]     Train class counts: [16, 16, 16, 16]
[2026-04-08 15:18:02]     Val class counts:   [4, 4, 4, 4]
[2026-04-08 15:18:02]     Test class counts:  [5, 5, 5, 5]
[2026-04-08 15:18:02] Building model with input window duration: 4.1875 s
[2026-04-08 15:18:02] Pretrained weight loading:
[2026-04-08 15:18:02]   Downloaded keys:        179
[2026-04-08 15:18:02]   Filtered (transformer): 172
[2026-04-08 15:18:02]   Filtered (pos_encoder): 0
[2026-04-08 15:18:02]   Keys to load:           7
[2026-04-08 15:18:02]   Missing keys:           4
[2026-04-08 15:18:02]   Unexpected keys:        0
[2026-04-08 15:18:02]   Missing preview:        ['spatial_conv.1.weight', 'spatial_conv.1.bias', 'final_layer.1.weight', 'final_layer.1.bias']
[2026-04-08 15:18:02]   Unexpected preview:     []
[2026-04-08 15:18:48]   Fold 2/5 | best_epoch=4992 | stop=5000 | val_loss=0.0047 | acc=0.9500 | bal_acc=0.9500
[2026-04-08 15:18:48]     Train class counts: [16, 16, 16, 16]
[2026-04-08 15:18:48]     Val class counts:   [4, 4, 4, 4]
[2026-04-08 15:18:48]     Test class counts:  [5, 5, 5, 5]
[2026-04-08 15:18:48] Building model with input window duration: 4.1875 s
[2026-04-08 15:18:48] Pretrained weight loading:
[2026-04-08 15:18:48]   Downloaded keys:        179
[2026-04-08 15:18:48]   Filtered (transformer): 172
[2026-04-08 15:18:48]   Filtered (pos_encoder): 0
[2026-04-08 15:18:48]   Keys to load:           7
[2026-04-08 15:18:48]   Missing keys:           4
[2026-04-08 15:18:48]   Unexpected keys:        0
[2026-04-08 15:18:48]   Missing preview:        ['spatial_conv.1.weight', 'spatial_conv.1.bias', 'final_layer.1.weight', 'final_layer.1.bias']
[2026-04-08 15:18:48]   Unexpected preview:     []
[2026-04-08 15:19:34]   Fold 3/5 | best_epoch=4996 | stop=5000 | val_loss=0.0035 | acc=1.0000 | bal_acc=1.0000
[2026-04-08 15:19:34]     Train class counts: [16, 16, 16, 16]
[2026-04-08 15:19:34]     Val class counts:   [4, 4, 4, 4]
[2026-04-08 15:19:34]     Test class counts:  [5, 5, 5, 5]
[2026-04-08 15:19:34] Building model with input window duration: 4.1875 s
[2026-04-08 15:19:34] Pretrained weight loading:
[2026-04-08 15:19:34]   Downloaded keys:        179
[2026-04-08 15:19:34]   Filtered (transformer): 172
[2026-04-08 15:19:34]   Filtered (pos_encoder): 0
[2026-04-08 15:19:34]   Keys to load:           7
[2026-04-08 15:19:34]   Missing keys:           4
[2026-04-08 15:19:34]   Unexpected keys:        0
[2026-04-08 15:19:34]   Missing preview:        ['spatial_conv.1.weight', 'spatial_conv.1.bias', 'final_layer.1.weight', 'final_layer.1.bias']
[2026-04-08 15:19:34]   Unexpected preview:     []
[2026-04-08 15:20:02]   Fold 4/5 | best_epoch=2979 | stop=3029 | val_loss=0.0393 | acc=0.9500 | bal_acc=0.9500
[2026-04-08 15:20:02]     Train class counts: [16, 16, 16, 16]
[2026-04-08 15:20:02]     Val class counts:   [4, 4, 4, 4]
[2026-04-08 15:20:02]     Test class counts:  [5, 5, 5, 5]
[2026-04-08 15:20:02] Building model with input window duration: 4.1875 s
[2026-04-08 15:20:02] Pretrained weight loading:
[2026-04-08 15:20:02]   Downloaded keys:        179
[2026-04-08 15:20:02]   Filtered (transformer): 172
[2026-04-08 15:20:02]   Filtered (pos_encoder): 0
[2026-04-08 15:20:02]   Keys to load:           7
[2026-04-08 15:20:02]   Missing keys:           4
[2026-04-08 15:20:02]   Unexpected keys:        0
[2026-04-08 15:20:02]   Missing preview:        ['spatial_conv.1.weight', 'spatial_conv.1.bias', 'final_layer.1.weight', 'final_layer.1.bias']
[2026-04-08 15:20:02]   Unexpected preview:     []
[2026-04-08 15:20:36]   Fold 5/5 | best_epoch=3800 | stop=3850 | val_loss=0.0634 | acc=1.0000 | bal_acc=1.0000
[2026-04-08 15:20:36]   Subject 48 summary: acc=0.9700±0.0245  bal_acc=0.9700±0.0245

[2026-04-08 15:20:36] Subject 49: 100 windows | class_counts=[25, 25, 25, 25]
[2026-04-08 15:20:36]   Fold 1 class counts: train=[16, 16, 16, 16] val=[4, 4, 4, 4] test=[5, 5, 5, 5]
[2026-04-08 15:20:36]   Fold 2 class counts: train=[16, 16, 16, 16] val=[4, 4, 4, 4] test=[5, 5, 5, 5]
[2026-04-08 15:20:36]   Fold 3 class counts: train=[16, 16, 16, 16] val=[4, 4, 4, 4] test=[5, 5, 5, 5]
[2026-04-08 15:20:36]   Fold 4 class counts: train=[16, 16, 16, 16] val=[4, 4, 4, 4] test=[5, 5, 5, 5]
[2026-04-08 15:20:36]   Fold 5 class counts: train=[16, 16, 16, 16] val=[4, 4, 4, 4] test=[5, 5, 5, 5]
[2026-04-08 15:20:36]     Train class counts: [16, 16, 16, 16]
[2026-04-08 15:20:36]     Val class counts:   [4, 4, 4, 4]
[2026-04-08 15:20:36]     Test class counts:  [5, 5, 5, 5]
[2026-04-08 15:20:36] Building model with input window duration: 4.1875 s
[2026-04-08 15:20:36] Pretrained weight loading:
[2026-04-08 15:20:36]   Downloaded keys:        179
[2026-04-08 15:20:36]   Filtered (transformer): 172
[2026-04-08 15:20:36]   Filtered (pos_encoder): 0
[2026-04-08 15:20:36]   Keys to load:           7
[2026-04-08 15:20:36]   Missing keys:           4
[2026-04-08 15:20:36]   Unexpected keys:        0
[2026-04-08 15:20:36]   Missing preview:        ['spatial_conv.1.weight', 'spatial_conv.1.bias', 'final_layer.1.weight', 'final_layer.1.bias']
[2026-04-08 15:20:36]   Unexpected preview:     []
[2026-04-08 15:21:06]   Fold 1/5 | best_epoch=3275 | stop=3325 | val_loss=0.2506 | acc=1.0000 | bal_acc=1.0000
[2026-04-08 15:21:06]     Train class counts: [16, 16, 16, 16]
[2026-04-08 15:21:06]     Val class counts:   [4, 4, 4, 4]
[2026-04-08 15:21:06]     Test class counts:  [5, 5, 5, 5]
[2026-04-08 15:21:06] Building model with input window duration: 4.1875 s
[2026-04-08 15:21:06] Pretrained weight loading:
[2026-04-08 15:21:06]   Downloaded keys:        179
[2026-04-08 15:21:06]   Filtered (transformer): 172
[2026-04-08 15:21:06]   Filtered (pos_encoder): 0
[2026-04-08 15:21:06]   Keys to load:           7
[2026-04-08 15:21:06]   Missing keys:           4
[2026-04-08 15:21:06]   Unexpected keys:        0
[2026-04-08 15:21:06]   Missing preview:        ['spatial_conv.1.weight', 'spatial_conv.1.bias', 'final_layer.1.weight', 'final_layer.1.bias']
[2026-04-08 15:21:06]   Unexpected preview:     []
[2026-04-08 15:21:24]   Fold 2/5 | best_epoch=1911 | stop=1961 | val_loss=0.4685 | acc=0.9000 | bal_acc=0.9000
[2026-04-08 15:21:24]     Train class counts: [16, 16, 16, 16]
[2026-04-08 15:21:24]     Val class counts:   [4, 4, 4, 4]
[2026-04-08 15:21:24]     Test class counts:  [5, 5, 5, 5]
[2026-04-08 15:21:24] Building model with input window duration: 4.1875 s
[2026-04-08 15:21:24] Pretrained weight loading:
[2026-04-08 15:21:24]   Downloaded keys:        179
[2026-04-08 15:21:24]   Filtered (transformer): 172
[2026-04-08 15:21:24]   Filtered (pos_encoder): 0
[2026-04-08 15:21:24]   Keys to load:           7
[2026-04-08 15:21:24]   Missing keys:           4
[2026-04-08 15:21:24]   Unexpected keys:        0
[2026-04-08 15:21:24]   Missing preview:        ['spatial_conv.1.weight', 'spatial_conv.1.bias', 'final_layer.1.weight', 'final_layer.1.bias']
[2026-04-08 15:21:24]   Unexpected preview:     []
[2026-04-08 15:21:41]   Fold 3/5 | best_epoch=1771 | stop=1821 | val_loss=0.4729 | acc=0.9000 | bal_acc=0.9000
[2026-04-08 15:21:41]     Train class counts: [16, 16, 16, 16]
[2026-04-08 15:21:41]     Val class counts:   [4, 4, 4, 4]
[2026-04-08 15:21:41]     Test class counts:  [5, 5, 5, 5]
[2026-04-08 15:21:41] Building model with input window duration: 4.1875 s
[2026-04-08 15:21:41] Pretrained weight loading:
[2026-04-08 15:21:41]   Downloaded keys:        179
[2026-04-08 15:21:41]   Filtered (transformer): 172
[2026-04-08 15:21:41]   Filtered (pos_encoder): 0
[2026-04-08 15:21:41]   Keys to load:           7
[2026-04-08 15:21:41]   Missing keys:           4
[2026-04-08 15:21:41]   Unexpected keys:        0
[2026-04-08 15:21:41]   Missing preview:        ['spatial_conv.1.weight', 'spatial_conv.1.bias', 'final_layer.1.weight', 'final_layer.1.bias']
[2026-04-08 15:21:41]   Unexpected preview:     []
[2026-04-08 15:22:09]   Fold 4/5 | best_epoch=3042 | stop=3092 | val_loss=0.1930 | acc=0.9500 | bal_acc=0.9500
[2026-04-08 15:22:09]     Train class counts: [16, 16, 16, 16]
[2026-04-08 15:22:09]     Val class counts:   [4, 4, 4, 4]
[2026-04-08 15:22:09]     Test class counts:  [5, 5, 5, 5]
[2026-04-08 15:22:09] Building model with input window duration: 4.1875 s
[2026-04-08 15:22:09] Pretrained weight loading:
[2026-04-08 15:22:09]   Downloaded keys:        179
[2026-04-08 15:22:09]   Filtered (transformer): 172
[2026-04-08 15:22:09]   Filtered (pos_encoder): 0
[2026-04-08 15:22:09]   Keys to load:           7
[2026-04-08 15:22:09]   Missing keys:           4
[2026-04-08 15:22:09]   Unexpected keys:        0
[2026-04-08 15:22:09]   Missing preview:        ['spatial_conv.1.weight', 'spatial_conv.1.bias', 'final_layer.1.weight', 'final_layer.1.bias']
[2026-04-08 15:22:09]   Unexpected preview:     []
[2026-04-08 15:22:53]   Fold 5/5 | best_epoch=4633 | stop=4683 | val_loss=0.0807 | acc=0.9000 | bal_acc=0.9000
[2026-04-08 15:22:53]   Subject 49 summary: acc=0.9300±0.0400  bal_acc=0.9300±0.0400

[2026-04-08 15:22:53] Subject 50: 100 windows | class_counts=[25, 25, 25, 25]
[2026-04-08 15:22:53]   Fold 1 class counts: train=[16, 16, 16, 16] val=[4, 4, 4, 4] test=[5, 5, 5, 5]
[2026-04-08 15:22:53]   Fold 2 class counts: train=[16, 16, 16, 16] val=[4, 4, 4, 4] test=[5, 5, 5, 5]
[2026-04-08 15:22:53]   Fold 3 class counts: train=[16, 16, 16, 16] val=[4, 4, 4, 4] test=[5, 5, 5, 5]
[2026-04-08 15:22:53]   Fold 4 class counts: train=[16, 16, 16, 16] val=[4, 4, 4, 4] test=[5, 5, 5, 5]
[2026-04-08 15:22:53]   Fold 5 class counts: train=[16, 16, 16, 16] val=[4, 4, 4, 4] test=[5, 5, 5, 5]
[2026-04-08 15:22:53]     Train class counts: [16, 16, 16, 16]
[2026-04-08 15:22:53]     Val class counts:   [4, 4, 4, 4]
[2026-04-08 15:22:53]     Test class counts:  [5, 5, 5, 5]
[2026-04-08 15:22:53] Building model with input window duration: 4.1875 s
[2026-04-08 15:22:53] Pretrained weight loading:
[2026-04-08 15:22:53]   Downloaded keys:        179
[2026-04-08 15:22:53]   Filtered (transformer): 172
[2026-04-08 15:22:53]   Filtered (pos_encoder): 0
[2026-04-08 15:22:53]   Keys to load:           7
[2026-04-08 15:22:53]   Missing keys:           4
[2026-04-08 15:22:53]   Unexpected keys:        0
[2026-04-08 15:22:53]   Missing preview:        ['spatial_conv.1.weight', 'spatial_conv.1.bias', 'final_layer.1.weight', 'final_layer.1.bias']
[2026-04-08 15:22:53]   Unexpected preview:     []
[2026-04-08 15:23:27]   Fold 1/5 | best_epoch=3595 | stop=3645 | val_loss=0.0518 | acc=1.0000 | bal_acc=1.0000
[2026-04-08 15:23:27]     Train class counts: [16, 16, 16, 16]
[2026-04-08 15:23:27]     Val class counts:   [4, 4, 4, 4]
[2026-04-08 15:23:27]     Test class counts:  [5, 5, 5, 5]
[2026-04-08 15:23:27] Building model with input window duration: 4.1875 s
[2026-04-08 15:23:27] Pretrained weight loading:
[2026-04-08 15:23:27]   Downloaded keys:        179
[2026-04-08 15:23:27]   Filtered (transformer): 172
[2026-04-08 15:23:27]   Filtered (pos_encoder): 0
[2026-04-08 15:23:27]   Keys to load:           7
[2026-04-08 15:23:27]   Missing keys:           4
[2026-04-08 15:23:27]   Unexpected keys:        0
[2026-04-08 15:23:27]   Missing preview:        ['spatial_conv.1.weight', 'spatial_conv.1.bias', 'final_layer.1.weight', 'final_layer.1.bias']
[2026-04-08 15:23:27]   Unexpected preview:     []
[2026-04-08 15:23:56]   Fold 2/5 | best_epoch=3077 | stop=3127 | val_loss=0.1531 | acc=1.0000 | bal_acc=1.0000
[2026-04-08 15:23:56]     Train class counts: [16, 16, 16, 16]
[2026-04-08 15:23:56]     Val class counts:   [4, 4, 4, 4]
[2026-04-08 15:23:56]     Test class counts:  [5, 5, 5, 5]
[2026-04-08 15:23:56] Building model with input window duration: 4.1875 s
[2026-04-08 15:23:56] Pretrained weight loading:
[2026-04-08 15:23:56]   Downloaded keys:        179
[2026-04-08 15:23:56]   Filtered (transformer): 172
[2026-04-08 15:23:56]   Filtered (pos_encoder): 0
[2026-04-08 15:23:56]   Keys to load:           7
[2026-04-08 15:23:56]   Missing keys:           4
[2026-04-08 15:23:56]   Unexpected keys:        0
[2026-04-08 15:23:56]   Missing preview:        ['spatial_conv.1.weight', 'spatial_conv.1.bias', 'final_layer.1.weight', 'final_layer.1.bias']
[2026-04-08 15:23:56]   Unexpected preview:     []
[2026-04-08 15:24:43]   Fold 3/5 | best_epoch=4994 | stop=5000 | val_loss=0.0178 | acc=1.0000 | bal_acc=1.0000
[2026-04-08 15:24:43]     Train class counts: [16, 16, 16, 16]
[2026-04-08 15:24:43]     Val class counts:   [4, 4, 4, 4]
[2026-04-08 15:24:43]     Test class counts:  [5, 5, 5, 5]
[2026-04-08 15:24:43] Building model with input window duration: 4.1875 s
[2026-04-08 15:24:43] Pretrained weight loading:
[2026-04-08 15:24:43]   Downloaded keys:        179
[2026-04-08 15:24:43]   Filtered (transformer): 172
[2026-04-08 15:24:43]   Filtered (pos_encoder): 0
[2026-04-08 15:24:43]   Keys to load:           7
[2026-04-08 15:24:43]   Missing keys:           4
[2026-04-08 15:24:43]   Unexpected keys:        0
[2026-04-08 15:24:43]   Missing preview:        ['spatial_conv.1.weight', 'spatial_conv.1.bias', 'final_layer.1.weight', 'final_layer.1.bias']
[2026-04-08 15:24:43]   Unexpected preview:     []
[2026-04-08 15:25:29]   Fold 4/5 | best_epoch=4992 | stop=5000 | val_loss=0.0265 | acc=0.9500 | bal_acc=0.9500
[2026-04-08 15:25:29]     Train class counts: [16, 16, 16, 16]
[2026-04-08 15:25:29]     Val class counts:   [4, 4, 4, 4]
[2026-04-08 15:25:29]     Test class counts:  [5, 5, 5, 5]
[2026-04-08 15:25:29] Building model with input window duration: 4.1875 s
[2026-04-08 15:25:29] Pretrained weight loading:
[2026-04-08 15:25:29]   Downloaded keys:        179
[2026-04-08 15:25:29]   Filtered (transformer): 172
[2026-04-08 15:25:29]   Filtered (pos_encoder): 0
[2026-04-08 15:25:29]   Keys to load:           7
[2026-04-08 15:25:29]   Missing keys:           4
[2026-04-08 15:25:29]   Unexpected keys:        0
[2026-04-08 15:25:29]   Missing preview:        ['spatial_conv.1.weight', 'spatial_conv.1.bias', 'final_layer.1.weight', 'final_layer.1.bias']
[2026-04-08 15:25:29]   Unexpected preview:     []
[2026-04-08 15:25:57]   Fold 5/5 | best_epoch=3070 | stop=3120 | val_loss=0.0853 | acc=1.0000 | bal_acc=1.0000
[2026-04-08 15:25:57]   Subject 50 summary: acc=0.9900±0.0200  bal_acc=0.9900±0.0200

[2026-04-08 15:25:57] Subject 51: 100 windows | class_counts=[25, 25, 25, 25]
[2026-04-08 15:25:57]   Fold 1 class counts: train=[16, 16, 16, 16] val=[4, 4, 4, 4] test=[5, 5, 5, 5]
[2026-04-08 15:25:57]   Fold 2 class counts: train=[16, 16, 16, 16] val=[4, 4, 4, 4] test=[5, 5, 5, 5]
[2026-04-08 15:25:57]   Fold 3 class counts: train=[16, 16, 16, 16] val=[4, 4, 4, 4] test=[5, 5, 5, 5]
[2026-04-08 15:25:57]   Fold 4 class counts: train=[16, 16, 16, 16] val=[4, 4, 4, 4] test=[5, 5, 5, 5]
[2026-04-08 15:25:57]   Fold 5 class counts: train=[16, 16, 16, 16] val=[4, 4, 4, 4] test=[5, 5, 5, 5]
[2026-04-08 15:25:58]     Train class counts: [16, 16, 16, 16]
[2026-04-08 15:25:58]     Val class counts:   [4, 4, 4, 4]
[2026-04-08 15:25:58]     Test class counts:  [5, 5, 5, 5]
[2026-04-08 15:25:58] Building model with input window duration: 4.1875 s
[2026-04-08 15:25:58] Pretrained weight loading:
[2026-04-08 15:25:58]   Downloaded keys:        179
[2026-04-08 15:25:58]   Filtered (transformer): 172
[2026-04-08 15:25:58]   Filtered (pos_encoder): 0
[2026-04-08 15:25:58]   Keys to load:           7
[2026-04-08 15:25:58]   Missing keys:           4
[2026-04-08 15:25:58]   Unexpected keys:        0
[2026-04-08 15:25:58]   Missing preview:        ['spatial_conv.1.weight', 'spatial_conv.1.bias', 'final_layer.1.weight', 'final_layer.1.bias']
[2026-04-08 15:25:58]   Unexpected preview:     []
[2026-04-08 15:25:59]   Fold 1/5 | best_epoch=87 | stop=137 | val_loss=1.3776 | acc=0.3000 | bal_acc=0.3000
[2026-04-08 15:25:59]     Train class counts: [16, 16, 16, 16]
[2026-04-08 15:25:59]     Val class counts:   [4, 4, 4, 4]
[2026-04-08 15:25:59]     Test class counts:  [5, 5, 5, 5]
[2026-04-08 15:25:59] Building model with input window duration: 4.1875 s
[2026-04-08 15:25:59] Pretrained weight loading:
[2026-04-08 15:25:59]   Downloaded keys:        179
[2026-04-08 15:25:59]   Filtered (transformer): 172
[2026-04-08 15:25:59]   Filtered (pos_encoder): 0
[2026-04-08 15:25:59]   Keys to load:           7
[2026-04-08 15:25:59]   Missing keys:           4
[2026-04-08 15:25:59]   Unexpected keys:        0
[2026-04-08 15:25:59]   Missing preview:        ['spatial_conv.1.weight', 'spatial_conv.1.bias', 'final_layer.1.weight', 'final_layer.1.bias']
[2026-04-08 15:25:59]   Unexpected preview:     []
[2026-04-08 15:26:07]   Fold 2/5 | best_epoch=897 | stop=947 | val_loss=1.0072 | acc=0.4500 | bal_acc=0.4500
[2026-04-08 15:26:07]     Train class counts: [16, 16, 16, 16]
[2026-04-08 15:26:07]     Val class counts:   [4, 4, 4, 4]
[2026-04-08 15:26:07]     Test class counts:  [5, 5, 5, 5]
[2026-04-08 15:26:07] Building model with input window duration: 4.1875 s
[2026-04-08 15:26:07] Pretrained weight loading:
[2026-04-08 15:26:07]   Downloaded keys:        179
[2026-04-08 15:26:07]   Filtered (transformer): 172
[2026-04-08 15:26:07]   Filtered (pos_encoder): 0
[2026-04-08 15:26:07]   Keys to load:           7
[2026-04-08 15:26:07]   Missing keys:           4
[2026-04-08 15:26:07]   Unexpected keys:        0
[2026-04-08 15:26:07]   Missing preview:        ['spatial_conv.1.weight', 'spatial_conv.1.bias', 'final_layer.1.weight', 'final_layer.1.bias']
[2026-04-08 15:26:07]   Unexpected preview:     []
[2026-04-08 15:26:13]   Fold 3/5 | best_epoch=529 | stop=579 | val_loss=1.2556 | acc=0.4000 | bal_acc=0.4000
[2026-04-08 15:26:13]     Train class counts: [16, 16, 16, 16]
[2026-04-08 15:26:13]     Val class counts:   [4, 4, 4, 4]
[2026-04-08 15:26:13]     Test class counts:  [5, 5, 5, 5]
[2026-04-08 15:26:13] Building model with input window duration: 4.1875 s
[2026-04-08 15:26:13] Pretrained weight loading:
[2026-04-08 15:26:13]   Downloaded keys:        179
[2026-04-08 15:26:13]   Filtered (transformer): 172
[2026-04-08 15:26:13]   Filtered (pos_encoder): 0
[2026-04-08 15:26:13]   Keys to load:           7
[2026-04-08 15:26:13]   Missing keys:           4
[2026-04-08 15:26:13]   Unexpected keys:        0
[2026-04-08 15:26:13]   Missing preview:        ['spatial_conv.1.weight', 'spatial_conv.1.bias', 'final_layer.1.weight', 'final_layer.1.bias']
[2026-04-08 15:26:13]   Unexpected preview:     []
[2026-04-08 15:26:14]   Fold 4/5 | best_epoch=58 | stop=107 | val_loss=1.3748 | acc=0.3500 | bal_acc=0.3500
[2026-04-08 15:26:14]     Train class counts: [16, 16, 16, 16]
[2026-04-08 15:26:14]     Val class counts:   [4, 4, 4, 4]
[2026-04-08 15:26:14]     Test class counts:  [5, 5, 5, 5]
[2026-04-08 15:26:14] Building model with input window duration: 4.1875 s
[2026-04-08 15:26:14] Pretrained weight loading:
[2026-04-08 15:26:14]   Downloaded keys:        179
[2026-04-08 15:26:14]   Filtered (transformer): 172
[2026-04-08 15:26:14]   Filtered (pos_encoder): 0
[2026-04-08 15:26:14]   Keys to load:           7
[2026-04-08 15:26:14]   Missing keys:           4
[2026-04-08 15:26:14]   Unexpected keys:        0
[2026-04-08 15:26:14]   Missing preview:        ['spatial_conv.1.weight', 'spatial_conv.1.bias', 'final_layer.1.weight', 'final_layer.1.bias']
[2026-04-08 15:26:14]   Unexpected preview:     []
[2026-04-08 15:26:16]   Fold 5/5 | best_epoch=165 | stop=215 | val_loss=1.3684 | acc=0.2000 | bal_acc=0.2000
[2026-04-08 15:26:16]   Subject 51 summary: acc=0.3400±0.0860  bal_acc=0.3400±0.0860

[2026-04-08 15:26:16] Subject 52: 100 windows | class_counts=[25, 25, 25, 25]
[2026-04-08 15:26:16]   Fold 1 class counts: train=[16, 16, 16, 16] val=[4, 4, 4, 4] test=[5, 5, 5, 5]
[2026-04-08 15:26:16]   Fold 2 class counts: train=[16, 16, 16, 16] val=[4, 4, 4, 4] test=[5, 5, 5, 5]
[2026-04-08 15:26:16]   Fold 3 class counts: train=[16, 16, 16, 16] val=[4, 4, 4, 4] test=[5, 5, 5, 5]
[2026-04-08 15:26:16]   Fold 4 class counts: train=[16, 16, 16, 16] val=[4, 4, 4, 4] test=[5, 5, 5, 5]
[2026-04-08 15:26:16]   Fold 5 class counts: train=[16, 16, 16, 16] val=[4, 4, 4, 4] test=[5, 5, 5, 5]
[2026-04-08 15:26:16]     Train class counts: [16, 16, 16, 16]
[2026-04-08 15:26:16]     Val class counts:   [4, 4, 4, 4]
[2026-04-08 15:26:16]     Test class counts:  [5, 5, 5, 5]
[2026-04-08 15:26:16] Building model with input window duration: 4.1875 s
[2026-04-08 15:26:16] Pretrained weight loading:
[2026-04-08 15:26:16]   Downloaded keys:        179
[2026-04-08 15:26:16]   Filtered (transformer): 172
[2026-04-08 15:26:16]   Filtered (pos_encoder): 0
[2026-04-08 15:26:16]   Keys to load:           7
[2026-04-08 15:26:16]   Missing keys:           4
[2026-04-08 15:26:16]   Unexpected keys:        0
[2026-04-08 15:26:16]   Missing preview:        ['spatial_conv.1.weight', 'spatial_conv.1.bias', 'final_layer.1.weight', 'final_layer.1.bias']
[2026-04-08 15:26:16]   Unexpected preview:     []
[2026-04-08 15:26:50]   Fold 1/5 | best_epoch=3787 | stop=3837 | val_loss=0.1177 | acc=1.0000 | bal_acc=1.0000
[2026-04-08 15:26:50]     Train class counts: [16, 16, 16, 16]
[2026-04-08 15:26:50]     Val class counts:   [4, 4, 4, 4]
[2026-04-08 15:26:50]     Test class counts:  [5, 5, 5, 5]
[2026-04-08 15:26:50] Building model with input window duration: 4.1875 s
[2026-04-08 15:26:50] Pretrained weight loading:
[2026-04-08 15:26:50]   Downloaded keys:        179
[2026-04-08 15:26:50]   Filtered (transformer): 172
[2026-04-08 15:26:50]   Filtered (pos_encoder): 0
[2026-04-08 15:26:50]   Keys to load:           7
[2026-04-08 15:26:50]   Missing keys:           4
[2026-04-08 15:26:50]   Unexpected keys:        0
[2026-04-08 15:26:50]   Missing preview:        ['spatial_conv.1.weight', 'spatial_conv.1.bias', 'final_layer.1.weight', 'final_layer.1.bias']
[2026-04-08 15:26:50]   Unexpected preview:     []
[2026-04-08 15:27:36]   Fold 2/5 | best_epoch=4998 | stop=5000 | val_loss=0.0140 | acc=0.9500 | bal_acc=0.9500
[2026-04-08 15:27:36]     Train class counts: [16, 16, 16, 16]
[2026-04-08 15:27:36]     Val class counts:   [4, 4, 4, 4]
[2026-04-08 15:27:36]     Test class counts:  [5, 5, 5, 5]
[2026-04-08 15:27:36] Building model with input window duration: 4.1875 s
[2026-04-08 15:27:36] Pretrained weight loading:
[2026-04-08 15:27:36]   Downloaded keys:        179
[2026-04-08 15:27:36]   Filtered (transformer): 172
[2026-04-08 15:27:36]   Filtered (pos_encoder): 0
[2026-04-08 15:27:36]   Keys to load:           7
[2026-04-08 15:27:36]   Missing keys:           4
[2026-04-08 15:27:36]   Unexpected keys:        0
[2026-04-08 15:27:36]   Missing preview:        ['spatial_conv.1.weight', 'spatial_conv.1.bias', 'final_layer.1.weight', 'final_layer.1.bias']
[2026-04-08 15:27:36]   Unexpected preview:     []
[2026-04-08 15:28:16]   Fold 3/5 | best_epoch=4408 | stop=4458 | val_loss=0.0854 | acc=0.9500 | bal_acc=0.9500
[2026-04-08 15:28:16]     Train class counts: [16, 16, 16, 16]
[2026-04-08 15:28:16]     Val class counts:   [4, 4, 4, 4]
[2026-04-08 15:28:16]     Test class counts:  [5, 5, 5, 5]
[2026-04-08 15:28:16] Building model with input window duration: 4.1875 s
[2026-04-08 15:28:16] Pretrained weight loading:
[2026-04-08 15:28:16]   Downloaded keys:        179
[2026-04-08 15:28:16]   Filtered (transformer): 172
[2026-04-08 15:28:16]   Filtered (pos_encoder): 0
[2026-04-08 15:28:16]   Keys to load:           7
[2026-04-08 15:28:16]   Missing keys:           4
[2026-04-08 15:28:16]   Unexpected keys:        0
[2026-04-08 15:28:16]   Missing preview:        ['spatial_conv.1.weight', 'spatial_conv.1.bias', 'final_layer.1.weight', 'final_layer.1.bias']
[2026-04-08 15:28:16]   Unexpected preview:     []
[2026-04-08 15:28:33]   Fold 4/5 | best_epoch=1792 | stop=1842 | val_loss=0.2570 | acc=0.9500 | bal_acc=0.9500
[2026-04-08 15:28:33]     Train class counts: [16, 16, 16, 16]
[2026-04-08 15:28:33]     Val class counts:   [4, 4, 4, 4]
[2026-04-08 15:28:33]     Test class counts:  [5, 5, 5, 5]
[2026-04-08 15:28:33] Building model with input window duration: 4.1875 s
[2026-04-08 15:28:33] Pretrained weight loading:
[2026-04-08 15:28:33]   Downloaded keys:        179
[2026-04-08 15:28:33]   Filtered (transformer): 172
[2026-04-08 15:28:33]   Filtered (pos_encoder): 0
[2026-04-08 15:28:33]   Keys to load:           7
[2026-04-08 15:28:33]   Missing keys:           4
[2026-04-08 15:28:33]   Unexpected keys:        0
[2026-04-08 15:28:33]   Missing preview:        ['spatial_conv.1.weight', 'spatial_conv.1.bias', 'final_layer.1.weight', 'final_layer.1.bias']
[2026-04-08 15:28:33]   Unexpected preview:     []
[2026-04-08 15:29:04]   Fold 5/5 | best_epoch=3478 | stop=3528 | val_loss=0.1297 | acc=1.0000 | bal_acc=1.0000
[2026-04-08 15:29:04]   Subject 52 summary: acc=0.9700±0.0245  bal_acc=0.9700±0.0245

[2026-04-08 15:29:04] Subject 53: 100 windows | class_counts=[25, 25, 25, 25]
[2026-04-08 15:29:04]   Fold 1 class counts: train=[16, 16, 16, 16] val=[4, 4, 4, 4] test=[5, 5, 5, 5]
[2026-04-08 15:29:04]   Fold 2 class counts: train=[16, 16, 16, 16] val=[4, 4, 4, 4] test=[5, 5, 5, 5]
[2026-04-08 15:29:04]   Fold 3 class counts: train=[16, 16, 16, 16] val=[4, 4, 4, 4] test=[5, 5, 5, 5]
[2026-04-08 15:29:04]   Fold 4 class counts: train=[16, 16, 16, 16] val=[4, 4, 4, 4] test=[5, 5, 5, 5]
[2026-04-08 15:29:04]   Fold 5 class counts: train=[16, 16, 16, 16] val=[4, 4, 4, 4] test=[5, 5, 5, 5]
[2026-04-08 15:29:04]     Train class counts: [16, 16, 16, 16]
[2026-04-08 15:29:04]     Val class counts:   [4, 4, 4, 4]
[2026-04-08 15:29:04]     Test class counts:  [5, 5, 5, 5]
[2026-04-08 15:29:04] Building model with input window duration: 4.1875 s
[2026-04-08 15:29:04] Pretrained weight loading:
[2026-04-08 15:29:04]   Downloaded keys:        179
[2026-04-08 15:29:04]   Filtered (transformer): 172
[2026-04-08 15:29:04]   Filtered (pos_encoder): 0
[2026-04-08 15:29:04]   Keys to load:           7
[2026-04-08 15:29:04]   Missing keys:           4
[2026-04-08 15:29:04]   Unexpected keys:        0
[2026-04-08 15:29:04]   Missing preview:        ['spatial_conv.1.weight', 'spatial_conv.1.bias', 'final_layer.1.weight', 'final_layer.1.bias']
[2026-04-08 15:29:04]   Unexpected preview:     []
[2026-04-08 15:29:24]   Fold 1/5 | best_epoch=2122 | stop=2172 | val_loss=0.1543 | acc=1.0000 | bal_acc=1.0000
[2026-04-08 15:29:24]     Train class counts: [16, 16, 16, 16]
[2026-04-08 15:29:24]     Val class counts:   [4, 4, 4, 4]
[2026-04-08 15:29:24]     Test class counts:  [5, 5, 5, 5]
[2026-04-08 15:29:24] Building model with input window duration: 4.1875 s
[2026-04-08 15:29:24] Pretrained weight loading:
[2026-04-08 15:29:24]   Downloaded keys:        179
[2026-04-08 15:29:24]   Filtered (transformer): 172
[2026-04-08 15:29:24]   Filtered (pos_encoder): 0
[2026-04-08 15:29:24]   Keys to load:           7
[2026-04-08 15:29:24]   Missing keys:           4
[2026-04-08 15:29:24]   Unexpected keys:        0
[2026-04-08 15:29:24]   Missing preview:        ['spatial_conv.1.weight', 'spatial_conv.1.bias', 'final_layer.1.weight', 'final_layer.1.bias']
[2026-04-08 15:29:24]   Unexpected preview:     []
[2026-04-08 15:30:09]   Fold 2/5 | best_epoch=4993 | stop=5000 | val_loss=0.0047 | acc=1.0000 | bal_acc=1.0000
[2026-04-08 15:30:09]     Train class counts: [16, 16, 16, 16]
[2026-04-08 15:30:09]     Val class counts:   [4, 4, 4, 4]
[2026-04-08 15:30:09]     Test class counts:  [5, 5, 5, 5]
[2026-04-08 15:30:09] Building model with input window duration: 4.1875 s
[2026-04-08 15:30:09] Pretrained weight loading:
[2026-04-08 15:30:09]   Downloaded keys:        179
[2026-04-08 15:30:09]   Filtered (transformer): 172
[2026-04-08 15:30:09]   Filtered (pos_encoder): 0
[2026-04-08 15:30:09]   Keys to load:           7
[2026-04-08 15:30:09]   Missing keys:           4
[2026-04-08 15:30:09]   Unexpected keys:        0
[2026-04-08 15:30:09]   Missing preview:        ['spatial_conv.1.weight', 'spatial_conv.1.bias', 'final_layer.1.weight', 'final_layer.1.bias']
[2026-04-08 15:30:09]   Unexpected preview:     []
[2026-04-08 15:30:55]   Fold 3/5 | best_epoch=4978 | stop=5000 | val_loss=0.0187 | acc=1.0000 | bal_acc=1.0000
[2026-04-08 15:30:55]     Train class counts: [16, 16, 16, 16]
[2026-04-08 15:30:55]     Val class counts:   [4, 4, 4, 4]
[2026-04-08 15:30:55]     Test class counts:  [5, 5, 5, 5]
[2026-04-08 15:30:55] Building model with input window duration: 4.1875 s
[2026-04-08 15:30:55] Pretrained weight loading:
[2026-04-08 15:30:55]   Downloaded keys:        179
[2026-04-08 15:30:55]   Filtered (transformer): 172
[2026-04-08 15:30:55]   Filtered (pos_encoder): 0
[2026-04-08 15:30:55]   Keys to load:           7
[2026-04-08 15:30:55]   Missing keys:           4
[2026-04-08 15:30:55]   Unexpected keys:        0
[2026-04-08 15:30:55]   Missing preview:        ['spatial_conv.1.weight', 'spatial_conv.1.bias', 'final_layer.1.weight', 'final_layer.1.bias']
[2026-04-08 15:30:55]   Unexpected preview:     []
[2026-04-08 15:31:05]   Fold 4/5 | best_epoch=1023 | stop=1073 | val_loss=0.3531 | acc=1.0000 | bal_acc=1.0000
[2026-04-08 15:31:05]     Train class counts: [16, 16, 16, 16]
[2026-04-08 15:31:05]     Val class counts:   [4, 4, 4, 4]
[2026-04-08 15:31:05]     Test class counts:  [5, 5, 5, 5]
[2026-04-08 15:31:05] Building model with input window duration: 4.1875 s
[2026-04-08 15:31:05] Pretrained weight loading:
[2026-04-08 15:31:05]   Downloaded keys:        179
[2026-04-08 15:31:05]   Filtered (transformer): 172
[2026-04-08 15:31:05]   Filtered (pos_encoder): 0
[2026-04-08 15:31:05]   Keys to load:           7
[2026-04-08 15:31:05]   Missing keys:           4
[2026-04-08 15:31:05]   Unexpected keys:        0
[2026-04-08 15:31:05]   Missing preview:        ['spatial_conv.1.weight', 'spatial_conv.1.bias', 'final_layer.1.weight', 'final_layer.1.bias']
[2026-04-08 15:31:05]   Unexpected preview:     []
[2026-04-08 15:31:50]   Fold 5/5 | best_epoch=4997 | stop=5000 | val_loss=0.0039 | acc=0.9500 | bal_acc=0.9500
[2026-04-08 15:31:50]   Subject 53 summary: acc=0.9900±0.0200  bal_acc=0.9900±0.0200

[2026-04-08 15:31:50] Subject 54: 100 windows | class_counts=[25, 25, 25, 25]
[2026-04-08 15:31:50]   Fold 1 class counts: train=[16, 16, 16, 16] val=[4, 4, 4, 4] test=[5, 5, 5, 5]
[2026-04-08 15:31:50]   Fold 2 class counts: train=[16, 16, 16, 16] val=[4, 4, 4, 4] test=[5, 5, 5, 5]
[2026-04-08 15:31:50]   Fold 3 class counts: train=[16, 16, 16, 16] val=[4, 4, 4, 4] test=[5, 5, 5, 5]
[2026-04-08 15:31:50]   Fold 4 class counts: train=[16, 16, 16, 16] val=[4, 4, 4, 4] test=[5, 5, 5, 5]
[2026-04-08 15:31:50]   Fold 5 class counts: train=[16, 16, 16, 16] val=[4, 4, 4, 4] test=[5, 5, 5, 5]
[2026-04-08 15:31:50]     Train class counts: [16, 16, 16, 16]
[2026-04-08 15:31:50]     Val class counts:   [4, 4, 4, 4]
[2026-04-08 15:31:50]     Test class counts:  [5, 5, 5, 5]
[2026-04-08 15:31:50] Building model with input window duration: 4.1875 s
[2026-04-08 15:31:50] Pretrained weight loading:
[2026-04-08 15:31:50]   Downloaded keys:        179
[2026-04-08 15:31:50]   Filtered (transformer): 172
[2026-04-08 15:31:50]   Filtered (pos_encoder): 0
[2026-04-08 15:31:50]   Keys to load:           7
[2026-04-08 15:31:50]   Missing keys:           4
[2026-04-08 15:31:50]   Unexpected keys:        0
[2026-04-08 15:31:50]   Missing preview:        ['spatial_conv.1.weight', 'spatial_conv.1.bias', 'final_layer.1.weight', 'final_layer.1.bias']
[2026-04-08 15:31:50]   Unexpected preview:     []
[2026-04-08 15:32:20]   Fold 1/5 | best_epoch=3339 | stop=3389 | val_loss=0.1824 | acc=0.8500 | bal_acc=0.8500
[2026-04-08 15:32:20]     Train class counts: [16, 16, 16, 16]
[2026-04-08 15:32:20]     Val class counts:   [4, 4, 4, 4]
[2026-04-08 15:32:20]     Test class counts:  [5, 5, 5, 5]
[2026-04-08 15:32:20] Building model with input window duration: 4.1875 s
[2026-04-08 15:32:20] Pretrained weight loading:
[2026-04-08 15:32:20]   Downloaded keys:        179
[2026-04-08 15:32:20]   Filtered (transformer): 172
[2026-04-08 15:32:20]   Filtered (pos_encoder): 0
[2026-04-08 15:32:20]   Keys to load:           7
[2026-04-08 15:32:20]   Missing keys:           4
[2026-04-08 15:32:20]   Unexpected keys:        0
[2026-04-08 15:32:20]   Missing preview:        ['spatial_conv.1.weight', 'spatial_conv.1.bias', 'final_layer.1.weight', 'final_layer.1.bias']
[2026-04-08 15:32:20]   Unexpected preview:     []
[2026-04-08 15:32:29]   Fold 2/5 | best_epoch=966 | stop=1016 | val_loss=0.6318 | acc=0.8000 | bal_acc=0.8000
[2026-04-08 15:32:29]     Train class counts: [16, 16, 16, 16]
[2026-04-08 15:32:29]     Val class counts:   [4, 4, 4, 4]
[2026-04-08 15:32:29]     Test class counts:  [5, 5, 5, 5]
[2026-04-08 15:32:29] Building model with input window duration: 4.1875 s
[2026-04-08 15:32:29] Pretrained weight loading:
[2026-04-08 15:32:29]   Downloaded keys:        179
[2026-04-08 15:32:29]   Filtered (transformer): 172
[2026-04-08 15:32:29]   Filtered (pos_encoder): 0
[2026-04-08 15:32:29]   Keys to load:           7
[2026-04-08 15:32:29]   Missing keys:           4
[2026-04-08 15:32:29]   Unexpected keys:        0
[2026-04-08 15:32:29]   Missing preview:        ['spatial_conv.1.weight', 'spatial_conv.1.bias', 'final_layer.1.weight', 'final_layer.1.bias']
[2026-04-08 15:32:29]   Unexpected preview:     []
[2026-04-08 15:32:45]   Fold 3/5 | best_epoch=1785 | stop=1835 | val_loss=0.3731 | acc=0.9000 | bal_acc=0.9000
[2026-04-08 15:32:45]     Train class counts: [16, 16, 16, 16]
[2026-04-08 15:32:45]     Val class counts:   [4, 4, 4, 4]
[2026-04-08 15:32:45]     Test class counts:  [5, 5, 5, 5]
[2026-04-08 15:32:45] Building model with input window duration: 4.1875 s
[2026-04-08 15:32:45] Pretrained weight loading:
[2026-04-08 15:32:45]   Downloaded keys:        179
[2026-04-08 15:32:45]   Filtered (transformer): 172
[2026-04-08 15:32:45]   Filtered (pos_encoder): 0
[2026-04-08 15:32:45]   Keys to load:           7
[2026-04-08 15:32:45]   Missing keys:           4
[2026-04-08 15:32:45]   Unexpected keys:        0
[2026-04-08 15:32:45]   Missing preview:        ['spatial_conv.1.weight', 'spatial_conv.1.bias', 'final_layer.1.weight', 'final_layer.1.bias']
[2026-04-08 15:32:45]   Unexpected preview:     []
[2026-04-08 15:33:03]   Fold 4/5 | best_epoch=1898 | stop=1948 | val_loss=0.4987 | acc=0.7000 | bal_acc=0.7000
[2026-04-08 15:33:03]     Train class counts: [16, 16, 16, 16]
[2026-04-08 15:33:03]     Val class counts:   [4, 4, 4, 4]
[2026-04-08 15:33:03]     Test class counts:  [5, 5, 5, 5]
[2026-04-08 15:33:03] Building model with input window duration: 4.1875 s
[2026-04-08 15:33:03] Pretrained weight loading:
[2026-04-08 15:33:03]   Downloaded keys:        179
[2026-04-08 15:33:03]   Filtered (transformer): 172
[2026-04-08 15:33:03]   Filtered (pos_encoder): 0
[2026-04-08 15:33:03]   Keys to load:           7
[2026-04-08 15:33:03]   Missing keys:           4
[2026-04-08 15:33:03]   Unexpected keys:        0
[2026-04-08 15:33:03]   Missing preview:        ['spatial_conv.1.weight', 'spatial_conv.1.bias', 'final_layer.1.weight', 'final_layer.1.bias']
[2026-04-08 15:33:03]   Unexpected preview:     []
[2026-04-08 15:33:13]   Fold 5/5 | best_epoch=1064 | stop=1114 | val_loss=0.6861 | acc=0.9000 | bal_acc=0.9000
[2026-04-08 15:33:13]   Subject 54 summary: acc=0.8300±0.0748  bal_acc=0.8300±0.0748

[2026-04-08 15:33:13] Total folds completed: 35
[2026-04-08 15:33:13] ======================================================================
[2026-04-08 15:33:13] AGGREGATED RESULTS
[2026-04-08 15:33:13] ======================================================================
[2026-04-08 15:33:13]   Subject 48:  acc=0.9700±0.0245  bal_acc=0.9700±0.0245
[2026-04-08 15:33:13]   Subject 49:  acc=0.9300±0.0400  bal_acc=0.9300±0.0400
[2026-04-08 15:33:13]   Subject 50:  acc=0.9900±0.0200  bal_acc=0.9900±0.0200
[2026-04-08 15:33:13]   Subject 51:  acc=0.3400±0.0860  bal_acc=0.3400±0.0860
[2026-04-08 15:33:13]   Subject 52:  acc=0.9700±0.0245  bal_acc=0.9700±0.0245
[2026-04-08 15:33:13]   Subject 53:  acc=0.9900±0.0200  bal_acc=0.9900±0.0200
[2026-04-08 15:33:13]   Subject 54:  acc=0.8300±0.0748  bal_acc=0.8300±0.0748
[2026-04-08 15:33:13] ----------------------------------------------------------------------
[2026-04-08 15:33:13]   OVERALL:      acc=0.8600±0.2239  bal_acc=0.8600±0.2239
[2026-04-08 15:33:13] ======================================================================
[2026-04-08 15:33:13] CV results saved to:      /home/vegorov/Repos/eeg_jepa_research/artifacts/lee-2019-fine-tuning/SSVEP/20260408_1515_cdfe1f4d/cv_results.json
[2026-04-08 15:33:13] Subject metrics saved to: /home/vegorov/Repos/eeg_jepa_research/artifacts/lee-2019-fine-tuning/SSVEP/20260408_1515_cdfe1f4d/subject_metrics.json
[2026-04-08 15:33:13] Global metrics saved to:  /home/vegorov/Repos/eeg_jepa_research/artifacts/lee-2019-fine-tuning/SSVEP/20260408_1515_cdfe1f4d/global_metrics.json
[2026-04-08 15:33:13] Run metadata saved to:    /home/vegorov/Repos/eeg_jepa_research/artifacts/lee-2019-fine-tuning/SSVEP/20260408_1515_cdfe1f4d/run_metadata.json

[2026-04-08 15:33:13] All artifacts in: /home/vegorov/Repos/eeg_jepa_research/artifacts/lee-2019-fine-tuning/SSVEP/20260408_1515_cdfe1f4d

[2026-04-08 15:33:13] ======================================================================
[2026-04-08 15:33:13] EXPERIMENT SUMMARY
[2026-04-08 15:33:13] ======================================================================
[2026-04-08 15:33:13] Run ID:    20260408_1515_cdfe1f4d
[2026-04-08 15:33:13] Artifacts: /home/vegorov/Repos/eeg_jepa_research/artifacts/lee-2019-fine-tuning/SSVEP/20260408_1515_cdfe1f4d

[2026-04-08 15:33:13] Configuration:
[2026-04-08 15:33:13]   Subjects:          [48, 49, 50, 51, 52, 53, 54]
[2026-04-08 15:33:13]   Bandpass:          0.5-40.0 Hz
[2026-04-08 15:33:13]   Resample:          128 Hz
[2026-04-08 15:33:13]   CV folds:          5
[2026-04-08 15:33:13]   Learning rate:     0.001
[2026-04-08 15:33:13]   Batch size:        32
[2026-04-08 15:33:13]   Max epochs:        5000

[2026-04-08 15:33:13] Results:
[2026-04-08 15:33:13]   Mean Accuracy:          0.8600 ± 0.2239
[2026-04-08 15:33:13]   Mean Balanced Accuracy: 0.8600 ± 0.2239
