[2026-04-02 11:21:16] Using device: cpu
[2026-04-02 11:21:16] Seed control enabled: True
[2026-04-02 11:21:16] Base seed: 3008
[2026-04-02 11:21:16] Seed initialized: 3008
[2026-04-02 11:21:16] ======================================================================
[2026-04-02 11:21:16] CONFIGURATION
[2026-04-02 11:21:16] ======================================================================
[2026-04-02 11:21:16]   artifact_dir: /home/vegorov/Repos/eeg_jepa_research/artifacts/lee-2019-fine-tuning
[2026-04-02 11:21:16]   bandpass_high: 40.0
[2026-04-02 11:21:16]   bandpass_low: 0.5
[2026-04-02 11:21:16]   batch_size: 24
[2026-04-02 11:21:16]   convert_to_uV: False
[2026-04-02 11:21:16]   cv_folds: 5
[2026-04-02 11:21:16]   device: auto
[2026-04-02 11:21:16]   early_stopping_patience: 50
[2026-04-02 11:21:16]   learning_rate: 0.001
[2026-04-02 11:21:16]   n_epochs: 5000
[2026-04-02 11:21:16]   normalization_method: robust
[2026-04-02 11:21:16]   normalize: True
[2026-04-02 11:21:16]   paradigm: SSVEP
[2026-04-02 11:21:16]   pretrained_url: https://huggingface.co/braindecode/SignalJEPA/resolve/main/signal-jepa_16s-60_adeuwv4s.pth
[2026-04-02 11:21:16]   seed: 3008
[2026-04-02 11:21:16]   set_seed: True
[2026-04-02 11:21:16]   sfreq: 128
[2026-04-02 11:21:16]   subjects_to_use: [48, 49, 50, 52, 53, 54]
[2026-04-02 11:21:16]   val_split: 0.2
[2026-04-02 11:21:16] ======================================================================
[2026-04-02 11:21:16] Config saved to: /home/vegorov/Repos/eeg_jepa_research/artifacts/lee-2019-fine-tuning/SSVEP/20260402_1121_5d6bbfb6/config.json
[2026-04-02 11:21:16] Epoch window configuration:
[2026-04-02 11:21:16]   Target sfreq:                128 Hz
[2026-04-02 11:21:16]   Target duration:             4.190000 s
[2026-04-02 11:21:16]   Window samples (rounded):    536
[2026-04-02 11:21:16]   Base trial samples (4.0 s):  512
[2026-04-02 11:21:16]   Trial stop offset samples:   24
[2026-04-02 11:21:16]   Effective window duration:   4.187500 s
[2026-04-02 11:21:16] Using specified subjects from config: [48, 49, 50, 52, 53, 54]
[2026-04-02 11:21:16] Selected subjects: [48, 49, 50, 52, 53, 54]
[2026-04-02 11:21:16] Expected evaluation folds: 30

[2026-04-02 11:21:16] Building MOABBDataset for Lee2019_SSVEP...
[2026-04-02 11:22:10] MOABBDataset recordings loaded: 6
[2026-04-02 11:22:10] Discovered annotation descriptions (first recording): [np.str_('12.0'), np.str_('5.45'), np.str_('6.67'), np.str_('8.57')]
[2026-04-02 11:22:10] Dataset event_id mapping: {'12.0': 1, '8.57': 2, '6.67': 3, '5.45': 4}
[2026-04-02 11:22:10] Label map (event_code -> class_index): {1: 0, 2: 1, 3: 2, 4: 3}
[2026-04-02 11:22:10] Applying Braindecode preprocessors to MOABBDataset...
[2026-04-02 11:22:28] Preprocessing complete.

[2026-04-02 11:22:28] Post-preprocessing validation
[2026-04-02 11:22:28]   Recordings in DATASET: 6
[2026-04-02 11:22:28]   Unique subject IDs:    ['48', '49', '50', '52', '53', '54']
[2026-04-02 11:22:28]   sfreq (first rec):     128.0 Hz
[2026-04-02 11:22:28]   EEG channel count:     62
[2026-04-02 11:22:28]   First 10 channels:     ['Fp1', 'Fp2', 'F7', 'F3', 'Fz', 'F4', 'F8', 'FC5', 'FC1', 'FC2']
[2026-04-02 11:22:28] Channel consistency summary:
[2026-04-02 11:22:28]   Checked runs: 6
[2026-04-02 11:22:28]   Unique channel counts: [62]
[2026-04-02 11:22:28]   Channel order consistent: True
[2026-04-02 11:22:28] Validated EEG channels: 62
[2026-04-02 11:22:28] First 10 EEG channels: ['Fp1', 'Fp2', 'F7', 'F3', 'Fz', 'F4', 'F8', 'FC5', 'FC1', 'FC2']
[2026-04-02 11:22:28] raw mean_abs=1.358829e+00
[2026-04-02 11:22:28] raw std=2.028670e+00
[2026-04-02 11:22:28] raw first5 channel std= [2.71461648 3.99576492 1.95258539 1.77829781 1.79586724]
[2026-04-02 11:22:28] Requested window samples: 536
[2026-04-02 11:22:28] Base trial samples:       512
[2026-04-02 11:22:28] Stop offset samples:      24
[2026-04-02 11:22:28] Global class counts: [150, 150, 150, 150]
[2026-04-02 11:22:28] Chance level (4-class): 0.25
[2026-04-02 11:22:28] One window shape: (62, 536)
[2026-04-02 11:22:28] One window label: 1
[2026-04-02 11:22:28] Window sample length expected=536, got=536
[2026-04-02 11:22:28] Subjects in window split: [48, 49, 50, 52, 53, 54]
[2026-04-02 11:22:28] Summarizing per-subject windows...
[2026-04-02 11:22:28]   Subject 48: n_windows=100, window_shape=(62, 536), class_counts=[25, 25, 25, 25]
[2026-04-02 11:22:28]   Subject 49: n_windows=100, window_shape=(62, 536), class_counts=[25, 25, 25, 25]
[2026-04-02 11:22:28]   Subject 50: n_windows=100, window_shape=(62, 536), class_counts=[25, 25, 25, 25]
[2026-04-02 11:22:28]   Subject 52: n_windows=100, window_shape=(62, 536), class_counts=[25, 25, 25, 25]
[2026-04-02 11:22:28]   Subject 53: n_windows=100, window_shape=(62, 536), class_counts=[25, 25, 25, 25]
[2026-04-02 11:22:28]   Subject 54: n_windows=100, window_shape=(62, 536), class_counts=[25, 25, 25, 25]
[2026-04-02 11:22:28]    subject_id  n_windows  n_channels  n_times      class_counts
0          48        100          62      536  [25, 25, 25, 25]
1          49        100          62      536  [25, 25, 25, 25]
2          50        100          62      536  [25, 25, 25, 25]
3          52        100          62      536  [25, 25, 25, 25]
4          53        100          62      536  [25, 25, 25, 25]
5          54        100          62      536  [25, 25, 25, 25]
[2026-04-02 11:22:28] Window validation summary:
[2026-04-02 11:22:28]   Subject 48: n_windows=100 class_counts=[25, 25, 25, 25]
[2026-04-02 11:22:28]   Subject 49: n_windows=100 class_counts=[25, 25, 25, 25]
[2026-04-02 11:22:28]   Subject 50: n_windows=100 class_counts=[25, 25, 25, 25]
[2026-04-02 11:22:28]   Subject 52: n_windows=100 class_counts=[25, 25, 25, 25]
[2026-04-02 11:22:28]   Subject 53: n_windows=100 class_counts=[25, 25, 25, 25]
[2026-04-02 11:22:28]   Subject 54: n_windows=100 class_counts=[25, 25, 25, 25]

[2026-04-02 11:22:28] Validated sampling rate target: 128 Hz
[2026-04-02 11:22:28] Validated window sample count:   536
[2026-04-02 11:22:28] Validated window duration:       4.1875 s
[2026-04-02 11:22:28] Validated channel count:         62
[2026-04-02 11:22:28] Total windows retained:          600
[2026-04-02 11:22:28] Preprocessing sanity checks:
[2026-04-02 11:22:28]   One sample label: 1
[2026-04-02 11:22:28]   One sample shape: (62, 536)
[2026-04-02 11:22:28]   Mean(abs(signal)): 7.631894e-01
[2026-04-02 11:22:28]   Mean(signal):      -5.349898e-03
[2026-04-02 11:22:28]   Std(signal):       9.769821e-01
[2026-04-02 11:22:28] Building model with input window duration: 4.1875 s
[2026-04-02 11:22:28] SignalJEPA_PreLocal instantiated successfully.
[2026-04-02 11:22:28]   Total parameters:     18,192
[2026-04-02 11:22:28]   Trainable parameters: 18,192
[2026-04-02 11:22:28] ======================================================================================================================================================
Layer (type (var_name):depth-idx)                  Input Shape               Output Shape              Param #                   Kernel Shape
======================================================================================================================================================
SignalJEPA_PreLocal (SignalJEPA_PreLocal)          [1, 62, 536]              [1, 4]                    --                        --
├─Sequential (spatial_conv): 1-1                   [1, 62, 536]              [1, 4, 536]               --                        --
│    └─Rearrange (0): 2-1                          [1, 62, 536]              [1, 1, 62, 536]           --                        --
│    └─Conv2d (1): 2-2                             [1, 1, 62, 536]           [1, 4, 1, 536]            252                       [62, 1]
│    └─Rearrange (2): 2-3                          [1, 4, 1, 536]            [1, 4, 536]               --                        --
├─_ConvFeatureEncoder (feature_encoder): 1-2       [1, 4, 536]               [1, 16, 64]               --                        --
│    └─Rearrange (0): 2-4                          [1, 4, 536]               [4, 1, 536]               --                        --
│    └─Sequential (1): 2-5                         [4, 1, 536]               [4, 8, 64]                --                        --
│    │    └─Conv1d (0): 3-1                        [4, 1, 536]               [4, 8, 64]                256                       [32]
│    │    └─Dropout (1): 3-2                       [4, 8, 64]                [4, 8, 64]                --                        --
│    │    └─GroupNorm (2): 3-3                     [4, 8, 64]                [4, 8, 64]                16                        --
│    │    └─GELU (3): 3-4                          [4, 8, 64]                [4, 8, 64]                --                        --
│    └─Sequential (2): 2-6                         [4, 8, 64]                [4, 16, 32]               --                        --
│    │    └─Conv1d (0): 3-5                        [4, 8, 64]                [4, 16, 32]               256                       [2]
│    │    └─Dropout (1): 3-6                       [4, 16, 32]               [4, 16, 32]               --                        --
│    │    └─GELU (2): 3-7                          [4, 16, 32]               [4, 16, 32]               --                        --
│    └─Sequential (3): 2-7                         [4, 16, 32]               [4, 32, 16]               --                        --
│    │    └─Conv1d (0): 3-8                        [4, 16, 32]               [4, 32, 16]               1,024                     [2]
│    │    └─Dropout (1): 3-9                       [4, 32, 16]               [4, 32, 16]               --                        --
│    │    └─GELU (2): 3-10                         [4, 32, 16]               [4, 32, 16]               --                        --
│    └─Sequential (4): 2-8                         [4, 32, 16]               [4, 64, 8]                --                        --
│    │    └─Conv1d (0): 3-11                       [4, 32, 16]               [4, 64, 8]                4,096                     [2]
│    │    └─Dropout (1): 3-12                      [4, 64, 8]                [4, 64, 8]                --                        --
│    │    └─GELU (2): 3-13                         [4, 64, 8]                [4, 64, 8]                --                        --
│    └─Sequential (5): 2-9                         [4, 64, 8]                [4, 64, 4]                --                        --
│    │    └─Conv1d (0): 3-14                       [4, 64, 8]                [4, 64, 4]                8,192                     [2]
│    │    └─Dropout (1): 3-15                      [4, 64, 4]                [4, 64, 4]                --                        --
│    │    └─GELU (2): 3-16                         [4, 64, 4]                [4, 64, 4]                --                        --
│    └─Rearrange (6): 2-10                         [4, 64, 4]                [1, 16, 64]               --                        --
├─Sequential (final_layer): 1-3                    [1, 16, 64]               [1, 4]                    --                        --
│    └─Flatten (0): 2-11                           [1, 16, 64]               [1, 1024]                 --                        --
│    └─Linear (1): 2-12                            [1, 1024]                 [1, 4]                    4,100                     --
======================================================================================================================================================
Total params: 18,192
Trainable params: 18,192
Non-trainable params: 0
Total mult-adds (Units.MEGABYTES): 0.57
======================================================================================================================================================
Input size (MB): 0.13
Forward/backward pass size (MB): 0.11
Params size (MB): 0.07
Estimated Total Size (MB): 0.31
======================================================================================================================================================
[2026-04-02 11:22:28] Initializing from 16s-60 pretrained checkpoint (Hugging Face):
[2026-04-02 11:22:28]   https://huggingface.co/braindecode/SignalJEPA/resolve/main/signal-jepa_16s-60_adeuwv4s.pth
[2026-04-02 11:22:28]   Downloaded 179 keys
[2026-04-02 11:22:28] ======================================================================
[2026-04-02 11:22:28] STARTING CROSS-VALIDATION
[2026-04-02 11:22:28] ======================================================================
[2026-04-02 11:22:28] Subjects:      [48, 49, 50, 52, 53, 54]
[2026-04-02 11:22:28] CV folds:      5
[2026-04-02 11:22:28] Batch size:    24
[2026-04-02 11:22:28] Max epochs:    5000
[2026-04-02 11:22:28] Device:        cpu
[2026-04-02 11:22:28] Seed control:  True
[2026-04-02 11:22:28] Base seed:     3008
[2026-04-02 11:22:28] ======================================================================

[2026-04-02 11:22:28] Subject 48: 100 windows class_counts=[25, 25, 25, 25]
[2026-04-02 11:22:28]   Fold 1 split seed: 3009
[2026-04-02 11:22:28]   Fold 1 split class counts:
[2026-04-02 11:22:28]     train=[16, 16, 16, 16] val=[4, 4, 4, 4] test=[5, 5, 5, 5]
[2026-04-02 11:22:28]   Fold 2 split seed: 3010
[2026-04-02 11:22:28]   Fold 2 split class counts:
[2026-04-02 11:22:28]     train=[16, 16, 16, 16] val=[4, 4, 4, 4] test=[5, 5, 5, 5]
[2026-04-02 11:22:28]   Fold 3 split seed: 3011
[2026-04-02 11:22:28]   Fold 3 split class counts:
[2026-04-02 11:22:28]     train=[16, 16, 16, 16] val=[4, 4, 4, 4] test=[5, 5, 5, 5]
[2026-04-02 11:22:28]   Fold 4 split seed: 3012
[2026-04-02 11:22:28]   Fold 4 split class counts:
[2026-04-02 11:22:28]     train=[16, 16, 16, 16] val=[4, 4, 4, 4] test=[5, 5, 5, 5]
[2026-04-02 11:22:28]   Fold 5 split seed: 3013
[2026-04-02 11:22:28]   Fold 5 split class counts:
[2026-04-02 11:22:28]     train=[16, 16, 16, 16] val=[4, 4, 4, 4] test=[5, 5, 5, 5]
[2026-04-02 11:22:28]   Subject 48 Fold 1 seed: 7809
[2026-04-02 11:22:28]   Subject 48 Fold 1: n_train=64 n_val=16 n_test=20
[2026-04-02 11:22:28]     Train class counts: [16, 16, 16, 16]
[2026-04-02 11:22:28]     Val class counts:   [4, 4, 4, 4]
[2026-04-02 11:22:28]     Test class counts:  [5, 5, 5, 5]
[2026-04-02 11:22:28] Building model with input window duration: 4.1875 s
[2026-04-02 11:22:28] Pretrained weight loading:
[2026-04-02 11:22:28]   Downloaded keys:        179
[2026-04-02 11:22:28]   Filtered (transformer): 172
[2026-04-02 11:22:28]   Filtered (pos_encoder): 0
[2026-04-02 11:22:28]   Keys to load:           7
[2026-04-02 11:22:28]   Missing keys:           4
[2026-04-02 11:22:28]   Unexpected keys:        0
[2026-04-02 11:22:28]   Missing preview:        ['spatial_conv.1.weight', 'spatial_conv.1.bias', 'final_layer.1.weight', 'final_layer.1.bias']
[2026-04-02 11:22:28]   Unexpected preview:     []
[2026-04-02 11:22:28] Encoder freeze configuration:
[2026-04-02 11:22:28]   Total parameters:        18,192
[2026-04-02 11:22:28]   Trainable parameters:    4,352
[2026-04-02 11:22:28]   Training percentage:     23.9%
[2026-04-02 11:22:28]   Trainable layers: 4
[2026-04-02 11:22:28]     - final_layer.1.bias
[2026-04-02 11:22:28]     - final_layer.1.weight
[2026-04-02 11:22:28]     - spatial_conv.1.bias
[2026-04-02 11:22:28]     - spatial_conv.1.weight
[2026-04-02 11:22:28]     Train generator seeded: True
[2026-04-02 11:22:42]     Stopped epoch:            1600
[2026-04-02 11:22:42]     Best epoch (valid_loss):  1550
[2026-04-02 11:22:42]     Best valid_loss:          0.12556275725364685
[2026-04-02 11:22:42]     Test accuracy (primary):  0.9500
[2026-04-02 11:22:42]     Test balanced acc:        0.9500
[2026-04-02 11:22:42]     Confusion matrix:         [[5, 0, 0, 0], [0, 5, 0, 0], [0, 0, 4, 1], [0, 0, 0, 5]]
[2026-04-02 11:22:42]     Prediction histogram:     [5, 5, 4, 6]
[2026-04-02 11:22:42]     fold_acc=0.9500 fold_bal_acc=0.9500 cm=[[5, 0, 0, 0], [0, 5, 0, 0], [0, 0, 4, 1], [0, 0, 0, 5]]
[2026-04-02 11:22:42]   Subject 48 Fold 2 seed: 7810
[2026-04-02 11:22:42]   Subject 48 Fold 2: n_train=64 n_val=16 n_test=20
[2026-04-02 11:22:42]     Train class counts: [16, 16, 16, 16]
[2026-04-02 11:22:42]     Val class counts:   [4, 4, 4, 4]
[2026-04-02 11:22:42]     Test class counts:  [5, 5, 5, 5]
[2026-04-02 11:22:42] Building model with input window duration: 4.1875 s
[2026-04-02 11:22:42] Pretrained weight loading:
[2026-04-02 11:22:42]   Downloaded keys:        179
[2026-04-02 11:22:42]   Filtered (transformer): 172
[2026-04-02 11:22:42]   Filtered (pos_encoder): 0
[2026-04-02 11:22:42]   Keys to load:           7
[2026-04-02 11:22:42]   Missing keys:           4
[2026-04-02 11:22:42]   Unexpected keys:        0
[2026-04-02 11:22:42]   Missing preview:        ['spatial_conv.1.weight', 'spatial_conv.1.bias', 'final_layer.1.weight', 'final_layer.1.bias']
[2026-04-02 11:22:42]   Unexpected preview:     []
[2026-04-02 11:22:42] Encoder freeze configuration:
[2026-04-02 11:22:42]   Total parameters:        18,192
[2026-04-02 11:22:42]   Trainable parameters:    4,352
[2026-04-02 11:22:42]   Training percentage:     23.9%
[2026-04-02 11:22:42]   Trainable layers: 4
[2026-04-02 11:22:42]     - final_layer.1.bias
[2026-04-02 11:22:42]     - final_layer.1.weight
[2026-04-02 11:22:42]     - spatial_conv.1.bias
[2026-04-02 11:22:42]     - spatial_conv.1.weight
[2026-04-02 11:22:42]     Train generator seeded: True
[2026-04-02 11:22:50]     Stopped epoch:            1006
[2026-04-02 11:22:50]     Best epoch (valid_loss):  965
[2026-04-02 11:22:50]     Best valid_loss:          0.23627711832523346
[2026-04-02 11:22:50]     Test accuracy (primary):  0.9000
[2026-04-02 11:22:50]     Test balanced acc:        0.9000
[2026-04-02 11:22:50]     Confusion matrix:         [[4, 0, 0, 1], [0, 4, 0, 1], [0, 0, 5, 0], [0, 0, 0, 5]]
[2026-04-02 11:22:50]     Prediction histogram:     [4, 4, 5, 7]
[2026-04-02 11:22:50]     fold_acc=0.9000 fold_bal_acc=0.9000 cm=[[4, 0, 0, 1], [0, 4, 0, 1], [0, 0, 5, 0], [0, 0, 0, 5]]
[2026-04-02 11:22:50]   Subject 48 Fold 3 seed: 7811
[2026-04-02 11:22:50]   Subject 48 Fold 3: n_train=64 n_val=16 n_test=20
[2026-04-02 11:22:50]     Train class counts: [16, 16, 16, 16]
[2026-04-02 11:22:50]     Val class counts:   [4, 4, 4, 4]
[2026-04-02 11:22:50]     Test class counts:  [5, 5, 5, 5]
[2026-04-02 11:22:50] Building model with input window duration: 4.1875 s
[2026-04-02 11:22:50] Pretrained weight loading:
[2026-04-02 11:22:50]   Downloaded keys:        179
[2026-04-02 11:22:50]   Filtered (transformer): 172
[2026-04-02 11:22:50]   Filtered (pos_encoder): 0
[2026-04-02 11:22:50]   Keys to load:           7
[2026-04-02 11:22:50]   Missing keys:           4
[2026-04-02 11:22:50]   Unexpected keys:        0
[2026-04-02 11:22:50]   Missing preview:        ['spatial_conv.1.weight', 'spatial_conv.1.bias', 'final_layer.1.weight', 'final_layer.1.bias']
[2026-04-02 11:22:50]   Unexpected preview:     []
[2026-04-02 11:22:50] Encoder freeze configuration:
[2026-04-02 11:22:50]   Total parameters:        18,192
[2026-04-02 11:22:50]   Trainable parameters:    4,352
[2026-04-02 11:22:50]   Training percentage:     23.9%
[2026-04-02 11:22:50]   Trainable layers: 4
[2026-04-02 11:22:50]     - final_layer.1.bias
[2026-04-02 11:22:50]     - final_layer.1.weight
[2026-04-02 11:22:50]     - spatial_conv.1.bias
[2026-04-02 11:22:50]     - spatial_conv.1.weight
[2026-04-02 11:22:50]     Train generator seeded: True
[2026-04-02 11:23:01]     Stopped epoch:            1351
[2026-04-02 11:23:01]     Best epoch (valid_loss):  1301
[2026-04-02 11:23:01]     Best valid_loss:          0.31516581773757935
[2026-04-02 11:23:01]     Test accuracy (primary):  1.0000
[2026-04-02 11:23:01]     Test balanced acc:        1.0000
[2026-04-02 11:23:01]     Confusion matrix:         [[5, 0, 0, 0], [0, 5, 0, 0], [0, 0, 5, 0], [0, 0, 0, 5]]
[2026-04-02 11:23:01]     Prediction histogram:     [5, 5, 5, 5]
[2026-04-02 11:23:01]     fold_acc=1.0000 fold_bal_acc=1.0000 cm=[[5, 0, 0, 0], [0, 5, 0, 0], [0, 0, 5, 0], [0, 0, 0, 5]]
[2026-04-02 11:23:01]   Subject 48 Fold 4 seed: 7812
[2026-04-02 11:23:01]   Subject 48 Fold 4: n_train=64 n_val=16 n_test=20
[2026-04-02 11:23:01]     Train class counts: [16, 16, 16, 16]
[2026-04-02 11:23:01]     Val class counts:   [4, 4, 4, 4]
[2026-04-02 11:23:01]     Test class counts:  [5, 5, 5, 5]
[2026-04-02 11:23:01] Building model with input window duration: 4.1875 s
[2026-04-02 11:23:01] Pretrained weight loading:
[2026-04-02 11:23:01]   Downloaded keys:        179
[2026-04-02 11:23:01]   Filtered (transformer): 172
[2026-04-02 11:23:01]   Filtered (pos_encoder): 0
[2026-04-02 11:23:01]   Keys to load:           7
[2026-04-02 11:23:01]   Missing keys:           4
[2026-04-02 11:23:01]   Unexpected keys:        0
[2026-04-02 11:23:01]   Missing preview:        ['spatial_conv.1.weight', 'spatial_conv.1.bias', 'final_layer.1.weight', 'final_layer.1.bias']
[2026-04-02 11:23:01]   Unexpected preview:     []
[2026-04-02 11:23:01] Encoder freeze configuration:
[2026-04-02 11:23:01]   Total parameters:        18,192
[2026-04-02 11:23:01]   Trainable parameters:    4,352
[2026-04-02 11:23:01]   Training percentage:     23.9%
[2026-04-02 11:23:01]   Trainable layers: 4
[2026-04-02 11:23:01]     - final_layer.1.bias
[2026-04-02 11:23:01]     - final_layer.1.weight
[2026-04-02 11:23:01]     - spatial_conv.1.bias
[2026-04-02 11:23:01]     - spatial_conv.1.weight
[2026-04-02 11:23:01]     Train generator seeded: True
[2026-04-02 11:23:10]     Stopped epoch:            1144
[2026-04-02 11:23:10]     Best epoch (valid_loss):  1094
[2026-04-02 11:23:10]     Best valid_loss:          0.1697622686624527
[2026-04-02 11:23:10]     Test accuracy (primary):  1.0000
[2026-04-02 11:23:10]     Test balanced acc:        1.0000
[2026-04-02 11:23:10]     Confusion matrix:         [[5, 0, 0, 0], [0, 5, 0, 0], [0, 0, 5, 0], [0, 0, 0, 5]]
[2026-04-02 11:23:10]     Prediction histogram:     [5, 5, 5, 5]
[2026-04-02 11:23:10]     fold_acc=1.0000 fold_bal_acc=1.0000 cm=[[5, 0, 0, 0], [0, 5, 0, 0], [0, 0, 5, 0], [0, 0, 0, 5]]
[2026-04-02 11:23:10]   Subject 48 Fold 5 seed: 7813
[2026-04-02 11:23:10]   Subject 48 Fold 5: n_train=64 n_val=16 n_test=20
[2026-04-02 11:23:10]     Train class counts: [16, 16, 16, 16]
[2026-04-02 11:23:10]     Val class counts:   [4, 4, 4, 4]
[2026-04-02 11:23:10]     Test class counts:  [5, 5, 5, 5]
[2026-04-02 11:23:10] Building model with input window duration: 4.1875 s
[2026-04-02 11:23:10] Pretrained weight loading:
[2026-04-02 11:23:10]   Downloaded keys:        179
[2026-04-02 11:23:10]   Filtered (transformer): 172
[2026-04-02 11:23:10]   Filtered (pos_encoder): 0
[2026-04-02 11:23:10]   Keys to load:           7
[2026-04-02 11:23:10]   Missing keys:           4
[2026-04-02 11:23:10]   Unexpected keys:        0
[2026-04-02 11:23:10]   Missing preview:        ['spatial_conv.1.weight', 'spatial_conv.1.bias', 'final_layer.1.weight', 'final_layer.1.bias']
[2026-04-02 11:23:10]   Unexpected preview:     []
[2026-04-02 11:23:10] Encoder freeze configuration:
[2026-04-02 11:23:10]   Total parameters:        18,192
[2026-04-02 11:23:10]   Trainable parameters:    4,352
[2026-04-02 11:23:10]   Training percentage:     23.9%
[2026-04-02 11:23:10]   Trainable layers: 4
[2026-04-02 11:23:10]     - final_layer.1.bias
[2026-04-02 11:23:10]     - final_layer.1.weight
[2026-04-02 11:23:10]     - spatial_conv.1.bias
[2026-04-02 11:23:10]     - spatial_conv.1.weight
[2026-04-02 11:23:10]     Train generator seeded: True
[2026-04-02 11:23:24]     Stopped epoch:            1718
[2026-04-02 11:23:24]     Best epoch (valid_loss):  1669
[2026-04-02 11:23:24]     Best valid_loss:          0.07620422542095184
[2026-04-02 11:23:24]     Test accuracy (primary):  0.9500
[2026-04-02 11:23:24]     Test balanced acc:        0.9500
[2026-04-02 11:23:24]     Confusion matrix:         [[4, 1, 0, 0], [0, 5, 0, 0], [0, 0, 5, 0], [0, 0, 0, 5]]
[2026-04-02 11:23:24]     Prediction histogram:     [4, 6, 5, 5]
[2026-04-02 11:23:24]     fold_acc=0.9500 fold_bal_acc=0.9500 cm=[[4, 1, 0, 0], [0, 5, 0, 0], [0, 0, 5, 0], [0, 0, 0, 5]]
[2026-04-02 11:23:24]   Subject 48 mean accuracy: 0.9600

[2026-04-02 11:23:24] Subject 49: 100 windows class_counts=[25, 25, 25, 25]
[2026-04-02 11:23:24]   Fold 1 split seed: 3009
[2026-04-02 11:23:24]   Fold 1 split class counts:
[2026-04-02 11:23:24]     train=[16, 16, 16, 16] val=[4, 4, 4, 4] test=[5, 5, 5, 5]
[2026-04-02 11:23:24]   Fold 2 split seed: 3010
[2026-04-02 11:23:24]   Fold 2 split class counts:
[2026-04-02 11:23:24]     train=[16, 16, 16, 16] val=[4, 4, 4, 4] test=[5, 5, 5, 5]
[2026-04-02 11:23:24]   Fold 3 split seed: 3011
[2026-04-02 11:23:24]   Fold 3 split class counts:
[2026-04-02 11:23:24]     train=[16, 16, 16, 16] val=[4, 4, 4, 4] test=[5, 5, 5, 5]
[2026-04-02 11:23:24]   Fold 4 split seed: 3012
[2026-04-02 11:23:24]   Fold 4 split class counts:
[2026-04-02 11:23:24]     train=[16, 16, 16, 16] val=[4, 4, 4, 4] test=[5, 5, 5, 5]
[2026-04-02 11:23:24]   Fold 5 split seed: 3013
[2026-04-02 11:23:24]   Fold 5 split class counts:
[2026-04-02 11:23:24]     train=[16, 16, 16, 16] val=[4, 4, 4, 4] test=[5, 5, 5, 5]
[2026-04-02 11:23:24]   Subject 49 Fold 1 seed: 7909
[2026-04-02 11:23:24]   Subject 49 Fold 1: n_train=64 n_val=16 n_test=20
[2026-04-02 11:23:24]     Train class counts: [16, 16, 16, 16]
[2026-04-02 11:23:24]     Val class counts:   [4, 4, 4, 4]
[2026-04-02 11:23:24]     Test class counts:  [5, 5, 5, 5]
[2026-04-02 11:23:24] Building model with input window duration: 4.1875 s
[2026-04-02 11:23:24] Pretrained weight loading:
[2026-04-02 11:23:24]   Downloaded keys:        179
[2026-04-02 11:23:24]   Filtered (transformer): 172
[2026-04-02 11:23:24]   Filtered (pos_encoder): 0
[2026-04-02 11:23:24]   Keys to load:           7
[2026-04-02 11:23:24]   Missing keys:           4
[2026-04-02 11:23:24]   Unexpected keys:        0
[2026-04-02 11:23:24]   Missing preview:        ['spatial_conv.1.weight', 'spatial_conv.1.bias', 'final_layer.1.weight', 'final_layer.1.bias']
[2026-04-02 11:23:24]   Unexpected preview:     []
[2026-04-02 11:23:24] Encoder freeze configuration:
[2026-04-02 11:23:24]   Total parameters:        18,192
[2026-04-02 11:23:24]   Trainable parameters:    4,352
[2026-04-02 11:23:24]   Training percentage:     23.9%
[2026-04-02 11:23:24]   Trainable layers: 4
[2026-04-02 11:23:24]     - final_layer.1.bias
[2026-04-02 11:23:24]     - final_layer.1.weight
[2026-04-02 11:23:24]     - spatial_conv.1.bias
[2026-04-02 11:23:24]     - spatial_conv.1.weight
[2026-04-02 11:23:24]     Train generator seeded: True
[2026-04-02 11:23:33]     Stopped epoch:            1059
[2026-04-02 11:23:33]     Best epoch (valid_loss):  1009
[2026-04-02 11:23:33]     Best valid_loss:          0.5926330089569092
[2026-04-02 11:23:33]     Test accuracy (primary):  0.8000
[2026-04-02 11:23:33]     Test balanced acc:        0.8000
[2026-04-02 11:23:33]     Confusion matrix:         [[4, 0, 1, 0], [0, 5, 0, 0], [1, 1, 2, 1], [0, 0, 0, 5]]
[2026-04-02 11:23:33]     Prediction histogram:     [5, 6, 3, 6]
[2026-04-02 11:23:33]     fold_acc=0.8000 fold_bal_acc=0.8000 cm=[[4, 0, 1, 0], [0, 5, 0, 0], [1, 1, 2, 1], [0, 0, 0, 5]]
[2026-04-02 11:23:33]   Subject 49 Fold 2 seed: 7910
[2026-04-02 11:23:33]   Subject 49 Fold 2: n_train=64 n_val=16 n_test=20
[2026-04-02 11:23:33]     Train class counts: [16, 16, 16, 16]
[2026-04-02 11:23:33]     Val class counts:   [4, 4, 4, 4]
[2026-04-02 11:23:33]     Test class counts:  [5, 5, 5, 5]
[2026-04-02 11:23:33] Building model with input window duration: 4.1875 s
[2026-04-02 11:23:33] Pretrained weight loading:
[2026-04-02 11:23:33]   Downloaded keys:        179
[2026-04-02 11:23:33]   Filtered (transformer): 172
[2026-04-02 11:23:33]   Filtered (pos_encoder): 0
[2026-04-02 11:23:33]   Keys to load:           7
[2026-04-02 11:23:33]   Missing keys:           4
[2026-04-02 11:23:33]   Unexpected keys:        0
[2026-04-02 11:23:33]   Missing preview:        ['spatial_conv.1.weight', 'spatial_conv.1.bias', 'final_layer.1.weight', 'final_layer.1.bias']
[2026-04-02 11:23:33]   Unexpected preview:     []
[2026-04-02 11:23:33] Encoder freeze configuration:
[2026-04-02 11:23:33]   Total parameters:        18,192
[2026-04-02 11:23:33]   Trainable parameters:    4,352
[2026-04-02 11:23:33]   Training percentage:     23.9%
[2026-04-02 11:23:33]   Trainable layers: 4
[2026-04-02 11:23:33]     - final_layer.1.bias
[2026-04-02 11:23:33]     - final_layer.1.weight
[2026-04-02 11:23:33]     - spatial_conv.1.bias
[2026-04-02 11:23:33]     - spatial_conv.1.weight
[2026-04-02 11:23:33]     Train generator seeded: True
[2026-04-02 11:23:42]     Stopped epoch:            1172
[2026-04-02 11:23:42]     Best epoch (valid_loss):  1122
[2026-04-02 11:23:42]     Best valid_loss:          0.4183976948261261
[2026-04-02 11:23:42]     Test accuracy (primary):  0.9000
[2026-04-02 11:23:42]     Test balanced acc:        0.9000
[2026-04-02 11:23:42]     Confusion matrix:         [[5, 0, 0, 0], [0, 4, 0, 1], [0, 0, 5, 0], [1, 0, 0, 4]]
[2026-04-02 11:23:42]     Prediction histogram:     [6, 4, 5, 5]
[2026-04-02 11:23:42]     fold_acc=0.9000 fold_bal_acc=0.9000 cm=[[5, 0, 0, 0], [0, 4, 0, 1], [0, 0, 5, 0], [1, 0, 0, 4]]
[2026-04-02 11:23:42]   Subject 49 Fold 3 seed: 7911
[2026-04-02 11:23:42]   Subject 49 Fold 3: n_train=64 n_val=16 n_test=20
[2026-04-02 11:23:42]     Train class counts: [16, 16, 16, 16]
[2026-04-02 11:23:42]     Val class counts:   [4, 4, 4, 4]
[2026-04-02 11:23:42]     Test class counts:  [5, 5, 5, 5]
[2026-04-02 11:23:42] Building model with input window duration: 4.1875 s
[2026-04-02 11:23:42] Pretrained weight loading:
[2026-04-02 11:23:42]   Downloaded keys:        179
[2026-04-02 11:23:42]   Filtered (transformer): 172
[2026-04-02 11:23:42]   Filtered (pos_encoder): 0
[2026-04-02 11:23:42]   Keys to load:           7
[2026-04-02 11:23:42]   Missing keys:           4
[2026-04-02 11:23:42]   Unexpected keys:        0
[2026-04-02 11:23:42]   Missing preview:        ['spatial_conv.1.weight', 'spatial_conv.1.bias', 'final_layer.1.weight', 'final_layer.1.bias']
[2026-04-02 11:23:42]   Unexpected preview:     []
[2026-04-02 11:23:42] Encoder freeze configuration:
[2026-04-02 11:23:42]   Total parameters:        18,192
[2026-04-02 11:23:42]   Trainable parameters:    4,352
[2026-04-02 11:23:42]   Training percentage:     23.9%
[2026-04-02 11:23:42]   Trainable layers: 4
[2026-04-02 11:23:42]     - final_layer.1.bias
[2026-04-02 11:23:42]     - final_layer.1.weight
[2026-04-02 11:23:42]     - spatial_conv.1.bias
[2026-04-02 11:23:42]     - spatial_conv.1.weight
[2026-04-02 11:23:42]     Train generator seeded: True
[2026-04-02 11:23:52]     Stopped epoch:            1161
[2026-04-02 11:23:52]     Best epoch (valid_loss):  1111
[2026-04-02 11:23:52]     Best valid_loss:          0.7632905840873718
[2026-04-02 11:23:52]     Test accuracy (primary):  0.9000
[2026-04-02 11:23:52]     Test balanced acc:        0.9000
[2026-04-02 11:23:52]     Confusion matrix:         [[5, 0, 0, 0], [0, 5, 0, 0], [0, 0, 5, 0], [0, 1, 1, 3]]
[2026-04-02 11:23:52]     Prediction histogram:     [5, 6, 6, 3]
[2026-04-02 11:23:52]     fold_acc=0.9000 fold_bal_acc=0.9000 cm=[[5, 0, 0, 0], [0, 5, 0, 0], [0, 0, 5, 0], [0, 1, 1, 3]]
[2026-04-02 11:23:52]   Subject 49 Fold 4 seed: 7912
[2026-04-02 11:23:52]   Subject 49 Fold 4: n_train=64 n_val=16 n_test=20
[2026-04-02 11:23:52]     Train class counts: [16, 16, 16, 16]
[2026-04-02 11:23:52]     Val class counts:   [4, 4, 4, 4]
[2026-04-02 11:23:52]     Test class counts:  [5, 5, 5, 5]
[2026-04-02 11:23:52] Building model with input window duration: 4.1875 s
[2026-04-02 11:23:52] Pretrained weight loading:
[2026-04-02 11:23:52]   Downloaded keys:        179
[2026-04-02 11:23:52]   Filtered (transformer): 172
[2026-04-02 11:23:52]   Filtered (pos_encoder): 0
[2026-04-02 11:23:52]   Keys to load:           7
[2026-04-02 11:23:52]   Missing keys:           4
[2026-04-02 11:23:52]   Unexpected keys:        0
[2026-04-02 11:23:52]   Missing preview:        ['spatial_conv.1.weight', 'spatial_conv.1.bias', 'final_layer.1.weight', 'final_layer.1.bias']
[2026-04-02 11:23:52]   Unexpected preview:     []
[2026-04-02 11:23:52] Encoder freeze configuration:
[2026-04-02 11:23:52]   Total parameters:        18,192
[2026-04-02 11:23:52]   Trainable parameters:    4,352
[2026-04-02 11:23:52]   Training percentage:     23.9%
[2026-04-02 11:23:52]   Trainable layers: 4
[2026-04-02 11:23:52]     - final_layer.1.bias
[2026-04-02 11:23:52]     - final_layer.1.weight
[2026-04-02 11:23:52]     - spatial_conv.1.bias
[2026-04-02 11:23:52]     - spatial_conv.1.weight
[2026-04-02 11:23:52]     Train generator seeded: True
[2026-04-02 11:23:59]     Stopped epoch:            876
[2026-04-02 11:23:59]     Best epoch (valid_loss):  826
[2026-04-02 11:23:59]     Best valid_loss:          0.8368195295333862
[2026-04-02 11:23:59]     Test accuracy (primary):  0.9000
[2026-04-02 11:23:59]     Test balanced acc:        0.9000
[2026-04-02 11:23:59]     Confusion matrix:         [[4, 1, 0, 0], [0, 5, 0, 0], [0, 0, 4, 1], [0, 0, 0, 5]]
[2026-04-02 11:23:59]     Prediction histogram:     [4, 6, 4, 6]
[2026-04-02 11:23:59]     fold_acc=0.9000 fold_bal_acc=0.9000 cm=[[4, 1, 0, 0], [0, 5, 0, 0], [0, 0, 4, 1], [0, 0, 0, 5]]
[2026-04-02 11:23:59]   Subject 49 Fold 5 seed: 7913
[2026-04-02 11:23:59]   Subject 49 Fold 5: n_train=64 n_val=16 n_test=20
[2026-04-02 11:23:59]     Train class counts: [16, 16, 16, 16]
[2026-04-02 11:23:59]     Val class counts:   [4, 4, 4, 4]
[2026-04-02 11:23:59]     Test class counts:  [5, 5, 5, 5]
[2026-04-02 11:23:59] Building model with input window duration: 4.1875 s
[2026-04-02 11:23:59] Pretrained weight loading:
[2026-04-02 11:23:59]   Downloaded keys:        179
[2026-04-02 11:23:59]   Filtered (transformer): 172
[2026-04-02 11:23:59]   Filtered (pos_encoder): 0
[2026-04-02 11:23:59]   Keys to load:           7
[2026-04-02 11:23:59]   Missing keys:           4
[2026-04-02 11:23:59]   Unexpected keys:        0
[2026-04-02 11:23:59]   Missing preview:        ['spatial_conv.1.weight', 'spatial_conv.1.bias', 'final_layer.1.weight', 'final_layer.1.bias']
[2026-04-02 11:23:59]   Unexpected preview:     []
[2026-04-02 11:23:59] Encoder freeze configuration:
[2026-04-02 11:23:59]   Total parameters:        18,192
[2026-04-02 11:23:59]   Trainable parameters:    4,352
[2026-04-02 11:23:59]   Training percentage:     23.9%
[2026-04-02 11:23:59]   Trainable layers: 4
[2026-04-02 11:23:59]     - final_layer.1.bias
[2026-04-02 11:23:59]     - final_layer.1.weight
[2026-04-02 11:23:59]     - spatial_conv.1.bias
[2026-04-02 11:23:59]     - spatial_conv.1.weight
[2026-04-02 11:23:59]     Train generator seeded: True
[2026-04-02 11:24:05]     Stopped epoch:            719
[2026-04-02 11:24:05]     Best epoch (valid_loss):  669
[2026-04-02 11:24:05]     Best valid_loss:          0.6301672458648682
[2026-04-02 11:24:05]     Test accuracy (primary):  0.8500
[2026-04-02 11:24:05]     Test balanced acc:        0.8500
[2026-04-02 11:24:05]     Confusion matrix:         [[3, 0, 0, 2], [0, 5, 0, 0], [1, 0, 4, 0], [0, 0, 0, 5]]
[2026-04-02 11:24:05]     Prediction histogram:     [4, 5, 4, 7]
[2026-04-02 11:24:05]     fold_acc=0.8500 fold_bal_acc=0.8500 cm=[[3, 0, 0, 2], [0, 5, 0, 0], [1, 0, 4, 0], [0, 0, 0, 5]]
[2026-04-02 11:24:05]   Subject 49 mean accuracy: 0.8700

[2026-04-02 11:24:05] Subject 50: 100 windows class_counts=[25, 25, 25, 25]
[2026-04-02 11:24:05]   Fold 1 split seed: 3009
[2026-04-02 11:24:05]   Fold 1 split class counts:
[2026-04-02 11:24:05]     train=[16, 16, 16, 16] val=[4, 4, 4, 4] test=[5, 5, 5, 5]
[2026-04-02 11:24:05]   Fold 2 split seed: 3010
[2026-04-02 11:24:05]   Fold 2 split class counts:
[2026-04-02 11:24:05]     train=[16, 16, 16, 16] val=[4, 4, 4, 4] test=[5, 5, 5, 5]
[2026-04-02 11:24:05]   Fold 3 split seed: 3011
[2026-04-02 11:24:05]   Fold 3 split class counts:
[2026-04-02 11:24:05]     train=[16, 16, 16, 16] val=[4, 4, 4, 4] test=[5, 5, 5, 5]
[2026-04-02 11:24:05]   Fold 4 split seed: 3012
[2026-04-02 11:24:05]   Fold 4 split class counts:
[2026-04-02 11:24:05]     train=[16, 16, 16, 16] val=[4, 4, 4, 4] test=[5, 5, 5, 5]
[2026-04-02 11:24:05]   Fold 5 split seed: 3013
[2026-04-02 11:24:05]   Fold 5 split class counts:
[2026-04-02 11:24:05]     train=[16, 16, 16, 16] val=[4, 4, 4, 4] test=[5, 5, 5, 5]
[2026-04-02 11:24:05]   Subject 50 Fold 1 seed: 8009
[2026-04-02 11:24:05]   Subject 50 Fold 1: n_train=64 n_val=16 n_test=20
[2026-04-02 11:24:05]     Train class counts: [16, 16, 16, 16]
[2026-04-02 11:24:05]     Val class counts:   [4, 4, 4, 4]
[2026-04-02 11:24:05]     Test class counts:  [5, 5, 5, 5]
[2026-04-02 11:24:05] Building model with input window duration: 4.1875 s
[2026-04-02 11:24:05] Pretrained weight loading:
[2026-04-02 11:24:05]   Downloaded keys:        179
[2026-04-02 11:24:05]   Filtered (transformer): 172
[2026-04-02 11:24:05]   Filtered (pos_encoder): 0
[2026-04-02 11:24:05]   Keys to load:           7
[2026-04-02 11:24:05]   Missing keys:           4
[2026-04-02 11:24:05]   Unexpected keys:        0
[2026-04-02 11:24:05]   Missing preview:        ['spatial_conv.1.weight', 'spatial_conv.1.bias', 'final_layer.1.weight', 'final_layer.1.bias']
[2026-04-02 11:24:05]   Unexpected preview:     []
[2026-04-02 11:24:05] Encoder freeze configuration:
[2026-04-02 11:24:05]   Total parameters:        18,192
[2026-04-02 11:24:05]   Trainable parameters:    4,352
[2026-04-02 11:24:05]   Training percentage:     23.9%
[2026-04-02 11:24:05]   Trainable layers: 4
[2026-04-02 11:24:05]     - final_layer.1.bias
[2026-04-02 11:24:05]     - final_layer.1.weight
[2026-04-02 11:24:05]     - spatial_conv.1.bias
[2026-04-02 11:24:05]     - spatial_conv.1.weight
[2026-04-02 11:24:05]     Train generator seeded: True
[2026-04-02 11:24:15]     Stopped epoch:            1262
[2026-04-02 11:24:15]     Best epoch (valid_loss):  1212
[2026-04-02 11:24:15]     Best valid_loss:          0.5607194900512695
[2026-04-02 11:24:15]     Test accuracy (primary):  0.8000
[2026-04-02 11:24:15]     Test balanced acc:        0.8000
[2026-04-02 11:24:15]     Confusion matrix:         [[5, 0, 0, 0], [1, 2, 0, 2], [0, 0, 4, 1], [0, 0, 0, 5]]
[2026-04-02 11:24:15]     Prediction histogram:     [6, 2, 4, 8]
[2026-04-02 11:24:15]     fold_acc=0.8000 fold_bal_acc=0.8000 cm=[[5, 0, 0, 0], [1, 2, 0, 2], [0, 0, 4, 1], [0, 0, 0, 5]]
[2026-04-02 11:24:15]   Subject 50 Fold 2 seed: 8010
[2026-04-02 11:24:15]   Subject 50 Fold 2: n_train=64 n_val=16 n_test=20
[2026-04-02 11:24:15]     Train class counts: [16, 16, 16, 16]
[2026-04-02 11:24:15]     Val class counts:   [4, 4, 4, 4]
[2026-04-02 11:24:15]     Test class counts:  [5, 5, 5, 5]
[2026-04-02 11:24:15] Building model with input window duration: 4.1875 s
[2026-04-02 11:24:15] Pretrained weight loading:
[2026-04-02 11:24:15]   Downloaded keys:        179
[2026-04-02 11:24:15]   Filtered (transformer): 172
[2026-04-02 11:24:15]   Filtered (pos_encoder): 0
[2026-04-02 11:24:15]   Keys to load:           7
[2026-04-02 11:24:15]   Missing keys:           4
[2026-04-02 11:24:15]   Unexpected keys:        0
[2026-04-02 11:24:15]   Missing preview:        ['spatial_conv.1.weight', 'spatial_conv.1.bias', 'final_layer.1.weight', 'final_layer.1.bias']
[2026-04-02 11:24:15]   Unexpected preview:     []
[2026-04-02 11:24:15] Encoder freeze configuration:
[2026-04-02 11:24:15]   Total parameters:        18,192
[2026-04-02 11:24:15]   Trainable parameters:    4,352
[2026-04-02 11:24:15]   Training percentage:     23.9%
[2026-04-02 11:24:15]   Trainable layers: 4
[2026-04-02 11:24:15]     - final_layer.1.bias
[2026-04-02 11:24:15]     - final_layer.1.weight
[2026-04-02 11:24:15]     - spatial_conv.1.bias
[2026-04-02 11:24:15]     - spatial_conv.1.weight
[2026-04-02 11:24:15]     Train generator seeded: True
[2026-04-02 11:24:34]     Stopped epoch:            2308
[2026-04-02 11:24:34]     Best epoch (valid_loss):  2258
[2026-04-02 11:24:34]     Best valid_loss:          0.12793231010437012
[2026-04-02 11:24:34]     Test accuracy (primary):  0.8000
[2026-04-02 11:24:34]     Test balanced acc:        0.8000
[2026-04-02 11:24:34]     Confusion matrix:         [[4, 0, 0, 1], [0, 4, 1, 0], [0, 0, 5, 0], [0, 0, 2, 3]]
[2026-04-02 11:24:34]     Prediction histogram:     [4, 4, 8, 4]
[2026-04-02 11:24:34]     fold_acc=0.8000 fold_bal_acc=0.8000 cm=[[4, 0, 0, 1], [0, 4, 1, 0], [0, 0, 5, 0], [0, 0, 2, 3]]
[2026-04-02 11:24:34]   Subject 50 Fold 3 seed: 8011
[2026-04-02 11:24:34]   Subject 50 Fold 3: n_train=64 n_val=16 n_test=20
[2026-04-02 11:24:34]     Train class counts: [16, 16, 16, 16]
[2026-04-02 11:24:34]     Val class counts:   [4, 4, 4, 4]
[2026-04-02 11:24:34]     Test class counts:  [5, 5, 5, 5]
[2026-04-02 11:24:34] Building model with input window duration: 4.1875 s
[2026-04-02 11:24:34] Pretrained weight loading:
[2026-04-02 11:24:34]   Downloaded keys:        179
[2026-04-02 11:24:34]   Filtered (transformer): 172
[2026-04-02 11:24:34]   Filtered (pos_encoder): 0
[2026-04-02 11:24:34]   Keys to load:           7
[2026-04-02 11:24:34]   Missing keys:           4
[2026-04-02 11:24:34]   Unexpected keys:        0
[2026-04-02 11:24:34]   Missing preview:        ['spatial_conv.1.weight', 'spatial_conv.1.bias', 'final_layer.1.weight', 'final_layer.1.bias']
[2026-04-02 11:24:34]   Unexpected preview:     []
[2026-04-02 11:24:34] Encoder freeze configuration:
[2026-04-02 11:24:34]   Total parameters:        18,192
[2026-04-02 11:24:34]   Trainable parameters:    4,352
[2026-04-02 11:24:34]   Training percentage:     23.9%
[2026-04-02 11:24:34]   Trainable layers: 4
[2026-04-02 11:24:34]     - final_layer.1.bias
[2026-04-02 11:24:34]     - final_layer.1.weight
[2026-04-02 11:24:34]     - spatial_conv.1.bias
[2026-04-02 11:24:34]     - spatial_conv.1.weight
[2026-04-02 11:24:34]     Train generator seeded: True
[2026-04-02 11:24:46]     Stopped epoch:            1549
[2026-04-02 11:24:46]     Best epoch (valid_loss):  1499
[2026-04-02 11:24:46]     Best valid_loss:          0.31502383947372437
[2026-04-02 11:24:46]     Test accuracy (primary):  0.9500
[2026-04-02 11:24:46]     Test balanced acc:        0.9500
[2026-04-02 11:24:46]     Confusion matrix:         [[4, 1, 0, 0], [0, 5, 0, 0], [0, 0, 5, 0], [0, 0, 0, 5]]
[2026-04-02 11:24:46]     Prediction histogram:     [4, 6, 5, 5]
[2026-04-02 11:24:46]     fold_acc=0.9500 fold_bal_acc=0.9500 cm=[[4, 1, 0, 0], [0, 5, 0, 0], [0, 0, 5, 0], [0, 0, 0, 5]]
[2026-04-02 11:24:46]   Subject 50 Fold 4 seed: 8012
[2026-04-02 11:24:46]   Subject 50 Fold 4: n_train=64 n_val=16 n_test=20
[2026-04-02 11:24:46]     Train class counts: [16, 16, 16, 16]
[2026-04-02 11:24:46]     Val class counts:   [4, 4, 4, 4]
[2026-04-02 11:24:46]     Test class counts:  [5, 5, 5, 5]
[2026-04-02 11:24:46] Building model with input window duration: 4.1875 s
[2026-04-02 11:24:46] Pretrained weight loading:
[2026-04-02 11:24:46]   Downloaded keys:        179
[2026-04-02 11:24:46]   Filtered (transformer): 172
[2026-04-02 11:24:46]   Filtered (pos_encoder): 0
[2026-04-02 11:24:46]   Keys to load:           7
[2026-04-02 11:24:46]   Missing keys:           4
[2026-04-02 11:24:46]   Unexpected keys:        0
[2026-04-02 11:24:46]   Missing preview:        ['spatial_conv.1.weight', 'spatial_conv.1.bias', 'final_layer.1.weight', 'final_layer.1.bias']
[2026-04-02 11:24:46]   Unexpected preview:     []
[2026-04-02 11:24:46] Encoder freeze configuration:
[2026-04-02 11:24:46]   Total parameters:        18,192
[2026-04-02 11:24:46]   Trainable parameters:    4,352
[2026-04-02 11:24:46]   Training percentage:     23.9%
[2026-04-02 11:24:46]   Trainable layers: 4
[2026-04-02 11:24:46]     - final_layer.1.bias
[2026-04-02 11:24:46]     - final_layer.1.weight
[2026-04-02 11:24:46]     - spatial_conv.1.bias
[2026-04-02 11:24:46]     - spatial_conv.1.weight
[2026-04-02 11:24:46]     Train generator seeded: True
[2026-04-02 11:24:55]     Stopped epoch:            1162
[2026-04-02 11:24:55]     Best epoch (valid_loss):  1112
[2026-04-02 11:24:55]     Best valid_loss:          0.20375710725784302
[2026-04-02 11:24:55]     Test accuracy (primary):  1.0000
[2026-04-02 11:24:55]     Test balanced acc:        1.0000
[2026-04-02 11:24:55]     Confusion matrix:         [[5, 0, 0, 0], [0, 5, 0, 0], [0, 0, 5, 0], [0, 0, 0, 5]]
[2026-04-02 11:24:55]     Prediction histogram:     [5, 5, 5, 5]
[2026-04-02 11:24:55]     fold_acc=1.0000 fold_bal_acc=1.0000 cm=[[5, 0, 0, 0], [0, 5, 0, 0], [0, 0, 5, 0], [0, 0, 0, 5]]
[2026-04-02 11:24:55]   Subject 50 Fold 5 seed: 8013
[2026-04-02 11:24:55]   Subject 50 Fold 5: n_train=64 n_val=16 n_test=20
[2026-04-02 11:24:55]     Train class counts: [16, 16, 16, 16]
[2026-04-02 11:24:55]     Val class counts:   [4, 4, 4, 4]
[2026-04-02 11:24:55]     Test class counts:  [5, 5, 5, 5]
[2026-04-02 11:24:55] Building model with input window duration: 4.1875 s
[2026-04-02 11:24:55] Pretrained weight loading:
[2026-04-02 11:24:55]   Downloaded keys:        179
[2026-04-02 11:24:55]   Filtered (transformer): 172
[2026-04-02 11:24:55]   Filtered (pos_encoder): 0
[2026-04-02 11:24:55]   Keys to load:           7
[2026-04-02 11:24:55]   Missing keys:           4
[2026-04-02 11:24:55]   Unexpected keys:        0
[2026-04-02 11:24:55]   Missing preview:        ['spatial_conv.1.weight', 'spatial_conv.1.bias', 'final_layer.1.weight', 'final_layer.1.bias']
[2026-04-02 11:24:55]   Unexpected preview:     []
[2026-04-02 11:24:55] Encoder freeze configuration:
[2026-04-02 11:24:55]   Total parameters:        18,192
[2026-04-02 11:24:55]   Trainable parameters:    4,352
[2026-04-02 11:24:55]   Training percentage:     23.9%
[2026-04-02 11:24:55]   Trainable layers: 4
[2026-04-02 11:24:55]     - final_layer.1.bias
[2026-04-02 11:24:55]     - final_layer.1.weight
[2026-04-02 11:24:55]     - spatial_conv.1.bias
[2026-04-02 11:24:55]     - spatial_conv.1.weight
[2026-04-02 11:24:55]     Train generator seeded: True
[2026-04-02 11:25:08]     Stopped epoch:            1619
[2026-04-02 11:25:08]     Best epoch (valid_loss):  1569
[2026-04-02 11:25:08]     Best valid_loss:          0.2604880928993225
[2026-04-02 11:25:08]     Test accuracy (primary):  0.9000
[2026-04-02 11:25:08]     Test balanced acc:        0.9000
[2026-04-02 11:25:08]     Confusion matrix:         [[3, 0, 0, 2], [0, 5, 0, 0], [0, 0, 5, 0], [0, 0, 0, 5]]
[2026-04-02 11:25:08]     Prediction histogram:     [3, 5, 5, 7]
[2026-04-02 11:25:08]     fold_acc=0.9000 fold_bal_acc=0.9000 cm=[[3, 0, 0, 2], [0, 5, 0, 0], [0, 0, 5, 0], [0, 0, 0, 5]]
[2026-04-02 11:25:08]   Subject 50 mean accuracy: 0.8900

[2026-04-02 11:25:08] Subject 52: 100 windows class_counts=[25, 25, 25, 25]
[2026-04-02 11:25:08]   Fold 1 split seed: 3009
[2026-04-02 11:25:08]   Fold 1 split class counts:
[2026-04-02 11:25:08]     train=[16, 16, 16, 16] val=[4, 4, 4, 4] test=[5, 5, 5, 5]
[2026-04-02 11:25:08]   Fold 2 split seed: 3010
[2026-04-02 11:25:08]   Fold 2 split class counts:
[2026-04-02 11:25:08]     train=[16, 16, 16, 16] val=[4, 4, 4, 4] test=[5, 5, 5, 5]
[2026-04-02 11:25:08]   Fold 3 split seed: 3011
[2026-04-02 11:25:08]   Fold 3 split class counts:
[2026-04-02 11:25:08]     train=[16, 16, 16, 16] val=[4, 4, 4, 4] test=[5, 5, 5, 5]
[2026-04-02 11:25:08]   Fold 4 split seed: 3012
[2026-04-02 11:25:08]   Fold 4 split class counts:
[2026-04-02 11:25:08]     train=[16, 16, 16, 16] val=[4, 4, 4, 4] test=[5, 5, 5, 5]
[2026-04-02 11:25:08]   Fold 5 split seed: 3013
[2026-04-02 11:25:08]   Fold 5 split class counts:
[2026-04-02 11:25:08]     train=[16, 16, 16, 16] val=[4, 4, 4, 4] test=[5, 5, 5, 5]
[2026-04-02 11:25:08]   Subject 52 Fold 1 seed: 8209
[2026-04-02 11:25:08]   Subject 52 Fold 1: n_train=64 n_val=16 n_test=20
[2026-04-02 11:25:08]     Train class counts: [16, 16, 16, 16]
[2026-04-02 11:25:08]     Val class counts:   [4, 4, 4, 4]
[2026-04-02 11:25:08]     Test class counts:  [5, 5, 5, 5]
[2026-04-02 11:25:08] Building model with input window duration: 4.1875 s
[2026-04-02 11:25:08] Pretrained weight loading:
[2026-04-02 11:25:08]   Downloaded keys:        179
[2026-04-02 11:25:08]   Filtered (transformer): 172
[2026-04-02 11:25:08]   Filtered (pos_encoder): 0
[2026-04-02 11:25:08]   Keys to load:           7
[2026-04-02 11:25:08]   Missing keys:           4
[2026-04-02 11:25:08]   Unexpected keys:        0
[2026-04-02 11:25:08]   Missing preview:        ['spatial_conv.1.weight', 'spatial_conv.1.bias', 'final_layer.1.weight', 'final_layer.1.bias']
[2026-04-02 11:25:08]   Unexpected preview:     []
[2026-04-02 11:25:08] Encoder freeze configuration:
[2026-04-02 11:25:08]   Total parameters:        18,192
[2026-04-02 11:25:08]   Trainable parameters:    4,352
[2026-04-02 11:25:08]   Training percentage:     23.9%
[2026-04-02 11:25:08]   Trainable layers: 4
[2026-04-02 11:25:08]     - final_layer.1.bias
[2026-04-02 11:25:08]     - final_layer.1.weight
[2026-04-02 11:25:08]     - spatial_conv.1.bias
[2026-04-02 11:25:08]     - spatial_conv.1.weight
[2026-04-02 11:25:08]     Train generator seeded: True
[2026-04-02 11:25:18]     Stopped epoch:            1357
[2026-04-02 11:25:18]     Best epoch (valid_loss):  1307
[2026-04-02 11:25:18]     Best valid_loss:          0.2658948600292206
[2026-04-02 11:25:18]     Test accuracy (primary):  0.8500
[2026-04-02 11:25:18]     Test balanced acc:        0.8500
[2026-04-02 11:25:18]     Confusion matrix:         [[2, 1, 0, 2], [0, 5, 0, 0], [0, 0, 5, 0], [0, 0, 0, 5]]
[2026-04-02 11:25:18]     Prediction histogram:     [2, 6, 5, 7]
[2026-04-02 11:25:18]     fold_acc=0.8500 fold_bal_acc=0.8500 cm=[[2, 1, 0, 2], [0, 5, 0, 0], [0, 0, 5, 0], [0, 0, 0, 5]]
[2026-04-02 11:25:18]   Subject 52 Fold 2 seed: 8210
[2026-04-02 11:25:18]   Subject 52 Fold 2: n_train=64 n_val=16 n_test=20
[2026-04-02 11:25:18]     Train class counts: [16, 16, 16, 16]
[2026-04-02 11:25:18]     Val class counts:   [4, 4, 4, 4]
[2026-04-02 11:25:18]     Test class counts:  [5, 5, 5, 5]
[2026-04-02 11:25:18] Building model with input window duration: 4.1875 s
[2026-04-02 11:25:18] Pretrained weight loading:
[2026-04-02 11:25:18]   Downloaded keys:        179
[2026-04-02 11:25:18]   Filtered (transformer): 172
[2026-04-02 11:25:18]   Filtered (pos_encoder): 0
[2026-04-02 11:25:18]   Keys to load:           7
[2026-04-02 11:25:18]   Missing keys:           4
[2026-04-02 11:25:18]   Unexpected keys:        0
[2026-04-02 11:25:18]   Missing preview:        ['spatial_conv.1.weight', 'spatial_conv.1.bias', 'final_layer.1.weight', 'final_layer.1.bias']
[2026-04-02 11:25:18]   Unexpected preview:     []
[2026-04-02 11:25:18] Encoder freeze configuration:
[2026-04-02 11:25:18]   Total parameters:        18,192
[2026-04-02 11:25:18]   Trainable parameters:    4,352
[2026-04-02 11:25:18]   Training percentage:     23.9%
[2026-04-02 11:25:18]   Trainable layers: 4
[2026-04-02 11:25:18]     - final_layer.1.bias
[2026-04-02 11:25:18]     - final_layer.1.weight
[2026-04-02 11:25:18]     - spatial_conv.1.bias
[2026-04-02 11:25:18]     - spatial_conv.1.weight
[2026-04-02 11:25:18]     Train generator seeded: True
[2026-04-02 11:25:30]     Stopped epoch:            1460
[2026-04-02 11:25:30]     Best epoch (valid_loss):  1410
[2026-04-02 11:25:30]     Best valid_loss:          0.18284878134727478
[2026-04-02 11:25:30]     Test accuracy (primary):  0.9500
[2026-04-02 11:25:30]     Test balanced acc:        0.9500
[2026-04-02 11:25:30]     Confusion matrix:         [[5, 0, 0, 0], [1, 4, 0, 0], [0, 0, 5, 0], [0, 0, 0, 5]]
[2026-04-02 11:25:30]     Prediction histogram:     [6, 4, 5, 5]
[2026-04-02 11:25:30]     fold_acc=0.9500 fold_bal_acc=0.9500 cm=[[5, 0, 0, 0], [1, 4, 0, 0], [0, 0, 5, 0], [0, 0, 0, 5]]
[2026-04-02 11:25:30]   Subject 52 Fold 3 seed: 8211
[2026-04-02 11:25:30]   Subject 52 Fold 3: n_train=64 n_val=16 n_test=20
[2026-04-02 11:25:30]     Train class counts: [16, 16, 16, 16]
[2026-04-02 11:25:30]     Val class counts:   [4, 4, 4, 4]
[2026-04-02 11:25:30]     Test class counts:  [5, 5, 5, 5]
[2026-04-02 11:25:30] Building model with input window duration: 4.1875 s
[2026-04-02 11:25:30] Pretrained weight loading:
[2026-04-02 11:25:30]   Downloaded keys:        179
[2026-04-02 11:25:30]   Filtered (transformer): 172
[2026-04-02 11:25:30]   Filtered (pos_encoder): 0
[2026-04-02 11:25:30]   Keys to load:           7
[2026-04-02 11:25:30]   Missing keys:           4
[2026-04-02 11:25:30]   Unexpected keys:        0
[2026-04-02 11:25:30]   Missing preview:        ['spatial_conv.1.weight', 'spatial_conv.1.bias', 'final_layer.1.weight', 'final_layer.1.bias']
[2026-04-02 11:25:30]   Unexpected preview:     []
[2026-04-02 11:25:30] Encoder freeze configuration:
[2026-04-02 11:25:30]   Total parameters:        18,192
[2026-04-02 11:25:30]   Trainable parameters:    4,352
[2026-04-02 11:25:30]   Training percentage:     23.9%
[2026-04-02 11:25:30]   Trainable layers: 4
[2026-04-02 11:25:30]     - final_layer.1.bias
[2026-04-02 11:25:30]     - final_layer.1.weight
[2026-04-02 11:25:30]     - spatial_conv.1.bias
[2026-04-02 11:25:30]     - spatial_conv.1.weight
[2026-04-02 11:25:30]     Train generator seeded: True
[2026-04-02 11:25:49]     Stopped epoch:            2466
[2026-04-02 11:25:49]     Best epoch (valid_loss):  2416
[2026-04-02 11:25:49]     Best valid_loss:          0.16912393271923065
[2026-04-02 11:25:49]     Test accuracy (primary):  0.9500
[2026-04-02 11:25:49]     Test balanced acc:        0.9500
[2026-04-02 11:25:49]     Confusion matrix:         [[4, 0, 0, 1], [0, 5, 0, 0], [0, 0, 5, 0], [0, 0, 0, 5]]
[2026-04-02 11:25:49]     Prediction histogram:     [4, 5, 5, 6]
[2026-04-02 11:25:49]     fold_acc=0.9500 fold_bal_acc=0.9500 cm=[[4, 0, 0, 1], [0, 5, 0, 0], [0, 0, 5, 0], [0, 0, 0, 5]]
[2026-04-02 11:25:49]   Subject 52 Fold 4 seed: 8212
[2026-04-02 11:25:49]   Subject 52 Fold 4: n_train=64 n_val=16 n_test=20
[2026-04-02 11:25:49]     Train class counts: [16, 16, 16, 16]
[2026-04-02 11:25:49]     Val class counts:   [4, 4, 4, 4]
[2026-04-02 11:25:49]     Test class counts:  [5, 5, 5, 5]
[2026-04-02 11:25:49] Building model with input window duration: 4.1875 s
[2026-04-02 11:25:49] Pretrained weight loading:
[2026-04-02 11:25:49]   Downloaded keys:        179
[2026-04-02 11:25:49]   Filtered (transformer): 172
[2026-04-02 11:25:49]   Filtered (pos_encoder): 0
[2026-04-02 11:25:49]   Keys to load:           7
[2026-04-02 11:25:49]   Missing keys:           4
[2026-04-02 11:25:49]   Unexpected keys:        0
[2026-04-02 11:25:49]   Missing preview:        ['spatial_conv.1.weight', 'spatial_conv.1.bias', 'final_layer.1.weight', 'final_layer.1.bias']
[2026-04-02 11:25:49]   Unexpected preview:     []
[2026-04-02 11:25:49] Encoder freeze configuration:
[2026-04-02 11:25:49]   Total parameters:        18,192
[2026-04-02 11:25:49]   Trainable parameters:    4,352
[2026-04-02 11:25:49]   Training percentage:     23.9%
[2026-04-02 11:25:49]   Trainable layers: 4
[2026-04-02 11:25:49]     - final_layer.1.bias
[2026-04-02 11:25:49]     - final_layer.1.weight
[2026-04-02 11:25:49]     - spatial_conv.1.bias
[2026-04-02 11:25:49]     - spatial_conv.1.weight
[2026-04-02 11:25:49]     Train generator seeded: True
[2026-04-02 11:26:00]     Stopped epoch:            1404
[2026-04-02 11:26:00]     Best epoch (valid_loss):  1401
[2026-04-02 11:26:00]     Best valid_loss:          0.23732733726501465
[2026-04-02 11:26:00]     Test accuracy (primary):  1.0000
[2026-04-02 11:26:00]     Test balanced acc:        1.0000
[2026-04-02 11:26:00]     Confusion matrix:         [[5, 0, 0, 0], [0, 5, 0, 0], [0, 0, 5, 0], [0, 0, 0, 5]]
[2026-04-02 11:26:00]     Prediction histogram:     [5, 5, 5, 5]
[2026-04-02 11:26:00]     fold_acc=1.0000 fold_bal_acc=1.0000 cm=[[5, 0, 0, 0], [0, 5, 0, 0], [0, 0, 5, 0], [0, 0, 0, 5]]
[2026-04-02 11:26:00]   Subject 52 Fold 5 seed: 8213
[2026-04-02 11:26:00]   Subject 52 Fold 5: n_train=64 n_val=16 n_test=20
[2026-04-02 11:26:00]     Train class counts: [16, 16, 16, 16]
[2026-04-02 11:26:00]     Val class counts:   [4, 4, 4, 4]
[2026-04-02 11:26:00]     Test class counts:  [5, 5, 5, 5]
[2026-04-02 11:26:00] Building model with input window duration: 4.1875 s
[2026-04-02 11:26:00] Pretrained weight loading:
[2026-04-02 11:26:00]   Downloaded keys:        179
[2026-04-02 11:26:00]   Filtered (transformer): 172
[2026-04-02 11:26:00]   Filtered (pos_encoder): 0
[2026-04-02 11:26:00]   Keys to load:           7
[2026-04-02 11:26:00]   Missing keys:           4
[2026-04-02 11:26:00]   Unexpected keys:        0
[2026-04-02 11:26:00]   Missing preview:        ['spatial_conv.1.weight', 'spatial_conv.1.bias', 'final_layer.1.weight', 'final_layer.1.bias']
[2026-04-02 11:26:00]   Unexpected preview:     []
[2026-04-02 11:26:00] Encoder freeze configuration:
[2026-04-02 11:26:00]   Total parameters:        18,192
[2026-04-02 11:26:00]   Trainable parameters:    4,352
[2026-04-02 11:26:00]   Training percentage:     23.9%
[2026-04-02 11:26:00]   Trainable layers: 4
[2026-04-02 11:26:00]     - final_layer.1.bias
[2026-04-02 11:26:00]     - final_layer.1.weight
[2026-04-02 11:26:00]     - spatial_conv.1.bias
[2026-04-02 11:26:00]     - spatial_conv.1.weight
[2026-04-02 11:26:00]     Train generator seeded: True
[2026-04-02 11:26:12]     Stopped epoch:            1435
[2026-04-02 11:26:12]     Best epoch (valid_loss):  1385
[2026-04-02 11:26:12]     Best valid_loss:          0.15043124556541443
[2026-04-02 11:26:12]     Test accuracy (primary):  1.0000
[2026-04-02 11:26:12]     Test balanced acc:        1.0000
[2026-04-02 11:26:12]     Confusion matrix:         [[5, 0, 0, 0], [0, 5, 0, 0], [0, 0, 5, 0], [0, 0, 0, 5]]
[2026-04-02 11:26:12]     Prediction histogram:     [5, 5, 5, 5]
[2026-04-02 11:26:12]     fold_acc=1.0000 fold_bal_acc=1.0000 cm=[[5, 0, 0, 0], [0, 5, 0, 0], [0, 0, 5, 0], [0, 0, 0, 5]]
[2026-04-02 11:26:12]   Subject 52 mean accuracy: 0.9500

[2026-04-02 11:26:12] Subject 53: 100 windows class_counts=[25, 25, 25, 25]
[2026-04-02 11:26:12]   Fold 1 split seed: 3009
[2026-04-02 11:26:12]   Fold 1 split class counts:
[2026-04-02 11:26:12]     train=[16, 16, 16, 16] val=[4, 4, 4, 4] test=[5, 5, 5, 5]
[2026-04-02 11:26:12]   Fold 2 split seed: 3010
[2026-04-02 11:26:12]   Fold 2 split class counts:
[2026-04-02 11:26:12]     train=[16, 16, 16, 16] val=[4, 4, 4, 4] test=[5, 5, 5, 5]
[2026-04-02 11:26:12]   Fold 3 split seed: 3011
[2026-04-02 11:26:12]   Fold 3 split class counts:
[2026-04-02 11:26:12]     train=[16, 16, 16, 16] val=[4, 4, 4, 4] test=[5, 5, 5, 5]
[2026-04-02 11:26:12]   Fold 4 split seed: 3012
[2026-04-02 11:26:12]   Fold 4 split class counts:
[2026-04-02 11:26:12]     train=[16, 16, 16, 16] val=[4, 4, 4, 4] test=[5, 5, 5, 5]
[2026-04-02 11:26:12]   Fold 5 split seed: 3013
[2026-04-02 11:26:12]   Fold 5 split class counts:
[2026-04-02 11:26:12]     train=[16, 16, 16, 16] val=[4, 4, 4, 4] test=[5, 5, 5, 5]
[2026-04-02 11:26:12]   Subject 53 Fold 1 seed: 8309
[2026-04-02 11:26:12]   Subject 53 Fold 1: n_train=64 n_val=16 n_test=20
[2026-04-02 11:26:12]     Train class counts: [16, 16, 16, 16]
[2026-04-02 11:26:12]     Val class counts:   [4, 4, 4, 4]
[2026-04-02 11:26:12]     Test class counts:  [5, 5, 5, 5]
[2026-04-02 11:26:12] Building model with input window duration: 4.1875 s
[2026-04-02 11:26:12] Pretrained weight loading:
[2026-04-02 11:26:12]   Downloaded keys:        179
[2026-04-02 11:26:12]   Filtered (transformer): 172
[2026-04-02 11:26:12]   Filtered (pos_encoder): 0
[2026-04-02 11:26:12]   Keys to load:           7
[2026-04-02 11:26:12]   Missing keys:           4
[2026-04-02 11:26:12]   Unexpected keys:        0
[2026-04-02 11:26:12]   Missing preview:        ['spatial_conv.1.weight', 'spatial_conv.1.bias', 'final_layer.1.weight', 'final_layer.1.bias']
[2026-04-02 11:26:12]   Unexpected preview:     []
[2026-04-02 11:26:12] Encoder freeze configuration:
[2026-04-02 11:26:12]   Total parameters:        18,192
[2026-04-02 11:26:12]   Trainable parameters:    4,352
[2026-04-02 11:26:12]   Training percentage:     23.9%
[2026-04-02 11:26:12]   Trainable layers: 4
[2026-04-02 11:26:12]     - final_layer.1.bias
[2026-04-02 11:26:12]     - final_layer.1.weight
[2026-04-02 11:26:12]     - spatial_conv.1.bias
[2026-04-02 11:26:12]     - spatial_conv.1.weight
[2026-04-02 11:26:12]     Train generator seeded: True
[2026-04-02 11:26:22]     Stopped epoch:            1326
[2026-04-02 11:26:22]     Best epoch (valid_loss):  1276
[2026-04-02 11:26:22]     Best valid_loss:          0.24590864777565002
[2026-04-02 11:26:22]     Test accuracy (primary):  0.9500
[2026-04-02 11:26:22]     Test balanced acc:        0.9500
[2026-04-02 11:26:22]     Confusion matrix:         [[5, 0, 0, 0], [0, 4, 1, 0], [0, 0, 5, 0], [0, 0, 0, 5]]
[2026-04-02 11:26:22]     Prediction histogram:     [5, 4, 6, 5]
[2026-04-02 11:26:22]     fold_acc=0.9500 fold_bal_acc=0.9500 cm=[[5, 0, 0, 0], [0, 4, 1, 0], [0, 0, 5, 0], [0, 0, 0, 5]]
[2026-04-02 11:26:22]   Subject 53 Fold 2 seed: 8310
[2026-04-02 11:26:22]   Subject 53 Fold 2: n_train=64 n_val=16 n_test=20
[2026-04-02 11:26:22]     Train class counts: [16, 16, 16, 16]
[2026-04-02 11:26:22]     Val class counts:   [4, 4, 4, 4]
[2026-04-02 11:26:22]     Test class counts:  [5, 5, 5, 5]
[2026-04-02 11:26:22] Building model with input window duration: 4.1875 s
[2026-04-02 11:26:22] Pretrained weight loading:
[2026-04-02 11:26:22]   Downloaded keys:        179
[2026-04-02 11:26:22]   Filtered (transformer): 172
[2026-04-02 11:26:22]   Filtered (pos_encoder): 0
[2026-04-02 11:26:22]   Keys to load:           7
[2026-04-02 11:26:22]   Missing keys:           4
[2026-04-02 11:26:22]   Unexpected keys:        0
[2026-04-02 11:26:22]   Missing preview:        ['spatial_conv.1.weight', 'spatial_conv.1.bias', 'final_layer.1.weight', 'final_layer.1.bias']
[2026-04-02 11:26:22]   Unexpected preview:     []
[2026-04-02 11:26:22] Encoder freeze configuration:
[2026-04-02 11:26:22]   Total parameters:        18,192
[2026-04-02 11:26:22]   Trainable parameters:    4,352
[2026-04-02 11:26:22]   Training percentage:     23.9%
[2026-04-02 11:26:22]   Trainable layers: 4
[2026-04-02 11:26:22]     - final_layer.1.bias
[2026-04-02 11:26:22]     - final_layer.1.weight
[2026-04-02 11:26:22]     - spatial_conv.1.bias
[2026-04-02 11:26:22]     - spatial_conv.1.weight
[2026-04-02 11:26:22]     Train generator seeded: True
[2026-04-02 11:26:44]     Stopped epoch:            2709
[2026-04-02 11:26:44]     Best epoch (valid_loss):  2659
[2026-04-02 11:26:44]     Best valid_loss:          0.1033702939748764
[2026-04-02 11:26:44]     Test accuracy (primary):  0.8500
[2026-04-02 11:26:44]     Test balanced acc:        0.8500
[2026-04-02 11:26:44]     Confusion matrix:         [[4, 0, 0, 1], [0, 5, 0, 0], [0, 1, 4, 0], [0, 1, 0, 4]]
[2026-04-02 11:26:44]     Prediction histogram:     [4, 7, 4, 5]
[2026-04-02 11:26:44]     fold_acc=0.8500 fold_bal_acc=0.8500 cm=[[4, 0, 0, 1], [0, 5, 0, 0], [0, 1, 4, 0], [0, 1, 0, 4]]
[2026-04-02 11:26:44]   Subject 53 Fold 3 seed: 8311
[2026-04-02 11:26:44]   Subject 53 Fold 3: n_train=64 n_val=16 n_test=20
[2026-04-02 11:26:44]     Train class counts: [16, 16, 16, 16]
[2026-04-02 11:26:44]     Val class counts:   [4, 4, 4, 4]
[2026-04-02 11:26:44]     Test class counts:  [5, 5, 5, 5]
[2026-04-02 11:26:44] Building model with input window duration: 4.1875 s
[2026-04-02 11:26:44] Pretrained weight loading:
[2026-04-02 11:26:44]   Downloaded keys:        179
[2026-04-02 11:26:44]   Filtered (transformer): 172
[2026-04-02 11:26:44]   Filtered (pos_encoder): 0
[2026-04-02 11:26:44]   Keys to load:           7
[2026-04-02 11:26:44]   Missing keys:           4
[2026-04-02 11:26:44]   Unexpected keys:        0
[2026-04-02 11:26:44]   Missing preview:        ['spatial_conv.1.weight', 'spatial_conv.1.bias', 'final_layer.1.weight', 'final_layer.1.bias']
[2026-04-02 11:26:44]   Unexpected preview:     []
[2026-04-02 11:26:44] Encoder freeze configuration:
[2026-04-02 11:26:44]   Total parameters:        18,192
[2026-04-02 11:26:44]   Trainable parameters:    4,352
[2026-04-02 11:26:44]   Training percentage:     23.9%
[2026-04-02 11:26:44]   Trainable layers: 4
[2026-04-02 11:26:44]     - final_layer.1.bias
[2026-04-02 11:26:44]     - final_layer.1.weight
[2026-04-02 11:26:44]     - spatial_conv.1.bias
[2026-04-02 11:26:44]     - spatial_conv.1.weight
[2026-04-02 11:26:44]     Train generator seeded: True
[2026-04-02 11:27:07]     Stopped epoch:            2915
[2026-04-02 11:27:07]     Best epoch (valid_loss):  2865
[2026-04-02 11:27:07]     Best valid_loss:          0.10087143629789352
[2026-04-02 11:27:07]     Test accuracy (primary):  1.0000
[2026-04-02 11:27:07]     Test balanced acc:        1.0000
[2026-04-02 11:27:07]     Confusion matrix:         [[5, 0, 0, 0], [0, 5, 0, 0], [0, 0, 5, 0], [0, 0, 0, 5]]
[2026-04-02 11:27:07]     Prediction histogram:     [5, 5, 5, 5]
[2026-04-02 11:27:07]     fold_acc=1.0000 fold_bal_acc=1.0000 cm=[[5, 0, 0, 0], [0, 5, 0, 0], [0, 0, 5, 0], [0, 0, 0, 5]]
[2026-04-02 11:27:07]   Subject 53 Fold 4 seed: 8312
[2026-04-02 11:27:07]   Subject 53 Fold 4: n_train=64 n_val=16 n_test=20
[2026-04-02 11:27:07]     Train class counts: [16, 16, 16, 16]
[2026-04-02 11:27:07]     Val class counts:   [4, 4, 4, 4]
[2026-04-02 11:27:07]     Test class counts:  [5, 5, 5, 5]
[2026-04-02 11:27:07] Building model with input window duration: 4.1875 s
[2026-04-02 11:27:07] Pretrained weight loading:
[2026-04-02 11:27:07]   Downloaded keys:        179
[2026-04-02 11:27:07]   Filtered (transformer): 172
[2026-04-02 11:27:07]   Filtered (pos_encoder): 0
[2026-04-02 11:27:07]   Keys to load:           7
[2026-04-02 11:27:07]   Missing keys:           4
[2026-04-02 11:27:07]   Unexpected keys:        0
[2026-04-02 11:27:07]   Missing preview:        ['spatial_conv.1.weight', 'spatial_conv.1.bias', 'final_layer.1.weight', 'final_layer.1.bias']
[2026-04-02 11:27:07]   Unexpected preview:     []
[2026-04-02 11:27:07] Encoder freeze configuration:
[2026-04-02 11:27:07]   Total parameters:        18,192
[2026-04-02 11:27:07]   Trainable parameters:    4,352
[2026-04-02 11:27:07]   Training percentage:     23.9%
[2026-04-02 11:27:07]   Trainable layers: 4
[2026-04-02 11:27:07]     - final_layer.1.bias
[2026-04-02 11:27:07]     - final_layer.1.weight
[2026-04-02 11:27:07]     - spatial_conv.1.bias
[2026-04-02 11:27:07]     - spatial_conv.1.weight
[2026-04-02 11:27:07]     Train generator seeded: True
[2026-04-02 11:27:18]     Stopped epoch:            1291
[2026-04-02 11:27:18]     Best epoch (valid_loss):  1242
[2026-04-02 11:27:18]     Best valid_loss:          0.2191774994134903
[2026-04-02 11:27:18]     Test accuracy (primary):  0.9000
[2026-04-02 11:27:18]     Test balanced acc:        0.9000
[2026-04-02 11:27:18]     Confusion matrix:         [[3, 0, 2, 0], [0, 5, 0, 0], [0, 0, 5, 0], [0, 0, 0, 5]]
[2026-04-02 11:27:18]     Prediction histogram:     [3, 5, 7, 5]
[2026-04-02 11:27:18]     fold_acc=0.9000 fold_bal_acc=0.9000 cm=[[3, 0, 2, 0], [0, 5, 0, 0], [0, 0, 5, 0], [0, 0, 0, 5]]
[2026-04-02 11:27:18]   Subject 53 Fold 5 seed: 8313
[2026-04-02 11:27:18]   Subject 53 Fold 5: n_train=64 n_val=16 n_test=20
[2026-04-02 11:27:18]     Train class counts: [16, 16, 16, 16]
[2026-04-02 11:27:18]     Val class counts:   [4, 4, 4, 4]
[2026-04-02 11:27:18]     Test class counts:  [5, 5, 5, 5]
[2026-04-02 11:27:18] Building model with input window duration: 4.1875 s
[2026-04-02 11:27:18] Pretrained weight loading:
[2026-04-02 11:27:18]   Downloaded keys:        179
[2026-04-02 11:27:18]   Filtered (transformer): 172
[2026-04-02 11:27:18]   Filtered (pos_encoder): 0
[2026-04-02 11:27:18]   Keys to load:           7
[2026-04-02 11:27:18]   Missing keys:           4
[2026-04-02 11:27:18]   Unexpected keys:        0
[2026-04-02 11:27:18]   Missing preview:        ['spatial_conv.1.weight', 'spatial_conv.1.bias', 'final_layer.1.weight', 'final_layer.1.bias']
[2026-04-02 11:27:18]   Unexpected preview:     []
[2026-04-02 11:27:18] Encoder freeze configuration:
[2026-04-02 11:27:18]   Total parameters:        18,192
[2026-04-02 11:27:18]   Trainable parameters:    4,352
[2026-04-02 11:27:18]   Training percentage:     23.9%
[2026-04-02 11:27:18]   Trainable layers: 4
[2026-04-02 11:27:18]     - final_layer.1.bias
[2026-04-02 11:27:18]     - final_layer.1.weight
[2026-04-02 11:27:18]     - spatial_conv.1.bias
[2026-04-02 11:27:18]     - spatial_conv.1.weight
[2026-04-02 11:27:18]     Train generator seeded: True
[2026-04-02 11:27:30]     Stopped epoch:            1547
[2026-04-02 11:27:30]     Best epoch (valid_loss):  1497
[2026-04-02 11:27:30]     Best valid_loss:          0.11373712867498398
[2026-04-02 11:27:30]     Test accuracy (primary):  1.0000
[2026-04-02 11:27:30]     Test balanced acc:        1.0000
[2026-04-02 11:27:30]     Confusion matrix:         [[5, 0, 0, 0], [0, 5, 0, 0], [0, 0, 5, 0], [0, 0, 0, 5]]
[2026-04-02 11:27:30]     Prediction histogram:     [5, 5, 5, 5]
[2026-04-02 11:27:30]     fold_acc=1.0000 fold_bal_acc=1.0000 cm=[[5, 0, 0, 0], [0, 5, 0, 0], [0, 0, 5, 0], [0, 0, 0, 5]]
[2026-04-02 11:27:30]   Subject 53 mean accuracy: 0.9400

[2026-04-02 11:27:30] Subject 54: 100 windows class_counts=[25, 25, 25, 25]
[2026-04-02 11:27:30]   Fold 1 split seed: 3009
[2026-04-02 11:27:30]   Fold 1 split class counts:
[2026-04-02 11:27:30]     train=[16, 16, 16, 16] val=[4, 4, 4, 4] test=[5, 5, 5, 5]
[2026-04-02 11:27:30]   Fold 2 split seed: 3010
[2026-04-02 11:27:30]   Fold 2 split class counts:
[2026-04-02 11:27:30]     train=[16, 16, 16, 16] val=[4, 4, 4, 4] test=[5, 5, 5, 5]
[2026-04-02 11:27:30]   Fold 3 split seed: 3011
[2026-04-02 11:27:30]   Fold 3 split class counts:
[2026-04-02 11:27:30]     train=[16, 16, 16, 16] val=[4, 4, 4, 4] test=[5, 5, 5, 5]
[2026-04-02 11:27:30]   Fold 4 split seed: 3012
[2026-04-02 11:27:30]   Fold 4 split class counts:
[2026-04-02 11:27:30]     train=[16, 16, 16, 16] val=[4, 4, 4, 4] test=[5, 5, 5, 5]
[2026-04-02 11:27:30]   Fold 5 split seed: 3013
[2026-04-02 11:27:30]   Fold 5 split class counts:
[2026-04-02 11:27:30]     train=[16, 16, 16, 16] val=[4, 4, 4, 4] test=[5, 5, 5, 5]
[2026-04-02 11:27:30]   Subject 54 Fold 1 seed: 8409
[2026-04-02 11:27:30]   Subject 54 Fold 1: n_train=64 n_val=16 n_test=20
[2026-04-02 11:27:30]     Train class counts: [16, 16, 16, 16]
[2026-04-02 11:27:30]     Val class counts:   [4, 4, 4, 4]
[2026-04-02 11:27:30]     Test class counts:  [5, 5, 5, 5]
[2026-04-02 11:27:30] Building model with input window duration: 4.1875 s
[2026-04-02 11:27:30] Pretrained weight loading:
[2026-04-02 11:27:30]   Downloaded keys:        179
[2026-04-02 11:27:30]   Filtered (transformer): 172
[2026-04-02 11:27:30]   Filtered (pos_encoder): 0
[2026-04-02 11:27:30]   Keys to load:           7
[2026-04-02 11:27:30]   Missing keys:           4
[2026-04-02 11:27:30]   Unexpected keys:        0
[2026-04-02 11:27:30]   Missing preview:        ['spatial_conv.1.weight', 'spatial_conv.1.bias', 'final_layer.1.weight', 'final_layer.1.bias']
[2026-04-02 11:27:30]   Unexpected preview:     []
[2026-04-02 11:27:30] Encoder freeze configuration:
[2026-04-02 11:27:30]   Total parameters:        18,192
[2026-04-02 11:27:30]   Trainable parameters:    4,352
[2026-04-02 11:27:30]   Training percentage:     23.9%
[2026-04-02 11:27:30]   Trainable layers: 4
[2026-04-02 11:27:30]     - final_layer.1.bias
[2026-04-02 11:27:30]     - final_layer.1.weight
[2026-04-02 11:27:30]     - spatial_conv.1.bias
[2026-04-02 11:27:30]     - spatial_conv.1.weight
[2026-04-02 11:27:30]     Train generator seeded: True
[2026-04-02 11:27:36]     Stopped epoch:            660
[2026-04-02 11:27:36]     Best epoch (valid_loss):  610
[2026-04-02 11:27:36]     Best valid_loss:          0.9933319687843323
[2026-04-02 11:27:36]     Test accuracy (primary):  0.6500
[2026-04-02 11:27:36]     Test balanced acc:        0.6500
[2026-04-02 11:27:36]     Confusion matrix:         [[5, 0, 0, 0], [1, 2, 0, 2], [0, 3, 1, 1], [0, 0, 0, 5]]
[2026-04-02 11:27:36]     Prediction histogram:     [6, 5, 1, 8]
[2026-04-02 11:27:36]     fold_acc=0.6500 fold_bal_acc=0.6500 cm=[[5, 0, 0, 0], [1, 2, 0, 2], [0, 3, 1, 1], [0, 0, 0, 5]]
[2026-04-02 11:27:36]   Subject 54 Fold 2 seed: 8410
[2026-04-02 11:27:36]   Subject 54 Fold 2: n_train=64 n_val=16 n_test=20
[2026-04-02 11:27:36]     Train class counts: [16, 16, 16, 16]
[2026-04-02 11:27:36]     Val class counts:   [4, 4, 4, 4]
[2026-04-02 11:27:36]     Test class counts:  [5, 5, 5, 5]
[2026-04-02 11:27:36] Building model with input window duration: 4.1875 s
[2026-04-02 11:27:36] Pretrained weight loading:
[2026-04-02 11:27:36]   Downloaded keys:        179
[2026-04-02 11:27:36]   Filtered (transformer): 172
[2026-04-02 11:27:36]   Filtered (pos_encoder): 0
[2026-04-02 11:27:36]   Keys to load:           7
[2026-04-02 11:27:36]   Missing keys:           4
[2026-04-02 11:27:36]   Unexpected keys:        0
[2026-04-02 11:27:36]   Missing preview:        ['spatial_conv.1.weight', 'spatial_conv.1.bias', 'final_layer.1.weight', 'final_layer.1.bias']
[2026-04-02 11:27:36]   Unexpected preview:     []
[2026-04-02 11:27:36] Encoder freeze configuration:
[2026-04-02 11:27:36]   Total parameters:        18,192
[2026-04-02 11:27:36]   Trainable parameters:    4,352
[2026-04-02 11:27:36]   Training percentage:     23.9%
[2026-04-02 11:27:36]   Trainable layers: 4
[2026-04-02 11:27:36]     - final_layer.1.bias
[2026-04-02 11:27:36]     - final_layer.1.weight
[2026-04-02 11:27:36]     - spatial_conv.1.bias
[2026-04-02 11:27:36]     - spatial_conv.1.weight
[2026-04-02 11:27:36]     Train generator seeded: True
[2026-04-02 11:27:36]     Stopped epoch:            52
[2026-04-02 11:27:36]     Best epoch (valid_loss):  4
[2026-04-02 11:27:36]     Best valid_loss:          1.388676404953003
[2026-04-02 11:27:36]     Test accuracy (primary):  0.2500
[2026-04-02 11:27:36]     Test balanced acc:        0.2500
[2026-04-02 11:27:36]     Confusion matrix:         [[1, 0, 4, 0], [0, 0, 5, 0], [1, 0, 4, 0], [1, 0, 4, 0]]
[2026-04-02 11:27:36]     Prediction histogram:     [3, 0, 17, 0]
[2026-04-02 11:27:36]     fold_acc=0.2500 fold_bal_acc=0.2500 cm=[[1, 0, 4, 0], [0, 0, 5, 0], [1, 0, 4, 0], [1, 0, 4, 0]]
[2026-04-02 11:27:36]   Subject 54 Fold 3 seed: 8411
[2026-04-02 11:27:36]   Subject 54 Fold 3: n_train=64 n_val=16 n_test=20
[2026-04-02 11:27:36]     Train class counts: [16, 16, 16, 16]
[2026-04-02 11:27:36]     Val class counts:   [4, 4, 4, 4]
[2026-04-02 11:27:36]     Test class counts:  [5, 5, 5, 5]
[2026-04-02 11:27:36] Building model with input window duration: 4.1875 s
[2026-04-02 11:27:36] Pretrained weight loading:
[2026-04-02 11:27:36]   Downloaded keys:        179
[2026-04-02 11:27:36]   Filtered (transformer): 172
[2026-04-02 11:27:36]   Filtered (pos_encoder): 0
[2026-04-02 11:27:36]   Keys to load:           7
[2026-04-02 11:27:36]   Missing keys:           4
[2026-04-02 11:27:36]   Unexpected keys:        0
[2026-04-02 11:27:36]   Missing preview:        ['spatial_conv.1.weight', 'spatial_conv.1.bias', 'final_layer.1.weight', 'final_layer.1.bias']
[2026-04-02 11:27:36]   Unexpected preview:     []
[2026-04-02 11:27:36] Encoder freeze configuration:
[2026-04-02 11:27:36]   Total parameters:        18,192
[2026-04-02 11:27:36]   Trainable parameters:    4,352
[2026-04-02 11:27:36]   Training percentage:     23.9%
[2026-04-02 11:27:36]   Trainable layers: 4
[2026-04-02 11:27:36]     - final_layer.1.bias
[2026-04-02 11:27:36]     - final_layer.1.weight
[2026-04-02 11:27:36]     - spatial_conv.1.bias
[2026-04-02 11:27:36]     - spatial_conv.1.weight
[2026-04-02 11:27:36]     Train generator seeded: True
[2026-04-02 11:27:41]     Stopped epoch:            568
[2026-04-02 11:27:41]     Best epoch (valid_loss):  518
[2026-04-02 11:27:41]     Best valid_loss:          1.0280556678771973
[2026-04-02 11:27:41]     Test accuracy (primary):  0.5000
[2026-04-02 11:27:41]     Test balanced acc:        0.5000
[2026-04-02 11:27:41]     Confusion matrix:         [[3, 0, 1, 1], [0, 3, 0, 2], [0, 2, 2, 1], [0, 2, 1, 2]]
[2026-04-02 11:27:41]     Prediction histogram:     [3, 7, 4, 6]
[2026-04-02 11:27:41]     fold_acc=0.5000 fold_bal_acc=0.5000 cm=[[3, 0, 1, 1], [0, 3, 0, 2], [0, 2, 2, 1], [0, 2, 1, 2]]
[2026-04-02 11:27:41]   Subject 54 Fold 4 seed: 8412
[2026-04-02 11:27:41]   Subject 54 Fold 4: n_train=64 n_val=16 n_test=20
[2026-04-02 11:27:41]     Train class counts: [16, 16, 16, 16]
[2026-04-02 11:27:41]     Val class counts:   [4, 4, 4, 4]
[2026-04-02 11:27:41]     Test class counts:  [5, 5, 5, 5]
[2026-04-02 11:27:41] Building model with input window duration: 4.1875 s
[2026-04-02 11:27:41] Pretrained weight loading:
[2026-04-02 11:27:41]   Downloaded keys:        179
[2026-04-02 11:27:41]   Filtered (transformer): 172
[2026-04-02 11:27:41]   Filtered (pos_encoder): 0
[2026-04-02 11:27:41]   Keys to load:           7
[2026-04-02 11:27:41]   Missing keys:           4
[2026-04-02 11:27:41]   Unexpected keys:        0
[2026-04-02 11:27:41]   Missing preview:        ['spatial_conv.1.weight', 'spatial_conv.1.bias', 'final_layer.1.weight', 'final_layer.1.bias']
[2026-04-02 11:27:41]   Unexpected preview:     []
[2026-04-02 11:27:41] Encoder freeze configuration:
[2026-04-02 11:27:41]   Total parameters:        18,192
[2026-04-02 11:27:41]   Trainable parameters:    4,352
[2026-04-02 11:27:41]   Training percentage:     23.9%
[2026-04-02 11:27:41]   Trainable layers: 4
[2026-04-02 11:27:41]     - final_layer.1.bias
[2026-04-02 11:27:41]     - final_layer.1.weight
[2026-04-02 11:27:41]     - spatial_conv.1.bias
[2026-04-02 11:27:41]     - spatial_conv.1.weight
[2026-04-02 11:27:41]     Train generator seeded: True
[2026-04-02 11:27:41]     Stopped epoch:            51
[2026-04-02 11:27:41]     Best epoch (valid_loss):  5
[2026-04-02 11:27:41]     Best valid_loss:          1.3876574039459229
[2026-04-02 11:27:41]     Test accuracy (primary):  0.2000
[2026-04-02 11:27:41]     Test balanced acc:        0.2000
[2026-04-02 11:27:41]     Confusion matrix:         [[1, 1, 0, 3], [2, 0, 0, 3], [1, 0, 0, 4], [2, 0, 0, 3]]
[2026-04-02 11:27:41]     Prediction histogram:     [6, 1, 0, 13]
[2026-04-02 11:27:41]     fold_acc=0.2000 fold_bal_acc=0.2000 cm=[[1, 1, 0, 3], [2, 0, 0, 3], [1, 0, 0, 4], [2, 0, 0, 3]]
[2026-04-02 11:27:41]   Subject 54 Fold 5 seed: 8413
[2026-04-02 11:27:41]   Subject 54 Fold 5: n_train=64 n_val=16 n_test=20
[2026-04-02 11:27:41]     Train class counts: [16, 16, 16, 16]
[2026-04-02 11:27:41]     Val class counts:   [4, 4, 4, 4]
[2026-04-02 11:27:41]     Test class counts:  [5, 5, 5, 5]
[2026-04-02 11:27:41] Building model with input window duration: 4.1875 s
[2026-04-02 11:27:41] Pretrained weight loading:
[2026-04-02 11:27:41]   Downloaded keys:        179
[2026-04-02 11:27:41]   Filtered (transformer): 172
[2026-04-02 11:27:41]   Filtered (pos_encoder): 0
[2026-04-02 11:27:41]   Keys to load:           7
[2026-04-02 11:27:41]   Missing keys:           4
[2026-04-02 11:27:41]   Unexpected keys:        0
[2026-04-02 11:27:41]   Missing preview:        ['spatial_conv.1.weight', 'spatial_conv.1.bias', 'final_layer.1.weight', 'final_layer.1.bias']
[2026-04-02 11:27:41]   Unexpected preview:     []
[2026-04-02 11:27:41] Encoder freeze configuration:
[2026-04-02 11:27:41]   Total parameters:        18,192
[2026-04-02 11:27:41]   Trainable parameters:    4,352
[2026-04-02 11:27:41]   Training percentage:     23.9%
[2026-04-02 11:27:41]   Trainable layers: 4
[2026-04-02 11:27:41]     - final_layer.1.bias
[2026-04-02 11:27:41]     - final_layer.1.weight
[2026-04-02 11:27:41]     - spatial_conv.1.bias
[2026-04-02 11:27:41]     - spatial_conv.1.weight
[2026-04-02 11:27:41]     Train generator seeded: True
[2026-04-02 11:27:47]     Stopped epoch:            756
[2026-04-02 11:27:47]     Best epoch (valid_loss):  706
[2026-04-02 11:27:47]     Best valid_loss:          0.8270420432090759
[2026-04-02 11:27:47]     Test accuracy (primary):  0.7000
[2026-04-02 11:27:47]     Test balanced acc:        0.7000
[2026-04-02 11:27:47]     Confusion matrix:         [[4, 0, 1, 0], [0, 3, 2, 0], [0, 1, 4, 0], [0, 0, 2, 3]]
[2026-04-02 11:27:47]     Prediction histogram:     [4, 4, 9, 3]
[2026-04-02 11:27:47]     fold_acc=0.7000 fold_bal_acc=0.7000 cm=[[4, 0, 1, 0], [0, 3, 2, 0], [0, 1, 4, 0], [0, 0, 2, 3]]
[2026-04-02 11:27:47]   Subject 54 mean accuracy: 0.4600

[2026-04-02 11:27:47] Total folds completed: 30
[2026-04-02 11:27:47] ======================================================================
[2026-04-02 11:27:47] AGGREGATED RESULTS
[2026-04-02 11:27:47] ======================================================================
[2026-04-02 11:27:47]   Subject 48:  acc=0.9600±0.0374  bal_acc=0.9600±0.0374
[2026-04-02 11:27:47]   Subject 49:  acc=0.8700±0.0400  bal_acc=0.8700±0.0400
[2026-04-02 11:27:47]   Subject 50:  acc=0.8900±0.0800  bal_acc=0.8900±0.0800
[2026-04-02 11:27:47]   Subject 52:  acc=0.9500±0.0548  bal_acc=0.9500±0.0548
[2026-04-02 11:27:47]   Subject 53:  acc=0.9400±0.0583  bal_acc=0.9400±0.0583
[2026-04-02 11:27:47]   Subject 54:  acc=0.4600±0.2035  bal_acc=0.4600±0.2035
[2026-04-02 11:27:47] ----------------------------------------------------------------------
[2026-04-02 11:27:47]   OVERALL:      acc=0.8450±0.2006  bal_acc=0.8450±0.2006
[2026-04-02 11:27:47] ======================================================================
[2026-04-02 11:27:47] CV results saved to:      /home/vegorov/Repos/eeg_jepa_research/artifacts/lee-2019-fine-tuning/SSVEP/20260402_1121_5d6bbfb6/cv_results.json
[2026-04-02 11:27:47] Subject metrics saved to: /home/vegorov/Repos/eeg_jepa_research/artifacts/lee-2019-fine-tuning/SSVEP/20260402_1121_5d6bbfb6/subject_metrics.json
[2026-04-02 11:27:47] Global metrics saved to:  /home/vegorov/Repos/eeg_jepa_research/artifacts/lee-2019-fine-tuning/SSVEP/20260402_1121_5d6bbfb6/global_metrics.json
[2026-04-02 11:27:47] Run metadata saved to:    /home/vegorov/Repos/eeg_jepa_research/artifacts/lee-2019-fine-tuning/SSVEP/20260402_1121_5d6bbfb6/run_metadata.json

[2026-04-02 11:27:47] All artifacts in: /home/vegorov/Repos/eeg_jepa_research/artifacts/lee-2019-fine-tuning/SSVEP/20260402_1121_5d6bbfb6

[2026-04-02 11:27:47] ======================================================================
[2026-04-02 11:27:47] EXPERIMENT SUMMARY
[2026-04-02 11:27:47] ======================================================================
[2026-04-02 11:27:47] Run ID:    20260402_1121_5d6bbfb6
[2026-04-02 11:27:47] Artifacts: /home/vegorov/Repos/eeg_jepa_research/artifacts/lee-2019-fine-tuning/SSVEP/20260402_1121_5d6bbfb6

[2026-04-02 11:27:47] Configuration:
[2026-04-02 11:27:47]   Subjects:          [48, 49, 50, 52, 53, 54]
[2026-04-02 11:27:47]   Bandpass:          0.5-40.0 Hz
[2026-04-02 11:27:47]   Resample:          128 Hz
[2026-04-02 11:27:47]   CV folds:          5
[2026-04-02 11:27:47]   Learning rate:     0.001
[2026-04-02 11:27:47]   Batch size:        24
[2026-04-02 11:27:47]   Max epochs:        5000

[2026-04-02 11:27:47] Results:
[2026-04-02 11:27:47]   Mean Accuracy:          0.8450 ± 0.2006
[2026-04-02 11:27:47]   Mean Balanced Accuracy: 0.8450 ± 0.2006
