[2026-03-31 13:06:02] Using device: mps
[2026-03-31 13:06:02] Seed control enabled: True
[2026-03-31 13:06:02] Base seed: 2
[2026-03-31 13:06:03] Seed initialized: 2
[2026-03-31 13:06:03] ======================================================================
[2026-03-31 13:06:03] CONFIGURATION
[2026-03-31 13:06:03] ======================================================================
[2026-03-31 13:06:03]   artifact_dir: /Users/vadim/Documents/School/Spring 2026/CSCE A698 Individual Research/EEG_JEPA/artifacts/lee-2019-fine-tuning
[2026-03-31 13:06:03]   bandpass_high: 40.0
[2026-03-31 13:06:03]   bandpass_low: 0.5
[2026-03-31 13:06:03]   batch_size: 16
[2026-03-31 13:06:03]   convert_to_uV: True
[2026-03-31 13:06:03]   cv_folds: 5
[2026-03-31 13:06:03]   device: auto
[2026-03-31 13:06:03]   early_stopping_patience: 50
[2026-03-31 13:06:03]   learning_rate: 0.001
[2026-03-31 13:06:03]   n_epochs: 5000
[2026-03-31 13:06:03]   normalization_method: None
[2026-03-31 13:06:03]   normalize: False
[2026-03-31 13:06:03]   paradigm: SSVEP
[2026-03-31 13:06:03]   pretrained_url: https://huggingface.co/braindecode/SignalJEPA/resolve/main/signal-jepa_16s-60_adeuwv4s.pth
[2026-03-31 13:06:03]   seed: 2
[2026-03-31 13:06:03]   set_seed: True
[2026-03-31 13:06:03]   sfreq: 128
[2026-03-31 13:06:03]   subjects_to_use: [51]
[2026-03-31 13:06:03]   val_split: 0.2
[2026-03-31 13:06:03] ======================================================================
[2026-03-31 13:06:03] Config saved to: /Users/vadim/Documents/School/Spring 2026/CSCE A698 Individual Research/EEG_JEPA/artifacts/lee-2019-fine-tuning/SSVEP/20260331_1306_bc15a0c0/config.json
[2026-03-31 13:06:03] Epoch window configuration:
[2026-03-31 13:06:03]   Target sfreq:                128 Hz
[2026-03-31 13:06:03]   Target duration:             4.190000 s
[2026-03-31 13:06:03]   Window samples (rounded):    536
[2026-03-31 13:06:03]   Base trial samples (4.0 s):  512
[2026-03-31 13:06:03]   Trial stop offset samples:   24
[2026-03-31 13:06:03]   Effective window duration:   4.187500 s
[2026-03-31 13:06:03] Using specified subjects from config: [51]
[2026-03-31 13:06:03] Selected subjects: [51]
[2026-03-31 13:06:03] Expected evaluation folds: 5

[2026-03-31 13:06:03] Building MOABBDataset for Lee2019_SSVEP...
[2026-03-31 13:06:15] MOABBDataset recordings loaded: 2
[2026-03-31 13:06:15] Discovered annotation descriptions (first recording): [np.str_('12.0'), np.str_('5.45'), np.str_('6.67'), np.str_('8.57')]
[2026-03-31 13:06:15] Dataset event_id mapping: {'12.0': 1, '8.57': 2, '6.67': 3, '5.45': 4}
[2026-03-31 13:06:15] Label map (event_code -> class_index): {1: 0, 2: 1, 3: 2, 4: 3}
[2026-03-31 13:06:15] Applying Braindecode preprocessors to MOABBDataset...
[2026-03-31 13:06:23] Preprocessing complete.

[2026-03-31 13:06:23] Post-preprocessing validation
[2026-03-31 13:06:23]   Recordings in DATASET: 2
[2026-03-31 13:06:23]   Unique subject IDs:    ['51']
[2026-03-31 13:06:23]   sfreq (first rec):     128.0 Hz
[2026-03-31 13:06:23]   EEG channel count:     62
[2026-03-31 13:06:23]   First 10 channels:     ['Fp1', 'Fp2', 'F7', 'F3', 'Fz', 'F4', 'F8', 'FC5', 'FC1', 'FC2']
[2026-03-31 13:06:23] Channel consistency summary:
[2026-03-31 13:06:23]   Checked runs: 2
[2026-03-31 13:06:23]   Unique channel counts: [62]
[2026-03-31 13:06:23]   Channel order consistent: True
[2026-03-31 13:06:23] Validated EEG channels: 62
[2026-03-31 13:06:23] First 10 EEG channels: ['Fp1', 'Fp2', 'F7', 'F3', 'Fz', 'F4', 'F8', 'FC5', 'FC1', 'FC2']
[2026-03-31 13:06:23] raw mean_abs=6.206608e+00
[2026-03-31 13:06:23] raw std=2.712803e+01
[2026-03-31 13:06:23] raw first5 channel std= [30.27595633 56.56813395 13.75714116  8.89857459  7.91183515]
[2026-03-31 13:06:23] Requested window samples: 536
[2026-03-31 13:06:23] Base trial samples:       512
[2026-03-31 13:06:23] Stop offset samples:      24
[2026-03-31 13:06:23] Global class counts: [50, 50, 50, 50]
[2026-03-31 13:06:23] Chance level (4-class): 0.25
[2026-03-31 13:06:23] One window shape: (62, 536)
[2026-03-31 13:06:23] One window label: 2
[2026-03-31 13:06:23] Window sample length expected=536, got=536
[2026-03-31 13:06:23] Subjects in window split: [51]
[2026-03-31 13:06:23] Summarizing per-subject windows...
[2026-03-31 13:06:23]   Subject 51: n_windows=200, window_shape=(62, 536), class_counts=[50, 50, 50, 50]
[2026-03-31 13:06:23]    subject_id  n_windows  n_channels  n_times      class_counts
0          51        200          62      536  [50, 50, 50, 50]
[2026-03-31 13:06:23] Window validation summary:
[2026-03-31 13:06:23]   Subject 51: n_windows=200 class_counts=[50, 50, 50, 50]

[2026-03-31 13:06:23] Validated sampling rate target: 128 Hz
[2026-03-31 13:06:23] Validated window sample count:   536
[2026-03-31 13:06:23] Validated window duration:       4.1875 s
[2026-03-31 13:06:23] Validated channel count:         62
[2026-03-31 13:06:23] Total windows retained:          200
[2026-03-31 13:06:23] Preprocessing sanity checks:
[2026-03-31 13:06:23]   One sample label: 2
[2026-03-31 13:06:23]   One sample shape: (62, 536)
[2026-03-31 13:06:23]   Mean(abs(signal)): 7.808386e+00
[2026-03-31 13:06:23]   Mean(signal):      -1.469310e-08
[2026-03-31 13:06:23]   Std(signal):       1.102899e+01
[2026-03-31 13:06:23] Building model with input window duration: 4.1875 s
[2026-03-31 13:06:23] SignalJEPA_PreLocal instantiated successfully.
[2026-03-31 13:06:23]   Total parameters:     18,192
[2026-03-31 13:06:23]   Trainable parameters: 18,192
[2026-03-31 13:06:23] ======================================================================================================================================================
Layer (type (var_name):depth-idx)                  Input Shape               Output Shape              Param #                   Kernel Shape
======================================================================================================================================================
SignalJEPA_PreLocal (SignalJEPA_PreLocal)          [1, 62, 536]              [1, 4]                    --                        --
├─Sequential (spatial_conv): 1-1                   [1, 62, 536]              [1, 4, 536]               --                        --
│    └─Rearrange (0): 2-1                          [1, 62, 536]              [1, 1, 62, 536]           --                        --
│    └─Conv2d (1): 2-2                             [1, 1, 62, 536]           [1, 4, 1, 536]            252                       [62, 1]
│    └─Rearrange (2): 2-3                          [1, 4, 1, 536]            [1, 4, 536]               --                        --
├─_ConvFeatureEncoder (feature_encoder): 1-2       [1, 4, 536]               [1, 16, 64]               --                        --
│    └─Rearrange (0): 2-4                          [1, 4, 536]               [4, 1, 536]               --                        --
│    └─Sequential (1): 2-5                         [4, 1, 536]               [4, 8, 64]                --                        --
│    │    └─Conv1d (0): 3-1                        [4, 1, 536]               [4, 8, 64]                256                       [32]
│    │    └─Dropout (1): 3-2                       [4, 8, 64]                [4, 8, 64]                --                        --
│    │    └─GroupNorm (2): 3-3                     [4, 8, 64]                [4, 8, 64]                16                        --
│    │    └─GELU (3): 3-4                          [4, 8, 64]                [4, 8, 64]                --                        --
│    └─Sequential (2): 2-6                         [4, 8, 64]                [4, 16, 32]               --                        --
│    │    └─Conv1d (0): 3-5                        [4, 8, 64]                [4, 16, 32]               256                       [2]
│    │    └─Dropout (1): 3-6                       [4, 16, 32]               [4, 16, 32]               --                        --
│    │    └─GELU (2): 3-7                          [4, 16, 32]               [4, 16, 32]               --                        --
│    └─Sequential (3): 2-7                         [4, 16, 32]               [4, 32, 16]               --                        --
│    │    └─Conv1d (0): 3-8                        [4, 16, 32]               [4, 32, 16]               1,024                     [2]
│    │    └─Dropout (1): 3-9                       [4, 32, 16]               [4, 32, 16]               --                        --
│    │    └─GELU (2): 3-10                         [4, 32, 16]               [4, 32, 16]               --                        --
│    └─Sequential (4): 2-8                         [4, 32, 16]               [4, 64, 8]                --                        --
│    │    └─Conv1d (0): 3-11                       [4, 32, 16]               [4, 64, 8]                4,096                     [2]
│    │    └─Dropout (1): 3-12                      [4, 64, 8]                [4, 64, 8]                --                        --
│    │    └─GELU (2): 3-13                         [4, 64, 8]                [4, 64, 8]                --                        --
│    └─Sequential (5): 2-9                         [4, 64, 8]                [4, 64, 4]                --                        --
│    │    └─Conv1d (0): 3-14                       [4, 64, 8]                [4, 64, 4]                8,192                     [2]
│    │    └─Dropout (1): 3-15                      [4, 64, 4]                [4, 64, 4]                --                        --
│    │    └─GELU (2): 3-16                         [4, 64, 4]                [4, 64, 4]                --                        --
│    └─Rearrange (6): 2-10                         [4, 64, 4]                [1, 16, 64]               --                        --
├─Sequential (final_layer): 1-3                    [1, 16, 64]               [1, 4]                    --                        --
│    └─Flatten (0): 2-11                           [1, 16, 64]               [1, 1024]                 --                        --
│    └─Linear (1): 2-12                            [1, 1024]                 [1, 4]                    4,100                     --
======================================================================================================================================================
Total params: 18,192
Trainable params: 18,192
Non-trainable params: 0
Total mult-adds (Units.MEGABYTES): 0.57
======================================================================================================================================================
Input size (MB): 0.13
Forward/backward pass size (MB): 0.11
Params size (MB): 0.07
Estimated Total Size (MB): 0.31
======================================================================================================================================================
[2026-03-31 13:06:23] Initializing from 16s-60 pretrained checkpoint (Hugging Face):
[2026-03-31 13:06:23]   https://huggingface.co/braindecode/SignalJEPA/resolve/main/signal-jepa_16s-60_adeuwv4s.pth
[2026-03-31 13:06:23]   Downloaded 179 keys
[2026-03-31 13:06:23] ======================================================================
[2026-03-31 13:06:23] STARTING CROSS-VALIDATION
[2026-03-31 13:06:23] ======================================================================
[2026-03-31 13:06:23] Subjects:      [51]
[2026-03-31 13:06:23] CV folds:      5
[2026-03-31 13:06:23] Batch size:    16
[2026-03-31 13:06:23] Max epochs:    5000
[2026-03-31 13:06:23] Device:        mps
[2026-03-31 13:06:23] Seed control:  True
[2026-03-31 13:06:23] Base seed:     2
[2026-03-31 13:06:23] ======================================================================

[2026-03-31 13:06:23] Subject 51: 200 windows class_counts=[50, 50, 50, 50]
[2026-03-31 13:06:23]   Fold 1 split seed: 3
[2026-03-31 13:06:23]   Fold 1 split class counts:
[2026-03-31 13:06:23]     train=[32, 32, 32, 32] val=[8, 8, 8, 8] test=[10, 10, 10, 10]
[2026-03-31 13:06:23]   Fold 2 split seed: 4
[2026-03-31 13:06:23]   Fold 2 split class counts:
[2026-03-31 13:06:23]     train=[32, 32, 32, 32] val=[8, 8, 8, 8] test=[10, 10, 10, 10]
[2026-03-31 13:06:23]   Fold 3 split seed: 5
[2026-03-31 13:06:23]   Fold 3 split class counts:
[2026-03-31 13:06:23]     train=[32, 32, 32, 32] val=[8, 8, 8, 8] test=[10, 10, 10, 10]
[2026-03-31 13:06:23]   Fold 4 split seed: 6
[2026-03-31 13:06:23]   Fold 4 split class counts:
[2026-03-31 13:06:23]     train=[32, 32, 32, 32] val=[8, 8, 8, 8] test=[10, 10, 10, 10]
[2026-03-31 13:06:23]   Fold 5 split seed: 7
[2026-03-31 13:06:23]   Fold 5 split class counts:
[2026-03-31 13:06:23]     train=[32, 32, 32, 32] val=[8, 8, 8, 8] test=[10, 10, 10, 10]
[2026-03-31 13:06:23]   Subject 51 Fold 1 seed: 5103
[2026-03-31 13:06:23]   Subject 51 Fold 1: n_train=128 n_val=32 n_test=40
[2026-03-31 13:06:23]     Train class counts: [32, 32, 32, 32]
[2026-03-31 13:06:23]     Val class counts:   [8, 8, 8, 8]
[2026-03-31 13:06:23]     Test class counts:  [10, 10, 10, 10]
[2026-03-31 13:06:23] Building model with input window duration: 4.1875 s
[2026-03-31 13:06:23] Pretrained weight loading:
[2026-03-31 13:06:23]   Downloaded keys:        179
[2026-03-31 13:06:23]   Filtered (transformer): 172
[2026-03-31 13:06:23]   Filtered (pos_encoder): 0
[2026-03-31 13:06:23]   Keys to load:           7
[2026-03-31 13:06:23]   Missing keys:           4
[2026-03-31 13:06:23]   Unexpected keys:        0
[2026-03-31 13:06:23]   Missing preview:        ['spatial_conv.1.weight', 'spatial_conv.1.bias', 'final_layer.1.weight', 'final_layer.1.bias']
[2026-03-31 13:06:23]   Unexpected preview:     []
[2026-03-31 13:06:23] Encoder freeze configuration:
[2026-03-31 13:06:23]   Total parameters:        18,192
[2026-03-31 13:06:23]   Trainable parameters:    4,352
[2026-03-31 13:06:23]   Training percentage:     23.9%
[2026-03-31 13:06:23]   Trainable layers: 4
[2026-03-31 13:06:23]     - final_layer.1.bias
[2026-03-31 13:06:23]     - final_layer.1.weight
[2026-03-31 13:06:23]     - spatial_conv.1.bias
[2026-03-31 13:06:23]     - spatial_conv.1.weight
[2026-03-31 13:06:23]     Train generator seeded: True
[2026-03-31 13:06:45]     Stopped epoch:            245
[2026-03-31 13:06:45]     Best epoch (valid_loss):  195
[2026-03-31 13:06:45]     Best valid_loss:          1.2463800311088562
[2026-03-31 13:06:45]     Test accuracy (primary):  0.6000
[2026-03-31 13:06:45]     Test balanced acc:        0.6000
[2026-03-31 13:06:45]     Confusion matrix:         [[6, 1, 1, 2], [1, 4, 1, 4], [1, 0, 9, 0], [0, 2, 3, 5]]
[2026-03-31 13:06:45]     Prediction histogram:     [8, 7, 14, 11]
[2026-03-31 13:06:45]     fold_acc=0.6000 fold_bal_acc=0.6000 cm=[[6, 1, 1, 2], [1, 4, 1, 4], [1, 0, 9, 0], [0, 2, 3, 5]]
[2026-03-31 13:06:45]   Subject 51 Fold 2 seed: 5104
[2026-03-31 13:06:45]   Subject 51 Fold 2: n_train=128 n_val=32 n_test=40
[2026-03-31 13:06:45]     Train class counts: [32, 32, 32, 32]
[2026-03-31 13:06:45]     Val class counts:   [8, 8, 8, 8]
[2026-03-31 13:06:45]     Test class counts:  [10, 10, 10, 10]
[2026-03-31 13:06:45] Building model with input window duration: 4.1875 s
[2026-03-31 13:06:45] Pretrained weight loading:
[2026-03-31 13:06:45]   Downloaded keys:        179
[2026-03-31 13:06:45]   Filtered (transformer): 172
[2026-03-31 13:06:45]   Filtered (pos_encoder): 0
[2026-03-31 13:06:45]   Keys to load:           7
[2026-03-31 13:06:45]   Missing keys:           4
[2026-03-31 13:06:45]   Unexpected keys:        0
[2026-03-31 13:06:45]   Missing preview:        ['spatial_conv.1.weight', 'spatial_conv.1.bias', 'final_layer.1.weight', 'final_layer.1.bias']
[2026-03-31 13:06:45]   Unexpected preview:     []
[2026-03-31 13:06:45] Encoder freeze configuration:
[2026-03-31 13:06:45]   Total parameters:        18,192
[2026-03-31 13:06:45]   Trainable parameters:    4,352
[2026-03-31 13:06:45]   Training percentage:     23.9%
[2026-03-31 13:06:45]   Trainable layers: 4
[2026-03-31 13:06:45]     - final_layer.1.bias
[2026-03-31 13:06:45]     - final_layer.1.weight
[2026-03-31 13:06:45]     - spatial_conv.1.bias
[2026-03-31 13:06:45]     - spatial_conv.1.weight
[2026-03-31 13:06:45]     Train generator seeded: True
[2026-03-31 13:07:18]     Stopped epoch:            365
[2026-03-31 13:07:18]     Best epoch (valid_loss):  315
[2026-03-31 13:07:18]     Best valid_loss:          1.1475698351860046
[2026-03-31 13:07:18]     Test accuracy (primary):  0.3750
[2026-03-31 13:07:18]     Test balanced acc:        0.3750
[2026-03-31 13:07:18]     Confusion matrix:         [[2, 2, 0, 6], [2, 5, 0, 3], [2, 3, 4, 1], [4, 2, 0, 4]]
[2026-03-31 13:07:18]     Prediction histogram:     [10, 12, 4, 14]
[2026-03-31 13:07:18]     fold_acc=0.3750 fold_bal_acc=0.3750 cm=[[2, 2, 0, 6], [2, 5, 0, 3], [2, 3, 4, 1], [4, 2, 0, 4]]
[2026-03-31 13:07:18]   Subject 51 Fold 3 seed: 5105
[2026-03-31 13:07:18]   Subject 51 Fold 3: n_train=128 n_val=32 n_test=40
[2026-03-31 13:07:18]     Train class counts: [32, 32, 32, 32]
[2026-03-31 13:07:18]     Val class counts:   [8, 8, 8, 8]
[2026-03-31 13:07:18]     Test class counts:  [10, 10, 10, 10]
[2026-03-31 13:07:18] Building model with input window duration: 4.1875 s
[2026-03-31 13:07:18] Pretrained weight loading:
[2026-03-31 13:07:18]   Downloaded keys:        179
[2026-03-31 13:07:18]   Filtered (transformer): 172
[2026-03-31 13:07:18]   Filtered (pos_encoder): 0
[2026-03-31 13:07:18]   Keys to load:           7
[2026-03-31 13:07:18]   Missing keys:           4
[2026-03-31 13:07:18]   Unexpected keys:        0
[2026-03-31 13:07:18]   Missing preview:        ['spatial_conv.1.weight', 'spatial_conv.1.bias', 'final_layer.1.weight', 'final_layer.1.bias']
[2026-03-31 13:07:18]   Unexpected preview:     []
[2026-03-31 13:07:18] Encoder freeze configuration:
[2026-03-31 13:07:18]   Total parameters:        18,192
[2026-03-31 13:07:18]   Trainable parameters:    4,352
[2026-03-31 13:07:18]   Training percentage:     23.9%
[2026-03-31 13:07:18]   Trainable layers: 4
[2026-03-31 13:07:18]     - final_layer.1.bias
[2026-03-31 13:07:18]     - final_layer.1.weight
[2026-03-31 13:07:18]     - spatial_conv.1.bias
[2026-03-31 13:07:18]     - spatial_conv.1.weight
[2026-03-31 13:07:18]     Train generator seeded: True
[2026-03-31 13:07:45]     Stopped epoch:            332
[2026-03-31 13:07:45]     Best epoch (valid_loss):  282
[2026-03-31 13:07:45]     Best valid_loss:          1.1120734214782715
[2026-03-31 13:07:45]     Test accuracy (primary):  0.5250
[2026-03-31 13:07:45]     Test balanced acc:        0.5250
[2026-03-31 13:07:45]     Confusion matrix:         [[5, 2, 1, 2], [1, 6, 2, 1], [1, 3, 5, 1], [1, 2, 2, 5]]
[2026-03-31 13:07:45]     Prediction histogram:     [8, 13, 10, 9]
[2026-03-31 13:07:45]     fold_acc=0.5250 fold_bal_acc=0.5250 cm=[[5, 2, 1, 2], [1, 6, 2, 1], [1, 3, 5, 1], [1, 2, 2, 5]]
[2026-03-31 13:07:45]   Subject 51 Fold 4 seed: 5106
[2026-03-31 13:07:45]   Subject 51 Fold 4: n_train=128 n_val=32 n_test=40
[2026-03-31 13:07:45]     Train class counts: [32, 32, 32, 32]
[2026-03-31 13:07:45]     Val class counts:   [8, 8, 8, 8]
[2026-03-31 13:07:45]     Test class counts:  [10, 10, 10, 10]
[2026-03-31 13:07:45] Building model with input window duration: 4.1875 s
[2026-03-31 13:07:45] Pretrained weight loading:
[2026-03-31 13:07:45]   Downloaded keys:        179
[2026-03-31 13:07:45]   Filtered (transformer): 172
[2026-03-31 13:07:45]   Filtered (pos_encoder): 0
[2026-03-31 13:07:45]   Keys to load:           7
[2026-03-31 13:07:45]   Missing keys:           4
[2026-03-31 13:07:45]   Unexpected keys:        0
[2026-03-31 13:07:45]   Missing preview:        ['spatial_conv.1.weight', 'spatial_conv.1.bias', 'final_layer.1.weight', 'final_layer.1.bias']
[2026-03-31 13:07:45]   Unexpected preview:     []
[2026-03-31 13:07:45] Encoder freeze configuration:
[2026-03-31 13:07:45]   Total parameters:        18,192
[2026-03-31 13:07:45]   Trainable parameters:    4,352
[2026-03-31 13:07:45]   Training percentage:     23.9%
[2026-03-31 13:07:45]   Trainable layers: 4
[2026-03-31 13:07:45]     - final_layer.1.bias
[2026-03-31 13:07:45]     - final_layer.1.weight
[2026-03-31 13:07:45]     - spatial_conv.1.bias
[2026-03-31 13:07:45]     - spatial_conv.1.weight
[2026-03-31 13:07:45]     Train generator seeded: True
[2026-03-31 13:07:49]     Stopped epoch:            51
[2026-03-31 13:07:49]     Best epoch (valid_loss):  1
[2026-03-31 13:07:49]     Best valid_loss:          1.3844484686851501
[2026-03-31 13:07:49]     Test accuracy (primary):  0.2500
[2026-03-31 13:07:49]     Test balanced acc:        0.2500
[2026-03-31 13:07:49]     Confusion matrix:         [[0, 0, 1, 9], [0, 0, 0, 10], [0, 0, 1, 9], [0, 1, 0, 9]]
[2026-03-31 13:07:49]     Prediction histogram:     [0, 1, 2, 37]
[2026-03-31 13:07:49]     fold_acc=0.2500 fold_bal_acc=0.2500 cm=[[0, 0, 1, 9], [0, 0, 0, 10], [0, 0, 1, 9], [0, 1, 0, 9]]
[2026-03-31 13:07:49]   Subject 51 Fold 5 seed: 5107
[2026-03-31 13:07:49]   Subject 51 Fold 5: n_train=128 n_val=32 n_test=40
[2026-03-31 13:07:49]     Train class counts: [32, 32, 32, 32]
[2026-03-31 13:07:49]     Val class counts:   [8, 8, 8, 8]
[2026-03-31 13:07:49]     Test class counts:  [10, 10, 10, 10]
[2026-03-31 13:07:49] Building model with input window duration: 4.1875 s
[2026-03-31 13:07:49] Pretrained weight loading:
[2026-03-31 13:07:49]   Downloaded keys:        179
[2026-03-31 13:07:49]   Filtered (transformer): 172
[2026-03-31 13:07:49]   Filtered (pos_encoder): 0
[2026-03-31 13:07:49]   Keys to load:           7
[2026-03-31 13:07:49]   Missing keys:           4
[2026-03-31 13:07:49]   Unexpected keys:        0
[2026-03-31 13:07:49]   Missing preview:        ['spatial_conv.1.weight', 'spatial_conv.1.bias', 'final_layer.1.weight', 'final_layer.1.bias']
[2026-03-31 13:07:49]   Unexpected preview:     []
[2026-03-31 13:07:49] Encoder freeze configuration:
[2026-03-31 13:07:49]   Total parameters:        18,192
[2026-03-31 13:07:49]   Trainable parameters:    4,352
[2026-03-31 13:07:49]   Training percentage:     23.9%
[2026-03-31 13:07:49]   Trainable layers: 4
[2026-03-31 13:07:49]     - final_layer.1.bias
[2026-03-31 13:07:49]     - final_layer.1.weight
[2026-03-31 13:07:49]     - spatial_conv.1.bias
[2026-03-31 13:07:49]     - spatial_conv.1.weight
[2026-03-31 13:07:49]     Train generator seeded: True
[2026-03-31 13:08:04]     Stopped epoch:            173
[2026-03-31 13:08:04]     Best epoch (valid_loss):  123
[2026-03-31 13:08:04]     Best valid_loss:          1.2807756662368774
[2026-03-31 13:08:04]     Test accuracy (primary):  0.4750
[2026-03-31 13:08:04]     Test balanced acc:        0.4750
[2026-03-31 13:08:04]     Confusion matrix:         [[5, 0, 2, 3], [2, 4, 1, 3], [1, 1, 6, 2], [2, 3, 1, 4]]
[2026-03-31 13:08:04]     Prediction histogram:     [10, 8, 10, 12]
[2026-03-31 13:08:04]     fold_acc=0.4750 fold_bal_acc=0.4750 cm=[[5, 0, 2, 3], [2, 4, 1, 3], [1, 1, 6, 2], [2, 3, 1, 4]]
[2026-03-31 13:08:04]   Subject 51 mean accuracy: 0.4450

[2026-03-31 13:08:04] Total folds completed: 5
[2026-03-31 13:08:04] ======================================================================
[2026-03-31 13:08:04] AGGREGATED RESULTS
[2026-03-31 13:08:04] ======================================================================
[2026-03-31 13:08:04]   Subject 51:  acc=0.4450±0.1219  bal_acc=0.4450±0.1219
[2026-03-31 13:08:04] ----------------------------------------------------------------------
[2026-03-31 13:08:04]   OVERALL:      acc=0.4450±0.1219  bal_acc=0.4450±0.1219
[2026-03-31 13:08:04] ======================================================================
[2026-03-31 13:08:04] CV results saved to:      /Users/vadim/Documents/School/Spring 2026/CSCE A698 Individual Research/EEG_JEPA/artifacts/lee-2019-fine-tuning/SSVEP/20260331_1306_bc15a0c0/cv_results.json
[2026-03-31 13:08:04] Subject metrics saved to: /Users/vadim/Documents/School/Spring 2026/CSCE A698 Individual Research/EEG_JEPA/artifacts/lee-2019-fine-tuning/SSVEP/20260331_1306_bc15a0c0/subject_metrics.json
[2026-03-31 13:08:04] Global metrics saved to:  /Users/vadim/Documents/School/Spring 2026/CSCE A698 Individual Research/EEG_JEPA/artifacts/lee-2019-fine-tuning/SSVEP/20260331_1306_bc15a0c0/global_metrics.json
[2026-03-31 13:08:04] Run metadata saved to:    /Users/vadim/Documents/School/Spring 2026/CSCE A698 Individual Research/EEG_JEPA/artifacts/lee-2019-fine-tuning/SSVEP/20260331_1306_bc15a0c0/run_metadata.json

[2026-03-31 13:08:04] All artifacts in: /Users/vadim/Documents/School/Spring 2026/CSCE A698 Individual Research/EEG_JEPA/artifacts/lee-2019-fine-tuning/SSVEP/20260331_1306_bc15a0c0

[2026-03-31 13:08:04] ======================================================================
[2026-03-31 13:08:04] EXPERIMENT SUMMARY
[2026-03-31 13:08:04] ======================================================================
[2026-03-31 13:08:04] Run ID:    20260331_1306_bc15a0c0
[2026-03-31 13:08:04] Artifacts: /Users/vadim/Documents/School/Spring 2026/CSCE A698 Individual Research/EEG_JEPA/artifacts/lee-2019-fine-tuning/SSVEP/20260331_1306_bc15a0c0

[2026-03-31 13:08:04] Configuration:
[2026-03-31 13:08:04]   Subjects:          [51]
[2026-03-31 13:08:04]   Bandpass:          0.5-40.0 Hz
[2026-03-31 13:08:04]   Resample:          128 Hz
[2026-03-31 13:08:04]   CV folds:          5
[2026-03-31 13:08:04]   Learning rate:     0.001
[2026-03-31 13:08:04]   Batch size:        16
[2026-03-31 13:08:04]   Max epochs:        5000

[2026-03-31 13:08:04] Results:
[2026-03-31 13:08:04]   Mean Accuracy:          0.4450 ± 0.1219
[2026-03-31 13:08:04]   Mean Balanced Accuracy: 0.4450 ± 0.1219
