[2026-04-08 16:29:00] Using device: cpu
[2026-04-08 16:29:00] Seed control enabled: True
[2026-04-08 16:29:00] Base seed: 5
[2026-04-08 16:29:01] Seed initialized: 5
[2026-04-08 16:29:01] ======================================================================
[2026-04-08 16:29:01] CONFIGURATION
[2026-04-08 16:29:01] ======================================================================
[2026-04-08 16:29:01]   artifact_dir: /home/vegorov/Repos/eeg_jepa_research/artifacts/lee-2019-fine-tuning
[2026-04-08 16:29:01]   bandpass_high: 40.0
[2026-04-08 16:29:01]   bandpass_low: 0.5
[2026-04-08 16:29:01]   batch_size: 16
[2026-04-08 16:29:01]   convert_to_uV: True
[2026-04-08 16:29:01]   criterion: None
[2026-04-08 16:29:01]   cv_folds: 5
[2026-04-08 16:29:01]   device: auto
[2026-04-08 16:29:01]   early_stopping_patience: 50
[2026-04-08 16:29:01]   learning_rate: None
[2026-04-08 16:29:01]   n_epochs: 5000
[2026-04-08 16:29:01]   normalization_method: None
[2026-04-08 16:29:01]   normalize: False
[2026-04-08 16:29:01]   optimizer: Adam
[2026-04-08 16:29:01]   paradigm: SSVEP
[2026-04-08 16:29:01]   pretrained_url: https://huggingface.co/braindecode/SignalJEPA/resolve/main/signal-jepa_16s-60_adeuwv4s.pth
[2026-04-08 16:29:01]   seed: 5
[2026-04-08 16:29:01]   set_eeg_reference: True
[2026-04-08 16:29:01]   set_seed: True
[2026-04-08 16:29:01]   sfreq: 128
[2026-04-08 16:29:01]   subjects_to_use: [51]
[2026-04-08 16:29:01]   val_split: 0.2
[2026-04-08 16:29:01] ======================================================================
[2026-04-08 16:29:01] Config saved to: /home/vegorov/Repos/eeg_jepa_research/artifacts/lee-2019-fine-tuning/SSVEP/20260408_1629_bf450c77/config.json
[2026-04-08 16:29:01] Epoch window configuration:
[2026-04-08 16:29:01]   Target sfreq:                128 Hz
[2026-04-08 16:29:01]   Target duration:             4.190000 s
[2026-04-08 16:29:01]   Window samples (rounded):    536
[2026-04-08 16:29:01]   Base trial samples (4.0 s):  512
[2026-04-08 16:29:01]   Trial stop offset samples:   24
[2026-04-08 16:29:01]   Effective window duration:   4.187500 s
[2026-04-08 16:29:01] Using specified subjects from config: [51]
[2026-04-08 16:29:01] Selected subjects: [51]
[2026-04-08 16:29:01] Expected evaluation folds: 5

[2026-04-08 16:29:01] Building MOABBDataset for Lee2019_SSVEP...
[2026-04-08 16:29:10] MOABBDataset recordings loaded: 1
[2026-04-08 16:29:10] Discovered annotation descriptions (first recording): [np.str_('12.0'), np.str_('5.45'), np.str_('6.67'), np.str_('8.57')]
[2026-04-08 16:29:10] Dataset event_id mapping: {'12.0': 1, '8.57': 2, '6.67': 3, '5.45': 4}
[2026-04-08 16:29:10] Label map (event_code -> class_index): {1: 0, 2: 1, 3: 2, 4: 3}
[2026-04-08 16:29:10] Applying Braindecode preprocessors to MOABBDataset...
[2026-04-08 16:29:13] Preprocessing complete.

[2026-04-08 16:29:13] Post-preprocessing validation
[2026-04-08 16:29:13]   Recordings in DATASET: 1
[2026-04-08 16:29:13]   Unique subject IDs:    ['51']
[2026-04-08 16:29:13]   sfreq (first rec):     128.0 Hz
[2026-04-08 16:29:13]   EEG channel count:     62
[2026-04-08 16:29:13]   First 10 channels:     ['Fp1', 'Fp2', 'F7', 'F3', 'Fz', 'F4', 'F8', 'FC5', 'FC1', 'FC2']
[2026-04-08 16:29:13] Channel consistency summary:
[2026-04-08 16:29:13]   Checked runs: 1
[2026-04-08 16:29:13]   Unique channel counts: [62]
[2026-04-08 16:29:13]   Channel order consistent: True
[2026-04-08 16:29:13] Validated EEG channels: 62
[2026-04-08 16:29:13] First 10 EEG channels: ['Fp1', 'Fp2', 'F7', 'F3', 'Fz', 'F4', 'F8', 'FC5', 'FC1', 'FC2']
[2026-04-08 16:29:13] raw mean_abs=6.171634e+00
[2026-04-08 16:29:13] raw std=2.711682e+01
[2026-04-08 16:29:13] raw first5 channel std= [26.30865859 34.28250249 10.7360497   9.44349548  8.7842415 ]
[2026-04-08 16:29:13] Requested window samples: 536
[2026-04-08 16:29:13] Base trial samples:       512
[2026-04-08 16:29:13] Stop offset samples:      24
[2026-04-08 16:29:13] Global class counts: [25, 25, 25, 25]
[2026-04-08 16:29:13] Chance level (4-class): 0.25
[2026-04-08 16:29:13] One window shape: (62, 536)
[2026-04-08 16:29:13] One window label: 1
[2026-04-08 16:29:13] Window sample length expected=536, got=536
[2026-04-08 16:29:13] Subjects in window split: [51]
[2026-04-08 16:29:13] Summarizing per-subject windows...
[2026-04-08 16:29:13]   Subject 51: n_windows=100, window_shape=(62, 536), class_counts=[25, 25, 25, 25]
[2026-04-08 16:29:13]    subject_id  n_windows  n_channels  n_times      class_counts
0          51        100          62      536  [25, 25, 25, 25]
[2026-04-08 16:29:13] Window validation summary:
[2026-04-08 16:29:13]   Subject 51: n_windows=100 class_counts=[25, 25, 25, 25]

[2026-04-08 16:29:13] Validated sampling rate target: 128 Hz
[2026-04-08 16:29:13] Validated window sample count:   536
[2026-04-08 16:29:13] Validated window duration:       4.1875 s
[2026-04-08 16:29:13] Validated channel count:         62
[2026-04-08 16:29:13] Total windows retained:          100
[2026-04-08 16:29:13] Preprocessing sanity checks:
[2026-04-08 16:29:13]   One sample label: 1
[2026-04-08 16:29:13]   One sample shape: (62, 536)
[2026-04-08 16:29:13]   Mean(abs(signal)): 3.550500e+00
[2026-04-08 16:29:13]   Mean(signal):      1.836638e-09
[2026-04-08 16:29:13]   Std(signal):       5.141682e+00
[2026-04-08 16:29:13] Building model with input window duration: 4.1875 s
[2026-04-08 16:29:13] SignalJEPA_PreLocal instantiated successfully.
[2026-04-08 16:29:13]   Total parameters:     18,192
[2026-04-08 16:29:13]   Trainable parameters: 18,192
[2026-04-08 16:29:13] ======================================================================================================================================================
Layer (type (var_name):depth-idx)                  Input Shape               Output Shape              Param #                   Kernel Shape
======================================================================================================================================================
SignalJEPA_PreLocal (SignalJEPA_PreLocal)          [1, 62, 536]              [1, 4]                    --                        --
├─Sequential (spatial_conv): 1-1                   [1, 62, 536]              [1, 4, 536]               --                        --
│    └─Rearrange (0): 2-1                          [1, 62, 536]              [1, 1, 62, 536]           --                        --
│    └─Conv2d (1): 2-2                             [1, 1, 62, 536]           [1, 4, 1, 536]            252                       [62, 1]
│    └─Rearrange (2): 2-3                          [1, 4, 1, 536]            [1, 4, 536]               --                        --
├─_ConvFeatureEncoder (feature_encoder): 1-2       [1, 4, 536]               [1, 16, 64]               --                        --
│    └─Rearrange (0): 2-4                          [1, 4, 536]               [4, 1, 536]               --                        --
│    └─Sequential (1): 2-5                         [4, 1, 536]               [4, 8, 64]                --                        --
│    │    └─Conv1d (0): 3-1                        [4, 1, 536]               [4, 8, 64]                256                       [32]
│    │    └─Dropout (1): 3-2                       [4, 8, 64]                [4, 8, 64]                --                        --
│    │    └─GroupNorm (2): 3-3                     [4, 8, 64]                [4, 8, 64]                16                        --
│    │    └─GELU (3): 3-4                          [4, 8, 64]                [4, 8, 64]                --                        --
│    └─Sequential (2): 2-6                         [4, 8, 64]                [4, 16, 32]               --                        --
│    │    └─Conv1d (0): 3-5                        [4, 8, 64]                [4, 16, 32]               256                       [2]
│    │    └─Dropout (1): 3-6                       [4, 16, 32]               [4, 16, 32]               --                        --
│    │    └─GELU (2): 3-7                          [4, 16, 32]               [4, 16, 32]               --                        --
│    └─Sequential (3): 2-7                         [4, 16, 32]               [4, 32, 16]               --                        --
│    │    └─Conv1d (0): 3-8                        [4, 16, 32]               [4, 32, 16]               1,024                     [2]
│    │    └─Dropout (1): 3-9                       [4, 32, 16]               [4, 32, 16]               --                        --
│    │    └─GELU (2): 3-10                         [4, 32, 16]               [4, 32, 16]               --                        --
│    └─Sequential (4): 2-8                         [4, 32, 16]               [4, 64, 8]                --                        --
│    │    └─Conv1d (0): 3-11                       [4, 32, 16]               [4, 64, 8]                4,096                     [2]
│    │    └─Dropout (1): 3-12                      [4, 64, 8]                [4, 64, 8]                --                        --
│    │    └─GELU (2): 3-13                         [4, 64, 8]                [4, 64, 8]                --                        --
│    └─Sequential (5): 2-9                         [4, 64, 8]                [4, 64, 4]                --                        --
│    │    └─Conv1d (0): 3-14                       [4, 64, 8]                [4, 64, 4]                8,192                     [2]
│    │    └─Dropout (1): 3-15                      [4, 64, 4]                [4, 64, 4]                --                        --
│    │    └─GELU (2): 3-16                         [4, 64, 4]                [4, 64, 4]                --                        --
│    └─Rearrange (6): 2-10                         [4, 64, 4]                [1, 16, 64]               --                        --
├─Sequential (final_layer): 1-3                    [1, 16, 64]               [1, 4]                    --                        --
│    └─Flatten (0): 2-11                           [1, 16, 64]               [1, 1024]                 --                        --
│    └─Linear (1): 2-12                            [1, 1024]                 [1, 4]                    4,100                     --
======================================================================================================================================================
Total params: 18,192
Trainable params: 18,192
Non-trainable params: 0
Total mult-adds (Units.MEGABYTES): 0.57
======================================================================================================================================================
Input size (MB): 0.13
Forward/backward pass size (MB): 0.11
Params size (MB): 0.07
Estimated Total Size (MB): 0.31
======================================================================================================================================================
[2026-04-08 16:29:13] Initializing from 16s-60 pretrained checkpoint (Hugging Face):
[2026-04-08 16:29:13]   https://huggingface.co/braindecode/SignalJEPA/resolve/main/signal-jepa_16s-60_adeuwv4s.pth
[2026-04-08 16:29:13]   Downloaded 179 keys
[2026-04-08 16:29:13] ======================================================================
[2026-04-08 16:29:13] STARTING CROSS-VALIDATION
[2026-04-08 16:29:13] ======================================================================
[2026-04-08 16:29:13] Subjects:      [51]
[2026-04-08 16:29:13] CV folds:      5
[2026-04-08 16:29:13] Batch size:    16
[2026-04-08 16:29:13] Max epochs:    5000
[2026-04-08 16:29:13] Device:        cpu
[2026-04-08 16:29:13] Seed control:  True
[2026-04-08 16:29:13] Base seed:     5
[2026-04-08 16:29:13] ======================================================================

[2026-04-08 16:29:13] Subject 51: 100 windows | class_counts=[25, 25, 25, 25]
[2026-04-08 16:29:13]   Fold 1 class counts: train=[16, 16, 16, 16] val=[4, 4, 4, 4] test=[5, 5, 5, 5]
[2026-04-08 16:29:13]   Fold 2 class counts: train=[16, 16, 16, 16] val=[4, 4, 4, 4] test=[5, 5, 5, 5]
[2026-04-08 16:29:13]   Fold 3 class counts: train=[16, 16, 16, 16] val=[4, 4, 4, 4] test=[5, 5, 5, 5]
[2026-04-08 16:29:13]   Fold 4 class counts: train=[16, 16, 16, 16] val=[4, 4, 4, 4] test=[5, 5, 5, 5]
[2026-04-08 16:29:13]   Fold 5 class counts: train=[16, 16, 16, 16] val=[4, 4, 4, 4] test=[5, 5, 5, 5]
[2026-04-08 16:29:13]     Train class counts: [16, 16, 16, 16]
[2026-04-08 16:29:13]     Val class counts:   [4, 4, 4, 4]
[2026-04-08 16:29:13]     Test class counts:  [5, 5, 5, 5]
[2026-04-08 16:29:13] Building model with input window duration: 4.1875 s
[2026-04-08 16:29:13] Pretrained weight loading:
[2026-04-08 16:29:13]   Downloaded keys:        179
[2026-04-08 16:29:13]   Filtered (transformer): 172
[2026-04-08 16:29:13]   Filtered (pos_encoder): 0
[2026-04-08 16:29:13]   Keys to load:           7
[2026-04-08 16:29:13]   Missing keys:           4
[2026-04-08 16:29:13]   Unexpected keys:        0
[2026-04-08 16:29:13]   Missing preview:        ['spatial_conv.1.weight', 'spatial_conv.1.bias', 'final_layer.1.weight', 'final_layer.1.bias']
[2026-04-08 16:29:13]   Unexpected preview:     []
[2026-04-08 16:29:13] Trainable modules: spatial_conv + final_layer (4,352 / 18,192 params, 23.9%)
[2026-04-08 16:29:13]   - final_layer.1.bias
[2026-04-08 16:29:13]   - final_layer.1.weight
[2026-04-08 16:29:13]   - spatial_conv.1.bias
[2026-04-08 16:29:13]   - spatial_conv.1.weight
[2026-04-08 16:29:14]   Fold 1/5 | best_epoch=1 | stop=51 | val_loss=1.3868 | acc=0.0500 | bal_acc=0.0500
[2026-04-08 16:29:14]     Train class counts: [16, 16, 16, 16]
[2026-04-08 16:29:14]     Val class counts:   [4, 4, 4, 4]
[2026-04-08 16:29:14]     Test class counts:  [5, 5, 5, 5]
[2026-04-08 16:29:14] Building model with input window duration: 4.1875 s
[2026-04-08 16:29:14] Pretrained weight loading:
[2026-04-08 16:29:14]   Downloaded keys:        179
[2026-04-08 16:29:14]   Filtered (transformer): 172
[2026-04-08 16:29:14]   Filtered (pos_encoder): 0
[2026-04-08 16:29:14]   Keys to load:           7
[2026-04-08 16:29:14]   Missing keys:           4
[2026-04-08 16:29:14]   Unexpected keys:        0
[2026-04-08 16:29:14]   Missing preview:        ['spatial_conv.1.weight', 'spatial_conv.1.bias', 'final_layer.1.weight', 'final_layer.1.bias']
[2026-04-08 16:29:14]   Unexpected preview:     []
[2026-04-08 16:29:16]   Fold 2/5 | best_epoch=58 | stop=108 | val_loss=1.1243 | acc=0.4500 | bal_acc=0.4500
[2026-04-08 16:29:16]     Train class counts: [16, 16, 16, 16]
[2026-04-08 16:29:16]     Val class counts:   [4, 4, 4, 4]
[2026-04-08 16:29:16]     Test class counts:  [5, 5, 5, 5]
[2026-04-08 16:29:16] Building model with input window duration: 4.1875 s
[2026-04-08 16:29:16] Pretrained weight loading:
[2026-04-08 16:29:16]   Downloaded keys:        179
[2026-04-08 16:29:16]   Filtered (transformer): 172
[2026-04-08 16:29:16]   Filtered (pos_encoder): 0
[2026-04-08 16:29:16]   Keys to load:           7
[2026-04-08 16:29:16]   Missing keys:           4
[2026-04-08 16:29:16]   Unexpected keys:        0
[2026-04-08 16:29:16]   Missing preview:        ['spatial_conv.1.weight', 'spatial_conv.1.bias', 'final_layer.1.weight', 'final_layer.1.bias']
[2026-04-08 16:29:16]   Unexpected preview:     []
[2026-04-08 16:29:18]   Fold 3/5 | best_epoch=173 | stop=223 | val_loss=1.0261 | acc=0.4000 | bal_acc=0.4000
[2026-04-08 16:29:18]     Train class counts: [16, 16, 16, 16]
[2026-04-08 16:29:18]     Val class counts:   [4, 4, 4, 4]
[2026-04-08 16:29:18]     Test class counts:  [5, 5, 5, 5]
[2026-04-08 16:29:18] Building model with input window duration: 4.1875 s
[2026-04-08 16:29:18] Pretrained weight loading:
[2026-04-08 16:29:18]   Downloaded keys:        179
[2026-04-08 16:29:18]   Filtered (transformer): 172
[2026-04-08 16:29:18]   Filtered (pos_encoder): 0
[2026-04-08 16:29:18]   Keys to load:           7
[2026-04-08 16:29:18]   Missing keys:           4
[2026-04-08 16:29:18]   Unexpected keys:        0
[2026-04-08 16:29:18]   Missing preview:        ['spatial_conv.1.weight', 'spatial_conv.1.bias', 'final_layer.1.weight', 'final_layer.1.bias']
[2026-04-08 16:29:18]   Unexpected preview:     []
[2026-04-08 16:29:20]   Fold 4/5 | best_epoch=60 | stop=110 | val_loss=1.2577 | acc=0.4500 | bal_acc=0.4500
[2026-04-08 16:29:20]     Train class counts: [16, 16, 16, 16]
[2026-04-08 16:29:20]     Val class counts:   [4, 4, 4, 4]
[2026-04-08 16:29:20]     Test class counts:  [5, 5, 5, 5]
[2026-04-08 16:29:20] Building model with input window duration: 4.1875 s
[2026-04-08 16:29:20] Pretrained weight loading:
[2026-04-08 16:29:20]   Downloaded keys:        179
[2026-04-08 16:29:20]   Filtered (transformer): 172
[2026-04-08 16:29:20]   Filtered (pos_encoder): 0
[2026-04-08 16:29:20]   Keys to load:           7
[2026-04-08 16:29:20]   Missing keys:           4
[2026-04-08 16:29:20]   Unexpected keys:        0
[2026-04-08 16:29:20]   Missing preview:        ['spatial_conv.1.weight', 'spatial_conv.1.bias', 'final_layer.1.weight', 'final_layer.1.bias']
[2026-04-08 16:29:20]   Unexpected preview:     []
[2026-04-08 16:29:20]   Fold 5/5 | best_epoch=2 | stop=52 | val_loss=1.3852 | acc=0.1500 | bal_acc=0.1500
[2026-04-08 16:29:20]   Subject 51 summary: acc=0.3000±0.1673  bal_acc=0.3000±0.1673

[2026-04-08 16:29:20] Total folds completed: 5
[2026-04-08 16:29:20] ======================================================================
[2026-04-08 16:29:20] AGGREGATED RESULTS
[2026-04-08 16:29:20] ======================================================================
[2026-04-08 16:29:20]   Subject 51:  acc=0.3000±0.1673  bal_acc=0.3000±0.1673
[2026-04-08 16:29:20] ----------------------------------------------------------------------
[2026-04-08 16:29:20]   OVERALL:      acc=0.3000±0.1673  bal_acc=0.3000±0.1673
[2026-04-08 16:29:20] ======================================================================
[2026-04-08 16:29:20] CV results saved to:      /home/vegorov/Repos/eeg_jepa_research/artifacts/lee-2019-fine-tuning/SSVEP/20260408_1629_bf450c77/cv_results.json
[2026-04-08 16:29:20] Subject metrics saved to: /home/vegorov/Repos/eeg_jepa_research/artifacts/lee-2019-fine-tuning/SSVEP/20260408_1629_bf450c77/subject_metrics.json
[2026-04-08 16:29:20] Global metrics saved to:  /home/vegorov/Repos/eeg_jepa_research/artifacts/lee-2019-fine-tuning/SSVEP/20260408_1629_bf450c77/global_metrics.json
[2026-04-08 16:29:20] Run metadata saved to:    /home/vegorov/Repos/eeg_jepa_research/artifacts/lee-2019-fine-tuning/SSVEP/20260408_1629_bf450c77/run_metadata.json

[2026-04-08 16:29:20] All artifacts in: /home/vegorov/Repos/eeg_jepa_research/artifacts/lee-2019-fine-tuning/SSVEP/20260408_1629_bf450c77

[2026-04-08 16:29:20] ======================================================================
[2026-04-08 16:29:20] EXPERIMENT SUMMARY
[2026-04-08 16:29:20] ======================================================================
[2026-04-08 16:29:20] Run ID:    20260408_1629_bf450c77
[2026-04-08 16:29:20] Artifacts: /home/vegorov/Repos/eeg_jepa_research/artifacts/lee-2019-fine-tuning/SSVEP/20260408_1629_bf450c77

[2026-04-08 16:29:20] Configuration:
[2026-04-08 16:29:20]   Subjects:          [51]
[2026-04-08 16:29:20]   Bandpass:          0.5-40.0 Hz
[2026-04-08 16:29:20]   Resample:          128 Hz
[2026-04-08 16:29:20]   CV folds:          5
[2026-04-08 16:29:20]   Learning rate:     None
[2026-04-08 16:29:20]   Batch size:        16
[2026-04-08 16:29:20]   Max epochs:        5000

[2026-04-08 16:29:20] Results:
[2026-04-08 16:29:20]   Mean Accuracy:          0.3000 ± 0.1673
[2026-04-08 16:29:20]   Mean Balanced Accuracy: 0.3000 ± 0.1673
