[2026-03-31 16:19:04] Using device: mps
[2026-03-31 16:19:04] Seed control enabled: True
[2026-03-31 16:19:04] Base seed: 1
[2026-03-31 16:19:05] Seed initialized: 1
[2026-03-31 16:19:05] ======================================================================
[2026-03-31 16:19:05] CONFIGURATION
[2026-03-31 16:19:05] ======================================================================
[2026-03-31 16:19:05]   artifact_dir: /Users/vadim/Documents/School/Spring 2026/CSCE A698 Individual Research/EEG_JEPA/artifacts/lee-2019-fine-tuning
[2026-03-31 16:19:05]   bandpass_high: 40.0
[2026-03-31 16:19:05]   bandpass_low: 0.5
[2026-03-31 16:19:05]   batch_size: 16
[2026-03-31 16:19:05]   convert_to_uV: True
[2026-03-31 16:19:05]   cv_folds: 5
[2026-03-31 16:19:05]   device: auto
[2026-03-31 16:19:05]   early_stopping_patience: 50
[2026-03-31 16:19:05]   learning_rate: 0.001
[2026-03-31 16:19:05]   n_epochs: 5000
[2026-03-31 16:19:05]   normalization_method: None
[2026-03-31 16:19:05]   normalize: False
[2026-03-31 16:19:05]   paradigm: SSVEP
[2026-03-31 16:19:05]   pretrained_url: https://huggingface.co/braindecode/SignalJEPA/resolve/main/signal-jepa_16s-60_adeuwv4s.pth
[2026-03-31 16:19:05]   seed: 1
[2026-03-31 16:19:05]   set_seed: True
[2026-03-31 16:19:05]   sfreq: 128
[2026-03-31 16:19:05]   subjects_to_use: [51]
[2026-03-31 16:19:05]   val_split: 0.2
[2026-03-31 16:19:05] ======================================================================
[2026-03-31 16:19:05] Config saved to: /Users/vadim/Documents/School/Spring 2026/CSCE A698 Individual Research/EEG_JEPA/artifacts/lee-2019-fine-tuning/SSVEP/20260331_1619_61594178/config.json
[2026-03-31 16:19:05] Epoch window configuration:
[2026-03-31 16:19:05]   Target sfreq:                128 Hz
[2026-03-31 16:19:05]   Target duration:             4.190000 s
[2026-03-31 16:19:05]   Window samples (rounded):    536
[2026-03-31 16:19:05]   Base trial samples (4.0 s):  512
[2026-03-31 16:19:05]   Trial stop offset samples:   24
[2026-03-31 16:19:05]   Effective window duration:   4.187500 s
[2026-03-31 16:19:05] Using specified subjects from config: [51]
[2026-03-31 16:19:05] Selected subjects: [51]
[2026-03-31 16:19:05] Expected evaluation folds: 5

[2026-03-31 16:19:05] Building MOABBDataset for Lee2019_SSVEP...
[2026-03-31 16:19:18] MOABBDataset recordings loaded: 2
[2026-03-31 16:19:18] Discovered annotation descriptions (first recording): [np.str_('12.0'), np.str_('5.45'), np.str_('6.67'), np.str_('8.57')]
[2026-03-31 16:19:18] Dataset event_id mapping: {'12.0': 1, '8.57': 2, '6.67': 3, '5.45': 4}
[2026-03-31 16:19:18] Label map (event_code -> class_index): {1: 0, 2: 1, 3: 2, 4: 3}
[2026-03-31 16:19:18] Applying Braindecode preprocessors to MOABBDataset...
[2026-03-31 16:19:26] Preprocessing complete.

[2026-03-31 16:19:26] Post-preprocessing validation
[2026-03-31 16:19:26]   Recordings in DATASET: 2
[2026-03-31 16:19:26]   Unique subject IDs:    ['51']
[2026-03-31 16:19:26]   sfreq (first rec):     128.0 Hz
[2026-03-31 16:19:26]   EEG channel count:     62
[2026-03-31 16:19:26]   First 10 channels:     ['Fp1', 'Fp2', 'F7', 'F3', 'Fz', 'F4', 'F8', 'FC5', 'FC1', 'FC2']
[2026-03-31 16:19:26] Channel consistency summary:
[2026-03-31 16:19:26]   Checked runs: 2
[2026-03-31 16:19:26]   Unique channel counts: [62]
[2026-03-31 16:19:26]   Channel order consistent: True
[2026-03-31 16:19:26] Validated EEG channels: 62
[2026-03-31 16:19:26] First 10 EEG channels: ['Fp1', 'Fp2', 'F7', 'F3', 'Fz', 'F4', 'F8', 'FC5', 'FC1', 'FC2']
[2026-03-31 16:19:26] raw mean_abs=6.206608e+00
[2026-03-31 16:19:26] raw std=2.712803e+01
[2026-03-31 16:19:26] raw first5 channel std= [30.27595633 56.56813395 13.75714116  8.89857459  7.91183515]
[2026-03-31 16:19:26] Requested window samples: 536
[2026-03-31 16:19:26] Base trial samples:       512
[2026-03-31 16:19:26] Stop offset samples:      24
[2026-03-31 16:19:26] Global class counts: [50, 50, 50, 50]
[2026-03-31 16:19:26] Chance level (4-class): 0.25
[2026-03-31 16:19:26] One window shape: (62, 536)
[2026-03-31 16:19:26] One window label: 2
[2026-03-31 16:19:26] Window sample length expected=536, got=536
[2026-03-31 16:19:26] Subjects in window split: [51]
[2026-03-31 16:19:26] Summarizing per-subject windows...
[2026-03-31 16:19:26]   Subject 51: n_windows=200, window_shape=(62, 536), class_counts=[50, 50, 50, 50]
[2026-03-31 16:19:26]    subject_id  n_windows  n_channels  n_times      class_counts
0          51        200          62      536  [50, 50, 50, 50]
[2026-03-31 16:19:26] Window validation summary:
[2026-03-31 16:19:26]   Subject 51: n_windows=200 class_counts=[50, 50, 50, 50]

[2026-03-31 16:19:26] Validated sampling rate target: 128 Hz
[2026-03-31 16:19:26] Validated window sample count:   536
[2026-03-31 16:19:26] Validated window duration:       4.1875 s
[2026-03-31 16:19:26] Validated channel count:         62
[2026-03-31 16:19:26] Total windows retained:          200
[2026-03-31 16:19:26] Preprocessing sanity checks:
[2026-03-31 16:19:26]   One sample label: 2
[2026-03-31 16:19:26]   One sample shape: (62, 536)
[2026-03-31 16:19:26]   Mean(abs(signal)): 7.808386e+00
[2026-03-31 16:19:26]   Mean(signal):      -1.469310e-08
[2026-03-31 16:19:26]   Std(signal):       1.102899e+01
[2026-03-31 16:19:26] Building model with input window duration: 4.1875 s
[2026-03-31 16:19:26] SignalJEPA_PreLocal instantiated successfully.
[2026-03-31 16:19:26]   Total parameters:     18,192
[2026-03-31 16:19:26]   Trainable parameters: 18,192
[2026-03-31 16:19:26] ======================================================================================================================================================
Layer (type (var_name):depth-idx)                  Input Shape               Output Shape              Param #                   Kernel Shape
======================================================================================================================================================
SignalJEPA_PreLocal (SignalJEPA_PreLocal)          [1, 62, 536]              [1, 4]                    --                        --
├─Sequential (spatial_conv): 1-1                   [1, 62, 536]              [1, 4, 536]               --                        --
│    └─Rearrange (0): 2-1                          [1, 62, 536]              [1, 1, 62, 536]           --                        --
│    └─Conv2d (1): 2-2                             [1, 1, 62, 536]           [1, 4, 1, 536]            252                       [62, 1]
│    └─Rearrange (2): 2-3                          [1, 4, 1, 536]            [1, 4, 536]               --                        --
├─_ConvFeatureEncoder (feature_encoder): 1-2       [1, 4, 536]               [1, 16, 64]               --                        --
│    └─Rearrange (0): 2-4                          [1, 4, 536]               [4, 1, 536]               --                        --
│    └─Sequential (1): 2-5                         [4, 1, 536]               [4, 8, 64]                --                        --
│    │    └─Conv1d (0): 3-1                        [4, 1, 536]               [4, 8, 64]                256                       [32]
│    │    └─Dropout (1): 3-2                       [4, 8, 64]                [4, 8, 64]                --                        --
│    │    └─GroupNorm (2): 3-3                     [4, 8, 64]                [4, 8, 64]                16                        --
│    │    └─GELU (3): 3-4                          [4, 8, 64]                [4, 8, 64]                --                        --
│    └─Sequential (2): 2-6                         [4, 8, 64]                [4, 16, 32]               --                        --
│    │    └─Conv1d (0): 3-5                        [4, 8, 64]                [4, 16, 32]               256                       [2]
│    │    └─Dropout (1): 3-6                       [4, 16, 32]               [4, 16, 32]               --                        --
│    │    └─GELU (2): 3-7                          [4, 16, 32]               [4, 16, 32]               --                        --
│    └─Sequential (3): 2-7                         [4, 16, 32]               [4, 32, 16]               --                        --
│    │    └─Conv1d (0): 3-8                        [4, 16, 32]               [4, 32, 16]               1,024                     [2]
│    │    └─Dropout (1): 3-9                       [4, 32, 16]               [4, 32, 16]               --                        --
│    │    └─GELU (2): 3-10                         [4, 32, 16]               [4, 32, 16]               --                        --
│    └─Sequential (4): 2-8                         [4, 32, 16]               [4, 64, 8]                --                        --
│    │    └─Conv1d (0): 3-11                       [4, 32, 16]               [4, 64, 8]                4,096                     [2]
│    │    └─Dropout (1): 3-12                      [4, 64, 8]                [4, 64, 8]                --                        --
│    │    └─GELU (2): 3-13                         [4, 64, 8]                [4, 64, 8]                --                        --
│    └─Sequential (5): 2-9                         [4, 64, 8]                [4, 64, 4]                --                        --
│    │    └─Conv1d (0): 3-14                       [4, 64, 8]                [4, 64, 4]                8,192                     [2]
│    │    └─Dropout (1): 3-15                      [4, 64, 4]                [4, 64, 4]                --                        --
│    │    └─GELU (2): 3-16                         [4, 64, 4]                [4, 64, 4]                --                        --
│    └─Rearrange (6): 2-10                         [4, 64, 4]                [1, 16, 64]               --                        --
├─Sequential (final_layer): 1-3                    [1, 16, 64]               [1, 4]                    --                        --
│    └─Flatten (0): 2-11                           [1, 16, 64]               [1, 1024]                 --                        --
│    └─Linear (1): 2-12                            [1, 1024]                 [1, 4]                    4,100                     --
======================================================================================================================================================
Total params: 18,192
Trainable params: 18,192
Non-trainable params: 0
Total mult-adds (Units.MEGABYTES): 0.57
======================================================================================================================================================
Input size (MB): 0.13
Forward/backward pass size (MB): 0.11
Params size (MB): 0.07
Estimated Total Size (MB): 0.31
======================================================================================================================================================
[2026-03-31 16:19:26] Initializing from 16s-60 pretrained checkpoint (Hugging Face):
[2026-03-31 16:19:26]   https://huggingface.co/braindecode/SignalJEPA/resolve/main/signal-jepa_16s-60_adeuwv4s.pth
[2026-03-31 16:19:26]   Downloaded 179 keys
[2026-03-31 16:19:26] ======================================================================
[2026-03-31 16:19:26] STARTING CROSS-VALIDATION
[2026-03-31 16:19:26] ======================================================================
[2026-03-31 16:19:26] Subjects:      [51]
[2026-03-31 16:19:26] CV folds:      5
[2026-03-31 16:19:26] Batch size:    16
[2026-03-31 16:19:26] Max epochs:    5000
[2026-03-31 16:19:26] Device:        mps
[2026-03-31 16:19:26] Seed control:  True
[2026-03-31 16:19:26] Base seed:     1
[2026-03-31 16:19:26] ======================================================================

[2026-03-31 16:19:26] Subject 51: 200 windows class_counts=[50, 50, 50, 50]
[2026-03-31 16:19:26]   Fold 1 split seed: 2
[2026-03-31 16:19:26]   Fold 1 split class counts:
[2026-03-31 16:19:26]     train=[32, 32, 32, 32] val=[8, 8, 8, 8] test=[10, 10, 10, 10]
[2026-03-31 16:19:26]   Fold 2 split seed: 3
[2026-03-31 16:19:26]   Fold 2 split class counts:
[2026-03-31 16:19:26]     train=[32, 32, 32, 32] val=[8, 8, 8, 8] test=[10, 10, 10, 10]
[2026-03-31 16:19:26]   Fold 3 split seed: 4
[2026-03-31 16:19:26]   Fold 3 split class counts:
[2026-03-31 16:19:26]     train=[32, 32, 32, 32] val=[8, 8, 8, 8] test=[10, 10, 10, 10]
[2026-03-31 16:19:26]   Fold 4 split seed: 5
[2026-03-31 16:19:26]   Fold 4 split class counts:
[2026-03-31 16:19:26]     train=[32, 32, 32, 32] val=[8, 8, 8, 8] test=[10, 10, 10, 10]
[2026-03-31 16:19:26]   Fold 5 split seed: 6
[2026-03-31 16:19:26]   Fold 5 split class counts:
[2026-03-31 16:19:26]     train=[32, 32, 32, 32] val=[8, 8, 8, 8] test=[10, 10, 10, 10]
[2026-03-31 16:19:26]   Subject 51 Fold 1 seed: 5102
[2026-03-31 16:19:26]   Subject 51 Fold 1: n_train=128 n_val=32 n_test=40
[2026-03-31 16:19:26]     Train class counts: [32, 32, 32, 32]
[2026-03-31 16:19:26]     Val class counts:   [8, 8, 8, 8]
[2026-03-31 16:19:26]     Test class counts:  [10, 10, 10, 10]
[2026-03-31 16:19:26] Building model with input window duration: 4.1875 s
[2026-03-31 16:19:26] Pretrained weight loading:
[2026-03-31 16:19:26]   Downloaded keys:        179
[2026-03-31 16:19:26]   Filtered (transformer): 172
[2026-03-31 16:19:26]   Filtered (pos_encoder): 0
[2026-03-31 16:19:26]   Keys to load:           7
[2026-03-31 16:19:26]   Missing keys:           4
[2026-03-31 16:19:26]   Unexpected keys:        0
[2026-03-31 16:19:26]   Missing preview:        ['spatial_conv.1.weight', 'spatial_conv.1.bias', 'final_layer.1.weight', 'final_layer.1.bias']
[2026-03-31 16:19:26]   Unexpected preview:     []
[2026-03-31 16:19:26] Encoder freeze configuration:
[2026-03-31 16:19:26]   Total parameters:        18,192
[2026-03-31 16:19:26]   Trainable parameters:    4,352
[2026-03-31 16:19:26]   Training percentage:     23.9%
[2026-03-31 16:19:26]   Trainable layers: 4
[2026-03-31 16:19:26]     - final_layer.1.bias
[2026-03-31 16:19:26]     - final_layer.1.weight
[2026-03-31 16:19:26]     - spatial_conv.1.bias
[2026-03-31 16:19:26]     - spatial_conv.1.weight
[2026-03-31 16:19:26]     Train generator seeded: True
[2026-03-31 16:19:31]     Stopped epoch:            51
[2026-03-31 16:19:31]     Best epoch (valid_loss):  1
[2026-03-31 16:19:31]     Best valid_loss:          1.3871119022369385
[2026-03-31 16:19:31]     Test accuracy (primary):  0.2500
[2026-03-31 16:19:31]     Test balanced acc:        0.2500
[2026-03-31 16:19:31]     Confusion matrix:         [[10, 0, 0, 0], [10, 0, 0, 0], [10, 0, 0, 0], [10, 0, 0, 0]]
[2026-03-31 16:19:31]     Prediction histogram:     [40, 0, 0, 0]
[2026-03-31 16:19:31]     fold_acc=0.2500 fold_bal_acc=0.2500 cm=[[10, 0, 0, 0], [10, 0, 0, 0], [10, 0, 0, 0], [10, 0, 0, 0]]
[2026-03-31 16:19:31]   Subject 51 mean accuracy: 0.2500

[2026-03-31 16:19:31] Total folds completed: 1
[2026-03-31 16:19:31] ======================================================================
[2026-03-31 16:19:31] AGGREGATED RESULTS
[2026-03-31 16:19:31] ======================================================================
[2026-03-31 16:19:31]   Subject 51:  acc=0.2500±0.0000  bal_acc=0.2500±0.0000
[2026-03-31 16:19:31] ----------------------------------------------------------------------
[2026-03-31 16:19:31]   OVERALL:      acc=0.2500±0.0000  bal_acc=0.2500±0.0000
[2026-03-31 16:19:31] ======================================================================
[2026-03-31 16:19:31] CV results saved to:      /Users/vadim/Documents/School/Spring 2026/CSCE A698 Individual Research/EEG_JEPA/artifacts/lee-2019-fine-tuning/SSVEP/20260331_1619_61594178/cv_results.json
[2026-03-31 16:19:31] Subject metrics saved to: /Users/vadim/Documents/School/Spring 2026/CSCE A698 Individual Research/EEG_JEPA/artifacts/lee-2019-fine-tuning/SSVEP/20260331_1619_61594178/subject_metrics.json
[2026-03-31 16:19:31] Global metrics saved to:  /Users/vadim/Documents/School/Spring 2026/CSCE A698 Individual Research/EEG_JEPA/artifacts/lee-2019-fine-tuning/SSVEP/20260331_1619_61594178/global_metrics.json
[2026-03-31 16:19:31] Run metadata saved to:    /Users/vadim/Documents/School/Spring 2026/CSCE A698 Individual Research/EEG_JEPA/artifacts/lee-2019-fine-tuning/SSVEP/20260331_1619_61594178/run_metadata.json

[2026-03-31 16:19:31] All artifacts in: /Users/vadim/Documents/School/Spring 2026/CSCE A698 Individual Research/EEG_JEPA/artifacts/lee-2019-fine-tuning/SSVEP/20260331_1619_61594178

[2026-03-31 16:19:31] ======================================================================
[2026-03-31 16:19:31] EXPERIMENT SUMMARY
[2026-03-31 16:19:31] ======================================================================
[2026-03-31 16:19:31] Run ID:    20260331_1619_61594178
[2026-03-31 16:19:31] Artifacts: /Users/vadim/Documents/School/Spring 2026/CSCE A698 Individual Research/EEG_JEPA/artifacts/lee-2019-fine-tuning/SSVEP/20260331_1619_61594178

[2026-03-31 16:19:31] Configuration:
[2026-03-31 16:19:31]   Subjects:          [51]
[2026-03-31 16:19:31]   Bandpass:          0.5-40.0 Hz
[2026-03-31 16:19:31]   Resample:          128 Hz
[2026-03-31 16:19:31]   CV folds:          5
[2026-03-31 16:19:31]   Learning rate:     0.001
[2026-03-31 16:19:31]   Batch size:        16
[2026-03-31 16:19:31]   Max epochs:        5000

[2026-03-31 16:19:31] Results:
[2026-03-31 16:19:31]   Mean Accuracy:          0.2500 ± 0.0000
[2026-03-31 16:19:31]   Mean Balanced Accuracy: 0.2500 ± 0.0000
