[2026-04-08 15:55:54] Using device: cpu
[2026-04-08 15:55:54] Seed control enabled: True
[2026-04-08 15:55:54] Base seed: 5
[2026-04-08 15:55:54] Seed initialized: 5
[2026-04-08 15:55:54] ======================================================================
[2026-04-08 15:55:54] CONFIGURATION
[2026-04-08 15:55:54] ======================================================================
[2026-04-08 15:55:54]   artifact_dir: /home/vegorov/Repos/eeg_jepa_research/artifacts/lee-2019-fine-tuning
[2026-04-08 15:55:54]   bandpass_high: 40.0
[2026-04-08 15:55:54]   bandpass_low: 0.5
[2026-04-08 15:55:54]   batch_size: 16
[2026-04-08 15:55:54]   convert_to_uV: True
[2026-04-08 15:55:54]   criterion: None
[2026-04-08 15:55:54]   cv_folds: 5
[2026-04-08 15:55:54]   device: auto
[2026-04-08 15:55:54]   early_stopping_patience: 50
[2026-04-08 15:55:54]   learning_rate: None
[2026-04-08 15:55:54]   n_epochs: 5000
[2026-04-08 15:55:54]   normalization_method: None
[2026-04-08 15:55:54]   normalize: False
[2026-04-08 15:55:54]   optimizer: Adam
[2026-04-08 15:55:54]   paradigm: SSVEP
[2026-04-08 15:55:54]   pretrained_url: https://huggingface.co/braindecode/SignalJEPA/resolve/main/signal-jepa_16s-60_adeuwv4s.pth
[2026-04-08 15:55:54]   seed: 5
[2026-04-08 15:55:54]   set_eeg_reference: True
[2026-04-08 15:55:54]   set_seed: True
[2026-04-08 15:55:54]   sfreq: 128
[2026-04-08 15:55:54]   subjects_to_use: None
[2026-04-08 15:55:54]   val_split: 0.2
[2026-04-08 15:55:54] ======================================================================
[2026-04-08 15:55:54] Config saved to: /home/vegorov/Repos/eeg_jepa_research/artifacts/lee-2019-fine-tuning/SSVEP/20260408_1555_ea484d88/config.json
[2026-04-08 15:55:54] Epoch window configuration:
[2026-04-08 15:55:54]   Target sfreq:                128 Hz
[2026-04-08 15:55:54]   Target duration:             4.190000 s
[2026-04-08 15:55:54]   Window samples (rounded):    536
[2026-04-08 15:55:54]   Base trial samples (4.0 s):  512
[2026-04-08 15:55:54]   Trial stop offset samples:   24
[2026-04-08 15:55:54]   Effective window duration:   4.187500 s
[2026-04-08 15:55:54] Dataset code: Lee2019-SSVEP
[2026-04-08 15:55:54] Subjects Total: 54
[2026-04-08 15:55:54] Events: {'12.0': 1, '8.57': 2, '6.67': 3, '5.45': 4}
[2026-04-08 15:55:54] Interval: [0.0, 4.0]
[2026-04-08 15:55:54] Paradigm: ssvep
[2026-04-08 15:55:54] Selected subjects: [48, 49, 50, 51, 52, 53, 54]
[2026-04-08 15:55:54] Expected evaluation folds: 35

[2026-04-08 15:55:54] Building MOABBDataset for Lee2019_SSVEP...
[2026-04-08 15:56:56] MOABBDataset recordings loaded: 7
[2026-04-08 15:56:56] Discovered annotation descriptions (first recording): [np.str_('12.0'), np.str_('5.45'), np.str_('6.67'), np.str_('8.57')]
[2026-04-08 15:56:56] Dataset event_id mapping: {'12.0': 1, '8.57': 2, '6.67': 3, '5.45': 4}
[2026-04-08 15:56:56] Label map (event_code -> class_index): {1: 0, 2: 1, 3: 2, 4: 3}
[2026-04-08 15:56:56] Applying Braindecode preprocessors to MOABBDataset...
[2026-04-08 15:57:16] Preprocessing complete.

[2026-04-08 15:57:16] Post-preprocessing validation
[2026-04-08 15:57:16]   Recordings in DATASET: 7
[2026-04-08 15:57:16]   Unique subject IDs:    ['48', '49', '50', '51', '52', '53', '54']
[2026-04-08 15:57:16]   sfreq (first rec):     128.0 Hz
[2026-04-08 15:57:16]   EEG channel count:     62
[2026-04-08 15:57:16]   First 10 channels:     ['Fp1', 'Fp2', 'F7', 'F3', 'Fz', 'F4', 'F8', 'FC5', 'FC1', 'FC2']
[2026-04-08 15:57:16] Channel consistency summary:
[2026-04-08 15:57:16]   Checked runs: 7
[2026-04-08 15:57:16]   Unique channel counts: [62]
[2026-04-08 15:57:16]   Channel order consistent: True
[2026-04-08 15:57:16] Validated EEG channels: 62
[2026-04-08 15:57:16] First 10 EEG channels: ['Fp1', 'Fp2', 'F7', 'F3', 'Fz', 'F4', 'F8', 'FC5', 'FC1', 'FC2']
[2026-04-08 15:57:16] raw mean_abs=5.694107e+00
[2026-04-08 15:57:16] raw std=9.673204e+00
[2026-04-08 15:57:16] raw first5 channel std= [20.88084496 30.01218713  8.07836311  6.42235698  6.36959473]
[2026-04-08 15:57:16] Requested window samples: 536
[2026-04-08 15:57:16] Base trial samples:       512
[2026-04-08 15:57:16] Stop offset samples:      24
[2026-04-08 15:57:16] Global class counts: [175, 175, 175, 175]
[2026-04-08 15:57:16] Chance level (4-class): 0.25
[2026-04-08 15:57:16] One window shape: (62, 536)
[2026-04-08 15:57:16] One window label: 1
[2026-04-08 15:57:16] Window sample length expected=536, got=536
[2026-04-08 15:57:16] Subjects in window split: [48, 49, 50, 51, 52, 53, 54]
[2026-04-08 15:57:16] Summarizing per-subject windows...
[2026-04-08 15:57:16]   Subject 48: n_windows=100, window_shape=(62, 536), class_counts=[25, 25, 25, 25]
[2026-04-08 15:57:16]   Subject 49: n_windows=100, window_shape=(62, 536), class_counts=[25, 25, 25, 25]
[2026-04-08 15:57:16]   Subject 50: n_windows=100, window_shape=(62, 536), class_counts=[25, 25, 25, 25]
[2026-04-08 15:57:16]   Subject 51: n_windows=100, window_shape=(62, 536), class_counts=[25, 25, 25, 25]
[2026-04-08 15:57:16]   Subject 52: n_windows=100, window_shape=(62, 536), class_counts=[25, 25, 25, 25]
[2026-04-08 15:57:16]   Subject 53: n_windows=100, window_shape=(62, 536), class_counts=[25, 25, 25, 25]
[2026-04-08 15:57:16]   Subject 54: n_windows=100, window_shape=(62, 536), class_counts=[25, 25, 25, 25]
[2026-04-08 15:57:16]    subject_id  n_windows  n_channels  n_times      class_counts
0          48        100          62      536  [25, 25, 25, 25]
1          49        100          62      536  [25, 25, 25, 25]
2          50        100          62      536  [25, 25, 25, 25]
3          51        100          62      536  [25, 25, 25, 25]
4          52        100          62      536  [25, 25, 25, 25]
5          53        100          62      536  [25, 25, 25, 25]
6          54        100          62      536  [25, 25, 25, 25]
[2026-04-08 15:57:16] Window validation summary:
[2026-04-08 15:57:16]   Subject 48: n_windows=100 class_counts=[25, 25, 25, 25]
[2026-04-08 15:57:16]   Subject 49: n_windows=100 class_counts=[25, 25, 25, 25]
[2026-04-08 15:57:16]   Subject 50: n_windows=100 class_counts=[25, 25, 25, 25]
[2026-04-08 15:57:16]   Subject 51: n_windows=100 class_counts=[25, 25, 25, 25]
[2026-04-08 15:57:16]   Subject 52: n_windows=100 class_counts=[25, 25, 25, 25]
[2026-04-08 15:57:17]   Subject 53: n_windows=100 class_counts=[25, 25, 25, 25]
[2026-04-08 15:57:17]   Subject 54: n_windows=100 class_counts=[25, 25, 25, 25]

[2026-04-08 15:57:17] Validated sampling rate target: 128 Hz
[2026-04-08 15:57:17] Validated window sample count:   536
[2026-04-08 15:57:17] Validated window duration:       4.1875 s
[2026-04-08 15:57:17] Validated channel count:         62
[2026-04-08 15:57:17] Total windows retained:          700
[2026-04-08 15:57:17] Preprocessing sanity checks:
[2026-04-08 15:57:17]   One sample label: 1
[2026-04-08 15:57:17]   One sample shape: (62, 536)
[2026-04-08 15:57:17]   Mean(abs(signal)): 3.146920e+00
[2026-04-08 15:57:17]   Mean(signal):      0.000000e+00
[2026-04-08 15:57:17]   Std(signal):       4.050236e+00
[2026-04-08 15:57:17] Building model with input window duration: 4.1875 s
[2026-04-08 15:57:17] SignalJEPA_PreLocal instantiated successfully.
[2026-04-08 15:57:17]   Total parameters:     18,192
[2026-04-08 15:57:17]   Trainable parameters: 18,192
[2026-04-08 15:57:17] ======================================================================================================================================================
Layer (type (var_name):depth-idx)                  Input Shape               Output Shape              Param #                   Kernel Shape
======================================================================================================================================================
SignalJEPA_PreLocal (SignalJEPA_PreLocal)          [1, 62, 536]              [1, 4]                    --                        --
├─Sequential (spatial_conv): 1-1                   [1, 62, 536]              [1, 4, 536]               --                        --
│    └─Rearrange (0): 2-1                          [1, 62, 536]              [1, 1, 62, 536]           --                        --
│    └─Conv2d (1): 2-2                             [1, 1, 62, 536]           [1, 4, 1, 536]            252                       [62, 1]
│    └─Rearrange (2): 2-3                          [1, 4, 1, 536]            [1, 4, 536]               --                        --
├─_ConvFeatureEncoder (feature_encoder): 1-2       [1, 4, 536]               [1, 16, 64]               --                        --
│    └─Rearrange (0): 2-4                          [1, 4, 536]               [4, 1, 536]               --                        --
│    └─Sequential (1): 2-5                         [4, 1, 536]               [4, 8, 64]                --                        --
│    │    └─Conv1d (0): 3-1                        [4, 1, 536]               [4, 8, 64]                256                       [32]
│    │    └─Dropout (1): 3-2                       [4, 8, 64]                [4, 8, 64]                --                        --
│    │    └─GroupNorm (2): 3-3                     [4, 8, 64]                [4, 8, 64]                16                        --
│    │    └─GELU (3): 3-4                          [4, 8, 64]                [4, 8, 64]                --                        --
│    └─Sequential (2): 2-6                         [4, 8, 64]                [4, 16, 32]               --                        --
│    │    └─Conv1d (0): 3-5                        [4, 8, 64]                [4, 16, 32]               256                       [2]
│    │    └─Dropout (1): 3-6                       [4, 16, 32]               [4, 16, 32]               --                        --
│    │    └─GELU (2): 3-7                          [4, 16, 32]               [4, 16, 32]               --                        --
│    └─Sequential (3): 2-7                         [4, 16, 32]               [4, 32, 16]               --                        --
│    │    └─Conv1d (0): 3-8                        [4, 16, 32]               [4, 32, 16]               1,024                     [2]
│    │    └─Dropout (1): 3-9                       [4, 32, 16]               [4, 32, 16]               --                        --
│    │    └─GELU (2): 3-10                         [4, 32, 16]               [4, 32, 16]               --                        --
│    └─Sequential (4): 2-8                         [4, 32, 16]               [4, 64, 8]                --                        --
│    │    └─Conv1d (0): 3-11                       [4, 32, 16]               [4, 64, 8]                4,096                     [2]
│    │    └─Dropout (1): 3-12                      [4, 64, 8]                [4, 64, 8]                --                        --
│    │    └─GELU (2): 3-13                         [4, 64, 8]                [4, 64, 8]                --                        --
│    └─Sequential (5): 2-9                         [4, 64, 8]                [4, 64, 4]                --                        --
│    │    └─Conv1d (0): 3-14                       [4, 64, 8]                [4, 64, 4]                8,192                     [2]
│    │    └─Dropout (1): 3-15                      [4, 64, 4]                [4, 64, 4]                --                        --
│    │    └─GELU (2): 3-16                         [4, 64, 4]                [4, 64, 4]                --                        --
│    └─Rearrange (6): 2-10                         [4, 64, 4]                [1, 16, 64]               --                        --
├─Sequential (final_layer): 1-3                    [1, 16, 64]               [1, 4]                    --                        --
│    └─Flatten (0): 2-11                           [1, 16, 64]               [1, 1024]                 --                        --
│    └─Linear (1): 2-12                            [1, 1024]                 [1, 4]                    4,100                     --
======================================================================================================================================================
Total params: 18,192
Trainable params: 18,192
Non-trainable params: 0
Total mult-adds (Units.MEGABYTES): 0.57
======================================================================================================================================================
Input size (MB): 0.13
Forward/backward pass size (MB): 0.11
Params size (MB): 0.07
Estimated Total Size (MB): 0.31
======================================================================================================================================================
[2026-04-08 15:57:17] Initializing from 16s-60 pretrained checkpoint (Hugging Face):
[2026-04-08 15:57:17]   https://huggingface.co/braindecode/SignalJEPA/resolve/main/signal-jepa_16s-60_adeuwv4s.pth
[2026-04-08 15:57:17]   Downloaded 179 keys
[2026-04-08 15:57:17] ======================================================================
[2026-04-08 15:57:17] STARTING CROSS-VALIDATION
[2026-04-08 15:57:17] ======================================================================
[2026-04-08 15:57:17] Subjects:      [48, 49, 50, 51, 52, 53, 54]
[2026-04-08 15:57:17] CV folds:      5
[2026-04-08 15:57:17] Batch size:    16
[2026-04-08 15:57:17] Max epochs:    5000
[2026-04-08 15:57:17] Device:        cpu
[2026-04-08 15:57:17] Seed control:  True
[2026-04-08 15:57:17] Base seed:     5
[2026-04-08 15:57:17] ======================================================================

[2026-04-08 15:57:17] Subject 48: 100 windows | class_counts=[25, 25, 25, 25]
[2026-04-08 15:57:17]   Fold 1 class counts: train=[16, 16, 16, 16] val=[4, 4, 4, 4] test=[5, 5, 5, 5]
[2026-04-08 15:57:17]   Fold 2 class counts: train=[16, 16, 16, 16] val=[4, 4, 4, 4] test=[5, 5, 5, 5]
[2026-04-08 15:57:17]   Fold 3 class counts: train=[16, 16, 16, 16] val=[4, 4, 4, 4] test=[5, 5, 5, 5]
[2026-04-08 15:57:17]   Fold 4 class counts: train=[16, 16, 16, 16] val=[4, 4, 4, 4] test=[5, 5, 5, 5]
[2026-04-08 15:57:17]   Fold 5 class counts: train=[16, 16, 16, 16] val=[4, 4, 4, 4] test=[5, 5, 5, 5]
[2026-04-08 15:57:17]     Train class counts: [16, 16, 16, 16]
[2026-04-08 15:57:17]     Val class counts:   [4, 4, 4, 4]
[2026-04-08 15:57:17]     Test class counts:  [5, 5, 5, 5]
[2026-04-08 15:57:17] Building model with input window duration: 4.1875 s
[2026-04-08 15:57:17] Pretrained weight loading:
[2026-04-08 15:57:17]   Downloaded keys:        179
[2026-04-08 15:57:17]   Filtered (transformer): 172
[2026-04-08 15:57:17]   Filtered (pos_encoder): 0
[2026-04-08 15:57:17]   Keys to load:           7
[2026-04-08 15:57:17]   Missing keys:           4
[2026-04-08 15:57:17]   Unexpected keys:        0
[2026-04-08 15:57:17]   Missing preview:        ['spatial_conv.1.weight', 'spatial_conv.1.bias', 'final_layer.1.weight', 'final_layer.1.bias']
[2026-04-08 15:57:17]   Unexpected preview:     []
[2026-04-08 15:57:17] Trainable modules: spatial_conv + final_layer (4,352 / 18,192 params, 23.9%)
[2026-04-08 15:57:17]   - final_layer.1.bias
[2026-04-08 15:57:17]   - final_layer.1.weight
[2026-04-08 15:57:17]   - spatial_conv.1.bias
[2026-04-08 15:57:17]   - spatial_conv.1.weight
[2026-04-08 15:57:32]   Fold 1/5 | best_epoch=1227 | stop=1277 | val_loss=0.0148 | acc=0.9500 | bal_acc=0.9500
[2026-04-08 15:57:32]     Train class counts: [16, 16, 16, 16]
[2026-04-08 15:57:32]     Val class counts:   [4, 4, 4, 4]
[2026-04-08 15:57:32]     Test class counts:  [5, 5, 5, 5]
[2026-04-08 15:57:32] Building model with input window duration: 4.1875 s
[2026-04-08 15:57:32] Pretrained weight loading:
[2026-04-08 15:57:32]   Downloaded keys:        179
[2026-04-08 15:57:32]   Filtered (transformer): 172
[2026-04-08 15:57:32]   Filtered (pos_encoder): 0
[2026-04-08 15:57:32]   Keys to load:           7
[2026-04-08 15:57:32]   Missing keys:           4
[2026-04-08 15:57:32]   Unexpected keys:        0
[2026-04-08 15:57:32]   Missing preview:        ['spatial_conv.1.weight', 'spatial_conv.1.bias', 'final_layer.1.weight', 'final_layer.1.bias']
[2026-04-08 15:57:32]   Unexpected preview:     []
[2026-04-08 15:57:48]   Fold 2/5 | best_epoch=1282 | stop=1332 | val_loss=0.0033 | acc=0.9500 | bal_acc=0.9500
[2026-04-08 15:57:48]     Train class counts: [16, 16, 16, 16]
[2026-04-08 15:57:48]     Val class counts:   [4, 4, 4, 4]
[2026-04-08 15:57:48]     Test class counts:  [5, 5, 5, 5]
[2026-04-08 15:57:48] Building model with input window duration: 4.1875 s
[2026-04-08 15:57:48] Pretrained weight loading:
[2026-04-08 15:57:48]   Downloaded keys:        179
[2026-04-08 15:57:48]   Filtered (transformer): 172
[2026-04-08 15:57:48]   Filtered (pos_encoder): 0
[2026-04-08 15:57:48]   Keys to load:           7
[2026-04-08 15:57:48]   Missing keys:           4
[2026-04-08 15:57:48]   Unexpected keys:        0
[2026-04-08 15:57:48]   Missing preview:        ['spatial_conv.1.weight', 'spatial_conv.1.bias', 'final_layer.1.weight', 'final_layer.1.bias']
[2026-04-08 15:57:48]   Unexpected preview:     []
[2026-04-08 15:58:33]   Fold 3/5 | best_epoch=3633 | stop=3683 | val_loss=0.0001 | acc=1.0000 | bal_acc=1.0000
[2026-04-08 15:58:33]     Train class counts: [16, 16, 16, 16]
[2026-04-08 15:58:33]     Val class counts:   [4, 4, 4, 4]
[2026-04-08 15:58:33]     Test class counts:  [5, 5, 5, 5]
[2026-04-08 15:58:33] Building model with input window duration: 4.1875 s
[2026-04-08 15:58:33] Pretrained weight loading:
[2026-04-08 15:58:33]   Downloaded keys:        179
[2026-04-08 15:58:33]   Filtered (transformer): 172
[2026-04-08 15:58:33]   Filtered (pos_encoder): 0
[2026-04-08 15:58:33]   Keys to load:           7
[2026-04-08 15:58:33]   Missing keys:           4
[2026-04-08 15:58:33]   Unexpected keys:        0
[2026-04-08 15:58:33]   Missing preview:        ['spatial_conv.1.weight', 'spatial_conv.1.bias', 'final_layer.1.weight', 'final_layer.1.bias']
[2026-04-08 15:58:33]   Unexpected preview:     []
[2026-04-08 15:58:55]   Fold 4/5 | best_epoch=1693 | stop=1743 | val_loss=0.0267 | acc=1.0000 | bal_acc=1.0000
[2026-04-08 15:58:55]     Train class counts: [16, 16, 16, 16]
[2026-04-08 15:58:55]     Val class counts:   [4, 4, 4, 4]
[2026-04-08 15:58:55]     Test class counts:  [5, 5, 5, 5]
[2026-04-08 15:58:55] Building model with input window duration: 4.1875 s
[2026-04-08 15:58:55] Pretrained weight loading:
[2026-04-08 15:58:55]   Downloaded keys:        179
[2026-04-08 15:58:55]   Filtered (transformer): 172
[2026-04-08 15:58:55]   Filtered (pos_encoder): 0
[2026-04-08 15:58:55]   Keys to load:           7
[2026-04-08 15:58:55]   Missing keys:           4
[2026-04-08 15:58:55]   Unexpected keys:        0
[2026-04-08 15:58:55]   Missing preview:        ['spatial_conv.1.weight', 'spatial_conv.1.bias', 'final_layer.1.weight', 'final_layer.1.bias']
[2026-04-08 15:58:55]   Unexpected preview:     []
[2026-04-08 15:59:39]   Fold 5/5 | best_epoch=3528 | stop=3578 | val_loss=0.0021 | acc=0.9500 | bal_acc=0.9500
[2026-04-08 15:59:39]   Subject 48 summary: acc=0.9700±0.0245  bal_acc=0.9700±0.0245

[2026-04-08 15:59:39] Subject 49: 100 windows | class_counts=[25, 25, 25, 25]
[2026-04-08 15:59:39]   Fold 1 class counts: train=[16, 16, 16, 16] val=[4, 4, 4, 4] test=[5, 5, 5, 5]
[2026-04-08 15:59:39]   Fold 2 class counts: train=[16, 16, 16, 16] val=[4, 4, 4, 4] test=[5, 5, 5, 5]
[2026-04-08 15:59:39]   Fold 3 class counts: train=[16, 16, 16, 16] val=[4, 4, 4, 4] test=[5, 5, 5, 5]
[2026-04-08 15:59:39]   Fold 4 class counts: train=[16, 16, 16, 16] val=[4, 4, 4, 4] test=[5, 5, 5, 5]
[2026-04-08 15:59:39]   Fold 5 class counts: train=[16, 16, 16, 16] val=[4, 4, 4, 4] test=[5, 5, 5, 5]
[2026-04-08 15:59:39]     Train class counts: [16, 16, 16, 16]
[2026-04-08 15:59:39]     Val class counts:   [4, 4, 4, 4]
[2026-04-08 15:59:39]     Test class counts:  [5, 5, 5, 5]
[2026-04-08 15:59:39] Building model with input window duration: 4.1875 s
[2026-04-08 15:59:39] Pretrained weight loading:
[2026-04-08 15:59:39]   Downloaded keys:        179
[2026-04-08 15:59:39]   Filtered (transformer): 172
[2026-04-08 15:59:39]   Filtered (pos_encoder): 0
[2026-04-08 15:59:39]   Keys to load:           7
[2026-04-08 15:59:39]   Missing keys:           4
[2026-04-08 15:59:39]   Unexpected keys:        0
[2026-04-08 15:59:39]   Missing preview:        ['spatial_conv.1.weight', 'spatial_conv.1.bias', 'final_layer.1.weight', 'final_layer.1.bias']
[2026-04-08 15:59:39]   Unexpected preview:     []
[2026-04-08 15:59:44]   Fold 1/5 | best_epoch=330 | stop=380 | val_loss=0.3593 | acc=1.0000 | bal_acc=1.0000
[2026-04-08 15:59:44]     Train class counts: [16, 16, 16, 16]
[2026-04-08 15:59:44]     Val class counts:   [4, 4, 4, 4]
[2026-04-08 15:59:44]     Test class counts:  [5, 5, 5, 5]
[2026-04-08 15:59:44] Building model with input window duration: 4.1875 s
[2026-04-08 15:59:44] Pretrained weight loading:
[2026-04-08 15:59:44]   Downloaded keys:        179
[2026-04-08 15:59:44]   Filtered (transformer): 172
[2026-04-08 15:59:44]   Filtered (pos_encoder): 0
[2026-04-08 15:59:44]   Keys to load:           7
[2026-04-08 15:59:44]   Missing keys:           4
[2026-04-08 15:59:44]   Unexpected keys:        0
[2026-04-08 15:59:44]   Missing preview:        ['spatial_conv.1.weight', 'spatial_conv.1.bias', 'final_layer.1.weight', 'final_layer.1.bias']
[2026-04-08 15:59:44]   Unexpected preview:     []
[2026-04-08 15:59:56]   Fold 2/5 | best_epoch=925 | stop=975 | val_loss=0.3121 | acc=0.8500 | bal_acc=0.8500
[2026-04-08 15:59:56]     Train class counts: [16, 16, 16, 16]
[2026-04-08 15:59:56]     Val class counts:   [4, 4, 4, 4]
[2026-04-08 15:59:56]     Test class counts:  [5, 5, 5, 5]
[2026-04-08 15:59:56] Building model with input window duration: 4.1875 s
[2026-04-08 15:59:56] Pretrained weight loading:
[2026-04-08 15:59:56]   Downloaded keys:        179
[2026-04-08 15:59:56]   Filtered (transformer): 172
[2026-04-08 15:59:56]   Filtered (pos_encoder): 0
[2026-04-08 15:59:56]   Keys to load:           7
[2026-04-08 15:59:56]   Missing keys:           4
[2026-04-08 15:59:56]   Unexpected keys:        0
[2026-04-08 15:59:56]   Missing preview:        ['spatial_conv.1.weight', 'spatial_conv.1.bias', 'final_layer.1.weight', 'final_layer.1.bias']
[2026-04-08 15:59:56]   Unexpected preview:     []
[2026-04-08 15:59:58]   Fold 3/5 | best_epoch=161 | stop=176 | val_loss=0.6325 | acc=0.9500 | bal_acc=0.9500
[2026-04-08 15:59:58]     Train class counts: [16, 16, 16, 16]
[2026-04-08 15:59:58]     Val class counts:   [4, 4, 4, 4]
[2026-04-08 15:59:58]     Test class counts:  [5, 5, 5, 5]
[2026-04-08 15:59:58] Building model with input window duration: 4.1875 s
[2026-04-08 15:59:58] Pretrained weight loading:
[2026-04-08 15:59:58]   Downloaded keys:        179
[2026-04-08 15:59:58]   Filtered (transformer): 172
[2026-04-08 15:59:58]   Filtered (pos_encoder): 0
[2026-04-08 15:59:58]   Keys to load:           7
[2026-04-08 15:59:58]   Missing keys:           4
[2026-04-08 15:59:58]   Unexpected keys:        0
[2026-04-08 15:59:58]   Missing preview:        ['spatial_conv.1.weight', 'spatial_conv.1.bias', 'final_layer.1.weight', 'final_layer.1.bias']
[2026-04-08 15:59:58]   Unexpected preview:     []
[2026-04-08 16:00:13]   Fold 4/5 | best_epoch=1146 | stop=1196 | val_loss=0.1110 | acc=0.9000 | bal_acc=0.9000
[2026-04-08 16:00:13]     Train class counts: [16, 16, 16, 16]
[2026-04-08 16:00:13]     Val class counts:   [4, 4, 4, 4]
[2026-04-08 16:00:13]     Test class counts:  [5, 5, 5, 5]
[2026-04-08 16:00:13] Building model with input window duration: 4.1875 s
[2026-04-08 16:00:13] Pretrained weight loading:
[2026-04-08 16:00:13]   Downloaded keys:        179
[2026-04-08 16:00:13]   Filtered (transformer): 172
[2026-04-08 16:00:13]   Filtered (pos_encoder): 0
[2026-04-08 16:00:13]   Keys to load:           7
[2026-04-08 16:00:13]   Missing keys:           4
[2026-04-08 16:00:13]   Unexpected keys:        0
[2026-04-08 16:00:13]   Missing preview:        ['spatial_conv.1.weight', 'spatial_conv.1.bias', 'final_layer.1.weight', 'final_layer.1.bias']
[2026-04-08 16:00:13]   Unexpected preview:     []
[2026-04-08 16:00:21]   Fold 5/5 | best_epoch=618 | stop=668 | val_loss=0.1439 | acc=0.9500 | bal_acc=0.9500
[2026-04-08 16:00:21]   Subject 49 summary: acc=0.9300±0.0510  bal_acc=0.9300±0.0510

[2026-04-08 16:00:21] Subject 50: 100 windows | class_counts=[25, 25, 25, 25]
[2026-04-08 16:00:21]   Fold 1 class counts: train=[16, 16, 16, 16] val=[4, 4, 4, 4] test=[5, 5, 5, 5]
[2026-04-08 16:00:21]   Fold 2 class counts: train=[16, 16, 16, 16] val=[4, 4, 4, 4] test=[5, 5, 5, 5]
[2026-04-08 16:00:21]   Fold 3 class counts: train=[16, 16, 16, 16] val=[4, 4, 4, 4] test=[5, 5, 5, 5]
[2026-04-08 16:00:21]   Fold 4 class counts: train=[16, 16, 16, 16] val=[4, 4, 4, 4] test=[5, 5, 5, 5]
[2026-04-08 16:00:21]   Fold 5 class counts: train=[16, 16, 16, 16] val=[4, 4, 4, 4] test=[5, 5, 5, 5]
[2026-04-08 16:00:21]     Train class counts: [16, 16, 16, 16]
[2026-04-08 16:00:21]     Val class counts:   [4, 4, 4, 4]
[2026-04-08 16:00:21]     Test class counts:  [5, 5, 5, 5]
[2026-04-08 16:00:21] Building model with input window duration: 4.1875 s
[2026-04-08 16:00:21] Pretrained weight loading:
[2026-04-08 16:00:21]   Downloaded keys:        179
[2026-04-08 16:00:21]   Filtered (transformer): 172
[2026-04-08 16:00:21]   Filtered (pos_encoder): 0
[2026-04-08 16:00:21]   Keys to load:           7
[2026-04-08 16:00:21]   Missing keys:           4
[2026-04-08 16:00:21]   Unexpected keys:        0
[2026-04-08 16:00:21]   Missing preview:        ['spatial_conv.1.weight', 'spatial_conv.1.bias', 'final_layer.1.weight', 'final_layer.1.bias']
[2026-04-08 16:00:21]   Unexpected preview:     []
[2026-04-08 16:00:51]   Fold 1/5 | best_epoch=2397 | stop=2447 | val_loss=0.0541 | acc=1.0000 | bal_acc=1.0000
[2026-04-08 16:00:51]     Train class counts: [16, 16, 16, 16]
[2026-04-08 16:00:51]     Val class counts:   [4, 4, 4, 4]
[2026-04-08 16:00:51]     Test class counts:  [5, 5, 5, 5]
[2026-04-08 16:00:51] Building model with input window duration: 4.1875 s
[2026-04-08 16:00:51] Pretrained weight loading:
[2026-04-08 16:00:51]   Downloaded keys:        179
[2026-04-08 16:00:51]   Filtered (transformer): 172
[2026-04-08 16:00:51]   Filtered (pos_encoder): 0
[2026-04-08 16:00:51]   Keys to load:           7
[2026-04-08 16:00:51]   Missing keys:           4
[2026-04-08 16:00:51]   Unexpected keys:        0
[2026-04-08 16:00:51]   Missing preview:        ['spatial_conv.1.weight', 'spatial_conv.1.bias', 'final_layer.1.weight', 'final_layer.1.bias']
[2026-04-08 16:00:51]   Unexpected preview:     []
[2026-04-08 16:01:15]   Fold 2/5 | best_epoch=1926 | stop=1976 | val_loss=0.1165 | acc=1.0000 | bal_acc=1.0000
[2026-04-08 16:01:15]     Train class counts: [16, 16, 16, 16]
[2026-04-08 16:01:15]     Val class counts:   [4, 4, 4, 4]
[2026-04-08 16:01:15]     Test class counts:  [5, 5, 5, 5]
[2026-04-08 16:01:15] Building model with input window duration: 4.1875 s
[2026-04-08 16:01:15] Pretrained weight loading:
[2026-04-08 16:01:15]   Downloaded keys:        179
[2026-04-08 16:01:15]   Filtered (transformer): 172
[2026-04-08 16:01:15]   Filtered (pos_encoder): 0
[2026-04-08 16:01:15]   Keys to load:           7
[2026-04-08 16:01:15]   Missing keys:           4
[2026-04-08 16:01:15]   Unexpected keys:        0
[2026-04-08 16:01:15]   Missing preview:        ['spatial_conv.1.weight', 'spatial_conv.1.bias', 'final_layer.1.weight', 'final_layer.1.bias']
[2026-04-08 16:01:15]   Unexpected preview:     []
[2026-04-08 16:01:40]   Fold 3/5 | best_epoch=2037 | stop=2087 | val_loss=0.0108 | acc=1.0000 | bal_acc=1.0000
[2026-04-08 16:01:40]     Train class counts: [16, 16, 16, 16]
[2026-04-08 16:01:40]     Val class counts:   [4, 4, 4, 4]
[2026-04-08 16:01:40]     Test class counts:  [5, 5, 5, 5]
[2026-04-08 16:01:40] Building model with input window duration: 4.1875 s
[2026-04-08 16:01:40] Pretrained weight loading:
[2026-04-08 16:01:40]   Downloaded keys:        179
[2026-04-08 16:01:40]   Filtered (transformer): 172
[2026-04-08 16:01:40]   Filtered (pos_encoder): 0
[2026-04-08 16:01:40]   Keys to load:           7
[2026-04-08 16:01:40]   Missing keys:           4
[2026-04-08 16:01:40]   Unexpected keys:        0
[2026-04-08 16:01:40]   Missing preview:        ['spatial_conv.1.weight', 'spatial_conv.1.bias', 'final_layer.1.weight', 'final_layer.1.bias']
[2026-04-08 16:01:40]   Unexpected preview:     []
[2026-04-08 16:02:06]   Fold 4/5 | best_epoch=2032 | stop=2082 | val_loss=0.0328 | acc=0.9500 | bal_acc=0.9500
[2026-04-08 16:02:06]     Train class counts: [16, 16, 16, 16]
[2026-04-08 16:02:06]     Val class counts:   [4, 4, 4, 4]
[2026-04-08 16:02:06]     Test class counts:  [5, 5, 5, 5]
[2026-04-08 16:02:06] Building model with input window duration: 4.1875 s
[2026-04-08 16:02:06] Pretrained weight loading:
[2026-04-08 16:02:06]   Downloaded keys:        179
[2026-04-08 16:02:06]   Filtered (transformer): 172
[2026-04-08 16:02:06]   Filtered (pos_encoder): 0
[2026-04-08 16:02:06]   Keys to load:           7
[2026-04-08 16:02:06]   Missing keys:           4
[2026-04-08 16:02:06]   Unexpected keys:        0
[2026-04-08 16:02:06]   Missing preview:        ['spatial_conv.1.weight', 'spatial_conv.1.bias', 'final_layer.1.weight', 'final_layer.1.bias']
[2026-04-08 16:02:06]   Unexpected preview:     []
[2026-04-08 16:02:15]   Fold 5/5 | best_epoch=755 | stop=805 | val_loss=0.1020 | acc=1.0000 | bal_acc=1.0000
[2026-04-08 16:02:15]   Subject 50 summary: acc=0.9900±0.0200  bal_acc=0.9900±0.0200

[2026-04-08 16:02:15] Subject 51: 100 windows | class_counts=[25, 25, 25, 25]
[2026-04-08 16:02:15]   Fold 1 class counts: train=[16, 16, 16, 16] val=[4, 4, 4, 4] test=[5, 5, 5, 5]
[2026-04-08 16:02:15]   Fold 2 class counts: train=[16, 16, 16, 16] val=[4, 4, 4, 4] test=[5, 5, 5, 5]
[2026-04-08 16:02:15]   Fold 3 class counts: train=[16, 16, 16, 16] val=[4, 4, 4, 4] test=[5, 5, 5, 5]
[2026-04-08 16:02:15]   Fold 4 class counts: train=[16, 16, 16, 16] val=[4, 4, 4, 4] test=[5, 5, 5, 5]
[2026-04-08 16:02:15]   Fold 5 class counts: train=[16, 16, 16, 16] val=[4, 4, 4, 4] test=[5, 5, 5, 5]
[2026-04-08 16:02:15]     Train class counts: [16, 16, 16, 16]
[2026-04-08 16:02:15]     Val class counts:   [4, 4, 4, 4]
[2026-04-08 16:02:15]     Test class counts:  [5, 5, 5, 5]
[2026-04-08 16:02:15] Building model with input window duration: 4.1875 s
[2026-04-08 16:02:15] Pretrained weight loading:
[2026-04-08 16:02:15]   Downloaded keys:        179
[2026-04-08 16:02:15]   Filtered (transformer): 172
[2026-04-08 16:02:15]   Filtered (pos_encoder): 0
[2026-04-08 16:02:15]   Keys to load:           7
[2026-04-08 16:02:15]   Missing keys:           4
[2026-04-08 16:02:15]   Unexpected keys:        0
[2026-04-08 16:02:15]   Missing preview:        ['spatial_conv.1.weight', 'spatial_conv.1.bias', 'final_layer.1.weight', 'final_layer.1.bias']
[2026-04-08 16:02:15]   Unexpected preview:     []
[2026-04-08 16:02:16]   Fold 1/5 | best_epoch=1 | stop=51 | val_loss=1.3868 | acc=0.0500 | bal_acc=0.0500
[2026-04-08 16:02:16]     Train class counts: [16, 16, 16, 16]
[2026-04-08 16:02:16]     Val class counts:   [4, 4, 4, 4]
[2026-04-08 16:02:16]     Test class counts:  [5, 5, 5, 5]
[2026-04-08 16:02:16] Building model with input window duration: 4.1875 s
[2026-04-08 16:02:16] Pretrained weight loading:
[2026-04-08 16:02:16]   Downloaded keys:        179
[2026-04-08 16:02:16]   Filtered (transformer): 172
[2026-04-08 16:02:16]   Filtered (pos_encoder): 0
[2026-04-08 16:02:16]   Keys to load:           7
[2026-04-08 16:02:16]   Missing keys:           4
[2026-04-08 16:02:16]   Unexpected keys:        0
[2026-04-08 16:02:16]   Missing preview:        ['spatial_conv.1.weight', 'spatial_conv.1.bias', 'final_layer.1.weight', 'final_layer.1.bias']
[2026-04-08 16:02:16]   Unexpected preview:     []
[2026-04-08 16:02:17]   Fold 2/5 | best_epoch=58 | stop=108 | val_loss=1.1243 | acc=0.4500 | bal_acc=0.4500
[2026-04-08 16:02:17]     Train class counts: [16, 16, 16, 16]
[2026-04-08 16:02:17]     Val class counts:   [4, 4, 4, 4]
[2026-04-08 16:02:17]     Test class counts:  [5, 5, 5, 5]
[2026-04-08 16:02:17] Building model with input window duration: 4.1875 s
[2026-04-08 16:02:17] Pretrained weight loading:
[2026-04-08 16:02:17]   Downloaded keys:        179
[2026-04-08 16:02:17]   Filtered (transformer): 172
[2026-04-08 16:02:17]   Filtered (pos_encoder): 0
[2026-04-08 16:02:17]   Keys to load:           7
[2026-04-08 16:02:17]   Missing keys:           4
[2026-04-08 16:02:17]   Unexpected keys:        0
[2026-04-08 16:02:17]   Missing preview:        ['spatial_conv.1.weight', 'spatial_conv.1.bias', 'final_layer.1.weight', 'final_layer.1.bias']
[2026-04-08 16:02:17]   Unexpected preview:     []
[2026-04-08 16:02:20]   Fold 3/5 | best_epoch=173 | stop=223 | val_loss=1.0261 | acc=0.4000 | bal_acc=0.4000
[2026-04-08 16:02:20]     Train class counts: [16, 16, 16, 16]
[2026-04-08 16:02:20]     Val class counts:   [4, 4, 4, 4]
[2026-04-08 16:02:20]     Test class counts:  [5, 5, 5, 5]
[2026-04-08 16:02:20] Building model with input window duration: 4.1875 s
[2026-04-08 16:02:20] Pretrained weight loading:
[2026-04-08 16:02:20]   Downloaded keys:        179
[2026-04-08 16:02:20]   Filtered (transformer): 172
[2026-04-08 16:02:20]   Filtered (pos_encoder): 0
[2026-04-08 16:02:20]   Keys to load:           7
[2026-04-08 16:02:20]   Missing keys:           4
[2026-04-08 16:02:20]   Unexpected keys:        0
[2026-04-08 16:02:20]   Missing preview:        ['spatial_conv.1.weight', 'spatial_conv.1.bias', 'final_layer.1.weight', 'final_layer.1.bias']
[2026-04-08 16:02:20]   Unexpected preview:     []
[2026-04-08 16:02:21]   Fold 4/5 | best_epoch=60 | stop=110 | val_loss=1.2577 | acc=0.4500 | bal_acc=0.4500
[2026-04-08 16:02:21]     Train class counts: [16, 16, 16, 16]
[2026-04-08 16:02:21]     Val class counts:   [4, 4, 4, 4]
[2026-04-08 16:02:21]     Test class counts:  [5, 5, 5, 5]
[2026-04-08 16:02:21] Building model with input window duration: 4.1875 s
[2026-04-08 16:02:21] Pretrained weight loading:
[2026-04-08 16:02:21]   Downloaded keys:        179
[2026-04-08 16:02:21]   Filtered (transformer): 172
[2026-04-08 16:02:21]   Filtered (pos_encoder): 0
[2026-04-08 16:02:21]   Keys to load:           7
[2026-04-08 16:02:21]   Missing keys:           4
[2026-04-08 16:02:21]   Unexpected keys:        0
[2026-04-08 16:02:21]   Missing preview:        ['spatial_conv.1.weight', 'spatial_conv.1.bias', 'final_layer.1.weight', 'final_layer.1.bias']
[2026-04-08 16:02:21]   Unexpected preview:     []
[2026-04-08 16:02:22]   Fold 5/5 | best_epoch=2 | stop=52 | val_loss=1.3852 | acc=0.1500 | bal_acc=0.1500
[2026-04-08 16:02:22]   Subject 51 summary: acc=0.3000±0.1673  bal_acc=0.3000±0.1673

[2026-04-08 16:02:22] Subject 52: 100 windows | class_counts=[25, 25, 25, 25]
[2026-04-08 16:02:22]   Fold 1 class counts: train=[16, 16, 16, 16] val=[4, 4, 4, 4] test=[5, 5, 5, 5]
[2026-04-08 16:02:22]   Fold 2 class counts: train=[16, 16, 16, 16] val=[4, 4, 4, 4] test=[5, 5, 5, 5]
[2026-04-08 16:02:22]   Fold 3 class counts: train=[16, 16, 16, 16] val=[4, 4, 4, 4] test=[5, 5, 5, 5]
[2026-04-08 16:02:22]   Fold 4 class counts: train=[16, 16, 16, 16] val=[4, 4, 4, 4] test=[5, 5, 5, 5]
[2026-04-08 16:02:22]   Fold 5 class counts: train=[16, 16, 16, 16] val=[4, 4, 4, 4] test=[5, 5, 5, 5]
[2026-04-08 16:02:22]     Train class counts: [16, 16, 16, 16]
[2026-04-08 16:02:22]     Val class counts:   [4, 4, 4, 4]
[2026-04-08 16:02:22]     Test class counts:  [5, 5, 5, 5]
[2026-04-08 16:02:22] Building model with input window duration: 4.1875 s
[2026-04-08 16:02:22] Pretrained weight loading:
[2026-04-08 16:02:22]   Downloaded keys:        179
[2026-04-08 16:02:22]   Filtered (transformer): 172
[2026-04-08 16:02:22]   Filtered (pos_encoder): 0
[2026-04-08 16:02:22]   Keys to load:           7
[2026-04-08 16:02:22]   Missing keys:           4
[2026-04-08 16:02:22]   Unexpected keys:        0
[2026-04-08 16:02:22]   Missing preview:        ['spatial_conv.1.weight', 'spatial_conv.1.bias', 'final_layer.1.weight', 'final_layer.1.bias']
[2026-04-08 16:02:22]   Unexpected preview:     []
[2026-04-08 16:02:31]   Fold 1/5 | best_epoch=683 | stop=733 | val_loss=0.1397 | acc=0.9500 | bal_acc=0.9500
[2026-04-08 16:02:31]     Train class counts: [16, 16, 16, 16]
[2026-04-08 16:02:31]     Val class counts:   [4, 4, 4, 4]
[2026-04-08 16:02:31]     Test class counts:  [5, 5, 5, 5]
[2026-04-08 16:02:31] Building model with input window duration: 4.1875 s
[2026-04-08 16:02:31] Pretrained weight loading:
[2026-04-08 16:02:31]   Downloaded keys:        179
[2026-04-08 16:02:31]   Filtered (transformer): 172
[2026-04-08 16:02:31]   Filtered (pos_encoder): 0
[2026-04-08 16:02:31]   Keys to load:           7
[2026-04-08 16:02:31]   Missing keys:           4
[2026-04-08 16:02:31]   Unexpected keys:        0
[2026-04-08 16:02:31]   Missing preview:        ['spatial_conv.1.weight', 'spatial_conv.1.bias', 'final_layer.1.weight', 'final_layer.1.bias']
[2026-04-08 16:02:31]   Unexpected preview:     []
[2026-04-08 16:02:53]   Fold 2/5 | best_epoch=1802 | stop=1852 | val_loss=0.0065 | acc=0.9500 | bal_acc=0.9500
[2026-04-08 16:02:53]     Train class counts: [16, 16, 16, 16]
[2026-04-08 16:02:53]     Val class counts:   [4, 4, 4, 4]
[2026-04-08 16:02:53]     Test class counts:  [5, 5, 5, 5]
[2026-04-08 16:02:53] Building model with input window duration: 4.1875 s
[2026-04-08 16:02:53] Pretrained weight loading:
[2026-04-08 16:02:53]   Downloaded keys:        179
[2026-04-08 16:02:53]   Filtered (transformer): 172
[2026-04-08 16:02:53]   Filtered (pos_encoder): 0
[2026-04-08 16:02:53]   Keys to load:           7
[2026-04-08 16:02:53]   Missing keys:           4
[2026-04-08 16:02:53]   Unexpected keys:        0
[2026-04-08 16:02:53]   Missing preview:        ['spatial_conv.1.weight', 'spatial_conv.1.bias', 'final_layer.1.weight', 'final_layer.1.bias']
[2026-04-08 16:02:53]   Unexpected preview:     []
[2026-04-08 16:03:10]   Fold 3/5 | best_epoch=1302 | stop=1352 | val_loss=0.0805 | acc=0.9500 | bal_acc=0.9500
[2026-04-08 16:03:10]     Train class counts: [16, 16, 16, 16]
[2026-04-08 16:03:10]     Val class counts:   [4, 4, 4, 4]
[2026-04-08 16:03:10]     Test class counts:  [5, 5, 5, 5]
[2026-04-08 16:03:10] Building model with input window duration: 4.1875 s
[2026-04-08 16:03:10] Pretrained weight loading:
[2026-04-08 16:03:10]   Downloaded keys:        179
[2026-04-08 16:03:10]   Filtered (transformer): 172
[2026-04-08 16:03:10]   Filtered (pos_encoder): 0
[2026-04-08 16:03:10]   Keys to load:           7
[2026-04-08 16:03:10]   Missing keys:           4
[2026-04-08 16:03:10]   Unexpected keys:        0
[2026-04-08 16:03:10]   Missing preview:        ['spatial_conv.1.weight', 'spatial_conv.1.bias', 'final_layer.1.weight', 'final_layer.1.bias']
[2026-04-08 16:03:10]   Unexpected preview:     []
[2026-04-08 16:03:13]   Fold 4/5 | best_epoch=276 | stop=326 | val_loss=0.1531 | acc=0.9500 | bal_acc=0.9500
[2026-04-08 16:03:13]     Train class counts: [16, 16, 16, 16]
[2026-04-08 16:03:13]     Val class counts:   [4, 4, 4, 4]
[2026-04-08 16:03:13]     Test class counts:  [5, 5, 5, 5]
[2026-04-08 16:03:13] Building model with input window duration: 4.1875 s
[2026-04-08 16:03:13] Pretrained weight loading:
[2026-04-08 16:03:13]   Downloaded keys:        179
[2026-04-08 16:03:13]   Filtered (transformer): 172
[2026-04-08 16:03:13]   Filtered (pos_encoder): 0
[2026-04-08 16:03:13]   Keys to load:           7
[2026-04-08 16:03:13]   Missing keys:           4
[2026-04-08 16:03:13]   Unexpected keys:        0
[2026-04-08 16:03:13]   Missing preview:        ['spatial_conv.1.weight', 'spatial_conv.1.bias', 'final_layer.1.weight', 'final_layer.1.bias']
[2026-04-08 16:03:13]   Unexpected preview:     []
[2026-04-08 16:03:21]   Fold 5/5 | best_epoch=566 | stop=616 | val_loss=0.0929 | acc=0.9500 | bal_acc=0.9500
[2026-04-08 16:03:21]   Subject 52 summary: acc=0.9500±0.0000  bal_acc=0.9500±0.0000

[2026-04-08 16:03:21] Subject 53: 100 windows | class_counts=[25, 25, 25, 25]
[2026-04-08 16:03:21]   Fold 1 class counts: train=[16, 16, 16, 16] val=[4, 4, 4, 4] test=[5, 5, 5, 5]
[2026-04-08 16:03:21]   Fold 2 class counts: train=[16, 16, 16, 16] val=[4, 4, 4, 4] test=[5, 5, 5, 5]
[2026-04-08 16:03:21]   Fold 3 class counts: train=[16, 16, 16, 16] val=[4, 4, 4, 4] test=[5, 5, 5, 5]
[2026-04-08 16:03:21]   Fold 4 class counts: train=[16, 16, 16, 16] val=[4, 4, 4, 4] test=[5, 5, 5, 5]
[2026-04-08 16:03:21]   Fold 5 class counts: train=[16, 16, 16, 16] val=[4, 4, 4, 4] test=[5, 5, 5, 5]
[2026-04-08 16:03:21]     Train class counts: [16, 16, 16, 16]
[2026-04-08 16:03:21]     Val class counts:   [4, 4, 4, 4]
[2026-04-08 16:03:21]     Test class counts:  [5, 5, 5, 5]
[2026-04-08 16:03:21] Building model with input window duration: 4.1875 s
[2026-04-08 16:03:21] Pretrained weight loading:
[2026-04-08 16:03:21]   Downloaded keys:        179
[2026-04-08 16:03:21]   Filtered (transformer): 172
[2026-04-08 16:03:21]   Filtered (pos_encoder): 0
[2026-04-08 16:03:21]   Keys to load:           7
[2026-04-08 16:03:21]   Missing keys:           4
[2026-04-08 16:03:21]   Unexpected keys:        0
[2026-04-08 16:03:21]   Missing preview:        ['spatial_conv.1.weight', 'spatial_conv.1.bias', 'final_layer.1.weight', 'final_layer.1.bias']
[2026-04-08 16:03:21]   Unexpected preview:     []
[2026-04-08 16:03:25]   Fold 1/5 | best_epoch=323 | stop=373 | val_loss=0.0867 | acc=1.0000 | bal_acc=1.0000
[2026-04-08 16:03:25]     Train class counts: [16, 16, 16, 16]
[2026-04-08 16:03:25]     Val class counts:   [4, 4, 4, 4]
[2026-04-08 16:03:25]     Test class counts:  [5, 5, 5, 5]
[2026-04-08 16:03:25] Building model with input window duration: 4.1875 s
[2026-04-08 16:03:25] Pretrained weight loading:
[2026-04-08 16:03:25]   Downloaded keys:        179
[2026-04-08 16:03:25]   Filtered (transformer): 172
[2026-04-08 16:03:25]   Filtered (pos_encoder): 0
[2026-04-08 16:03:25]   Keys to load:           7
[2026-04-08 16:03:25]   Missing keys:           4
[2026-04-08 16:03:25]   Unexpected keys:        0
[2026-04-08 16:03:25]   Missing preview:        ['spatial_conv.1.weight', 'spatial_conv.1.bias', 'final_layer.1.weight', 'final_layer.1.bias']
[2026-04-08 16:03:25]   Unexpected preview:     []
[2026-04-08 16:04:13]   Fold 2/5 | best_epoch=3849 | stop=3899 | val_loss=0.0002 | acc=1.0000 | bal_acc=1.0000
[2026-04-08 16:04:13]     Train class counts: [16, 16, 16, 16]
[2026-04-08 16:04:13]     Val class counts:   [4, 4, 4, 4]
[2026-04-08 16:04:13]     Test class counts:  [5, 5, 5, 5]
[2026-04-08 16:04:13] Building model with input window duration: 4.1875 s
[2026-04-08 16:04:13] Pretrained weight loading:
[2026-04-08 16:04:13]   Downloaded keys:        179
[2026-04-08 16:04:13]   Filtered (transformer): 172
[2026-04-08 16:04:13]   Filtered (pos_encoder): 0
[2026-04-08 16:04:13]   Keys to load:           7
[2026-04-08 16:04:13]   Missing keys:           4
[2026-04-08 16:04:13]   Unexpected keys:        0
[2026-04-08 16:04:13]   Missing preview:        ['spatial_conv.1.weight', 'spatial_conv.1.bias', 'final_layer.1.weight', 'final_layer.1.bias']
[2026-04-08 16:04:13]   Unexpected preview:     []
[2026-04-08 16:04:54]   Fold 3/5 | best_epoch=3259 | stop=3309 | val_loss=0.0028 | acc=1.0000 | bal_acc=1.0000
[2026-04-08 16:04:54]     Train class counts: [16, 16, 16, 16]
[2026-04-08 16:04:54]     Val class counts:   [4, 4, 4, 4]
[2026-04-08 16:04:54]     Test class counts:  [5, 5, 5, 5]
[2026-04-08 16:04:54] Building model with input window duration: 4.1875 s
[2026-04-08 16:04:54] Pretrained weight loading:
[2026-04-08 16:04:54]   Downloaded keys:        179
[2026-04-08 16:04:54]   Filtered (transformer): 172
[2026-04-08 16:04:54]   Filtered (pos_encoder): 0
[2026-04-08 16:04:54]   Keys to load:           7
[2026-04-08 16:04:54]   Missing keys:           4
[2026-04-08 16:04:54]   Unexpected keys:        0
[2026-04-08 16:04:54]   Missing preview:        ['spatial_conv.1.weight', 'spatial_conv.1.bias', 'final_layer.1.weight', 'final_layer.1.bias']
[2026-04-08 16:04:54]   Unexpected preview:     []
[2026-04-08 16:04:56]   Fold 4/5 | best_epoch=112 | stop=162 | val_loss=0.2818 | acc=1.0000 | bal_acc=1.0000
[2026-04-08 16:04:56]     Train class counts: [16, 16, 16, 16]
[2026-04-08 16:04:56]     Val class counts:   [4, 4, 4, 4]
[2026-04-08 16:04:56]     Test class counts:  [5, 5, 5, 5]
[2026-04-08 16:04:56] Building model with input window duration: 4.1875 s
[2026-04-08 16:04:56] Pretrained weight loading:
[2026-04-08 16:04:56]   Downloaded keys:        179
[2026-04-08 16:04:56]   Filtered (transformer): 172
[2026-04-08 16:04:56]   Filtered (pos_encoder): 0
[2026-04-08 16:04:56]   Keys to load:           7
[2026-04-08 16:04:56]   Missing keys:           4
[2026-04-08 16:04:56]   Unexpected keys:        0
[2026-04-08 16:04:56]   Missing preview:        ['spatial_conv.1.weight', 'spatial_conv.1.bias', 'final_layer.1.weight', 'final_layer.1.bias']
[2026-04-08 16:04:56]   Unexpected preview:     []
[2026-04-08 16:05:44]   Fold 5/5 | best_epoch=3868 | stop=3918 | val_loss=0.0014 | acc=1.0000 | bal_acc=1.0000
[2026-04-08 16:05:44]   Subject 53 summary: acc=1.0000±0.0000  bal_acc=1.0000±0.0000

[2026-04-08 16:05:44] Subject 54: 100 windows | class_counts=[25, 25, 25, 25]
[2026-04-08 16:05:44]   Fold 1 class counts: train=[16, 16, 16, 16] val=[4, 4, 4, 4] test=[5, 5, 5, 5]
[2026-04-08 16:05:44]   Fold 2 class counts: train=[16, 16, 16, 16] val=[4, 4, 4, 4] test=[5, 5, 5, 5]
[2026-04-08 16:05:44]   Fold 3 class counts: train=[16, 16, 16, 16] val=[4, 4, 4, 4] test=[5, 5, 5, 5]
[2026-04-08 16:05:44]   Fold 4 class counts: train=[16, 16, 16, 16] val=[4, 4, 4, 4] test=[5, 5, 5, 5]
[2026-04-08 16:05:44]   Fold 5 class counts: train=[16, 16, 16, 16] val=[4, 4, 4, 4] test=[5, 5, 5, 5]
[2026-04-08 16:05:44]     Train class counts: [16, 16, 16, 16]
[2026-04-08 16:05:44]     Val class counts:   [4, 4, 4, 4]
[2026-04-08 16:05:44]     Test class counts:  [5, 5, 5, 5]
[2026-04-08 16:05:44] Building model with input window duration: 4.1875 s
[2026-04-08 16:05:44] Pretrained weight loading:
[2026-04-08 16:05:44]   Downloaded keys:        179
[2026-04-08 16:05:44]   Filtered (transformer): 172
[2026-04-08 16:05:44]   Filtered (pos_encoder): 0
[2026-04-08 16:05:44]   Keys to load:           7
[2026-04-08 16:05:44]   Missing keys:           4
[2026-04-08 16:05:44]   Unexpected keys:        0
[2026-04-08 16:05:44]   Missing preview:        ['spatial_conv.1.weight', 'spatial_conv.1.bias', 'final_layer.1.weight', 'final_layer.1.bias']
[2026-04-08 16:05:44]   Unexpected preview:     []
[2026-04-08 16:05:55]   Fold 1/5 | best_epoch=867 | stop=917 | val_loss=0.1600 | acc=0.8500 | bal_acc=0.8500
[2026-04-08 16:05:55]     Train class counts: [16, 16, 16, 16]
[2026-04-08 16:05:55]     Val class counts:   [4, 4, 4, 4]
[2026-04-08 16:05:55]     Test class counts:  [5, 5, 5, 5]
[2026-04-08 16:05:55] Building model with input window duration: 4.1875 s
[2026-04-08 16:05:55] Pretrained weight loading:
[2026-04-08 16:05:55]   Downloaded keys:        179
[2026-04-08 16:05:55]   Filtered (transformer): 172
[2026-04-08 16:05:55]   Filtered (pos_encoder): 0
[2026-04-08 16:05:55]   Keys to load:           7
[2026-04-08 16:05:55]   Missing keys:           4
[2026-04-08 16:05:55]   Unexpected keys:        0
[2026-04-08 16:05:55]   Missing preview:        ['spatial_conv.1.weight', 'spatial_conv.1.bias', 'final_layer.1.weight', 'final_layer.1.bias']
[2026-04-08 16:05:55]   Unexpected preview:     []
[2026-04-08 16:05:57]   Fold 2/5 | best_epoch=126 | stop=176 | val_loss=0.6542 | acc=0.8500 | bal_acc=0.8500
[2026-04-08 16:05:57]     Train class counts: [16, 16, 16, 16]
[2026-04-08 16:05:57]     Val class counts:   [4, 4, 4, 4]
[2026-04-08 16:05:57]     Test class counts:  [5, 5, 5, 5]
[2026-04-08 16:05:57] Building model with input window duration: 4.1875 s
[2026-04-08 16:05:57] Pretrained weight loading:
[2026-04-08 16:05:57]   Downloaded keys:        179
[2026-04-08 16:05:57]   Filtered (transformer): 172
[2026-04-08 16:05:57]   Filtered (pos_encoder): 0
[2026-04-08 16:05:57]   Keys to load:           7
[2026-04-08 16:05:57]   Missing keys:           4
[2026-04-08 16:05:57]   Unexpected keys:        0
[2026-04-08 16:05:57]   Missing preview:        ['spatial_conv.1.weight', 'spatial_conv.1.bias', 'final_layer.1.weight', 'final_layer.1.bias']
[2026-04-08 16:05:57]   Unexpected preview:     []
[2026-04-08 16:06:03]   Fold 3/5 | best_epoch=398 | stop=448 | val_loss=0.5571 | acc=0.8000 | bal_acc=0.8000
[2026-04-08 16:06:03]     Train class counts: [16, 16, 16, 16]
[2026-04-08 16:06:03]     Val class counts:   [4, 4, 4, 4]
[2026-04-08 16:06:03]     Test class counts:  [5, 5, 5, 5]
[2026-04-08 16:06:03] Building model with input window duration: 4.1875 s
[2026-04-08 16:06:03] Pretrained weight loading:
[2026-04-08 16:06:03]   Downloaded keys:        179
[2026-04-08 16:06:03]   Filtered (transformer): 172
[2026-04-08 16:06:03]   Filtered (pos_encoder): 0
[2026-04-08 16:06:03]   Keys to load:           7
[2026-04-08 16:06:03]   Missing keys:           4
[2026-04-08 16:06:03]   Unexpected keys:        0
[2026-04-08 16:06:03]   Missing preview:        ['spatial_conv.1.weight', 'spatial_conv.1.bias', 'final_layer.1.weight', 'final_layer.1.bias']
[2026-04-08 16:06:03]   Unexpected preview:     []
[2026-04-08 16:06:07]   Fold 4/5 | best_epoch=282 | stop=332 | val_loss=0.6754 | acc=0.7500 | bal_acc=0.7500
[2026-04-08 16:06:07]     Train class counts: [16, 16, 16, 16]
[2026-04-08 16:06:07]     Val class counts:   [4, 4, 4, 4]
[2026-04-08 16:06:07]     Test class counts:  [5, 5, 5, 5]
[2026-04-08 16:06:07] Building model with input window duration: 4.1875 s
[2026-04-08 16:06:07] Pretrained weight loading:
[2026-04-08 16:06:07]   Downloaded keys:        179
[2026-04-08 16:06:07]   Filtered (transformer): 172
[2026-04-08 16:06:07]   Filtered (pos_encoder): 0
[2026-04-08 16:06:07]   Keys to load:           7
[2026-04-08 16:06:07]   Missing keys:           4
[2026-04-08 16:06:07]   Unexpected keys:        0
[2026-04-08 16:06:07]   Missing preview:        ['spatial_conv.1.weight', 'spatial_conv.1.bias', 'final_layer.1.weight', 'final_layer.1.bias']
[2026-04-08 16:06:07]   Unexpected preview:     []
[2026-04-08 16:06:09]   Fold 5/5 | best_epoch=112 | stop=162 | val_loss=0.9070 | acc=0.7500 | bal_acc=0.7500
[2026-04-08 16:06:09]   Subject 54 summary: acc=0.8000±0.0447  bal_acc=0.8000±0.0447

[2026-04-08 16:06:09] Total folds completed: 35
[2026-04-08 16:06:09] ======================================================================
[2026-04-08 16:06:09] AGGREGATED RESULTS
[2026-04-08 16:06:09] ======================================================================
[2026-04-08 16:06:09]   Subject 48:  acc=0.9700±0.0245  bal_acc=0.9700±0.0245
[2026-04-08 16:06:09]   Subject 49:  acc=0.9300±0.0510  bal_acc=0.9300±0.0510
[2026-04-08 16:06:09]   Subject 50:  acc=0.9900±0.0200  bal_acc=0.9900±0.0200
[2026-04-08 16:06:09]   Subject 51:  acc=0.3000±0.1673  bal_acc=0.3000±0.1673
[2026-04-08 16:06:09]   Subject 52:  acc=0.9500±0.0000  bal_acc=0.9500±0.0000
[2026-04-08 16:06:09]   Subject 53:  acc=1.0000±0.0000  bal_acc=1.0000±0.0000
[2026-04-08 16:06:09]   Subject 54:  acc=0.8000±0.0447  bal_acc=0.8000±0.0447
[2026-04-08 16:06:09] ----------------------------------------------------------------------
[2026-04-08 16:06:09]   OVERALL:      acc=0.8486±0.2425  bal_acc=0.8486±0.2425
[2026-04-08 16:06:09] ======================================================================
[2026-04-08 16:06:09] CV results saved to:      /home/vegorov/Repos/eeg_jepa_research/artifacts/lee-2019-fine-tuning/SSVEP/20260408_1555_ea484d88/cv_results.json
[2026-04-08 16:06:09] Subject metrics saved to: /home/vegorov/Repos/eeg_jepa_research/artifacts/lee-2019-fine-tuning/SSVEP/20260408_1555_ea484d88/subject_metrics.json
[2026-04-08 16:06:09] Global metrics saved to:  /home/vegorov/Repos/eeg_jepa_research/artifacts/lee-2019-fine-tuning/SSVEP/20260408_1555_ea484d88/global_metrics.json
[2026-04-08 16:06:09] Run metadata saved to:    /home/vegorov/Repos/eeg_jepa_research/artifacts/lee-2019-fine-tuning/SSVEP/20260408_1555_ea484d88/run_metadata.json

[2026-04-08 16:06:09] All artifacts in: /home/vegorov/Repos/eeg_jepa_research/artifacts/lee-2019-fine-tuning/SSVEP/20260408_1555_ea484d88

[2026-04-08 16:06:09] ======================================================================
[2026-04-08 16:06:09] EXPERIMENT SUMMARY
[2026-04-08 16:06:09] ======================================================================
[2026-04-08 16:06:09] Run ID:    20260408_1555_ea484d88
[2026-04-08 16:06:09] Artifacts: /home/vegorov/Repos/eeg_jepa_research/artifacts/lee-2019-fine-tuning/SSVEP/20260408_1555_ea484d88

[2026-04-08 16:06:09] Configuration:
[2026-04-08 16:06:09]   Subjects:          [48, 49, 50, 51, 52, 53, 54]
[2026-04-08 16:06:09]   Bandpass:          0.5-40.0 Hz
[2026-04-08 16:06:09]   Resample:          128 Hz
[2026-04-08 16:06:09]   CV folds:          5
[2026-04-08 16:06:09]   Learning rate:     None
[2026-04-08 16:06:09]   Batch size:        16
[2026-04-08 16:06:09]   Max epochs:        5000

[2026-04-08 16:06:09] Results:
[2026-04-08 16:06:09]   Mean Accuracy:          0.8486 ± 0.2425
[2026-04-08 16:06:09]   Mean Balanced Accuracy: 0.8486 ± 0.2425
