[2026-05-06 11:17:12] Using device: cuda
[2026-05-06 11:17:12] Seed control disabled
[2026-05-06 11:17:12] ======================================================================
[2026-05-06 11:17:12] CONFIGURATION
[2026-05-06 11:17:12] ======================================================================
[2026-05-06 11:17:12]   artifact_dir: c:\Repos\eeg-jepa-research\artifacts\moabb-mi-sjepa
[2026-05-06 11:17:12]   bandpass_high: 40.0
[2026-05-06 11:17:12]   bandpass_low: 0.5
[2026-05-06 11:17:12]   batch_size: 32
[2026-05-06 11:17:12]   cv_folds: 5
[2026-05-06 11:17:12]   dataset_name: Lee2019_MI
[2026-05-06 11:17:12]   dataset_source: moabb
[2026-05-06 11:17:12]   early_stopping_patience: None
[2026-05-06 11:17:12]   exclude_subjects: []
[2026-05-06 11:17:12]   labels_to_keep: ['left_hand', 'right_hand']
[2026-05-06 11:17:12]   learning_rate: 0.001
[2026-05-06 11:17:12]   moabb_dataset_kwargs: {}
[2026-05-06 11:17:12]   model_name: SignalJEPA_PreLocal
[2026-05-06 11:17:12]   n_epochs: 50
[2026-05-06 11:17:12]   preprocessed_concat_dir: None
[2026-05-06 11:17:12]   pretrained_mode: from_pretrained
[2026-05-06 11:17:12]   seed: None
[2026-05-06 11:17:12]   set_seed: False
[2026-05-06 11:17:12]   sfreq: 128
[2026-05-06 11:17:12]   strategy: new
[2026-05-06 11:17:12]   subjects_to_use: None
[2026-05-06 11:17:12]   target_window_duration_s: 4.2
[2026-05-06 11:17:12]   val_split: 0.2
[2026-05-06 11:17:12]   warmup_epochs: 10
[2026-05-06 11:17:12] ======================================================================
[2026-05-06 11:17:12] Config saved to: c:\Repos\eeg-jepa-research\artifacts\moabb-mi-sjepa\Lee2019_MI\20260506_1117_5cd9df24\config.json
[2026-05-06 11:17:12] Epoch window configuration:
[2026-05-06 11:17:12]   Target sfreq:            128 Hz
[2026-05-06 11:17:12]   Requested duration:      4.200 s
[2026-05-06 11:17:12]   Expected window samples: 537

[2026-05-06 11:17:12] Preprocessed concat dataset exists: True at c:\Repos\eeg-jepa-research\preprocessed_concat_datasets\Lee2019_MI_048eba1d_w8653d5_subjects_a59d9bb8

[2026-05-06 11:17:12] Using existing preprocessed concat dataset.

[2026-05-06 11:17:13] Post-load raw validation
[2026-05-06 11:17:13]   Recordings:          14
[2026-05-06 11:17:13]   Subjects loaded:     ['48', '49', '50', '51', '52', '53', '54']
[2026-05-06 11:17:13]   sfreq first rec:     128.0 Hz
[2026-05-06 11:17:13]   EEG channel count:   62
[2026-05-06 11:17:13]   Labels present:      ['left_hand', 'right_hand']
[2026-05-06 11:17:13]   Labels selected:     ['left_hand', 'right_hand']
[2026-05-06 11:17:13] Annotation counts before filtering: {np.str_('left_hand'): 700, np.str_('right_hand'): 700}
[2026-05-06 11:17:13] Filtered annotations: kept 1400 / 1400
[2026-05-06 11:17:13] Annotation counts after filtering:  {np.str_('left_hand'): 700, np.str_('right_hand'): 700}
[2026-05-06 11:17:13] Updated annotation durations:       1400
[2026-05-06 11:17:14] Window shape: (62, 537)
[2026-05-06 11:17:14] Window sample length expected=537, got=537
[2026-05-06 11:17:14] Class mapping: {'left_hand': 0, 'right_hand': 1}
[2026-05-06 11:17:14] Global class counts: [700, 700]
[2026-05-06 11:17:14] Chance level: 0.50
[2026-05-06 11:17:14] Summarizing per-subject windows...
[2026-05-06 11:17:14]   Subject 48: n_windows=200, window_shape=(62, 537), class_counts=[100, 100]
[2026-05-06 11:17:14]   Subject 49: n_windows=200, window_shape=(62, 537), class_counts=[100, 100]
[2026-05-06 11:17:14]   Subject 50: n_windows=200, window_shape=(62, 537), class_counts=[100, 100]
[2026-05-06 11:17:14]   Subject 51: n_windows=200, window_shape=(62, 537), class_counts=[100, 100]
[2026-05-06 11:17:14]   Subject 52: n_windows=200, window_shape=(62, 537), class_counts=[100, 100]
[2026-05-06 11:17:14]   Subject 53: n_windows=200, window_shape=(62, 537), class_counts=[100, 100]
[2026-05-06 11:17:14]   Subject 54: n_windows=200, window_shape=(62, 537), class_counts=[100, 100]
[2026-05-06 11:17:15] SignalJEPA_PreLocal instantiated successfully.
[2026-05-06 11:17:15]   Loading mode:          from_pretrained
[2026-05-06 11:17:15]   Repo:                  braindecode/signal-jepa_without-chans
[2026-05-06 11:17:15]   Total parameters:      16,142
[2026-05-06 11:17:15]   Trainable parameters:  16,142
[2026-05-06 11:17:15] ======================================================================================================================================================
Layer (type (var_name):depth-idx)                  Input Shape               Output Shape              Param #                   Kernel Shape
======================================================================================================================================================
SignalJEPA_PreLocal (SignalJEPA_PreLocal)          [1, 62, 537]              [1, 2]                    --                        --
├─Sequential (spatial_conv): 1-1                   [1, 62, 537]              [1, 4, 537]               --                        --
│    └─Rearrange (0): 2-1                          [1, 62, 537]              [1, 1, 62, 537]           --                        --
│    └─Conv2d (1): 2-2                             [1, 1, 62, 537]           [1, 4, 1, 537]            252                       [62, 1]
│    └─Rearrange (2): 2-3                          [1, 4, 1, 537]            [1, 4, 537]               --                        --
├─_ConvFeatureEncoder (feature_encoder): 1-2       [1, 4, 537]               [1, 16, 64]               --                        --
│    └─Rearrange (0): 2-4                          [1, 4, 537]               [4, 1, 537]               --                        --
│    └─Sequential (1): 2-5                         [4, 1, 537]               [4, 8, 64]                --                        --
│    │    └─Conv1d (0): 3-1                        [4, 1, 537]               [4, 8, 64]                256                       [32]
│    │    └─Dropout (1): 3-2                       [4, 8, 64]                [4, 8, 64]                --                        --
│    │    └─GroupNorm (2): 3-3                     [4, 8, 64]                [4, 8, 64]                16                        --
│    │    └─GELU (3): 3-4                          [4, 8, 64]                [4, 8, 64]                --                        --
│    └─Sequential (2): 2-6                         [4, 8, 64]                [4, 16, 32]               --                        --
│    │    └─Conv1d (0): 3-5                        [4, 8, 64]                [4, 16, 32]               256                       [2]
│    │    └─Dropout (1): 3-6                       [4, 16, 32]               [4, 16, 32]               --                        --
│    │    └─GELU (2): 3-7                          [4, 16, 32]               [4, 16, 32]               --                        --
│    └─Sequential (3): 2-7                         [4, 16, 32]               [4, 32, 16]               --                        --
│    │    └─Conv1d (0): 3-8                        [4, 16, 32]               [4, 32, 16]               1,024                     [2]
│    │    └─Dropout (1): 3-9                       [4, 32, 16]               [4, 32, 16]               --                        --
│    │    └─GELU (2): 3-10                         [4, 32, 16]               [4, 32, 16]               --                        --
│    └─Sequential (4): 2-8                         [4, 32, 16]               [4, 64, 8]                --                        --
│    │    └─Conv1d (0): 3-11                       [4, 32, 16]               [4, 64, 8]                4,096                     [2]
│    │    └─Dropout (1): 3-12                      [4, 64, 8]                [4, 64, 8]                --                        --
│    │    └─GELU (2): 3-13                         [4, 64, 8]                [4, 64, 8]                --                        --
│    └─Sequential (5): 2-9                         [4, 64, 8]                [4, 64, 4]                --                        --
│    │    └─Conv1d (0): 3-14                       [4, 64, 8]                [4, 64, 4]                8,192                     [2]
│    │    └─Dropout (1): 3-15                      [4, 64, 4]                [4, 64, 4]                --                        --
│    │    └─GELU (2): 3-16                         [4, 64, 4]                [4, 64, 4]                --                        --
│    └─Rearrange (6): 2-10                         [4, 64, 4]                [1, 16, 64]               --                        --
├─Sequential (final_layer): 1-3                    [1, 16, 64]               [1, 2]                    --                        --
│    └─Flatten (0): 2-11                           [1, 16, 64]               [1, 1024]                 --                        --
│    └─Linear (1): 2-12                            [1, 1024]                 [1, 2]                    2,050                     --
======================================================================================================================================================
Total params: 16,142
Trainable params: 16,142
Non-trainable params: 0
Total mult-adds (Units.MEGABYTES): 0.56
======================================================================================================================================================
Input size (MB): 0.13
Forward/backward pass size (MB): 0.11
Params size (MB): 0.06
Estimated Total Size (MB): 0.31
======================================================================================================================================================
[2026-05-06 11:17:15] ======================================================================
[2026-05-06 11:17:15] STARTING WITHIN-SUBJECT CROSS-VALIDATION
[2026-05-06 11:17:15] ======================================================================
[2026-05-06 11:17:15] Dataset:       Lee2019_MI
[2026-05-06 11:17:15] Subjects:      ['48', '49', '50', '51', '52', '53', '54']
[2026-05-06 11:17:15] Model:         SignalJEPA_PreLocal
[2026-05-06 11:17:15] Pretrained:    from_pretrained
[2026-05-06 11:17:15] Strategy:      new
[2026-05-06 11:17:15] CV folds:      5
[2026-05-06 11:17:15] Val split:     0.2
[2026-05-06 11:17:15] Max epochs:    50
[2026-05-06 11:17:15] Device:        cuda
[2026-05-06 11:17:15] ======================================================================

[2026-05-06 11:17:15] Subject 48: 200 windows | class_counts=[100, 100]

[2026-05-06 11:17:15] Fold 1/5 | subject=48
[2026-05-06 11:17:15]     Train windows:           160 | counts=[80, 80]
[2026-05-06 11:17:15]     Test windows:            40 | counts=[20, 20]
[2026-05-06 11:17:15]     Downstream model:        SignalJEPA_PreLocal
[2026-05-06 11:17:15]     Fine-tune strategy:      new
[2026-05-06 11:17:15]     Pretrained loading path: from_pretrained
[2026-05-06 11:17:15]     Pretrained repo:         braindecode/signal-jepa_without-chans
[2026-05-06 11:17:15]     Phase 1 (new):
[2026-05-06 11:17:15]       Trainable groups: ['spatial_conv.', 'final_layer.']
[2026-05-06 11:17:15]       Total params:     16,142
[2026-05-06 11:17:15]       Trainable params: 2,302
[2026-05-06 11:17:15]       Trainable pct:    14.26%
[2026-05-06 11:17:15]       Trainable parameter names: ['spatial_conv.1.weight', 'spatial_conv.1.bias', 'final_layer.1.weight', 'final_layer.1.bias']
[2026-05-06 11:17:15]     Sanity check passed: finite logits/loss on one training batch for SignalJEPA_PreLocal.
[2026-05-06 11:17:17]     Result | best_epoch=50 | stop=50 | acc=0.6500 | bal_acc=0.6500 | pred_hist=[22, 18]

[2026-05-06 11:17:17] Fold 2/5 | subject=48
[2026-05-06 11:17:17]     Train windows:           160 | counts=[80, 80]
[2026-05-06 11:17:17]     Test windows:            40 | counts=[20, 20]
[2026-05-06 11:17:17]     Downstream model:        SignalJEPA_PreLocal
[2026-05-06 11:17:17]     Fine-tune strategy:      new
[2026-05-06 11:17:17]     Pretrained loading path: from_pretrained
[2026-05-06 11:17:17]     Pretrained repo:         braindecode/signal-jepa_without-chans
[2026-05-06 11:17:17]     Phase 1 (new):
[2026-05-06 11:17:17]       Trainable groups: ['spatial_conv.', 'final_layer.']
[2026-05-06 11:17:17]       Total params:     16,142
[2026-05-06 11:17:17]       Trainable params: 2,302
[2026-05-06 11:17:17]       Trainable pct:    14.26%
[2026-05-06 11:17:17]       Trainable parameter names: ['spatial_conv.1.weight', 'spatial_conv.1.bias', 'final_layer.1.weight', 'final_layer.1.bias']
[2026-05-06 11:17:17]     Sanity check passed: finite logits/loss on one training batch for SignalJEPA_PreLocal.
[2026-05-06 11:17:19]     Result | best_epoch=50 | stop=50 | acc=0.5500 | bal_acc=0.5500 | pred_hist=[12, 28]

[2026-05-06 11:17:19] Fold 3/5 | subject=48
[2026-05-06 11:17:19]     Train windows:           160 | counts=[80, 80]
[2026-05-06 11:17:19]     Test windows:            40 | counts=[20, 20]
[2026-05-06 11:17:19]     Downstream model:        SignalJEPA_PreLocal
[2026-05-06 11:17:19]     Fine-tune strategy:      new
[2026-05-06 11:17:19]     Pretrained loading path: from_pretrained
[2026-05-06 11:17:19]     Pretrained repo:         braindecode/signal-jepa_without-chans
[2026-05-06 11:17:19]     Phase 1 (new):
[2026-05-06 11:17:19]       Trainable groups: ['spatial_conv.', 'final_layer.']
[2026-05-06 11:17:19]       Total params:     16,142
[2026-05-06 11:17:19]       Trainable params: 2,302
[2026-05-06 11:17:19]       Trainable pct:    14.26%
[2026-05-06 11:17:19]       Trainable parameter names: ['spatial_conv.1.weight', 'spatial_conv.1.bias', 'final_layer.1.weight', 'final_layer.1.bias']
[2026-05-06 11:17:19]     Sanity check passed: finite logits/loss on one training batch for SignalJEPA_PreLocal.
[2026-05-06 11:17:20]     Result | best_epoch=27 | stop=50 | acc=0.5500 | bal_acc=0.5500 | pred_hist=[20, 20]

[2026-05-06 11:17:21] Fold 4/5 | subject=48
[2026-05-06 11:17:21]     Train windows:           160 | counts=[80, 80]
[2026-05-06 11:17:21]     Test windows:            40 | counts=[20, 20]
[2026-05-06 11:17:21]     Downstream model:        SignalJEPA_PreLocal
[2026-05-06 11:17:21]     Fine-tune strategy:      new
[2026-05-06 11:17:21]     Pretrained loading path: from_pretrained
[2026-05-06 11:17:21]     Pretrained repo:         braindecode/signal-jepa_without-chans
[2026-05-06 11:17:21]     Phase 1 (new):
[2026-05-06 11:17:21]       Trainable groups: ['spatial_conv.', 'final_layer.']
[2026-05-06 11:17:21]       Total params:     16,142
[2026-05-06 11:17:21]       Trainable params: 2,302
[2026-05-06 11:17:21]       Trainable pct:    14.26%
[2026-05-06 11:17:21]       Trainable parameter names: ['spatial_conv.1.weight', 'spatial_conv.1.bias', 'final_layer.1.weight', 'final_layer.1.bias']
[2026-05-06 11:17:21]     Sanity check passed: finite logits/loss on one training batch for SignalJEPA_PreLocal.
[2026-05-06 11:17:22]     Result | best_epoch=50 | stop=50 | acc=0.6500 | bal_acc=0.6500 | pred_hist=[20, 20]

[2026-05-06 11:17:23] Fold 5/5 | subject=48
[2026-05-06 11:17:23]     Train windows:           160 | counts=[80, 80]
[2026-05-06 11:17:23]     Test windows:            40 | counts=[20, 20]
[2026-05-06 11:17:23]     Downstream model:        SignalJEPA_PreLocal
[2026-05-06 11:17:23]     Fine-tune strategy:      new
[2026-05-06 11:17:23]     Pretrained loading path: from_pretrained
[2026-05-06 11:17:23]     Pretrained repo:         braindecode/signal-jepa_without-chans
[2026-05-06 11:17:23]     Phase 1 (new):
[2026-05-06 11:17:23]       Trainable groups: ['spatial_conv.', 'final_layer.']
[2026-05-06 11:17:23]       Total params:     16,142
[2026-05-06 11:17:23]       Trainable params: 2,302
[2026-05-06 11:17:23]       Trainable pct:    14.26%
[2026-05-06 11:17:23]       Trainable parameter names: ['spatial_conv.1.weight', 'spatial_conv.1.bias', 'final_layer.1.weight', 'final_layer.1.bias']
[2026-05-06 11:17:23]     Sanity check passed: finite logits/loss on one training batch for SignalJEPA_PreLocal.
[2026-05-06 11:17:25]     Result | best_epoch=49 | stop=50 | acc=0.7000 | bal_acc=0.7000 | pred_hist=[22, 18]
[2026-05-06 11:17:25]   Subject 48 summary: acc=0.6200±0.0600  bal_acc=0.6200±0.0600

[2026-05-06 11:17:25] Subject 49: 200 windows | class_counts=[100, 100]

[2026-05-06 11:17:26] Fold 1/5 | subject=49
[2026-05-06 11:17:26]     Train windows:           160 | counts=[80, 80]
[2026-05-06 11:17:26]     Test windows:            40 | counts=[20, 20]
[2026-05-06 11:17:26]     Downstream model:        SignalJEPA_PreLocal
[2026-05-06 11:17:26]     Fine-tune strategy:      new
[2026-05-06 11:17:26]     Pretrained loading path: from_pretrained
[2026-05-06 11:17:26]     Pretrained repo:         braindecode/signal-jepa_without-chans
[2026-05-06 11:17:26]     Phase 1 (new):
[2026-05-06 11:17:26]       Trainable groups: ['spatial_conv.', 'final_layer.']
[2026-05-06 11:17:26]       Total params:     16,142
[2026-05-06 11:17:26]       Trainable params: 2,302
[2026-05-06 11:17:26]       Trainable pct:    14.26%
[2026-05-06 11:17:26]       Trainable parameter names: ['spatial_conv.1.weight', 'spatial_conv.1.bias', 'final_layer.1.weight', 'final_layer.1.bias']
[2026-05-06 11:17:26]     Sanity check passed: finite logits/loss on one training batch for SignalJEPA_PreLocal.
[2026-05-06 11:17:28]     Result | best_epoch=50 | stop=50 | acc=0.6500 | bal_acc=0.6500 | pred_hist=[24, 16]

[2026-05-06 11:17:29] Fold 2/5 | subject=49
[2026-05-06 11:17:29]     Train windows:           160 | counts=[80, 80]
[2026-05-06 11:17:29]     Test windows:            40 | counts=[20, 20]
[2026-05-06 11:17:29]     Downstream model:        SignalJEPA_PreLocal
[2026-05-06 11:17:29]     Fine-tune strategy:      new
[2026-05-06 11:17:29]     Pretrained loading path: from_pretrained
[2026-05-06 11:17:29]     Pretrained repo:         braindecode/signal-jepa_without-chans
[2026-05-06 11:17:29]     Phase 1 (new):
[2026-05-06 11:17:29]       Trainable groups: ['spatial_conv.', 'final_layer.']
[2026-05-06 11:17:29]       Total params:     16,142
[2026-05-06 11:17:29]       Trainable params: 2,302
[2026-05-06 11:17:29]       Trainable pct:    14.26%
[2026-05-06 11:17:29]       Trainable parameter names: ['spatial_conv.1.weight', 'spatial_conv.1.bias', 'final_layer.1.weight', 'final_layer.1.bias']
[2026-05-06 11:17:29]     Sanity check passed: finite logits/loss on one training batch for SignalJEPA_PreLocal.
[2026-05-06 11:17:31]     Result | best_epoch=47 | stop=50 | acc=0.7500 | bal_acc=0.7500 | pred_hist=[22, 18]

[2026-05-06 11:17:32] Fold 3/5 | subject=49
[2026-05-06 11:17:32]     Train windows:           160 | counts=[80, 80]
[2026-05-06 11:17:32]     Test windows:            40 | counts=[20, 20]
[2026-05-06 11:17:32]     Downstream model:        SignalJEPA_PreLocal
[2026-05-06 11:17:32]     Fine-tune strategy:      new
[2026-05-06 11:17:32]     Pretrained loading path: from_pretrained
[2026-05-06 11:17:32]     Pretrained repo:         braindecode/signal-jepa_without-chans
[2026-05-06 11:17:32]     Phase 1 (new):
[2026-05-06 11:17:32]       Trainable groups: ['spatial_conv.', 'final_layer.']
[2026-05-06 11:17:32]       Total params:     16,142
[2026-05-06 11:17:32]       Trainable params: 2,302
[2026-05-06 11:17:32]       Trainable pct:    14.26%
[2026-05-06 11:17:32]       Trainable parameter names: ['spatial_conv.1.weight', 'spatial_conv.1.bias', 'final_layer.1.weight', 'final_layer.1.bias']
[2026-05-06 11:17:32]     Sanity check passed: finite logits/loss on one training batch for SignalJEPA_PreLocal.
[2026-05-06 11:17:34]     Result | best_epoch=50 | stop=50 | acc=0.6750 | bal_acc=0.6750 | pred_hist=[23, 17]

[2026-05-06 11:17:35] Fold 4/5 | subject=49
[2026-05-06 11:17:35]     Train windows:           160 | counts=[80, 80]
[2026-05-06 11:17:35]     Test windows:            40 | counts=[20, 20]
[2026-05-06 11:17:35]     Downstream model:        SignalJEPA_PreLocal
[2026-05-06 11:17:35]     Fine-tune strategy:      new
[2026-05-06 11:17:35]     Pretrained loading path: from_pretrained
[2026-05-06 11:17:35]     Pretrained repo:         braindecode/signal-jepa_without-chans
[2026-05-06 11:17:35]     Phase 1 (new):
[2026-05-06 11:17:35]       Trainable groups: ['spatial_conv.', 'final_layer.']
[2026-05-06 11:17:35]       Total params:     16,142
[2026-05-06 11:17:35]       Trainable params: 2,302
[2026-05-06 11:17:35]       Trainable pct:    14.26%
[2026-05-06 11:17:35]       Trainable parameter names: ['spatial_conv.1.weight', 'spatial_conv.1.bias', 'final_layer.1.weight', 'final_layer.1.bias']
[2026-05-06 11:17:35]     Sanity check passed: finite logits/loss on one training batch for SignalJEPA_PreLocal.
[2026-05-06 11:17:37]     Result | best_epoch=44 | stop=50 | acc=0.6750 | bal_acc=0.6750 | pred_hist=[23, 17]

[2026-05-06 11:17:38] Fold 5/5 | subject=49
[2026-05-06 11:17:38]     Train windows:           160 | counts=[80, 80]
[2026-05-06 11:17:38]     Test windows:            40 | counts=[20, 20]
[2026-05-06 11:17:38]     Downstream model:        SignalJEPA_PreLocal
[2026-05-06 11:17:38]     Fine-tune strategy:      new
[2026-05-06 11:17:38]     Pretrained loading path: from_pretrained
[2026-05-06 11:17:38]     Pretrained repo:         braindecode/signal-jepa_without-chans
[2026-05-06 11:17:38]     Phase 1 (new):
[2026-05-06 11:17:38]       Trainable groups: ['spatial_conv.', 'final_layer.']
[2026-05-06 11:17:38]       Total params:     16,142
[2026-05-06 11:17:38]       Trainable params: 2,302
[2026-05-06 11:17:38]       Trainable pct:    14.26%
[2026-05-06 11:17:38]       Trainable parameter names: ['spatial_conv.1.weight', 'spatial_conv.1.bias', 'final_layer.1.weight', 'final_layer.1.bias']
[2026-05-06 11:17:38]     Sanity check passed: finite logits/loss on one training batch for SignalJEPA_PreLocal.
[2026-05-06 11:17:40]     Result | best_epoch=50 | stop=50 | acc=0.6750 | bal_acc=0.6750 | pred_hist=[23, 17]
[2026-05-06 11:17:40]   Subject 49 summary: acc=0.6850±0.0339  bal_acc=0.6850±0.0339

[2026-05-06 11:17:40] Subject 50: 200 windows | class_counts=[100, 100]

[2026-05-06 11:17:41] Fold 1/5 | subject=50
[2026-05-06 11:17:41]     Train windows:           160 | counts=[80, 80]
[2026-05-06 11:17:41]     Test windows:            40 | counts=[20, 20]
[2026-05-06 11:17:41]     Downstream model:        SignalJEPA_PreLocal
[2026-05-06 11:17:41]     Fine-tune strategy:      new
[2026-05-06 11:17:41]     Pretrained loading path: from_pretrained
[2026-05-06 11:17:41]     Pretrained repo:         braindecode/signal-jepa_without-chans
[2026-05-06 11:17:41]     Phase 1 (new):
[2026-05-06 11:17:41]       Trainable groups: ['spatial_conv.', 'final_layer.']
[2026-05-06 11:17:41]       Total params:     16,142
[2026-05-06 11:17:41]       Trainable params: 2,302
[2026-05-06 11:17:41]       Trainable pct:    14.26%
[2026-05-06 11:17:41]       Trainable parameter names: ['spatial_conv.1.weight', 'spatial_conv.1.bias', 'final_layer.1.weight', 'final_layer.1.bias']
[2026-05-06 11:17:41]     Sanity check passed: finite logits/loss on one training batch for SignalJEPA_PreLocal.
[2026-05-06 11:17:42]     Result | best_epoch=50 | stop=50 | acc=0.6500 | bal_acc=0.6500 | pred_hist=[22, 18]

[2026-05-06 11:17:42] Fold 2/5 | subject=50
[2026-05-06 11:17:42]     Train windows:           160 | counts=[80, 80]
[2026-05-06 11:17:42]     Test windows:            40 | counts=[20, 20]
[2026-05-06 11:17:42]     Downstream model:        SignalJEPA_PreLocal
[2026-05-06 11:17:42]     Fine-tune strategy:      new
[2026-05-06 11:17:42]     Pretrained loading path: from_pretrained
[2026-05-06 11:17:42]     Pretrained repo:         braindecode/signal-jepa_without-chans
[2026-05-06 11:17:42]     Phase 1 (new):
[2026-05-06 11:17:42]       Trainable groups: ['spatial_conv.', 'final_layer.']
[2026-05-06 11:17:42]       Total params:     16,142
[2026-05-06 11:17:42]       Trainable params: 2,302
[2026-05-06 11:17:42]       Trainable pct:    14.26%
[2026-05-06 11:17:42]       Trainable parameter names: ['spatial_conv.1.weight', 'spatial_conv.1.bias', 'final_layer.1.weight', 'final_layer.1.bias']
[2026-05-06 11:17:42]     Sanity check passed: finite logits/loss on one training batch for SignalJEPA_PreLocal.
[2026-05-06 11:17:43]     Result | best_epoch=47 | stop=50 | acc=0.5750 | bal_acc=0.5750 | pred_hist=[15, 25]

[2026-05-06 11:17:44] Fold 3/5 | subject=50
[2026-05-06 11:17:44]     Train windows:           160 | counts=[80, 80]
[2026-05-06 11:17:44]     Test windows:            40 | counts=[20, 20]
[2026-05-06 11:17:44]     Downstream model:        SignalJEPA_PreLocal
[2026-05-06 11:17:44]     Fine-tune strategy:      new
[2026-05-06 11:17:44]     Pretrained loading path: from_pretrained
[2026-05-06 11:17:44]     Pretrained repo:         braindecode/signal-jepa_without-chans
[2026-05-06 11:17:44]     Phase 1 (new):
[2026-05-06 11:17:44]       Trainable groups: ['spatial_conv.', 'final_layer.']
[2026-05-06 11:17:44]       Total params:     16,142
[2026-05-06 11:17:44]       Trainable params: 2,302
[2026-05-06 11:17:44]       Trainable pct:    14.26%
[2026-05-06 11:17:44]       Trainable parameter names: ['spatial_conv.1.weight', 'spatial_conv.1.bias', 'final_layer.1.weight', 'final_layer.1.bias']
[2026-05-06 11:17:44]     Sanity check passed: finite logits/loss on one training batch for SignalJEPA_PreLocal.
[2026-05-06 11:17:46]     Result | best_epoch=1 | stop=50 | acc=0.6750 | bal_acc=0.6750 | pred_hist=[21, 19]

[2026-05-06 11:17:47] Fold 4/5 | subject=50
[2026-05-06 11:17:47]     Train windows:           160 | counts=[80, 80]
[2026-05-06 11:17:47]     Test windows:            40 | counts=[20, 20]
[2026-05-06 11:17:47]     Downstream model:        SignalJEPA_PreLocal
[2026-05-06 11:17:47]     Fine-tune strategy:      new
[2026-05-06 11:17:47]     Pretrained loading path: from_pretrained
[2026-05-06 11:17:47]     Pretrained repo:         braindecode/signal-jepa_without-chans
[2026-05-06 11:17:47]     Phase 1 (new):
[2026-05-06 11:17:47]       Trainable groups: ['spatial_conv.', 'final_layer.']
[2026-05-06 11:17:47]       Total params:     16,142
[2026-05-06 11:17:47]       Trainable params: 2,302
[2026-05-06 11:17:47]       Trainable pct:    14.26%
[2026-05-06 11:17:47]       Trainable parameter names: ['spatial_conv.1.weight', 'spatial_conv.1.bias', 'final_layer.1.weight', 'final_layer.1.bias']
[2026-05-06 11:17:47]     Sanity check passed: finite logits/loss on one training batch for SignalJEPA_PreLocal.
[2026-05-06 11:17:49]     Result | best_epoch=47 | stop=50 | acc=0.3500 | bal_acc=0.3500 | pred_hist=[18, 22]

[2026-05-06 11:17:49] Fold 5/5 | subject=50
[2026-05-06 11:17:49]     Train windows:           160 | counts=[80, 80]
[2026-05-06 11:17:49]     Test windows:            40 | counts=[20, 20]
[2026-05-06 11:17:49]     Downstream model:        SignalJEPA_PreLocal
[2026-05-06 11:17:49]     Fine-tune strategy:      new
[2026-05-06 11:17:49]     Pretrained loading path: from_pretrained
[2026-05-06 11:17:49]     Pretrained repo:         braindecode/signal-jepa_without-chans
[2026-05-06 11:17:49]     Phase 1 (new):
[2026-05-06 11:17:49]       Trainable groups: ['spatial_conv.', 'final_layer.']
[2026-05-06 11:17:49]       Total params:     16,142
[2026-05-06 11:17:49]       Trainable params: 2,302
[2026-05-06 11:17:49]       Trainable pct:    14.26%
[2026-05-06 11:17:49]       Trainable parameter names: ['spatial_conv.1.weight', 'spatial_conv.1.bias', 'final_layer.1.weight', 'final_layer.1.bias']
[2026-05-06 11:17:49]     Sanity check passed: finite logits/loss on one training batch for SignalJEPA_PreLocal.
[2026-05-06 11:17:50]     Result | best_epoch=1 | stop=50 | acc=0.5500 | bal_acc=0.5500 | pred_hist=[22, 18]
[2026-05-06 11:17:50]   Subject 50 summary: acc=0.5600±0.1147  bal_acc=0.5600±0.1147

[2026-05-06 11:17:50] Subject 51: 200 windows | class_counts=[100, 100]

[2026-05-06 11:17:51] Fold 1/5 | subject=51
[2026-05-06 11:17:51]     Train windows:           160 | counts=[80, 80]
[2026-05-06 11:17:51]     Test windows:            40 | counts=[20, 20]
[2026-05-06 11:17:51]     Downstream model:        SignalJEPA_PreLocal
[2026-05-06 11:17:51]     Fine-tune strategy:      new
[2026-05-06 11:17:51]     Pretrained loading path: from_pretrained
[2026-05-06 11:17:51]     Pretrained repo:         braindecode/signal-jepa_without-chans
[2026-05-06 11:17:51]     Phase 1 (new):
[2026-05-06 11:17:51]       Trainable groups: ['spatial_conv.', 'final_layer.']
[2026-05-06 11:17:51]       Total params:     16,142
[2026-05-06 11:17:51]       Trainable params: 2,302
[2026-05-06 11:17:51]       Trainable pct:    14.26%
[2026-05-06 11:17:51]       Trainable parameter names: ['spatial_conv.1.weight', 'spatial_conv.1.bias', 'final_layer.1.weight', 'final_layer.1.bias']
[2026-05-06 11:17:51]     Sanity check passed: finite logits/loss on one training batch for SignalJEPA_PreLocal.
[2026-05-06 11:17:53]     Result | best_epoch=1 | stop=50 | acc=0.6500 | bal_acc=0.6500 | pred_hist=[20, 20]

[2026-05-06 11:17:53] Fold 2/5 | subject=51
[2026-05-06 11:17:53]     Train windows:           160 | counts=[80, 80]
[2026-05-06 11:17:53]     Test windows:            40 | counts=[20, 20]
[2026-05-06 11:17:53]     Downstream model:        SignalJEPA_PreLocal
[2026-05-06 11:17:53]     Fine-tune strategy:      new
[2026-05-06 11:17:53]     Pretrained loading path: from_pretrained
[2026-05-06 11:17:53]     Pretrained repo:         braindecode/signal-jepa_without-chans
[2026-05-06 11:17:53]     Phase 1 (new):
[2026-05-06 11:17:53]       Trainable groups: ['spatial_conv.', 'final_layer.']
[2026-05-06 11:17:53]       Total params:     16,142
[2026-05-06 11:17:53]       Trainable params: 2,302
[2026-05-06 11:17:53]       Trainable pct:    14.26%
[2026-05-06 11:17:53]       Trainable parameter names: ['spatial_conv.1.weight', 'spatial_conv.1.bias', 'final_layer.1.weight', 'final_layer.1.bias']
[2026-05-06 11:17:53]     Sanity check passed: finite logits/loss on one training batch for SignalJEPA_PreLocal.
[2026-05-06 11:17:56]     Result | best_epoch=16 | stop=50 | acc=0.5750 | bal_acc=0.5750 | pred_hist=[23, 17]

[2026-05-06 11:17:56] Fold 3/5 | subject=51
[2026-05-06 11:17:56]     Train windows:           160 | counts=[80, 80]
[2026-05-06 11:17:56]     Test windows:            40 | counts=[20, 20]
[2026-05-06 11:17:56]     Downstream model:        SignalJEPA_PreLocal
[2026-05-06 11:17:56]     Fine-tune strategy:      new
[2026-05-06 11:17:56]     Pretrained loading path: from_pretrained
[2026-05-06 11:17:56]     Pretrained repo:         braindecode/signal-jepa_without-chans
[2026-05-06 11:17:56]     Phase 1 (new):
[2026-05-06 11:17:56]       Trainable groups: ['spatial_conv.', 'final_layer.']
[2026-05-06 11:17:56]       Total params:     16,142
[2026-05-06 11:17:56]       Trainable params: 2,302
[2026-05-06 11:17:56]       Trainable pct:    14.26%
[2026-05-06 11:17:56]       Trainable parameter names: ['spatial_conv.1.weight', 'spatial_conv.1.bias', 'final_layer.1.weight', 'final_layer.1.bias']
[2026-05-06 11:17:56]     Sanity check passed: finite logits/loss on one training batch for SignalJEPA_PreLocal.
[2026-05-06 11:17:59]     Result | best_epoch=1 | stop=50 | acc=0.4750 | bal_acc=0.4750 | pred_hist=[15, 25]

[2026-05-06 11:17:59] Fold 4/5 | subject=51
[2026-05-06 11:17:59]     Train windows:           160 | counts=[80, 80]
[2026-05-06 11:17:59]     Test windows:            40 | counts=[20, 20]
[2026-05-06 11:17:59]     Downstream model:        SignalJEPA_PreLocal
[2026-05-06 11:17:59]     Fine-tune strategy:      new
[2026-05-06 11:17:59]     Pretrained loading path: from_pretrained
[2026-05-06 11:17:59]     Pretrained repo:         braindecode/signal-jepa_without-chans
[2026-05-06 11:17:59]     Phase 1 (new):
[2026-05-06 11:17:59]       Trainable groups: ['spatial_conv.', 'final_layer.']
[2026-05-06 11:17:59]       Total params:     16,142
[2026-05-06 11:17:59]       Trainable params: 2,302
[2026-05-06 11:17:59]       Trainable pct:    14.26%
[2026-05-06 11:17:59]       Trainable parameter names: ['spatial_conv.1.weight', 'spatial_conv.1.bias', 'final_layer.1.weight', 'final_layer.1.bias']
[2026-05-06 11:17:59]     Sanity check passed: finite logits/loss on one training batch for SignalJEPA_PreLocal.
[2026-05-06 11:18:02]     Result | best_epoch=28 | stop=50 | acc=0.6000 | bal_acc=0.6000 | pred_hist=[14, 26]

[2026-05-06 11:18:02] Fold 5/5 | subject=51
[2026-05-06 11:18:02]     Train windows:           160 | counts=[80, 80]
[2026-05-06 11:18:02]     Test windows:            40 | counts=[20, 20]
[2026-05-06 11:18:02]     Downstream model:        SignalJEPA_PreLocal
[2026-05-06 11:18:02]     Fine-tune strategy:      new
[2026-05-06 11:18:02]     Pretrained loading path: from_pretrained
[2026-05-06 11:18:02]     Pretrained repo:         braindecode/signal-jepa_without-chans
[2026-05-06 11:18:02]     Phase 1 (new):
[2026-05-06 11:18:02]       Trainable groups: ['spatial_conv.', 'final_layer.']
[2026-05-06 11:18:02]       Total params:     16,142
[2026-05-06 11:18:02]       Trainable params: 2,302
[2026-05-06 11:18:02]       Trainable pct:    14.26%
[2026-05-06 11:18:02]       Trainable parameter names: ['spatial_conv.1.weight', 'spatial_conv.1.bias', 'final_layer.1.weight', 'final_layer.1.bias']
[2026-05-06 11:18:02]     Sanity check passed: finite logits/loss on one training batch for SignalJEPA_PreLocal.
[2026-05-06 11:18:04]     Result | best_epoch=14 | stop=50 | acc=0.5000 | bal_acc=0.5000 | pred_hist=[28, 12]
[2026-05-06 11:18:04]   Subject 51 summary: acc=0.5600±0.0644  bal_acc=0.5600±0.0644

[2026-05-06 11:18:04] Subject 52: 200 windows | class_counts=[100, 100]

[2026-05-06 11:18:05] Fold 1/5 | subject=52
[2026-05-06 11:18:05]     Train windows:           160 | counts=[80, 80]
[2026-05-06 11:18:05]     Test windows:            40 | counts=[20, 20]
[2026-05-06 11:18:05]     Downstream model:        SignalJEPA_PreLocal
[2026-05-06 11:18:05]     Fine-tune strategy:      new
[2026-05-06 11:18:05]     Pretrained loading path: from_pretrained
[2026-05-06 11:18:05]     Pretrained repo:         braindecode/signal-jepa_without-chans
[2026-05-06 11:18:05]     Phase 1 (new):
[2026-05-06 11:18:05]       Trainable groups: ['spatial_conv.', 'final_layer.']
[2026-05-06 11:18:05]       Total params:     16,142
[2026-05-06 11:18:05]       Trainable params: 2,302
[2026-05-06 11:18:05]       Trainable pct:    14.26%
[2026-05-06 11:18:05]       Trainable parameter names: ['spatial_conv.1.weight', 'spatial_conv.1.bias', 'final_layer.1.weight', 'final_layer.1.bias']
[2026-05-06 11:18:05]     Sanity check passed: finite logits/loss on one training batch for SignalJEPA_PreLocal.
[2026-05-06 11:18:07]     Result | best_epoch=49 | stop=50 | acc=0.5750 | bal_acc=0.5750 | pred_hist=[25, 15]

[2026-05-06 11:18:08] Fold 2/5 | subject=52
[2026-05-06 11:18:08]     Train windows:           160 | counts=[80, 80]
[2026-05-06 11:18:08]     Test windows:            40 | counts=[20, 20]
[2026-05-06 11:18:08]     Downstream model:        SignalJEPA_PreLocal
[2026-05-06 11:18:08]     Fine-tune strategy:      new
[2026-05-06 11:18:08]     Pretrained loading path: from_pretrained
[2026-05-06 11:18:08]     Pretrained repo:         braindecode/signal-jepa_without-chans
[2026-05-06 11:18:08]     Phase 1 (new):
[2026-05-06 11:18:08]       Trainable groups: ['spatial_conv.', 'final_layer.']
[2026-05-06 11:18:08]       Total params:     16,142
[2026-05-06 11:18:08]       Trainable params: 2,302
[2026-05-06 11:18:08]       Trainable pct:    14.26%
[2026-05-06 11:18:08]       Trainable parameter names: ['spatial_conv.1.weight', 'spatial_conv.1.bias', 'final_layer.1.weight', 'final_layer.1.bias']
[2026-05-06 11:18:08]     Sanity check passed: finite logits/loss on one training batch for SignalJEPA_PreLocal.
[2026-05-06 11:18:10]     Result | best_epoch=29 | stop=50 | acc=0.5750 | bal_acc=0.5750 | pred_hist=[17, 23]

[2026-05-06 11:18:11] Fold 3/5 | subject=52
[2026-05-06 11:18:11]     Train windows:           160 | counts=[80, 80]
[2026-05-06 11:18:11]     Test windows:            40 | counts=[20, 20]
[2026-05-06 11:18:11]     Downstream model:        SignalJEPA_PreLocal
[2026-05-06 11:18:11]     Fine-tune strategy:      new
[2026-05-06 11:18:11]     Pretrained loading path: from_pretrained
[2026-05-06 11:18:11]     Pretrained repo:         braindecode/signal-jepa_without-chans
[2026-05-06 11:18:11]     Phase 1 (new):
[2026-05-06 11:18:11]       Trainable groups: ['spatial_conv.', 'final_layer.']
[2026-05-06 11:18:11]       Total params:     16,142
[2026-05-06 11:18:11]       Trainable params: 2,302
[2026-05-06 11:18:11]       Trainable pct:    14.26%
[2026-05-06 11:18:11]       Trainable parameter names: ['spatial_conv.1.weight', 'spatial_conv.1.bias', 'final_layer.1.weight', 'final_layer.1.bias']
[2026-05-06 11:18:11]     Sanity check passed: finite logits/loss on one training batch for SignalJEPA_PreLocal.
[2026-05-06 11:18:13]     Result | best_epoch=50 | stop=50 | acc=0.5750 | bal_acc=0.5750 | pred_hist=[23, 17]

[2026-05-06 11:18:14] Fold 4/5 | subject=52
[2026-05-06 11:18:14]     Train windows:           160 | counts=[80, 80]
[2026-05-06 11:18:14]     Test windows:            40 | counts=[20, 20]
[2026-05-06 11:18:14]     Downstream model:        SignalJEPA_PreLocal
[2026-05-06 11:18:14]     Fine-tune strategy:      new
[2026-05-06 11:18:14]     Pretrained loading path: from_pretrained
[2026-05-06 11:18:14]     Pretrained repo:         braindecode/signal-jepa_without-chans
[2026-05-06 11:18:14]     Phase 1 (new):
[2026-05-06 11:18:14]       Trainable groups: ['spatial_conv.', 'final_layer.']
[2026-05-06 11:18:14]       Total params:     16,142
[2026-05-06 11:18:14]       Trainable params: 2,302
[2026-05-06 11:18:14]       Trainable pct:    14.26%
[2026-05-06 11:18:14]       Trainable parameter names: ['spatial_conv.1.weight', 'spatial_conv.1.bias', 'final_layer.1.weight', 'final_layer.1.bias']
[2026-05-06 11:18:14]     Sanity check passed: finite logits/loss on one training batch for SignalJEPA_PreLocal.
[2026-05-06 11:18:17]     Result | best_epoch=50 | stop=50 | acc=0.7250 | bal_acc=0.7250 | pred_hist=[23, 17]

[2026-05-06 11:18:17] Fold 5/5 | subject=52
[2026-05-06 11:18:17]     Train windows:           160 | counts=[80, 80]
[2026-05-06 11:18:17]     Test windows:            40 | counts=[20, 20]
[2026-05-06 11:18:17]     Downstream model:        SignalJEPA_PreLocal
[2026-05-06 11:18:17]     Fine-tune strategy:      new
[2026-05-06 11:18:17]     Pretrained loading path: from_pretrained
[2026-05-06 11:18:17]     Pretrained repo:         braindecode/signal-jepa_without-chans
[2026-05-06 11:18:17]     Phase 1 (new):
[2026-05-06 11:18:17]       Trainable groups: ['spatial_conv.', 'final_layer.']
[2026-05-06 11:18:17]       Total params:     16,142
[2026-05-06 11:18:17]       Trainable params: 2,302
[2026-05-06 11:18:17]       Trainable pct:    14.26%
[2026-05-06 11:18:17]       Trainable parameter names: ['spatial_conv.1.weight', 'spatial_conv.1.bias', 'final_layer.1.weight', 'final_layer.1.bias']
[2026-05-06 11:18:17]     Sanity check passed: finite logits/loss on one training batch for SignalJEPA_PreLocal.
[2026-05-06 11:18:20]     Result | best_epoch=1 | stop=50 | acc=0.5000 | bal_acc=0.5000 | pred_hist=[22, 18]
[2026-05-06 11:18:20]   Subject 52 summary: acc=0.5900±0.0735  bal_acc=0.5900±0.0735

[2026-05-06 11:18:20] Subject 53: 200 windows | class_counts=[100, 100]

[2026-05-06 11:18:20] Fold 1/5 | subject=53
[2026-05-06 11:18:20]     Train windows:           160 | counts=[80, 80]
[2026-05-06 11:18:20]     Test windows:            40 | counts=[20, 20]
[2026-05-06 11:18:20]     Downstream model:        SignalJEPA_PreLocal
[2026-05-06 11:18:20]     Fine-tune strategy:      new
[2026-05-06 11:18:20]     Pretrained loading path: from_pretrained
[2026-05-06 11:18:20]     Pretrained repo:         braindecode/signal-jepa_without-chans
[2026-05-06 11:18:20]     Phase 1 (new):
[2026-05-06 11:18:20]       Trainable groups: ['spatial_conv.', 'final_layer.']
[2026-05-06 11:18:20]       Total params:     16,142
[2026-05-06 11:18:20]       Trainable params: 2,302
[2026-05-06 11:18:20]       Trainable pct:    14.26%
[2026-05-06 11:18:20]       Trainable parameter names: ['spatial_conv.1.weight', 'spatial_conv.1.bias', 'final_layer.1.weight', 'final_layer.1.bias']
[2026-05-06 11:18:20]     Sanity check passed: finite logits/loss on one training batch for SignalJEPA_PreLocal.
[2026-05-06 11:18:22]     Result | best_epoch=50 | stop=50 | acc=0.8000 | bal_acc=0.8000 | pred_hist=[24, 16]

[2026-05-06 11:18:23] Fold 2/5 | subject=53
[2026-05-06 11:18:23]     Train windows:           160 | counts=[80, 80]
[2026-05-06 11:18:23]     Test windows:            40 | counts=[20, 20]
[2026-05-06 11:18:23]     Downstream model:        SignalJEPA_PreLocal
[2026-05-06 11:18:23]     Fine-tune strategy:      new
[2026-05-06 11:18:23]     Pretrained loading path: from_pretrained
[2026-05-06 11:18:23]     Pretrained repo:         braindecode/signal-jepa_without-chans
[2026-05-06 11:18:23]     Phase 1 (new):
[2026-05-06 11:18:23]       Trainable groups: ['spatial_conv.', 'final_layer.']
[2026-05-06 11:18:23]       Total params:     16,142
[2026-05-06 11:18:23]       Trainable params: 2,302
[2026-05-06 11:18:23]       Trainable pct:    14.26%
[2026-05-06 11:18:23]       Trainable parameter names: ['spatial_conv.1.weight', 'spatial_conv.1.bias', 'final_layer.1.weight', 'final_layer.1.bias']
[2026-05-06 11:18:23]     Sanity check passed: finite logits/loss on one training batch for SignalJEPA_PreLocal.
[2026-05-06 11:18:25]     Result | best_epoch=48 | stop=50 | acc=0.7250 | bal_acc=0.7250 | pred_hist=[17, 23]

[2026-05-06 11:18:26] Fold 3/5 | subject=53
[2026-05-06 11:18:26]     Train windows:           160 | counts=[80, 80]
[2026-05-06 11:18:26]     Test windows:            40 | counts=[20, 20]
[2026-05-06 11:18:26]     Downstream model:        SignalJEPA_PreLocal
[2026-05-06 11:18:26]     Fine-tune strategy:      new
[2026-05-06 11:18:26]     Pretrained loading path: from_pretrained
[2026-05-06 11:18:26]     Pretrained repo:         braindecode/signal-jepa_without-chans
[2026-05-06 11:18:26]     Phase 1 (new):
[2026-05-06 11:18:26]       Trainable groups: ['spatial_conv.', 'final_layer.']
[2026-05-06 11:18:26]       Total params:     16,142
[2026-05-06 11:18:26]       Trainable params: 2,302
[2026-05-06 11:18:26]       Trainable pct:    14.26%
[2026-05-06 11:18:26]       Trainable parameter names: ['spatial_conv.1.weight', 'spatial_conv.1.bias', 'final_layer.1.weight', 'final_layer.1.bias']
[2026-05-06 11:18:26]     Sanity check passed: finite logits/loss on one training batch for SignalJEPA_PreLocal.
[2026-05-06 11:18:28]     Result | best_epoch=50 | stop=50 | acc=0.6500 | bal_acc=0.6500 | pred_hist=[18, 22]

[2026-05-06 11:18:29] Fold 4/5 | subject=53
[2026-05-06 11:18:29]     Train windows:           160 | counts=[80, 80]
[2026-05-06 11:18:29]     Test windows:            40 | counts=[20, 20]
[2026-05-06 11:18:29]     Downstream model:        SignalJEPA_PreLocal
[2026-05-06 11:18:29]     Fine-tune strategy:      new
[2026-05-06 11:18:29]     Pretrained loading path: from_pretrained
[2026-05-06 11:18:29]     Pretrained repo:         braindecode/signal-jepa_without-chans
[2026-05-06 11:18:29]     Phase 1 (new):
[2026-05-06 11:18:29]       Trainable groups: ['spatial_conv.', 'final_layer.']
[2026-05-06 11:18:29]       Total params:     16,142
[2026-05-06 11:18:29]       Trainable params: 2,302
[2026-05-06 11:18:29]       Trainable pct:    14.26%
[2026-05-06 11:18:29]       Trainable parameter names: ['spatial_conv.1.weight', 'spatial_conv.1.bias', 'final_layer.1.weight', 'final_layer.1.bias']
[2026-05-06 11:18:29]     Sanity check passed: finite logits/loss on one training batch for SignalJEPA_PreLocal.
[2026-05-06 11:18:31]     Result | best_epoch=48 | stop=50 | acc=0.7250 | bal_acc=0.7250 | pred_hist=[25, 15]

[2026-05-06 11:18:32] Fold 5/5 | subject=53
[2026-05-06 11:18:32]     Train windows:           160 | counts=[80, 80]
[2026-05-06 11:18:32]     Test windows:            40 | counts=[20, 20]
[2026-05-06 11:18:32]     Downstream model:        SignalJEPA_PreLocal
[2026-05-06 11:18:32]     Fine-tune strategy:      new
[2026-05-06 11:18:32]     Pretrained loading path: from_pretrained
[2026-05-06 11:18:32]     Pretrained repo:         braindecode/signal-jepa_without-chans
[2026-05-06 11:18:32]     Phase 1 (new):
[2026-05-06 11:18:32]       Trainable groups: ['spatial_conv.', 'final_layer.']
[2026-05-06 11:18:32]       Total params:     16,142
[2026-05-06 11:18:32]       Trainable params: 2,302
[2026-05-06 11:18:32]       Trainable pct:    14.26%
[2026-05-06 11:18:32]       Trainable parameter names: ['spatial_conv.1.weight', 'spatial_conv.1.bias', 'final_layer.1.weight', 'final_layer.1.bias']
[2026-05-06 11:18:32]     Sanity check passed: finite logits/loss on one training batch for SignalJEPA_PreLocal.
[2026-05-06 11:18:34]     Result | best_epoch=48 | stop=50 | acc=0.6750 | bal_acc=0.6750 | pred_hist=[15, 25]
[2026-05-06 11:18:34]   Subject 53 summary: acc=0.7150±0.0515  bal_acc=0.7150±0.0515

[2026-05-06 11:18:34] Subject 54: 200 windows | class_counts=[100, 100]

[2026-05-06 11:18:35] Fold 1/5 | subject=54
[2026-05-06 11:18:35]     Train windows:           160 | counts=[80, 80]
[2026-05-06 11:18:35]     Test windows:            40 | counts=[20, 20]
[2026-05-06 11:18:35]     Downstream model:        SignalJEPA_PreLocal
[2026-05-06 11:18:35]     Fine-tune strategy:      new
[2026-05-06 11:18:35]     Pretrained loading path: from_pretrained
[2026-05-06 11:18:35]     Pretrained repo:         braindecode/signal-jepa_without-chans
[2026-05-06 11:18:35]     Phase 1 (new):
[2026-05-06 11:18:35]       Trainable groups: ['spatial_conv.', 'final_layer.']
[2026-05-06 11:18:35]       Total params:     16,142
[2026-05-06 11:18:35]       Trainable params: 2,302
[2026-05-06 11:18:35]       Trainable pct:    14.26%
[2026-05-06 11:18:35]       Trainable parameter names: ['spatial_conv.1.weight', 'spatial_conv.1.bias', 'final_layer.1.weight', 'final_layer.1.bias']
[2026-05-06 11:18:35]     Sanity check passed: finite logits/loss on one training batch for SignalJEPA_PreLocal.
[2026-05-06 11:18:37]     Result | best_epoch=22 | stop=50 | acc=0.5000 | bal_acc=0.5000 | pred_hist=[18, 22]

[2026-05-06 11:18:38] Fold 2/5 | subject=54
[2026-05-06 11:18:38]     Train windows:           160 | counts=[80, 80]
[2026-05-06 11:18:38]     Test windows:            40 | counts=[20, 20]
[2026-05-06 11:18:38]     Downstream model:        SignalJEPA_PreLocal
[2026-05-06 11:18:38]     Fine-tune strategy:      new
[2026-05-06 11:18:38]     Pretrained loading path: from_pretrained
[2026-05-06 11:18:38]     Pretrained repo:         braindecode/signal-jepa_without-chans
[2026-05-06 11:18:38]     Phase 1 (new):
[2026-05-06 11:18:38]       Trainable groups: ['spatial_conv.', 'final_layer.']
[2026-05-06 11:18:38]       Total params:     16,142
[2026-05-06 11:18:38]       Trainable params: 2,302
[2026-05-06 11:18:38]       Trainable pct:    14.26%
[2026-05-06 11:18:38]       Trainable parameter names: ['spatial_conv.1.weight', 'spatial_conv.1.bias', 'final_layer.1.weight', 'final_layer.1.bias']
[2026-05-06 11:18:38]     Sanity check passed: finite logits/loss on one training batch for SignalJEPA_PreLocal.
[2026-05-06 11:18:41]     Result | best_epoch=16 | stop=50 | acc=0.4750 | bal_acc=0.4750 | pred_hist=[19, 21]

[2026-05-06 11:18:41] Fold 3/5 | subject=54
[2026-05-06 11:18:41]     Train windows:           160 | counts=[80, 80]
[2026-05-06 11:18:41]     Test windows:            40 | counts=[20, 20]
[2026-05-06 11:18:41]     Downstream model:        SignalJEPA_PreLocal
[2026-05-06 11:18:41]     Fine-tune strategy:      new
[2026-05-06 11:18:41]     Pretrained loading path: from_pretrained
[2026-05-06 11:18:41]     Pretrained repo:         braindecode/signal-jepa_without-chans
[2026-05-06 11:18:41]     Phase 1 (new):
[2026-05-06 11:18:41]       Trainable groups: ['spatial_conv.', 'final_layer.']
[2026-05-06 11:18:41]       Total params:     16,142
[2026-05-06 11:18:41]       Trainable params: 2,302
[2026-05-06 11:18:41]       Trainable pct:    14.26%
[2026-05-06 11:18:41]       Trainable parameter names: ['spatial_conv.1.weight', 'spatial_conv.1.bias', 'final_layer.1.weight', 'final_layer.1.bias']
[2026-05-06 11:18:41]     Sanity check passed: finite logits/loss on one training batch for SignalJEPA_PreLocal.
[2026-05-06 11:18:43]     Result | best_epoch=49 | stop=50 | acc=0.5500 | bal_acc=0.5500 | pred_hist=[18, 22]

[2026-05-06 11:18:44] Fold 4/5 | subject=54
[2026-05-06 11:18:44]     Train windows:           160 | counts=[80, 80]
[2026-05-06 11:18:44]     Test windows:            40 | counts=[20, 20]
[2026-05-06 11:18:44]     Downstream model:        SignalJEPA_PreLocal
[2026-05-06 11:18:44]     Fine-tune strategy:      new
[2026-05-06 11:18:44]     Pretrained loading path: from_pretrained
[2026-05-06 11:18:44]     Pretrained repo:         braindecode/signal-jepa_without-chans
[2026-05-06 11:18:44]     Phase 1 (new):
[2026-05-06 11:18:44]       Trainable groups: ['spatial_conv.', 'final_layer.']
[2026-05-06 11:18:44]       Total params:     16,142
[2026-05-06 11:18:44]       Trainable params: 2,302
[2026-05-06 11:18:44]       Trainable pct:    14.26%
[2026-05-06 11:18:44]       Trainable parameter names: ['spatial_conv.1.weight', 'spatial_conv.1.bias', 'final_layer.1.weight', 'final_layer.1.bias']
[2026-05-06 11:18:44]     Sanity check passed: finite logits/loss on one training batch for SignalJEPA_PreLocal.
[2026-05-06 11:18:47]     Result | best_epoch=50 | stop=50 | acc=0.7250 | bal_acc=0.7250 | pred_hist=[15, 25]

[2026-05-06 11:18:47] Fold 5/5 | subject=54
[2026-05-06 11:18:47]     Train windows:           160 | counts=[80, 80]
[2026-05-06 11:18:47]     Test windows:            40 | counts=[20, 20]
[2026-05-06 11:18:47]     Downstream model:        SignalJEPA_PreLocal
[2026-05-06 11:18:47]     Fine-tune strategy:      new
[2026-05-06 11:18:47]     Pretrained loading path: from_pretrained
[2026-05-06 11:18:47]     Pretrained repo:         braindecode/signal-jepa_without-chans
[2026-05-06 11:18:47]     Phase 1 (new):
[2026-05-06 11:18:47]       Trainable groups: ['spatial_conv.', 'final_layer.']
[2026-05-06 11:18:47]       Total params:     16,142
[2026-05-06 11:18:47]       Trainable params: 2,302
[2026-05-06 11:18:47]       Trainable pct:    14.26%
[2026-05-06 11:18:47]       Trainable parameter names: ['spatial_conv.1.weight', 'spatial_conv.1.bias', 'final_layer.1.weight', 'final_layer.1.bias']
[2026-05-06 11:18:47]     Sanity check passed: finite logits/loss on one training batch for SignalJEPA_PreLocal.
[2026-05-06 11:18:50]     Result | best_epoch=50 | stop=50 | acc=0.6500 | bal_acc=0.6500 | pred_hist=[16, 24]
[2026-05-06 11:18:50]   Subject 54 summary: acc=0.5800±0.0941  bal_acc=0.5800±0.0941

[2026-05-06 11:18:50] Total folds completed: 35
[2026-05-06 11:18:50] ======================================================================
[2026-05-06 11:18:50] AGGREGATED RESULTS
[2026-05-06 11:18:50] ======================================================================
[2026-05-06 11:18:50]   48: acc=0.6200±0.0600  bal_acc=0.6200±0.0600
[2026-05-06 11:18:50]   49: acc=0.6850±0.0339  bal_acc=0.6850±0.0339
[2026-05-06 11:18:50]   50: acc=0.5600±0.1147  bal_acc=0.5600±0.1147
[2026-05-06 11:18:50]   51: acc=0.5600±0.0644  bal_acc=0.5600±0.0644
[2026-05-06 11:18:50]   52: acc=0.5900±0.0735  bal_acc=0.5900±0.0735
[2026-05-06 11:18:50]   53: acc=0.7150±0.0515  bal_acc=0.7150±0.0515
[2026-05-06 11:18:50]   54: acc=0.5800±0.0941  bal_acc=0.5800±0.0941
[2026-05-06 11:18:50] ----------------------------------------------------------------------
[2026-05-06 11:18:50]   OVERALL: acc=0.6157±0.0939  bal_acc=0.6157±0.0939
[2026-05-06 11:18:50] ======================================================================

[2026-05-06 11:18:50] ======================================================================
[2026-05-06 11:18:50] EXPERIMENT SUMMARY
[2026-05-06 11:18:50] ======================================================================
[2026-05-06 11:18:50] Run ID:                 20260506_1117_5cd9df24
[2026-05-06 11:18:50] Dataset:                Lee2019_MI
[2026-05-06 11:18:50] Labels kept:            ['left_hand', 'right_hand']
[2026-05-06 11:18:50] Model:                  SignalJEPA_PreLocal
[2026-05-06 11:18:50] Pretrained mode:        from_pretrained
[2026-05-06 11:18:50] Strategy:               new
[2026-05-06 11:18:50] Window:                 4.200s / 537 samples
[2026-05-06 11:18:50] Artifacts:              c:\Repos\eeg-jepa-research\artifacts\moabb-mi-sjepa\Lee2019_MI\20260506_1117_5cd9df24
[2026-05-06 11:18:50] Mean Accuracy:          0.6157 ± 0.0939
[2026-05-06 11:18:50] Mean Balanced Accuracy: 0.6157 ± 0.0939
[2026-05-06 11:18:50] ======================================================================
[2026-05-06 11:18:50] CV results saved to:      c:\Repos\eeg-jepa-research\artifacts\moabb-mi-sjepa\Lee2019_MI\20260506_1117_5cd9df24\cv_results.json
[2026-05-06 11:18:50] Subject metrics saved to: c:\Repos\eeg-jepa-research\artifacts\moabb-mi-sjepa\Lee2019_MI\20260506_1117_5cd9df24\subject_metrics.json
[2026-05-06 11:18:50] Global metrics saved to:  c:\Repos\eeg-jepa-research\artifacts\moabb-mi-sjepa\Lee2019_MI\20260506_1117_5cd9df24\global_metrics.json
[2026-05-06 11:18:50] Run metadata saved to:    c:\Repos\eeg-jepa-research\artifacts\moabb-mi-sjepa\Lee2019_MI\20260506_1117_5cd9df24\run_metadata.json

[2026-05-06 11:18:50] All artifacts in: c:\Repos\eeg-jepa-research\artifacts\moabb-mi-sjepa\Lee2019_MI\20260506_1117_5cd9df24
