[2026-05-06 14:37:10] Using device: cuda
[2026-05-06 14:37:10] Seed initialized: 12
[2026-05-06 14:37:10] ======================================================================
[2026-05-06 14:37:10] CONFIGURATION
[2026-05-06 14:37:10] ======================================================================
[2026-05-06 14:37:10]   artifact_dir: c:\Repos\eeg-jepa-research\artifacts\moabb-mi-sjepa
[2026-05-06 14:37:10]   bandpass_high: 40.0
[2026-05-06 14:37:10]   bandpass_low: 0.5
[2026-05-06 14:37:10]   batch_size: 32
[2026-05-06 14:37:10]   cv_folds: 5
[2026-05-06 14:37:10]   dataset_name: Stieger2021
[2026-05-06 14:37:10]   dataset_source: moabb
[2026-05-06 14:37:10]   early_stopping_patience: None
[2026-05-06 14:37:10]   exclude_subjects: []
[2026-05-06 14:37:10]   labels_to_keep: ['left_hand', 'right_hand']
[2026-05-06 14:37:10]   learning_rate: 0.001
[2026-05-06 14:37:10]   moabb_dataset_kwargs: {}
[2026-05-06 14:37:10]   model_name: SignalJEPA_PreLocal
[2026-05-06 14:37:10]   n_epochs: 50
[2026-05-06 14:37:10]   preprocessed_concat_dir: None
[2026-05-06 14:37:10]   pretrained_mode: from_pretrained
[2026-05-06 14:37:10]   seed: 12
[2026-05-06 14:37:10]   set_seed: True
[2026-05-06 14:37:10]   sfreq: 128
[2026-05-06 14:37:10]   strategy: new
[2026-05-06 14:37:10]   subjects_to_use: None
[2026-05-06 14:37:10]   target_window_duration_s: 3.2
[2026-05-06 14:37:10]   val_split: 0.2
[2026-05-06 14:37:10]   warmup_epochs: 10
[2026-05-06 14:37:10] ======================================================================
[2026-05-06 14:37:10] Config saved to: c:\Repos\eeg-jepa-research\artifacts\moabb-mi-sjepa\Stieger2021\20260506_1437_c3bf688e\config.json
[2026-05-06 14:37:10] Epoch window configuration:
[2026-05-06 14:37:10]   Target sfreq:            128 Hz
[2026-05-06 14:37:10]   Requested duration:      3.200 s
[2026-05-06 14:37:10]   Expected window samples: 409

[2026-05-06 14:37:10] Preprocessed concat dataset exists: False at c:\Repos\eeg-jepa-research\preprocessed_concat_datasets\Stieger2021_048eba1d_wacff46_subjects_d7ac38d9

[2026-05-06 14:37:10] Building MOABBDataset for Stieger2021...
[2026-05-06 14:37:10]   Subject IDs:     [1, 2, 3, 4]
[2026-05-06 14:37:10]   Dataset kwargs:  {}
[2026-05-06 14:41:42]   Recordings loaded: 40
[2026-05-06 14:41:42]   Raw labels:        ['both_hand', 'left_hand', 'rest', 'right_hand']
[2026-05-06 14:41:42] Applying preprocessing...
[2026-05-06 14:51:07] Saved preprocessed raw concat dataset to: c:\Repos\eeg-jepa-research\preprocessed_concat_datasets\Stieger2021_048eba1d_wacff46_subjects_d7ac38d9

[2026-05-06 14:51:24] Post-load raw validation
[2026-05-06 14:51:24]   Recordings:          40
[2026-05-06 14:51:24]   Subjects loaded:     ['1', '2', '3', '4']
[2026-05-06 14:51:24]   sfreq first rec:     128.0 Hz
[2026-05-06 14:51:24]   EEG channel count:   60
[2026-05-06 14:51:24]   Labels present:      ['both_hand', 'left_hand', 'rest', 'right_hand']
[2026-05-06 14:51:24]   Labels selected:     ['left_hand', 'right_hand']
[2026-05-06 14:51:24] Annotation counts before filtering: {np.str_('both_hand'): 4210, np.str_('left_hand'): 4090, np.str_('rest'): 3508, np.str_('right_hand'): 4172}
[2026-05-06 14:51:24] Filtered annotations: kept 8262 / 15980
[2026-05-06 14:51:24] Annotation counts after filtering:  {np.str_('left_hand'): 4090, np.str_('right_hand'): 4172}
[2026-05-06 14:51:24] Updated annotation durations:       8262
[2026-05-06 14:51:25] Window shape: (60, 409)
[2026-05-06 14:51:25] Window sample length expected=409, got=409
[2026-05-06 14:51:25] Class mapping: {'left_hand': 0, 'right_hand': 1}
[2026-05-06 14:51:25] Global class counts: [4090, 4172]
[2026-05-06 14:51:25] Chance level: 0.50
[2026-05-06 14:51:25] Summarizing per-subject windows...
[2026-05-06 14:51:25]   Subject 1: n_windows=2244, window_shape=(60, 409), class_counts=[1100, 1144]
[2026-05-06 14:51:25]   Subject 2: n_windows=2354, window_shape=(60, 409), class_counts=[1157, 1197]
[2026-05-06 14:51:25]   Subject 3: n_windows=1468, window_shape=(60, 409), class_counts=[733, 735]
[2026-05-06 14:51:25]   Subject 4: n_windows=2196, window_shape=(60, 409), class_counts=[1100, 1096]
[2026-05-06 14:51:26] SignalJEPA_PreLocal instantiated successfully.
[2026-05-06 14:51:26]   Loading mode:          from_pretrained
[2026-05-06 14:51:26]   Repo:                  braindecode/signal-jepa_without-chans
[2026-05-06 14:51:26]   Total parameters:      15,622
[2026-05-06 14:51:26]   Trainable parameters:  15,622
[2026-05-06 14:51:27] ======================================================================================================================================================
Layer (type (var_name):depth-idx)                  Input Shape               Output Shape              Param #                   Kernel Shape
======================================================================================================================================================
SignalJEPA_PreLocal (SignalJEPA_PreLocal)          [1, 60, 409]              [1, 2]                    --                        --
├─Sequential (spatial_conv): 1-1                   [1, 60, 409]              [1, 4, 409]               --                        --
│    └─Rearrange (0): 2-1                          [1, 60, 409]              [1, 1, 60, 409]           --                        --
│    └─Conv2d (1): 2-2                             [1, 1, 60, 409]           [1, 4, 1, 409]            244                       [60, 1]
│    └─Rearrange (2): 2-3                          [1, 4, 1, 409]            [1, 4, 409]               --                        --
├─_ConvFeatureEncoder (feature_encoder): 1-2       [1, 4, 409]               [1, 12, 64]               --                        --
│    └─Rearrange (0): 2-4                          [1, 4, 409]               [4, 1, 409]               --                        --
│    └─Sequential (1): 2-5                         [4, 1, 409]               [4, 8, 48]                --                        --
│    │    └─Conv1d (0): 3-1                        [4, 1, 409]               [4, 8, 48]                256                       [32]
│    │    └─Dropout (1): 3-2                       [4, 8, 48]                [4, 8, 48]                --                        --
│    │    └─GroupNorm (2): 3-3                     [4, 8, 48]                [4, 8, 48]                16                        --
│    │    └─GELU (3): 3-4                          [4, 8, 48]                [4, 8, 48]                --                        --
│    └─Sequential (2): 2-6                         [4, 8, 48]                [4, 16, 24]               --                        --
│    │    └─Conv1d (0): 3-5                        [4, 8, 48]                [4, 16, 24]               256                       [2]
│    │    └─Dropout (1): 3-6                       [4, 16, 24]               [4, 16, 24]               --                        --
│    │    └─GELU (2): 3-7                          [4, 16, 24]               [4, 16, 24]               --                        --
│    └─Sequential (3): 2-7                         [4, 16, 24]               [4, 32, 12]               --                        --
│    │    └─Conv1d (0): 3-8                        [4, 16, 24]               [4, 32, 12]               1,024                     [2]
│    │    └─Dropout (1): 3-9                       [4, 32, 12]               [4, 32, 12]               --                        --
│    │    └─GELU (2): 3-10                         [4, 32, 12]               [4, 32, 12]               --                        --
│    └─Sequential (4): 2-8                         [4, 32, 12]               [4, 64, 6]                --                        --
│    │    └─Conv1d (0): 3-11                       [4, 32, 12]               [4, 64, 6]                4,096                     [2]
│    │    └─Dropout (1): 3-12                      [4, 64, 6]                [4, 64, 6]                --                        --
│    │    └─GELU (2): 3-13                         [4, 64, 6]                [4, 64, 6]                --                        --
│    └─Sequential (5): 2-9                         [4, 64, 6]                [4, 64, 3]                --                        --
│    │    └─Conv1d (0): 3-14                       [4, 64, 6]                [4, 64, 3]                8,192                     [2]
│    │    └─Dropout (1): 3-15                      [4, 64, 3]                [4, 64, 3]                --                        --
│    │    └─GELU (2): 3-16                         [4, 64, 3]                [4, 64, 3]                --                        --
│    └─Rearrange (6): 2-10                         [4, 64, 3]                [1, 12, 64]               --                        --
├─Sequential (final_layer): 1-3                    [1, 12, 64]               [1, 2]                    --                        --
│    └─Flatten (0): 2-11                           [1, 12, 64]               [1, 768]                  --                        --
│    └─Linear (1): 2-12                            [1, 768]                  [1, 2]                    1,538                     --
======================================================================================================================================================
Total params: 15,622
Trainable params: 15,622
Non-trainable params: 0
Total mult-adds (Units.MEGABYTES): 0.42
======================================================================================================================================================
Input size (MB): 0.10
Forward/backward pass size (MB): 0.08
Params size (MB): 0.06
Estimated Total Size (MB): 0.24
======================================================================================================================================================
[2026-05-06 14:51:27] ======================================================================
[2026-05-06 14:51:27] STARTING WITHIN-SUBJECT CROSS-VALIDATION
[2026-05-06 14:51:27] ======================================================================
[2026-05-06 14:51:27] Dataset:       Stieger2021
[2026-05-06 14:51:27] Subjects:      ['1', '2', '3', '4']
[2026-05-06 14:51:27] Model:         SignalJEPA_PreLocal
[2026-05-06 14:51:27] Pretrained:    from_pretrained
[2026-05-06 14:51:27] Strategy:      new
[2026-05-06 14:51:27] CV folds:      5
[2026-05-06 14:51:27] Val split:     0.2
[2026-05-06 14:51:27] Max epochs:    50
[2026-05-06 14:51:27] Device:        cuda
[2026-05-06 14:51:27] ======================================================================

[2026-05-06 14:51:27] Subject 1: 2244 windows | class_counts=[1100, 1144]

[2026-05-06 14:51:27] Fold 1/5 | subject=1
[2026-05-06 14:51:27]     Train windows:           1795 | counts=[880, 915]
[2026-05-06 14:51:27]     Test windows:            449 | counts=[220, 229]
[2026-05-06 14:51:27]     Downstream model:        SignalJEPA_PreLocal
[2026-05-06 14:51:27]     Fine-tune strategy:      new
[2026-05-06 14:51:27]     Pretrained loading path: from_pretrained
[2026-05-06 14:51:27]     Pretrained repo:         braindecode/signal-jepa_without-chans
[2026-05-06 14:51:27]     Phase 1 (new):
[2026-05-06 14:51:27]       Trainable groups: ['spatial_conv.', 'final_layer.']
[2026-05-06 14:51:27]       Total params:     15,622
[2026-05-06 14:51:27]       Trainable params: 1,782
[2026-05-06 14:51:27]       Trainable pct:    11.41%
[2026-05-06 14:51:27]       Trainable parameter names: ['spatial_conv.1.weight', 'spatial_conv.1.bias', 'final_layer.1.weight', 'final_layer.1.bias']
[2026-05-06 14:51:28]     Sanity check passed: finite logits/loss on one training batch for SignalJEPA_PreLocal.
[2026-05-06 14:51:46]     Result | best_epoch=50 | stop=50 | acc=0.8174 | bal_acc=0.8173 | pred_hist=[220, 229]

[2026-05-06 14:51:47] Fold 2/5 | subject=1
[2026-05-06 14:51:47]     Train windows:           1795 | counts=[880, 915]
[2026-05-06 14:51:47]     Test windows:            449 | counts=[220, 229]
[2026-05-06 14:51:47]     Downstream model:        SignalJEPA_PreLocal
[2026-05-06 14:51:47]     Fine-tune strategy:      new
[2026-05-06 14:51:47]     Pretrained loading path: from_pretrained
[2026-05-06 14:51:47]     Pretrained repo:         braindecode/signal-jepa_without-chans
[2026-05-06 14:51:47]     Phase 1 (new):
[2026-05-06 14:51:47]       Trainable groups: ['spatial_conv.', 'final_layer.']
[2026-05-06 14:51:47]       Total params:     15,622
[2026-05-06 14:51:47]       Trainable params: 1,782
[2026-05-06 14:51:47]       Trainable pct:    11.41%
[2026-05-06 14:51:47]       Trainable parameter names: ['spatial_conv.1.weight', 'spatial_conv.1.bias', 'final_layer.1.weight', 'final_layer.1.bias']
[2026-05-06 14:51:47]     Sanity check passed: finite logits/loss on one training batch for SignalJEPA_PreLocal.
[2026-05-06 14:52:08]     Result | best_epoch=47 | stop=50 | acc=0.8241 | bal_acc=0.8237 | pred_hist=[213, 236]

[2026-05-06 14:52:09] Fold 3/5 | subject=1
[2026-05-06 14:52:09]     Train windows:           1795 | counts=[880, 915]
[2026-05-06 14:52:09]     Test windows:            449 | counts=[220, 229]
[2026-05-06 14:52:09]     Downstream model:        SignalJEPA_PreLocal
[2026-05-06 14:52:09]     Fine-tune strategy:      new
[2026-05-06 14:52:09]     Pretrained loading path: from_pretrained
[2026-05-06 14:52:09]     Pretrained repo:         braindecode/signal-jepa_without-chans
[2026-05-06 14:52:09]     Phase 1 (new):
[2026-05-06 14:52:09]       Trainable groups: ['spatial_conv.', 'final_layer.']
[2026-05-06 14:52:09]       Total params:     15,622
[2026-05-06 14:52:09]       Trainable params: 1,782
[2026-05-06 14:52:09]       Trainable pct:    11.41%
[2026-05-06 14:52:09]       Trainable parameter names: ['spatial_conv.1.weight', 'spatial_conv.1.bias', 'final_layer.1.weight', 'final_layer.1.bias']
[2026-05-06 14:52:09]     Sanity check passed: finite logits/loss on one training batch for SignalJEPA_PreLocal.
[2026-05-06 14:52:31]     Result | best_epoch=48 | stop=50 | acc=0.8218 | bal_acc=0.8212 | pred_hist=[208, 241]

[2026-05-06 14:52:32] Fold 4/5 | subject=1
[2026-05-06 14:52:32]     Train windows:           1795 | counts=[880, 915]
[2026-05-06 14:52:32]     Test windows:            449 | counts=[220, 229]
[2026-05-06 14:52:32]     Downstream model:        SignalJEPA_PreLocal
[2026-05-06 14:52:32]     Fine-tune strategy:      new
[2026-05-06 14:52:32]     Pretrained loading path: from_pretrained
[2026-05-06 14:52:32]     Pretrained repo:         braindecode/signal-jepa_without-chans
[2026-05-06 14:52:32]     Phase 1 (new):
[2026-05-06 14:52:32]       Trainable groups: ['spatial_conv.', 'final_layer.']
[2026-05-06 14:52:32]       Total params:     15,622
[2026-05-06 14:52:32]       Trainable params: 1,782
[2026-05-06 14:52:32]       Trainable pct:    11.41%
[2026-05-06 14:52:32]       Trainable parameter names: ['spatial_conv.1.weight', 'spatial_conv.1.bias', 'final_layer.1.weight', 'final_layer.1.bias']
[2026-05-06 14:52:32]     Sanity check passed: finite logits/loss on one training batch for SignalJEPA_PreLocal.
[2026-05-06 14:52:53]     Result | best_epoch=50 | stop=50 | acc=0.8174 | bal_acc=0.8175 | pred_hist=[224, 225]

[2026-05-06 14:52:54] Fold 5/5 | subject=1
[2026-05-06 14:52:54]     Train windows:           1796 | counts=[880, 916]
[2026-05-06 14:52:54]     Test windows:            448 | counts=[220, 228]
[2026-05-06 14:52:54]     Downstream model:        SignalJEPA_PreLocal
[2026-05-06 14:52:54]     Fine-tune strategy:      new
[2026-05-06 14:52:54]     Pretrained loading path: from_pretrained
[2026-05-06 14:52:54]     Pretrained repo:         braindecode/signal-jepa_without-chans
[2026-05-06 14:52:54]     Phase 1 (new):
[2026-05-06 14:52:54]       Trainable groups: ['spatial_conv.', 'final_layer.']
[2026-05-06 14:52:54]       Total params:     15,622
[2026-05-06 14:52:54]       Trainable params: 1,782
[2026-05-06 14:52:54]       Trainable pct:    11.41%
[2026-05-06 14:52:54]       Trainable parameter names: ['spatial_conv.1.weight', 'spatial_conv.1.bias', 'final_layer.1.weight', 'final_layer.1.bias']
[2026-05-06 14:52:54]     Sanity check passed: finite logits/loss on one training batch for SignalJEPA_PreLocal.
[2026-05-06 14:53:17]     Result | best_epoch=50 | stop=50 | acc=0.8415 | bal_acc=0.8413 | pred_hist=[215, 233]
[2026-05-06 14:53:17]   Subject 1 summary: acc=0.8244±0.0089  bal_acc=0.8242±0.0089

[2026-05-06 14:53:17] Subject 2: 2354 windows | class_counts=[1157, 1197]

[2026-05-06 14:53:18] Fold 1/5 | subject=2
[2026-05-06 14:53:18]     Train windows:           1883 | counts=[926, 957]
[2026-05-06 14:53:18]     Test windows:            471 | counts=[231, 240]
[2026-05-06 14:53:18]     Downstream model:        SignalJEPA_PreLocal
[2026-05-06 14:53:18]     Fine-tune strategy:      new
[2026-05-06 14:53:18]     Pretrained loading path: from_pretrained
[2026-05-06 14:53:18]     Pretrained repo:         braindecode/signal-jepa_without-chans
[2026-05-06 14:53:18]     Phase 1 (new):
[2026-05-06 14:53:18]       Trainable groups: ['spatial_conv.', 'final_layer.']
[2026-05-06 14:53:18]       Total params:     15,622
[2026-05-06 14:53:18]       Trainable params: 1,782
[2026-05-06 14:53:18]       Trainable pct:    11.41%
[2026-05-06 14:53:18]       Trainable parameter names: ['spatial_conv.1.weight', 'spatial_conv.1.bias', 'final_layer.1.weight', 'final_layer.1.bias']
[2026-05-06 14:53:18]     Sanity check passed: finite logits/loss on one training batch for SignalJEPA_PreLocal.
[2026-05-06 14:53:42]     Result | best_epoch=50 | stop=50 | acc=0.8938 | bal_acc=0.8939 | pred_hist=[233, 238]

[2026-05-06 14:53:43] Fold 2/5 | subject=2
[2026-05-06 14:53:43]     Train windows:           1883 | counts=[926, 957]
[2026-05-06 14:53:43]     Test windows:            471 | counts=[231, 240]
[2026-05-06 14:53:43]     Downstream model:        SignalJEPA_PreLocal
[2026-05-06 14:53:43]     Fine-tune strategy:      new
[2026-05-06 14:53:43]     Pretrained loading path: from_pretrained
[2026-05-06 14:53:43]     Pretrained repo:         braindecode/signal-jepa_without-chans
[2026-05-06 14:53:43]     Phase 1 (new):
[2026-05-06 14:53:43]       Trainable groups: ['spatial_conv.', 'final_layer.']
[2026-05-06 14:53:43]       Total params:     15,622
[2026-05-06 14:53:43]       Trainable params: 1,782
[2026-05-06 14:53:43]       Trainable pct:    11.41%
[2026-05-06 14:53:43]       Trainable parameter names: ['spatial_conv.1.weight', 'spatial_conv.1.bias', 'final_layer.1.weight', 'final_layer.1.bias']
[2026-05-06 14:53:43]     Sanity check passed: finite logits/loss on one training batch for SignalJEPA_PreLocal.
[2026-05-06 14:54:06]     Result | best_epoch=48 | stop=50 | acc=0.9193 | bal_acc=0.9195 | pred_hist=[235, 236]

[2026-05-06 14:54:07] Fold 3/5 | subject=2
[2026-05-06 14:54:07]     Train windows:           1883 | counts=[925, 958]
[2026-05-06 14:54:07]     Test windows:            471 | counts=[232, 239]
[2026-05-06 14:54:07]     Downstream model:        SignalJEPA_PreLocal
[2026-05-06 14:54:07]     Fine-tune strategy:      new
[2026-05-06 14:54:07]     Pretrained loading path: from_pretrained
[2026-05-06 14:54:07]     Pretrained repo:         braindecode/signal-jepa_without-chans
[2026-05-06 14:54:07]     Phase 1 (new):
[2026-05-06 14:54:07]       Trainable groups: ['spatial_conv.', 'final_layer.']
[2026-05-06 14:54:07]       Total params:     15,622
[2026-05-06 14:54:07]       Trainable params: 1,782
[2026-05-06 14:54:07]       Trainable pct:    11.41%
[2026-05-06 14:54:07]       Trainable parameter names: ['spatial_conv.1.weight', 'spatial_conv.1.bias', 'final_layer.1.weight', 'final_layer.1.bias']
[2026-05-06 14:54:07]     Sanity check passed: finite logits/loss on one training batch for SignalJEPA_PreLocal.
[2026-05-06 14:54:34]     Result | best_epoch=49 | stop=50 | acc=0.9045 | bal_acc=0.9042 | pred_hist=[225, 246]

[2026-05-06 14:54:35] Fold 4/5 | subject=2
[2026-05-06 14:54:35]     Train windows:           1883 | counts=[925, 958]
[2026-05-06 14:54:35]     Test windows:            471 | counts=[232, 239]
[2026-05-06 14:54:35]     Downstream model:        SignalJEPA_PreLocal
[2026-05-06 14:54:35]     Fine-tune strategy:      new
[2026-05-06 14:54:35]     Pretrained loading path: from_pretrained
[2026-05-06 14:54:35]     Pretrained repo:         braindecode/signal-jepa_without-chans
[2026-05-06 14:54:35]     Phase 1 (new):
[2026-05-06 14:54:35]       Trainable groups: ['spatial_conv.', 'final_layer.']
[2026-05-06 14:54:35]       Total params:     15,622
[2026-05-06 14:54:35]       Trainable params: 1,782
[2026-05-06 14:54:35]       Trainable pct:    11.41%
[2026-05-06 14:54:35]       Trainable parameter names: ['spatial_conv.1.weight', 'spatial_conv.1.bias', 'final_layer.1.weight', 'final_layer.1.bias']
[2026-05-06 14:54:35]     Sanity check passed: finite logits/loss on one training batch for SignalJEPA_PreLocal.
[2026-05-06 14:55:01]     Result | best_epoch=50 | stop=50 | acc=0.9193 | bal_acc=0.9193 | pred_hist=[232, 239]

[2026-05-06 14:55:02] Fold 5/5 | subject=2
[2026-05-06 14:55:02]     Train windows:           1884 | counts=[926, 958]
[2026-05-06 14:55:02]     Test windows:            470 | counts=[231, 239]
[2026-05-06 14:55:02]     Downstream model:        SignalJEPA_PreLocal
[2026-05-06 14:55:02]     Fine-tune strategy:      new
[2026-05-06 14:55:02]     Pretrained loading path: from_pretrained
[2026-05-06 14:55:02]     Pretrained repo:         braindecode/signal-jepa_without-chans
[2026-05-06 14:55:02]     Phase 1 (new):
[2026-05-06 14:55:02]       Trainable groups: ['spatial_conv.', 'final_layer.']
[2026-05-06 14:55:02]       Total params:     15,622
[2026-05-06 14:55:02]       Trainable params: 1,782
[2026-05-06 14:55:02]       Trainable pct:    11.41%
[2026-05-06 14:55:02]       Trainable parameter names: ['spatial_conv.1.weight', 'spatial_conv.1.bias', 'final_layer.1.weight', 'final_layer.1.bias']
[2026-05-06 14:55:02]     Sanity check passed: finite logits/loss on one training batch for SignalJEPA_PreLocal.
[2026-05-06 14:55:29]     Result | best_epoch=47 | stop=50 | acc=0.9064 | bal_acc=0.9064 | pred_hist=[233, 237]
[2026-05-06 14:55:29]   Subject 2 summary: acc=0.9087±0.0097  bal_acc=0.9087±0.0097

[2026-05-06 14:55:29] Subject 3: 1468 windows | class_counts=[733, 735]

[2026-05-06 14:55:30] Fold 1/5 | subject=3
[2026-05-06 14:55:30]     Train windows:           1174 | counts=[586, 588]
[2026-05-06 14:55:30]     Test windows:            294 | counts=[147, 147]
[2026-05-06 14:55:30]     Downstream model:        SignalJEPA_PreLocal
[2026-05-06 14:55:30]     Fine-tune strategy:      new
[2026-05-06 14:55:30]     Pretrained loading path: from_pretrained
[2026-05-06 14:55:30]     Pretrained repo:         braindecode/signal-jepa_without-chans
[2026-05-06 14:55:30]     Phase 1 (new):
[2026-05-06 14:55:30]       Trainable groups: ['spatial_conv.', 'final_layer.']
[2026-05-06 14:55:30]       Total params:     15,622
[2026-05-06 14:55:30]       Trainable params: 1,782
[2026-05-06 14:55:30]       Trainable pct:    11.41%
[2026-05-06 14:55:30]       Trainable parameter names: ['spatial_conv.1.weight', 'spatial_conv.1.bias', 'final_layer.1.weight', 'final_layer.1.bias']
[2026-05-06 14:55:30]     Sanity check passed: finite logits/loss on one training batch for SignalJEPA_PreLocal.
[2026-05-06 14:55:47]     Result | best_epoch=48 | stop=50 | acc=0.9218 | bal_acc=0.9218 | pred_hist=[146, 148]

[2026-05-06 14:55:48] Fold 2/5 | subject=3
[2026-05-06 14:55:48]     Train windows:           1174 | counts=[586, 588]
[2026-05-06 14:55:48]     Test windows:            294 | counts=[147, 147]
[2026-05-06 14:55:48]     Downstream model:        SignalJEPA_PreLocal
[2026-05-06 14:55:48]     Fine-tune strategy:      new
[2026-05-06 14:55:48]     Pretrained loading path: from_pretrained
[2026-05-06 14:55:48]     Pretrained repo:         braindecode/signal-jepa_without-chans
[2026-05-06 14:55:48]     Phase 1 (new):
[2026-05-06 14:55:48]       Trainable groups: ['spatial_conv.', 'final_layer.']
[2026-05-06 14:55:48]       Total params:     15,622
[2026-05-06 14:55:48]       Trainable params: 1,782
[2026-05-06 14:55:48]       Trainable pct:    11.41%
[2026-05-06 14:55:48]       Trainable parameter names: ['spatial_conv.1.weight', 'spatial_conv.1.bias', 'final_layer.1.weight', 'final_layer.1.bias']
[2026-05-06 14:55:48]     Sanity check passed: finite logits/loss on one training batch for SignalJEPA_PreLocal.
[2026-05-06 14:56:06]     Result | best_epoch=47 | stop=50 | acc=0.9456 | bal_acc=0.9456 | pred_hist=[149, 145]

[2026-05-06 14:56:06] Fold 3/5 | subject=3
[2026-05-06 14:56:06]     Train windows:           1174 | counts=[586, 588]
[2026-05-06 14:56:06]     Test windows:            294 | counts=[147, 147]
[2026-05-06 14:56:06]     Downstream model:        SignalJEPA_PreLocal
[2026-05-06 14:56:06]     Fine-tune strategy:      new
[2026-05-06 14:56:06]     Pretrained loading path: from_pretrained
[2026-05-06 14:56:06]     Pretrained repo:         braindecode/signal-jepa_without-chans
[2026-05-06 14:56:06]     Phase 1 (new):
[2026-05-06 14:56:06]       Trainable groups: ['spatial_conv.', 'final_layer.']
[2026-05-06 14:56:06]       Total params:     15,622
[2026-05-06 14:56:06]       Trainable params: 1,782
[2026-05-06 14:56:06]       Trainable pct:    11.41%
[2026-05-06 14:56:06]       Trainable parameter names: ['spatial_conv.1.weight', 'spatial_conv.1.bias', 'final_layer.1.weight', 'final_layer.1.bias']
[2026-05-06 14:56:06]     Sanity check passed: finite logits/loss on one training batch for SignalJEPA_PreLocal.
[2026-05-06 14:56:23]     Result | best_epoch=35 | stop=50 | acc=0.9218 | bal_acc=0.9218 | pred_hist=[144, 150]

[2026-05-06 14:56:23] Fold 4/5 | subject=3
[2026-05-06 14:56:23]     Train windows:           1175 | counts=[587, 588]
[2026-05-06 14:56:23]     Test windows:            293 | counts=[146, 147]
[2026-05-06 14:56:23]     Downstream model:        SignalJEPA_PreLocal
[2026-05-06 14:56:23]     Fine-tune strategy:      new
[2026-05-06 14:56:23]     Pretrained loading path: from_pretrained
[2026-05-06 14:56:23]     Pretrained repo:         braindecode/signal-jepa_without-chans
[2026-05-06 14:56:23]     Phase 1 (new):
[2026-05-06 14:56:23]       Trainable groups: ['spatial_conv.', 'final_layer.']
[2026-05-06 14:56:23]       Total params:     15,622
[2026-05-06 14:56:23]       Trainable params: 1,782
[2026-05-06 14:56:23]       Trainable pct:    11.41%
[2026-05-06 14:56:23]       Trainable parameter names: ['spatial_conv.1.weight', 'spatial_conv.1.bias', 'final_layer.1.weight', 'final_layer.1.bias']
[2026-05-06 14:56:23]     Sanity check passed: finite logits/loss on one training batch for SignalJEPA_PreLocal.
[2026-05-06 14:56:40]     Result | best_epoch=44 | stop=50 | acc=0.9317 | bal_acc=0.9317 | pred_hist=[144, 149]

[2026-05-06 14:56:41] Fold 5/5 | subject=3
[2026-05-06 14:56:41]     Train windows:           1175 | counts=[587, 588]
[2026-05-06 14:56:41]     Test windows:            293 | counts=[146, 147]
[2026-05-06 14:56:41]     Downstream model:        SignalJEPA_PreLocal
[2026-05-06 14:56:41]     Fine-tune strategy:      new
[2026-05-06 14:56:41]     Pretrained loading path: from_pretrained
[2026-05-06 14:56:41]     Pretrained repo:         braindecode/signal-jepa_without-chans
[2026-05-06 14:56:41]     Phase 1 (new):
[2026-05-06 14:56:41]       Trainable groups: ['spatial_conv.', 'final_layer.']
[2026-05-06 14:56:41]       Total params:     15,622
[2026-05-06 14:56:41]       Trainable params: 1,782
[2026-05-06 14:56:41]       Trainable pct:    11.41%
[2026-05-06 14:56:41]       Trainable parameter names: ['spatial_conv.1.weight', 'spatial_conv.1.bias', 'final_layer.1.weight', 'final_layer.1.bias']
[2026-05-06 14:56:41]     Sanity check passed: finite logits/loss on one training batch for SignalJEPA_PreLocal.
[2026-05-06 14:56:57]     Result | best_epoch=34 | stop=50 | acc=0.9317 | bal_acc=0.9317 | pred_hist=[146, 147]
[2026-05-06 14:56:57]   Subject 3 summary: acc=0.9305±0.0088  bal_acc=0.9305±0.0088

[2026-05-06 14:56:57] Subject 4: 2196 windows | class_counts=[1100, 1096]

[2026-05-06 14:56:58] Fold 1/5 | subject=4
[2026-05-06 14:56:58]     Train windows:           1756 | counts=[880, 876]
[2026-05-06 14:56:58]     Test windows:            440 | counts=[220, 220]
[2026-05-06 14:56:58]     Downstream model:        SignalJEPA_PreLocal
[2026-05-06 14:56:58]     Fine-tune strategy:      new
[2026-05-06 14:56:58]     Pretrained loading path: from_pretrained
[2026-05-06 14:56:58]     Pretrained repo:         braindecode/signal-jepa_without-chans
[2026-05-06 14:56:58]     Phase 1 (new):
[2026-05-06 14:56:58]       Trainable groups: ['spatial_conv.', 'final_layer.']
[2026-05-06 14:56:58]       Total params:     15,622
[2026-05-06 14:56:58]       Trainable params: 1,782
[2026-05-06 14:56:58]       Trainable pct:    11.41%
[2026-05-06 14:56:58]       Trainable parameter names: ['spatial_conv.1.weight', 'spatial_conv.1.bias', 'final_layer.1.weight', 'final_layer.1.bias']
[2026-05-06 14:56:58]     Sanity check passed: finite logits/loss on one training batch for SignalJEPA_PreLocal.
[2026-05-06 14:57:22]     Result | best_epoch=49 | stop=50 | acc=0.7205 | bal_acc=0.7205 | pred_hist=[205, 235]

[2026-05-06 14:57:23] Fold 2/5 | subject=4
[2026-05-06 14:57:23]     Train windows:           1757 | counts=[880, 877]
[2026-05-06 14:57:23]     Test windows:            439 | counts=[220, 219]
[2026-05-06 14:57:23]     Downstream model:        SignalJEPA_PreLocal
[2026-05-06 14:57:23]     Fine-tune strategy:      new
[2026-05-06 14:57:23]     Pretrained loading path: from_pretrained
[2026-05-06 14:57:23]     Pretrained repo:         braindecode/signal-jepa_without-chans
[2026-05-06 14:57:23]     Phase 1 (new):
[2026-05-06 14:57:23]       Trainable groups: ['spatial_conv.', 'final_layer.']
[2026-05-06 14:57:23]       Total params:     15,622
[2026-05-06 14:57:23]       Trainable params: 1,782
[2026-05-06 14:57:23]       Trainable pct:    11.41%
[2026-05-06 14:57:23]       Trainable parameter names: ['spatial_conv.1.weight', 'spatial_conv.1.bias', 'final_layer.1.weight', 'final_layer.1.bias']
[2026-05-06 14:57:23]     Sanity check passed: finite logits/loss on one training batch for SignalJEPA_PreLocal.
[2026-05-06 14:57:48]     Result | best_epoch=50 | stop=50 | acc=0.6834 | bal_acc=0.6833 | pred_hist=[227, 212]

[2026-05-06 14:57:48] Fold 3/5 | subject=4
[2026-05-06 14:57:48]     Train windows:           1757 | counts=[880, 877]
[2026-05-06 14:57:48]     Test windows:            439 | counts=[220, 219]
[2026-05-06 14:57:48]     Downstream model:        SignalJEPA_PreLocal
[2026-05-06 14:57:48]     Fine-tune strategy:      new
[2026-05-06 14:57:48]     Pretrained loading path: from_pretrained
[2026-05-06 14:57:48]     Pretrained repo:         braindecode/signal-jepa_without-chans
[2026-05-06 14:57:48]     Phase 1 (new):
[2026-05-06 14:57:48]       Trainable groups: ['spatial_conv.', 'final_layer.']
[2026-05-06 14:57:48]       Total params:     15,622
[2026-05-06 14:57:48]       Trainable params: 1,782
[2026-05-06 14:57:48]       Trainable pct:    11.41%
[2026-05-06 14:57:48]       Trainable parameter names: ['spatial_conv.1.weight', 'spatial_conv.1.bias', 'final_layer.1.weight', 'final_layer.1.bias']
[2026-05-06 14:57:48]     Sanity check passed: finite logits/loss on one training batch for SignalJEPA_PreLocal.
[2026-05-06 14:58:12]     Result | best_epoch=45 | stop=50 | acc=0.7449 | bal_acc=0.7450 | pred_hist=[200, 239]

[2026-05-06 14:58:13] Fold 4/5 | subject=4
[2026-05-06 14:58:13]     Train windows:           1757 | counts=[880, 877]
[2026-05-06 14:58:13]     Test windows:            439 | counts=[220, 219]
[2026-05-06 14:58:13]     Downstream model:        SignalJEPA_PreLocal
[2026-05-06 14:58:13]     Fine-tune strategy:      new
[2026-05-06 14:58:13]     Pretrained loading path: from_pretrained
[2026-05-06 14:58:13]     Pretrained repo:         braindecode/signal-jepa_without-chans
[2026-05-06 14:58:13]     Phase 1 (new):
[2026-05-06 14:58:13]       Trainable groups: ['spatial_conv.', 'final_layer.']
[2026-05-06 14:58:13]       Total params:     15,622
[2026-05-06 14:58:13]       Trainable params: 1,782
[2026-05-06 14:58:13]       Trainable pct:    11.41%
[2026-05-06 14:58:13]       Trainable parameter names: ['spatial_conv.1.weight', 'spatial_conv.1.bias', 'final_layer.1.weight', 'final_layer.1.bias']
[2026-05-06 14:58:13]     Sanity check passed: finite logits/loss on one training batch for SignalJEPA_PreLocal.
[2026-05-06 14:58:38]     Result | best_epoch=41 | stop=50 | acc=0.7608 | bal_acc=0.7608 | pred_hist=[219, 220]

[2026-05-06 14:58:39] Fold 5/5 | subject=4
[2026-05-06 14:58:39]     Train windows:           1757 | counts=[880, 877]
[2026-05-06 14:58:39]     Test windows:            439 | counts=[220, 219]
[2026-05-06 14:58:39]     Downstream model:        SignalJEPA_PreLocal
[2026-05-06 14:58:39]     Fine-tune strategy:      new
[2026-05-06 14:58:39]     Pretrained loading path: from_pretrained
[2026-05-06 14:58:39]     Pretrained repo:         braindecode/signal-jepa_without-chans
[2026-05-06 14:58:39]     Phase 1 (new):
[2026-05-06 14:58:39]       Trainable groups: ['spatial_conv.', 'final_layer.']
[2026-05-06 14:58:39]       Total params:     15,622
[2026-05-06 14:58:39]       Trainable params: 1,782
[2026-05-06 14:58:39]       Trainable pct:    11.41%
[2026-05-06 14:58:39]       Trainable parameter names: ['spatial_conv.1.weight', 'spatial_conv.1.bias', 'final_layer.1.weight', 'final_layer.1.bias']
[2026-05-06 14:58:39]     Sanity check passed: finite logits/loss on one training batch for SignalJEPA_PreLocal.
[2026-05-06 14:59:04]     Result | best_epoch=46 | stop=50 | acc=0.7563 | bal_acc=0.7562 | pred_hist=[231, 208]
[2026-05-06 14:59:04]   Subject 4 summary: acc=0.7332±0.0286  bal_acc=0.7332±0.0286

[2026-05-06 14:59:04] Total folds completed: 20
[2026-05-06 14:59:07] ======================================================================
[2026-05-06 14:59:07] AGGREGATED RESULTS
[2026-05-06 14:59:07] ======================================================================
[2026-05-06 14:59:07]   1: acc=0.8244±0.0089  bal_acc=0.8242±0.0089
[2026-05-06 14:59:07]   2: acc=0.9087±0.0097  bal_acc=0.9087±0.0097
[2026-05-06 14:59:07]   3: acc=0.9305±0.0088  bal_acc=0.9305±0.0088
[2026-05-06 14:59:07]   4: acc=0.7332±0.0286  bal_acc=0.7332±0.0286
[2026-05-06 14:59:07] ----------------------------------------------------------------------
[2026-05-06 14:59:07]   OVERALL: acc=0.8492±0.0795  bal_acc=0.8491±0.0795
[2026-05-06 14:59:07] ======================================================================

[2026-05-06 14:59:07] ======================================================================
[2026-05-06 14:59:07] EXPERIMENT SUMMARY
[2026-05-06 14:59:07] ======================================================================
[2026-05-06 14:59:07] Run ID:                 20260506_1437_c3bf688e
[2026-05-06 14:59:07] Dataset:                Stieger2021
[2026-05-06 14:59:07] Labels kept:            ['left_hand', 'right_hand']
[2026-05-06 14:59:07] Model:                  SignalJEPA_PreLocal
[2026-05-06 14:59:07] Pretrained mode:        from_pretrained
[2026-05-06 14:59:07] Strategy:               new
[2026-05-06 14:59:07] Window:                 3.200s / 409 samples
[2026-05-06 14:59:07] Artifacts:              c:\Repos\eeg-jepa-research\artifacts\moabb-mi-sjepa\Stieger2021\20260506_1437_c3bf688e
[2026-05-06 14:59:07] Mean Accuracy:          0.8492 ± 0.0795
[2026-05-06 14:59:07] Mean Balanced Accuracy: 0.8491 ± 0.0795
[2026-05-06 14:59:07] ======================================================================
[2026-05-06 14:59:07] CV results saved to:      c:\Repos\eeg-jepa-research\artifacts\moabb-mi-sjepa\Stieger2021\20260506_1437_c3bf688e\cv_results.json
[2026-05-06 14:59:07] Subject metrics saved to: c:\Repos\eeg-jepa-research\artifacts\moabb-mi-sjepa\Stieger2021\20260506_1437_c3bf688e\subject_metrics.json
[2026-05-06 14:59:07] Global metrics saved to:  c:\Repos\eeg-jepa-research\artifacts\moabb-mi-sjepa\Stieger2021\20260506_1437_c3bf688e\global_metrics.json
[2026-05-06 14:59:07] Run metadata saved to:    c:\Repos\eeg-jepa-research\artifacts\moabb-mi-sjepa\Stieger2021\20260506_1437_c3bf688e\run_metadata.json

[2026-05-06 14:59:07] All artifacts in: c:\Repos\eeg-jepa-research\artifacts\moabb-mi-sjepa\Stieger2021\20260506_1437_c3bf688e
