[2026-03-31 13:16:06] Using device: mps
[2026-03-31 13:16:06] Seed control enabled: True
[2026-03-31 13:16:06] Base seed: 7
[2026-03-31 13:16:07] Seed initialized: 7
[2026-03-31 13:16:07] ======================================================================
[2026-03-31 13:16:07] CONFIGURATION
[2026-03-31 13:16:07] ======================================================================
[2026-03-31 13:16:07]   artifact_dir: /Users/vadim/Documents/School/Spring 2026/CSCE A698 Individual Research/EEG_JEPA/artifacts/lee-2019-fine-tuning
[2026-03-31 13:16:07]   bandpass_high: 40.0
[2026-03-31 13:16:07]   bandpass_low: 0.5
[2026-03-31 13:16:07]   batch_size: 16
[2026-03-31 13:16:07]   convert_to_uV: True
[2026-03-31 13:16:07]   cv_folds: 5
[2026-03-31 13:16:07]   device: auto
[2026-03-31 13:16:07]   early_stopping_patience: 50
[2026-03-31 13:16:07]   learning_rate: 0.001
[2026-03-31 13:16:07]   n_epochs: 5000
[2026-03-31 13:16:07]   normalization_method: None
[2026-03-31 13:16:07]   normalize: False
[2026-03-31 13:16:07]   paradigm: SSVEP
[2026-03-31 13:16:07]   pretrained_url: https://huggingface.co/braindecode/SignalJEPA/resolve/main/signal-jepa_16s-60_adeuwv4s.pth
[2026-03-31 13:16:07]   seed: 7
[2026-03-31 13:16:07]   set_seed: True
[2026-03-31 13:16:07]   sfreq: 128
[2026-03-31 13:16:07]   subjects_to_use: [51]
[2026-03-31 13:16:07]   val_split: 0.2
[2026-03-31 13:16:07] ======================================================================
[2026-03-31 13:16:07] Config saved to: /Users/vadim/Documents/School/Spring 2026/CSCE A698 Individual Research/EEG_JEPA/artifacts/lee-2019-fine-tuning/SSVEP/20260331_1316_657f9624/config.json
[2026-03-31 13:16:07] Epoch window configuration:
[2026-03-31 13:16:07]   Target sfreq:                128 Hz
[2026-03-31 13:16:07]   Target duration:             4.190000 s
[2026-03-31 13:16:07]   Window samples (rounded):    536
[2026-03-31 13:16:07]   Base trial samples (4.0 s):  512
[2026-03-31 13:16:07]   Trial stop offset samples:   24
[2026-03-31 13:16:07]   Effective window duration:   4.187500 s
[2026-03-31 13:16:07] Using specified subjects from config: [51]
[2026-03-31 13:16:07] Selected subjects: [51]
[2026-03-31 13:16:07] Expected evaluation folds: 5

[2026-03-31 13:16:07] Building MOABBDataset for Lee2019_SSVEP...
[2026-03-31 13:16:19] MOABBDataset recordings loaded: 2
[2026-03-31 13:16:19] Discovered annotation descriptions (first recording): [np.str_('12.0'), np.str_('5.45'), np.str_('6.67'), np.str_('8.57')]
[2026-03-31 13:16:19] Dataset event_id mapping: {'12.0': 1, '8.57': 2, '6.67': 3, '5.45': 4}
[2026-03-31 13:16:19] Label map (event_code -> class_index): {1: 0, 2: 1, 3: 2, 4: 3}
[2026-03-31 13:16:19] Applying Braindecode preprocessors to MOABBDataset...
[2026-03-31 13:16:26] Preprocessing complete.

[2026-03-31 13:16:26] Post-preprocessing validation
[2026-03-31 13:16:26]   Recordings in DATASET: 2
[2026-03-31 13:16:26]   Unique subject IDs:    ['51']
[2026-03-31 13:16:26]   sfreq (first rec):     128.0 Hz
[2026-03-31 13:16:26]   EEG channel count:     62
[2026-03-31 13:16:26]   First 10 channels:     ['Fp1', 'Fp2', 'F7', 'F3', 'Fz', 'F4', 'F8', 'FC5', 'FC1', 'FC2']
[2026-03-31 13:16:26] Channel consistency summary:
[2026-03-31 13:16:26]   Checked runs: 2
[2026-03-31 13:16:26]   Unique channel counts: [62]
[2026-03-31 13:16:26]   Channel order consistent: True
[2026-03-31 13:16:26] Validated EEG channels: 62
[2026-03-31 13:16:26] First 10 EEG channels: ['Fp1', 'Fp2', 'F7', 'F3', 'Fz', 'F4', 'F8', 'FC5', 'FC1', 'FC2']
[2026-03-31 13:16:26] raw mean_abs=6.206608e+00
[2026-03-31 13:16:26] raw std=2.712803e+01
[2026-03-31 13:16:26] raw first5 channel std= [30.27595633 56.56813395 13.75714116  8.89857459  7.91183515]
[2026-03-31 13:16:26] Requested window samples: 536
[2026-03-31 13:16:26] Base trial samples:       512
[2026-03-31 13:16:26] Stop offset samples:      24
[2026-03-31 13:16:26] Global class counts: [50, 50, 50, 50]
[2026-03-31 13:16:26] Chance level (4-class): 0.25
[2026-03-31 13:16:26] One window shape: (62, 536)
[2026-03-31 13:16:26] One window label: 2
[2026-03-31 13:16:26] Window sample length expected=536, got=536
[2026-03-31 13:16:26] Subjects in window split: [51]
[2026-03-31 13:16:26] Summarizing per-subject windows...
[2026-03-31 13:16:26]   Subject 51: n_windows=200, window_shape=(62, 536), class_counts=[50, 50, 50, 50]
[2026-03-31 13:16:26]    subject_id  n_windows  n_channels  n_times      class_counts
0          51        200          62      536  [50, 50, 50, 50]
[2026-03-31 13:16:27] Window validation summary:
[2026-03-31 13:16:27]   Subject 51: n_windows=200 class_counts=[50, 50, 50, 50]

[2026-03-31 13:16:27] Validated sampling rate target: 128 Hz
[2026-03-31 13:16:27] Validated window sample count:   536
[2026-03-31 13:16:27] Validated window duration:       4.1875 s
[2026-03-31 13:16:27] Validated channel count:         62
[2026-03-31 13:16:27] Total windows retained:          200
[2026-03-31 13:16:27] Preprocessing sanity checks:
[2026-03-31 13:16:27]   One sample label: 2
[2026-03-31 13:16:27]   One sample shape: (62, 536)
[2026-03-31 13:16:27]   Mean(abs(signal)): 7.808386e+00
[2026-03-31 13:16:27]   Mean(signal):      -1.469310e-08
[2026-03-31 13:16:27]   Std(signal):       1.102899e+01
[2026-03-31 13:16:27] Building model with input window duration: 4.1875 s
[2026-03-31 13:16:27] SignalJEPA_PreLocal instantiated successfully.
[2026-03-31 13:16:27]   Total parameters:     18,192
[2026-03-31 13:16:27]   Trainable parameters: 18,192
[2026-03-31 13:16:27] ======================================================================================================================================================
Layer (type (var_name):depth-idx)                  Input Shape               Output Shape              Param #                   Kernel Shape
======================================================================================================================================================
SignalJEPA_PreLocal (SignalJEPA_PreLocal)          [1, 62, 536]              [1, 4]                    --                        --
├─Sequential (spatial_conv): 1-1                   [1, 62, 536]              [1, 4, 536]               --                        --
│    └─Rearrange (0): 2-1                          [1, 62, 536]              [1, 1, 62, 536]           --                        --
│    └─Conv2d (1): 2-2                             [1, 1, 62, 536]           [1, 4, 1, 536]            252                       [62, 1]
│    └─Rearrange (2): 2-3                          [1, 4, 1, 536]            [1, 4, 536]               --                        --
├─_ConvFeatureEncoder (feature_encoder): 1-2       [1, 4, 536]               [1, 16, 64]               --                        --
│    └─Rearrange (0): 2-4                          [1, 4, 536]               [4, 1, 536]               --                        --
│    └─Sequential (1): 2-5                         [4, 1, 536]               [4, 8, 64]                --                        --
│    │    └─Conv1d (0): 3-1                        [4, 1, 536]               [4, 8, 64]                256                       [32]
│    │    └─Dropout (1): 3-2                       [4, 8, 64]                [4, 8, 64]                --                        --
│    │    └─GroupNorm (2): 3-3                     [4, 8, 64]                [4, 8, 64]                16                        --
│    │    └─GELU (3): 3-4                          [4, 8, 64]                [4, 8, 64]                --                        --
│    └─Sequential (2): 2-6                         [4, 8, 64]                [4, 16, 32]               --                        --
│    │    └─Conv1d (0): 3-5                        [4, 8, 64]                [4, 16, 32]               256                       [2]
│    │    └─Dropout (1): 3-6                       [4, 16, 32]               [4, 16, 32]               --                        --
│    │    └─GELU (2): 3-7                          [4, 16, 32]               [4, 16, 32]               --                        --
│    └─Sequential (3): 2-7                         [4, 16, 32]               [4, 32, 16]               --                        --
│    │    └─Conv1d (0): 3-8                        [4, 16, 32]               [4, 32, 16]               1,024                     [2]
│    │    └─Dropout (1): 3-9                       [4, 32, 16]               [4, 32, 16]               --                        --
│    │    └─GELU (2): 3-10                         [4, 32, 16]               [4, 32, 16]               --                        --
│    └─Sequential (4): 2-8                         [4, 32, 16]               [4, 64, 8]                --                        --
│    │    └─Conv1d (0): 3-11                       [4, 32, 16]               [4, 64, 8]                4,096                     [2]
│    │    └─Dropout (1): 3-12                      [4, 64, 8]                [4, 64, 8]                --                        --
│    │    └─GELU (2): 3-13                         [4, 64, 8]                [4, 64, 8]                --                        --
│    └─Sequential (5): 2-9                         [4, 64, 8]                [4, 64, 4]                --                        --
│    │    └─Conv1d (0): 3-14                       [4, 64, 8]                [4, 64, 4]                8,192                     [2]
│    │    └─Dropout (1): 3-15                      [4, 64, 4]                [4, 64, 4]                --                        --
│    │    └─GELU (2): 3-16                         [4, 64, 4]                [4, 64, 4]                --                        --
│    └─Rearrange (6): 2-10                         [4, 64, 4]                [1, 16, 64]               --                        --
├─Sequential (final_layer): 1-3                    [1, 16, 64]               [1, 4]                    --                        --
│    └─Flatten (0): 2-11                           [1, 16, 64]               [1, 1024]                 --                        --
│    └─Linear (1): 2-12                            [1, 1024]                 [1, 4]                    4,100                     --
======================================================================================================================================================
Total params: 18,192
Trainable params: 18,192
Non-trainable params: 0
Total mult-adds (Units.MEGABYTES): 0.57
======================================================================================================================================================
Input size (MB): 0.13
Forward/backward pass size (MB): 0.11
Params size (MB): 0.07
Estimated Total Size (MB): 0.31
======================================================================================================================================================
[2026-03-31 13:16:27] Initializing from 16s-60 pretrained checkpoint (Hugging Face):
[2026-03-31 13:16:27]   https://huggingface.co/braindecode/SignalJEPA/resolve/main/signal-jepa_16s-60_adeuwv4s.pth
[2026-03-31 13:16:27]   Downloaded 179 keys
[2026-03-31 13:16:27] ======================================================================
[2026-03-31 13:16:27] STARTING CROSS-VALIDATION
[2026-03-31 13:16:27] ======================================================================
[2026-03-31 13:16:27] Subjects:      [51]
[2026-03-31 13:16:27] CV folds:      5
[2026-03-31 13:16:27] Batch size:    16
[2026-03-31 13:16:27] Max epochs:    5000
[2026-03-31 13:16:27] Device:        mps
[2026-03-31 13:16:27] Seed control:  True
[2026-03-31 13:16:27] Base seed:     7
[2026-03-31 13:16:27] ======================================================================

[2026-03-31 13:16:27] Subject 51: 200 windows class_counts=[50, 50, 50, 50]
[2026-03-31 13:16:27]   Fold 1 split seed: 8
[2026-03-31 13:16:27]   Fold 1 split class counts:
[2026-03-31 13:16:27]     train=[32, 32, 32, 32] val=[8, 8, 8, 8] test=[10, 10, 10, 10]
[2026-03-31 13:16:27]   Fold 2 split seed: 9
[2026-03-31 13:16:27]   Fold 2 split class counts:
[2026-03-31 13:16:27]     train=[32, 32, 32, 32] val=[8, 8, 8, 8] test=[10, 10, 10, 10]
[2026-03-31 13:16:27]   Fold 3 split seed: 10
[2026-03-31 13:16:27]   Fold 3 split class counts:
[2026-03-31 13:16:27]     train=[32, 32, 32, 32] val=[8, 8, 8, 8] test=[10, 10, 10, 10]
[2026-03-31 13:16:27]   Fold 4 split seed: 11
[2026-03-31 13:16:27]   Fold 4 split class counts:
[2026-03-31 13:16:27]     train=[32, 32, 32, 32] val=[8, 8, 8, 8] test=[10, 10, 10, 10]
[2026-03-31 13:16:27]   Fold 5 split seed: 12
[2026-03-31 13:16:27]   Fold 5 split class counts:
[2026-03-31 13:16:27]     train=[32, 32, 32, 32] val=[8, 8, 8, 8] test=[10, 10, 10, 10]
[2026-03-31 13:16:27]   Subject 51 Fold 1 seed: 5108
[2026-03-31 13:16:27]   Subject 51 Fold 1: n_train=128 n_val=32 n_test=40
[2026-03-31 13:16:27]     Train class counts: [32, 32, 32, 32]
[2026-03-31 13:16:27]     Val class counts:   [8, 8, 8, 8]
[2026-03-31 13:16:27]     Test class counts:  [10, 10, 10, 10]
[2026-03-31 13:16:27] Building model with input window duration: 4.1875 s
[2026-03-31 13:16:27] Pretrained weight loading:
[2026-03-31 13:16:27]   Downloaded keys:        179
[2026-03-31 13:16:27]   Filtered (transformer): 172
[2026-03-31 13:16:27]   Filtered (pos_encoder): 0
[2026-03-31 13:16:27]   Keys to load:           7
[2026-03-31 13:16:27]   Missing keys:           4
[2026-03-31 13:16:27]   Unexpected keys:        0
[2026-03-31 13:16:27]   Missing preview:        ['spatial_conv.1.weight', 'spatial_conv.1.bias', 'final_layer.1.weight', 'final_layer.1.bias']
[2026-03-31 13:16:27]   Unexpected preview:     []
[2026-03-31 13:16:27] Encoder freeze configuration:
[2026-03-31 13:16:27]   Total parameters:        18,192
[2026-03-31 13:16:27]   Trainable parameters:    4,352
[2026-03-31 13:16:27]   Training percentage:     23.9%
[2026-03-31 13:16:27]   Trainable layers: 4
[2026-03-31 13:16:27]     - final_layer.1.bias
[2026-03-31 13:16:27]     - final_layer.1.weight
[2026-03-31 13:16:27]     - spatial_conv.1.bias
[2026-03-31 13:16:27]     - spatial_conv.1.weight
[2026-03-31 13:16:27]     Train generator seeded: True
[2026-03-31 13:16:48]     Stopped epoch:            267
[2026-03-31 13:16:48]     Best epoch (valid_loss):  217
[2026-03-31 13:16:48]     Best valid_loss:          1.1598976850509644
[2026-03-31 13:16:48]     Test accuracy (primary):  0.5750
[2026-03-31 13:16:48]     Test balanced acc:        0.5750
[2026-03-31 13:16:48]     Confusion matrix:         [[7, 1, 2, 0], [1, 4, 4, 1], [1, 3, 5, 1], [1, 1, 1, 7]]
[2026-03-31 13:16:48]     Prediction histogram:     [10, 9, 12, 9]
[2026-03-31 13:16:48]     fold_acc=0.5750 fold_bal_acc=0.5750 cm=[[7, 1, 2, 0], [1, 4, 4, 1], [1, 3, 5, 1], [1, 1, 1, 7]]
[2026-03-31 13:16:48]   Subject 51 Fold 2 seed: 5109
[2026-03-31 13:16:48]   Subject 51 Fold 2: n_train=128 n_val=32 n_test=40
[2026-03-31 13:16:48]     Train class counts: [32, 32, 32, 32]
[2026-03-31 13:16:48]     Val class counts:   [8, 8, 8, 8]
[2026-03-31 13:16:48]     Test class counts:  [10, 10, 10, 10]
[2026-03-31 13:16:48] Building model with input window duration: 4.1875 s
[2026-03-31 13:16:48] Pretrained weight loading:
[2026-03-31 13:16:48]   Downloaded keys:        179
[2026-03-31 13:16:48]   Filtered (transformer): 172
[2026-03-31 13:16:48]   Filtered (pos_encoder): 0
[2026-03-31 13:16:48]   Keys to load:           7
[2026-03-31 13:16:48]   Missing keys:           4
[2026-03-31 13:16:48]   Unexpected keys:        0
[2026-03-31 13:16:48]   Missing preview:        ['spatial_conv.1.weight', 'spatial_conv.1.bias', 'final_layer.1.weight', 'final_layer.1.bias']
[2026-03-31 13:16:48]   Unexpected preview:     []
[2026-03-31 13:16:48] Encoder freeze configuration:
[2026-03-31 13:16:48]   Total parameters:        18,192
[2026-03-31 13:16:48]   Trainable parameters:    4,352
[2026-03-31 13:16:48]   Training percentage:     23.9%
[2026-03-31 13:16:48]   Trainable layers: 4
[2026-03-31 13:16:48]     - final_layer.1.bias
[2026-03-31 13:16:48]     - final_layer.1.weight
[2026-03-31 13:16:48]     - spatial_conv.1.bias
[2026-03-31 13:16:48]     - spatial_conv.1.weight
[2026-03-31 13:16:48]     Train generator seeded: True
[2026-03-31 13:17:18]     Stopped epoch:            388
[2026-03-31 13:17:18]     Best epoch (valid_loss):  338
[2026-03-31 13:17:18]     Best valid_loss:          1.1214575171470642
[2026-03-31 13:17:18]     Test accuracy (primary):  0.5750
[2026-03-31 13:17:18]     Test balanced acc:        0.5750
[2026-03-31 13:17:18]     Confusion matrix:         [[6, 1, 0, 3], [1, 7, 1, 1], [2, 2, 6, 0], [0, 4, 2, 4]]
[2026-03-31 13:17:18]     Prediction histogram:     [9, 14, 9, 8]
[2026-03-31 13:17:18]     fold_acc=0.5750 fold_bal_acc=0.5750 cm=[[6, 1, 0, 3], [1, 7, 1, 1], [2, 2, 6, 0], [0, 4, 2, 4]]
[2026-03-31 13:17:18]   Subject 51 Fold 3 seed: 5110
[2026-03-31 13:17:18]   Subject 51 Fold 3: n_train=128 n_val=32 n_test=40
[2026-03-31 13:17:18]     Train class counts: [32, 32, 32, 32]
[2026-03-31 13:17:18]     Val class counts:   [8, 8, 8, 8]
[2026-03-31 13:17:18]     Test class counts:  [10, 10, 10, 10]
[2026-03-31 13:17:18] Building model with input window duration: 4.1875 s
[2026-03-31 13:17:18] Pretrained weight loading:
[2026-03-31 13:17:18]   Downloaded keys:        179
[2026-03-31 13:17:18]   Filtered (transformer): 172
[2026-03-31 13:17:18]   Filtered (pos_encoder): 0
[2026-03-31 13:17:18]   Keys to load:           7
[2026-03-31 13:17:18]   Missing keys:           4
[2026-03-31 13:17:18]   Unexpected keys:        0
[2026-03-31 13:17:18]   Missing preview:        ['spatial_conv.1.weight', 'spatial_conv.1.bias', 'final_layer.1.weight', 'final_layer.1.bias']
[2026-03-31 13:17:18]   Unexpected preview:     []
[2026-03-31 13:17:18] Encoder freeze configuration:
[2026-03-31 13:17:18]   Total parameters:        18,192
[2026-03-31 13:17:18]   Trainable parameters:    4,352
[2026-03-31 13:17:18]   Training percentage:     23.9%
[2026-03-31 13:17:18]   Trainable layers: 4
[2026-03-31 13:17:18]     - final_layer.1.bias
[2026-03-31 13:17:18]     - final_layer.1.weight
[2026-03-31 13:17:18]     - spatial_conv.1.bias
[2026-03-31 13:17:18]     - spatial_conv.1.weight
[2026-03-31 13:17:18]     Train generator seeded: True
[2026-03-31 13:17:22]     Stopped epoch:            51
[2026-03-31 13:17:22]     Best epoch (valid_loss):  1
[2026-03-31 13:17:22]     Best valid_loss:          1.386373519897461
[2026-03-31 13:17:22]     Test accuracy (primary):  0.2500
[2026-03-31 13:17:22]     Test balanced acc:        0.2500
[2026-03-31 13:17:22]     Confusion matrix:         [[0, 0, 10, 0], [0, 0, 9, 1], [0, 0, 10, 0], [0, 0, 10, 0]]
[2026-03-31 13:17:22]     Prediction histogram:     [0, 0, 39, 1]
[2026-03-31 13:17:22]     fold_acc=0.2500 fold_bal_acc=0.2500 cm=[[0, 0, 10, 0], [0, 0, 9, 1], [0, 0, 10, 0], [0, 0, 10, 0]]
[2026-03-31 13:17:22]   Subject 51 Fold 4 seed: 5111
[2026-03-31 13:17:22]   Subject 51 Fold 4: n_train=128 n_val=32 n_test=40
[2026-03-31 13:17:22]     Train class counts: [32, 32, 32, 32]
[2026-03-31 13:17:22]     Val class counts:   [8, 8, 8, 8]
[2026-03-31 13:17:22]     Test class counts:  [10, 10, 10, 10]
[2026-03-31 13:17:22] Building model with input window duration: 4.1875 s
[2026-03-31 13:17:22] Pretrained weight loading:
[2026-03-31 13:17:22]   Downloaded keys:        179
[2026-03-31 13:17:22]   Filtered (transformer): 172
[2026-03-31 13:17:22]   Filtered (pos_encoder): 0
[2026-03-31 13:17:22]   Keys to load:           7
[2026-03-31 13:17:22]   Missing keys:           4
[2026-03-31 13:17:22]   Unexpected keys:        0
[2026-03-31 13:17:22]   Missing preview:        ['spatial_conv.1.weight', 'spatial_conv.1.bias', 'final_layer.1.weight', 'final_layer.1.bias']
[2026-03-31 13:17:22]   Unexpected preview:     []
[2026-03-31 13:17:22] Encoder freeze configuration:
[2026-03-31 13:17:22]   Total parameters:        18,192
[2026-03-31 13:17:22]   Trainable parameters:    4,352
[2026-03-31 13:17:22]   Training percentage:     23.9%
[2026-03-31 13:17:22]   Trainable layers: 4
[2026-03-31 13:17:22]     - final_layer.1.bias
[2026-03-31 13:17:22]     - final_layer.1.weight
[2026-03-31 13:17:22]     - spatial_conv.1.bias
[2026-03-31 13:17:22]     - spatial_conv.1.weight
[2026-03-31 13:17:22]     Train generator seeded: True
[2026-03-31 13:17:36]     Stopped epoch:            160
[2026-03-31 13:17:36]     Best epoch (valid_loss):  110
[2026-03-31 13:17:36]     Best valid_loss:          1.2984285354614258
[2026-03-31 13:17:36]     Test accuracy (primary):  0.3000
[2026-03-31 13:17:36]     Test balanced acc:        0.3000
[2026-03-31 13:17:36]     Confusion matrix:         [[5, 3, 1, 1], [5, 1, 2, 2], [4, 3, 2, 1], [0, 2, 4, 4]]
[2026-03-31 13:17:36]     Prediction histogram:     [14, 9, 9, 8]
[2026-03-31 13:17:36]     fold_acc=0.3000 fold_bal_acc=0.3000 cm=[[5, 3, 1, 1], [5, 1, 2, 2], [4, 3, 2, 1], [0, 2, 4, 4]]
[2026-03-31 13:17:36]   Subject 51 Fold 5 seed: 5112
[2026-03-31 13:17:36]   Subject 51 Fold 5: n_train=128 n_val=32 n_test=40
[2026-03-31 13:17:36]     Train class counts: [32, 32, 32, 32]
[2026-03-31 13:17:36]     Val class counts:   [8, 8, 8, 8]
[2026-03-31 13:17:36]     Test class counts:  [10, 10, 10, 10]
[2026-03-31 13:17:36] Building model with input window duration: 4.1875 s
[2026-03-31 13:17:36] Pretrained weight loading:
[2026-03-31 13:17:36]   Downloaded keys:        179
[2026-03-31 13:17:36]   Filtered (transformer): 172
[2026-03-31 13:17:36]   Filtered (pos_encoder): 0
[2026-03-31 13:17:36]   Keys to load:           7
[2026-03-31 13:17:36]   Missing keys:           4
[2026-03-31 13:17:36]   Unexpected keys:        0
[2026-03-31 13:17:36]   Missing preview:        ['spatial_conv.1.weight', 'spatial_conv.1.bias', 'final_layer.1.weight', 'final_layer.1.bias']
[2026-03-31 13:17:36]   Unexpected preview:     []
[2026-03-31 13:17:36] Encoder freeze configuration:
[2026-03-31 13:17:36]   Total parameters:        18,192
[2026-03-31 13:17:36]   Trainable parameters:    4,352
[2026-03-31 13:17:36]   Training percentage:     23.9%
[2026-03-31 13:17:36]   Trainable layers: 4
[2026-03-31 13:17:36]     - final_layer.1.bias
[2026-03-31 13:17:36]     - final_layer.1.weight
[2026-03-31 13:17:36]     - spatial_conv.1.bias
[2026-03-31 13:17:36]     - spatial_conv.1.weight
[2026-03-31 13:17:36]     Train generator seeded: True
[2026-03-31 13:17:40]     Stopped epoch:            51
[2026-03-31 13:17:40]     Best epoch (valid_loss):  1
[2026-03-31 13:17:40]     Best valid_loss:          1.3846118450164795
[2026-03-31 13:17:40]     Test accuracy (primary):  0.2750
[2026-03-31 13:17:40]     Test balanced acc:        0.2750
[2026-03-31 13:17:40]     Confusion matrix:         [[0, 0, 2, 8], [0, 0, 1, 9], [1, 0, 2, 7], [0, 0, 1, 9]]
[2026-03-31 13:17:40]     Prediction histogram:     [1, 0, 6, 33]
[2026-03-31 13:17:40]     fold_acc=0.2750 fold_bal_acc=0.2750 cm=[[0, 0, 2, 8], [0, 0, 1, 9], [1, 0, 2, 7], [0, 0, 1, 9]]
[2026-03-31 13:17:40]   Subject 51 mean accuracy: 0.3950

[2026-03-31 13:17:40] Total folds completed: 5
[2026-03-31 13:17:40] ======================================================================
[2026-03-31 13:17:40] AGGREGATED RESULTS
[2026-03-31 13:17:40] ======================================================================
[2026-03-31 13:17:40]   Subject 51:  acc=0.3950±0.1478  bal_acc=0.3950±0.1478
[2026-03-31 13:17:40] ----------------------------------------------------------------------
[2026-03-31 13:17:40]   OVERALL:      acc=0.3950±0.1478  bal_acc=0.3950±0.1478
[2026-03-31 13:17:40] ======================================================================
[2026-03-31 13:17:40] CV results saved to:      /Users/vadim/Documents/School/Spring 2026/CSCE A698 Individual Research/EEG_JEPA/artifacts/lee-2019-fine-tuning/SSVEP/20260331_1316_657f9624/cv_results.json
[2026-03-31 13:17:40] Subject metrics saved to: /Users/vadim/Documents/School/Spring 2026/CSCE A698 Individual Research/EEG_JEPA/artifacts/lee-2019-fine-tuning/SSVEP/20260331_1316_657f9624/subject_metrics.json
[2026-03-31 13:17:40] Global metrics saved to:  /Users/vadim/Documents/School/Spring 2026/CSCE A698 Individual Research/EEG_JEPA/artifacts/lee-2019-fine-tuning/SSVEP/20260331_1316_657f9624/global_metrics.json
[2026-03-31 13:17:40] Run metadata saved to:    /Users/vadim/Documents/School/Spring 2026/CSCE A698 Individual Research/EEG_JEPA/artifacts/lee-2019-fine-tuning/SSVEP/20260331_1316_657f9624/run_metadata.json

[2026-03-31 13:17:40] All artifacts in: /Users/vadim/Documents/School/Spring 2026/CSCE A698 Individual Research/EEG_JEPA/artifacts/lee-2019-fine-tuning/SSVEP/20260331_1316_657f9624

[2026-03-31 13:17:40] ======================================================================
[2026-03-31 13:17:40] EXPERIMENT SUMMARY
[2026-03-31 13:17:40] ======================================================================
[2026-03-31 13:17:40] Run ID:    20260331_1316_657f9624
[2026-03-31 13:17:40] Artifacts: /Users/vadim/Documents/School/Spring 2026/CSCE A698 Individual Research/EEG_JEPA/artifacts/lee-2019-fine-tuning/SSVEP/20260331_1316_657f9624

[2026-03-31 13:17:40] Configuration:
[2026-03-31 13:17:40]   Subjects:          [51]
[2026-03-31 13:17:40]   Bandpass:          0.5-40.0 Hz
[2026-03-31 13:17:40]   Resample:          128 Hz
[2026-03-31 13:17:40]   CV folds:          5
[2026-03-31 13:17:40]   Learning rate:     0.001
[2026-03-31 13:17:40]   Batch size:        16
[2026-03-31 13:17:40]   Max epochs:        5000

[2026-03-31 13:17:40] Results:
[2026-03-31 13:17:40]   Mean Accuracy:          0.3950 ± 0.1478
[2026-03-31 13:17:40]   Mean Balanced Accuracy: 0.3950 ± 0.1478
