[2026-04-08 15:44:26] Using device: cpu
[2026-04-08 15:44:26] Seed control enabled: True
[2026-04-08 15:44:26] Base seed: 5
[2026-04-08 15:44:27] Seed initialized: 5
[2026-04-08 15:44:27] ======================================================================
[2026-04-08 15:44:27] CONFIGURATION
[2026-04-08 15:44:27] ======================================================================
[2026-04-08 15:44:27]   artifact_dir: /home/vegorov/Repos/eeg_jepa_research/artifacts/lee-2019-fine-tuning
[2026-04-08 15:44:27]   bandpass_high: 40.0
[2026-04-08 15:44:27]   bandpass_low: 0.5
[2026-04-08 15:44:27]   batch_size: 32
[2026-04-08 15:44:27]   convert_to_uV: True
[2026-04-08 15:44:27]   criterion: None
[2026-04-08 15:44:27]   cv_folds: 5
[2026-04-08 15:44:27]   device: auto
[2026-04-08 15:44:27]   early_stopping_patience: 50
[2026-04-08 15:44:27]   learning_rate: 0.005
[2026-04-08 15:44:27]   n_epochs: 5000
[2026-04-08 15:44:27]   normalization_method: None
[2026-04-08 15:44:27]   normalize: False
[2026-04-08 15:44:27]   optimizer: Adam
[2026-04-08 15:44:27]   paradigm: SSVEP
[2026-04-08 15:44:27]   pretrained_url: https://huggingface.co/braindecode/SignalJEPA/resolve/main/signal-jepa_16s-60_adeuwv4s.pth
[2026-04-08 15:44:27]   seed: 5
[2026-04-08 15:44:27]   set_eeg_reference: True
[2026-04-08 15:44:27]   set_seed: True
[2026-04-08 15:44:27]   sfreq: 128
[2026-04-08 15:44:27]   subjects_to_use: None
[2026-04-08 15:44:27]   val_split: 0.2
[2026-04-08 15:44:27] ======================================================================
[2026-04-08 15:44:27] Config saved to: /home/vegorov/Repos/eeg_jepa_research/artifacts/lee-2019-fine-tuning/SSVEP/20260408_1544_4c52a808/config.json
[2026-04-08 15:44:27] Epoch window configuration:
[2026-04-08 15:44:27]   Target sfreq:                128 Hz
[2026-04-08 15:44:27]   Target duration:             4.190000 s
[2026-04-08 15:44:27]   Window samples (rounded):    536
[2026-04-08 15:44:27]   Base trial samples (4.0 s):  512
[2026-04-08 15:44:27]   Trial stop offset samples:   24
[2026-04-08 15:44:27]   Effective window duration:   4.187500 s
[2026-04-08 15:44:27] Dataset code: Lee2019-SSVEP
[2026-04-08 15:44:27] Subjects Total: 54
[2026-04-08 15:44:27] Events: {'12.0': 1, '8.57': 2, '6.67': 3, '5.45': 4}
[2026-04-08 15:44:27] Interval: [0.0, 4.0]
[2026-04-08 15:44:27] Paradigm: ssvep
[2026-04-08 15:44:27] Selected subjects: [48, 49, 50, 51, 52, 53, 54]
[2026-04-08 15:44:27] Expected evaluation folds: 35

[2026-04-08 15:44:27] Building MOABBDataset for Lee2019_SSVEP...
[2026-04-08 15:45:28] MOABBDataset recordings loaded: 7
[2026-04-08 15:45:28] Discovered annotation descriptions (first recording): [np.str_('12.0'), np.str_('5.45'), np.str_('6.67'), np.str_('8.57')]
[2026-04-08 15:45:28] Dataset event_id mapping: {'12.0': 1, '8.57': 2, '6.67': 3, '5.45': 4}
[2026-04-08 15:45:28] Label map (event_code -> class_index): {1: 0, 2: 1, 3: 2, 4: 3}
[2026-04-08 15:45:28] Applying Braindecode preprocessors to MOABBDataset...
[2026-04-08 15:45:49] Preprocessing complete.

[2026-04-08 15:45:49] Post-preprocessing validation
[2026-04-08 15:45:49]   Recordings in DATASET: 7
[2026-04-08 15:45:49]   Unique subject IDs:    ['48', '49', '50', '51', '52', '53', '54']
[2026-04-08 15:45:49]   sfreq (first rec):     128.0 Hz
[2026-04-08 15:45:49]   EEG channel count:     62
[2026-04-08 15:45:49]   First 10 channels:     ['Fp1', 'Fp2', 'F7', 'F3', 'Fz', 'F4', 'F8', 'FC5', 'FC1', 'FC2']
[2026-04-08 15:45:49] Channel consistency summary:
[2026-04-08 15:45:49]   Checked runs: 7
[2026-04-08 15:45:49]   Unique channel counts: [62]
[2026-04-08 15:45:49]   Channel order consistent: True
[2026-04-08 15:45:49] Validated EEG channels: 62
[2026-04-08 15:45:49] First 10 EEG channels: ['Fp1', 'Fp2', 'F7', 'F3', 'Fz', 'F4', 'F8', 'FC5', 'FC1', 'FC2']
[2026-04-08 15:45:49] raw mean_abs=5.694107e+00
[2026-04-08 15:45:49] raw std=9.673204e+00
[2026-04-08 15:45:49] raw first5 channel std= [20.88084496 30.01218713  8.07836311  6.42235698  6.36959473]
[2026-04-08 15:45:49] Requested window samples: 536
[2026-04-08 15:45:49] Base trial samples:       512
[2026-04-08 15:45:49] Stop offset samples:      24
[2026-04-08 15:45:49] Global class counts: [175, 175, 175, 175]
[2026-04-08 15:45:49] Chance level (4-class): 0.25
[2026-04-08 15:45:49] One window shape: (62, 536)
[2026-04-08 15:45:49] One window label: 1
[2026-04-08 15:45:49] Window sample length expected=536, got=536
[2026-04-08 15:45:49] Subjects in window split: [48, 49, 50, 51, 52, 53, 54]
[2026-04-08 15:45:49] Summarizing per-subject windows...
[2026-04-08 15:45:49]   Subject 48: n_windows=100, window_shape=(62, 536), class_counts=[25, 25, 25, 25]
[2026-04-08 15:45:49]   Subject 49: n_windows=100, window_shape=(62, 536), class_counts=[25, 25, 25, 25]
[2026-04-08 15:45:49]   Subject 50: n_windows=100, window_shape=(62, 536), class_counts=[25, 25, 25, 25]
[2026-04-08 15:45:49]   Subject 51: n_windows=100, window_shape=(62, 536), class_counts=[25, 25, 25, 25]
[2026-04-08 15:45:49]   Subject 52: n_windows=100, window_shape=(62, 536), class_counts=[25, 25, 25, 25]
[2026-04-08 15:45:49]   Subject 53: n_windows=100, window_shape=(62, 536), class_counts=[25, 25, 25, 25]
[2026-04-08 15:45:49]   Subject 54: n_windows=100, window_shape=(62, 536), class_counts=[25, 25, 25, 25]
[2026-04-08 15:45:49]    subject_id  n_windows  n_channels  n_times      class_counts
0          48        100          62      536  [25, 25, 25, 25]
1          49        100          62      536  [25, 25, 25, 25]
2          50        100          62      536  [25, 25, 25, 25]
3          51        100          62      536  [25, 25, 25, 25]
4          52        100          62      536  [25, 25, 25, 25]
5          53        100          62      536  [25, 25, 25, 25]
6          54        100          62      536  [25, 25, 25, 25]
[2026-04-08 15:45:49] Window validation summary:
[2026-04-08 15:45:49]   Subject 48: n_windows=100 class_counts=[25, 25, 25, 25]
[2026-04-08 15:45:49]   Subject 49: n_windows=100 class_counts=[25, 25, 25, 25]
[2026-04-08 15:45:49]   Subject 50: n_windows=100 class_counts=[25, 25, 25, 25]
[2026-04-08 15:45:49]   Subject 51: n_windows=100 class_counts=[25, 25, 25, 25]
[2026-04-08 15:45:49]   Subject 52: n_windows=100 class_counts=[25, 25, 25, 25]
[2026-04-08 15:45:49]   Subject 53: n_windows=100 class_counts=[25, 25, 25, 25]
[2026-04-08 15:45:49]   Subject 54: n_windows=100 class_counts=[25, 25, 25, 25]

[2026-04-08 15:45:49] Validated sampling rate target: 128 Hz
[2026-04-08 15:45:49] Validated window sample count:   536
[2026-04-08 15:45:49] Validated window duration:       4.1875 s
[2026-04-08 15:45:49] Validated channel count:         62
[2026-04-08 15:45:49] Total windows retained:          700
[2026-04-08 15:45:49] Preprocessing sanity checks:
[2026-04-08 15:45:49]   One sample label: 1
[2026-04-08 15:45:49]   One sample shape: (62, 536)
[2026-04-08 15:45:49]   Mean(abs(signal)): 3.146920e+00
[2026-04-08 15:45:49]   Mean(signal):      0.000000e+00
[2026-04-08 15:45:49]   Std(signal):       4.050236e+00
[2026-04-08 15:45:49] Building model with input window duration: 4.1875 s
[2026-04-08 15:45:49] SignalJEPA_PreLocal instantiated successfully.
[2026-04-08 15:45:49]   Total parameters:     18,192
[2026-04-08 15:45:49]   Trainable parameters: 18,192
[2026-04-08 15:45:49] ======================================================================================================================================================
Layer (type (var_name):depth-idx)                  Input Shape               Output Shape              Param #                   Kernel Shape
======================================================================================================================================================
SignalJEPA_PreLocal (SignalJEPA_PreLocal)          [1, 62, 536]              [1, 4]                    --                        --
├─Sequential (spatial_conv): 1-1                   [1, 62, 536]              [1, 4, 536]               --                        --
│    └─Rearrange (0): 2-1                          [1, 62, 536]              [1, 1, 62, 536]           --                        --
│    └─Conv2d (1): 2-2                             [1, 1, 62, 536]           [1, 4, 1, 536]            252                       [62, 1]
│    └─Rearrange (2): 2-3                          [1, 4, 1, 536]            [1, 4, 536]               --                        --
├─_ConvFeatureEncoder (feature_encoder): 1-2       [1, 4, 536]               [1, 16, 64]               --                        --
│    └─Rearrange (0): 2-4                          [1, 4, 536]               [4, 1, 536]               --                        --
│    └─Sequential (1): 2-5                         [4, 1, 536]               [4, 8, 64]                --                        --
│    │    └─Conv1d (0): 3-1                        [4, 1, 536]               [4, 8, 64]                256                       [32]
│    │    └─Dropout (1): 3-2                       [4, 8, 64]                [4, 8, 64]                --                        --
│    │    └─GroupNorm (2): 3-3                     [4, 8, 64]                [4, 8, 64]                16                        --
│    │    └─GELU (3): 3-4                          [4, 8, 64]                [4, 8, 64]                --                        --
│    └─Sequential (2): 2-6                         [4, 8, 64]                [4, 16, 32]               --                        --
│    │    └─Conv1d (0): 3-5                        [4, 8, 64]                [4, 16, 32]               256                       [2]
│    │    └─Dropout (1): 3-6                       [4, 16, 32]               [4, 16, 32]               --                        --
│    │    └─GELU (2): 3-7                          [4, 16, 32]               [4, 16, 32]               --                        --
│    └─Sequential (3): 2-7                         [4, 16, 32]               [4, 32, 16]               --                        --
│    │    └─Conv1d (0): 3-8                        [4, 16, 32]               [4, 32, 16]               1,024                     [2]
│    │    └─Dropout (1): 3-9                       [4, 32, 16]               [4, 32, 16]               --                        --
│    │    └─GELU (2): 3-10                         [4, 32, 16]               [4, 32, 16]               --                        --
│    └─Sequential (4): 2-8                         [4, 32, 16]               [4, 64, 8]                --                        --
│    │    └─Conv1d (0): 3-11                       [4, 32, 16]               [4, 64, 8]                4,096                     [2]
│    │    └─Dropout (1): 3-12                      [4, 64, 8]                [4, 64, 8]                --                        --
│    │    └─GELU (2): 3-13                         [4, 64, 8]                [4, 64, 8]                --                        --
│    └─Sequential (5): 2-9                         [4, 64, 8]                [4, 64, 4]                --                        --
│    │    └─Conv1d (0): 3-14                       [4, 64, 8]                [4, 64, 4]                8,192                     [2]
│    │    └─Dropout (1): 3-15                      [4, 64, 4]                [4, 64, 4]                --                        --
│    │    └─GELU (2): 3-16                         [4, 64, 4]                [4, 64, 4]                --                        --
│    └─Rearrange (6): 2-10                         [4, 64, 4]                [1, 16, 64]               --                        --
├─Sequential (final_layer): 1-3                    [1, 16, 64]               [1, 4]                    --                        --
│    └─Flatten (0): 2-11                           [1, 16, 64]               [1, 1024]                 --                        --
│    └─Linear (1): 2-12                            [1, 1024]                 [1, 4]                    4,100                     --
======================================================================================================================================================
Total params: 18,192
Trainable params: 18,192
Non-trainable params: 0
Total mult-adds (Units.MEGABYTES): 0.57
======================================================================================================================================================
Input size (MB): 0.13
Forward/backward pass size (MB): 0.11
Params size (MB): 0.07
Estimated Total Size (MB): 0.31
======================================================================================================================================================
[2026-04-08 15:45:49] Initializing from 16s-60 pretrained checkpoint (Hugging Face):
[2026-04-08 15:45:49]   https://huggingface.co/braindecode/SignalJEPA/resolve/main/signal-jepa_16s-60_adeuwv4s.pth
[2026-04-08 15:45:49]   Downloaded 179 keys
[2026-04-08 15:45:49] ======================================================================
[2026-04-08 15:45:49] STARTING CROSS-VALIDATION
[2026-04-08 15:45:49] ======================================================================
[2026-04-08 15:45:49] Subjects:      [48, 49, 50, 51, 52, 53, 54]
[2026-04-08 15:45:49] CV folds:      5
[2026-04-08 15:45:49] Batch size:    32
[2026-04-08 15:45:49] Max epochs:    5000
[2026-04-08 15:45:49] Device:        cpu
[2026-04-08 15:45:49] Seed control:  True
[2026-04-08 15:45:49] Base seed:     5
[2026-04-08 15:45:49] ======================================================================

[2026-04-08 15:45:49] Subject 48: 100 windows | class_counts=[25, 25, 25, 25]
[2026-04-08 15:45:49]   Fold 1 class counts: train=[16, 16, 16, 16] val=[4, 4, 4, 4] test=[5, 5, 5, 5]
[2026-04-08 15:45:49]   Fold 2 class counts: train=[16, 16, 16, 16] val=[4, 4, 4, 4] test=[5, 5, 5, 5]
[2026-04-08 15:45:49]   Fold 3 class counts: train=[16, 16, 16, 16] val=[4, 4, 4, 4] test=[5, 5, 5, 5]
[2026-04-08 15:45:49]   Fold 4 class counts: train=[16, 16, 16, 16] val=[4, 4, 4, 4] test=[5, 5, 5, 5]
[2026-04-08 15:45:49]   Fold 5 class counts: train=[16, 16, 16, 16] val=[4, 4, 4, 4] test=[5, 5, 5, 5]
[2026-04-08 15:45:49]     Train class counts: [16, 16, 16, 16]
[2026-04-08 15:45:49]     Val class counts:   [4, 4, 4, 4]
[2026-04-08 15:45:49]     Test class counts:  [5, 5, 5, 5]
[2026-04-08 15:45:49] Building model with input window duration: 4.1875 s
[2026-04-08 15:45:49] Pretrained weight loading:
[2026-04-08 15:45:49]   Downloaded keys:        179
[2026-04-08 15:45:49]   Filtered (transformer): 172
[2026-04-08 15:45:49]   Filtered (pos_encoder): 0
[2026-04-08 15:45:49]   Keys to load:           7
[2026-04-08 15:45:49]   Missing keys:           4
[2026-04-08 15:45:49]   Unexpected keys:        0
[2026-04-08 15:45:49]   Missing preview:        ['spatial_conv.1.weight', 'spatial_conv.1.bias', 'final_layer.1.weight', 'final_layer.1.bias']
[2026-04-08 15:45:49]   Unexpected preview:     []
[2026-04-08 15:45:49] Trainable modules: spatial_conv + final_layer (4,352 / 18,192 params, 23.9%)
[2026-04-08 15:45:49]   - final_layer.1.bias
[2026-04-08 15:45:49]   - final_layer.1.weight
[2026-04-08 15:45:49]   - spatial_conv.1.bias
[2026-04-08 15:45:49]   - spatial_conv.1.weight
[2026-04-08 15:46:06]   Fold 1/5 | best_epoch=1725 | stop=1775 | val_loss=0.0373 | acc=0.9500 | bal_acc=0.9500
[2026-04-08 15:46:06]     Train class counts: [16, 16, 16, 16]
[2026-04-08 15:46:06]     Val class counts:   [4, 4, 4, 4]
[2026-04-08 15:46:06]     Test class counts:  [5, 5, 5, 5]
[2026-04-08 15:46:06] Building model with input window duration: 4.1875 s
[2026-04-08 15:46:06] Pretrained weight loading:
[2026-04-08 15:46:06]   Downloaded keys:        179
[2026-04-08 15:46:06]   Filtered (transformer): 172
[2026-04-08 15:46:06]   Filtered (pos_encoder): 0
[2026-04-08 15:46:06]   Keys to load:           7
[2026-04-08 15:46:06]   Missing keys:           4
[2026-04-08 15:46:06]   Unexpected keys:        0
[2026-04-08 15:46:06]   Missing preview:        ['spatial_conv.1.weight', 'spatial_conv.1.bias', 'final_layer.1.weight', 'final_layer.1.bias']
[2026-04-08 15:46:06]   Unexpected preview:     []
[2026-04-08 15:46:33]   Fold 2/5 | best_epoch=3012 | stop=3062 | val_loss=0.0041 | acc=0.9500 | bal_acc=0.9500
[2026-04-08 15:46:33]     Train class counts: [16, 16, 16, 16]
[2026-04-08 15:46:33]     Val class counts:   [4, 4, 4, 4]
[2026-04-08 15:46:33]     Test class counts:  [5, 5, 5, 5]
[2026-04-08 15:46:33] Building model with input window duration: 4.1875 s
[2026-04-08 15:46:33] Pretrained weight loading:
[2026-04-08 15:46:33]   Downloaded keys:        179
[2026-04-08 15:46:33]   Filtered (transformer): 172
[2026-04-08 15:46:33]   Filtered (pos_encoder): 0
[2026-04-08 15:46:33]   Keys to load:           7
[2026-04-08 15:46:33]   Missing keys:           4
[2026-04-08 15:46:33]   Unexpected keys:        0
[2026-04-08 15:46:33]   Missing preview:        ['spatial_conv.1.weight', 'spatial_conv.1.bias', 'final_layer.1.weight', 'final_layer.1.bias']
[2026-04-08 15:46:33]   Unexpected preview:     []
[2026-04-08 15:47:19]   Fold 3/5 | best_epoch=4982 | stop=5000 | val_loss=0.0007 | acc=1.0000 | bal_acc=1.0000
[2026-04-08 15:47:19]     Train class counts: [16, 16, 16, 16]
[2026-04-08 15:47:19]     Val class counts:   [4, 4, 4, 4]
[2026-04-08 15:47:19]     Test class counts:  [5, 5, 5, 5]
[2026-04-08 15:47:19] Building model with input window duration: 4.1875 s
[2026-04-08 15:47:19] Pretrained weight loading:
[2026-04-08 15:47:19]   Downloaded keys:        179
[2026-04-08 15:47:19]   Filtered (transformer): 172
[2026-04-08 15:47:19]   Filtered (pos_encoder): 0
[2026-04-08 15:47:19]   Keys to load:           7
[2026-04-08 15:47:19]   Missing keys:           4
[2026-04-08 15:47:19]   Unexpected keys:        0
[2026-04-08 15:47:19]   Missing preview:        ['spatial_conv.1.weight', 'spatial_conv.1.bias', 'final_layer.1.weight', 'final_layer.1.bias']
[2026-04-08 15:47:19]   Unexpected preview:     []
[2026-04-08 15:47:42]   Fold 4/5 | best_epoch=2417 | stop=2467 | val_loss=0.0243 | acc=1.0000 | bal_acc=1.0000
[2026-04-08 15:47:42]     Train class counts: [16, 16, 16, 16]
[2026-04-08 15:47:42]     Val class counts:   [4, 4, 4, 4]
[2026-04-08 15:47:42]     Test class counts:  [5, 5, 5, 5]
[2026-04-08 15:47:42] Building model with input window duration: 4.1875 s
[2026-04-08 15:47:42] Pretrained weight loading:
[2026-04-08 15:47:42]   Downloaded keys:        179
[2026-04-08 15:47:42]   Filtered (transformer): 172
[2026-04-08 15:47:42]   Filtered (pos_encoder): 0
[2026-04-08 15:47:42]   Keys to load:           7
[2026-04-08 15:47:42]   Missing keys:           4
[2026-04-08 15:47:42]   Unexpected keys:        0
[2026-04-08 15:47:42]   Missing preview:        ['spatial_conv.1.weight', 'spatial_conv.1.bias', 'final_layer.1.weight', 'final_layer.1.bias']
[2026-04-08 15:47:42]   Unexpected preview:     []
[2026-04-08 15:48:13]   Fold 5/5 | best_epoch=3439 | stop=3489 | val_loss=0.0507 | acc=1.0000 | bal_acc=1.0000
[2026-04-08 15:48:13]   Subject 48 summary: acc=0.9800±0.0245  bal_acc=0.9800±0.0245

[2026-04-08 15:48:13] Subject 49: 100 windows | class_counts=[25, 25, 25, 25]
[2026-04-08 15:48:13]   Fold 1 class counts: train=[16, 16, 16, 16] val=[4, 4, 4, 4] test=[5, 5, 5, 5]
[2026-04-08 15:48:13]   Fold 2 class counts: train=[16, 16, 16, 16] val=[4, 4, 4, 4] test=[5, 5, 5, 5]
[2026-04-08 15:48:13]   Fold 3 class counts: train=[16, 16, 16, 16] val=[4, 4, 4, 4] test=[5, 5, 5, 5]
[2026-04-08 15:48:13]   Fold 4 class counts: train=[16, 16, 16, 16] val=[4, 4, 4, 4] test=[5, 5, 5, 5]
[2026-04-08 15:48:13]   Fold 5 class counts: train=[16, 16, 16, 16] val=[4, 4, 4, 4] test=[5, 5, 5, 5]
[2026-04-08 15:48:13]     Train class counts: [16, 16, 16, 16]
[2026-04-08 15:48:13]     Val class counts:   [4, 4, 4, 4]
[2026-04-08 15:48:13]     Test class counts:  [5, 5, 5, 5]
[2026-04-08 15:48:13] Building model with input window duration: 4.1875 s
[2026-04-08 15:48:13] Pretrained weight loading:
[2026-04-08 15:48:13]   Downloaded keys:        179
[2026-04-08 15:48:13]   Filtered (transformer): 172
[2026-04-08 15:48:13]   Filtered (pos_encoder): 0
[2026-04-08 15:48:13]   Keys to load:           7
[2026-04-08 15:48:13]   Missing keys:           4
[2026-04-08 15:48:13]   Unexpected keys:        0
[2026-04-08 15:48:13]   Missing preview:        ['spatial_conv.1.weight', 'spatial_conv.1.bias', 'final_layer.1.weight', 'final_layer.1.bias']
[2026-04-08 15:48:13]   Unexpected preview:     []
[2026-04-08 15:48:25]   Fold 1/5 | best_epoch=1265 | stop=1315 | val_loss=0.3012 | acc=1.0000 | bal_acc=1.0000
[2026-04-08 15:48:25]     Train class counts: [16, 16, 16, 16]
[2026-04-08 15:48:25]     Val class counts:   [4, 4, 4, 4]
[2026-04-08 15:48:25]     Test class counts:  [5, 5, 5, 5]
[2026-04-08 15:48:25] Building model with input window duration: 4.1875 s
[2026-04-08 15:48:25] Pretrained weight loading:
[2026-04-08 15:48:25]   Downloaded keys:        179
[2026-04-08 15:48:25]   Filtered (transformer): 172
[2026-04-08 15:48:25]   Filtered (pos_encoder): 0
[2026-04-08 15:48:25]   Keys to load:           7
[2026-04-08 15:48:25]   Missing keys:           4
[2026-04-08 15:48:25]   Unexpected keys:        0
[2026-04-08 15:48:25]   Missing preview:        ['spatial_conv.1.weight', 'spatial_conv.1.bias', 'final_layer.1.weight', 'final_layer.1.bias']
[2026-04-08 15:48:25]   Unexpected preview:     []
[2026-04-08 15:48:36]   Fold 2/5 | best_epoch=1150 | stop=1200 | val_loss=0.3968 | acc=0.8000 | bal_acc=0.8000
[2026-04-08 15:48:36]     Train class counts: [16, 16, 16, 16]
[2026-04-08 15:48:36]     Val class counts:   [4, 4, 4, 4]
[2026-04-08 15:48:36]     Test class counts:  [5, 5, 5, 5]
[2026-04-08 15:48:36] Building model with input window duration: 4.1875 s
[2026-04-08 15:48:36] Pretrained weight loading:
[2026-04-08 15:48:36]   Downloaded keys:        179
[2026-04-08 15:48:36]   Filtered (transformer): 172
[2026-04-08 15:48:36]   Filtered (pos_encoder): 0
[2026-04-08 15:48:36]   Keys to load:           7
[2026-04-08 15:48:36]   Missing keys:           4
[2026-04-08 15:48:36]   Unexpected keys:        0
[2026-04-08 15:48:36]   Missing preview:        ['spatial_conv.1.weight', 'spatial_conv.1.bias', 'final_layer.1.weight', 'final_layer.1.bias']
[2026-04-08 15:48:36]   Unexpected preview:     []
[2026-04-08 15:48:40]   Fold 3/5 | best_epoch=433 | stop=483 | val_loss=0.5305 | acc=0.9000 | bal_acc=0.9000
[2026-04-08 15:48:40]     Train class counts: [16, 16, 16, 16]
[2026-04-08 15:48:40]     Val class counts:   [4, 4, 4, 4]
[2026-04-08 15:48:40]     Test class counts:  [5, 5, 5, 5]
[2026-04-08 15:48:40] Building model with input window duration: 4.1875 s
[2026-04-08 15:48:40] Pretrained weight loading:
[2026-04-08 15:48:40]   Downloaded keys:        179
[2026-04-08 15:48:40]   Filtered (transformer): 172
[2026-04-08 15:48:40]   Filtered (pos_encoder): 0
[2026-04-08 15:48:40]   Keys to load:           7
[2026-04-08 15:48:40]   Missing keys:           4
[2026-04-08 15:48:40]   Unexpected keys:        0
[2026-04-08 15:48:40]   Missing preview:        ['spatial_conv.1.weight', 'spatial_conv.1.bias', 'final_layer.1.weight', 'final_layer.1.bias']
[2026-04-08 15:48:40]   Unexpected preview:     []
[2026-04-08 15:48:57]   Fold 4/5 | best_epoch=1826 | stop=1876 | val_loss=0.1278 | acc=0.9500 | bal_acc=0.9500
[2026-04-08 15:48:57]     Train class counts: [16, 16, 16, 16]
[2026-04-08 15:48:57]     Val class counts:   [4, 4, 4, 4]
[2026-04-08 15:48:57]     Test class counts:  [5, 5, 5, 5]
[2026-04-08 15:48:57] Building model with input window duration: 4.1875 s
[2026-04-08 15:48:57] Pretrained weight loading:
[2026-04-08 15:48:57]   Downloaded keys:        179
[2026-04-08 15:48:57]   Filtered (transformer): 172
[2026-04-08 15:48:57]   Filtered (pos_encoder): 0
[2026-04-08 15:48:57]   Keys to load:           7
[2026-04-08 15:48:57]   Missing keys:           4
[2026-04-08 15:48:57]   Unexpected keys:        0
[2026-04-08 15:48:57]   Missing preview:        ['spatial_conv.1.weight', 'spatial_conv.1.bias', 'final_layer.1.weight', 'final_layer.1.bias']
[2026-04-08 15:48:57]   Unexpected preview:     []
[2026-04-08 15:49:11]   Fold 5/5 | best_epoch=1527 | stop=1577 | val_loss=0.1988 | acc=0.9000 | bal_acc=0.9000
[2026-04-08 15:49:11]   Subject 49 summary: acc=0.9100±0.0663  bal_acc=0.9100±0.0663

[2026-04-08 15:49:11] Subject 50: 100 windows | class_counts=[25, 25, 25, 25]
[2026-04-08 15:49:11]   Fold 1 class counts: train=[16, 16, 16, 16] val=[4, 4, 4, 4] test=[5, 5, 5, 5]
[2026-04-08 15:49:11]   Fold 2 class counts: train=[16, 16, 16, 16] val=[4, 4, 4, 4] test=[5, 5, 5, 5]
[2026-04-08 15:49:11]   Fold 3 class counts: train=[16, 16, 16, 16] val=[4, 4, 4, 4] test=[5, 5, 5, 5]
[2026-04-08 15:49:11]   Fold 4 class counts: train=[16, 16, 16, 16] val=[4, 4, 4, 4] test=[5, 5, 5, 5]
[2026-04-08 15:49:11]   Fold 5 class counts: train=[16, 16, 16, 16] val=[4, 4, 4, 4] test=[5, 5, 5, 5]
[2026-04-08 15:49:11]     Train class counts: [16, 16, 16, 16]
[2026-04-08 15:49:11]     Val class counts:   [4, 4, 4, 4]
[2026-04-08 15:49:11]     Test class counts:  [5, 5, 5, 5]
[2026-04-08 15:49:11] Building model with input window duration: 4.1875 s
[2026-04-08 15:49:11] Pretrained weight loading:
[2026-04-08 15:49:11]   Downloaded keys:        179
[2026-04-08 15:49:11]   Filtered (transformer): 172
[2026-04-08 15:49:11]   Filtered (pos_encoder): 0
[2026-04-08 15:49:11]   Keys to load:           7
[2026-04-08 15:49:11]   Missing keys:           4
[2026-04-08 15:49:11]   Unexpected keys:        0
[2026-04-08 15:49:11]   Missing preview:        ['spatial_conv.1.weight', 'spatial_conv.1.bias', 'final_layer.1.weight', 'final_layer.1.bias']
[2026-04-08 15:49:11]   Unexpected preview:     []
[2026-04-08 15:49:56]   Fold 1/5 | best_epoch=4993 | stop=5000 | val_loss=0.0192 | acc=1.0000 | bal_acc=1.0000
[2026-04-08 15:49:56]     Train class counts: [16, 16, 16, 16]
[2026-04-08 15:49:56]     Val class counts:   [4, 4, 4, 4]
[2026-04-08 15:49:56]     Test class counts:  [5, 5, 5, 5]
[2026-04-08 15:49:56] Building model with input window duration: 4.1875 s
[2026-04-08 15:49:56] Pretrained weight loading:
[2026-04-08 15:49:56]   Downloaded keys:        179
[2026-04-08 15:49:56]   Filtered (transformer): 172
[2026-04-08 15:49:56]   Filtered (pos_encoder): 0
[2026-04-08 15:49:56]   Keys to load:           7
[2026-04-08 15:49:56]   Missing keys:           4
[2026-04-08 15:49:56]   Unexpected keys:        0
[2026-04-08 15:49:56]   Missing preview:        ['spatial_conv.1.weight', 'spatial_conv.1.bias', 'final_layer.1.weight', 'final_layer.1.bias']
[2026-04-08 15:49:56]   Unexpected preview:     []
[2026-04-08 15:50:10]   Fold 2/5 | best_epoch=1464 | stop=1512 | val_loss=0.1009 | acc=1.0000 | bal_acc=1.0000
[2026-04-08 15:50:10]     Train class counts: [16, 16, 16, 16]
[2026-04-08 15:50:10]     Val class counts:   [4, 4, 4, 4]
[2026-04-08 15:50:10]     Test class counts:  [5, 5, 5, 5]
[2026-04-08 15:50:10] Building model with input window duration: 4.1875 s
[2026-04-08 15:50:10] Pretrained weight loading:
[2026-04-08 15:50:10]   Downloaded keys:        179
[2026-04-08 15:50:10]   Filtered (transformer): 172
[2026-04-08 15:50:10]   Filtered (pos_encoder): 0
[2026-04-08 15:50:10]   Keys to load:           7
[2026-04-08 15:50:10]   Missing keys:           4
[2026-04-08 15:50:10]   Unexpected keys:        0
[2026-04-08 15:50:10]   Missing preview:        ['spatial_conv.1.weight', 'spatial_conv.1.bias', 'final_layer.1.weight', 'final_layer.1.bias']
[2026-04-08 15:50:10]   Unexpected preview:     []
[2026-04-08 15:50:29]   Fold 3/5 | best_epoch=2116 | stop=2166 | val_loss=0.0261 | acc=1.0000 | bal_acc=1.0000
[2026-04-08 15:50:29]     Train class counts: [16, 16, 16, 16]
[2026-04-08 15:50:29]     Val class counts:   [4, 4, 4, 4]
[2026-04-08 15:50:29]     Test class counts:  [5, 5, 5, 5]
[2026-04-08 15:50:29] Building model with input window duration: 4.1875 s
[2026-04-08 15:50:29] Pretrained weight loading:
[2026-04-08 15:50:29]   Downloaded keys:        179
[2026-04-08 15:50:29]   Filtered (transformer): 172
[2026-04-08 15:50:29]   Filtered (pos_encoder): 0
[2026-04-08 15:50:29]   Keys to load:           7
[2026-04-08 15:50:29]   Missing keys:           4
[2026-04-08 15:50:29]   Unexpected keys:        0
[2026-04-08 15:50:29]   Missing preview:        ['spatial_conv.1.weight', 'spatial_conv.1.bias', 'final_layer.1.weight', 'final_layer.1.bias']
[2026-04-08 15:50:29]   Unexpected preview:     []
[2026-04-08 15:51:14]   Fold 4/5 | best_epoch=4991 | stop=5000 | val_loss=0.0172 | acc=0.9500 | bal_acc=0.9500
[2026-04-08 15:51:14]     Train class counts: [16, 16, 16, 16]
[2026-04-08 15:51:14]     Val class counts:   [4, 4, 4, 4]
[2026-04-08 15:51:14]     Test class counts:  [5, 5, 5, 5]
[2026-04-08 15:51:14] Building model with input window duration: 4.1875 s
[2026-04-08 15:51:14] Pretrained weight loading:
[2026-04-08 15:51:14]   Downloaded keys:        179
[2026-04-08 15:51:14]   Filtered (transformer): 172
[2026-04-08 15:51:14]   Filtered (pos_encoder): 0
[2026-04-08 15:51:14]   Keys to load:           7
[2026-04-08 15:51:14]   Missing keys:           4
[2026-04-08 15:51:14]   Unexpected keys:        0
[2026-04-08 15:51:14]   Missing preview:        ['spatial_conv.1.weight', 'spatial_conv.1.bias', 'final_layer.1.weight', 'final_layer.1.bias']
[2026-04-08 15:51:14]   Unexpected preview:     []
[2026-04-08 15:51:30]   Fold 5/5 | best_epoch=1725 | stop=1775 | val_loss=0.0782 | acc=1.0000 | bal_acc=1.0000
[2026-04-08 15:51:30]   Subject 50 summary: acc=0.9900±0.0200  bal_acc=0.9900±0.0200

[2026-04-08 15:51:30] Subject 51: 100 windows | class_counts=[25, 25, 25, 25]
[2026-04-08 15:51:30]   Fold 1 class counts: train=[16, 16, 16, 16] val=[4, 4, 4, 4] test=[5, 5, 5, 5]
[2026-04-08 15:51:30]   Fold 2 class counts: train=[16, 16, 16, 16] val=[4, 4, 4, 4] test=[5, 5, 5, 5]
[2026-04-08 15:51:30]   Fold 3 class counts: train=[16, 16, 16, 16] val=[4, 4, 4, 4] test=[5, 5, 5, 5]
[2026-04-08 15:51:30]   Fold 4 class counts: train=[16, 16, 16, 16] val=[4, 4, 4, 4] test=[5, 5, 5, 5]
[2026-04-08 15:51:30]   Fold 5 class counts: train=[16, 16, 16, 16] val=[4, 4, 4, 4] test=[5, 5, 5, 5]
[2026-04-08 15:51:30]     Train class counts: [16, 16, 16, 16]
[2026-04-08 15:51:30]     Val class counts:   [4, 4, 4, 4]
[2026-04-08 15:51:30]     Test class counts:  [5, 5, 5, 5]
[2026-04-08 15:51:30] Building model with input window duration: 4.1875 s
[2026-04-08 15:51:30] Pretrained weight loading:
[2026-04-08 15:51:30]   Downloaded keys:        179
[2026-04-08 15:51:30]   Filtered (transformer): 172
[2026-04-08 15:51:30]   Filtered (pos_encoder): 0
[2026-04-08 15:51:30]   Keys to load:           7
[2026-04-08 15:51:30]   Missing keys:           4
[2026-04-08 15:51:30]   Unexpected keys:        0
[2026-04-08 15:51:30]   Missing preview:        ['spatial_conv.1.weight', 'spatial_conv.1.bias', 'final_layer.1.weight', 'final_layer.1.bias']
[2026-04-08 15:51:30]   Unexpected preview:     []
[2026-04-08 15:51:31]   Fold 1/5 | best_epoch=16 | stop=66 | val_loss=1.3779 | acc=0.3500 | bal_acc=0.3500
[2026-04-08 15:51:31]     Train class counts: [16, 16, 16, 16]
[2026-04-08 15:51:31]     Val class counts:   [4, 4, 4, 4]
[2026-04-08 15:51:31]     Test class counts:  [5, 5, 5, 5]
[2026-04-08 15:51:31] Building model with input window duration: 4.1875 s
[2026-04-08 15:51:31] Pretrained weight loading:
[2026-04-08 15:51:31]   Downloaded keys:        179
[2026-04-08 15:51:31]   Filtered (transformer): 172
[2026-04-08 15:51:31]   Filtered (pos_encoder): 0
[2026-04-08 15:51:31]   Keys to load:           7
[2026-04-08 15:51:31]   Missing keys:           4
[2026-04-08 15:51:31]   Unexpected keys:        0
[2026-04-08 15:51:31]   Missing preview:        ['spatial_conv.1.weight', 'spatial_conv.1.bias', 'final_layer.1.weight', 'final_layer.1.bias']
[2026-04-08 15:51:31]   Unexpected preview:     []
[2026-04-08 15:51:34]   Fold 2/5 | best_epoch=254 | stop=298 | val_loss=1.0359 | acc=0.4000 | bal_acc=0.4000
[2026-04-08 15:51:34]     Train class counts: [16, 16, 16, 16]
[2026-04-08 15:51:34]     Val class counts:   [4, 4, 4, 4]
[2026-04-08 15:51:34]     Test class counts:  [5, 5, 5, 5]
[2026-04-08 15:51:34] Building model with input window duration: 4.1875 s
[2026-04-08 15:51:34] Pretrained weight loading:
[2026-04-08 15:51:34]   Downloaded keys:        179
[2026-04-08 15:51:34]   Filtered (transformer): 172
[2026-04-08 15:51:34]   Filtered (pos_encoder): 0
[2026-04-08 15:51:34]   Keys to load:           7
[2026-04-08 15:51:34]   Missing keys:           4
[2026-04-08 15:51:34]   Unexpected keys:        0
[2026-04-08 15:51:34]   Missing preview:        ['spatial_conv.1.weight', 'spatial_conv.1.bias', 'final_layer.1.weight', 'final_layer.1.bias']
[2026-04-08 15:51:34]   Unexpected preview:     []
[2026-04-08 15:51:36]   Fold 3/5 | best_epoch=250 | stop=300 | val_loss=1.1683 | acc=0.4000 | bal_acc=0.4000
[2026-04-08 15:51:36]     Train class counts: [16, 16, 16, 16]
[2026-04-08 15:51:36]     Val class counts:   [4, 4, 4, 4]
[2026-04-08 15:51:36]     Test class counts:  [5, 5, 5, 5]
[2026-04-08 15:51:36] Building model with input window duration: 4.1875 s
[2026-04-08 15:51:36] Pretrained weight loading:
[2026-04-08 15:51:36]   Downloaded keys:        179
[2026-04-08 15:51:36]   Filtered (transformer): 172
[2026-04-08 15:51:36]   Filtered (pos_encoder): 0
[2026-04-08 15:51:36]   Keys to load:           7
[2026-04-08 15:51:36]   Missing keys:           4
[2026-04-08 15:51:36]   Unexpected keys:        0
[2026-04-08 15:51:36]   Missing preview:        ['spatial_conv.1.weight', 'spatial_conv.1.bias', 'final_layer.1.weight', 'final_layer.1.bias']
[2026-04-08 15:51:36]   Unexpected preview:     []
[2026-04-08 15:51:38]   Fold 4/5 | best_epoch=122 | stop=172 | val_loss=1.2973 | acc=0.5000 | bal_acc=0.5000
[2026-04-08 15:51:38]     Train class counts: [16, 16, 16, 16]
[2026-04-08 15:51:38]     Val class counts:   [4, 4, 4, 4]
[2026-04-08 15:51:38]     Test class counts:  [5, 5, 5, 5]
[2026-04-08 15:51:38] Building model with input window duration: 4.1875 s
[2026-04-08 15:51:38] Pretrained weight loading:
[2026-04-08 15:51:38]   Downloaded keys:        179
[2026-04-08 15:51:38]   Filtered (transformer): 172
[2026-04-08 15:51:38]   Filtered (pos_encoder): 0
[2026-04-08 15:51:38]   Keys to load:           7
[2026-04-08 15:51:38]   Missing keys:           4
[2026-04-08 15:51:38]   Unexpected keys:        0
[2026-04-08 15:51:38]   Missing preview:        ['spatial_conv.1.weight', 'spatial_conv.1.bias', 'final_layer.1.weight', 'final_layer.1.bias']
[2026-04-08 15:51:38]   Unexpected preview:     []
[2026-04-08 15:51:38]   Fold 5/5 | best_epoch=12 | stop=61 | val_loss=1.3809 | acc=0.2000 | bal_acc=0.2000
[2026-04-08 15:51:38]   Subject 51 summary: acc=0.3700±0.0980  bal_acc=0.3700±0.0980

[2026-04-08 15:51:38] Subject 52: 100 windows | class_counts=[25, 25, 25, 25]
[2026-04-08 15:51:38]   Fold 1 class counts: train=[16, 16, 16, 16] val=[4, 4, 4, 4] test=[5, 5, 5, 5]
[2026-04-08 15:51:38]   Fold 2 class counts: train=[16, 16, 16, 16] val=[4, 4, 4, 4] test=[5, 5, 5, 5]
[2026-04-08 15:51:38]   Fold 3 class counts: train=[16, 16, 16, 16] val=[4, 4, 4, 4] test=[5, 5, 5, 5]
[2026-04-08 15:51:38]   Fold 4 class counts: train=[16, 16, 16, 16] val=[4, 4, 4, 4] test=[5, 5, 5, 5]
[2026-04-08 15:51:38]   Fold 5 class counts: train=[16, 16, 16, 16] val=[4, 4, 4, 4] test=[5, 5, 5, 5]
[2026-04-08 15:51:38]     Train class counts: [16, 16, 16, 16]
[2026-04-08 15:51:38]     Val class counts:   [4, 4, 4, 4]
[2026-04-08 15:51:38]     Test class counts:  [5, 5, 5, 5]
[2026-04-08 15:51:38] Building model with input window duration: 4.1875 s
[2026-04-08 15:51:38] Pretrained weight loading:
[2026-04-08 15:51:38]   Downloaded keys:        179
[2026-04-08 15:51:38]   Filtered (transformer): 172
[2026-04-08 15:51:38]   Filtered (pos_encoder): 0
[2026-04-08 15:51:38]   Keys to load:           7
[2026-04-08 15:51:38]   Missing keys:           4
[2026-04-08 15:51:38]   Unexpected keys:        0
[2026-04-08 15:51:38]   Missing preview:        ['spatial_conv.1.weight', 'spatial_conv.1.bias', 'final_layer.1.weight', 'final_layer.1.bias']
[2026-04-08 15:51:38]   Unexpected preview:     []
[2026-04-08 15:51:49]   Fold 1/5 | best_epoch=1109 | stop=1159 | val_loss=0.1589 | acc=1.0000 | bal_acc=1.0000
[2026-04-08 15:51:49]     Train class counts: [16, 16, 16, 16]
[2026-04-08 15:51:49]     Val class counts:   [4, 4, 4, 4]
[2026-04-08 15:51:49]     Test class counts:  [5, 5, 5, 5]
[2026-04-08 15:51:49] Building model with input window duration: 4.1875 s
[2026-04-08 15:51:49] Pretrained weight loading:
[2026-04-08 15:51:49]   Downloaded keys:        179
[2026-04-08 15:51:49]   Filtered (transformer): 172
[2026-04-08 15:51:49]   Filtered (pos_encoder): 0
[2026-04-08 15:51:49]   Keys to load:           7
[2026-04-08 15:51:49]   Missing keys:           4
[2026-04-08 15:51:49]   Unexpected keys:        0
[2026-04-08 15:51:49]   Missing preview:        ['spatial_conv.1.weight', 'spatial_conv.1.bias', 'final_layer.1.weight', 'final_layer.1.bias']
[2026-04-08 15:51:49]   Unexpected preview:     []
[2026-04-08 15:52:23]   Fold 2/5 | best_epoch=3810 | stop=3860 | val_loss=0.0071 | acc=0.9500 | bal_acc=0.9500
[2026-04-08 15:52:23]     Train class counts: [16, 16, 16, 16]
[2026-04-08 15:52:23]     Val class counts:   [4, 4, 4, 4]
[2026-04-08 15:52:23]     Test class counts:  [5, 5, 5, 5]
[2026-04-08 15:52:23] Building model with input window duration: 4.1875 s
[2026-04-08 15:52:23] Pretrained weight loading:
[2026-04-08 15:52:23]   Downloaded keys:        179
[2026-04-08 15:52:23]   Filtered (transformer): 172
[2026-04-08 15:52:23]   Filtered (pos_encoder): 0
[2026-04-08 15:52:23]   Keys to load:           7
[2026-04-08 15:52:23]   Missing keys:           4
[2026-04-08 15:52:23]   Unexpected keys:        0
[2026-04-08 15:52:23]   Missing preview:        ['spatial_conv.1.weight', 'spatial_conv.1.bias', 'final_layer.1.weight', 'final_layer.1.bias']
[2026-04-08 15:52:23]   Unexpected preview:     []
[2026-04-08 15:52:40]   Fold 3/5 | best_epoch=1786 | stop=1836 | val_loss=0.1303 | acc=0.9500 | bal_acc=0.9500
[2026-04-08 15:52:40]     Train class counts: [16, 16, 16, 16]
[2026-04-08 15:52:40]     Val class counts:   [4, 4, 4, 4]
[2026-04-08 15:52:40]     Test class counts:  [5, 5, 5, 5]
[2026-04-08 15:52:40] Building model with input window duration: 4.1875 s
[2026-04-08 15:52:40] Pretrained weight loading:
[2026-04-08 15:52:40]   Downloaded keys:        179
[2026-04-08 15:52:40]   Filtered (transformer): 172
[2026-04-08 15:52:40]   Filtered (pos_encoder): 0
[2026-04-08 15:52:40]   Keys to load:           7
[2026-04-08 15:52:40]   Missing keys:           4
[2026-04-08 15:52:40]   Unexpected keys:        0
[2026-04-08 15:52:40]   Missing preview:        ['spatial_conv.1.weight', 'spatial_conv.1.bias', 'final_layer.1.weight', 'final_layer.1.bias']
[2026-04-08 15:52:40]   Unexpected preview:     []
[2026-04-08 15:52:44]   Fold 4/5 | best_epoch=443 | stop=493 | val_loss=0.2534 | acc=0.9500 | bal_acc=0.9500
[2026-04-08 15:52:44]     Train class counts: [16, 16, 16, 16]
[2026-04-08 15:52:44]     Val class counts:   [4, 4, 4, 4]
[2026-04-08 15:52:44]     Test class counts:  [5, 5, 5, 5]
[2026-04-08 15:52:44] Building model with input window duration: 4.1875 s
[2026-04-08 15:52:44] Pretrained weight loading:
[2026-04-08 15:52:44]   Downloaded keys:        179
[2026-04-08 15:52:44]   Filtered (transformer): 172
[2026-04-08 15:52:44]   Filtered (pos_encoder): 0
[2026-04-08 15:52:44]   Keys to load:           7
[2026-04-08 15:52:44]   Missing keys:           4
[2026-04-08 15:52:44]   Unexpected keys:        0
[2026-04-08 15:52:44]   Missing preview:        ['spatial_conv.1.weight', 'spatial_conv.1.bias', 'final_layer.1.weight', 'final_layer.1.bias']
[2026-04-08 15:52:44]   Unexpected preview:     []
[2026-04-08 15:52:55]   Fold 5/5 | best_epoch=1175 | stop=1225 | val_loss=0.1140 | acc=1.0000 | bal_acc=1.0000
[2026-04-08 15:52:55]   Subject 52 summary: acc=0.9700±0.0245  bal_acc=0.9700±0.0245

[2026-04-08 15:52:55] Subject 53: 100 windows | class_counts=[25, 25, 25, 25]
[2026-04-08 15:52:55]   Fold 1 class counts: train=[16, 16, 16, 16] val=[4, 4, 4, 4] test=[5, 5, 5, 5]
[2026-04-08 15:52:55]   Fold 2 class counts: train=[16, 16, 16, 16] val=[4, 4, 4, 4] test=[5, 5, 5, 5]
[2026-04-08 15:52:55]   Fold 3 class counts: train=[16, 16, 16, 16] val=[4, 4, 4, 4] test=[5, 5, 5, 5]
[2026-04-08 15:52:55]   Fold 4 class counts: train=[16, 16, 16, 16] val=[4, 4, 4, 4] test=[5, 5, 5, 5]
[2026-04-08 15:52:55]   Fold 5 class counts: train=[16, 16, 16, 16] val=[4, 4, 4, 4] test=[5, 5, 5, 5]
[2026-04-08 15:52:55]     Train class counts: [16, 16, 16, 16]
[2026-04-08 15:52:55]     Val class counts:   [4, 4, 4, 4]
[2026-04-08 15:52:55]     Test class counts:  [5, 5, 5, 5]
[2026-04-08 15:52:55] Building model with input window duration: 4.1875 s
[2026-04-08 15:52:55] Pretrained weight loading:
[2026-04-08 15:52:55]   Downloaded keys:        179
[2026-04-08 15:52:55]   Filtered (transformer): 172
[2026-04-08 15:52:55]   Filtered (pos_encoder): 0
[2026-04-08 15:52:55]   Keys to load:           7
[2026-04-08 15:52:55]   Missing keys:           4
[2026-04-08 15:52:55]   Unexpected keys:        0
[2026-04-08 15:52:55]   Missing preview:        ['spatial_conv.1.weight', 'spatial_conv.1.bias', 'final_layer.1.weight', 'final_layer.1.bias']
[2026-04-08 15:52:55]   Unexpected preview:     []
[2026-04-08 15:52:59]   Fold 1/5 | best_epoch=393 | stop=443 | val_loss=0.1419 | acc=1.0000 | bal_acc=1.0000
[2026-04-08 15:52:59]     Train class counts: [16, 16, 16, 16]
[2026-04-08 15:52:59]     Val class counts:   [4, 4, 4, 4]
[2026-04-08 15:52:59]     Test class counts:  [5, 5, 5, 5]
[2026-04-08 15:52:59] Building model with input window duration: 4.1875 s
[2026-04-08 15:52:59] Pretrained weight loading:
[2026-04-08 15:52:59]   Downloaded keys:        179
[2026-04-08 15:52:59]   Filtered (transformer): 172
[2026-04-08 15:52:59]   Filtered (pos_encoder): 0
[2026-04-08 15:52:59]   Keys to load:           7
[2026-04-08 15:52:59]   Missing keys:           4
[2026-04-08 15:52:59]   Unexpected keys:        0
[2026-04-08 15:52:59]   Missing preview:        ['spatial_conv.1.weight', 'spatial_conv.1.bias', 'final_layer.1.weight', 'final_layer.1.bias']
[2026-04-08 15:52:59]   Unexpected preview:     []
[2026-04-08 15:53:44]   Fold 2/5 | best_epoch=4993 | stop=5000 | val_loss=0.0013 | acc=1.0000 | bal_acc=1.0000
[2026-04-08 15:53:44]     Train class counts: [16, 16, 16, 16]
[2026-04-08 15:53:44]     Val class counts:   [4, 4, 4, 4]
[2026-04-08 15:53:44]     Test class counts:  [5, 5, 5, 5]
[2026-04-08 15:53:44] Building model with input window duration: 4.1875 s
[2026-04-08 15:53:44] Pretrained weight loading:
[2026-04-08 15:53:44]   Downloaded keys:        179
[2026-04-08 15:53:44]   Filtered (transformer): 172
[2026-04-08 15:53:44]   Filtered (pos_encoder): 0
[2026-04-08 15:53:44]   Keys to load:           7
[2026-04-08 15:53:44]   Missing keys:           4
[2026-04-08 15:53:44]   Unexpected keys:        0
[2026-04-08 15:53:44]   Missing preview:        ['spatial_conv.1.weight', 'spatial_conv.1.bias', 'final_layer.1.weight', 'final_layer.1.bias']
[2026-04-08 15:53:44]   Unexpected preview:     []
[2026-04-08 15:54:30]   Fold 3/5 | best_epoch=4959 | stop=5000 | val_loss=0.0060 | acc=1.0000 | bal_acc=1.0000
[2026-04-08 15:54:30]     Train class counts: [16, 16, 16, 16]
[2026-04-08 15:54:30]     Val class counts:   [4, 4, 4, 4]
[2026-04-08 15:54:30]     Test class counts:  [5, 5, 5, 5]
[2026-04-08 15:54:30] Building model with input window duration: 4.1875 s
[2026-04-08 15:54:30] Pretrained weight loading:
[2026-04-08 15:54:30]   Downloaded keys:        179
[2026-04-08 15:54:30]   Filtered (transformer): 172
[2026-04-08 15:54:30]   Filtered (pos_encoder): 0
[2026-04-08 15:54:30]   Keys to load:           7
[2026-04-08 15:54:30]   Missing keys:           4
[2026-04-08 15:54:30]   Unexpected keys:        0
[2026-04-08 15:54:30]   Missing preview:        ['spatial_conv.1.weight', 'spatial_conv.1.bias', 'final_layer.1.weight', 'final_layer.1.bias']
[2026-04-08 15:54:30]   Unexpected preview:     []
[2026-04-08 15:54:33]   Fold 4/5 | best_epoch=302 | stop=352 | val_loss=0.3023 | acc=1.0000 | bal_acc=1.0000
[2026-04-08 15:54:33]     Train class counts: [16, 16, 16, 16]
[2026-04-08 15:54:33]     Val class counts:   [4, 4, 4, 4]
[2026-04-08 15:54:33]     Test class counts:  [5, 5, 5, 5]
[2026-04-08 15:54:33] Building model with input window duration: 4.1875 s
[2026-04-08 15:54:33] Pretrained weight loading:
[2026-04-08 15:54:33]   Downloaded keys:        179
[2026-04-08 15:54:33]   Filtered (transformer): 172
[2026-04-08 15:54:33]   Filtered (pos_encoder): 0
[2026-04-08 15:54:33]   Keys to load:           7
[2026-04-08 15:54:33]   Missing keys:           4
[2026-04-08 15:54:33]   Unexpected keys:        0
[2026-04-08 15:54:33]   Missing preview:        ['spatial_conv.1.weight', 'spatial_conv.1.bias', 'final_layer.1.weight', 'final_layer.1.bias']
[2026-04-08 15:54:33]   Unexpected preview:     []
[2026-04-08 15:55:20]   Fold 5/5 | best_epoch=4982 | stop=5000 | val_loss=0.0010 | acc=1.0000 | bal_acc=1.0000
[2026-04-08 15:55:20]   Subject 53 summary: acc=1.0000±0.0000  bal_acc=1.0000±0.0000

[2026-04-08 15:55:20] Subject 54: 100 windows | class_counts=[25, 25, 25, 25]
[2026-04-08 15:55:20]   Fold 1 class counts: train=[16, 16, 16, 16] val=[4, 4, 4, 4] test=[5, 5, 5, 5]
[2026-04-08 15:55:20]   Fold 2 class counts: train=[16, 16, 16, 16] val=[4, 4, 4, 4] test=[5, 5, 5, 5]
[2026-04-08 15:55:20]   Fold 3 class counts: train=[16, 16, 16, 16] val=[4, 4, 4, 4] test=[5, 5, 5, 5]
[2026-04-08 15:55:20]   Fold 4 class counts: train=[16, 16, 16, 16] val=[4, 4, 4, 4] test=[5, 5, 5, 5]
[2026-04-08 15:55:20]   Fold 5 class counts: train=[16, 16, 16, 16] val=[4, 4, 4, 4] test=[5, 5, 5, 5]
[2026-04-08 15:55:20]     Train class counts: [16, 16, 16, 16]
[2026-04-08 15:55:20]     Val class counts:   [4, 4, 4, 4]
[2026-04-08 15:55:20]     Test class counts:  [5, 5, 5, 5]
[2026-04-08 15:55:20] Building model with input window duration: 4.1875 s
[2026-04-08 15:55:20] Pretrained weight loading:
[2026-04-08 15:55:20]   Downloaded keys:        179
[2026-04-08 15:55:20]   Filtered (transformer): 172
[2026-04-08 15:55:20]   Filtered (pos_encoder): 0
[2026-04-08 15:55:20]   Keys to load:           7
[2026-04-08 15:55:20]   Missing keys:           4
[2026-04-08 15:55:20]   Unexpected keys:        0
[2026-04-08 15:55:20]   Missing preview:        ['spatial_conv.1.weight', 'spatial_conv.1.bias', 'final_layer.1.weight', 'final_layer.1.bias']
[2026-04-08 15:55:20]   Unexpected preview:     []
[2026-04-08 15:55:30]   Fold 1/5 | best_epoch=1097 | stop=1147 | val_loss=0.1782 | acc=0.8500 | bal_acc=0.8500
[2026-04-08 15:55:30]     Train class counts: [16, 16, 16, 16]
[2026-04-08 15:55:30]     Val class counts:   [4, 4, 4, 4]
[2026-04-08 15:55:30]     Test class counts:  [5, 5, 5, 5]
[2026-04-08 15:55:30] Building model with input window duration: 4.1875 s
[2026-04-08 15:55:30] Pretrained weight loading:
[2026-04-08 15:55:30]   Downloaded keys:        179
[2026-04-08 15:55:30]   Filtered (transformer): 172
[2026-04-08 15:55:30]   Filtered (pos_encoder): 0
[2026-04-08 15:55:30]   Keys to load:           7
[2026-04-08 15:55:30]   Missing keys:           4
[2026-04-08 15:55:30]   Unexpected keys:        0
[2026-04-08 15:55:30]   Missing preview:        ['spatial_conv.1.weight', 'spatial_conv.1.bias', 'final_layer.1.weight', 'final_layer.1.bias']
[2026-04-08 15:55:30]   Unexpected preview:     []
[2026-04-08 15:55:33]   Fold 2/5 | best_epoch=305 | stop=355 | val_loss=0.6633 | acc=0.8000 | bal_acc=0.8000
[2026-04-08 15:55:33]     Train class counts: [16, 16, 16, 16]
[2026-04-08 15:55:33]     Val class counts:   [4, 4, 4, 4]
[2026-04-08 15:55:33]     Test class counts:  [5, 5, 5, 5]
[2026-04-08 15:55:33] Building model with input window duration: 4.1875 s
[2026-04-08 15:55:33] Pretrained weight loading:
[2026-04-08 15:55:33]   Downloaded keys:        179
[2026-04-08 15:55:33]   Filtered (transformer): 172
[2026-04-08 15:55:33]   Filtered (pos_encoder): 0
[2026-04-08 15:55:33]   Keys to load:           7
[2026-04-08 15:55:33]   Missing keys:           4
[2026-04-08 15:55:33]   Unexpected keys:        0
[2026-04-08 15:55:33]   Missing preview:        ['spatial_conv.1.weight', 'spatial_conv.1.bias', 'final_layer.1.weight', 'final_layer.1.bias']
[2026-04-08 15:55:33]   Unexpected preview:     []
[2026-04-08 15:55:41]   Fold 3/5 | best_epoch=776 | stop=826 | val_loss=0.3684 | acc=0.9000 | bal_acc=0.9000
[2026-04-08 15:55:41]     Train class counts: [16, 16, 16, 16]
[2026-04-08 15:55:41]     Val class counts:   [4, 4, 4, 4]
[2026-04-08 15:55:41]     Test class counts:  [5, 5, 5, 5]
[2026-04-08 15:55:41] Building model with input window duration: 4.1875 s
[2026-04-08 15:55:41] Pretrained weight loading:
[2026-04-08 15:55:41]   Downloaded keys:        179
[2026-04-08 15:55:41]   Filtered (transformer): 172
[2026-04-08 15:55:41]   Filtered (pos_encoder): 0
[2026-04-08 15:55:41]   Keys to load:           7
[2026-04-08 15:55:41]   Missing keys:           4
[2026-04-08 15:55:41]   Unexpected keys:        0
[2026-04-08 15:55:41]   Missing preview:        ['spatial_conv.1.weight', 'spatial_conv.1.bias', 'final_layer.1.weight', 'final_layer.1.bias']
[2026-04-08 15:55:41]   Unexpected preview:     []
[2026-04-08 15:55:46]   Fold 4/5 | best_epoch=610 | stop=660 | val_loss=0.5651 | acc=0.7000 | bal_acc=0.7000
[2026-04-08 15:55:46]     Train class counts: [16, 16, 16, 16]
[2026-04-08 15:55:46]     Val class counts:   [4, 4, 4, 4]
[2026-04-08 15:55:46]     Test class counts:  [5, 5, 5, 5]
[2026-04-08 15:55:46] Building model with input window duration: 4.1875 s
[2026-04-08 15:55:46] Pretrained weight loading:
[2026-04-08 15:55:46]   Downloaded keys:        179
[2026-04-08 15:55:46]   Filtered (transformer): 172
[2026-04-08 15:55:46]   Filtered (pos_encoder): 0
[2026-04-08 15:55:46]   Keys to load:           7
[2026-04-08 15:55:46]   Missing keys:           4
[2026-04-08 15:55:46]   Unexpected keys:        0
[2026-04-08 15:55:46]   Missing preview:        ['spatial_conv.1.weight', 'spatial_conv.1.bias', 'final_layer.1.weight', 'final_layer.1.bias']
[2026-04-08 15:55:46]   Unexpected preview:     []
[2026-04-08 15:55:50]   Fold 5/5 | best_epoch=339 | stop=389 | val_loss=0.7245 | acc=0.9000 | bal_acc=0.9000
[2026-04-08 15:55:50]   Subject 54 summary: acc=0.8300±0.0748  bal_acc=0.8300±0.0748

[2026-04-08 15:55:50] Total folds completed: 35
[2026-04-08 15:55:50] ======================================================================
[2026-04-08 15:55:50] AGGREGATED RESULTS
[2026-04-08 15:55:50] ======================================================================
[2026-04-08 15:55:50]   Subject 48:  acc=0.9800±0.0245  bal_acc=0.9800±0.0245
[2026-04-08 15:55:50]   Subject 49:  acc=0.9100±0.0663  bal_acc=0.9100±0.0663
[2026-04-08 15:55:50]   Subject 50:  acc=0.9900±0.0200  bal_acc=0.9900±0.0200
[2026-04-08 15:55:50]   Subject 51:  acc=0.3700±0.0980  bal_acc=0.3700±0.0980
[2026-04-08 15:55:50]   Subject 52:  acc=0.9700±0.0245  bal_acc=0.9700±0.0245
[2026-04-08 15:55:50]   Subject 53:  acc=1.0000±0.0000  bal_acc=1.0000±0.0000
[2026-04-08 15:55:50]   Subject 54:  acc=0.8300±0.0748  bal_acc=0.8300±0.0748
[2026-04-08 15:55:50] ----------------------------------------------------------------------
[2026-04-08 15:55:50]   OVERALL:      acc=0.8643±0.2163  bal_acc=0.8643±0.2163
[2026-04-08 15:55:50] ======================================================================
[2026-04-08 15:55:50] CV results saved to:      /home/vegorov/Repos/eeg_jepa_research/artifacts/lee-2019-fine-tuning/SSVEP/20260408_1544_4c52a808/cv_results.json
[2026-04-08 15:55:50] Subject metrics saved to: /home/vegorov/Repos/eeg_jepa_research/artifacts/lee-2019-fine-tuning/SSVEP/20260408_1544_4c52a808/subject_metrics.json
[2026-04-08 15:55:50] Global metrics saved to:  /home/vegorov/Repos/eeg_jepa_research/artifacts/lee-2019-fine-tuning/SSVEP/20260408_1544_4c52a808/global_metrics.json
[2026-04-08 15:55:50] Run metadata saved to:    /home/vegorov/Repos/eeg_jepa_research/artifacts/lee-2019-fine-tuning/SSVEP/20260408_1544_4c52a808/run_metadata.json

[2026-04-08 15:55:50] All artifacts in: /home/vegorov/Repos/eeg_jepa_research/artifacts/lee-2019-fine-tuning/SSVEP/20260408_1544_4c52a808

[2026-04-08 15:55:50] ======================================================================
[2026-04-08 15:55:50] EXPERIMENT SUMMARY
[2026-04-08 15:55:50] ======================================================================
[2026-04-08 15:55:50] Run ID:    20260408_1544_4c52a808
[2026-04-08 15:55:50] Artifacts: /home/vegorov/Repos/eeg_jepa_research/artifacts/lee-2019-fine-tuning/SSVEP/20260408_1544_4c52a808

[2026-04-08 15:55:50] Configuration:
[2026-04-08 15:55:50]   Subjects:          [48, 49, 50, 51, 52, 53, 54]
[2026-04-08 15:55:50]   Bandpass:          0.5-40.0 Hz
[2026-04-08 15:55:50]   Resample:          128 Hz
[2026-04-08 15:55:50]   CV folds:          5
[2026-04-08 15:55:50]   Learning rate:     0.005
[2026-04-08 15:55:50]   Batch size:        32
[2026-04-08 15:55:50]   Max epochs:        5000

[2026-04-08 15:55:50] Results:
[2026-04-08 15:55:50]   Mean Accuracy:          0.8643 ± 0.2163
[2026-04-08 15:55:50]   Mean Balanced Accuracy: 0.8643 ± 0.2163
