[2026-04-02 12:17:13] Using device: cpu
[2026-04-02 12:17:13] Seed control enabled: True
[2026-04-02 12:17:13] Base seed: 42
[2026-04-02 12:17:13] Seed initialized: 42
[2026-04-02 12:17:13] ======================================================================
[2026-04-02 12:17:13] CONFIGURATION
[2026-04-02 12:17:13] ======================================================================
[2026-04-02 12:17:13]   artifact_dir: /home/vegorov/Repos/eeg_jepa_research/artifacts/lee-2019-fine-tuning
[2026-04-02 12:17:13]   bandpass_high: 40.0
[2026-04-02 12:17:13]   bandpass_low: 0.5
[2026-04-02 12:17:13]   batch_size: 32
[2026-04-02 12:17:13]   convert_to_uV: True
[2026-04-02 12:17:13]   cv_folds: 5
[2026-04-02 12:17:13]   device: auto
[2026-04-02 12:17:13]   early_stopping_patience: 50
[2026-04-02 12:17:13]   learning_rate: 0.001
[2026-04-02 12:17:13]   n_epochs: 5000
[2026-04-02 12:17:13]   normalization_method: None
[2026-04-02 12:17:13]   normalize: False
[2026-04-02 12:17:13]   paradigm: SSVEP
[2026-04-02 12:17:13]   pretrained_url: https://huggingface.co/braindecode/SignalJEPA/resolve/main/signal-jepa_16s-60_adeuwv4s.pth
[2026-04-02 12:17:13]   seed: 42
[2026-04-02 12:17:13]   set_seed: True
[2026-04-02 12:17:13]   sfreq: 128
[2026-04-02 12:17:13]   subjects_to_use: [48, 49, 50, 51, 52, 53, 54]
[2026-04-02 12:17:13]   val_split: 0.2
[2026-04-02 12:17:13] ======================================================================
[2026-04-02 12:17:13] Config saved to: /home/vegorov/Repos/eeg_jepa_research/artifacts/lee-2019-fine-tuning/SSVEP/20260402_1217_1cd1e826/config.json
[2026-04-02 12:17:13] Epoch window configuration:
[2026-04-02 12:17:13]   Target sfreq:                128 Hz
[2026-04-02 12:17:13]   Target duration:             4.190000 s
[2026-04-02 12:17:13]   Window samples (rounded):    536
[2026-04-02 12:17:13]   Base trial samples (4.0 s):  512
[2026-04-02 12:17:13]   Trial stop offset samples:   24
[2026-04-02 12:17:13]   Effective window duration:   4.187500 s
[2026-04-02 12:17:13] Using specified subjects from config: [48, 49, 50, 51, 52, 53, 54]
[2026-04-02 12:17:13] Selected subjects: [48, 49, 50, 51, 52, 53, 54]
[2026-04-02 12:17:13] Expected evaluation folds: 35

[2026-04-02 12:17:13] Building MOABBDataset for Lee2019_SSVEP...
[2026-04-02 12:18:14] MOABBDataset recordings loaded: 7
[2026-04-02 12:18:14] Discovered annotation descriptions (first recording): [np.str_('12.0'), np.str_('5.45'), np.str_('6.67'), np.str_('8.57')]
[2026-04-02 12:18:14] Dataset event_id mapping: {'12.0': 1, '8.57': 2, '6.67': 3, '5.45': 4}
[2026-04-02 12:18:14] Label map (event_code -> class_index): {1: 0, 2: 1, 3: 2, 4: 3}
[2026-04-02 12:18:14] Applying Braindecode preprocessors to MOABBDataset...
[2026-04-02 12:18:35] Preprocessing complete.

[2026-04-02 12:18:35] Post-preprocessing validation
[2026-04-02 12:18:35]   Recordings in DATASET: 7
[2026-04-02 12:18:35]   Unique subject IDs:    ['48', '49', '50', '51', '52', '53', '54']
[2026-04-02 12:18:35]   sfreq (first rec):     128.0 Hz
[2026-04-02 12:18:35]   EEG channel count:     62
[2026-04-02 12:18:35]   First 10 channels:     ['Fp1', 'Fp2', 'F7', 'F3', 'Fz', 'F4', 'F8', 'FC5', 'FC1', 'FC2']
[2026-04-02 12:18:35] Channel consistency summary:
[2026-04-02 12:18:35]   Checked runs: 7
[2026-04-02 12:18:35]   Unique channel counts: [62]
[2026-04-02 12:18:35]   Channel order consistent: True
[2026-04-02 12:18:35] Validated EEG channels: 62
[2026-04-02 12:18:35] First 10 EEG channels: ['Fp1', 'Fp2', 'F7', 'F3', 'Fz', 'F4', 'F8', 'FC5', 'FC1', 'FC2']
[2026-04-02 12:18:35] raw mean_abs=6.566995e+00
[2026-04-02 12:18:35] raw std=1.148469e+01
[2026-04-02 12:18:35] raw first5 channel std= [25.05396238 36.02502646  9.59456342  7.25560171  7.19880537]
[2026-04-02 12:18:35] Requested window samples: 536
[2026-04-02 12:18:35] Base trial samples:       512
[2026-04-02 12:18:35] Stop offset samples:      24
[2026-04-02 12:18:35] Global class counts: [175, 175, 175, 175]
[2026-04-02 12:18:35] Chance level (4-class): 0.25
[2026-04-02 12:18:35] One window shape: (62, 536)
[2026-04-02 12:18:35] One window label: 1
[2026-04-02 12:18:35] Window sample length expected=536, got=536
[2026-04-02 12:18:35] Subjects in window split: [48, 49, 50, 51, 52, 53, 54]
[2026-04-02 12:18:35] Summarizing per-subject windows...
[2026-04-02 12:18:35]   Subject 48: n_windows=100, window_shape=(62, 536), class_counts=[25, 25, 25, 25]
[2026-04-02 12:18:35]   Subject 49: n_windows=100, window_shape=(62, 536), class_counts=[25, 25, 25, 25]
[2026-04-02 12:18:35]   Subject 50: n_windows=100, window_shape=(62, 536), class_counts=[25, 25, 25, 25]
[2026-04-02 12:18:35]   Subject 51: n_windows=100, window_shape=(62, 536), class_counts=[25, 25, 25, 25]
[2026-04-02 12:18:35]   Subject 52: n_windows=100, window_shape=(62, 536), class_counts=[25, 25, 25, 25]
[2026-04-02 12:18:35]   Subject 53: n_windows=100, window_shape=(62, 536), class_counts=[25, 25, 25, 25]
[2026-04-02 12:18:35]   Subject 54: n_windows=100, window_shape=(62, 536), class_counts=[25, 25, 25, 25]
[2026-04-02 12:18:35]    subject_id  n_windows  n_channels  n_times      class_counts
0          48        100          62      536  [25, 25, 25, 25]
1          49        100          62      536  [25, 25, 25, 25]
2          50        100          62      536  [25, 25, 25, 25]
3          51        100          62      536  [25, 25, 25, 25]
4          52        100          62      536  [25, 25, 25, 25]
5          53        100          62      536  [25, 25, 25, 25]
6          54        100          62      536  [25, 25, 25, 25]
[2026-04-02 12:18:35] Window validation summary:
[2026-04-02 12:18:35]   Subject 48: n_windows=100 class_counts=[25, 25, 25, 25]
[2026-04-02 12:18:35]   Subject 49: n_windows=100 class_counts=[25, 25, 25, 25]
[2026-04-02 12:18:35]   Subject 50: n_windows=100 class_counts=[25, 25, 25, 25]
[2026-04-02 12:18:35]   Subject 51: n_windows=100 class_counts=[25, 25, 25, 25]
[2026-04-02 12:18:35]   Subject 52: n_windows=100 class_counts=[25, 25, 25, 25]
[2026-04-02 12:18:35]   Subject 53: n_windows=100 class_counts=[25, 25, 25, 25]
[2026-04-02 12:18:35]   Subject 54: n_windows=100 class_counts=[25, 25, 25, 25]

[2026-04-02 12:18:35] Validated sampling rate target: 128 Hz
[2026-04-02 12:18:35] Validated window sample count:   536
[2026-04-02 12:18:35] Validated window duration:       4.1875 s
[2026-04-02 12:18:35] Validated channel count:         62
[2026-04-02 12:18:35] Total windows retained:          700
[2026-04-02 12:18:35] Preprocessing sanity checks:
[2026-04-02 12:18:35]   One sample label: 1
[2026-04-02 12:18:35]   One sample shape: (62, 536)
[2026-04-02 12:18:35]   Mean(abs(signal)): 3.430332e+00
[2026-04-02 12:18:35]   Mean(signal):      7.346552e-09
[2026-04-02 12:18:35]   Std(signal):       4.442559e+00
[2026-04-02 12:18:35] Building model with input window duration: 4.1875 s
[2026-04-02 12:18:35] SignalJEPA_PreLocal instantiated successfully.
[2026-04-02 12:18:35]   Total parameters:     18,192
[2026-04-02 12:18:35]   Trainable parameters: 18,192
[2026-04-02 12:18:35] ======================================================================================================================================================
Layer (type (var_name):depth-idx)                  Input Shape               Output Shape              Param #                   Kernel Shape
======================================================================================================================================================
SignalJEPA_PreLocal (SignalJEPA_PreLocal)          [1, 62, 536]              [1, 4]                    --                        --
├─Sequential (spatial_conv): 1-1                   [1, 62, 536]              [1, 4, 536]               --                        --
│    └─Rearrange (0): 2-1                          [1, 62, 536]              [1, 1, 62, 536]           --                        --
│    └─Conv2d (1): 2-2                             [1, 1, 62, 536]           [1, 4, 1, 536]            252                       [62, 1]
│    └─Rearrange (2): 2-3                          [1, 4, 1, 536]            [1, 4, 536]               --                        --
├─_ConvFeatureEncoder (feature_encoder): 1-2       [1, 4, 536]               [1, 16, 64]               --                        --
│    └─Rearrange (0): 2-4                          [1, 4, 536]               [4, 1, 536]               --                        --
│    └─Sequential (1): 2-5                         [4, 1, 536]               [4, 8, 64]                --                        --
│    │    └─Conv1d (0): 3-1                        [4, 1, 536]               [4, 8, 64]                256                       [32]
│    │    └─Dropout (1): 3-2                       [4, 8, 64]                [4, 8, 64]                --                        --
│    │    └─GroupNorm (2): 3-3                     [4, 8, 64]                [4, 8, 64]                16                        --
│    │    └─GELU (3): 3-4                          [4, 8, 64]                [4, 8, 64]                --                        --
│    └─Sequential (2): 2-6                         [4, 8, 64]                [4, 16, 32]               --                        --
│    │    └─Conv1d (0): 3-5                        [4, 8, 64]                [4, 16, 32]               256                       [2]
│    │    └─Dropout (1): 3-6                       [4, 16, 32]               [4, 16, 32]               --                        --
│    │    └─GELU (2): 3-7                          [4, 16, 32]               [4, 16, 32]               --                        --
│    └─Sequential (3): 2-7                         [4, 16, 32]               [4, 32, 16]               --                        --
│    │    └─Conv1d (0): 3-8                        [4, 16, 32]               [4, 32, 16]               1,024                     [2]
│    │    └─Dropout (1): 3-9                       [4, 32, 16]               [4, 32, 16]               --                        --
│    │    └─GELU (2): 3-10                         [4, 32, 16]               [4, 32, 16]               --                        --
│    └─Sequential (4): 2-8                         [4, 32, 16]               [4, 64, 8]                --                        --
│    │    └─Conv1d (0): 3-11                       [4, 32, 16]               [4, 64, 8]                4,096                     [2]
│    │    └─Dropout (1): 3-12                      [4, 64, 8]                [4, 64, 8]                --                        --
│    │    └─GELU (2): 3-13                         [4, 64, 8]                [4, 64, 8]                --                        --
│    └─Sequential (5): 2-9                         [4, 64, 8]                [4, 64, 4]                --                        --
│    │    └─Conv1d (0): 3-14                       [4, 64, 8]                [4, 64, 4]                8,192                     [2]
│    │    └─Dropout (1): 3-15                      [4, 64, 4]                [4, 64, 4]                --                        --
│    │    └─GELU (2): 3-16                         [4, 64, 4]                [4, 64, 4]                --                        --
│    └─Rearrange (6): 2-10                         [4, 64, 4]                [1, 16, 64]               --                        --
├─Sequential (final_layer): 1-3                    [1, 16, 64]               [1, 4]                    --                        --
│    └─Flatten (0): 2-11                           [1, 16, 64]               [1, 1024]                 --                        --
│    └─Linear (1): 2-12                            [1, 1024]                 [1, 4]                    4,100                     --
======================================================================================================================================================
Total params: 18,192
Trainable params: 18,192
Non-trainable params: 0
Total mult-adds (Units.MEGABYTES): 0.57
======================================================================================================================================================
Input size (MB): 0.13
Forward/backward pass size (MB): 0.11
Params size (MB): 0.07
Estimated Total Size (MB): 0.31
======================================================================================================================================================
[2026-04-02 12:18:35] Initializing from 16s-60 pretrained checkpoint (Hugging Face):
[2026-04-02 12:18:35]   https://huggingface.co/braindecode/SignalJEPA/resolve/main/signal-jepa_16s-60_adeuwv4s.pth
[2026-04-02 12:18:35]   Downloaded 179 keys
[2026-04-02 12:18:35] ======================================================================
[2026-04-02 12:18:35] STARTING CROSS-VALIDATION
[2026-04-02 12:18:35] ======================================================================
[2026-04-02 12:18:35] Subjects:      [48, 49, 50, 51, 52, 53, 54]
[2026-04-02 12:18:35] CV folds:      5
[2026-04-02 12:18:35] Batch size:    32
[2026-04-02 12:18:35] Max epochs:    5000
[2026-04-02 12:18:35] Device:        cpu
[2026-04-02 12:18:35] Seed control:  True
[2026-04-02 12:18:35] Base seed:     42
[2026-04-02 12:18:35] ======================================================================

[2026-04-02 12:18:35] Subject 48: 100 windows class_counts=[25, 25, 25, 25]
[2026-04-02 12:18:35]   Fold 1 split seed: 43
[2026-04-02 12:18:35]   Fold 1 split class counts:
[2026-04-02 12:18:35]     train=[16, 16, 16, 16] val=[4, 4, 4, 4] test=[5, 5, 5, 5]
[2026-04-02 12:18:35]   Fold 2 split seed: 44
[2026-04-02 12:18:35]   Fold 2 split class counts:
[2026-04-02 12:18:35]     train=[16, 16, 16, 16] val=[4, 4, 4, 4] test=[5, 5, 5, 5]
[2026-04-02 12:18:35]   Fold 3 split seed: 45
[2026-04-02 12:18:35]   Fold 3 split class counts:
[2026-04-02 12:18:35]     train=[16, 16, 16, 16] val=[4, 4, 4, 4] test=[5, 5, 5, 5]
[2026-04-02 12:18:35]   Fold 4 split seed: 46
[2026-04-02 12:18:35]   Fold 4 split class counts:
[2026-04-02 12:18:35]     train=[16, 16, 16, 16] val=[4, 4, 4, 4] test=[5, 5, 5, 5]
[2026-04-02 12:18:35]   Fold 5 split seed: 47
[2026-04-02 12:18:35]   Fold 5 split class counts:
[2026-04-02 12:18:35]     train=[16, 16, 16, 16] val=[4, 4, 4, 4] test=[5, 5, 5, 5]
[2026-04-02 12:18:35]   Subject 48 Fold 1 seed: 4843
[2026-04-02 12:18:35]   Subject 48 Fold 1: n_train=64 n_val=16 n_test=20
[2026-04-02 12:18:35]     Train class counts: [16, 16, 16, 16]
[2026-04-02 12:18:35]     Val class counts:   [4, 4, 4, 4]
[2026-04-02 12:18:35]     Test class counts:  [5, 5, 5, 5]
[2026-04-02 12:18:35] Building model with input window duration: 4.1875 s
[2026-04-02 12:18:35] Pretrained weight loading:
[2026-04-02 12:18:35]   Downloaded keys:        179
[2026-04-02 12:18:35]   Filtered (transformer): 172
[2026-04-02 12:18:35]   Filtered (pos_encoder): 0
[2026-04-02 12:18:35]   Keys to load:           7
[2026-04-02 12:18:35]   Missing keys:           4
[2026-04-02 12:18:35]   Unexpected keys:        0
[2026-04-02 12:18:35]   Missing preview:        ['spatial_conv.1.weight', 'spatial_conv.1.bias', 'final_layer.1.weight', 'final_layer.1.bias']
[2026-04-02 12:18:35]   Unexpected preview:     []
[2026-04-02 12:18:35] Encoder freeze configuration:
[2026-04-02 12:18:35]   Total parameters:        18,192
[2026-04-02 12:18:35]   Trainable parameters:    4,352
[2026-04-02 12:18:35]   Training percentage:     23.9%
[2026-04-02 12:18:35]   Trainable layers: 4
[2026-04-02 12:18:35]     - final_layer.1.bias
[2026-04-02 12:18:35]     - final_layer.1.weight
[2026-04-02 12:18:35]     - spatial_conv.1.bias
[2026-04-02 12:18:35]     - spatial_conv.1.weight
[2026-04-02 12:18:35]     Train generator seeded: True
[2026-04-02 12:19:22]     Stopped epoch:            5000
[2026-04-02 12:19:22]     Best epoch (valid_loss):  4999
[2026-04-02 12:19:22]     Best valid_loss:          0.023062270134687424
[2026-04-02 12:19:22]     Test accuracy (primary):  1.0000
[2026-04-02 12:19:22]     Test balanced acc:        1.0000
[2026-04-02 12:19:22]     Confusion matrix:         [[5, 0, 0, 0], [0, 5, 0, 0], [0, 0, 5, 0], [0, 0, 0, 5]]
[2026-04-02 12:19:22]     Prediction histogram:     [5, 5, 5, 5]
[2026-04-02 12:19:22]     fold_acc=1.0000 fold_bal_acc=1.0000 cm=[[5, 0, 0, 0], [0, 5, 0, 0], [0, 0, 5, 0], [0, 0, 0, 5]]
[2026-04-02 12:19:22]   Subject 48 Fold 2 seed: 4844
[2026-04-02 12:19:22]   Subject 48 Fold 2: n_train=64 n_val=16 n_test=20
[2026-04-02 12:19:22]     Train class counts: [16, 16, 16, 16]
[2026-04-02 12:19:22]     Val class counts:   [4, 4, 4, 4]
[2026-04-02 12:19:22]     Test class counts:  [5, 5, 5, 5]
[2026-04-02 12:19:22] Building model with input window duration: 4.1875 s
[2026-04-02 12:19:22] Pretrained weight loading:
[2026-04-02 12:19:22]   Downloaded keys:        179
[2026-04-02 12:19:22]   Filtered (transformer): 172
[2026-04-02 12:19:22]   Filtered (pos_encoder): 0
[2026-04-02 12:19:22]   Keys to load:           7
[2026-04-02 12:19:22]   Missing keys:           4
[2026-04-02 12:19:22]   Unexpected keys:        0
[2026-04-02 12:19:22]   Missing preview:        ['spatial_conv.1.weight', 'spatial_conv.1.bias', 'final_layer.1.weight', 'final_layer.1.bias']
[2026-04-02 12:19:22]   Unexpected preview:     []
[2026-04-02 12:19:22] Encoder freeze configuration:
[2026-04-02 12:19:22]   Total parameters:        18,192
[2026-04-02 12:19:22]   Trainable parameters:    4,352
[2026-04-02 12:19:22]   Training percentage:     23.9%
[2026-04-02 12:19:22]   Trainable layers: 4
[2026-04-02 12:19:22]     - final_layer.1.bias
[2026-04-02 12:19:22]     - final_layer.1.weight
[2026-04-02 12:19:22]     - spatial_conv.1.bias
[2026-04-02 12:19:22]     - spatial_conv.1.weight
[2026-04-02 12:19:22]     Train generator seeded: True
[2026-04-02 12:19:30]     Stopped epoch:            887
[2026-04-02 12:19:30]     Best epoch (valid_loss):  837
[2026-04-02 12:19:30]     Best valid_loss:          0.4911074638366699
[2026-04-02 12:19:30]     Test accuracy (primary):  0.9500
[2026-04-02 12:19:30]     Test balanced acc:        0.9500
[2026-04-02 12:19:30]     Confusion matrix:         [[4, 0, 0, 1], [0, 5, 0, 0], [0, 0, 5, 0], [0, 0, 0, 5]]
[2026-04-02 12:19:30]     Prediction histogram:     [4, 5, 5, 6]
[2026-04-02 12:19:30]     fold_acc=0.9500 fold_bal_acc=0.9500 cm=[[4, 0, 0, 1], [0, 5, 0, 0], [0, 0, 5, 0], [0, 0, 0, 5]]
[2026-04-02 12:19:30]   Subject 48 Fold 3 seed: 4845
[2026-04-02 12:19:30]   Subject 48 Fold 3: n_train=64 n_val=16 n_test=20
[2026-04-02 12:19:30]     Train class counts: [16, 16, 16, 16]
[2026-04-02 12:19:30]     Val class counts:   [4, 4, 4, 4]
[2026-04-02 12:19:30]     Test class counts:  [5, 5, 5, 5]
[2026-04-02 12:19:30] Building model with input window duration: 4.1875 s
[2026-04-02 12:19:30] Pretrained weight loading:
[2026-04-02 12:19:30]   Downloaded keys:        179
[2026-04-02 12:19:30]   Filtered (transformer): 172
[2026-04-02 12:19:30]   Filtered (pos_encoder): 0
[2026-04-02 12:19:30]   Keys to load:           7
[2026-04-02 12:19:30]   Missing keys:           4
[2026-04-02 12:19:30]   Unexpected keys:        0
[2026-04-02 12:19:30]   Missing preview:        ['spatial_conv.1.weight', 'spatial_conv.1.bias', 'final_layer.1.weight', 'final_layer.1.bias']
[2026-04-02 12:19:30]   Unexpected preview:     []
[2026-04-02 12:19:30] Encoder freeze configuration:
[2026-04-02 12:19:30]   Total parameters:        18,192
[2026-04-02 12:19:30]   Trainable parameters:    4,352
[2026-04-02 12:19:30]   Training percentage:     23.9%
[2026-04-02 12:19:30]   Trainable layers: 4
[2026-04-02 12:19:30]     - final_layer.1.bias
[2026-04-02 12:19:30]     - final_layer.1.weight
[2026-04-02 12:19:30]     - spatial_conv.1.bias
[2026-04-02 12:19:30]     - spatial_conv.1.weight
[2026-04-02 12:19:30]     Train generator seeded: True
[2026-04-02 12:19:55]     Stopped epoch:            2800
[2026-04-02 12:19:55]     Best epoch (valid_loss):  2750
[2026-04-02 12:19:55]     Best valid_loss:          0.21078559756278992
[2026-04-02 12:19:55]     Test accuracy (primary):  1.0000
[2026-04-02 12:19:55]     Test balanced acc:        1.0000
[2026-04-02 12:19:55]     Confusion matrix:         [[5, 0, 0, 0], [0, 5, 0, 0], [0, 0, 5, 0], [0, 0, 0, 5]]
[2026-04-02 12:19:55]     Prediction histogram:     [5, 5, 5, 5]
[2026-04-02 12:19:55]     fold_acc=1.0000 fold_bal_acc=1.0000 cm=[[5, 0, 0, 0], [0, 5, 0, 0], [0, 0, 5, 0], [0, 0, 0, 5]]
[2026-04-02 12:19:55]   Subject 48 Fold 4 seed: 4846
[2026-04-02 12:19:55]   Subject 48 Fold 4: n_train=64 n_val=16 n_test=20
[2026-04-02 12:19:55]     Train class counts: [16, 16, 16, 16]
[2026-04-02 12:19:55]     Val class counts:   [4, 4, 4, 4]
[2026-04-02 12:19:55]     Test class counts:  [5, 5, 5, 5]
[2026-04-02 12:19:55] Building model with input window duration: 4.1875 s
[2026-04-02 12:19:55] Pretrained weight loading:
[2026-04-02 12:19:55]   Downloaded keys:        179
[2026-04-02 12:19:55]   Filtered (transformer): 172
[2026-04-02 12:19:55]   Filtered (pos_encoder): 0
[2026-04-02 12:19:55]   Keys to load:           7
[2026-04-02 12:19:55]   Missing keys:           4
[2026-04-02 12:19:55]   Unexpected keys:        0
[2026-04-02 12:19:55]   Missing preview:        ['spatial_conv.1.weight', 'spatial_conv.1.bias', 'final_layer.1.weight', 'final_layer.1.bias']
[2026-04-02 12:19:55]   Unexpected preview:     []
[2026-04-02 12:19:55] Encoder freeze configuration:
[2026-04-02 12:19:55]   Total parameters:        18,192
[2026-04-02 12:19:55]   Trainable parameters:    4,352
[2026-04-02 12:19:55]   Training percentage:     23.9%
[2026-04-02 12:19:55]   Trainable layers: 4
[2026-04-02 12:19:55]     - final_layer.1.bias
[2026-04-02 12:19:55]     - final_layer.1.weight
[2026-04-02 12:19:55]     - spatial_conv.1.bias
[2026-04-02 12:19:55]     - spatial_conv.1.weight
[2026-04-02 12:19:55]     Train generator seeded: True
[2026-04-02 12:20:41]     Stopped epoch:            5000
[2026-04-02 12:20:41]     Best epoch (valid_loss):  5000
[2026-04-02 12:20:41]     Best valid_loss:          0.027948057278990746
[2026-04-02 12:20:41]     Test accuracy (primary):  1.0000
[2026-04-02 12:20:41]     Test balanced acc:        1.0000
[2026-04-02 12:20:41]     Confusion matrix:         [[5, 0, 0, 0], [0, 5, 0, 0], [0, 0, 5, 0], [0, 0, 0, 5]]
[2026-04-02 12:20:41]     Prediction histogram:     [5, 5, 5, 5]
[2026-04-02 12:20:41]     fold_acc=1.0000 fold_bal_acc=1.0000 cm=[[5, 0, 0, 0], [0, 5, 0, 0], [0, 0, 5, 0], [0, 0, 0, 5]]
[2026-04-02 12:20:41]   Subject 48 Fold 5 seed: 4847
[2026-04-02 12:20:41]   Subject 48 Fold 5: n_train=64 n_val=16 n_test=20
[2026-04-02 12:20:41]     Train class counts: [16, 16, 16, 16]
[2026-04-02 12:20:41]     Val class counts:   [4, 4, 4, 4]
[2026-04-02 12:20:41]     Test class counts:  [5, 5, 5, 5]
[2026-04-02 12:20:41] Building model with input window duration: 4.1875 s
[2026-04-02 12:20:41] Pretrained weight loading:
[2026-04-02 12:20:41]   Downloaded keys:        179
[2026-04-02 12:20:41]   Filtered (transformer): 172
[2026-04-02 12:20:41]   Filtered (pos_encoder): 0
[2026-04-02 12:20:41]   Keys to load:           7
[2026-04-02 12:20:41]   Missing keys:           4
[2026-04-02 12:20:41]   Unexpected keys:        0
[2026-04-02 12:20:41]   Missing preview:        ['spatial_conv.1.weight', 'spatial_conv.1.bias', 'final_layer.1.weight', 'final_layer.1.bias']
[2026-04-02 12:20:41]   Unexpected preview:     []
[2026-04-02 12:20:41] Encoder freeze configuration:
[2026-04-02 12:20:41]   Total parameters:        18,192
[2026-04-02 12:20:41]   Trainable parameters:    4,352
[2026-04-02 12:20:41]   Training percentage:     23.9%
[2026-04-02 12:20:41]   Trainable layers: 4
[2026-04-02 12:20:41]     - final_layer.1.bias
[2026-04-02 12:20:41]     - final_layer.1.weight
[2026-04-02 12:20:41]     - spatial_conv.1.bias
[2026-04-02 12:20:41]     - spatial_conv.1.weight
[2026-04-02 12:20:41]     Train generator seeded: True
[2026-04-02 12:21:11]     Stopped epoch:            3383
[2026-04-02 12:21:11]     Best epoch (valid_loss):  3333
[2026-04-02 12:21:11]     Best valid_loss:          0.11109758913516998
[2026-04-02 12:21:11]     Test accuracy (primary):  0.8500
[2026-04-02 12:21:11]     Test balanced acc:        0.8500
[2026-04-02 12:21:11]     Confusion matrix:         [[4, 1, 0, 0], [0, 4, 0, 1], [0, 0, 5, 0], [0, 0, 1, 4]]
[2026-04-02 12:21:11]     Prediction histogram:     [4, 5, 6, 5]
[2026-04-02 12:21:11]     fold_acc=0.8500 fold_bal_acc=0.8500 cm=[[4, 1, 0, 0], [0, 4, 0, 1], [0, 0, 5, 0], [0, 0, 1, 4]]
[2026-04-02 12:21:11]   Subject 48 mean accuracy: 0.9600

[2026-04-02 12:21:11] Subject 49: 100 windows class_counts=[25, 25, 25, 25]
[2026-04-02 12:21:11]   Fold 1 split seed: 43
[2026-04-02 12:21:11]   Fold 1 split class counts:
[2026-04-02 12:21:11]     train=[16, 16, 16, 16] val=[4, 4, 4, 4] test=[5, 5, 5, 5]
[2026-04-02 12:21:11]   Fold 2 split seed: 44
[2026-04-02 12:21:11]   Fold 2 split class counts:
[2026-04-02 12:21:11]     train=[16, 16, 16, 16] val=[4, 4, 4, 4] test=[5, 5, 5, 5]
[2026-04-02 12:21:11]   Fold 3 split seed: 45
[2026-04-02 12:21:11]   Fold 3 split class counts:
[2026-04-02 12:21:11]     train=[16, 16, 16, 16] val=[4, 4, 4, 4] test=[5, 5, 5, 5]
[2026-04-02 12:21:11]   Fold 4 split seed: 46
[2026-04-02 12:21:11]   Fold 4 split class counts:
[2026-04-02 12:21:11]     train=[16, 16, 16, 16] val=[4, 4, 4, 4] test=[5, 5, 5, 5]
[2026-04-02 12:21:11]   Fold 5 split seed: 47
[2026-04-02 12:21:11]   Fold 5 split class counts:
[2026-04-02 12:21:11]     train=[16, 16, 16, 16] val=[4, 4, 4, 4] test=[5, 5, 5, 5]
[2026-04-02 12:21:11]   Subject 49 Fold 1 seed: 4943
[2026-04-02 12:21:11]   Subject 49 Fold 1: n_train=64 n_val=16 n_test=20
[2026-04-02 12:21:11]     Train class counts: [16, 16, 16, 16]
[2026-04-02 12:21:11]     Val class counts:   [4, 4, 4, 4]
[2026-04-02 12:21:11]     Test class counts:  [5, 5, 5, 5]
[2026-04-02 12:21:11] Building model with input window duration: 4.1875 s
[2026-04-02 12:21:11] Pretrained weight loading:
[2026-04-02 12:21:11]   Downloaded keys:        179
[2026-04-02 12:21:11]   Filtered (transformer): 172
[2026-04-02 12:21:11]   Filtered (pos_encoder): 0
[2026-04-02 12:21:11]   Keys to load:           7
[2026-04-02 12:21:11]   Missing keys:           4
[2026-04-02 12:21:11]   Unexpected keys:        0
[2026-04-02 12:21:11]   Missing preview:        ['spatial_conv.1.weight', 'spatial_conv.1.bias', 'final_layer.1.weight', 'final_layer.1.bias']
[2026-04-02 12:21:11]   Unexpected preview:     []
[2026-04-02 12:21:11] Encoder freeze configuration:
[2026-04-02 12:21:11]   Total parameters:        18,192
[2026-04-02 12:21:11]   Trainable parameters:    4,352
[2026-04-02 12:21:11]   Training percentage:     23.9%
[2026-04-02 12:21:11]   Trainable layers: 4
[2026-04-02 12:21:11]     - final_layer.1.bias
[2026-04-02 12:21:11]     - final_layer.1.weight
[2026-04-02 12:21:11]     - spatial_conv.1.bias
[2026-04-02 12:21:11]     - spatial_conv.1.weight
[2026-04-02 12:21:11]     Train generator seeded: True
[2026-04-02 12:21:17]     Stopped epoch:            682
[2026-04-02 12:21:17]     Best epoch (valid_loss):  632
[2026-04-02 12:21:17]     Best valid_loss:          0.7863525152206421
[2026-04-02 12:21:17]     Test accuracy (primary):  0.8500
[2026-04-02 12:21:17]     Test balanced acc:        0.8500
[2026-04-02 12:21:17]     Confusion matrix:         [[5, 0, 0, 0], [0, 4, 0, 1], [1, 1, 3, 0], [0, 0, 0, 5]]
[2026-04-02 12:21:17]     Prediction histogram:     [6, 5, 3, 6]
[2026-04-02 12:21:17]     fold_acc=0.8500 fold_bal_acc=0.8500 cm=[[5, 0, 0, 0], [0, 4, 0, 1], [1, 1, 3, 0], [0, 0, 0, 5]]
[2026-04-02 12:21:17]   Subject 49 Fold 2 seed: 4944
[2026-04-02 12:21:17]   Subject 49 Fold 2: n_train=64 n_val=16 n_test=20
[2026-04-02 12:21:17]     Train class counts: [16, 16, 16, 16]
[2026-04-02 12:21:17]     Val class counts:   [4, 4, 4, 4]
[2026-04-02 12:21:17]     Test class counts:  [5, 5, 5, 5]
[2026-04-02 12:21:17] Building model with input window duration: 4.1875 s
[2026-04-02 12:21:17] Pretrained weight loading:
[2026-04-02 12:21:17]   Downloaded keys:        179
[2026-04-02 12:21:17]   Filtered (transformer): 172
[2026-04-02 12:21:17]   Filtered (pos_encoder): 0
[2026-04-02 12:21:17]   Keys to load:           7
[2026-04-02 12:21:17]   Missing keys:           4
[2026-04-02 12:21:17]   Unexpected keys:        0
[2026-04-02 12:21:17]   Missing preview:        ['spatial_conv.1.weight', 'spatial_conv.1.bias', 'final_layer.1.weight', 'final_layer.1.bias']
[2026-04-02 12:21:17]   Unexpected preview:     []
[2026-04-02 12:21:17] Encoder freeze configuration:
[2026-04-02 12:21:17]   Total parameters:        18,192
[2026-04-02 12:21:17]   Trainable parameters:    4,352
[2026-04-02 12:21:17]   Training percentage:     23.9%
[2026-04-02 12:21:17]   Trainable layers: 4
[2026-04-02 12:21:17]     - final_layer.1.bias
[2026-04-02 12:21:17]     - final_layer.1.weight
[2026-04-02 12:21:17]     - spatial_conv.1.bias
[2026-04-02 12:21:17]     - spatial_conv.1.weight
[2026-04-02 12:21:17]     Train generator seeded: True
[2026-04-02 12:21:28]     Stopped epoch:            1253
[2026-04-02 12:21:28]     Best epoch (valid_loss):  1203
[2026-04-02 12:21:28]     Best valid_loss:          0.42683926224708557
[2026-04-02 12:21:28]     Test accuracy (primary):  0.9500
[2026-04-02 12:21:28]     Test balanced acc:        0.9500
[2026-04-02 12:21:28]     Confusion matrix:         [[4, 1, 0, 0], [0, 5, 0, 0], [0, 0, 5, 0], [0, 0, 0, 5]]
[2026-04-02 12:21:28]     Prediction histogram:     [4, 6, 5, 5]
[2026-04-02 12:21:28]     fold_acc=0.9500 fold_bal_acc=0.9500 cm=[[4, 1, 0, 0], [0, 5, 0, 0], [0, 0, 5, 0], [0, 0, 0, 5]]
[2026-04-02 12:21:28]   Subject 49 Fold 3 seed: 4945
[2026-04-02 12:21:28]   Subject 49 Fold 3: n_train=64 n_val=16 n_test=20
[2026-04-02 12:21:28]     Train class counts: [16, 16, 16, 16]
[2026-04-02 12:21:28]     Val class counts:   [4, 4, 4, 4]
[2026-04-02 12:21:28]     Test class counts:  [5, 5, 5, 5]
[2026-04-02 12:21:28] Building model with input window duration: 4.1875 s
[2026-04-02 12:21:28] Pretrained weight loading:
[2026-04-02 12:21:28]   Downloaded keys:        179
[2026-04-02 12:21:28]   Filtered (transformer): 172
[2026-04-02 12:21:28]   Filtered (pos_encoder): 0
[2026-04-02 12:21:28]   Keys to load:           7
[2026-04-02 12:21:28]   Missing keys:           4
[2026-04-02 12:21:28]   Unexpected keys:        0
[2026-04-02 12:21:28]   Missing preview:        ['spatial_conv.1.weight', 'spatial_conv.1.bias', 'final_layer.1.weight', 'final_layer.1.bias']
[2026-04-02 12:21:28]   Unexpected preview:     []
[2026-04-02 12:21:28] Encoder freeze configuration:
[2026-04-02 12:21:28]   Total parameters:        18,192
[2026-04-02 12:21:28]   Trainable parameters:    4,352
[2026-04-02 12:21:28]   Training percentage:     23.9%
[2026-04-02 12:21:28]   Trainable layers: 4
[2026-04-02 12:21:28]     - final_layer.1.bias
[2026-04-02 12:21:28]     - final_layer.1.weight
[2026-04-02 12:21:28]     - spatial_conv.1.bias
[2026-04-02 12:21:28]     - spatial_conv.1.weight
[2026-04-02 12:21:28]     Train generator seeded: True
[2026-04-02 12:21:53]     Stopped epoch:            2753
[2026-04-02 12:21:53]     Best epoch (valid_loss):  2703
[2026-04-02 12:21:53]     Best valid_loss:          0.457760214805603
[2026-04-02 12:21:53]     Test accuracy (primary):  0.9000
[2026-04-02 12:21:53]     Test balanced acc:        0.9000
[2026-04-02 12:21:53]     Confusion matrix:         [[4, 0, 1, 0], [0, 5, 0, 0], [0, 0, 4, 1], [0, 0, 0, 5]]
[2026-04-02 12:21:53]     Prediction histogram:     [4, 5, 5, 6]
[2026-04-02 12:21:53]     fold_acc=0.9000 fold_bal_acc=0.9000 cm=[[4, 0, 1, 0], [0, 5, 0, 0], [0, 0, 4, 1], [0, 0, 0, 5]]
[2026-04-02 12:21:53]   Subject 49 Fold 4 seed: 4946
[2026-04-02 12:21:53]   Subject 49 Fold 4: n_train=64 n_val=16 n_test=20
[2026-04-02 12:21:53]     Train class counts: [16, 16, 16, 16]
[2026-04-02 12:21:53]     Val class counts:   [4, 4, 4, 4]
[2026-04-02 12:21:53]     Test class counts:  [5, 5, 5, 5]
[2026-04-02 12:21:53] Building model with input window duration: 4.1875 s
[2026-04-02 12:21:53] Pretrained weight loading:
[2026-04-02 12:21:53]   Downloaded keys:        179
[2026-04-02 12:21:53]   Filtered (transformer): 172
[2026-04-02 12:21:53]   Filtered (pos_encoder): 0
[2026-04-02 12:21:53]   Keys to load:           7
[2026-04-02 12:21:53]   Missing keys:           4
[2026-04-02 12:21:53]   Unexpected keys:        0
[2026-04-02 12:21:53]   Missing preview:        ['spatial_conv.1.weight', 'spatial_conv.1.bias', 'final_layer.1.weight', 'final_layer.1.bias']
[2026-04-02 12:21:53]   Unexpected preview:     []
[2026-04-02 12:21:53] Encoder freeze configuration:
[2026-04-02 12:21:53]   Total parameters:        18,192
[2026-04-02 12:21:53]   Trainable parameters:    4,352
[2026-04-02 12:21:53]   Training percentage:     23.9%
[2026-04-02 12:21:53]   Trainable layers: 4
[2026-04-02 12:21:53]     - final_layer.1.bias
[2026-04-02 12:21:53]     - final_layer.1.weight
[2026-04-02 12:21:53]     - spatial_conv.1.bias
[2026-04-02 12:21:53]     - spatial_conv.1.weight
[2026-04-02 12:21:53]     Train generator seeded: True
[2026-04-02 12:22:26]     Stopped epoch:            3651
[2026-04-02 12:22:26]     Best epoch (valid_loss):  3601
[2026-04-02 12:22:26]     Best valid_loss:          0.2040344774723053
[2026-04-02 12:22:26]     Test accuracy (primary):  0.8000
[2026-04-02 12:22:26]     Test balanced acc:        0.8000
[2026-04-02 12:22:26]     Confusion matrix:         [[2, 0, 1, 2], [0, 5, 0, 0], [0, 1, 4, 0], [0, 0, 0, 5]]
[2026-04-02 12:22:26]     Prediction histogram:     [2, 6, 5, 7]
[2026-04-02 12:22:26]     fold_acc=0.8000 fold_bal_acc=0.8000 cm=[[2, 0, 1, 2], [0, 5, 0, 0], [0, 1, 4, 0], [0, 0, 0, 5]]
[2026-04-02 12:22:26]   Subject 49 Fold 5 seed: 4947
[2026-04-02 12:22:26]   Subject 49 Fold 5: n_train=64 n_val=16 n_test=20
[2026-04-02 12:22:26]     Train class counts: [16, 16, 16, 16]
[2026-04-02 12:22:26]     Val class counts:   [4, 4, 4, 4]
[2026-04-02 12:22:26]     Test class counts:  [5, 5, 5, 5]
[2026-04-02 12:22:26] Building model with input window duration: 4.1875 s
[2026-04-02 12:22:26] Pretrained weight loading:
[2026-04-02 12:22:26]   Downloaded keys:        179
[2026-04-02 12:22:26]   Filtered (transformer): 172
[2026-04-02 12:22:26]   Filtered (pos_encoder): 0
[2026-04-02 12:22:26]   Keys to load:           7
[2026-04-02 12:22:26]   Missing keys:           4
[2026-04-02 12:22:26]   Unexpected keys:        0
[2026-04-02 12:22:26]   Missing preview:        ['spatial_conv.1.weight', 'spatial_conv.1.bias', 'final_layer.1.weight', 'final_layer.1.bias']
[2026-04-02 12:22:26]   Unexpected preview:     []
[2026-04-02 12:22:26] Encoder freeze configuration:
[2026-04-02 12:22:26]   Total parameters:        18,192
[2026-04-02 12:22:26]   Trainable parameters:    4,352
[2026-04-02 12:22:26]   Training percentage:     23.9%
[2026-04-02 12:22:26]   Trainable layers: 4
[2026-04-02 12:22:26]     - final_layer.1.bias
[2026-04-02 12:22:26]     - final_layer.1.weight
[2026-04-02 12:22:26]     - spatial_conv.1.bias
[2026-04-02 12:22:26]     - spatial_conv.1.weight
[2026-04-02 12:22:26]     Train generator seeded: True
[2026-04-02 12:22:39]     Stopped epoch:            1470
[2026-04-02 12:22:39]     Best epoch (valid_loss):  1420
[2026-04-02 12:22:39]     Best valid_loss:          0.5357786417007446
[2026-04-02 12:22:39]     Test accuracy (primary):  0.8000
[2026-04-02 12:22:39]     Test balanced acc:        0.8000
[2026-04-02 12:22:39]     Confusion matrix:         [[3, 1, 0, 1], [0, 3, 0, 2], [0, 0, 5, 0], [0, 0, 0, 5]]
[2026-04-02 12:22:39]     Prediction histogram:     [3, 4, 5, 8]
[2026-04-02 12:22:39]     fold_acc=0.8000 fold_bal_acc=0.8000 cm=[[3, 1, 0, 1], [0, 3, 0, 2], [0, 0, 5, 0], [0, 0, 0, 5]]
[2026-04-02 12:22:39]   Subject 49 mean accuracy: 0.8600

[2026-04-02 12:22:39] Subject 50: 100 windows class_counts=[25, 25, 25, 25]
[2026-04-02 12:22:39]   Fold 1 split seed: 43
[2026-04-02 12:22:39]   Fold 1 split class counts:
[2026-04-02 12:22:39]     train=[16, 16, 16, 16] val=[4, 4, 4, 4] test=[5, 5, 5, 5]
[2026-04-02 12:22:39]   Fold 2 split seed: 44
[2026-04-02 12:22:39]   Fold 2 split class counts:
[2026-04-02 12:22:39]     train=[16, 16, 16, 16] val=[4, 4, 4, 4] test=[5, 5, 5, 5]
[2026-04-02 12:22:39]   Fold 3 split seed: 45
[2026-04-02 12:22:39]   Fold 3 split class counts:
[2026-04-02 12:22:39]     train=[16, 16, 16, 16] val=[4, 4, 4, 4] test=[5, 5, 5, 5]
[2026-04-02 12:22:39]   Fold 4 split seed: 46
[2026-04-02 12:22:39]   Fold 4 split class counts:
[2026-04-02 12:22:39]     train=[16, 16, 16, 16] val=[4, 4, 4, 4] test=[5, 5, 5, 5]
[2026-04-02 12:22:39]   Fold 5 split seed: 47
[2026-04-02 12:22:39]   Fold 5 split class counts:
[2026-04-02 12:22:39]     train=[16, 16, 16, 16] val=[4, 4, 4, 4] test=[5, 5, 5, 5]
[2026-04-02 12:22:39]   Subject 50 Fold 1 seed: 5043
[2026-04-02 12:22:39]   Subject 50 Fold 1: n_train=64 n_val=16 n_test=20
[2026-04-02 12:22:39]     Train class counts: [16, 16, 16, 16]
[2026-04-02 12:22:39]     Val class counts:   [4, 4, 4, 4]
[2026-04-02 12:22:39]     Test class counts:  [5, 5, 5, 5]
[2026-04-02 12:22:39] Building model with input window duration: 4.1875 s
[2026-04-02 12:22:39] Pretrained weight loading:
[2026-04-02 12:22:39]   Downloaded keys:        179
[2026-04-02 12:22:39]   Filtered (transformer): 172
[2026-04-02 12:22:39]   Filtered (pos_encoder): 0
[2026-04-02 12:22:39]   Keys to load:           7
[2026-04-02 12:22:39]   Missing keys:           4
[2026-04-02 12:22:39]   Unexpected keys:        0
[2026-04-02 12:22:39]   Missing preview:        ['spatial_conv.1.weight', 'spatial_conv.1.bias', 'final_layer.1.weight', 'final_layer.1.bias']
[2026-04-02 12:22:39]   Unexpected preview:     []
[2026-04-02 12:22:39] Encoder freeze configuration:
[2026-04-02 12:22:39]   Total parameters:        18,192
[2026-04-02 12:22:39]   Trainable parameters:    4,352
[2026-04-02 12:22:39]   Training percentage:     23.9%
[2026-04-02 12:22:39]   Trainable layers: 4
[2026-04-02 12:22:39]     - final_layer.1.bias
[2026-04-02 12:22:39]     - final_layer.1.weight
[2026-04-02 12:22:39]     - spatial_conv.1.bias
[2026-04-02 12:22:39]     - spatial_conv.1.weight
[2026-04-02 12:22:39]     Train generator seeded: True
[2026-04-02 12:22:58]     Stopped epoch:            2068
[2026-04-02 12:22:58]     Best epoch (valid_loss):  2018
[2026-04-02 12:22:58]     Best valid_loss:          0.3518233597278595
[2026-04-02 12:22:58]     Test accuracy (primary):  0.9000
[2026-04-02 12:22:58]     Test balanced acc:        0.9000
[2026-04-02 12:22:58]     Confusion matrix:         [[4, 0, 1, 0], [0, 4, 1, 0], [0, 0, 5, 0], [0, 0, 0, 5]]
[2026-04-02 12:22:58]     Prediction histogram:     [4, 4, 7, 5]
[2026-04-02 12:22:58]     fold_acc=0.9000 fold_bal_acc=0.9000 cm=[[4, 0, 1, 0], [0, 4, 1, 0], [0, 0, 5, 0], [0, 0, 0, 5]]
[2026-04-02 12:22:58]   Subject 50 Fold 2 seed: 5044
[2026-04-02 12:22:58]   Subject 50 Fold 2: n_train=64 n_val=16 n_test=20
[2026-04-02 12:22:58]     Train class counts: [16, 16, 16, 16]
[2026-04-02 12:22:58]     Val class counts:   [4, 4, 4, 4]
[2026-04-02 12:22:58]     Test class counts:  [5, 5, 5, 5]
[2026-04-02 12:22:58] Building model with input window duration: 4.1875 s
[2026-04-02 12:22:58] Pretrained weight loading:
[2026-04-02 12:22:58]   Downloaded keys:        179
[2026-04-02 12:22:58]   Filtered (transformer): 172
[2026-04-02 12:22:58]   Filtered (pos_encoder): 0
[2026-04-02 12:22:58]   Keys to load:           7
[2026-04-02 12:22:58]   Missing keys:           4
[2026-04-02 12:22:58]   Unexpected keys:        0
[2026-04-02 12:22:58]   Missing preview:        ['spatial_conv.1.weight', 'spatial_conv.1.bias', 'final_layer.1.weight', 'final_layer.1.bias']
[2026-04-02 12:22:58]   Unexpected preview:     []
[2026-04-02 12:22:58] Encoder freeze configuration:
[2026-04-02 12:22:58]   Total parameters:        18,192
[2026-04-02 12:22:58]   Trainable parameters:    4,352
[2026-04-02 12:22:58]   Training percentage:     23.9%
[2026-04-02 12:22:58]   Trainable layers: 4
[2026-04-02 12:22:58]     - final_layer.1.bias
[2026-04-02 12:22:58]     - final_layer.1.weight
[2026-04-02 12:22:58]     - spatial_conv.1.bias
[2026-04-02 12:22:58]     - spatial_conv.1.weight
[2026-04-02 12:22:58]     Train generator seeded: True
[2026-04-02 12:23:43]     Stopped epoch:            5000
[2026-04-02 12:23:43]     Best epoch (valid_loss):  4994
[2026-04-02 12:23:43]     Best valid_loss:          0.09665369242429733
[2026-04-02 12:23:43]     Test accuracy (primary):  1.0000
[2026-04-02 12:23:43]     Test balanced acc:        1.0000
[2026-04-02 12:23:43]     Confusion matrix:         [[5, 0, 0, 0], [0, 5, 0, 0], [0, 0, 5, 0], [0, 0, 0, 5]]
[2026-04-02 12:23:43]     Prediction histogram:     [5, 5, 5, 5]
[2026-04-02 12:23:43]     fold_acc=1.0000 fold_bal_acc=1.0000 cm=[[5, 0, 0, 0], [0, 5, 0, 0], [0, 0, 5, 0], [0, 0, 0, 5]]
[2026-04-02 12:23:43]   Subject 50 Fold 3 seed: 5045
[2026-04-02 12:23:43]   Subject 50 Fold 3: n_train=64 n_val=16 n_test=20
[2026-04-02 12:23:43]     Train class counts: [16, 16, 16, 16]
[2026-04-02 12:23:43]     Val class counts:   [4, 4, 4, 4]
[2026-04-02 12:23:43]     Test class counts:  [5, 5, 5, 5]
[2026-04-02 12:23:43] Building model with input window duration: 4.1875 s
[2026-04-02 12:23:43] Pretrained weight loading:
[2026-04-02 12:23:43]   Downloaded keys:        179
[2026-04-02 12:23:43]   Filtered (transformer): 172
[2026-04-02 12:23:43]   Filtered (pos_encoder): 0
[2026-04-02 12:23:43]   Keys to load:           7
[2026-04-02 12:23:43]   Missing keys:           4
[2026-04-02 12:23:43]   Unexpected keys:        0
[2026-04-02 12:23:43]   Missing preview:        ['spatial_conv.1.weight', 'spatial_conv.1.bias', 'final_layer.1.weight', 'final_layer.1.bias']
[2026-04-02 12:23:43]   Unexpected preview:     []
[2026-04-02 12:23:43] Encoder freeze configuration:
[2026-04-02 12:23:43]   Total parameters:        18,192
[2026-04-02 12:23:43]   Trainable parameters:    4,352
[2026-04-02 12:23:43]   Training percentage:     23.9%
[2026-04-02 12:23:43]   Trainable layers: 4
[2026-04-02 12:23:43]     - final_layer.1.bias
[2026-04-02 12:23:43]     - final_layer.1.weight
[2026-04-02 12:23:43]     - spatial_conv.1.bias
[2026-04-02 12:23:43]     - spatial_conv.1.weight
[2026-04-02 12:23:43]     Train generator seeded: True
[2026-04-02 12:24:29]     Stopped epoch:            5000
[2026-04-02 12:24:29]     Best epoch (valid_loss):  4996
[2026-04-02 12:24:29]     Best valid_loss:          0.03125474229454994
[2026-04-02 12:24:29]     Test accuracy (primary):  0.8500
[2026-04-02 12:24:29]     Test balanced acc:        0.8500
[2026-04-02 12:24:29]     Confusion matrix:         [[4, 0, 0, 1], [0, 4, 1, 0], [0, 0, 4, 1], [0, 0, 0, 5]]
[2026-04-02 12:24:29]     Prediction histogram:     [4, 4, 5, 7]
[2026-04-02 12:24:29]     fold_acc=0.8500 fold_bal_acc=0.8500 cm=[[4, 0, 0, 1], [0, 4, 1, 0], [0, 0, 4, 1], [0, 0, 0, 5]]
[2026-04-02 12:24:29]   Subject 50 Fold 4 seed: 5046
[2026-04-02 12:24:29]   Subject 50 Fold 4: n_train=64 n_val=16 n_test=20
[2026-04-02 12:24:29]     Train class counts: [16, 16, 16, 16]
[2026-04-02 12:24:29]     Val class counts:   [4, 4, 4, 4]
[2026-04-02 12:24:29]     Test class counts:  [5, 5, 5, 5]
[2026-04-02 12:24:29] Building model with input window duration: 4.1875 s
[2026-04-02 12:24:29] Pretrained weight loading:
[2026-04-02 12:24:29]   Downloaded keys:        179
[2026-04-02 12:24:29]   Filtered (transformer): 172
[2026-04-02 12:24:29]   Filtered (pos_encoder): 0
[2026-04-02 12:24:29]   Keys to load:           7
[2026-04-02 12:24:29]   Missing keys:           4
[2026-04-02 12:24:29]   Unexpected keys:        0
[2026-04-02 12:24:29]   Missing preview:        ['spatial_conv.1.weight', 'spatial_conv.1.bias', 'final_layer.1.weight', 'final_layer.1.bias']
[2026-04-02 12:24:29]   Unexpected preview:     []
[2026-04-02 12:24:29] Encoder freeze configuration:
[2026-04-02 12:24:29]   Total parameters:        18,192
[2026-04-02 12:24:29]   Trainable parameters:    4,352
[2026-04-02 12:24:29]   Training percentage:     23.9%
[2026-04-02 12:24:29]   Trainable layers: 4
[2026-04-02 12:24:29]     - final_layer.1.bias
[2026-04-02 12:24:29]     - final_layer.1.weight
[2026-04-02 12:24:29]     - spatial_conv.1.bias
[2026-04-02 12:24:29]     - spatial_conv.1.weight
[2026-04-02 12:24:29]     Train generator seeded: True
[2026-04-02 12:24:55]     Stopped epoch:            2897
[2026-04-02 12:24:55]     Best epoch (valid_loss):  2847
[2026-04-02 12:24:55]     Best valid_loss:          0.12523511052131653
[2026-04-02 12:24:55]     Test accuracy (primary):  0.8500
[2026-04-02 12:24:55]     Test balanced acc:        0.8500
[2026-04-02 12:24:55]     Confusion matrix:         [[5, 0, 0, 0], [0, 5, 0, 0], [2, 0, 3, 0], [1, 0, 0, 4]]
[2026-04-02 12:24:55]     Prediction histogram:     [8, 5, 3, 4]
[2026-04-02 12:24:55]     fold_acc=0.8500 fold_bal_acc=0.8500 cm=[[5, 0, 0, 0], [0, 5, 0, 0], [2, 0, 3, 0], [1, 0, 0, 4]]
[2026-04-02 12:24:55]   Subject 50 Fold 5 seed: 5047
[2026-04-02 12:24:55]   Subject 50 Fold 5: n_train=64 n_val=16 n_test=20
[2026-04-02 12:24:55]     Train class counts: [16, 16, 16, 16]
[2026-04-02 12:24:55]     Val class counts:   [4, 4, 4, 4]
[2026-04-02 12:24:55]     Test class counts:  [5, 5, 5, 5]
[2026-04-02 12:24:55] Building model with input window duration: 4.1875 s
[2026-04-02 12:24:55] Pretrained weight loading:
[2026-04-02 12:24:55]   Downloaded keys:        179
[2026-04-02 12:24:55]   Filtered (transformer): 172
[2026-04-02 12:24:55]   Filtered (pos_encoder): 0
[2026-04-02 12:24:55]   Keys to load:           7
[2026-04-02 12:24:55]   Missing keys:           4
[2026-04-02 12:24:55]   Unexpected keys:        0
[2026-04-02 12:24:55]   Missing preview:        ['spatial_conv.1.weight', 'spatial_conv.1.bias', 'final_layer.1.weight', 'final_layer.1.bias']
[2026-04-02 12:24:55]   Unexpected preview:     []
[2026-04-02 12:24:55] Encoder freeze configuration:
[2026-04-02 12:24:55]   Total parameters:        18,192
[2026-04-02 12:24:55]   Trainable parameters:    4,352
[2026-04-02 12:24:55]   Training percentage:     23.9%
[2026-04-02 12:24:55]   Trainable layers: 4
[2026-04-02 12:24:55]     - final_layer.1.bias
[2026-04-02 12:24:55]     - final_layer.1.weight
[2026-04-02 12:24:55]     - spatial_conv.1.bias
[2026-04-02 12:24:55]     - spatial_conv.1.weight
[2026-04-02 12:24:55]     Train generator seeded: True
[2026-04-02 12:25:38]     Stopped epoch:            4690
[2026-04-02 12:25:38]     Best epoch (valid_loss):  4640
[2026-04-02 12:25:38]     Best valid_loss:          0.12786875665187836
[2026-04-02 12:25:38]     Test accuracy (primary):  0.9500
[2026-04-02 12:25:38]     Test balanced acc:        0.9500
[2026-04-02 12:25:38]     Confusion matrix:         [[4, 0, 0, 1], [0, 5, 0, 0], [0, 0, 5, 0], [0, 0, 0, 5]]
[2026-04-02 12:25:38]     Prediction histogram:     [4, 5, 5, 6]
[2026-04-02 12:25:38]     fold_acc=0.9500 fold_bal_acc=0.9500 cm=[[4, 0, 0, 1], [0, 5, 0, 0], [0, 0, 5, 0], [0, 0, 0, 5]]
[2026-04-02 12:25:38]   Subject 50 mean accuracy: 0.9100

[2026-04-02 12:25:38] Subject 51: 100 windows class_counts=[25, 25, 25, 25]
[2026-04-02 12:25:38]   Fold 1 split seed: 43
[2026-04-02 12:25:38]   Fold 1 split class counts:
[2026-04-02 12:25:38]     train=[16, 16, 16, 16] val=[4, 4, 4, 4] test=[5, 5, 5, 5]
[2026-04-02 12:25:38]   Fold 2 split seed: 44
[2026-04-02 12:25:38]   Fold 2 split class counts:
[2026-04-02 12:25:38]     train=[16, 16, 16, 16] val=[4, 4, 4, 4] test=[5, 5, 5, 5]
[2026-04-02 12:25:38]   Fold 3 split seed: 45
[2026-04-02 12:25:38]   Fold 3 split class counts:
[2026-04-02 12:25:38]     train=[16, 16, 16, 16] val=[4, 4, 4, 4] test=[5, 5, 5, 5]
[2026-04-02 12:25:38]   Fold 4 split seed: 46
[2026-04-02 12:25:38]   Fold 4 split class counts:
[2026-04-02 12:25:38]     train=[16, 16, 16, 16] val=[4, 4, 4, 4] test=[5, 5, 5, 5]
[2026-04-02 12:25:38]   Fold 5 split seed: 47
[2026-04-02 12:25:38]   Fold 5 split class counts:
[2026-04-02 12:25:38]     train=[16, 16, 16, 16] val=[4, 4, 4, 4] test=[5, 5, 5, 5]
[2026-04-02 12:25:38]   Subject 51 Fold 1 seed: 5143
[2026-04-02 12:25:38]   Subject 51 Fold 1: n_train=64 n_val=16 n_test=20
[2026-04-02 12:25:38]     Train class counts: [16, 16, 16, 16]
[2026-04-02 12:25:38]     Val class counts:   [4, 4, 4, 4]
[2026-04-02 12:25:38]     Test class counts:  [5, 5, 5, 5]
[2026-04-02 12:25:38] Building model with input window duration: 4.1875 s
[2026-04-02 12:25:38] Pretrained weight loading:
[2026-04-02 12:25:38]   Downloaded keys:        179
[2026-04-02 12:25:38]   Filtered (transformer): 172
[2026-04-02 12:25:38]   Filtered (pos_encoder): 0
[2026-04-02 12:25:38]   Keys to load:           7
[2026-04-02 12:25:38]   Missing keys:           4
[2026-04-02 12:25:38]   Unexpected keys:        0
[2026-04-02 12:25:38]   Missing preview:        ['spatial_conv.1.weight', 'spatial_conv.1.bias', 'final_layer.1.weight', 'final_layer.1.bias']
[2026-04-02 12:25:38]   Unexpected preview:     []
[2026-04-02 12:25:38] Encoder freeze configuration:
[2026-04-02 12:25:38]   Total parameters:        18,192
[2026-04-02 12:25:38]   Trainable parameters:    4,352
[2026-04-02 12:25:38]   Training percentage:     23.9%
[2026-04-02 12:25:38]   Trainable layers: 4
[2026-04-02 12:25:38]     - final_layer.1.bias
[2026-04-02 12:25:38]     - final_layer.1.weight
[2026-04-02 12:25:38]     - spatial_conv.1.bias
[2026-04-02 12:25:38]     - spatial_conv.1.weight
[2026-04-02 12:25:38]     Train generator seeded: True
[2026-04-02 12:25:40]     Stopped epoch:            249
[2026-04-02 12:25:40]     Best epoch (valid_loss):  199
[2026-04-02 12:25:40]     Best valid_loss:          1.1995197534561157
[2026-04-02 12:25:40]     Test accuracy (primary):  0.1500
[2026-04-02 12:25:40]     Test balanced acc:        0.1500
[2026-04-02 12:25:40]     Confusion matrix:         [[2, 0, 2, 1], [1, 0, 1, 3], [0, 2, 0, 3], [1, 2, 1, 1]]
[2026-04-02 12:25:40]     Prediction histogram:     [4, 4, 4, 8]
[2026-04-02 12:25:40]     fold_acc=0.1500 fold_bal_acc=0.1500 cm=[[2, 0, 2, 1], [1, 0, 1, 3], [0, 2, 0, 3], [1, 2, 1, 1]]
[2026-04-02 12:25:40]   Subject 51 Fold 2 seed: 5144
[2026-04-02 12:25:40]   Subject 51 Fold 2: n_train=64 n_val=16 n_test=20
[2026-04-02 12:25:40]     Train class counts: [16, 16, 16, 16]
[2026-04-02 12:25:40]     Val class counts:   [4, 4, 4, 4]
[2026-04-02 12:25:40]     Test class counts:  [5, 5, 5, 5]
[2026-04-02 12:25:40] Building model with input window duration: 4.1875 s
[2026-04-02 12:25:40] Pretrained weight loading:
[2026-04-02 12:25:40]   Downloaded keys:        179
[2026-04-02 12:25:40]   Filtered (transformer): 172
[2026-04-02 12:25:40]   Filtered (pos_encoder): 0
[2026-04-02 12:25:40]   Keys to load:           7
[2026-04-02 12:25:40]   Missing keys:           4
[2026-04-02 12:25:40]   Unexpected keys:        0
[2026-04-02 12:25:40]   Missing preview:        ['spatial_conv.1.weight', 'spatial_conv.1.bias', 'final_layer.1.weight', 'final_layer.1.bias']
[2026-04-02 12:25:40]   Unexpected preview:     []
[2026-04-02 12:25:40] Encoder freeze configuration:
[2026-04-02 12:25:40]   Total parameters:        18,192
[2026-04-02 12:25:40]   Trainable parameters:    4,352
[2026-04-02 12:25:40]   Training percentage:     23.9%
[2026-04-02 12:25:40]   Trainable layers: 4
[2026-04-02 12:25:40]     - final_layer.1.bias
[2026-04-02 12:25:40]     - final_layer.1.weight
[2026-04-02 12:25:40]     - spatial_conv.1.bias
[2026-04-02 12:25:40]     - spatial_conv.1.weight
[2026-04-02 12:25:40]     Train generator seeded: True
[2026-04-02 12:25:41]     Stopped epoch:            166
[2026-04-02 12:25:41]     Best epoch (valid_loss):  116
[2026-04-02 12:25:41]     Best valid_loss:          1.3363155126571655
[2026-04-02 12:25:41]     Test accuracy (primary):  0.4000
[2026-04-02 12:25:41]     Test balanced acc:        0.4000
[2026-04-02 12:25:41]     Confusion matrix:         [[2, 1, 1, 1], [0, 2, 1, 2], [1, 1, 2, 1], [1, 2, 0, 2]]
[2026-04-02 12:25:41]     Prediction histogram:     [4, 6, 4, 6]
[2026-04-02 12:25:41]     fold_acc=0.4000 fold_bal_acc=0.4000 cm=[[2, 1, 1, 1], [0, 2, 1, 2], [1, 1, 2, 1], [1, 2, 0, 2]]
[2026-04-02 12:25:41]   Subject 51 Fold 3 seed: 5145
[2026-04-02 12:25:41]   Subject 51 Fold 3: n_train=64 n_val=16 n_test=20
[2026-04-02 12:25:41]     Train class counts: [16, 16, 16, 16]
[2026-04-02 12:25:41]     Val class counts:   [4, 4, 4, 4]
[2026-04-02 12:25:41]     Test class counts:  [5, 5, 5, 5]
[2026-04-02 12:25:41] Building model with input window duration: 4.1875 s
[2026-04-02 12:25:41] Pretrained weight loading:
[2026-04-02 12:25:41]   Downloaded keys:        179
[2026-04-02 12:25:41]   Filtered (transformer): 172
[2026-04-02 12:25:41]   Filtered (pos_encoder): 0
[2026-04-02 12:25:41]   Keys to load:           7
[2026-04-02 12:25:41]   Missing keys:           4
[2026-04-02 12:25:41]   Unexpected keys:        0
[2026-04-02 12:25:41]   Missing preview:        ['spatial_conv.1.weight', 'spatial_conv.1.bias', 'final_layer.1.weight', 'final_layer.1.bias']
[2026-04-02 12:25:41]   Unexpected preview:     []
[2026-04-02 12:25:41] Encoder freeze configuration:
[2026-04-02 12:25:41]   Total parameters:        18,192
[2026-04-02 12:25:41]   Trainable parameters:    4,352
[2026-04-02 12:25:41]   Training percentage:     23.9%
[2026-04-02 12:25:41]   Trainable layers: 4
[2026-04-02 12:25:41]     - final_layer.1.bias
[2026-04-02 12:25:41]     - final_layer.1.weight
[2026-04-02 12:25:41]     - spatial_conv.1.bias
[2026-04-02 12:25:41]     - spatial_conv.1.weight
[2026-04-02 12:25:41]     Train generator seeded: True
[2026-04-02 12:25:43]     Stopped epoch:            173
[2026-04-02 12:25:43]     Best epoch (valid_loss):  123
[2026-04-02 12:25:43]     Best valid_loss:          1.3295741081237793
[2026-04-02 12:25:43]     Test accuracy (primary):  0.3000
[2026-04-02 12:25:43]     Test balanced acc:        0.3000
[2026-04-02 12:25:43]     Confusion matrix:         [[0, 1, 3, 1], [1, 1, 1, 2], [3, 1, 0, 1], [0, 0, 0, 5]]
[2026-04-02 12:25:43]     Prediction histogram:     [4, 3, 4, 9]
[2026-04-02 12:25:43]     fold_acc=0.3000 fold_bal_acc=0.3000 cm=[[0, 1, 3, 1], [1, 1, 1, 2], [3, 1, 0, 1], [0, 0, 0, 5]]
[2026-04-02 12:25:43]   Subject 51 Fold 4 seed: 5146
[2026-04-02 12:25:43]   Subject 51 Fold 4: n_train=64 n_val=16 n_test=20
[2026-04-02 12:25:43]     Train class counts: [16, 16, 16, 16]
[2026-04-02 12:25:43]     Val class counts:   [4, 4, 4, 4]
[2026-04-02 12:25:43]     Test class counts:  [5, 5, 5, 5]
[2026-04-02 12:25:43] Building model with input window duration: 4.1875 s
[2026-04-02 12:25:43] Pretrained weight loading:
[2026-04-02 12:25:43]   Downloaded keys:        179
[2026-04-02 12:25:43]   Filtered (transformer): 172
[2026-04-02 12:25:43]   Filtered (pos_encoder): 0
[2026-04-02 12:25:43]   Keys to load:           7
[2026-04-02 12:25:43]   Missing keys:           4
[2026-04-02 12:25:43]   Unexpected keys:        0
[2026-04-02 12:25:43]   Missing preview:        ['spatial_conv.1.weight', 'spatial_conv.1.bias', 'final_layer.1.weight', 'final_layer.1.bias']
[2026-04-02 12:25:43]   Unexpected preview:     []
[2026-04-02 12:25:43] Encoder freeze configuration:
[2026-04-02 12:25:43]   Total parameters:        18,192
[2026-04-02 12:25:43]   Trainable parameters:    4,352
[2026-04-02 12:25:43]   Training percentage:     23.9%
[2026-04-02 12:25:43]   Trainable layers: 4
[2026-04-02 12:25:43]     - final_layer.1.bias
[2026-04-02 12:25:43]     - final_layer.1.weight
[2026-04-02 12:25:43]     - spatial_conv.1.bias
[2026-04-02 12:25:43]     - spatial_conv.1.weight
[2026-04-02 12:25:43]     Train generator seeded: True
[2026-04-02 12:25:44]     Stopped epoch:            79
[2026-04-02 12:25:44]     Best epoch (valid_loss):  33
[2026-04-02 12:25:44]     Best valid_loss:          1.3839095830917358
[2026-04-02 12:25:44]     Test accuracy (primary):  0.3000
[2026-04-02 12:25:44]     Test balanced acc:        0.3000
[2026-04-02 12:25:44]     Confusion matrix:         [[1, 1, 1, 2], [1, 0, 1, 3], [1, 0, 2, 2], [1, 0, 1, 3]]
[2026-04-02 12:25:44]     Prediction histogram:     [4, 1, 5, 10]
[2026-04-02 12:25:44]     fold_acc=0.3000 fold_bal_acc=0.3000 cm=[[1, 1, 1, 2], [1, 0, 1, 3], [1, 0, 2, 2], [1, 0, 1, 3]]
[2026-04-02 12:25:44]   Subject 51 Fold 5 seed: 5147
[2026-04-02 12:25:44]   Subject 51 Fold 5: n_train=64 n_val=16 n_test=20
[2026-04-02 12:25:44]     Train class counts: [16, 16, 16, 16]
[2026-04-02 12:25:44]     Val class counts:   [4, 4, 4, 4]
[2026-04-02 12:25:44]     Test class counts:  [5, 5, 5, 5]
[2026-04-02 12:25:44] Building model with input window duration: 4.1875 s
[2026-04-02 12:25:44] Pretrained weight loading:
[2026-04-02 12:25:44]   Downloaded keys:        179
[2026-04-02 12:25:44]   Filtered (transformer): 172
[2026-04-02 12:25:44]   Filtered (pos_encoder): 0
[2026-04-02 12:25:44]   Keys to load:           7
[2026-04-02 12:25:44]   Missing keys:           4
[2026-04-02 12:25:44]   Unexpected keys:        0
[2026-04-02 12:25:44]   Missing preview:        ['spatial_conv.1.weight', 'spatial_conv.1.bias', 'final_layer.1.weight', 'final_layer.1.bias']
[2026-04-02 12:25:44]   Unexpected preview:     []
[2026-04-02 12:25:44] Encoder freeze configuration:
[2026-04-02 12:25:44]   Total parameters:        18,192
[2026-04-02 12:25:44]   Trainable parameters:    4,352
[2026-04-02 12:25:44]   Training percentage:     23.9%
[2026-04-02 12:25:44]   Trainable layers: 4
[2026-04-02 12:25:44]     - final_layer.1.bias
[2026-04-02 12:25:44]     - final_layer.1.weight
[2026-04-02 12:25:44]     - spatial_conv.1.bias
[2026-04-02 12:25:44]     - spatial_conv.1.weight
[2026-04-02 12:25:44]     Train generator seeded: True
[2026-04-02 12:25:45]     Stopped epoch:            129
[2026-04-02 12:25:45]     Best epoch (valid_loss):  79
[2026-04-02 12:25:45]     Best valid_loss:          1.3657740354537964
[2026-04-02 12:25:45]     Test accuracy (primary):  0.3000
[2026-04-02 12:25:45]     Test balanced acc:        0.3000
[2026-04-02 12:25:45]     Confusion matrix:         [[1, 3, 0, 1], [1, 1, 3, 0], [3, 1, 0, 1], [1, 0, 0, 4]]
[2026-04-02 12:25:45]     Prediction histogram:     [6, 5, 3, 6]
[2026-04-02 12:25:45]     fold_acc=0.3000 fold_bal_acc=0.3000 cm=[[1, 3, 0, 1], [1, 1, 3, 0], [3, 1, 0, 1], [1, 0, 0, 4]]
[2026-04-02 12:25:45]   Subject 51 mean accuracy: 0.2900

[2026-04-02 12:25:45] Subject 52: 100 windows class_counts=[25, 25, 25, 25]
[2026-04-02 12:25:45]   Fold 1 split seed: 43
[2026-04-02 12:25:45]   Fold 1 split class counts:
[2026-04-02 12:25:45]     train=[16, 16, 16, 16] val=[4, 4, 4, 4] test=[5, 5, 5, 5]
[2026-04-02 12:25:45]   Fold 2 split seed: 44
[2026-04-02 12:25:45]   Fold 2 split class counts:
[2026-04-02 12:25:45]     train=[16, 16, 16, 16] val=[4, 4, 4, 4] test=[5, 5, 5, 5]
[2026-04-02 12:25:45]   Fold 3 split seed: 45
[2026-04-02 12:25:45]   Fold 3 split class counts:
[2026-04-02 12:25:45]     train=[16, 16, 16, 16] val=[4, 4, 4, 4] test=[5, 5, 5, 5]
[2026-04-02 12:25:45]   Fold 4 split seed: 46
[2026-04-02 12:25:45]   Fold 4 split class counts:
[2026-04-02 12:25:45]     train=[16, 16, 16, 16] val=[4, 4, 4, 4] test=[5, 5, 5, 5]
[2026-04-02 12:25:45]   Fold 5 split seed: 47
[2026-04-02 12:25:45]   Fold 5 split class counts:
[2026-04-02 12:25:45]     train=[16, 16, 16, 16] val=[4, 4, 4, 4] test=[5, 5, 5, 5]
[2026-04-02 12:25:45]   Subject 52 Fold 1 seed: 5243
[2026-04-02 12:25:45]   Subject 52 Fold 1: n_train=64 n_val=16 n_test=20
[2026-04-02 12:25:45]     Train class counts: [16, 16, 16, 16]
[2026-04-02 12:25:45]     Val class counts:   [4, 4, 4, 4]
[2026-04-02 12:25:45]     Test class counts:  [5, 5, 5, 5]
[2026-04-02 12:25:45] Building model with input window duration: 4.1875 s
[2026-04-02 12:25:45] Pretrained weight loading:
[2026-04-02 12:25:45]   Downloaded keys:        179
[2026-04-02 12:25:45]   Filtered (transformer): 172
[2026-04-02 12:25:45]   Filtered (pos_encoder): 0
[2026-04-02 12:25:45]   Keys to load:           7
[2026-04-02 12:25:45]   Missing keys:           4
[2026-04-02 12:25:45]   Unexpected keys:        0
[2026-04-02 12:25:45]   Missing preview:        ['spatial_conv.1.weight', 'spatial_conv.1.bias', 'final_layer.1.weight', 'final_layer.1.bias']
[2026-04-02 12:25:45]   Unexpected preview:     []
[2026-04-02 12:25:45] Encoder freeze configuration:
[2026-04-02 12:25:45]   Total parameters:        18,192
[2026-04-02 12:25:45]   Trainable parameters:    4,352
[2026-04-02 12:25:45]   Training percentage:     23.9%
[2026-04-02 12:25:45]   Trainable layers: 4
[2026-04-02 12:25:45]     - final_layer.1.bias
[2026-04-02 12:25:45]     - final_layer.1.weight
[2026-04-02 12:25:45]     - spatial_conv.1.bias
[2026-04-02 12:25:45]     - spatial_conv.1.weight
[2026-04-02 12:25:45]     Train generator seeded: True
[2026-04-02 12:26:20]     Stopped epoch:            3875
[2026-04-02 12:26:20]     Best epoch (valid_loss):  3825
[2026-04-02 12:26:20]     Best valid_loss:          0.06740562617778778
[2026-04-02 12:26:20]     Test accuracy (primary):  0.9500
[2026-04-02 12:26:20]     Test balanced acc:        0.9500
[2026-04-02 12:26:20]     Confusion matrix:         [[4, 1, 0, 0], [0, 5, 0, 0], [0, 0, 5, 0], [0, 0, 0, 5]]
[2026-04-02 12:26:20]     Prediction histogram:     [4, 6, 5, 5]
[2026-04-02 12:26:20]     fold_acc=0.9500 fold_bal_acc=0.9500 cm=[[4, 1, 0, 0], [0, 5, 0, 0], [0, 0, 5, 0], [0, 0, 0, 5]]
[2026-04-02 12:26:20]   Subject 52 Fold 2 seed: 5244
[2026-04-02 12:26:20]   Subject 52 Fold 2: n_train=64 n_val=16 n_test=20
[2026-04-02 12:26:20]     Train class counts: [16, 16, 16, 16]
[2026-04-02 12:26:20]     Val class counts:   [4, 4, 4, 4]
[2026-04-02 12:26:20]     Test class counts:  [5, 5, 5, 5]
[2026-04-02 12:26:20] Building model with input window duration: 4.1875 s
[2026-04-02 12:26:20] Pretrained weight loading:
[2026-04-02 12:26:20]   Downloaded keys:        179
[2026-04-02 12:26:20]   Filtered (transformer): 172
[2026-04-02 12:26:20]   Filtered (pos_encoder): 0
[2026-04-02 12:26:20]   Keys to load:           7
[2026-04-02 12:26:20]   Missing keys:           4
[2026-04-02 12:26:20]   Unexpected keys:        0
[2026-04-02 12:26:20]   Missing preview:        ['spatial_conv.1.weight', 'spatial_conv.1.bias', 'final_layer.1.weight', 'final_layer.1.bias']
[2026-04-02 12:26:20]   Unexpected preview:     []
[2026-04-02 12:26:20] Encoder freeze configuration:
[2026-04-02 12:26:20]   Total parameters:        18,192
[2026-04-02 12:26:20]   Trainable parameters:    4,352
[2026-04-02 12:26:20]   Training percentage:     23.9%
[2026-04-02 12:26:20]   Trainable layers: 4
[2026-04-02 12:26:20]     - final_layer.1.bias
[2026-04-02 12:26:20]     - final_layer.1.weight
[2026-04-02 12:26:20]     - spatial_conv.1.bias
[2026-04-02 12:26:20]     - spatial_conv.1.weight
[2026-04-02 12:26:20]     Train generator seeded: True
[2026-04-02 12:26:38]     Stopped epoch:            2010
[2026-04-02 12:26:38]     Best epoch (valid_loss):  1960
[2026-04-02 12:26:38]     Best valid_loss:          0.2055235505104065
[2026-04-02 12:26:38]     Test accuracy (primary):  1.0000
[2026-04-02 12:26:38]     Test balanced acc:        1.0000
[2026-04-02 12:26:38]     Confusion matrix:         [[5, 0, 0, 0], [0, 5, 0, 0], [0, 0, 5, 0], [0, 0, 0, 5]]
[2026-04-02 12:26:38]     Prediction histogram:     [5, 5, 5, 5]
[2026-04-02 12:26:38]     fold_acc=1.0000 fold_bal_acc=1.0000 cm=[[5, 0, 0, 0], [0, 5, 0, 0], [0, 0, 5, 0], [0, 0, 0, 5]]
[2026-04-02 12:26:38]   Subject 52 Fold 3 seed: 5245
[2026-04-02 12:26:38]   Subject 52 Fold 3: n_train=64 n_val=16 n_test=20
[2026-04-02 12:26:38]     Train class counts: [16, 16, 16, 16]
[2026-04-02 12:26:38]     Val class counts:   [4, 4, 4, 4]
[2026-04-02 12:26:38]     Test class counts:  [5, 5, 5, 5]
[2026-04-02 12:26:38] Building model with input window duration: 4.1875 s
[2026-04-02 12:26:38] Pretrained weight loading:
[2026-04-02 12:26:38]   Downloaded keys:        179
[2026-04-02 12:26:38]   Filtered (transformer): 172
[2026-04-02 12:26:38]   Filtered (pos_encoder): 0
[2026-04-02 12:26:38]   Keys to load:           7
[2026-04-02 12:26:38]   Missing keys:           4
[2026-04-02 12:26:38]   Unexpected keys:        0
[2026-04-02 12:26:38]   Missing preview:        ['spatial_conv.1.weight', 'spatial_conv.1.bias', 'final_layer.1.weight', 'final_layer.1.bias']
[2026-04-02 12:26:38]   Unexpected preview:     []
[2026-04-02 12:26:38] Encoder freeze configuration:
[2026-04-02 12:26:38]   Total parameters:        18,192
[2026-04-02 12:26:38]   Trainable parameters:    4,352
[2026-04-02 12:26:38]   Training percentage:     23.9%
[2026-04-02 12:26:38]   Trainable layers: 4
[2026-04-02 12:26:38]     - final_layer.1.bias
[2026-04-02 12:26:38]     - final_layer.1.weight
[2026-04-02 12:26:38]     - spatial_conv.1.bias
[2026-04-02 12:26:38]     - spatial_conv.1.weight
[2026-04-02 12:26:38]     Train generator seeded: True
[2026-04-02 12:27:18]     Stopped epoch:            4400
[2026-04-02 12:27:18]     Best epoch (valid_loss):  4350
[2026-04-02 12:27:18]     Best valid_loss:          0.13116011023521423
[2026-04-02 12:27:18]     Test accuracy (primary):  1.0000
[2026-04-02 12:27:18]     Test balanced acc:        1.0000
[2026-04-02 12:27:18]     Confusion matrix:         [[5, 0, 0, 0], [0, 5, 0, 0], [0, 0, 5, 0], [0, 0, 0, 5]]
[2026-04-02 12:27:18]     Prediction histogram:     [5, 5, 5, 5]
[2026-04-02 12:27:18]     fold_acc=1.0000 fold_bal_acc=1.0000 cm=[[5, 0, 0, 0], [0, 5, 0, 0], [0, 0, 5, 0], [0, 0, 0, 5]]
[2026-04-02 12:27:18]   Subject 52 Fold 4 seed: 5246
[2026-04-02 12:27:18]   Subject 52 Fold 4: n_train=64 n_val=16 n_test=20
[2026-04-02 12:27:18]     Train class counts: [16, 16, 16, 16]
[2026-04-02 12:27:18]     Val class counts:   [4, 4, 4, 4]
[2026-04-02 12:27:18]     Test class counts:  [5, 5, 5, 5]
[2026-04-02 12:27:18] Building model with input window duration: 4.1875 s
[2026-04-02 12:27:18] Pretrained weight loading:
[2026-04-02 12:27:18]   Downloaded keys:        179
[2026-04-02 12:27:18]   Filtered (transformer): 172
[2026-04-02 12:27:18]   Filtered (pos_encoder): 0
[2026-04-02 12:27:18]   Keys to load:           7
[2026-04-02 12:27:18]   Missing keys:           4
[2026-04-02 12:27:18]   Unexpected keys:        0
[2026-04-02 12:27:18]   Missing preview:        ['spatial_conv.1.weight', 'spatial_conv.1.bias', 'final_layer.1.weight', 'final_layer.1.bias']
[2026-04-02 12:27:18]   Unexpected preview:     []
[2026-04-02 12:27:18] Encoder freeze configuration:
[2026-04-02 12:27:18]   Total parameters:        18,192
[2026-04-02 12:27:18]   Trainable parameters:    4,352
[2026-04-02 12:27:18]   Training percentage:     23.9%
[2026-04-02 12:27:18]   Trainable layers: 4
[2026-04-02 12:27:18]     - final_layer.1.bias
[2026-04-02 12:27:18]     - final_layer.1.weight
[2026-04-02 12:27:18]     - spatial_conv.1.bias
[2026-04-02 12:27:18]     - spatial_conv.1.weight
[2026-04-02 12:27:18]     Train generator seeded: True
[2026-04-02 12:27:41]     Stopped epoch:            2534
[2026-04-02 12:27:41]     Best epoch (valid_loss):  2484
[2026-04-02 12:27:41]     Best valid_loss:          0.09041938930749893
[2026-04-02 12:27:41]     Test accuracy (primary):  1.0000
[2026-04-02 12:27:41]     Test balanced acc:        1.0000
[2026-04-02 12:27:41]     Confusion matrix:         [[5, 0, 0, 0], [0, 5, 0, 0], [0, 0, 5, 0], [0, 0, 0, 5]]
[2026-04-02 12:27:41]     Prediction histogram:     [5, 5, 5, 5]
[2026-04-02 12:27:41]     fold_acc=1.0000 fold_bal_acc=1.0000 cm=[[5, 0, 0, 0], [0, 5, 0, 0], [0, 0, 5, 0], [0, 0, 0, 5]]
[2026-04-02 12:27:41]   Subject 52 Fold 5 seed: 5247
[2026-04-02 12:27:41]   Subject 52 Fold 5: n_train=64 n_val=16 n_test=20
[2026-04-02 12:27:41]     Train class counts: [16, 16, 16, 16]
[2026-04-02 12:27:41]     Val class counts:   [4, 4, 4, 4]
[2026-04-02 12:27:41]     Test class counts:  [5, 5, 5, 5]
[2026-04-02 12:27:41] Building model with input window duration: 4.1875 s
[2026-04-02 12:27:41] Pretrained weight loading:
[2026-04-02 12:27:41]   Downloaded keys:        179
[2026-04-02 12:27:41]   Filtered (transformer): 172
[2026-04-02 12:27:41]   Filtered (pos_encoder): 0
[2026-04-02 12:27:41]   Keys to load:           7
[2026-04-02 12:27:41]   Missing keys:           4
[2026-04-02 12:27:41]   Unexpected keys:        0
[2026-04-02 12:27:41]   Missing preview:        ['spatial_conv.1.weight', 'spatial_conv.1.bias', 'final_layer.1.weight', 'final_layer.1.bias']
[2026-04-02 12:27:41]   Unexpected preview:     []
[2026-04-02 12:27:41] Encoder freeze configuration:
[2026-04-02 12:27:41]   Total parameters:        18,192
[2026-04-02 12:27:41]   Trainable parameters:    4,352
[2026-04-02 12:27:41]   Training percentage:     23.9%
[2026-04-02 12:27:41]   Trainable layers: 4
[2026-04-02 12:27:41]     - final_layer.1.bias
[2026-04-02 12:27:41]     - final_layer.1.weight
[2026-04-02 12:27:41]     - spatial_conv.1.bias
[2026-04-02 12:27:41]     - spatial_conv.1.weight
[2026-04-02 12:27:41]     Train generator seeded: True
[2026-04-02 12:27:54]     Stopped epoch:            1509
[2026-04-02 12:27:54]     Best epoch (valid_loss):  1459
[2026-04-02 12:27:54]     Best valid_loss:          0.2690138816833496
[2026-04-02 12:27:54]     Test accuracy (primary):  0.9500
[2026-04-02 12:27:54]     Test balanced acc:        0.9500
[2026-04-02 12:27:54]     Confusion matrix:         [[4, 0, 0, 1], [0, 5, 0, 0], [0, 0, 5, 0], [0, 0, 0, 5]]
[2026-04-02 12:27:54]     Prediction histogram:     [4, 5, 5, 6]
[2026-04-02 12:27:54]     fold_acc=0.9500 fold_bal_acc=0.9500 cm=[[4, 0, 0, 1], [0, 5, 0, 0], [0, 0, 5, 0], [0, 0, 0, 5]]
[2026-04-02 12:27:54]   Subject 52 mean accuracy: 0.9800

[2026-04-02 12:27:54] Subject 53: 100 windows class_counts=[25, 25, 25, 25]
[2026-04-02 12:27:54]   Fold 1 split seed: 43
[2026-04-02 12:27:54]   Fold 1 split class counts:
[2026-04-02 12:27:54]     train=[16, 16, 16, 16] val=[4, 4, 4, 4] test=[5, 5, 5, 5]
[2026-04-02 12:27:54]   Fold 2 split seed: 44
[2026-04-02 12:27:54]   Fold 2 split class counts:
[2026-04-02 12:27:54]     train=[16, 16, 16, 16] val=[4, 4, 4, 4] test=[5, 5, 5, 5]
[2026-04-02 12:27:54]   Fold 3 split seed: 45
[2026-04-02 12:27:54]   Fold 3 split class counts:
[2026-04-02 12:27:54]     train=[16, 16, 16, 16] val=[4, 4, 4, 4] test=[5, 5, 5, 5]
[2026-04-02 12:27:54]   Fold 4 split seed: 46
[2026-04-02 12:27:54]   Fold 4 split class counts:
[2026-04-02 12:27:54]     train=[16, 16, 16, 16] val=[4, 4, 4, 4] test=[5, 5, 5, 5]
[2026-04-02 12:27:54]   Fold 5 split seed: 47
[2026-04-02 12:27:54]   Fold 5 split class counts:
[2026-04-02 12:27:54]     train=[16, 16, 16, 16] val=[4, 4, 4, 4] test=[5, 5, 5, 5]
[2026-04-02 12:27:54]   Subject 53 Fold 1 seed: 5343
[2026-04-02 12:27:54]   Subject 53 Fold 1: n_train=64 n_val=16 n_test=20
[2026-04-02 12:27:54]     Train class counts: [16, 16, 16, 16]
[2026-04-02 12:27:54]     Val class counts:   [4, 4, 4, 4]
[2026-04-02 12:27:54]     Test class counts:  [5, 5, 5, 5]
[2026-04-02 12:27:54] Building model with input window duration: 4.1875 s
[2026-04-02 12:27:54] Pretrained weight loading:
[2026-04-02 12:27:54]   Downloaded keys:        179
[2026-04-02 12:27:54]   Filtered (transformer): 172
[2026-04-02 12:27:54]   Filtered (pos_encoder): 0
[2026-04-02 12:27:54]   Keys to load:           7
[2026-04-02 12:27:54]   Missing keys:           4
[2026-04-02 12:27:54]   Unexpected keys:        0
[2026-04-02 12:27:54]   Missing preview:        ['spatial_conv.1.weight', 'spatial_conv.1.bias', 'final_layer.1.weight', 'final_layer.1.bias']
[2026-04-02 12:27:54]   Unexpected preview:     []
[2026-04-02 12:27:54] Encoder freeze configuration:
[2026-04-02 12:27:54]   Total parameters:        18,192
[2026-04-02 12:27:54]   Trainable parameters:    4,352
[2026-04-02 12:27:54]   Training percentage:     23.9%
[2026-04-02 12:27:54]   Trainable layers: 4
[2026-04-02 12:27:54]     - final_layer.1.bias
[2026-04-02 12:27:54]     - final_layer.1.weight
[2026-04-02 12:27:54]     - spatial_conv.1.bias
[2026-04-02 12:27:54]     - spatial_conv.1.weight
[2026-04-02 12:27:54]     Train generator seeded: True
[2026-04-02 12:28:21]     Stopped epoch:            2991
[2026-04-02 12:28:21]     Best epoch (valid_loss):  2941
[2026-04-02 12:28:21]     Best valid_loss:          0.11672127991914749
[2026-04-02 12:28:21]     Test accuracy (primary):  0.9500
[2026-04-02 12:28:21]     Test balanced acc:        0.9500
[2026-04-02 12:28:21]     Confusion matrix:         [[4, 0, 0, 1], [0, 5, 0, 0], [0, 0, 5, 0], [0, 0, 0, 5]]
[2026-04-02 12:28:21]     Prediction histogram:     [4, 5, 5, 6]
[2026-04-02 12:28:21]     fold_acc=0.9500 fold_bal_acc=0.9500 cm=[[4, 0, 0, 1], [0, 5, 0, 0], [0, 0, 5, 0], [0, 0, 0, 5]]
[2026-04-02 12:28:21]   Subject 53 Fold 2 seed: 5344
[2026-04-02 12:28:21]   Subject 53 Fold 2: n_train=64 n_val=16 n_test=20
[2026-04-02 12:28:21]     Train class counts: [16, 16, 16, 16]
[2026-04-02 12:28:21]     Val class counts:   [4, 4, 4, 4]
[2026-04-02 12:28:21]     Test class counts:  [5, 5, 5, 5]
[2026-04-02 12:28:21] Building model with input window duration: 4.1875 s
[2026-04-02 12:28:21] Pretrained weight loading:
[2026-04-02 12:28:21]   Downloaded keys:        179
[2026-04-02 12:28:21]   Filtered (transformer): 172
[2026-04-02 12:28:21]   Filtered (pos_encoder): 0
[2026-04-02 12:28:21]   Keys to load:           7
[2026-04-02 12:28:21]   Missing keys:           4
[2026-04-02 12:28:21]   Unexpected keys:        0
[2026-04-02 12:28:21]   Missing preview:        ['spatial_conv.1.weight', 'spatial_conv.1.bias', 'final_layer.1.weight', 'final_layer.1.bias']
[2026-04-02 12:28:21]   Unexpected preview:     []
[2026-04-02 12:28:21] Encoder freeze configuration:
[2026-04-02 12:28:21]   Total parameters:        18,192
[2026-04-02 12:28:21]   Trainable parameters:    4,352
[2026-04-02 12:28:21]   Training percentage:     23.9%
[2026-04-02 12:28:21]   Trainable layers: 4
[2026-04-02 12:28:21]     - final_layer.1.bias
[2026-04-02 12:28:21]     - final_layer.1.weight
[2026-04-02 12:28:21]     - spatial_conv.1.bias
[2026-04-02 12:28:21]     - spatial_conv.1.weight
[2026-04-02 12:28:21]     Train generator seeded: True
[2026-04-02 12:28:30]     Stopped epoch:            963
[2026-04-02 12:28:30]     Best epoch (valid_loss):  913
[2026-04-02 12:28:30]     Best valid_loss:          0.6011089086532593
[2026-04-02 12:28:30]     Test accuracy (primary):  1.0000
[2026-04-02 12:28:30]     Test balanced acc:        1.0000
[2026-04-02 12:28:30]     Confusion matrix:         [[5, 0, 0, 0], [0, 5, 0, 0], [0, 0, 5, 0], [0, 0, 0, 5]]
[2026-04-02 12:28:30]     Prediction histogram:     [5, 5, 5, 5]
[2026-04-02 12:28:30]     fold_acc=1.0000 fold_bal_acc=1.0000 cm=[[5, 0, 0, 0], [0, 5, 0, 0], [0, 0, 5, 0], [0, 0, 0, 5]]
[2026-04-02 12:28:30]   Subject 53 Fold 3 seed: 5345
[2026-04-02 12:28:30]   Subject 53 Fold 3: n_train=64 n_val=16 n_test=20
[2026-04-02 12:28:30]     Train class counts: [16, 16, 16, 16]
[2026-04-02 12:28:30]     Val class counts:   [4, 4, 4, 4]
[2026-04-02 12:28:30]     Test class counts:  [5, 5, 5, 5]
[2026-04-02 12:28:30] Building model with input window duration: 4.1875 s
[2026-04-02 12:28:30] Pretrained weight loading:
[2026-04-02 12:28:30]   Downloaded keys:        179
[2026-04-02 12:28:30]   Filtered (transformer): 172
[2026-04-02 12:28:30]   Filtered (pos_encoder): 0
[2026-04-02 12:28:30]   Keys to load:           7
[2026-04-02 12:28:30]   Missing keys:           4
[2026-04-02 12:28:30]   Unexpected keys:        0
[2026-04-02 12:28:30]   Missing preview:        ['spatial_conv.1.weight', 'spatial_conv.1.bias', 'final_layer.1.weight', 'final_layer.1.bias']
[2026-04-02 12:28:30]   Unexpected preview:     []
[2026-04-02 12:28:30] Encoder freeze configuration:
[2026-04-02 12:28:30]   Total parameters:        18,192
[2026-04-02 12:28:30]   Trainable parameters:    4,352
[2026-04-02 12:28:30]   Training percentage:     23.9%
[2026-04-02 12:28:30]   Trainable layers: 4
[2026-04-02 12:28:30]     - final_layer.1.bias
[2026-04-02 12:28:30]     - final_layer.1.weight
[2026-04-02 12:28:30]     - spatial_conv.1.bias
[2026-04-02 12:28:30]     - spatial_conv.1.weight
[2026-04-02 12:28:30]     Train generator seeded: True
[2026-04-02 12:28:43]     Stopped epoch:            1407
[2026-04-02 12:28:43]     Best epoch (valid_loss):  1357
[2026-04-02 12:28:43]     Best valid_loss:          0.386929452419281
[2026-04-02 12:28:43]     Test accuracy (primary):  0.9500
[2026-04-02 12:28:43]     Test balanced acc:        0.9500
[2026-04-02 12:28:43]     Confusion matrix:         [[5, 0, 0, 0], [0, 5, 0, 0], [0, 0, 5, 0], [0, 1, 0, 4]]
[2026-04-02 12:28:43]     Prediction histogram:     [5, 6, 5, 4]
[2026-04-02 12:28:43]     fold_acc=0.9500 fold_bal_acc=0.9500 cm=[[5, 0, 0, 0], [0, 5, 0, 0], [0, 0, 5, 0], [0, 1, 0, 4]]
[2026-04-02 12:28:43]   Subject 53 Fold 4 seed: 5346
[2026-04-02 12:28:43]   Subject 53 Fold 4: n_train=64 n_val=16 n_test=20
[2026-04-02 12:28:43]     Train class counts: [16, 16, 16, 16]
[2026-04-02 12:28:43]     Val class counts:   [4, 4, 4, 4]
[2026-04-02 12:28:43]     Test class counts:  [5, 5, 5, 5]
[2026-04-02 12:28:43] Building model with input window duration: 4.1875 s
[2026-04-02 12:28:43] Pretrained weight loading:
[2026-04-02 12:28:43]   Downloaded keys:        179
[2026-04-02 12:28:43]   Filtered (transformer): 172
[2026-04-02 12:28:43]   Filtered (pos_encoder): 0
[2026-04-02 12:28:43]   Keys to load:           7
[2026-04-02 12:28:43]   Missing keys:           4
[2026-04-02 12:28:43]   Unexpected keys:        0
[2026-04-02 12:28:43]   Missing preview:        ['spatial_conv.1.weight', 'spatial_conv.1.bias', 'final_layer.1.weight', 'final_layer.1.bias']
[2026-04-02 12:28:43]   Unexpected preview:     []
[2026-04-02 12:28:43] Encoder freeze configuration:
[2026-04-02 12:28:43]   Total parameters:        18,192
[2026-04-02 12:28:43]   Trainable parameters:    4,352
[2026-04-02 12:28:43]   Training percentage:     23.9%
[2026-04-02 12:28:43]   Trainable layers: 4
[2026-04-02 12:28:43]     - final_layer.1.bias
[2026-04-02 12:28:43]     - final_layer.1.weight
[2026-04-02 12:28:43]     - spatial_conv.1.bias
[2026-04-02 12:28:43]     - spatial_conv.1.weight
[2026-04-02 12:28:43]     Train generator seeded: True
[2026-04-02 12:29:29]     Stopped epoch:            5000
[2026-04-02 12:29:29]     Best epoch (valid_loss):  4993
[2026-04-02 12:29:29]     Best valid_loss:          0.020523738116025925
[2026-04-02 12:29:29]     Test accuracy (primary):  1.0000
[2026-04-02 12:29:29]     Test balanced acc:        1.0000
[2026-04-02 12:29:29]     Confusion matrix:         [[5, 0, 0, 0], [0, 5, 0, 0], [0, 0, 5, 0], [0, 0, 0, 5]]
[2026-04-02 12:29:29]     Prediction histogram:     [5, 5, 5, 5]
[2026-04-02 12:29:29]     fold_acc=1.0000 fold_bal_acc=1.0000 cm=[[5, 0, 0, 0], [0, 5, 0, 0], [0, 0, 5, 0], [0, 0, 0, 5]]
[2026-04-02 12:29:29]   Subject 53 Fold 5 seed: 5347
[2026-04-02 12:29:29]   Subject 53 Fold 5: n_train=64 n_val=16 n_test=20
[2026-04-02 12:29:29]     Train class counts: [16, 16, 16, 16]
[2026-04-02 12:29:29]     Val class counts:   [4, 4, 4, 4]
[2026-04-02 12:29:29]     Test class counts:  [5, 5, 5, 5]
[2026-04-02 12:29:29] Building model with input window duration: 4.1875 s
[2026-04-02 12:29:29] Pretrained weight loading:
[2026-04-02 12:29:29]   Downloaded keys:        179
[2026-04-02 12:29:29]   Filtered (transformer): 172
[2026-04-02 12:29:29]   Filtered (pos_encoder): 0
[2026-04-02 12:29:29]   Keys to load:           7
[2026-04-02 12:29:29]   Missing keys:           4
[2026-04-02 12:29:29]   Unexpected keys:        0
[2026-04-02 12:29:29]   Missing preview:        ['spatial_conv.1.weight', 'spatial_conv.1.bias', 'final_layer.1.weight', 'final_layer.1.bias']
[2026-04-02 12:29:29]   Unexpected preview:     []
[2026-04-02 12:29:29] Encoder freeze configuration:
[2026-04-02 12:29:29]   Total parameters:        18,192
[2026-04-02 12:29:29]   Trainable parameters:    4,352
[2026-04-02 12:29:29]   Training percentage:     23.9%
[2026-04-02 12:29:29]   Trainable layers: 4
[2026-04-02 12:29:29]     - final_layer.1.bias
[2026-04-02 12:29:29]     - final_layer.1.weight
[2026-04-02 12:29:29]     - spatial_conv.1.bias
[2026-04-02 12:29:29]     - spatial_conv.1.weight
[2026-04-02 12:29:29]     Train generator seeded: True
[2026-04-02 12:30:09]     Stopped epoch:            4400
[2026-04-02 12:30:09]     Best epoch (valid_loss):  4350
[2026-04-02 12:30:09]     Best valid_loss:          0.17073498666286469
[2026-04-02 12:30:09]     Test accuracy (primary):  0.9000
[2026-04-02 12:30:09]     Test balanced acc:        0.9000
[2026-04-02 12:30:09]     Confusion matrix:         [[4, 0, 1, 0], [0, 4, 1, 0], [0, 0, 5, 0], [0, 0, 0, 5]]
[2026-04-02 12:30:09]     Prediction histogram:     [4, 4, 7, 5]
[2026-04-02 12:30:09]     fold_acc=0.9000 fold_bal_acc=0.9000 cm=[[4, 0, 1, 0], [0, 4, 1, 0], [0, 0, 5, 0], [0, 0, 0, 5]]
[2026-04-02 12:30:09]   Subject 53 mean accuracy: 0.9600

[2026-04-02 12:30:09] Subject 54: 100 windows class_counts=[25, 25, 25, 25]
[2026-04-02 12:30:09]   Fold 1 split seed: 43
[2026-04-02 12:30:09]   Fold 1 split class counts:
[2026-04-02 12:30:09]     train=[16, 16, 16, 16] val=[4, 4, 4, 4] test=[5, 5, 5, 5]
[2026-04-02 12:30:09]   Fold 2 split seed: 44
[2026-04-02 12:30:09]   Fold 2 split class counts:
[2026-04-02 12:30:09]     train=[16, 16, 16, 16] val=[4, 4, 4, 4] test=[5, 5, 5, 5]
[2026-04-02 12:30:09]   Fold 3 split seed: 45
[2026-04-02 12:30:09]   Fold 3 split class counts:
[2026-04-02 12:30:09]     train=[16, 16, 16, 16] val=[4, 4, 4, 4] test=[5, 5, 5, 5]
[2026-04-02 12:30:09]   Fold 4 split seed: 46
[2026-04-02 12:30:09]   Fold 4 split class counts:
[2026-04-02 12:30:09]     train=[16, 16, 16, 16] val=[4, 4, 4, 4] test=[5, 5, 5, 5]
[2026-04-02 12:30:09]   Fold 5 split seed: 47
[2026-04-02 12:30:09]   Fold 5 split class counts:
[2026-04-02 12:30:09]     train=[16, 16, 16, 16] val=[4, 4, 4, 4] test=[5, 5, 5, 5]
[2026-04-02 12:30:09]   Subject 54 Fold 1 seed: 5443
[2026-04-02 12:30:09]   Subject 54 Fold 1: n_train=64 n_val=16 n_test=20
[2026-04-02 12:30:09]     Train class counts: [16, 16, 16, 16]
[2026-04-02 12:30:09]     Val class counts:   [4, 4, 4, 4]
[2026-04-02 12:30:09]     Test class counts:  [5, 5, 5, 5]
[2026-04-02 12:30:09] Building model with input window duration: 4.1875 s
[2026-04-02 12:30:09] Pretrained weight loading:
[2026-04-02 12:30:09]   Downloaded keys:        179
[2026-04-02 12:30:09]   Filtered (transformer): 172
[2026-04-02 12:30:09]   Filtered (pos_encoder): 0
[2026-04-02 12:30:09]   Keys to load:           7
[2026-04-02 12:30:09]   Missing keys:           4
[2026-04-02 12:30:09]   Unexpected keys:        0
[2026-04-02 12:30:09]   Missing preview:        ['spatial_conv.1.weight', 'spatial_conv.1.bias', 'final_layer.1.weight', 'final_layer.1.bias']
[2026-04-02 12:30:09]   Unexpected preview:     []
[2026-04-02 12:30:09] Encoder freeze configuration:
[2026-04-02 12:30:09]   Total parameters:        18,192
[2026-04-02 12:30:09]   Trainable parameters:    4,352
[2026-04-02 12:30:09]   Training percentage:     23.9%
[2026-04-02 12:30:09]   Trainable layers: 4
[2026-04-02 12:30:09]     - final_layer.1.bias
[2026-04-02 12:30:09]     - final_layer.1.weight
[2026-04-02 12:30:09]     - spatial_conv.1.bias
[2026-04-02 12:30:09]     - spatial_conv.1.weight
[2026-04-02 12:30:09]     Train generator seeded: True
[2026-04-02 12:30:17]     Stopped epoch:            937
[2026-04-02 12:30:17]     Best epoch (valid_loss):  887
[2026-04-02 12:30:17]     Best valid_loss:          0.8698714375495911
[2026-04-02 12:30:17]     Test accuracy (primary):  0.5000
[2026-04-02 12:30:17]     Test balanced acc:        0.5000
[2026-04-02 12:30:17]     Confusion matrix:         [[5, 0, 0, 0], [0, 1, 1, 3], [1, 3, 1, 0], [1, 0, 1, 3]]
[2026-04-02 12:30:17]     Prediction histogram:     [7, 4, 3, 6]
[2026-04-02 12:30:17]     fold_acc=0.5000 fold_bal_acc=0.5000 cm=[[5, 0, 0, 0], [0, 1, 1, 3], [1, 3, 1, 0], [1, 0, 1, 3]]
[2026-04-02 12:30:17]   Subject 54 Fold 2 seed: 5444
[2026-04-02 12:30:17]   Subject 54 Fold 2: n_train=64 n_val=16 n_test=20
[2026-04-02 12:30:17]     Train class counts: [16, 16, 16, 16]
[2026-04-02 12:30:17]     Val class counts:   [4, 4, 4, 4]
[2026-04-02 12:30:17]     Test class counts:  [5, 5, 5, 5]
[2026-04-02 12:30:17] Building model with input window duration: 4.1875 s
[2026-04-02 12:30:17] Pretrained weight loading:
[2026-04-02 12:30:17]   Downloaded keys:        179
[2026-04-02 12:30:17]   Filtered (transformer): 172
[2026-04-02 12:30:17]   Filtered (pos_encoder): 0
[2026-04-02 12:30:17]   Keys to load:           7
[2026-04-02 12:30:17]   Missing keys:           4
[2026-04-02 12:30:17]   Unexpected keys:        0
[2026-04-02 12:30:17]   Missing preview:        ['spatial_conv.1.weight', 'spatial_conv.1.bias', 'final_layer.1.weight', 'final_layer.1.bias']
[2026-04-02 12:30:17]   Unexpected preview:     []
[2026-04-02 12:30:17] Encoder freeze configuration:
[2026-04-02 12:30:17]   Total parameters:        18,192
[2026-04-02 12:30:17]   Trainable parameters:    4,352
[2026-04-02 12:30:17]   Training percentage:     23.9%
[2026-04-02 12:30:17]   Trainable layers: 4
[2026-04-02 12:30:17]     - final_layer.1.bias
[2026-04-02 12:30:17]     - final_layer.1.weight
[2026-04-02 12:30:17]     - spatial_conv.1.bias
[2026-04-02 12:30:17]     - spatial_conv.1.weight
[2026-04-02 12:30:17]     Train generator seeded: True
[2026-04-02 12:30:27]     Stopped epoch:            1178
[2026-04-02 12:30:27]     Best epoch (valid_loss):  1128
[2026-04-02 12:30:27]     Best valid_loss:          0.6355850696563721
[2026-04-02 12:30:27]     Test accuracy (primary):  0.7500
[2026-04-02 12:30:27]     Test balanced acc:        0.7500
[2026-04-02 12:30:27]     Confusion matrix:         [[5, 0, 0, 0], [1, 3, 1, 0], [0, 0, 4, 1], [0, 1, 1, 3]]
[2026-04-02 12:30:27]     Prediction histogram:     [6, 4, 6, 4]
[2026-04-02 12:30:27]     fold_acc=0.7500 fold_bal_acc=0.7500 cm=[[5, 0, 0, 0], [1, 3, 1, 0], [0, 0, 4, 1], [0, 1, 1, 3]]
[2026-04-02 12:30:27]   Subject 54 Fold 3 seed: 5445
[2026-04-02 12:30:27]   Subject 54 Fold 3: n_train=64 n_val=16 n_test=20
[2026-04-02 12:30:27]     Train class counts: [16, 16, 16, 16]
[2026-04-02 12:30:27]     Val class counts:   [4, 4, 4, 4]
[2026-04-02 12:30:27]     Test class counts:  [5, 5, 5, 5]
[2026-04-02 12:30:27] Building model with input window duration: 4.1875 s
[2026-04-02 12:30:27] Pretrained weight loading:
[2026-04-02 12:30:27]   Downloaded keys:        179
[2026-04-02 12:30:27]   Filtered (transformer): 172
[2026-04-02 12:30:27]   Filtered (pos_encoder): 0
[2026-04-02 12:30:27]   Keys to load:           7
[2026-04-02 12:30:27]   Missing keys:           4
[2026-04-02 12:30:27]   Unexpected keys:        0
[2026-04-02 12:30:27]   Missing preview:        ['spatial_conv.1.weight', 'spatial_conv.1.bias', 'final_layer.1.weight', 'final_layer.1.bias']
[2026-04-02 12:30:27]   Unexpected preview:     []
[2026-04-02 12:30:27] Encoder freeze configuration:
[2026-04-02 12:30:27]   Total parameters:        18,192
[2026-04-02 12:30:27]   Trainable parameters:    4,352
[2026-04-02 12:30:27]   Training percentage:     23.9%
[2026-04-02 12:30:27]   Trainable layers: 4
[2026-04-02 12:30:27]     - final_layer.1.bias
[2026-04-02 12:30:27]     - final_layer.1.weight
[2026-04-02 12:30:27]     - spatial_conv.1.bias
[2026-04-02 12:30:27]     - spatial_conv.1.weight
[2026-04-02 12:30:27]     Train generator seeded: True
[2026-04-02 12:30:42]     Stopped epoch:            1590
[2026-04-02 12:30:42]     Best epoch (valid_loss):  1540
[2026-04-02 12:30:42]     Best valid_loss:          0.5625332593917847
[2026-04-02 12:30:42]     Test accuracy (primary):  0.8500
[2026-04-02 12:30:42]     Test balanced acc:        0.8500
[2026-04-02 12:30:42]     Confusion matrix:         [[4, 0, 1, 0], [0, 4, 0, 1], [0, 1, 4, 0], [0, 0, 0, 5]]
[2026-04-02 12:30:42]     Prediction histogram:     [4, 5, 5, 6]
[2026-04-02 12:30:42]     fold_acc=0.8500 fold_bal_acc=0.8500 cm=[[4, 0, 1, 0], [0, 4, 0, 1], [0, 1, 4, 0], [0, 0, 0, 5]]
[2026-04-02 12:30:42]   Subject 54 Fold 4 seed: 5446
[2026-04-02 12:30:42]   Subject 54 Fold 4: n_train=64 n_val=16 n_test=20
[2026-04-02 12:30:42]     Train class counts: [16, 16, 16, 16]
[2026-04-02 12:30:42]     Val class counts:   [4, 4, 4, 4]
[2026-04-02 12:30:42]     Test class counts:  [5, 5, 5, 5]
[2026-04-02 12:30:42] Building model with input window duration: 4.1875 s
[2026-04-02 12:30:42] Pretrained weight loading:
[2026-04-02 12:30:42]   Downloaded keys:        179
[2026-04-02 12:30:42]   Filtered (transformer): 172
[2026-04-02 12:30:42]   Filtered (pos_encoder): 0
[2026-04-02 12:30:42]   Keys to load:           7
[2026-04-02 12:30:42]   Missing keys:           4
[2026-04-02 12:30:42]   Unexpected keys:        0
[2026-04-02 12:30:42]   Missing preview:        ['spatial_conv.1.weight', 'spatial_conv.1.bias', 'final_layer.1.weight', 'final_layer.1.bias']
[2026-04-02 12:30:42]   Unexpected preview:     []
[2026-04-02 12:30:42] Encoder freeze configuration:
[2026-04-02 12:30:42]   Total parameters:        18,192
[2026-04-02 12:30:42]   Trainable parameters:    4,352
[2026-04-02 12:30:42]   Training percentage:     23.9%
[2026-04-02 12:30:42]   Trainable layers: 4
[2026-04-02 12:30:42]     - final_layer.1.bias
[2026-04-02 12:30:42]     - final_layer.1.weight
[2026-04-02 12:30:42]     - spatial_conv.1.bias
[2026-04-02 12:30:42]     - spatial_conv.1.weight
[2026-04-02 12:30:42]     Train generator seeded: True
[2026-04-02 12:31:00]     Stopped epoch:            2114
[2026-04-02 12:31:00]     Best epoch (valid_loss):  2064
[2026-04-02 12:31:00]     Best valid_loss:          0.630684494972229
[2026-04-02 12:31:00]     Test accuracy (primary):  0.5500
[2026-04-02 12:31:00]     Test balanced acc:        0.5500
[2026-04-02 12:31:00]     Confusion matrix:         [[5, 0, 0, 0], [1, 2, 1, 1], [0, 1, 1, 3], [1, 1, 0, 3]]
[2026-04-02 12:31:00]     Prediction histogram:     [7, 4, 2, 7]
[2026-04-02 12:31:00]     fold_acc=0.5500 fold_bal_acc=0.5500 cm=[[5, 0, 0, 0], [1, 2, 1, 1], [0, 1, 1, 3], [1, 1, 0, 3]]
[2026-04-02 12:31:00]   Subject 54 Fold 5 seed: 5447
[2026-04-02 12:31:00]   Subject 54 Fold 5: n_train=64 n_val=16 n_test=20
[2026-04-02 12:31:00]     Train class counts: [16, 16, 16, 16]
[2026-04-02 12:31:00]     Val class counts:   [4, 4, 4, 4]
[2026-04-02 12:31:00]     Test class counts:  [5, 5, 5, 5]
[2026-04-02 12:31:00] Building model with input window duration: 4.1875 s
[2026-04-02 12:31:00] Pretrained weight loading:
[2026-04-02 12:31:00]   Downloaded keys:        179
[2026-04-02 12:31:00]   Filtered (transformer): 172
[2026-04-02 12:31:00]   Filtered (pos_encoder): 0
[2026-04-02 12:31:00]   Keys to load:           7
[2026-04-02 12:31:00]   Missing keys:           4
[2026-04-02 12:31:00]   Unexpected keys:        0
[2026-04-02 12:31:00]   Missing preview:        ['spatial_conv.1.weight', 'spatial_conv.1.bias', 'final_layer.1.weight', 'final_layer.1.bias']
[2026-04-02 12:31:00]   Unexpected preview:     []
[2026-04-02 12:31:00] Encoder freeze configuration:
[2026-04-02 12:31:00]   Total parameters:        18,192
[2026-04-02 12:31:00]   Trainable parameters:    4,352
[2026-04-02 12:31:00]   Training percentage:     23.9%
[2026-04-02 12:31:00]   Trainable layers: 4
[2026-04-02 12:31:00]     - final_layer.1.bias
[2026-04-02 12:31:00]     - final_layer.1.weight
[2026-04-02 12:31:00]     - spatial_conv.1.bias
[2026-04-02 12:31:00]     - spatial_conv.1.weight
[2026-04-02 12:31:00]     Train generator seeded: True
[2026-04-02 12:31:01]     Stopped epoch:            51
[2026-04-02 12:31:01]     Best epoch (valid_loss):  1
[2026-04-02 12:31:01]     Best valid_loss:          1.3853840827941895
[2026-04-02 12:31:01]     Test accuracy (primary):  0.2500
[2026-04-02 12:31:01]     Test balanced acc:        0.2500
[2026-04-02 12:31:01]     Confusion matrix:         [[0, 0, 1, 4], [0, 0, 1, 4], [1, 0, 0, 4], [0, 0, 0, 5]]
[2026-04-02 12:31:01]     Prediction histogram:     [1, 0, 2, 17]
[2026-04-02 12:31:01]     fold_acc=0.2500 fold_bal_acc=0.2500 cm=[[0, 0, 1, 4], [0, 0, 1, 4], [1, 0, 0, 4], [0, 0, 0, 5]]
[2026-04-02 12:31:01]   Subject 54 mean accuracy: 0.5800

[2026-04-02 12:31:01] Total folds completed: 35
[2026-04-02 12:31:01] ======================================================================
[2026-04-02 12:31:01] AGGREGATED RESULTS
[2026-04-02 12:31:01] ======================================================================
[2026-04-02 12:31:01]   Subject 48:  acc=0.9600±0.0583  bal_acc=0.9600±0.0583
[2026-04-02 12:31:01]   Subject 49:  acc=0.8600±0.0583  bal_acc=0.8600±0.0583
[2026-04-02 12:31:01]   Subject 50:  acc=0.9100±0.0583  bal_acc=0.9100±0.0583
[2026-04-02 12:31:01]   Subject 51:  acc=0.2900±0.0800  bal_acc=0.2900±0.0800
[2026-04-02 12:31:01]   Subject 52:  acc=0.9800±0.0245  bal_acc=0.9800±0.0245
[2026-04-02 12:31:01]   Subject 53:  acc=0.9600±0.0374  bal_acc=0.9600±0.0374
[2026-04-02 12:31:01]   Subject 54:  acc=0.5800±0.2088  bal_acc=0.5800±0.2088
[2026-04-02 12:31:01] ----------------------------------------------------------------------
[2026-04-02 12:31:01]   OVERALL:      acc=0.7914±0.2590  bal_acc=0.7914±0.2590
[2026-04-02 12:31:01] ======================================================================
[2026-04-02 12:31:01] CV results saved to:      /home/vegorov/Repos/eeg_jepa_research/artifacts/lee-2019-fine-tuning/SSVEP/20260402_1217_1cd1e826/cv_results.json
[2026-04-02 12:31:01] Subject metrics saved to: /home/vegorov/Repos/eeg_jepa_research/artifacts/lee-2019-fine-tuning/SSVEP/20260402_1217_1cd1e826/subject_metrics.json
[2026-04-02 12:31:01] Global metrics saved to:  /home/vegorov/Repos/eeg_jepa_research/artifacts/lee-2019-fine-tuning/SSVEP/20260402_1217_1cd1e826/global_metrics.json
[2026-04-02 12:31:01] Run metadata saved to:    /home/vegorov/Repos/eeg_jepa_research/artifacts/lee-2019-fine-tuning/SSVEP/20260402_1217_1cd1e826/run_metadata.json

[2026-04-02 12:31:01] All artifacts in: /home/vegorov/Repos/eeg_jepa_research/artifacts/lee-2019-fine-tuning/SSVEP/20260402_1217_1cd1e826

[2026-04-02 12:31:01] ======================================================================
[2026-04-02 12:31:01] EXPERIMENT SUMMARY
[2026-04-02 12:31:01] ======================================================================
[2026-04-02 12:31:01] Run ID:    20260402_1217_1cd1e826
[2026-04-02 12:31:01] Artifacts: /home/vegorov/Repos/eeg_jepa_research/artifacts/lee-2019-fine-tuning/SSVEP/20260402_1217_1cd1e826

[2026-04-02 12:31:01] Configuration:
[2026-04-02 12:31:01]   Subjects:          [48, 49, 50, 51, 52, 53, 54]
[2026-04-02 12:31:01]   Bandpass:          0.5-40.0 Hz
[2026-04-02 12:31:01]   Resample:          128 Hz
[2026-04-02 12:31:01]   CV folds:          5
[2026-04-02 12:31:01]   Learning rate:     0.001
[2026-04-02 12:31:01]   Batch size:        32
[2026-04-02 12:31:01]   Max epochs:        5000

[2026-04-02 12:31:01] Results:
[2026-04-02 12:31:01]   Mean Accuracy:          0.7914 ± 0.2590
[2026-04-02 12:31:01]   Mean Balanced Accuracy: 0.7914 ± 0.2590
