[2026-03-31 13:17:44] Using device: mps
[2026-03-31 13:17:44] Seed control enabled: True
[2026-03-31 13:17:44] Base seed: 8
[2026-03-31 13:17:45] Seed initialized: 8
[2026-03-31 13:17:45] ======================================================================
[2026-03-31 13:17:45] CONFIGURATION
[2026-03-31 13:17:45] ======================================================================
[2026-03-31 13:17:45]   artifact_dir: /Users/vadim/Documents/School/Spring 2026/CSCE A698 Individual Research/EEG_JEPA/artifacts/lee-2019-fine-tuning
[2026-03-31 13:17:45]   bandpass_high: 40.0
[2026-03-31 13:17:45]   bandpass_low: 0.5
[2026-03-31 13:17:45]   batch_size: 16
[2026-03-31 13:17:45]   convert_to_uV: True
[2026-03-31 13:17:45]   cv_folds: 5
[2026-03-31 13:17:45]   device: auto
[2026-03-31 13:17:45]   early_stopping_patience: 50
[2026-03-31 13:17:45]   learning_rate: 0.001
[2026-03-31 13:17:45]   n_epochs: 5000
[2026-03-31 13:17:45]   normalization_method: None
[2026-03-31 13:17:45]   normalize: False
[2026-03-31 13:17:45]   paradigm: SSVEP
[2026-03-31 13:17:45]   pretrained_url: https://huggingface.co/braindecode/SignalJEPA/resolve/main/signal-jepa_16s-60_adeuwv4s.pth
[2026-03-31 13:17:45]   seed: 8
[2026-03-31 13:17:45]   set_seed: True
[2026-03-31 13:17:45]   sfreq: 128
[2026-03-31 13:17:45]   subjects_to_use: [51]
[2026-03-31 13:17:45]   val_split: 0.2
[2026-03-31 13:17:45] ======================================================================
[2026-03-31 13:17:45] Config saved to: /Users/vadim/Documents/School/Spring 2026/CSCE A698 Individual Research/EEG_JEPA/artifacts/lee-2019-fine-tuning/SSVEP/20260331_1317_e90fca4e/config.json
[2026-03-31 13:17:45] Epoch window configuration:
[2026-03-31 13:17:45]   Target sfreq:                128 Hz
[2026-03-31 13:17:45]   Target duration:             4.190000 s
[2026-03-31 13:17:45]   Window samples (rounded):    536
[2026-03-31 13:17:45]   Base trial samples (4.0 s):  512
[2026-03-31 13:17:45]   Trial stop offset samples:   24
[2026-03-31 13:17:45]   Effective window duration:   4.187500 s
[2026-03-31 13:17:45] Using specified subjects from config: [51]
[2026-03-31 13:17:45] Selected subjects: [51]
[2026-03-31 13:17:45] Expected evaluation folds: 5

[2026-03-31 13:17:45] Building MOABBDataset for Lee2019_SSVEP...
[2026-03-31 13:17:57] MOABBDataset recordings loaded: 2
[2026-03-31 13:17:57] Discovered annotation descriptions (first recording): [np.str_('12.0'), np.str_('5.45'), np.str_('6.67'), np.str_('8.57')]
[2026-03-31 13:17:57] Dataset event_id mapping: {'12.0': 1, '8.57': 2, '6.67': 3, '5.45': 4}
[2026-03-31 13:17:57] Label map (event_code -> class_index): {1: 0, 2: 1, 3: 2, 4: 3}
[2026-03-31 13:17:57] Applying Braindecode preprocessors to MOABBDataset...
[2026-03-31 13:18:05] Preprocessing complete.

[2026-03-31 13:18:05] Post-preprocessing validation
[2026-03-31 13:18:05]   Recordings in DATASET: 2
[2026-03-31 13:18:05]   Unique subject IDs:    ['51']
[2026-03-31 13:18:05]   sfreq (first rec):     128.0 Hz
[2026-03-31 13:18:05]   EEG channel count:     62
[2026-03-31 13:18:05]   First 10 channels:     ['Fp1', 'Fp2', 'F7', 'F3', 'Fz', 'F4', 'F8', 'FC5', 'FC1', 'FC2']
[2026-03-31 13:18:05] Channel consistency summary:
[2026-03-31 13:18:05]   Checked runs: 2
[2026-03-31 13:18:05]   Unique channel counts: [62]
[2026-03-31 13:18:05]   Channel order consistent: True
[2026-03-31 13:18:05] Validated EEG channels: 62
[2026-03-31 13:18:05] First 10 EEG channels: ['Fp1', 'Fp2', 'F7', 'F3', 'Fz', 'F4', 'F8', 'FC5', 'FC1', 'FC2']
[2026-03-31 13:18:05] raw mean_abs=6.206608e+00
[2026-03-31 13:18:05] raw std=2.712803e+01
[2026-03-31 13:18:05] raw first5 channel std= [30.27595633 56.56813395 13.75714116  8.89857459  7.91183515]
[2026-03-31 13:18:05] Requested window samples: 536
[2026-03-31 13:18:05] Base trial samples:       512
[2026-03-31 13:18:05] Stop offset samples:      24
[2026-03-31 13:18:05] Global class counts: [50, 50, 50, 50]
[2026-03-31 13:18:05] Chance level (4-class): 0.25
[2026-03-31 13:18:05] One window shape: (62, 536)
[2026-03-31 13:18:05] One window label: 2
[2026-03-31 13:18:05] Window sample length expected=536, got=536
[2026-03-31 13:18:05] Subjects in window split: [51]
[2026-03-31 13:18:05] Summarizing per-subject windows...
[2026-03-31 13:18:05]   Subject 51: n_windows=200, window_shape=(62, 536), class_counts=[50, 50, 50, 50]
[2026-03-31 13:18:05]    subject_id  n_windows  n_channels  n_times      class_counts
0          51        200          62      536  [50, 50, 50, 50]
[2026-03-31 13:18:05] Window validation summary:
[2026-03-31 13:18:05]   Subject 51: n_windows=200 class_counts=[50, 50, 50, 50]

[2026-03-31 13:18:05] Validated sampling rate target: 128 Hz
[2026-03-31 13:18:05] Validated window sample count:   536
[2026-03-31 13:18:05] Validated window duration:       4.1875 s
[2026-03-31 13:18:05] Validated channel count:         62
[2026-03-31 13:18:05] Total windows retained:          200
[2026-03-31 13:18:05] Preprocessing sanity checks:
[2026-03-31 13:18:05]   One sample label: 2
[2026-03-31 13:18:05]   One sample shape: (62, 536)
[2026-03-31 13:18:05]   Mean(abs(signal)): 7.808386e+00
[2026-03-31 13:18:05]   Mean(signal):      -1.469310e-08
[2026-03-31 13:18:05]   Std(signal):       1.102899e+01
[2026-03-31 13:18:05] Building model with input window duration: 4.1875 s
[2026-03-31 13:18:05] SignalJEPA_PreLocal instantiated successfully.
[2026-03-31 13:18:05]   Total parameters:     18,192
[2026-03-31 13:18:05]   Trainable parameters: 18,192
[2026-03-31 13:18:05] ======================================================================================================================================================
Layer (type (var_name):depth-idx)                  Input Shape               Output Shape              Param #                   Kernel Shape
======================================================================================================================================================
SignalJEPA_PreLocal (SignalJEPA_PreLocal)          [1, 62, 536]              [1, 4]                    --                        --
├─Sequential (spatial_conv): 1-1                   [1, 62, 536]              [1, 4, 536]               --                        --
│    └─Rearrange (0): 2-1                          [1, 62, 536]              [1, 1, 62, 536]           --                        --
│    └─Conv2d (1): 2-2                             [1, 1, 62, 536]           [1, 4, 1, 536]            252                       [62, 1]
│    └─Rearrange (2): 2-3                          [1, 4, 1, 536]            [1, 4, 536]               --                        --
├─_ConvFeatureEncoder (feature_encoder): 1-2       [1, 4, 536]               [1, 16, 64]               --                        --
│    └─Rearrange (0): 2-4                          [1, 4, 536]               [4, 1, 536]               --                        --
│    └─Sequential (1): 2-5                         [4, 1, 536]               [4, 8, 64]                --                        --
│    │    └─Conv1d (0): 3-1                        [4, 1, 536]               [4, 8, 64]                256                       [32]
│    │    └─Dropout (1): 3-2                       [4, 8, 64]                [4, 8, 64]                --                        --
│    │    └─GroupNorm (2): 3-3                     [4, 8, 64]                [4, 8, 64]                16                        --
│    │    └─GELU (3): 3-4                          [4, 8, 64]                [4, 8, 64]                --                        --
│    └─Sequential (2): 2-6                         [4, 8, 64]                [4, 16, 32]               --                        --
│    │    └─Conv1d (0): 3-5                        [4, 8, 64]                [4, 16, 32]               256                       [2]
│    │    └─Dropout (1): 3-6                       [4, 16, 32]               [4, 16, 32]               --                        --
│    │    └─GELU (2): 3-7                          [4, 16, 32]               [4, 16, 32]               --                        --
│    └─Sequential (3): 2-7                         [4, 16, 32]               [4, 32, 16]               --                        --
│    │    └─Conv1d (0): 3-8                        [4, 16, 32]               [4, 32, 16]               1,024                     [2]
│    │    └─Dropout (1): 3-9                       [4, 32, 16]               [4, 32, 16]               --                        --
│    │    └─GELU (2): 3-10                         [4, 32, 16]               [4, 32, 16]               --                        --
│    └─Sequential (4): 2-8                         [4, 32, 16]               [4, 64, 8]                --                        --
│    │    └─Conv1d (0): 3-11                       [4, 32, 16]               [4, 64, 8]                4,096                     [2]
│    │    └─Dropout (1): 3-12                      [4, 64, 8]                [4, 64, 8]                --                        --
│    │    └─GELU (2): 3-13                         [4, 64, 8]                [4, 64, 8]                --                        --
│    └─Sequential (5): 2-9                         [4, 64, 8]                [4, 64, 4]                --                        --
│    │    └─Conv1d (0): 3-14                       [4, 64, 8]                [4, 64, 4]                8,192                     [2]
│    │    └─Dropout (1): 3-15                      [4, 64, 4]                [4, 64, 4]                --                        --
│    │    └─GELU (2): 3-16                         [4, 64, 4]                [4, 64, 4]                --                        --
│    └─Rearrange (6): 2-10                         [4, 64, 4]                [1, 16, 64]               --                        --
├─Sequential (final_layer): 1-3                    [1, 16, 64]               [1, 4]                    --                        --
│    └─Flatten (0): 2-11                           [1, 16, 64]               [1, 1024]                 --                        --
│    └─Linear (1): 2-12                            [1, 1024]                 [1, 4]                    4,100                     --
======================================================================================================================================================
Total params: 18,192
Trainable params: 18,192
Non-trainable params: 0
Total mult-adds (Units.MEGABYTES): 0.57
======================================================================================================================================================
Input size (MB): 0.13
Forward/backward pass size (MB): 0.11
Params size (MB): 0.07
Estimated Total Size (MB): 0.31
======================================================================================================================================================
[2026-03-31 13:18:05] Initializing from 16s-60 pretrained checkpoint (Hugging Face):
[2026-03-31 13:18:05]   https://huggingface.co/braindecode/SignalJEPA/resolve/main/signal-jepa_16s-60_adeuwv4s.pth
[2026-03-31 13:18:05]   Downloaded 179 keys
[2026-03-31 13:18:05] ======================================================================
[2026-03-31 13:18:05] STARTING CROSS-VALIDATION
[2026-03-31 13:18:05] ======================================================================
[2026-03-31 13:18:05] Subjects:      [51]
[2026-03-31 13:18:05] CV folds:      5
[2026-03-31 13:18:05] Batch size:    16
[2026-03-31 13:18:05] Max epochs:    5000
[2026-03-31 13:18:05] Device:        mps
[2026-03-31 13:18:05] Seed control:  True
[2026-03-31 13:18:05] Base seed:     8
[2026-03-31 13:18:05] ======================================================================

[2026-03-31 13:18:05] Subject 51: 200 windows class_counts=[50, 50, 50, 50]
[2026-03-31 13:18:05]   Fold 1 split seed: 9
[2026-03-31 13:18:05]   Fold 1 split class counts:
[2026-03-31 13:18:05]     train=[32, 32, 32, 32] val=[8, 8, 8, 8] test=[10, 10, 10, 10]
[2026-03-31 13:18:05]   Fold 2 split seed: 10
[2026-03-31 13:18:05]   Fold 2 split class counts:
[2026-03-31 13:18:05]     train=[32, 32, 32, 32] val=[8, 8, 8, 8] test=[10, 10, 10, 10]
[2026-03-31 13:18:05]   Fold 3 split seed: 11
[2026-03-31 13:18:05]   Fold 3 split class counts:
[2026-03-31 13:18:05]     train=[32, 32, 32, 32] val=[8, 8, 8, 8] test=[10, 10, 10, 10]
[2026-03-31 13:18:05]   Fold 4 split seed: 12
[2026-03-31 13:18:05]   Fold 4 split class counts:
[2026-03-31 13:18:05]     train=[32, 32, 32, 32] val=[8, 8, 8, 8] test=[10, 10, 10, 10]
[2026-03-31 13:18:05]   Fold 5 split seed: 13
[2026-03-31 13:18:05]   Fold 5 split class counts:
[2026-03-31 13:18:05]     train=[32, 32, 32, 32] val=[8, 8, 8, 8] test=[10, 10, 10, 10]
[2026-03-31 13:18:05]   Subject 51 Fold 1 seed: 5109
[2026-03-31 13:18:05]   Subject 51 Fold 1: n_train=128 n_val=32 n_test=40
[2026-03-31 13:18:05]     Train class counts: [32, 32, 32, 32]
[2026-03-31 13:18:05]     Val class counts:   [8, 8, 8, 8]
[2026-03-31 13:18:05]     Test class counts:  [10, 10, 10, 10]
[2026-03-31 13:18:05] Building model with input window duration: 4.1875 s
[2026-03-31 13:18:05] Pretrained weight loading:
[2026-03-31 13:18:05]   Downloaded keys:        179
[2026-03-31 13:18:05]   Filtered (transformer): 172
[2026-03-31 13:18:05]   Filtered (pos_encoder): 0
[2026-03-31 13:18:05]   Keys to load:           7
[2026-03-31 13:18:05]   Missing keys:           4
[2026-03-31 13:18:05]   Unexpected keys:        0
[2026-03-31 13:18:05]   Missing preview:        ['spatial_conv.1.weight', 'spatial_conv.1.bias', 'final_layer.1.weight', 'final_layer.1.bias']
[2026-03-31 13:18:05]   Unexpected preview:     []
[2026-03-31 13:18:05] Encoder freeze configuration:
[2026-03-31 13:18:05]   Total parameters:        18,192
[2026-03-31 13:18:05]   Trainable parameters:    4,352
[2026-03-31 13:18:05]   Training percentage:     23.9%
[2026-03-31 13:18:05]   Trainable layers: 4
[2026-03-31 13:18:05]     - final_layer.1.bias
[2026-03-31 13:18:05]     - final_layer.1.weight
[2026-03-31 13:18:05]     - spatial_conv.1.bias
[2026-03-31 13:18:05]     - spatial_conv.1.weight
[2026-03-31 13:18:05]     Train generator seeded: True
[2026-03-31 13:18:23]     Stopped epoch:            230
[2026-03-31 13:18:23]     Best epoch (valid_loss):  180
[2026-03-31 13:18:23]     Best valid_loss:          1.3314166069030762
[2026-03-31 13:18:23]     Test accuracy (primary):  0.4750
[2026-03-31 13:18:23]     Test balanced acc:        0.4750
[2026-03-31 13:18:23]     Confusion matrix:         [[3, 1, 4, 2], [1, 5, 3, 1], [3, 1, 5, 1], [2, 1, 1, 6]]
[2026-03-31 13:18:23]     Prediction histogram:     [9, 8, 13, 10]
[2026-03-31 13:18:23]     fold_acc=0.4750 fold_bal_acc=0.4750 cm=[[3, 1, 4, 2], [1, 5, 3, 1], [3, 1, 5, 1], [2, 1, 1, 6]]
[2026-03-31 13:18:23]   Subject 51 Fold 2 seed: 5110
[2026-03-31 13:18:23]   Subject 51 Fold 2: n_train=128 n_val=32 n_test=40
[2026-03-31 13:18:23]     Train class counts: [32, 32, 32, 32]
[2026-03-31 13:18:23]     Val class counts:   [8, 8, 8, 8]
[2026-03-31 13:18:23]     Test class counts:  [10, 10, 10, 10]
[2026-03-31 13:18:23] Building model with input window duration: 4.1875 s
[2026-03-31 13:18:23] Pretrained weight loading:
[2026-03-31 13:18:23]   Downloaded keys:        179
[2026-03-31 13:18:23]   Filtered (transformer): 172
[2026-03-31 13:18:23]   Filtered (pos_encoder): 0
[2026-03-31 13:18:23]   Keys to load:           7
[2026-03-31 13:18:23]   Missing keys:           4
[2026-03-31 13:18:23]   Unexpected keys:        0
[2026-03-31 13:18:23]   Missing preview:        ['spatial_conv.1.weight', 'spatial_conv.1.bias', 'final_layer.1.weight', 'final_layer.1.bias']
[2026-03-31 13:18:23]   Unexpected preview:     []
[2026-03-31 13:18:23] Encoder freeze configuration:
[2026-03-31 13:18:23]   Total parameters:        18,192
[2026-03-31 13:18:23]   Trainable parameters:    4,352
[2026-03-31 13:18:23]   Training percentage:     23.9%
[2026-03-31 13:18:23]   Trainable layers: 4
[2026-03-31 13:18:23]     - final_layer.1.bias
[2026-03-31 13:18:23]     - final_layer.1.weight
[2026-03-31 13:18:23]     - spatial_conv.1.bias
[2026-03-31 13:18:23]     - spatial_conv.1.weight
[2026-03-31 13:18:23]     Train generator seeded: True
[2026-03-31 13:18:27]     Stopped epoch:            51
[2026-03-31 13:18:27]     Best epoch (valid_loss):  1
[2026-03-31 13:18:27]     Best valid_loss:          1.3842689990997314
[2026-03-31 13:18:27]     Test accuracy (primary):  0.2750
[2026-03-31 13:18:27]     Test balanced acc:        0.2750
[2026-03-31 13:18:27]     Confusion matrix:         [[0, 0, 10, 0], [0, 0, 10, 0], [0, 0, 10, 0], [0, 0, 9, 1]]
[2026-03-31 13:18:27]     Prediction histogram:     [0, 0, 39, 1]
[2026-03-31 13:18:27]     fold_acc=0.2750 fold_bal_acc=0.2750 cm=[[0, 0, 10, 0], [0, 0, 10, 0], [0, 0, 10, 0], [0, 0, 9, 1]]
[2026-03-31 13:18:27]   Subject 51 Fold 3 seed: 5111
[2026-03-31 13:18:27]   Subject 51 Fold 3: n_train=128 n_val=32 n_test=40
[2026-03-31 13:18:27]     Train class counts: [32, 32, 32, 32]
[2026-03-31 13:18:27]     Val class counts:   [8, 8, 8, 8]
[2026-03-31 13:18:27]     Test class counts:  [10, 10, 10, 10]
[2026-03-31 13:18:27] Building model with input window duration: 4.1875 s
[2026-03-31 13:18:27] Pretrained weight loading:
[2026-03-31 13:18:27]   Downloaded keys:        179
[2026-03-31 13:18:27]   Filtered (transformer): 172
[2026-03-31 13:18:27]   Filtered (pos_encoder): 0
[2026-03-31 13:18:27]   Keys to load:           7
[2026-03-31 13:18:27]   Missing keys:           4
[2026-03-31 13:18:27]   Unexpected keys:        0
[2026-03-31 13:18:27]   Missing preview:        ['spatial_conv.1.weight', 'spatial_conv.1.bias', 'final_layer.1.weight', 'final_layer.1.bias']
[2026-03-31 13:18:27]   Unexpected preview:     []
[2026-03-31 13:18:27] Encoder freeze configuration:
[2026-03-31 13:18:27]   Total parameters:        18,192
[2026-03-31 13:18:27]   Trainable parameters:    4,352
[2026-03-31 13:18:27]   Training percentage:     23.9%
[2026-03-31 13:18:27]   Trainable layers: 4
[2026-03-31 13:18:27]     - final_layer.1.bias
[2026-03-31 13:18:27]     - final_layer.1.weight
[2026-03-31 13:18:27]     - spatial_conv.1.bias
[2026-03-31 13:18:27]     - spatial_conv.1.weight
[2026-03-31 13:18:27]     Train generator seeded: True
[2026-03-31 13:18:31]     Stopped epoch:            54
[2026-03-31 13:18:31]     Best epoch (valid_loss):  5
[2026-03-31 13:18:31]     Best valid_loss:          1.3869187831878662
[2026-03-31 13:18:31]     Test accuracy (primary):  0.3000
[2026-03-31 13:18:31]     Test balanced acc:        0.3000
[2026-03-31 13:18:31]     Confusion matrix:         [[2, 1, 7, 0], [2, 2, 1, 5], [0, 1, 5, 4], [2, 1, 4, 3]]
[2026-03-31 13:18:31]     Prediction histogram:     [6, 5, 17, 12]
[2026-03-31 13:18:31]     fold_acc=0.3000 fold_bal_acc=0.3000 cm=[[2, 1, 7, 0], [2, 2, 1, 5], [0, 1, 5, 4], [2, 1, 4, 3]]
[2026-03-31 13:18:31]   Subject 51 Fold 4 seed: 5112
[2026-03-31 13:18:31]   Subject 51 Fold 4: n_train=128 n_val=32 n_test=40
[2026-03-31 13:18:31]     Train class counts: [32, 32, 32, 32]
[2026-03-31 13:18:31]     Val class counts:   [8, 8, 8, 8]
[2026-03-31 13:18:31]     Test class counts:  [10, 10, 10, 10]
[2026-03-31 13:18:31] Building model with input window duration: 4.1875 s
[2026-03-31 13:18:31] Pretrained weight loading:
[2026-03-31 13:18:31]   Downloaded keys:        179
[2026-03-31 13:18:31]   Filtered (transformer): 172
[2026-03-31 13:18:31]   Filtered (pos_encoder): 0
[2026-03-31 13:18:31]   Keys to load:           7
[2026-03-31 13:18:31]   Missing keys:           4
[2026-03-31 13:18:31]   Unexpected keys:        0
[2026-03-31 13:18:31]   Missing preview:        ['spatial_conv.1.weight', 'spatial_conv.1.bias', 'final_layer.1.weight', 'final_layer.1.bias']
[2026-03-31 13:18:31]   Unexpected preview:     []
[2026-03-31 13:18:31] Encoder freeze configuration:
[2026-03-31 13:18:31]   Total parameters:        18,192
[2026-03-31 13:18:31]   Trainable parameters:    4,352
[2026-03-31 13:18:31]   Training percentage:     23.9%
[2026-03-31 13:18:31]   Trainable layers: 4
[2026-03-31 13:18:31]     - final_layer.1.bias
[2026-03-31 13:18:31]     - final_layer.1.weight
[2026-03-31 13:18:31]     - spatial_conv.1.bias
[2026-03-31 13:18:31]     - spatial_conv.1.weight
[2026-03-31 13:18:31]     Train generator seeded: True
[2026-03-31 13:18:36]     Stopped epoch:            64
[2026-03-31 13:18:36]     Best epoch (valid_loss):  14
[2026-03-31 13:18:36]     Best valid_loss:          1.3833088874816895
[2026-03-31 13:18:36]     Test accuracy (primary):  0.3750
[2026-03-31 13:18:36]     Test balanced acc:        0.3750
[2026-03-31 13:18:36]     Confusion matrix:         [[4, 0, 3, 3], [3, 3, 2, 2], [2, 1, 5, 2], [4, 0, 3, 3]]
[2026-03-31 13:18:36]     Prediction histogram:     [13, 4, 13, 10]
[2026-03-31 13:18:36]     fold_acc=0.3750 fold_bal_acc=0.3750 cm=[[4, 0, 3, 3], [3, 3, 2, 2], [2, 1, 5, 2], [4, 0, 3, 3]]
[2026-03-31 13:18:36]   Subject 51 Fold 5 seed: 5113
[2026-03-31 13:18:36]   Subject 51 Fold 5: n_train=128 n_val=32 n_test=40
[2026-03-31 13:18:36]     Train class counts: [32, 32, 32, 32]
[2026-03-31 13:18:36]     Val class counts:   [8, 8, 8, 8]
[2026-03-31 13:18:36]     Test class counts:  [10, 10, 10, 10]
[2026-03-31 13:18:36] Building model with input window duration: 4.1875 s
[2026-03-31 13:18:36] Pretrained weight loading:
[2026-03-31 13:18:36]   Downloaded keys:        179
[2026-03-31 13:18:36]   Filtered (transformer): 172
[2026-03-31 13:18:36]   Filtered (pos_encoder): 0
[2026-03-31 13:18:36]   Keys to load:           7
[2026-03-31 13:18:36]   Missing keys:           4
[2026-03-31 13:18:36]   Unexpected keys:        0
[2026-03-31 13:18:36]   Missing preview:        ['spatial_conv.1.weight', 'spatial_conv.1.bias', 'final_layer.1.weight', 'final_layer.1.bias']
[2026-03-31 13:18:36]   Unexpected preview:     []
[2026-03-31 13:18:36] Encoder freeze configuration:
[2026-03-31 13:18:36]   Total parameters:        18,192
[2026-03-31 13:18:36]   Trainable parameters:    4,352
[2026-03-31 13:18:36]   Training percentage:     23.9%
[2026-03-31 13:18:36]   Trainable layers: 4
[2026-03-31 13:18:36]     - final_layer.1.bias
[2026-03-31 13:18:36]     - final_layer.1.weight
[2026-03-31 13:18:36]     - spatial_conv.1.bias
[2026-03-31 13:18:36]     - spatial_conv.1.weight
[2026-03-31 13:18:36]     Train generator seeded: True
[2026-03-31 13:18:53]     Stopped epoch:            228
[2026-03-31 13:18:53]     Best epoch (valid_loss):  178
[2026-03-31 13:18:53]     Best valid_loss:          1.2075190544128418
[2026-03-31 13:18:53]     Test accuracy (primary):  0.4000
[2026-03-31 13:18:53]     Test balanced acc:        0.4000
[2026-03-31 13:18:53]     Confusion matrix:         [[2, 2, 1, 5], [1, 4, 3, 2], [1, 2, 3, 4], [0, 2, 1, 7]]
[2026-03-31 13:18:53]     Prediction histogram:     [4, 10, 8, 18]
[2026-03-31 13:18:53]     fold_acc=0.4000 fold_bal_acc=0.4000 cm=[[2, 2, 1, 5], [1, 4, 3, 2], [1, 2, 3, 4], [0, 2, 1, 7]]
[2026-03-31 13:18:53]   Subject 51 mean accuracy: 0.3650

[2026-03-31 13:18:53] Total folds completed: 5
[2026-03-31 13:18:53] ======================================================================
[2026-03-31 13:18:53] AGGREGATED RESULTS
[2026-03-31 13:18:53] ======================================================================
[2026-03-31 13:18:53]   Subject 51:  acc=0.3650±0.0718  bal_acc=0.3650±0.0718
[2026-03-31 13:18:53] ----------------------------------------------------------------------
[2026-03-31 13:18:53]   OVERALL:      acc=0.3650±0.0718  bal_acc=0.3650±0.0718
[2026-03-31 13:18:53] ======================================================================
[2026-03-31 13:18:53] CV results saved to:      /Users/vadim/Documents/School/Spring 2026/CSCE A698 Individual Research/EEG_JEPA/artifacts/lee-2019-fine-tuning/SSVEP/20260331_1317_e90fca4e/cv_results.json
[2026-03-31 13:18:53] Subject metrics saved to: /Users/vadim/Documents/School/Spring 2026/CSCE A698 Individual Research/EEG_JEPA/artifacts/lee-2019-fine-tuning/SSVEP/20260331_1317_e90fca4e/subject_metrics.json
[2026-03-31 13:18:53] Global metrics saved to:  /Users/vadim/Documents/School/Spring 2026/CSCE A698 Individual Research/EEG_JEPA/artifacts/lee-2019-fine-tuning/SSVEP/20260331_1317_e90fca4e/global_metrics.json
[2026-03-31 13:18:53] Run metadata saved to:    /Users/vadim/Documents/School/Spring 2026/CSCE A698 Individual Research/EEG_JEPA/artifacts/lee-2019-fine-tuning/SSVEP/20260331_1317_e90fca4e/run_metadata.json

[2026-03-31 13:18:53] All artifacts in: /Users/vadim/Documents/School/Spring 2026/CSCE A698 Individual Research/EEG_JEPA/artifacts/lee-2019-fine-tuning/SSVEP/20260331_1317_e90fca4e

[2026-03-31 13:18:53] ======================================================================
[2026-03-31 13:18:53] EXPERIMENT SUMMARY
[2026-03-31 13:18:53] ======================================================================
[2026-03-31 13:18:53] Run ID:    20260331_1317_e90fca4e
[2026-03-31 13:18:53] Artifacts: /Users/vadim/Documents/School/Spring 2026/CSCE A698 Individual Research/EEG_JEPA/artifacts/lee-2019-fine-tuning/SSVEP/20260331_1317_e90fca4e

[2026-03-31 13:18:53] Configuration:
[2026-03-31 13:18:53]   Subjects:          [51]
[2026-03-31 13:18:53]   Bandpass:          0.5-40.0 Hz
[2026-03-31 13:18:53]   Resample:          128 Hz
[2026-03-31 13:18:53]   CV folds:          5
[2026-03-31 13:18:53]   Learning rate:     0.001
[2026-03-31 13:18:53]   Batch size:        16
[2026-03-31 13:18:53]   Max epochs:        5000

[2026-03-31 13:18:53] Results:
[2026-03-31 13:18:53]   Mean Accuracy:          0.3650 ± 0.0718
[2026-03-31 13:18:53]   Mean Balanced Accuracy: 0.3650 ± 0.0718
