[2026-04-08 14:57:18] Using device: cpu
[2026-04-08 14:57:18] Seed control enabled: True
[2026-04-08 14:57:18] Base seed: 5
[2026-04-08 14:57:19] Seed initialized: 5
[2026-04-08 14:57:19] ======================================================================
[2026-04-08 14:57:19] CONFIGURATION
[2026-04-08 14:57:19] ======================================================================
[2026-04-08 14:57:19]   artifact_dir: /home/vegorov/Repos/eeg_jepa_research/artifacts/lee-2019-fine-tuning
[2026-04-08 14:57:19]   bandpass_high: 40.0
[2026-04-08 14:57:19]   bandpass_low: 0.5
[2026-04-08 14:57:19]   batch_size: 16
[2026-04-08 14:57:19]   convert_to_uV: True
[2026-04-08 14:57:19]   criterion: None
[2026-04-08 14:57:19]   cv_folds: 5
[2026-04-08 14:57:19]   device: auto
[2026-04-08 14:57:19]   early_stopping_patience: 50
[2026-04-08 14:57:19]   learning_rate: 0.001
[2026-04-08 14:57:19]   n_epochs: 5000
[2026-04-08 14:57:19]   normalization_method: None
[2026-04-08 14:57:19]   normalize: False
[2026-04-08 14:57:19]   optimizer: Adam
[2026-04-08 14:57:19]   paradigm: SSVEP
[2026-04-08 14:57:19]   pretrained_url: https://huggingface.co/braindecode/SignalJEPA/resolve/main/signal-jepa_16s-60_adeuwv4s.pth
[2026-04-08 14:57:19]   seed: 5
[2026-04-08 14:57:19]   set_eeg_reference: True
[2026-04-08 14:57:19]   set_seed: True
[2026-04-08 14:57:19]   sfreq: 128
[2026-04-08 14:57:19]   subjects_to_use: None
[2026-04-08 14:57:19]   val_split: 0.2
[2026-04-08 14:57:19] ======================================================================
[2026-04-08 14:57:19] Config saved to: /home/vegorov/Repos/eeg_jepa_research/artifacts/lee-2019-fine-tuning/SSVEP/20260408_1457_89f91aac/config.json
[2026-04-08 14:57:19] Epoch window configuration:
[2026-04-08 14:57:19]   Target sfreq:                128 Hz
[2026-04-08 14:57:19]   Target duration:             4.190000 s
[2026-04-08 14:57:19]   Window samples (rounded):    536
[2026-04-08 14:57:19]   Base trial samples (4.0 s):  512
[2026-04-08 14:57:19]   Trial stop offset samples:   24
[2026-04-08 14:57:19]   Effective window duration:   4.187500 s
[2026-04-08 14:57:19] Dataset code: Lee2019-SSVEP
[2026-04-08 14:57:19] Subjects Total: 54
[2026-04-08 14:57:19] Events: {'12.0': 1, '8.57': 2, '6.67': 3, '5.45': 4}
[2026-04-08 14:57:19] Interval: [0.0, 4.0]
[2026-04-08 14:57:19] Paradigm: ssvep
[2026-04-08 14:57:19] Selected subjects: [48, 49, 50, 51, 52, 53, 54]
[2026-04-08 14:57:19] Expected evaluation folds: 35

[2026-04-08 14:57:19] Building MOABBDataset for Lee2019_SSVEP...
[2026-04-08 14:58:22] MOABBDataset recordings loaded: 7
[2026-04-08 14:58:22] Discovered annotation descriptions (first recording): [np.str_('12.0'), np.str_('5.45'), np.str_('6.67'), np.str_('8.57')]
[2026-04-08 14:58:22] Dataset event_id mapping: {'12.0': 1, '8.57': 2, '6.67': 3, '5.45': 4}
[2026-04-08 14:58:22] Label map (event_code -> class_index): {1: 0, 2: 1, 3: 2, 4: 3}
[2026-04-08 14:58:22] Applying Braindecode preprocessors to MOABBDataset...
[2026-04-08 14:58:42] Preprocessing complete.

[2026-04-08 14:58:42] Post-preprocessing validation
[2026-04-08 14:58:42]   Recordings in DATASET: 7
[2026-04-08 14:58:42]   Unique subject IDs:    ['48', '49', '50', '51', '52', '53', '54']
[2026-04-08 14:58:42]   sfreq (first rec):     128.0 Hz
[2026-04-08 14:58:42]   EEG channel count:     62
[2026-04-08 14:58:42]   First 10 channels:     ['Fp1', 'Fp2', 'F7', 'F3', 'Fz', 'F4', 'F8', 'FC5', 'FC1', 'FC2']
[2026-04-08 14:58:42] Channel consistency summary:
[2026-04-08 14:58:42]   Checked runs: 7
[2026-04-08 14:58:42]   Unique channel counts: [62]
[2026-04-08 14:58:42]   Channel order consistent: True
[2026-04-08 14:58:42] Validated EEG channels: 62
[2026-04-08 14:58:42] First 10 EEG channels: ['Fp1', 'Fp2', 'F7', 'F3', 'Fz', 'F4', 'F8', 'FC5', 'FC1', 'FC2']
[2026-04-08 14:58:43] raw mean_abs=5.694107e+00
[2026-04-08 14:58:43] raw std=9.673204e+00
[2026-04-08 14:58:43] raw first5 channel std= [20.88084496 30.01218713  8.07836311  6.42235698  6.36959473]
[2026-04-08 14:58:43] Requested window samples: 536
[2026-04-08 14:58:43] Base trial samples:       512
[2026-04-08 14:58:43] Stop offset samples:      24
[2026-04-08 14:58:43] Global class counts: [175, 175, 175, 175]
[2026-04-08 14:58:43] Chance level (4-class): 0.25
[2026-04-08 14:58:43] One window shape: (62, 536)
[2026-04-08 14:58:43] One window label: 1
[2026-04-08 14:58:43] Window sample length expected=536, got=536
[2026-04-08 14:58:43] Subjects in window split: [48, 49, 50, 51, 52, 53, 54]
[2026-04-08 14:58:43] Summarizing per-subject windows...
[2026-04-08 14:58:43]   Subject 48: n_windows=100, window_shape=(62, 536), class_counts=[25, 25, 25, 25]
[2026-04-08 14:58:43]   Subject 49: n_windows=100, window_shape=(62, 536), class_counts=[25, 25, 25, 25]
[2026-04-08 14:58:43]   Subject 50: n_windows=100, window_shape=(62, 536), class_counts=[25, 25, 25, 25]
[2026-04-08 14:58:43]   Subject 51: n_windows=100, window_shape=(62, 536), class_counts=[25, 25, 25, 25]
[2026-04-08 14:58:43]   Subject 52: n_windows=100, window_shape=(62, 536), class_counts=[25, 25, 25, 25]
[2026-04-08 14:58:43]   Subject 53: n_windows=100, window_shape=(62, 536), class_counts=[25, 25, 25, 25]
[2026-04-08 14:58:43]   Subject 54: n_windows=100, window_shape=(62, 536), class_counts=[25, 25, 25, 25]
[2026-04-08 14:58:43]    subject_id  n_windows  n_channels  n_times      class_counts
0          48        100          62      536  [25, 25, 25, 25]
1          49        100          62      536  [25, 25, 25, 25]
2          50        100          62      536  [25, 25, 25, 25]
3          51        100          62      536  [25, 25, 25, 25]
4          52        100          62      536  [25, 25, 25, 25]
5          53        100          62      536  [25, 25, 25, 25]
6          54        100          62      536  [25, 25, 25, 25]
[2026-04-08 14:58:43] Window validation summary:
[2026-04-08 14:58:43]   Subject 48: n_windows=100 class_counts=[25, 25, 25, 25]
[2026-04-08 14:58:43]   Subject 49: n_windows=100 class_counts=[25, 25, 25, 25]
[2026-04-08 14:58:43]   Subject 50: n_windows=100 class_counts=[25, 25, 25, 25]
[2026-04-08 14:58:43]   Subject 51: n_windows=100 class_counts=[25, 25, 25, 25]
[2026-04-08 14:58:43]   Subject 52: n_windows=100 class_counts=[25, 25, 25, 25]
[2026-04-08 14:58:43]   Subject 53: n_windows=100 class_counts=[25, 25, 25, 25]
[2026-04-08 14:58:43]   Subject 54: n_windows=100 class_counts=[25, 25, 25, 25]

[2026-04-08 14:58:43] Validated sampling rate target: 128 Hz
[2026-04-08 14:58:43] Validated window sample count:   536
[2026-04-08 14:58:43] Validated window duration:       4.1875 s
[2026-04-08 14:58:43] Validated channel count:         62
[2026-04-08 14:58:43] Total windows retained:          700
[2026-04-08 14:58:43] Preprocessing sanity checks:
[2026-04-08 14:58:43]   One sample label: 1
[2026-04-08 14:58:43]   One sample shape: (62, 536)
[2026-04-08 14:58:43]   Mean(abs(signal)): 3.146920e+00
[2026-04-08 14:58:43]   Mean(signal):      0.000000e+00
[2026-04-08 14:58:43]   Std(signal):       4.050236e+00
[2026-04-08 14:58:43] Building model with input window duration: 4.1875 s
[2026-04-08 14:58:43] SignalJEPA_PreLocal instantiated successfully.
[2026-04-08 14:58:43]   Total parameters:     18,192
[2026-04-08 14:58:43]   Trainable parameters: 18,192
[2026-04-08 14:58:43] ======================================================================================================================================================
Layer (type (var_name):depth-idx)                  Input Shape               Output Shape              Param #                   Kernel Shape
======================================================================================================================================================
SignalJEPA_PreLocal (SignalJEPA_PreLocal)          [1, 62, 536]              [1, 4]                    --                        --
├─Sequential (spatial_conv): 1-1                   [1, 62, 536]              [1, 4, 536]               --                        --
│    └─Rearrange (0): 2-1                          [1, 62, 536]              [1, 1, 62, 536]           --                        --
│    └─Conv2d (1): 2-2                             [1, 1, 62, 536]           [1, 4, 1, 536]            252                       [62, 1]
│    └─Rearrange (2): 2-3                          [1, 4, 1, 536]            [1, 4, 536]               --                        --
├─_ConvFeatureEncoder (feature_encoder): 1-2       [1, 4, 536]               [1, 16, 64]               --                        --
│    └─Rearrange (0): 2-4                          [1, 4, 536]               [4, 1, 536]               --                        --
│    └─Sequential (1): 2-5                         [4, 1, 536]               [4, 8, 64]                --                        --
│    │    └─Conv1d (0): 3-1                        [4, 1, 536]               [4, 8, 64]                256                       [32]
│    │    └─Dropout (1): 3-2                       [4, 8, 64]                [4, 8, 64]                --                        --
│    │    └─GroupNorm (2): 3-3                     [4, 8, 64]                [4, 8, 64]                16                        --
│    │    └─GELU (3): 3-4                          [4, 8, 64]                [4, 8, 64]                --                        --
│    └─Sequential (2): 2-6                         [4, 8, 64]                [4, 16, 32]               --                        --
│    │    └─Conv1d (0): 3-5                        [4, 8, 64]                [4, 16, 32]               256                       [2]
│    │    └─Dropout (1): 3-6                       [4, 16, 32]               [4, 16, 32]               --                        --
│    │    └─GELU (2): 3-7                          [4, 16, 32]               [4, 16, 32]               --                        --
│    └─Sequential (3): 2-7                         [4, 16, 32]               [4, 32, 16]               --                        --
│    │    └─Conv1d (0): 3-8                        [4, 16, 32]               [4, 32, 16]               1,024                     [2]
│    │    └─Dropout (1): 3-9                       [4, 32, 16]               [4, 32, 16]               --                        --
│    │    └─GELU (2): 3-10                         [4, 32, 16]               [4, 32, 16]               --                        --
│    └─Sequential (4): 2-8                         [4, 32, 16]               [4, 64, 8]                --                        --
│    │    └─Conv1d (0): 3-11                       [4, 32, 16]               [4, 64, 8]                4,096                     [2]
│    │    └─Dropout (1): 3-12                      [4, 64, 8]                [4, 64, 8]                --                        --
│    │    └─GELU (2): 3-13                         [4, 64, 8]                [4, 64, 8]                --                        --
│    └─Sequential (5): 2-9                         [4, 64, 8]                [4, 64, 4]                --                        --
│    │    └─Conv1d (0): 3-14                       [4, 64, 8]                [4, 64, 4]                8,192                     [2]
│    │    └─Dropout (1): 3-15                      [4, 64, 4]                [4, 64, 4]                --                        --
│    │    └─GELU (2): 3-16                         [4, 64, 4]                [4, 64, 4]                --                        --
│    └─Rearrange (6): 2-10                         [4, 64, 4]                [1, 16, 64]               --                        --
├─Sequential (final_layer): 1-3                    [1, 16, 64]               [1, 4]                    --                        --
│    └─Flatten (0): 2-11                           [1, 16, 64]               [1, 1024]                 --                        --
│    └─Linear (1): 2-12                            [1, 1024]                 [1, 4]                    4,100                     --
======================================================================================================================================================
Total params: 18,192
Trainable params: 18,192
Non-trainable params: 0
Total mult-adds (Units.MEGABYTES): 0.57
======================================================================================================================================================
Input size (MB): 0.13
Forward/backward pass size (MB): 0.11
Params size (MB): 0.07
Estimated Total Size (MB): 0.31
======================================================================================================================================================
[2026-04-08 14:58:43] Initializing from 16s-60 pretrained checkpoint (Hugging Face):
[2026-04-08 14:58:43]   https://huggingface.co/braindecode/SignalJEPA/resolve/main/signal-jepa_16s-60_adeuwv4s.pth
[2026-04-08 14:58:43]   Downloaded 179 keys
[2026-04-08 14:58:43] ======================================================================
[2026-04-08 14:58:43] STARTING CROSS-VALIDATION
[2026-04-08 14:58:43] ======================================================================
[2026-04-08 14:58:43] Subjects:      [48, 49, 50, 51, 52, 53, 54]
[2026-04-08 14:58:43] CV folds:      5
[2026-04-08 14:58:43] Batch size:    16
[2026-04-08 14:58:43] Max epochs:    5000
[2026-04-08 14:58:43] Device:        cpu
[2026-04-08 14:58:43] Seed control:  True
[2026-04-08 14:58:43] Base seed:     5
[2026-04-08 14:58:43] ======================================================================

[2026-04-08 14:58:43] Subject 48: 100 windows | class_counts=[25, 25, 25, 25]
[2026-04-08 14:58:43]   Fold 1 class counts: train=[16, 16, 16, 16] val=[4, 4, 4, 4] test=[5, 5, 5, 5]
[2026-04-08 14:58:43]   Fold 2 class counts: train=[16, 16, 16, 16] val=[4, 4, 4, 4] test=[5, 5, 5, 5]
[2026-04-08 14:58:43]   Fold 3 class counts: train=[16, 16, 16, 16] val=[4, 4, 4, 4] test=[5, 5, 5, 5]
[2026-04-08 14:58:43]   Fold 4 class counts: train=[16, 16, 16, 16] val=[4, 4, 4, 4] test=[5, 5, 5, 5]
[2026-04-08 14:58:43]   Fold 5 class counts: train=[16, 16, 16, 16] val=[4, 4, 4, 4] test=[5, 5, 5, 5]
[2026-04-08 14:58:43]     Train class counts: [16, 16, 16, 16]
[2026-04-08 14:58:43]     Val class counts:   [4, 4, 4, 4]
[2026-04-08 14:58:43]     Test class counts:  [5, 5, 5, 5]
[2026-04-08 14:58:43] Building model with input window duration: 4.1875 s
[2026-04-08 14:58:43] Pretrained weight loading:
[2026-04-08 14:58:43]   Downloaded keys:        179
[2026-04-08 14:58:43]   Filtered (transformer): 172
[2026-04-08 14:58:43]   Filtered (pos_encoder): 0
[2026-04-08 14:58:43]   Keys to load:           7
[2026-04-08 14:58:43]   Missing keys:           4
[2026-04-08 14:58:43]   Unexpected keys:        0
[2026-04-08 14:58:43]   Missing preview:        ['spatial_conv.1.weight', 'spatial_conv.1.bias', 'final_layer.1.weight', 'final_layer.1.bias']
[2026-04-08 14:58:43]   Unexpected preview:     []
[2026-04-08 14:58:43] Trainable modules: spatial_conv + final_layer (4,352 / 18,192 params, 23.9%)
[2026-04-08 14:58:43]   - final_layer.1.bias
[2026-04-08 14:58:43]   - final_layer.1.weight
[2026-04-08 14:58:43]   - spatial_conv.1.bias
[2026-04-08 14:58:43]   - spatial_conv.1.weight
[2026-04-08 14:59:44]   Fold 1/5 | best_epoch=4936 | stop=4986 | val_loss=0.0033 | acc=0.9500 | bal_acc=0.9500
[2026-04-08 14:59:44]     Train class counts: [16, 16, 16, 16]
[2026-04-08 14:59:44]     Val class counts:   [4, 4, 4, 4]
[2026-04-08 14:59:44]     Test class counts:  [5, 5, 5, 5]
[2026-04-08 14:59:44] Building model with input window duration: 4.1875 s
[2026-04-08 14:59:44] Pretrained weight loading:
[2026-04-08 14:59:44]   Downloaded keys:        179
[2026-04-08 14:59:44]   Filtered (transformer): 172
[2026-04-08 14:59:44]   Filtered (pos_encoder): 0
[2026-04-08 14:59:44]   Keys to load:           7
[2026-04-08 14:59:44]   Missing keys:           4
[2026-04-08 14:59:44]   Unexpected keys:        0
[2026-04-08 14:59:44]   Missing preview:        ['spatial_conv.1.weight', 'spatial_conv.1.bias', 'final_layer.1.weight', 'final_layer.1.bias']
[2026-04-08 14:59:44]   Unexpected preview:     []
[2026-04-08 15:00:31]   Fold 2/5 | best_epoch=3865 | stop=3915 | val_loss=0.0012 | acc=0.9500 | bal_acc=0.9500
[2026-04-08 15:00:31]     Train class counts: [16, 16, 16, 16]
[2026-04-08 15:00:31]     Val class counts:   [4, 4, 4, 4]
[2026-04-08 15:00:31]     Test class counts:  [5, 5, 5, 5]
[2026-04-08 15:00:31] Building model with input window duration: 4.1875 s
[2026-04-08 15:00:31] Pretrained weight loading:
[2026-04-08 15:00:31]   Downloaded keys:        179
[2026-04-08 15:00:31]   Filtered (transformer): 172
[2026-04-08 15:00:31]   Filtered (pos_encoder): 0
[2026-04-08 15:00:31]   Keys to load:           7
[2026-04-08 15:00:31]   Missing keys:           4
[2026-04-08 15:00:31]   Unexpected keys:        0
[2026-04-08 15:00:31]   Missing preview:        ['spatial_conv.1.weight', 'spatial_conv.1.bias', 'final_layer.1.weight', 'final_layer.1.bias']
[2026-04-08 15:00:31]   Unexpected preview:     []
[2026-04-08 15:01:31]   Fold 3/5 | best_epoch=4990 | stop=5000 | val_loss=0.0002 | acc=1.0000 | bal_acc=1.0000
[2026-04-08 15:01:31]     Train class counts: [16, 16, 16, 16]
[2026-04-08 15:01:31]     Val class counts:   [4, 4, 4, 4]
[2026-04-08 15:01:31]     Test class counts:  [5, 5, 5, 5]
[2026-04-08 15:01:31] Building model with input window duration: 4.1875 s
[2026-04-08 15:01:31] Pretrained weight loading:
[2026-04-08 15:01:31]   Downloaded keys:        179
[2026-04-08 15:01:31]   Filtered (transformer): 172
[2026-04-08 15:01:31]   Filtered (pos_encoder): 0
[2026-04-08 15:01:31]   Keys to load:           7
[2026-04-08 15:01:31]   Missing keys:           4
[2026-04-08 15:01:31]   Unexpected keys:        0
[2026-04-08 15:01:31]   Missing preview:        ['spatial_conv.1.weight', 'spatial_conv.1.bias', 'final_layer.1.weight', 'final_layer.1.bias']
[2026-04-08 15:01:31]   Unexpected preview:     []
[2026-04-08 15:02:00]   Fold 4/5 | best_epoch=2342 | stop=2392 | val_loss=0.0273 | acc=1.0000 | bal_acc=1.0000
[2026-04-08 15:02:00]     Train class counts: [16, 16, 16, 16]
[2026-04-08 15:02:00]     Val class counts:   [4, 4, 4, 4]
[2026-04-08 15:02:00]     Test class counts:  [5, 5, 5, 5]
[2026-04-08 15:02:00] Building model with input window duration: 4.1875 s
[2026-04-08 15:02:00] Pretrained weight loading:
[2026-04-08 15:02:00]   Downloaded keys:        179
[2026-04-08 15:02:00]   Filtered (transformer): 172
[2026-04-08 15:02:00]   Filtered (pos_encoder): 0
[2026-04-08 15:02:00]   Keys to load:           7
[2026-04-08 15:02:00]   Missing keys:           4
[2026-04-08 15:02:00]   Unexpected keys:        0
[2026-04-08 15:02:00]   Missing preview:        ['spatial_conv.1.weight', 'spatial_conv.1.bias', 'final_layer.1.weight', 'final_layer.1.bias']
[2026-04-08 15:02:00]   Unexpected preview:     []
[2026-04-08 15:02:37]   Fold 5/5 | best_epoch=2999 | stop=3049 | val_loss=0.0529 | acc=0.9500 | bal_acc=0.9500
[2026-04-08 15:02:37]   Subject 48 summary: acc=0.9700±0.0245  bal_acc=0.9700±0.0245

[2026-04-08 15:02:37] Subject 49: 100 windows | class_counts=[25, 25, 25, 25]
[2026-04-08 15:02:37]   Fold 1 class counts: train=[16, 16, 16, 16] val=[4, 4, 4, 4] test=[5, 5, 5, 5]
[2026-04-08 15:02:37]   Fold 2 class counts: train=[16, 16, 16, 16] val=[4, 4, 4, 4] test=[5, 5, 5, 5]
[2026-04-08 15:02:37]   Fold 3 class counts: train=[16, 16, 16, 16] val=[4, 4, 4, 4] test=[5, 5, 5, 5]
[2026-04-08 15:02:37]   Fold 4 class counts: train=[16, 16, 16, 16] val=[4, 4, 4, 4] test=[5, 5, 5, 5]
[2026-04-08 15:02:37]   Fold 5 class counts: train=[16, 16, 16, 16] val=[4, 4, 4, 4] test=[5, 5, 5, 5]
[2026-04-08 15:02:37]     Train class counts: [16, 16, 16, 16]
[2026-04-08 15:02:37]     Val class counts:   [4, 4, 4, 4]
[2026-04-08 15:02:37]     Test class counts:  [5, 5, 5, 5]
[2026-04-08 15:02:37] Building model with input window duration: 4.1875 s
[2026-04-08 15:02:37] Pretrained weight loading:
[2026-04-08 15:02:37]   Downloaded keys:        179
[2026-04-08 15:02:37]   Filtered (transformer): 172
[2026-04-08 15:02:37]   Filtered (pos_encoder): 0
[2026-04-08 15:02:37]   Keys to load:           7
[2026-04-08 15:02:37]   Missing keys:           4
[2026-04-08 15:02:37]   Unexpected keys:        0
[2026-04-08 15:02:37]   Missing preview:        ['spatial_conv.1.weight', 'spatial_conv.1.bias', 'final_layer.1.weight', 'final_layer.1.bias']
[2026-04-08 15:02:37]   Unexpected preview:     []
[2026-04-08 15:02:57]   Fold 1/5 | best_epoch=1702 | stop=1716 | val_loss=0.2702 | acc=1.0000 | bal_acc=1.0000
[2026-04-08 15:02:57]     Train class counts: [16, 16, 16, 16]
[2026-04-08 15:02:57]     Val class counts:   [4, 4, 4, 4]
[2026-04-08 15:02:57]     Test class counts:  [5, 5, 5, 5]
[2026-04-08 15:02:57] Building model with input window duration: 4.1875 s
[2026-04-08 15:02:57] Pretrained weight loading:
[2026-04-08 15:02:57]   Downloaded keys:        179
[2026-04-08 15:02:57]   Filtered (transformer): 172
[2026-04-08 15:02:57]   Filtered (pos_encoder): 0
[2026-04-08 15:02:57]   Keys to load:           7
[2026-04-08 15:02:57]   Missing keys:           4
[2026-04-08 15:02:57]   Unexpected keys:        0
[2026-04-08 15:02:57]   Missing preview:        ['spatial_conv.1.weight', 'spatial_conv.1.bias', 'final_layer.1.weight', 'final_layer.1.bias']
[2026-04-08 15:02:57]   Unexpected preview:     []
[2026-04-08 15:03:20]   Fold 2/5 | best_epoch=1959 | stop=1961 | val_loss=0.4020 | acc=0.9000 | bal_acc=0.9000
[2026-04-08 15:03:20]     Train class counts: [16, 16, 16, 16]
[2026-04-08 15:03:20]     Val class counts:   [4, 4, 4, 4]
[2026-04-08 15:03:20]     Test class counts:  [5, 5, 5, 5]
[2026-04-08 15:03:20] Building model with input window duration: 4.1875 s
[2026-04-08 15:03:20] Pretrained weight loading:
[2026-04-08 15:03:20]   Downloaded keys:        179
[2026-04-08 15:03:20]   Filtered (transformer): 172
[2026-04-08 15:03:20]   Filtered (pos_encoder): 0
[2026-04-08 15:03:20]   Keys to load:           7
[2026-04-08 15:03:20]   Missing keys:           4
[2026-04-08 15:03:20]   Unexpected keys:        0
[2026-04-08 15:03:20]   Missing preview:        ['spatial_conv.1.weight', 'spatial_conv.1.bias', 'final_layer.1.weight', 'final_layer.1.bias']
[2026-04-08 15:03:20]   Unexpected preview:     []
[2026-04-08 15:03:30]   Fold 3/5 | best_epoch=755 | stop=805 | val_loss=0.5155 | acc=0.9000 | bal_acc=0.9000
[2026-04-08 15:03:30]     Train class counts: [16, 16, 16, 16]
[2026-04-08 15:03:30]     Val class counts:   [4, 4, 4, 4]
[2026-04-08 15:03:30]     Test class counts:  [5, 5, 5, 5]
[2026-04-08 15:03:30] Building model with input window duration: 4.1875 s
[2026-04-08 15:03:30] Pretrained weight loading:
[2026-04-08 15:03:30]   Downloaded keys:        179
[2026-04-08 15:03:30]   Filtered (transformer): 172
[2026-04-08 15:03:30]   Filtered (pos_encoder): 0
[2026-04-08 15:03:30]   Keys to load:           7
[2026-04-08 15:03:30]   Missing keys:           4
[2026-04-08 15:03:30]   Unexpected keys:        0
[2026-04-08 15:03:30]   Missing preview:        ['spatial_conv.1.weight', 'spatial_conv.1.bias', 'final_layer.1.weight', 'final_layer.1.bias']
[2026-04-08 15:03:30]   Unexpected preview:     []
[2026-04-08 15:04:00]   Fold 4/5 | best_epoch=2501 | stop=2551 | val_loss=0.1488 | acc=1.0000 | bal_acc=1.0000
[2026-04-08 15:04:00]     Train class counts: [16, 16, 16, 16]
[2026-04-08 15:04:00]     Val class counts:   [4, 4, 4, 4]
[2026-04-08 15:04:00]     Test class counts:  [5, 5, 5, 5]
[2026-04-08 15:04:00] Building model with input window duration: 4.1875 s
[2026-04-08 15:04:00] Pretrained weight loading:
[2026-04-08 15:04:00]   Downloaded keys:        179
[2026-04-08 15:04:00]   Filtered (transformer): 172
[2026-04-08 15:04:00]   Filtered (pos_encoder): 0
[2026-04-08 15:04:00]   Keys to load:           7
[2026-04-08 15:04:00]   Missing keys:           4
[2026-04-08 15:04:00]   Unexpected keys:        0
[2026-04-08 15:04:00]   Missing preview:        ['spatial_conv.1.weight', 'spatial_conv.1.bias', 'final_layer.1.weight', 'final_layer.1.bias']
[2026-04-08 15:04:00]   Unexpected preview:     []
[2026-04-08 15:04:33]   Fold 5/5 | best_epoch=2719 | stop=2769 | val_loss=0.0783 | acc=0.9000 | bal_acc=0.9000
[2026-04-08 15:04:33]   Subject 49 summary: acc=0.9400±0.0490  bal_acc=0.9400±0.0490

[2026-04-08 15:04:33] Subject 50: 100 windows | class_counts=[25, 25, 25, 25]
[2026-04-08 15:04:33]   Fold 1 class counts: train=[16, 16, 16, 16] val=[4, 4, 4, 4] test=[5, 5, 5, 5]
[2026-04-08 15:04:33]   Fold 2 class counts: train=[16, 16, 16, 16] val=[4, 4, 4, 4] test=[5, 5, 5, 5]
[2026-04-08 15:04:33]   Fold 3 class counts: train=[16, 16, 16, 16] val=[4, 4, 4, 4] test=[5, 5, 5, 5]
[2026-04-08 15:04:33]   Fold 4 class counts: train=[16, 16, 16, 16] val=[4, 4, 4, 4] test=[5, 5, 5, 5]
[2026-04-08 15:04:33]   Fold 5 class counts: train=[16, 16, 16, 16] val=[4, 4, 4, 4] test=[5, 5, 5, 5]
[2026-04-08 15:04:33]     Train class counts: [16, 16, 16, 16]
[2026-04-08 15:04:33]     Val class counts:   [4, 4, 4, 4]
[2026-04-08 15:04:33]     Test class counts:  [5, 5, 5, 5]
[2026-04-08 15:04:33] Building model with input window duration: 4.1875 s
[2026-04-08 15:04:33] Pretrained weight loading:
[2026-04-08 15:04:33]   Downloaded keys:        179
[2026-04-08 15:04:33]   Filtered (transformer): 172
[2026-04-08 15:04:33]   Filtered (pos_encoder): 0
[2026-04-08 15:04:33]   Keys to load:           7
[2026-04-08 15:04:33]   Missing keys:           4
[2026-04-08 15:04:33]   Unexpected keys:        0
[2026-04-08 15:04:33]   Missing preview:        ['spatial_conv.1.weight', 'spatial_conv.1.bias', 'final_layer.1.weight', 'final_layer.1.bias']
[2026-04-08 15:04:33]   Unexpected preview:     []
[2026-04-08 15:05:34]   Fold 1/5 | best_epoch=4997 | stop=5000 | val_loss=0.0084 | acc=1.0000 | bal_acc=1.0000
[2026-04-08 15:05:34]     Train class counts: [16, 16, 16, 16]
[2026-04-08 15:05:34]     Val class counts:   [4, 4, 4, 4]
[2026-04-08 15:05:34]     Test class counts:  [5, 5, 5, 5]
[2026-04-08 15:05:34] Building model with input window duration: 4.1875 s
[2026-04-08 15:05:34] Pretrained weight loading:
[2026-04-08 15:05:34]   Downloaded keys:        179
[2026-04-08 15:05:34]   Filtered (transformer): 172
[2026-04-08 15:05:34]   Filtered (pos_encoder): 0
[2026-04-08 15:05:34]   Keys to load:           7
[2026-04-08 15:05:34]   Missing keys:           4
[2026-04-08 15:05:34]   Unexpected keys:        0
[2026-04-08 15:05:34]   Missing preview:        ['spatial_conv.1.weight', 'spatial_conv.1.bias', 'final_layer.1.weight', 'final_layer.1.bias']
[2026-04-08 15:05:34]   Unexpected preview:     []
[2026-04-08 15:05:57]   Fold 2/5 | best_epoch=1856 | stop=1906 | val_loss=0.1710 | acc=1.0000 | bal_acc=1.0000
[2026-04-08 15:05:57]     Train class counts: [16, 16, 16, 16]
[2026-04-08 15:05:57]     Val class counts:   [4, 4, 4, 4]
[2026-04-08 15:05:57]     Test class counts:  [5, 5, 5, 5]
[2026-04-08 15:05:57] Building model with input window duration: 4.1875 s
[2026-04-08 15:05:57] Pretrained weight loading:
[2026-04-08 15:05:57]   Downloaded keys:        179
[2026-04-08 15:05:57]   Filtered (transformer): 172
[2026-04-08 15:05:57]   Filtered (pos_encoder): 0
[2026-04-08 15:05:57]   Keys to load:           7
[2026-04-08 15:05:57]   Missing keys:           4
[2026-04-08 15:05:57]   Unexpected keys:        0
[2026-04-08 15:05:57]   Missing preview:        ['spatial_conv.1.weight', 'spatial_conv.1.bias', 'final_layer.1.weight', 'final_layer.1.bias']
[2026-04-08 15:05:57]   Unexpected preview:     []
[2026-04-08 15:06:57]   Fold 3/5 | best_epoch=4884 | stop=4934 | val_loss=0.0042 | acc=1.0000 | bal_acc=1.0000
[2026-04-08 15:06:57]     Train class counts: [16, 16, 16, 16]
[2026-04-08 15:06:57]     Val class counts:   [4, 4, 4, 4]
[2026-04-08 15:06:57]     Test class counts:  [5, 5, 5, 5]
[2026-04-08 15:06:57] Building model with input window duration: 4.1875 s
[2026-04-08 15:06:57] Pretrained weight loading:
[2026-04-08 15:06:57]   Downloaded keys:        179
[2026-04-08 15:06:57]   Filtered (transformer): 172
[2026-04-08 15:06:57]   Filtered (pos_encoder): 0
[2026-04-08 15:06:57]   Keys to load:           7
[2026-04-08 15:06:57]   Missing keys:           4
[2026-04-08 15:06:57]   Unexpected keys:        0
[2026-04-08 15:06:57]   Missing preview:        ['spatial_conv.1.weight', 'spatial_conv.1.bias', 'final_layer.1.weight', 'final_layer.1.bias']
[2026-04-08 15:06:57]   Unexpected preview:     []
[2026-04-08 15:07:59]   Fold 4/5 | best_epoch=4999 | stop=5000 | val_loss=0.0078 | acc=0.9500 | bal_acc=0.9500
[2026-04-08 15:07:59]     Train class counts: [16, 16, 16, 16]
[2026-04-08 15:07:59]     Val class counts:   [4, 4, 4, 4]
[2026-04-08 15:07:59]     Test class counts:  [5, 5, 5, 5]
[2026-04-08 15:07:59] Building model with input window duration: 4.1875 s
[2026-04-08 15:07:59] Pretrained weight loading:
[2026-04-08 15:07:59]   Downloaded keys:        179
[2026-04-08 15:07:59]   Filtered (transformer): 172
[2026-04-08 15:07:59]   Filtered (pos_encoder): 0
[2026-04-08 15:07:59]   Keys to load:           7
[2026-04-08 15:07:59]   Missing keys:           4
[2026-04-08 15:07:59]   Unexpected keys:        0
[2026-04-08 15:07:59]   Missing preview:        ['spatial_conv.1.weight', 'spatial_conv.1.bias', 'final_layer.1.weight', 'final_layer.1.bias']
[2026-04-08 15:07:59]   Unexpected preview:     []
[2026-04-08 15:08:20]   Fold 5/5 | best_epoch=1724 | stop=1774 | val_loss=0.0763 | acc=1.0000 | bal_acc=1.0000
[2026-04-08 15:08:20]   Subject 50 summary: acc=0.9900±0.0200  bal_acc=0.9900±0.0200

[2026-04-08 15:08:20] Subject 51: 100 windows | class_counts=[25, 25, 25, 25]
[2026-04-08 15:08:20]   Fold 1 class counts: train=[16, 16, 16, 16] val=[4, 4, 4, 4] test=[5, 5, 5, 5]
[2026-04-08 15:08:20]   Fold 2 class counts: train=[16, 16, 16, 16] val=[4, 4, 4, 4] test=[5, 5, 5, 5]
[2026-04-08 15:08:20]   Fold 3 class counts: train=[16, 16, 16, 16] val=[4, 4, 4, 4] test=[5, 5, 5, 5]
[2026-04-08 15:08:20]   Fold 4 class counts: train=[16, 16, 16, 16] val=[4, 4, 4, 4] test=[5, 5, 5, 5]
[2026-04-08 15:08:20]   Fold 5 class counts: train=[16, 16, 16, 16] val=[4, 4, 4, 4] test=[5, 5, 5, 5]
[2026-04-08 15:08:20]     Train class counts: [16, 16, 16, 16]
[2026-04-08 15:08:20]     Val class counts:   [4, 4, 4, 4]
[2026-04-08 15:08:20]     Test class counts:  [5, 5, 5, 5]
[2026-04-08 15:08:20] Building model with input window duration: 4.1875 s
[2026-04-08 15:08:20] Pretrained weight loading:
[2026-04-08 15:08:20]   Downloaded keys:        179
[2026-04-08 15:08:20]   Filtered (transformer): 172
[2026-04-08 15:08:20]   Filtered (pos_encoder): 0
[2026-04-08 15:08:20]   Keys to load:           7
[2026-04-08 15:08:20]   Missing keys:           4
[2026-04-08 15:08:20]   Unexpected keys:        0
[2026-04-08 15:08:20]   Missing preview:        ['spatial_conv.1.weight', 'spatial_conv.1.bias', 'final_layer.1.weight', 'final_layer.1.bias']
[2026-04-08 15:08:20]   Unexpected preview:     []
[2026-04-08 15:08:21]   Fold 1/5 | best_epoch=41 | stop=91 | val_loss=1.3814 | acc=0.3500 | bal_acc=0.3500
[2026-04-08 15:08:21]     Train class counts: [16, 16, 16, 16]
[2026-04-08 15:08:21]     Val class counts:   [4, 4, 4, 4]
[2026-04-08 15:08:21]     Test class counts:  [5, 5, 5, 5]
[2026-04-08 15:08:21] Building model with input window duration: 4.1875 s
[2026-04-08 15:08:21] Pretrained weight loading:
[2026-04-08 15:08:21]   Downloaded keys:        179
[2026-04-08 15:08:21]   Filtered (transformer): 172
[2026-04-08 15:08:21]   Filtered (pos_encoder): 0
[2026-04-08 15:08:21]   Keys to load:           7
[2026-04-08 15:08:21]   Missing keys:           4
[2026-04-08 15:08:21]   Unexpected keys:        0
[2026-04-08 15:08:21]   Missing preview:        ['spatial_conv.1.weight', 'spatial_conv.1.bias', 'final_layer.1.weight', 'final_layer.1.bias']
[2026-04-08 15:08:21]   Unexpected preview:     []
[2026-04-08 15:08:29]   Fold 2/5 | best_epoch=536 | stop=586 | val_loss=1.0049 | acc=0.5500 | bal_acc=0.5500
[2026-04-08 15:08:29]     Train class counts: [16, 16, 16, 16]
[2026-04-08 15:08:29]     Val class counts:   [4, 4, 4, 4]
[2026-04-08 15:08:29]     Test class counts:  [5, 5, 5, 5]
[2026-04-08 15:08:29] Building model with input window duration: 4.1875 s
[2026-04-08 15:08:29] Pretrained weight loading:
[2026-04-08 15:08:29]   Downloaded keys:        179
[2026-04-08 15:08:29]   Filtered (transformer): 172
[2026-04-08 15:08:29]   Filtered (pos_encoder): 0
[2026-04-08 15:08:29]   Keys to load:           7
[2026-04-08 15:08:29]   Missing keys:           4
[2026-04-08 15:08:29]   Unexpected keys:        0
[2026-04-08 15:08:29]   Missing preview:        ['spatial_conv.1.weight', 'spatial_conv.1.bias', 'final_layer.1.weight', 'final_layer.1.bias']
[2026-04-08 15:08:29]   Unexpected preview:     []
[2026-04-08 15:08:35]   Fold 3/5 | best_epoch=480 | stop=530 | val_loss=1.2148 | acc=0.4000 | bal_acc=0.4000
[2026-04-08 15:08:35]     Train class counts: [16, 16, 16, 16]
[2026-04-08 15:08:35]     Val class counts:   [4, 4, 4, 4]
[2026-04-08 15:08:35]     Test class counts:  [5, 5, 5, 5]
[2026-04-08 15:08:35] Building model with input window duration: 4.1875 s
[2026-04-08 15:08:35] Pretrained weight loading:
[2026-04-08 15:08:35]   Downloaded keys:        179
[2026-04-08 15:08:35]   Filtered (transformer): 172
[2026-04-08 15:08:35]   Filtered (pos_encoder): 0
[2026-04-08 15:08:35]   Keys to load:           7
[2026-04-08 15:08:35]   Missing keys:           4
[2026-04-08 15:08:35]   Unexpected keys:        0
[2026-04-08 15:08:35]   Missing preview:        ['spatial_conv.1.weight', 'spatial_conv.1.bias', 'final_layer.1.weight', 'final_layer.1.bias']
[2026-04-08 15:08:35]   Unexpected preview:     []
[2026-04-08 15:08:36]   Fold 4/5 | best_epoch=36 | stop=86 | val_loss=1.3778 | acc=0.3500 | bal_acc=0.3500
[2026-04-08 15:08:36]     Train class counts: [16, 16, 16, 16]
[2026-04-08 15:08:36]     Val class counts:   [4, 4, 4, 4]
[2026-04-08 15:08:36]     Test class counts:  [5, 5, 5, 5]
[2026-04-08 15:08:36] Building model with input window duration: 4.1875 s
[2026-04-08 15:08:36] Pretrained weight loading:
[2026-04-08 15:08:36]   Downloaded keys:        179
[2026-04-08 15:08:36]   Filtered (transformer): 172
[2026-04-08 15:08:36]   Filtered (pos_encoder): 0
[2026-04-08 15:08:36]   Keys to load:           7
[2026-04-08 15:08:36]   Missing keys:           4
[2026-04-08 15:08:36]   Unexpected keys:        0
[2026-04-08 15:08:36]   Missing preview:        ['spatial_conv.1.weight', 'spatial_conv.1.bias', 'final_layer.1.weight', 'final_layer.1.bias']
[2026-04-08 15:08:36]   Unexpected preview:     []
[2026-04-08 15:08:37]   Fold 5/5 | best_epoch=49 | stop=99 | val_loss=1.3805 | acc=0.2500 | bal_acc=0.2500
[2026-04-08 15:08:37]   Subject 51 summary: acc=0.3800±0.0980  bal_acc=0.3800±0.0980

[2026-04-08 15:08:37] Subject 52: 100 windows | class_counts=[25, 25, 25, 25]
[2026-04-08 15:08:37]   Fold 1 class counts: train=[16, 16, 16, 16] val=[4, 4, 4, 4] test=[5, 5, 5, 5]
[2026-04-08 15:08:37]   Fold 2 class counts: train=[16, 16, 16, 16] val=[4, 4, 4, 4] test=[5, 5, 5, 5]
[2026-04-08 15:08:37]   Fold 3 class counts: train=[16, 16, 16, 16] val=[4, 4, 4, 4] test=[5, 5, 5, 5]
[2026-04-08 15:08:37]   Fold 4 class counts: train=[16, 16, 16, 16] val=[4, 4, 4, 4] test=[5, 5, 5, 5]
[2026-04-08 15:08:37]   Fold 5 class counts: train=[16, 16, 16, 16] val=[4, 4, 4, 4] test=[5, 5, 5, 5]
[2026-04-08 15:08:37]     Train class counts: [16, 16, 16, 16]
[2026-04-08 15:08:37]     Val class counts:   [4, 4, 4, 4]
[2026-04-08 15:08:37]     Test class counts:  [5, 5, 5, 5]
[2026-04-08 15:08:37] Building model with input window duration: 4.1875 s
[2026-04-08 15:08:37] Pretrained weight loading:
[2026-04-08 15:08:37]   Downloaded keys:        179
[2026-04-08 15:08:37]   Filtered (transformer): 172
[2026-04-08 15:08:37]   Filtered (pos_encoder): 0
[2026-04-08 15:08:37]   Keys to load:           7
[2026-04-08 15:08:37]   Missing keys:           4
[2026-04-08 15:08:37]   Unexpected keys:        0
[2026-04-08 15:08:37]   Missing preview:        ['spatial_conv.1.weight', 'spatial_conv.1.bias', 'final_layer.1.weight', 'final_layer.1.bias']
[2026-04-08 15:08:37]   Unexpected preview:     []
[2026-04-08 15:09:02]   Fold 1/5 | best_epoch=1976 | stop=2026 | val_loss=0.1437 | acc=1.0000 | bal_acc=1.0000
[2026-04-08 15:09:02]     Train class counts: [16, 16, 16, 16]
[2026-04-08 15:09:02]     Val class counts:   [4, 4, 4, 4]
[2026-04-08 15:09:02]     Test class counts:  [5, 5, 5, 5]
[2026-04-08 15:09:02] Building model with input window duration: 4.1875 s
[2026-04-08 15:09:02] Pretrained weight loading:
[2026-04-08 15:09:02]   Downloaded keys:        179
[2026-04-08 15:09:02]   Filtered (transformer): 172
[2026-04-08 15:09:02]   Filtered (pos_encoder): 0
[2026-04-08 15:09:02]   Keys to load:           7
[2026-04-08 15:09:02]   Missing keys:           4
[2026-04-08 15:09:02]   Unexpected keys:        0
[2026-04-08 15:09:02]   Missing preview:        ['spatial_conv.1.weight', 'spatial_conv.1.bias', 'final_layer.1.weight', 'final_layer.1.bias']
[2026-04-08 15:09:02]   Unexpected preview:     []
[2026-04-08 15:10:02]   Fold 2/5 | best_epoch=4864 | stop=4914 | val_loss=0.0026 | acc=0.9500 | bal_acc=0.9500
[2026-04-08 15:10:02]     Train class counts: [16, 16, 16, 16]
[2026-04-08 15:10:02]     Val class counts:   [4, 4, 4, 4]
[2026-04-08 15:10:02]     Test class counts:  [5, 5, 5, 5]
[2026-04-08 15:10:02] Building model with input window duration: 4.1875 s
[2026-04-08 15:10:02] Pretrained weight loading:
[2026-04-08 15:10:02]   Downloaded keys:        179
[2026-04-08 15:10:02]   Filtered (transformer): 172
[2026-04-08 15:10:02]   Filtered (pos_encoder): 0
[2026-04-08 15:10:02]   Keys to load:           7
[2026-04-08 15:10:02]   Missing keys:           4
[2026-04-08 15:10:02]   Unexpected keys:        0
[2026-04-08 15:10:02]   Missing preview:        ['spatial_conv.1.weight', 'spatial_conv.1.bias', 'final_layer.1.weight', 'final_layer.1.bias']
[2026-04-08 15:10:02]   Unexpected preview:     []
[2026-04-08 15:10:36]   Fold 3/5 | best_epoch=2701 | stop=2751 | val_loss=0.1034 | acc=0.9500 | bal_acc=0.9500
[2026-04-08 15:10:36]     Train class counts: [16, 16, 16, 16]
[2026-04-08 15:10:36]     Val class counts:   [4, 4, 4, 4]
[2026-04-08 15:10:36]     Test class counts:  [5, 5, 5, 5]
[2026-04-08 15:10:36] Building model with input window duration: 4.1875 s
[2026-04-08 15:10:36] Pretrained weight loading:
[2026-04-08 15:10:36]   Downloaded keys:        179
[2026-04-08 15:10:36]   Filtered (transformer): 172
[2026-04-08 15:10:36]   Filtered (pos_encoder): 0
[2026-04-08 15:10:36]   Keys to load:           7
[2026-04-08 15:10:36]   Missing keys:           4
[2026-04-08 15:10:36]   Unexpected keys:        0
[2026-04-08 15:10:36]   Missing preview:        ['spatial_conv.1.weight', 'spatial_conv.1.bias', 'final_layer.1.weight', 'final_layer.1.bias']
[2026-04-08 15:10:36]   Unexpected preview:     []
[2026-04-08 15:10:51]   Fold 4/5 | best_epoch=1175 | stop=1225 | val_loss=0.2015 | acc=0.9500 | bal_acc=0.9500
[2026-04-08 15:10:51]     Train class counts: [16, 16, 16, 16]
[2026-04-08 15:10:51]     Val class counts:   [4, 4, 4, 4]
[2026-04-08 15:10:51]     Test class counts:  [5, 5, 5, 5]
[2026-04-08 15:10:51] Building model with input window duration: 4.1875 s
[2026-04-08 15:10:51] Pretrained weight loading:
[2026-04-08 15:10:51]   Downloaded keys:        179
[2026-04-08 15:10:51]   Filtered (transformer): 172
[2026-04-08 15:10:51]   Filtered (pos_encoder): 0
[2026-04-08 15:10:51]   Keys to load:           7
[2026-04-08 15:10:51]   Missing keys:           4
[2026-04-08 15:10:51]   Unexpected keys:        0
[2026-04-08 15:10:51]   Missing preview:        ['spatial_conv.1.weight', 'spatial_conv.1.bias', 'final_layer.1.weight', 'final_layer.1.bias']
[2026-04-08 15:10:51]   Unexpected preview:     []
[2026-04-08 15:11:14]   Fold 5/5 | best_epoch=1869 | stop=1919 | val_loss=0.1228 | acc=1.0000 | bal_acc=1.0000
[2026-04-08 15:11:14]   Subject 52 summary: acc=0.9700±0.0245  bal_acc=0.9700±0.0245

[2026-04-08 15:11:14] Subject 53: 100 windows | class_counts=[25, 25, 25, 25]
[2026-04-08 15:11:14]   Fold 1 class counts: train=[16, 16, 16, 16] val=[4, 4, 4, 4] test=[5, 5, 5, 5]
[2026-04-08 15:11:14]   Fold 2 class counts: train=[16, 16, 16, 16] val=[4, 4, 4, 4] test=[5, 5, 5, 5]
[2026-04-08 15:11:14]   Fold 3 class counts: train=[16, 16, 16, 16] val=[4, 4, 4, 4] test=[5, 5, 5, 5]
[2026-04-08 15:11:14]   Fold 4 class counts: train=[16, 16, 16, 16] val=[4, 4, 4, 4] test=[5, 5, 5, 5]
[2026-04-08 15:11:14]   Fold 5 class counts: train=[16, 16, 16, 16] val=[4, 4, 4, 4] test=[5, 5, 5, 5]
[2026-04-08 15:11:14]     Train class counts: [16, 16, 16, 16]
[2026-04-08 15:11:14]     Val class counts:   [4, 4, 4, 4]
[2026-04-08 15:11:14]     Test class counts:  [5, 5, 5, 5]
[2026-04-08 15:11:14] Building model with input window duration: 4.1875 s
[2026-04-08 15:11:14] Pretrained weight loading:
[2026-04-08 15:11:14]   Downloaded keys:        179
[2026-04-08 15:11:14]   Filtered (transformer): 172
[2026-04-08 15:11:14]   Filtered (pos_encoder): 0
[2026-04-08 15:11:14]   Keys to load:           7
[2026-04-08 15:11:14]   Missing keys:           4
[2026-04-08 15:11:14]   Unexpected keys:        0
[2026-04-08 15:11:14]   Missing preview:        ['spatial_conv.1.weight', 'spatial_conv.1.bias', 'final_layer.1.weight', 'final_layer.1.bias']
[2026-04-08 15:11:14]   Unexpected preview:     []
[2026-04-08 15:11:29]   Fold 1/5 | best_epoch=1141 | stop=1191 | val_loss=0.1396 | acc=1.0000 | bal_acc=1.0000
[2026-04-08 15:11:29]     Train class counts: [16, 16, 16, 16]
[2026-04-08 15:11:29]     Val class counts:   [4, 4, 4, 4]
[2026-04-08 15:11:29]     Test class counts:  [5, 5, 5, 5]
[2026-04-08 15:11:29] Building model with input window duration: 4.1875 s
[2026-04-08 15:11:29] Pretrained weight loading:
[2026-04-08 15:11:29]   Downloaded keys:        179
[2026-04-08 15:11:29]   Filtered (transformer): 172
[2026-04-08 15:11:29]   Filtered (pos_encoder): 0
[2026-04-08 15:11:29]   Keys to load:           7
[2026-04-08 15:11:29]   Missing keys:           4
[2026-04-08 15:11:29]   Unexpected keys:        0
[2026-04-08 15:11:29]   Missing preview:        ['spatial_conv.1.weight', 'spatial_conv.1.bias', 'final_layer.1.weight', 'final_layer.1.bias']
[2026-04-08 15:11:29]   Unexpected preview:     []
[2026-04-08 15:12:31]   Fold 2/5 | best_epoch=4991 | stop=5000 | val_loss=0.0005 | acc=1.0000 | bal_acc=1.0000
[2026-04-08 15:12:31]     Train class counts: [16, 16, 16, 16]
[2026-04-08 15:12:31]     Val class counts:   [4, 4, 4, 4]
[2026-04-08 15:12:31]     Test class counts:  [5, 5, 5, 5]
[2026-04-08 15:12:31] Building model with input window duration: 4.1875 s
[2026-04-08 15:12:31] Pretrained weight loading:
[2026-04-08 15:12:31]   Downloaded keys:        179
[2026-04-08 15:12:31]   Filtered (transformer): 172
[2026-04-08 15:12:31]   Filtered (pos_encoder): 0
[2026-04-08 15:12:31]   Keys to load:           7
[2026-04-08 15:12:31]   Missing keys:           4
[2026-04-08 15:12:31]   Unexpected keys:        0
[2026-04-08 15:12:31]   Missing preview:        ['spatial_conv.1.weight', 'spatial_conv.1.bias', 'final_layer.1.weight', 'final_layer.1.bias']
[2026-04-08 15:12:31]   Unexpected preview:     []
[2026-04-08 15:13:29]   Fold 3/5 | best_epoch=4535 | stop=4585 | val_loss=0.0039 | acc=1.0000 | bal_acc=1.0000
[2026-04-08 15:13:29]     Train class counts: [16, 16, 16, 16]
[2026-04-08 15:13:29]     Val class counts:   [4, 4, 4, 4]
[2026-04-08 15:13:29]     Test class counts:  [5, 5, 5, 5]
[2026-04-08 15:13:29] Building model with input window duration: 4.1875 s
[2026-04-08 15:13:29] Pretrained weight loading:
[2026-04-08 15:13:29]   Downloaded keys:        179
[2026-04-08 15:13:29]   Filtered (transformer): 172
[2026-04-08 15:13:29]   Filtered (pos_encoder): 0
[2026-04-08 15:13:29]   Keys to load:           7
[2026-04-08 15:13:29]   Missing keys:           4
[2026-04-08 15:13:29]   Unexpected keys:        0
[2026-04-08 15:13:29]   Missing preview:        ['spatial_conv.1.weight', 'spatial_conv.1.bias', 'final_layer.1.weight', 'final_layer.1.bias']
[2026-04-08 15:13:29]   Unexpected preview:     []
[2026-04-08 15:13:39]   Fold 4/5 | best_epoch=780 | stop=830 | val_loss=0.3218 | acc=1.0000 | bal_acc=1.0000
[2026-04-08 15:13:39]     Train class counts: [16, 16, 16, 16]
[2026-04-08 15:13:39]     Val class counts:   [4, 4, 4, 4]
[2026-04-08 15:13:39]     Test class counts:  [5, 5, 5, 5]
[2026-04-08 15:13:39] Building model with input window duration: 4.1875 s
[2026-04-08 15:13:39] Pretrained weight loading:
[2026-04-08 15:13:39]   Downloaded keys:        179
[2026-04-08 15:13:39]   Filtered (transformer): 172
[2026-04-08 15:13:39]   Filtered (pos_encoder): 0
[2026-04-08 15:13:39]   Keys to load:           7
[2026-04-08 15:13:39]   Missing keys:           4
[2026-04-08 15:13:39]   Unexpected keys:        0
[2026-04-08 15:13:39]   Missing preview:        ['spatial_conv.1.weight', 'spatial_conv.1.bias', 'final_layer.1.weight', 'final_layer.1.bias']
[2026-04-08 15:13:39]   Unexpected preview:     []
[2026-04-08 15:14:41]   Fold 5/5 | best_epoch=4997 | stop=5000 | val_loss=0.0003 | acc=1.0000 | bal_acc=1.0000
[2026-04-08 15:14:41]   Subject 53 summary: acc=1.0000±0.0000  bal_acc=1.0000±0.0000

[2026-04-08 15:14:41] Subject 54: 100 windows | class_counts=[25, 25, 25, 25]
[2026-04-08 15:14:41]   Fold 1 class counts: train=[16, 16, 16, 16] val=[4, 4, 4, 4] test=[5, 5, 5, 5]
[2026-04-08 15:14:41]   Fold 2 class counts: train=[16, 16, 16, 16] val=[4, 4, 4, 4] test=[5, 5, 5, 5]
[2026-04-08 15:14:41]   Fold 3 class counts: train=[16, 16, 16, 16] val=[4, 4, 4, 4] test=[5, 5, 5, 5]
[2026-04-08 15:14:41]   Fold 4 class counts: train=[16, 16, 16, 16] val=[4, 4, 4, 4] test=[5, 5, 5, 5]
[2026-04-08 15:14:41]   Fold 5 class counts: train=[16, 16, 16, 16] val=[4, 4, 4, 4] test=[5, 5, 5, 5]
[2026-04-08 15:14:41]     Train class counts: [16, 16, 16, 16]
[2026-04-08 15:14:41]     Val class counts:   [4, 4, 4, 4]
[2026-04-08 15:14:41]     Test class counts:  [5, 5, 5, 5]
[2026-04-08 15:14:41] Building model with input window duration: 4.1875 s
[2026-04-08 15:14:41] Pretrained weight loading:
[2026-04-08 15:14:41]   Downloaded keys:        179
[2026-04-08 15:14:41]   Filtered (transformer): 172
[2026-04-08 15:14:41]   Filtered (pos_encoder): 0
[2026-04-08 15:14:41]   Keys to load:           7
[2026-04-08 15:14:41]   Missing keys:           4
[2026-04-08 15:14:41]   Unexpected keys:        0
[2026-04-08 15:14:41]   Missing preview:        ['spatial_conv.1.weight', 'spatial_conv.1.bias', 'final_layer.1.weight', 'final_layer.1.bias']
[2026-04-08 15:14:41]   Unexpected preview:     []
[2026-04-08 15:15:04]   Fold 1/5 | best_epoch=1805 | stop=1855 | val_loss=0.1870 | acc=0.8500 | bal_acc=0.8500
[2026-04-08 15:15:04]     Train class counts: [16, 16, 16, 16]
[2026-04-08 15:15:04]     Val class counts:   [4, 4, 4, 4]
[2026-04-08 15:15:04]     Test class counts:  [5, 5, 5, 5]
[2026-04-08 15:15:04] Building model with input window duration: 4.1875 s
[2026-04-08 15:15:04] Pretrained weight loading:
[2026-04-08 15:15:04]   Downloaded keys:        179
[2026-04-08 15:15:04]   Filtered (transformer): 172
[2026-04-08 15:15:04]   Filtered (pos_encoder): 0
[2026-04-08 15:15:04]   Keys to load:           7
[2026-04-08 15:15:04]   Missing keys:           4
[2026-04-08 15:15:04]   Unexpected keys:        0
[2026-04-08 15:15:04]   Missing preview:        ['spatial_conv.1.weight', 'spatial_conv.1.bias', 'final_layer.1.weight', 'final_layer.1.bias']
[2026-04-08 15:15:04]   Unexpected preview:     []
[2026-04-08 15:15:13]   Fold 2/5 | best_epoch=743 | stop=793 | val_loss=0.6022 | acc=0.8000 | bal_acc=0.8000
[2026-04-08 15:15:13]     Train class counts: [16, 16, 16, 16]
[2026-04-08 15:15:13]     Val class counts:   [4, 4, 4, 4]
[2026-04-08 15:15:13]     Test class counts:  [5, 5, 5, 5]
[2026-04-08 15:15:13] Building model with input window duration: 4.1875 s
[2026-04-08 15:15:13] Pretrained weight loading:
[2026-04-08 15:15:13]   Downloaded keys:        179
[2026-04-08 15:15:13]   Filtered (transformer): 172
[2026-04-08 15:15:13]   Filtered (pos_encoder): 0
[2026-04-08 15:15:13]   Keys to load:           7
[2026-04-08 15:15:13]   Missing keys:           4
[2026-04-08 15:15:13]   Unexpected keys:        0
[2026-04-08 15:15:13]   Missing preview:        ['spatial_conv.1.weight', 'spatial_conv.1.bias', 'final_layer.1.weight', 'final_layer.1.bias']
[2026-04-08 15:15:13]   Unexpected preview:     []
[2026-04-08 15:15:29]   Fold 3/5 | best_epoch=1258 | stop=1308 | val_loss=0.3604 | acc=0.9000 | bal_acc=0.9000
[2026-04-08 15:15:29]     Train class counts: [16, 16, 16, 16]
[2026-04-08 15:15:29]     Val class counts:   [4, 4, 4, 4]
[2026-04-08 15:15:29]     Test class counts:  [5, 5, 5, 5]
[2026-04-08 15:15:29] Building model with input window duration: 4.1875 s
[2026-04-08 15:15:29] Pretrained weight loading:
[2026-04-08 15:15:29]   Downloaded keys:        179
[2026-04-08 15:15:29]   Filtered (transformer): 172
[2026-04-08 15:15:29]   Filtered (pos_encoder): 0
[2026-04-08 15:15:29]   Keys to load:           7
[2026-04-08 15:15:29]   Missing keys:           4
[2026-04-08 15:15:29]   Unexpected keys:        0
[2026-04-08 15:15:29]   Missing preview:        ['spatial_conv.1.weight', 'spatial_conv.1.bias', 'final_layer.1.weight', 'final_layer.1.bias']
[2026-04-08 15:15:29]   Unexpected preview:     []
[2026-04-08 15:15:41]   Fold 4/5 | best_epoch=944 | stop=994 | val_loss=0.5691 | acc=0.7500 | bal_acc=0.7500
[2026-04-08 15:15:41]     Train class counts: [16, 16, 16, 16]
[2026-04-08 15:15:41]     Val class counts:   [4, 4, 4, 4]
[2026-04-08 15:15:41]     Test class counts:  [5, 5, 5, 5]
[2026-04-08 15:15:41] Building model with input window duration: 4.1875 s
[2026-04-08 15:15:41] Pretrained weight loading:
[2026-04-08 15:15:41]   Downloaded keys:        179
[2026-04-08 15:15:41]   Filtered (transformer): 172
[2026-04-08 15:15:41]   Filtered (pos_encoder): 0
[2026-04-08 15:15:41]   Keys to load:           7
[2026-04-08 15:15:41]   Missing keys:           4
[2026-04-08 15:15:41]   Unexpected keys:        0
[2026-04-08 15:15:41]   Missing preview:        ['spatial_conv.1.weight', 'spatial_conv.1.bias', 'final_layer.1.weight', 'final_layer.1.bias']
[2026-04-08 15:15:41]   Unexpected preview:     []
[2026-04-08 15:15:50]   Fold 5/5 | best_epoch=657 | stop=676 | val_loss=0.7329 | acc=0.9000 | bal_acc=0.9000
[2026-04-08 15:15:50]   Subject 54 summary: acc=0.8400±0.0583  bal_acc=0.8400±0.0583

[2026-04-08 15:15:50] Total folds completed: 35
[2026-04-08 15:15:50] ======================================================================
[2026-04-08 15:15:50] AGGREGATED RESULTS
[2026-04-08 15:15:50] ======================================================================
[2026-04-08 15:15:50]   Subject 48:  acc=0.9700±0.0245  bal_acc=0.9700±0.0245
[2026-04-08 15:15:50]   Subject 49:  acc=0.9400±0.0490  bal_acc=0.9400±0.0490
[2026-04-08 15:15:50]   Subject 50:  acc=0.9900±0.0200  bal_acc=0.9900±0.0200
[2026-04-08 15:15:50]   Subject 51:  acc=0.3800±0.0980  bal_acc=0.3800±0.0980
[2026-04-08 15:15:50]   Subject 52:  acc=0.9700±0.0245  bal_acc=0.9700±0.0245
[2026-04-08 15:15:50]   Subject 53:  acc=1.0000±0.0000  bal_acc=1.0000±0.0000
[2026-04-08 15:15:50]   Subject 54:  acc=0.8400±0.0583  bal_acc=0.8400±0.0583
[2026-04-08 15:15:50] ----------------------------------------------------------------------
[2026-04-08 15:15:50]   OVERALL:      acc=0.8700±0.2119  bal_acc=0.8700±0.2119
[2026-04-08 15:15:50] ======================================================================
[2026-04-08 15:15:50] CV results saved to:      /home/vegorov/Repos/eeg_jepa_research/artifacts/lee-2019-fine-tuning/SSVEP/20260408_1457_89f91aac/cv_results.json
[2026-04-08 15:15:50] Subject metrics saved to: /home/vegorov/Repos/eeg_jepa_research/artifacts/lee-2019-fine-tuning/SSVEP/20260408_1457_89f91aac/subject_metrics.json
[2026-04-08 15:15:50] Global metrics saved to:  /home/vegorov/Repos/eeg_jepa_research/artifacts/lee-2019-fine-tuning/SSVEP/20260408_1457_89f91aac/global_metrics.json
[2026-04-08 15:15:50] Run metadata saved to:    /home/vegorov/Repos/eeg_jepa_research/artifacts/lee-2019-fine-tuning/SSVEP/20260408_1457_89f91aac/run_metadata.json

[2026-04-08 15:15:50] All artifacts in: /home/vegorov/Repos/eeg_jepa_research/artifacts/lee-2019-fine-tuning/SSVEP/20260408_1457_89f91aac

[2026-04-08 15:15:50] ======================================================================
[2026-04-08 15:15:50] EXPERIMENT SUMMARY
[2026-04-08 15:15:50] ======================================================================
[2026-04-08 15:15:50] Run ID:    20260408_1457_89f91aac
[2026-04-08 15:15:50] Artifacts: /home/vegorov/Repos/eeg_jepa_research/artifacts/lee-2019-fine-tuning/SSVEP/20260408_1457_89f91aac

[2026-04-08 15:15:50] Configuration:
[2026-04-08 15:15:50]   Subjects:          [48, 49, 50, 51, 52, 53, 54]
[2026-04-08 15:15:50]   Bandpass:          0.5-40.0 Hz
[2026-04-08 15:15:50]   Resample:          128 Hz
[2026-04-08 15:15:50]   CV folds:          5
[2026-04-08 15:15:50]   Learning rate:     0.001
[2026-04-08 15:15:50]   Batch size:        16
[2026-04-08 15:15:50]   Max epochs:        5000

[2026-04-08 15:15:50] Results:
[2026-04-08 15:15:50]   Mean Accuracy:          0.8700 ± 0.2119
[2026-04-08 15:15:50]   Mean Balanced Accuracy: 0.8700 ± 0.2119
