[2026-04-02 14:07:58] Using device: cpu
[2026-04-02 14:07:58] Seed control enabled: True
[2026-04-02 14:07:58] Base seed: 42
[2026-04-02 14:07:59] Seed initialized: 42
[2026-04-02 14:07:59] ======================================================================
[2026-04-02 14:07:59] CONFIGURATION
[2026-04-02 14:07:59] ======================================================================
[2026-04-02 14:07:59]   artifact_dir: /home/vegorov/Repos/eeg_jepa_research/artifacts/lee-2019-fine-tuning
[2026-04-02 14:07:59]   bandpass_high: 40.0
[2026-04-02 14:07:59]   bandpass_low: 0.5
[2026-04-02 14:07:59]   batch_size: 32
[2026-04-02 14:07:59]   convert_to_uV: True
[2026-04-02 14:07:59]   cv_folds: 5
[2026-04-02 14:07:59]   device: auto
[2026-04-02 14:07:59]   early_stopping_patience: 50
[2026-04-02 14:07:59]   learning_rate: None
[2026-04-02 14:07:59]   n_epochs: 5000
[2026-04-02 14:07:59]   normalization_method: None
[2026-04-02 14:07:59]   normalize: False
[2026-04-02 14:07:59]   paradigm: SSVEP
[2026-04-02 14:07:59]   pretrained_url: https://huggingface.co/braindecode/SignalJEPA/resolve/main/signal-jepa_16s-60_adeuwv4s.pth
[2026-04-02 14:07:59]   seed: 42
[2026-04-02 14:07:59]   set_seed: True
[2026-04-02 14:07:59]   sfreq: 128
[2026-04-02 14:07:59]   subjects_to_use: None
[2026-04-02 14:07:59]   val_split: 0.2
[2026-04-02 14:07:59] ======================================================================
[2026-04-02 14:07:59] Config saved to: /home/vegorov/Repos/eeg_jepa_research/artifacts/lee-2019-fine-tuning/SSVEP/20260402_1407_bcdcc018/config.json
[2026-04-02 14:07:59] Epoch window configuration:
[2026-04-02 14:07:59]   Target sfreq:                128 Hz
[2026-04-02 14:07:59]   Target duration:             4.190000 s
[2026-04-02 14:07:59]   Window samples (rounded):    536
[2026-04-02 14:07:59]   Base trial samples (4.0 s):  512
[2026-04-02 14:07:59]   Trial stop offset samples:   24
[2026-04-02 14:07:59]   Effective window duration:   4.187500 s
[2026-04-02 14:07:59] Dataset code: Lee2019-SSVEP
[2026-04-02 14:07:59] Subjects Total: 54
[2026-04-02 14:07:59] Events: {'12.0': 1, '8.57': 2, '6.67': 3, '5.45': 4}
[2026-04-02 14:07:59] Interval: [0.0, 4.0]
[2026-04-02 14:07:59] Paradigm: ssvep
[2026-04-02 14:07:59] Selected subjects: [48, 49, 50, 51, 52, 53, 54]
[2026-04-02 14:07:59] Expected evaluation folds: 35

[2026-04-02 14:07:59] Building MOABBDataset for Lee2019_SSVEP...
[2026-04-02 14:09:00] MOABBDataset recordings loaded: 7
[2026-04-02 14:09:00] Discovered annotation descriptions (first recording): [np.str_('12.0'), np.str_('5.45'), np.str_('6.67'), np.str_('8.57')]
[2026-04-02 14:09:00] Dataset event_id mapping: {'12.0': 1, '8.57': 2, '6.67': 3, '5.45': 4}
[2026-04-02 14:09:00] Label map (event_code -> class_index): {1: 0, 2: 1, 3: 2, 4: 3}
[2026-04-02 14:09:00] Applying Braindecode preprocessors to MOABBDataset...
[2026-04-02 14:09:21] Preprocessing complete.

[2026-04-02 14:09:21] Post-preprocessing validation
[2026-04-02 14:09:21]   Recordings in DATASET: 7
[2026-04-02 14:09:21]   Unique subject IDs:    ['48', '49', '50', '51', '52', '53', '54']
[2026-04-02 14:09:21]   sfreq (first rec):     128.0 Hz
[2026-04-02 14:09:21]   EEG channel count:     62
[2026-04-02 14:09:21]   First 10 channels:     ['Fp1', 'Fp2', 'F7', 'F3', 'Fz', 'F4', 'F8', 'FC5', 'FC1', 'FC2']
[2026-04-02 14:09:21] Channel consistency summary:
[2026-04-02 14:09:21]   Checked runs: 7
[2026-04-02 14:09:21]   Unique channel counts: [62]
[2026-04-02 14:09:21]   Channel order consistent: True
[2026-04-02 14:09:21] Validated EEG channels: 62
[2026-04-02 14:09:21] First 10 EEG channels: ['Fp1', 'Fp2', 'F7', 'F3', 'Fz', 'F4', 'F8', 'FC5', 'FC1', 'FC2']
[2026-04-02 14:09:21] raw mean_abs=6.566995e+00
[2026-04-02 14:09:21] raw std=1.148469e+01
[2026-04-02 14:09:21] raw first5 channel std= [25.05396238 36.02502646  9.59456342  7.25560171  7.19880537]
[2026-04-02 14:09:21] Requested window samples: 536
[2026-04-02 14:09:21] Base trial samples:       512
[2026-04-02 14:09:21] Stop offset samples:      24
[2026-04-02 14:09:21] Global class counts: [175, 175, 175, 175]
[2026-04-02 14:09:21] Chance level (4-class): 0.25
[2026-04-02 14:09:21] One window shape: (62, 536)
[2026-04-02 14:09:21] One window label: 1
[2026-04-02 14:09:21] Window sample length expected=536, got=536
[2026-04-02 14:09:21] Subjects in window split: [48, 49, 50, 51, 52, 53, 54]
[2026-04-02 14:09:21] Summarizing per-subject windows...
[2026-04-02 14:09:21]   Subject 48: n_windows=100, window_shape=(62, 536), class_counts=[25, 25, 25, 25]
[2026-04-02 14:09:21]   Subject 49: n_windows=100, window_shape=(62, 536), class_counts=[25, 25, 25, 25]
[2026-04-02 14:09:21]   Subject 50: n_windows=100, window_shape=(62, 536), class_counts=[25, 25, 25, 25]
[2026-04-02 14:09:21]   Subject 51: n_windows=100, window_shape=(62, 536), class_counts=[25, 25, 25, 25]
[2026-04-02 14:09:21]   Subject 52: n_windows=100, window_shape=(62, 536), class_counts=[25, 25, 25, 25]
[2026-04-02 14:09:21]   Subject 53: n_windows=100, window_shape=(62, 536), class_counts=[25, 25, 25, 25]
[2026-04-02 14:09:21]   Subject 54: n_windows=100, window_shape=(62, 536), class_counts=[25, 25, 25, 25]
[2026-04-02 14:09:21]    subject_id  n_windows  n_channels  n_times      class_counts
0          48        100          62      536  [25, 25, 25, 25]
1          49        100          62      536  [25, 25, 25, 25]
2          50        100          62      536  [25, 25, 25, 25]
3          51        100          62      536  [25, 25, 25, 25]
4          52        100          62      536  [25, 25, 25, 25]
5          53        100          62      536  [25, 25, 25, 25]
6          54        100          62      536  [25, 25, 25, 25]
[2026-04-02 14:09:21] Window validation summary:
[2026-04-02 14:09:21]   Subject 48: n_windows=100 class_counts=[25, 25, 25, 25]
[2026-04-02 14:09:21]   Subject 49: n_windows=100 class_counts=[25, 25, 25, 25]
[2026-04-02 14:09:21]   Subject 50: n_windows=100 class_counts=[25, 25, 25, 25]
[2026-04-02 14:09:21]   Subject 51: n_windows=100 class_counts=[25, 25, 25, 25]
[2026-04-02 14:09:21]   Subject 52: n_windows=100 class_counts=[25, 25, 25, 25]
[2026-04-02 14:09:21]   Subject 53: n_windows=100 class_counts=[25, 25, 25, 25]
[2026-04-02 14:09:21]   Subject 54: n_windows=100 class_counts=[25, 25, 25, 25]

[2026-04-02 14:09:21] Validated sampling rate target: 128 Hz
[2026-04-02 14:09:21] Validated window sample count:   536
[2026-04-02 14:09:21] Validated window duration:       4.1875 s
[2026-04-02 14:09:21] Validated channel count:         62
[2026-04-02 14:09:21] Total windows retained:          700
[2026-04-02 14:09:21] Preprocessing sanity checks:
[2026-04-02 14:09:21]   One sample label: 1
[2026-04-02 14:09:21]   One sample shape: (62, 536)
[2026-04-02 14:09:21]   Mean(abs(signal)): 3.430332e+00
[2026-04-02 14:09:21]   Mean(signal):      7.346552e-09
[2026-04-02 14:09:21]   Std(signal):       4.442559e+00
[2026-04-02 14:09:21] Building model with input window duration: 4.1875 s
[2026-04-02 14:09:21] SignalJEPA_PreLocal instantiated successfully.
[2026-04-02 14:09:21]   Total parameters:     18,192
[2026-04-02 14:09:21]   Trainable parameters: 18,192
[2026-04-02 14:09:21] ======================================================================================================================================================
Layer (type (var_name):depth-idx)                  Input Shape               Output Shape              Param #                   Kernel Shape
======================================================================================================================================================
SignalJEPA_PreLocal (SignalJEPA_PreLocal)          [1, 62, 536]              [1, 4]                    --                        --
├─Sequential (spatial_conv): 1-1                   [1, 62, 536]              [1, 4, 536]               --                        --
│    └─Rearrange (0): 2-1                          [1, 62, 536]              [1, 1, 62, 536]           --                        --
│    └─Conv2d (1): 2-2                             [1, 1, 62, 536]           [1, 4, 1, 536]            252                       [62, 1]
│    └─Rearrange (2): 2-3                          [1, 4, 1, 536]            [1, 4, 536]               --                        --
├─_ConvFeatureEncoder (feature_encoder): 1-2       [1, 4, 536]               [1, 16, 64]               --                        --
│    └─Rearrange (0): 2-4                          [1, 4, 536]               [4, 1, 536]               --                        --
│    └─Sequential (1): 2-5                         [4, 1, 536]               [4, 8, 64]                --                        --
│    │    └─Conv1d (0): 3-1                        [4, 1, 536]               [4, 8, 64]                256                       [32]
│    │    └─Dropout (1): 3-2                       [4, 8, 64]                [4, 8, 64]                --                        --
│    │    └─GroupNorm (2): 3-3                     [4, 8, 64]                [4, 8, 64]                16                        --
│    │    └─GELU (3): 3-4                          [4, 8, 64]                [4, 8, 64]                --                        --
│    └─Sequential (2): 2-6                         [4, 8, 64]                [4, 16, 32]               --                        --
│    │    └─Conv1d (0): 3-5                        [4, 8, 64]                [4, 16, 32]               256                       [2]
│    │    └─Dropout (1): 3-6                       [4, 16, 32]               [4, 16, 32]               --                        --
│    │    └─GELU (2): 3-7                          [4, 16, 32]               [4, 16, 32]               --                        --
│    └─Sequential (3): 2-7                         [4, 16, 32]               [4, 32, 16]               --                        --
│    │    └─Conv1d (0): 3-8                        [4, 16, 32]               [4, 32, 16]               1,024                     [2]
│    │    └─Dropout (1): 3-9                       [4, 32, 16]               [4, 32, 16]               --                        --
│    │    └─GELU (2): 3-10                         [4, 32, 16]               [4, 32, 16]               --                        --
│    └─Sequential (4): 2-8                         [4, 32, 16]               [4, 64, 8]                --                        --
│    │    └─Conv1d (0): 3-11                       [4, 32, 16]               [4, 64, 8]                4,096                     [2]
│    │    └─Dropout (1): 3-12                      [4, 64, 8]                [4, 64, 8]                --                        --
│    │    └─GELU (2): 3-13                         [4, 64, 8]                [4, 64, 8]                --                        --
│    └─Sequential (5): 2-9                         [4, 64, 8]                [4, 64, 4]                --                        --
│    │    └─Conv1d (0): 3-14                       [4, 64, 8]                [4, 64, 4]                8,192                     [2]
│    │    └─Dropout (1): 3-15                      [4, 64, 4]                [4, 64, 4]                --                        --
│    │    └─GELU (2): 3-16                         [4, 64, 4]                [4, 64, 4]                --                        --
│    └─Rearrange (6): 2-10                         [4, 64, 4]                [1, 16, 64]               --                        --
├─Sequential (final_layer): 1-3                    [1, 16, 64]               [1, 4]                    --                        --
│    └─Flatten (0): 2-11                           [1, 16, 64]               [1, 1024]                 --                        --
│    └─Linear (1): 2-12                            [1, 1024]                 [1, 4]                    4,100                     --
======================================================================================================================================================
Total params: 18,192
Trainable params: 18,192
Non-trainable params: 0
Total mult-adds (Units.MEGABYTES): 0.57
======================================================================================================================================================
Input size (MB): 0.13
Forward/backward pass size (MB): 0.11
Params size (MB): 0.07
Estimated Total Size (MB): 0.31
======================================================================================================================================================
[2026-04-02 14:09:21] Initializing from 16s-60 pretrained checkpoint (Hugging Face):
[2026-04-02 14:09:21]   https://huggingface.co/braindecode/SignalJEPA/resolve/main/signal-jepa_16s-60_adeuwv4s.pth
[2026-04-02 14:09:21]   Downloaded 179 keys
[2026-04-02 14:09:21] ======================================================================
[2026-04-02 14:09:21] STARTING CROSS-VALIDATION
[2026-04-02 14:09:21] ======================================================================
[2026-04-02 14:09:21] Subjects:      [48, 49, 50, 51, 52, 53, 54]
[2026-04-02 14:09:21] CV folds:      5
[2026-04-02 14:09:21] Batch size:    32
[2026-04-02 14:09:21] Max epochs:    5000
[2026-04-02 14:09:21] Device:        cpu
[2026-04-02 14:09:21] Seed control:  True
[2026-04-02 14:09:21] Base seed:     42
[2026-04-02 14:09:21] ======================================================================

[2026-04-02 14:09:21] Subject 48: 100 windows class_counts=[25, 25, 25, 25]
[2026-04-02 14:09:21]   Fold 1 split seed: 43
[2026-04-02 14:09:21]   Fold 1 split class counts:
[2026-04-02 14:09:21]     train=[16, 16, 16, 16] val=[4, 4, 4, 4] test=[5, 5, 5, 5]
[2026-04-02 14:09:21]   Fold 2 split seed: 44
[2026-04-02 14:09:21]   Fold 2 split class counts:
[2026-04-02 14:09:21]     train=[16, 16, 16, 16] val=[4, 4, 4, 4] test=[5, 5, 5, 5]
[2026-04-02 14:09:21]   Fold 3 split seed: 45
[2026-04-02 14:09:21]   Fold 3 split class counts:
[2026-04-02 14:09:21]     train=[16, 16, 16, 16] val=[4, 4, 4, 4] test=[5, 5, 5, 5]
[2026-04-02 14:09:21]   Fold 4 split seed: 46
[2026-04-02 14:09:21]   Fold 4 split class counts:
[2026-04-02 14:09:21]     train=[16, 16, 16, 16] val=[4, 4, 4, 4] test=[5, 5, 5, 5]
[2026-04-02 14:09:21]   Fold 5 split seed: 47
[2026-04-02 14:09:21]   Fold 5 split class counts:
[2026-04-02 14:09:21]     train=[16, 16, 16, 16] val=[4, 4, 4, 4] test=[5, 5, 5, 5]
[2026-04-02 14:09:21]   Subject 48 Fold 1 seed: 4843
[2026-04-02 14:09:21]   Subject 48 Fold 1: n_train=64 n_val=16 n_test=20
[2026-04-02 14:09:21]     Train class counts: [16, 16, 16, 16]
[2026-04-02 14:09:21]     Val class counts:   [4, 4, 4, 4]
[2026-04-02 14:09:21]     Test class counts:  [5, 5, 5, 5]
[2026-04-02 14:09:21] Building model with input window duration: 4.1875 s
[2026-04-02 14:09:21] Pretrained weight loading:
[2026-04-02 14:09:21]   Downloaded keys:        179
[2026-04-02 14:09:21]   Filtered (transformer): 172
[2026-04-02 14:09:21]   Filtered (pos_encoder): 0
[2026-04-02 14:09:21]   Keys to load:           7
[2026-04-02 14:09:21]   Missing keys:           4
[2026-04-02 14:09:21]   Unexpected keys:        0
[2026-04-02 14:09:21]   Missing preview:        ['spatial_conv.1.weight', 'spatial_conv.1.bias', 'final_layer.1.weight', 'final_layer.1.bias']
[2026-04-02 14:09:21]   Unexpected preview:     []
[2026-04-02 14:09:21] Encoder freeze configuration:
[2026-04-02 14:09:21]   Total parameters:        18,192
[2026-04-02 14:09:21]   Trainable parameters:    4,352
[2026-04-02 14:09:21]   Training percentage:     23.9%
[2026-04-02 14:09:21]   Trainable layers: 4
[2026-04-02 14:09:21]     - final_layer.1.bias
[2026-04-02 14:09:21]     - final_layer.1.weight
[2026-04-02 14:09:21]     - spatial_conv.1.bias
[2026-04-02 14:09:21]     - spatial_conv.1.weight
[2026-04-02 14:09:21]     Train generator seeded: True
[2026-04-02 14:09:45]     Stopped epoch:            2520
[2026-04-02 14:09:45]     Best epoch (valid_loss):  2470
[2026-04-02 14:09:45]     Best valid_loss:          0.01472224947065115
[2026-04-02 14:09:45]     Test accuracy (primary):  1.0000
[2026-04-02 14:09:45]     Test balanced acc:        1.0000
[2026-04-02 14:09:45]     Confusion matrix:         [[5, 0, 0, 0], [0, 5, 0, 0], [0, 0, 5, 0], [0, 0, 0, 5]]
[2026-04-02 14:09:45]     Prediction histogram:     [5, 5, 5, 5]
[2026-04-02 14:09:45]     fold_acc=1.0000 fold_bal_acc=1.0000 cm=[[5, 0, 0, 0], [0, 5, 0, 0], [0, 0, 5, 0], [0, 0, 0, 5]]
[2026-04-02 14:09:45]   Subject 48 Fold 2 seed: 4844
[2026-04-02 14:09:45]   Subject 48 Fold 2: n_train=64 n_val=16 n_test=20
[2026-04-02 14:09:45]     Train class counts: [16, 16, 16, 16]
[2026-04-02 14:09:45]     Val class counts:   [4, 4, 4, 4]
[2026-04-02 14:09:45]     Test class counts:  [5, 5, 5, 5]
[2026-04-02 14:09:45] Building model with input window duration: 4.1875 s
[2026-04-02 14:09:45] Pretrained weight loading:
[2026-04-02 14:09:45]   Downloaded keys:        179
[2026-04-02 14:09:45]   Filtered (transformer): 172
[2026-04-02 14:09:45]   Filtered (pos_encoder): 0
[2026-04-02 14:09:45]   Keys to load:           7
[2026-04-02 14:09:45]   Missing keys:           4
[2026-04-02 14:09:45]   Unexpected keys:        0
[2026-04-02 14:09:45]   Missing preview:        ['spatial_conv.1.weight', 'spatial_conv.1.bias', 'final_layer.1.weight', 'final_layer.1.bias']
[2026-04-02 14:09:45]   Unexpected preview:     []
[2026-04-02 14:09:45] Encoder freeze configuration:
[2026-04-02 14:09:45]   Total parameters:        18,192
[2026-04-02 14:09:45]   Trainable parameters:    4,352
[2026-04-02 14:09:45]   Training percentage:     23.9%
[2026-04-02 14:09:45]   Trainable layers: 4
[2026-04-02 14:09:45]     - final_layer.1.bias
[2026-04-02 14:09:45]     - final_layer.1.weight
[2026-04-02 14:09:45]     - spatial_conv.1.bias
[2026-04-02 14:09:45]     - spatial_conv.1.weight
[2026-04-02 14:09:45]     Train generator seeded: True
[2026-04-02 14:09:47]     Stopped epoch:            193
[2026-04-02 14:09:47]     Best epoch (valid_loss):  143
[2026-04-02 14:09:47]     Best valid_loss:          0.47376811504364014
[2026-04-02 14:09:47]     Test accuracy (primary):  0.9000
[2026-04-02 14:09:47]     Test balanced acc:        0.9000
[2026-04-02 14:09:47]     Confusion matrix:         [[4, 0, 1, 0], [0, 5, 0, 0], [0, 0, 4, 1], [0, 0, 0, 5]]
[2026-04-02 14:09:47]     Prediction histogram:     [4, 5, 5, 6]
[2026-04-02 14:09:47]     fold_acc=0.9000 fold_bal_acc=0.9000 cm=[[4, 0, 1, 0], [0, 5, 0, 0], [0, 0, 4, 1], [0, 0, 0, 5]]
[2026-04-02 14:09:47]   Subject 48 Fold 3 seed: 4845
[2026-04-02 14:09:47]   Subject 48 Fold 3: n_train=64 n_val=16 n_test=20
[2026-04-02 14:09:47]     Train class counts: [16, 16, 16, 16]
[2026-04-02 14:09:47]     Val class counts:   [4, 4, 4, 4]
[2026-04-02 14:09:47]     Test class counts:  [5, 5, 5, 5]
[2026-04-02 14:09:47] Building model with input window duration: 4.1875 s
[2026-04-02 14:09:47] Pretrained weight loading:
[2026-04-02 14:09:47]   Downloaded keys:        179
[2026-04-02 14:09:47]   Filtered (transformer): 172
[2026-04-02 14:09:47]   Filtered (pos_encoder): 0
[2026-04-02 14:09:47]   Keys to load:           7
[2026-04-02 14:09:47]   Missing keys:           4
[2026-04-02 14:09:47]   Unexpected keys:        0
[2026-04-02 14:09:47]   Missing preview:        ['spatial_conv.1.weight', 'spatial_conv.1.bias', 'final_layer.1.weight', 'final_layer.1.bias']
[2026-04-02 14:09:47]   Unexpected preview:     []
[2026-04-02 14:09:47] Encoder freeze configuration:
[2026-04-02 14:09:47]   Total parameters:        18,192
[2026-04-02 14:09:47]   Trainable parameters:    4,352
[2026-04-02 14:09:47]   Training percentage:     23.9%
[2026-04-02 14:09:47]   Trainable layers: 4
[2026-04-02 14:09:47]     - final_layer.1.bias
[2026-04-02 14:09:47]     - final_layer.1.weight
[2026-04-02 14:09:47]     - spatial_conv.1.bias
[2026-04-02 14:09:47]     - spatial_conv.1.weight
[2026-04-02 14:09:47]     Train generator seeded: True
[2026-04-02 14:09:56]     Stopped epoch:            1017
[2026-04-02 14:09:56]     Best epoch (valid_loss):  967
[2026-04-02 14:09:56]     Best valid_loss:          0.18257258832454681
[2026-04-02 14:09:56]     Test accuracy (primary):  1.0000
[2026-04-02 14:09:56]     Test balanced acc:        1.0000
[2026-04-02 14:09:56]     Confusion matrix:         [[5, 0, 0, 0], [0, 5, 0, 0], [0, 0, 5, 0], [0, 0, 0, 5]]
[2026-04-02 14:09:56]     Prediction histogram:     [5, 5, 5, 5]
[2026-04-02 14:09:56]     fold_acc=1.0000 fold_bal_acc=1.0000 cm=[[5, 0, 0, 0], [0, 5, 0, 0], [0, 0, 5, 0], [0, 0, 0, 5]]
[2026-04-02 14:09:56]   Subject 48 Fold 4 seed: 4846
[2026-04-02 14:09:56]   Subject 48 Fold 4: n_train=64 n_val=16 n_test=20
[2026-04-02 14:09:56]     Train class counts: [16, 16, 16, 16]
[2026-04-02 14:09:56]     Val class counts:   [4, 4, 4, 4]
[2026-04-02 14:09:56]     Test class counts:  [5, 5, 5, 5]
[2026-04-02 14:09:56] Building model with input window duration: 4.1875 s
[2026-04-02 14:09:56] Pretrained weight loading:
[2026-04-02 14:09:56]   Downloaded keys:        179
[2026-04-02 14:09:56]   Filtered (transformer): 172
[2026-04-02 14:09:56]   Filtered (pos_encoder): 0
[2026-04-02 14:09:56]   Keys to load:           7
[2026-04-02 14:09:56]   Missing keys:           4
[2026-04-02 14:09:56]   Unexpected keys:        0
[2026-04-02 14:09:56]   Missing preview:        ['spatial_conv.1.weight', 'spatial_conv.1.bias', 'final_layer.1.weight', 'final_layer.1.bias']
[2026-04-02 14:09:56]   Unexpected preview:     []
[2026-04-02 14:09:56] Encoder freeze configuration:
[2026-04-02 14:09:56]   Total parameters:        18,192
[2026-04-02 14:09:56]   Trainable parameters:    4,352
[2026-04-02 14:09:56]   Training percentage:     23.9%
[2026-04-02 14:09:56]   Trainable layers: 4
[2026-04-02 14:09:56]     - final_layer.1.bias
[2026-04-02 14:09:56]     - final_layer.1.weight
[2026-04-02 14:09:56]     - spatial_conv.1.bias
[2026-04-02 14:09:56]     - spatial_conv.1.weight
[2026-04-02 14:09:56]     Train generator seeded: True
[2026-04-02 14:10:18]     Stopped epoch:            2452
[2026-04-02 14:10:18]     Best epoch (valid_loss):  2402
[2026-04-02 14:10:18]     Best valid_loss:          0.04210272803902626
[2026-04-02 14:10:18]     Test accuracy (primary):  1.0000
[2026-04-02 14:10:18]     Test balanced acc:        1.0000
[2026-04-02 14:10:18]     Confusion matrix:         [[5, 0, 0, 0], [0, 5, 0, 0], [0, 0, 5, 0], [0, 0, 0, 5]]
[2026-04-02 14:10:18]     Prediction histogram:     [5, 5, 5, 5]
[2026-04-02 14:10:18]     fold_acc=1.0000 fold_bal_acc=1.0000 cm=[[5, 0, 0, 0], [0, 5, 0, 0], [0, 0, 5, 0], [0, 0, 0, 5]]
[2026-04-02 14:10:18]   Subject 48 Fold 5 seed: 4847
[2026-04-02 14:10:18]   Subject 48 Fold 5: n_train=64 n_val=16 n_test=20
[2026-04-02 14:10:18]     Train class counts: [16, 16, 16, 16]
[2026-04-02 14:10:18]     Val class counts:   [4, 4, 4, 4]
[2026-04-02 14:10:18]     Test class counts:  [5, 5, 5, 5]
[2026-04-02 14:10:18] Building model with input window duration: 4.1875 s
[2026-04-02 14:10:18] Pretrained weight loading:
[2026-04-02 14:10:18]   Downloaded keys:        179
[2026-04-02 14:10:18]   Filtered (transformer): 172
[2026-04-02 14:10:18]   Filtered (pos_encoder): 0
[2026-04-02 14:10:18]   Keys to load:           7
[2026-04-02 14:10:18]   Missing keys:           4
[2026-04-02 14:10:18]   Unexpected keys:        0
[2026-04-02 14:10:18]   Missing preview:        ['spatial_conv.1.weight', 'spatial_conv.1.bias', 'final_layer.1.weight', 'final_layer.1.bias']
[2026-04-02 14:10:18]   Unexpected preview:     []
[2026-04-02 14:10:18] Encoder freeze configuration:
[2026-04-02 14:10:18]   Total parameters:        18,192
[2026-04-02 14:10:18]   Trainable parameters:    4,352
[2026-04-02 14:10:18]   Training percentage:     23.9%
[2026-04-02 14:10:18]   Trainable layers: 4
[2026-04-02 14:10:18]     - final_layer.1.bias
[2026-04-02 14:10:18]     - final_layer.1.weight
[2026-04-02 14:10:18]     - spatial_conv.1.bias
[2026-04-02 14:10:18]     - spatial_conv.1.weight
[2026-04-02 14:10:18]     Train generator seeded: True
[2026-04-02 14:10:32]     Stopped epoch:            1498
[2026-04-02 14:10:32]     Best epoch (valid_loss):  1448
[2026-04-02 14:10:32]     Best valid_loss:          0.10286223143339157
[2026-04-02 14:10:32]     Test accuracy (primary):  0.8500
[2026-04-02 14:10:32]     Test balanced acc:        0.8500
[2026-04-02 14:10:32]     Confusion matrix:         [[4, 1, 0, 0], [0, 4, 0, 1], [0, 0, 5, 0], [0, 0, 1, 4]]
[2026-04-02 14:10:32]     Prediction histogram:     [4, 5, 6, 5]
[2026-04-02 14:10:32]     fold_acc=0.8500 fold_bal_acc=0.8500 cm=[[4, 1, 0, 0], [0, 4, 0, 1], [0, 0, 5, 0], [0, 0, 1, 4]]
[2026-04-02 14:10:32]   Subject 48 mean accuracy: 0.9500

[2026-04-02 14:10:32] Subject 49: 100 windows class_counts=[25, 25, 25, 25]
[2026-04-02 14:10:32]   Fold 1 split seed: 43
[2026-04-02 14:10:32]   Fold 1 split class counts:
[2026-04-02 14:10:32]     train=[16, 16, 16, 16] val=[4, 4, 4, 4] test=[5, 5, 5, 5]
[2026-04-02 14:10:32]   Fold 2 split seed: 44
[2026-04-02 14:10:32]   Fold 2 split class counts:
[2026-04-02 14:10:32]     train=[16, 16, 16, 16] val=[4, 4, 4, 4] test=[5, 5, 5, 5]
[2026-04-02 14:10:32]   Fold 3 split seed: 45
[2026-04-02 14:10:32]   Fold 3 split class counts:
[2026-04-02 14:10:32]     train=[16, 16, 16, 16] val=[4, 4, 4, 4] test=[5, 5, 5, 5]
[2026-04-02 14:10:32]   Fold 4 split seed: 46
[2026-04-02 14:10:32]   Fold 4 split class counts:
[2026-04-02 14:10:32]     train=[16, 16, 16, 16] val=[4, 4, 4, 4] test=[5, 5, 5, 5]
[2026-04-02 14:10:32]   Fold 5 split seed: 47
[2026-04-02 14:10:32]   Fold 5 split class counts:
[2026-04-02 14:10:32]     train=[16, 16, 16, 16] val=[4, 4, 4, 4] test=[5, 5, 5, 5]
[2026-04-02 14:10:32]   Subject 49 Fold 1 seed: 4943
[2026-04-02 14:10:32]   Subject 49 Fold 1: n_train=64 n_val=16 n_test=20
[2026-04-02 14:10:32]     Train class counts: [16, 16, 16, 16]
[2026-04-02 14:10:32]     Val class counts:   [4, 4, 4, 4]
[2026-04-02 14:10:32]     Test class counts:  [5, 5, 5, 5]
[2026-04-02 14:10:32] Building model with input window duration: 4.1875 s
[2026-04-02 14:10:32] Pretrained weight loading:
[2026-04-02 14:10:32]   Downloaded keys:        179
[2026-04-02 14:10:32]   Filtered (transformer): 172
[2026-04-02 14:10:32]   Filtered (pos_encoder): 0
[2026-04-02 14:10:32]   Keys to load:           7
[2026-04-02 14:10:32]   Missing keys:           4
[2026-04-02 14:10:32]   Unexpected keys:        0
[2026-04-02 14:10:32]   Missing preview:        ['spatial_conv.1.weight', 'spatial_conv.1.bias', 'final_layer.1.weight', 'final_layer.1.bias']
[2026-04-02 14:10:32]   Unexpected preview:     []
[2026-04-02 14:10:32] Encoder freeze configuration:
[2026-04-02 14:10:32]   Total parameters:        18,192
[2026-04-02 14:10:32]   Trainable parameters:    4,352
[2026-04-02 14:10:32]   Training percentage:     23.9%
[2026-04-02 14:10:32]   Trainable layers: 4
[2026-04-02 14:10:32]     - final_layer.1.bias
[2026-04-02 14:10:32]     - final_layer.1.weight
[2026-04-02 14:10:32]     - spatial_conv.1.bias
[2026-04-02 14:10:32]     - spatial_conv.1.weight
[2026-04-02 14:10:32]     Train generator seeded: True
[2026-04-02 14:10:33]     Stopped epoch:            180
[2026-04-02 14:10:33]     Best epoch (valid_loss):  130
[2026-04-02 14:10:33]     Best valid_loss:          0.7295328974723816
[2026-04-02 14:10:33]     Test accuracy (primary):  0.7500
[2026-04-02 14:10:33]     Test balanced acc:        0.7500
[2026-04-02 14:10:33]     Confusion matrix:         [[4, 0, 1, 0], [0, 4, 0, 1], [2, 0, 2, 1], [0, 0, 0, 5]]
[2026-04-02 14:10:33]     Prediction histogram:     [6, 4, 3, 7]
[2026-04-02 14:10:33]     fold_acc=0.7500 fold_bal_acc=0.7500 cm=[[4, 0, 1, 0], [0, 4, 0, 1], [2, 0, 2, 1], [0, 0, 0, 5]]
[2026-04-02 14:10:33]   Subject 49 Fold 2 seed: 4944
[2026-04-02 14:10:33]   Subject 49 Fold 2: n_train=64 n_val=16 n_test=20
[2026-04-02 14:10:33]     Train class counts: [16, 16, 16, 16]
[2026-04-02 14:10:33]     Val class counts:   [4, 4, 4, 4]
[2026-04-02 14:10:33]     Test class counts:  [5, 5, 5, 5]
[2026-04-02 14:10:33] Building model with input window duration: 4.1875 s
[2026-04-02 14:10:33] Pretrained weight loading:
[2026-04-02 14:10:33]   Downloaded keys:        179
[2026-04-02 14:10:33]   Filtered (transformer): 172
[2026-04-02 14:10:33]   Filtered (pos_encoder): 0
[2026-04-02 14:10:33]   Keys to load:           7
[2026-04-02 14:10:33]   Missing keys:           4
[2026-04-02 14:10:33]   Unexpected keys:        0
[2026-04-02 14:10:33]   Missing preview:        ['spatial_conv.1.weight', 'spatial_conv.1.bias', 'final_layer.1.weight', 'final_layer.1.bias']
[2026-04-02 14:10:33]   Unexpected preview:     []
[2026-04-02 14:10:33] Encoder freeze configuration:
[2026-04-02 14:10:33]   Total parameters:        18,192
[2026-04-02 14:10:33]   Trainable parameters:    4,352
[2026-04-02 14:10:33]   Training percentage:     23.9%
[2026-04-02 14:10:33]   Trainable layers: 4
[2026-04-02 14:10:33]     - final_layer.1.bias
[2026-04-02 14:10:33]     - final_layer.1.weight
[2026-04-02 14:10:33]     - spatial_conv.1.bias
[2026-04-02 14:10:33]     - spatial_conv.1.weight
[2026-04-02 14:10:33]     Train generator seeded: True
[2026-04-02 14:10:38]     Stopped epoch:            481
[2026-04-02 14:10:38]     Best epoch (valid_loss):  431
[2026-04-02 14:10:38]     Best valid_loss:          0.49501803517341614
[2026-04-02 14:10:38]     Test accuracy (primary):  0.9500
[2026-04-02 14:10:38]     Test balanced acc:        0.9500
[2026-04-02 14:10:38]     Confusion matrix:         [[4, 1, 0, 0], [0, 5, 0, 0], [0, 0, 5, 0], [0, 0, 0, 5]]
[2026-04-02 14:10:38]     Prediction histogram:     [4, 6, 5, 5]
[2026-04-02 14:10:38]     fold_acc=0.9500 fold_bal_acc=0.9500 cm=[[4, 1, 0, 0], [0, 5, 0, 0], [0, 0, 5, 0], [0, 0, 0, 5]]
[2026-04-02 14:10:38]   Subject 49 Fold 3 seed: 4945
[2026-04-02 14:10:38]   Subject 49 Fold 3: n_train=64 n_val=16 n_test=20
[2026-04-02 14:10:38]     Train class counts: [16, 16, 16, 16]
[2026-04-02 14:10:38]     Val class counts:   [4, 4, 4, 4]
[2026-04-02 14:10:38]     Test class counts:  [5, 5, 5, 5]
[2026-04-02 14:10:38] Building model with input window duration: 4.1875 s
[2026-04-02 14:10:38] Pretrained weight loading:
[2026-04-02 14:10:38]   Downloaded keys:        179
[2026-04-02 14:10:38]   Filtered (transformer): 172
[2026-04-02 14:10:38]   Filtered (pos_encoder): 0
[2026-04-02 14:10:38]   Keys to load:           7
[2026-04-02 14:10:38]   Missing keys:           4
[2026-04-02 14:10:38]   Unexpected keys:        0
[2026-04-02 14:10:38]   Missing preview:        ['spatial_conv.1.weight', 'spatial_conv.1.bias', 'final_layer.1.weight', 'final_layer.1.bias']
[2026-04-02 14:10:38]   Unexpected preview:     []
[2026-04-02 14:10:38] Encoder freeze configuration:
[2026-04-02 14:10:38]   Total parameters:        18,192
[2026-04-02 14:10:38]   Trainable parameters:    4,352
[2026-04-02 14:10:38]   Training percentage:     23.9%
[2026-04-02 14:10:38]   Trainable layers: 4
[2026-04-02 14:10:38]     - final_layer.1.bias
[2026-04-02 14:10:38]     - final_layer.1.weight
[2026-04-02 14:10:38]     - spatial_conv.1.bias
[2026-04-02 14:10:38]     - spatial_conv.1.weight
[2026-04-02 14:10:38]     Train generator seeded: True
[2026-04-02 14:10:44]     Stopped epoch:            654
[2026-04-02 14:10:44]     Best epoch (valid_loss):  604
[2026-04-02 14:10:44]     Best valid_loss:          0.532867431640625
[2026-04-02 14:10:44]     Test accuracy (primary):  0.9500
[2026-04-02 14:10:44]     Test balanced acc:        0.9500
[2026-04-02 14:10:44]     Confusion matrix:         [[5, 0, 0, 0], [0, 5, 0, 0], [0, 0, 5, 0], [1, 0, 0, 4]]
[2026-04-02 14:10:44]     Prediction histogram:     [6, 5, 5, 4]
[2026-04-02 14:10:44]     fold_acc=0.9500 fold_bal_acc=0.9500 cm=[[5, 0, 0, 0], [0, 5, 0, 0], [0, 0, 5, 0], [1, 0, 0, 4]]
[2026-04-02 14:10:44]   Subject 49 Fold 4 seed: 4946
[2026-04-02 14:10:44]   Subject 49 Fold 4: n_train=64 n_val=16 n_test=20
[2026-04-02 14:10:44]     Train class counts: [16, 16, 16, 16]
[2026-04-02 14:10:44]     Val class counts:   [4, 4, 4, 4]
[2026-04-02 14:10:44]     Test class counts:  [5, 5, 5, 5]
[2026-04-02 14:10:44] Building model with input window duration: 4.1875 s
[2026-04-02 14:10:44] Pretrained weight loading:
[2026-04-02 14:10:44]   Downloaded keys:        179
[2026-04-02 14:10:44]   Filtered (transformer): 172
[2026-04-02 14:10:44]   Filtered (pos_encoder): 0
[2026-04-02 14:10:44]   Keys to load:           7
[2026-04-02 14:10:44]   Missing keys:           4
[2026-04-02 14:10:44]   Unexpected keys:        0
[2026-04-02 14:10:44]   Missing preview:        ['spatial_conv.1.weight', 'spatial_conv.1.bias', 'final_layer.1.weight', 'final_layer.1.bias']
[2026-04-02 14:10:44]   Unexpected preview:     []
[2026-04-02 14:10:44] Encoder freeze configuration:
[2026-04-02 14:10:44]   Total parameters:        18,192
[2026-04-02 14:10:44]   Trainable parameters:    4,352
[2026-04-02 14:10:44]   Training percentage:     23.9%
[2026-04-02 14:10:44]   Trainable layers: 4
[2026-04-02 14:10:44]     - final_layer.1.bias
[2026-04-02 14:10:44]     - final_layer.1.weight
[2026-04-02 14:10:44]     - spatial_conv.1.bias
[2026-04-02 14:10:44]     - spatial_conv.1.weight
[2026-04-02 14:10:44]     Train generator seeded: True
[2026-04-02 14:11:08]     Stopped epoch:            2666
[2026-04-02 14:11:08]     Best epoch (valid_loss):  2616
[2026-04-02 14:11:08]     Best valid_loss:          0.13858579099178314
[2026-04-02 14:11:08]     Test accuracy (primary):  0.7500
[2026-04-02 14:11:08]     Test balanced acc:        0.7500
[2026-04-02 14:11:08]     Confusion matrix:         [[2, 0, 1, 2], [0, 5, 0, 0], [1, 1, 3, 0], [0, 0, 0, 5]]
[2026-04-02 14:11:08]     Prediction histogram:     [3, 6, 4, 7]
[2026-04-02 14:11:08]     fold_acc=0.7500 fold_bal_acc=0.7500 cm=[[2, 0, 1, 2], [0, 5, 0, 0], [1, 1, 3, 0], [0, 0, 0, 5]]
[2026-04-02 14:11:08]   Subject 49 Fold 5 seed: 4947
[2026-04-02 14:11:08]   Subject 49 Fold 5: n_train=64 n_val=16 n_test=20
[2026-04-02 14:11:08]     Train class counts: [16, 16, 16, 16]
[2026-04-02 14:11:08]     Val class counts:   [4, 4, 4, 4]
[2026-04-02 14:11:08]     Test class counts:  [5, 5, 5, 5]
[2026-04-02 14:11:08] Building model with input window duration: 4.1875 s
[2026-04-02 14:11:08] Pretrained weight loading:
[2026-04-02 14:11:08]   Downloaded keys:        179
[2026-04-02 14:11:08]   Filtered (transformer): 172
[2026-04-02 14:11:08]   Filtered (pos_encoder): 0
[2026-04-02 14:11:08]   Keys to load:           7
[2026-04-02 14:11:08]   Missing keys:           4
[2026-04-02 14:11:08]   Unexpected keys:        0
[2026-04-02 14:11:08]   Missing preview:        ['spatial_conv.1.weight', 'spatial_conv.1.bias', 'final_layer.1.weight', 'final_layer.1.bias']
[2026-04-02 14:11:08]   Unexpected preview:     []
[2026-04-02 14:11:08] Encoder freeze configuration:
[2026-04-02 14:11:08]   Total parameters:        18,192
[2026-04-02 14:11:08]   Trainable parameters:    4,352
[2026-04-02 14:11:08]   Training percentage:     23.9%
[2026-04-02 14:11:08]   Trainable layers: 4
[2026-04-02 14:11:08]     - final_layer.1.bias
[2026-04-02 14:11:08]     - final_layer.1.weight
[2026-04-02 14:11:08]     - spatial_conv.1.bias
[2026-04-02 14:11:08]     - spatial_conv.1.weight
[2026-04-02 14:11:08]     Train generator seeded: True
[2026-04-02 14:11:14]     Stopped epoch:            619
[2026-04-02 14:11:14]     Best epoch (valid_loss):  569
[2026-04-02 14:11:14]     Best valid_loss:          0.6100260615348816
[2026-04-02 14:11:14]     Test accuracy (primary):  0.7500
[2026-04-02 14:11:14]     Test balanced acc:        0.7500
[2026-04-02 14:11:14]     Confusion matrix:         [[3, 1, 0, 1], [0, 3, 0, 2], [1, 0, 4, 0], [0, 0, 0, 5]]
[2026-04-02 14:11:14]     Prediction histogram:     [4, 4, 4, 8]
[2026-04-02 14:11:14]     fold_acc=0.7500 fold_bal_acc=0.7500 cm=[[3, 1, 0, 1], [0, 3, 0, 2], [1, 0, 4, 0], [0, 0, 0, 5]]
[2026-04-02 14:11:14]   Subject 49 mean accuracy: 0.8300

[2026-04-02 14:11:14] Subject 50: 100 windows class_counts=[25, 25, 25, 25]
[2026-04-02 14:11:14]   Fold 1 split seed: 43
[2026-04-02 14:11:14]   Fold 1 split class counts:
[2026-04-02 14:11:14]     train=[16, 16, 16, 16] val=[4, 4, 4, 4] test=[5, 5, 5, 5]
[2026-04-02 14:11:14]   Fold 2 split seed: 44
[2026-04-02 14:11:14]   Fold 2 split class counts:
[2026-04-02 14:11:14]     train=[16, 16, 16, 16] val=[4, 4, 4, 4] test=[5, 5, 5, 5]
[2026-04-02 14:11:14]   Fold 3 split seed: 45
[2026-04-02 14:11:14]   Fold 3 split class counts:
[2026-04-02 14:11:14]     train=[16, 16, 16, 16] val=[4, 4, 4, 4] test=[5, 5, 5, 5]
[2026-04-02 14:11:14]   Fold 4 split seed: 46
[2026-04-02 14:11:14]   Fold 4 split class counts:
[2026-04-02 14:11:14]     train=[16, 16, 16, 16] val=[4, 4, 4, 4] test=[5, 5, 5, 5]
[2026-04-02 14:11:14]   Fold 5 split seed: 47
[2026-04-02 14:11:14]   Fold 5 split class counts:
[2026-04-02 14:11:14]     train=[16, 16, 16, 16] val=[4, 4, 4, 4] test=[5, 5, 5, 5]
[2026-04-02 14:11:14]   Subject 50 Fold 1 seed: 5043
[2026-04-02 14:11:14]   Subject 50 Fold 1: n_train=64 n_val=16 n_test=20
[2026-04-02 14:11:14]     Train class counts: [16, 16, 16, 16]
[2026-04-02 14:11:14]     Val class counts:   [4, 4, 4, 4]
[2026-04-02 14:11:14]     Test class counts:  [5, 5, 5, 5]
[2026-04-02 14:11:14] Building model with input window duration: 4.1875 s
[2026-04-02 14:11:14] Pretrained weight loading:
[2026-04-02 14:11:14]   Downloaded keys:        179
[2026-04-02 14:11:14]   Filtered (transformer): 172
[2026-04-02 14:11:14]   Filtered (pos_encoder): 0
[2026-04-02 14:11:14]   Keys to load:           7
[2026-04-02 14:11:14]   Missing keys:           4
[2026-04-02 14:11:14]   Unexpected keys:        0
[2026-04-02 14:11:14]   Missing preview:        ['spatial_conv.1.weight', 'spatial_conv.1.bias', 'final_layer.1.weight', 'final_layer.1.bias']
[2026-04-02 14:11:14]   Unexpected preview:     []
[2026-04-02 14:11:14] Encoder freeze configuration:
[2026-04-02 14:11:14]   Total parameters:        18,192
[2026-04-02 14:11:14]   Trainable parameters:    4,352
[2026-04-02 14:11:14]   Training percentage:     23.9%
[2026-04-02 14:11:14]   Trainable layers: 4
[2026-04-02 14:11:14]     - final_layer.1.bias
[2026-04-02 14:11:14]     - final_layer.1.weight
[2026-04-02 14:11:14]     - spatial_conv.1.bias
[2026-04-02 14:11:14]     - spatial_conv.1.weight
[2026-04-02 14:11:14]     Train generator seeded: True
[2026-04-02 14:11:17]     Stopped epoch:            260
[2026-04-02 14:11:17]     Best epoch (valid_loss):  210
[2026-04-02 14:11:17]     Best valid_loss:          0.3748931586742401
[2026-04-02 14:11:17]     Test accuracy (primary):  0.9000
[2026-04-02 14:11:17]     Test balanced acc:        0.9000
[2026-04-02 14:11:17]     Confusion matrix:         [[4, 0, 1, 0], [0, 4, 1, 0], [0, 0, 5, 0], [0, 0, 0, 5]]
[2026-04-02 14:11:17]     Prediction histogram:     [4, 4, 7, 5]
[2026-04-02 14:11:17]     fold_acc=0.9000 fold_bal_acc=0.9000 cm=[[4, 0, 1, 0], [0, 4, 1, 0], [0, 0, 5, 0], [0, 0, 0, 5]]
[2026-04-02 14:11:17]   Subject 50 Fold 2 seed: 5044
[2026-04-02 14:11:17]   Subject 50 Fold 2: n_train=64 n_val=16 n_test=20
[2026-04-02 14:11:17]     Train class counts: [16, 16, 16, 16]
[2026-04-02 14:11:17]     Val class counts:   [4, 4, 4, 4]
[2026-04-02 14:11:17]     Test class counts:  [5, 5, 5, 5]
[2026-04-02 14:11:17] Building model with input window duration: 4.1875 s
[2026-04-02 14:11:17] Pretrained weight loading:
[2026-04-02 14:11:17]   Downloaded keys:        179
[2026-04-02 14:11:17]   Filtered (transformer): 172
[2026-04-02 14:11:17]   Filtered (pos_encoder): 0
[2026-04-02 14:11:17]   Keys to load:           7
[2026-04-02 14:11:17]   Missing keys:           4
[2026-04-02 14:11:17]   Unexpected keys:        0
[2026-04-02 14:11:17]   Missing preview:        ['spatial_conv.1.weight', 'spatial_conv.1.bias', 'final_layer.1.weight', 'final_layer.1.bias']
[2026-04-02 14:11:17]   Unexpected preview:     []
[2026-04-02 14:11:17] Encoder freeze configuration:
[2026-04-02 14:11:17]   Total parameters:        18,192
[2026-04-02 14:11:17]   Trainable parameters:    4,352
[2026-04-02 14:11:17]   Training percentage:     23.9%
[2026-04-02 14:11:17]   Trainable layers: 4
[2026-04-02 14:11:17]     - final_layer.1.bias
[2026-04-02 14:11:17]     - final_layer.1.weight
[2026-04-02 14:11:17]     - spatial_conv.1.bias
[2026-04-02 14:11:17]     - spatial_conv.1.weight
[2026-04-02 14:11:17]     Train generator seeded: True
[2026-04-02 14:11:56]     Stopped epoch:            4209
[2026-04-02 14:11:56]     Best epoch (valid_loss):  4159
[2026-04-02 14:11:56]     Best valid_loss:          0.053979355841875076
[2026-04-02 14:11:56]     Test accuracy (primary):  1.0000
[2026-04-02 14:11:56]     Test balanced acc:        1.0000
[2026-04-02 14:11:56]     Confusion matrix:         [[5, 0, 0, 0], [0, 5, 0, 0], [0, 0, 5, 0], [0, 0, 0, 5]]
[2026-04-02 14:11:56]     Prediction histogram:     [5, 5, 5, 5]
[2026-04-02 14:11:56]     fold_acc=1.0000 fold_bal_acc=1.0000 cm=[[5, 0, 0, 0], [0, 5, 0, 0], [0, 0, 5, 0], [0, 0, 0, 5]]
[2026-04-02 14:11:56]   Subject 50 Fold 3 seed: 5045
[2026-04-02 14:11:56]   Subject 50 Fold 3: n_train=64 n_val=16 n_test=20
[2026-04-02 14:11:56]     Train class counts: [16, 16, 16, 16]
[2026-04-02 14:11:56]     Val class counts:   [4, 4, 4, 4]
[2026-04-02 14:11:56]     Test class counts:  [5, 5, 5, 5]
[2026-04-02 14:11:56] Building model with input window duration: 4.1875 s
[2026-04-02 14:11:56] Pretrained weight loading:
[2026-04-02 14:11:56]   Downloaded keys:        179
[2026-04-02 14:11:56]   Filtered (transformer): 172
[2026-04-02 14:11:56]   Filtered (pos_encoder): 0
[2026-04-02 14:11:56]   Keys to load:           7
[2026-04-02 14:11:56]   Missing keys:           4
[2026-04-02 14:11:56]   Unexpected keys:        0
[2026-04-02 14:11:56]   Missing preview:        ['spatial_conv.1.weight', 'spatial_conv.1.bias', 'final_layer.1.weight', 'final_layer.1.bias']
[2026-04-02 14:11:56]   Unexpected preview:     []
[2026-04-02 14:11:56] Encoder freeze configuration:
[2026-04-02 14:11:56]   Total parameters:        18,192
[2026-04-02 14:11:56]   Trainable parameters:    4,352
[2026-04-02 14:11:56]   Training percentage:     23.9%
[2026-04-02 14:11:56]   Trainable layers: 4
[2026-04-02 14:11:56]     - final_layer.1.bias
[2026-04-02 14:11:56]     - final_layer.1.weight
[2026-04-02 14:11:56]     - spatial_conv.1.bias
[2026-04-02 14:11:56]     - spatial_conv.1.weight
[2026-04-02 14:11:56]     Train generator seeded: True
[2026-04-02 14:12:39]     Stopped epoch:            4600
[2026-04-02 14:12:39]     Best epoch (valid_loss):  4550
[2026-04-02 14:12:39]     Best valid_loss:          0.00946846790611744
[2026-04-02 14:12:39]     Test accuracy (primary):  0.9000
[2026-04-02 14:12:39]     Test balanced acc:        0.9000
[2026-04-02 14:12:39]     Confusion matrix:         [[4, 0, 0, 1], [0, 4, 1, 0], [0, 0, 5, 0], [0, 0, 0, 5]]
[2026-04-02 14:12:39]     Prediction histogram:     [4, 4, 6, 6]
[2026-04-02 14:12:39]     fold_acc=0.9000 fold_bal_acc=0.9000 cm=[[4, 0, 0, 1], [0, 4, 1, 0], [0, 0, 5, 0], [0, 0, 0, 5]]
[2026-04-02 14:12:39]   Subject 50 Fold 4 seed: 5046
[2026-04-02 14:12:39]   Subject 50 Fold 4: n_train=64 n_val=16 n_test=20
[2026-04-02 14:12:39]     Train class counts: [16, 16, 16, 16]
[2026-04-02 14:12:39]     Val class counts:   [4, 4, 4, 4]
[2026-04-02 14:12:39]     Test class counts:  [5, 5, 5, 5]
[2026-04-02 14:12:39] Building model with input window duration: 4.1875 s
[2026-04-02 14:12:39] Pretrained weight loading:
[2026-04-02 14:12:39]   Downloaded keys:        179
[2026-04-02 14:12:39]   Filtered (transformer): 172
[2026-04-02 14:12:39]   Filtered (pos_encoder): 0
[2026-04-02 14:12:39]   Keys to load:           7
[2026-04-02 14:12:39]   Missing keys:           4
[2026-04-02 14:12:39]   Unexpected keys:        0
[2026-04-02 14:12:39]   Missing preview:        ['spatial_conv.1.weight', 'spatial_conv.1.bias', 'final_layer.1.weight', 'final_layer.1.bias']
[2026-04-02 14:12:39]   Unexpected preview:     []
[2026-04-02 14:12:39] Encoder freeze configuration:
[2026-04-02 14:12:39]   Total parameters:        18,192
[2026-04-02 14:12:39]   Trainable parameters:    4,352
[2026-04-02 14:12:39]   Training percentage:     23.9%
[2026-04-02 14:12:39]   Trainable layers: 4
[2026-04-02 14:12:39]     - final_layer.1.bias
[2026-04-02 14:12:39]     - final_layer.1.weight
[2026-04-02 14:12:39]     - spatial_conv.1.bias
[2026-04-02 14:12:39]     - spatial_conv.1.weight
[2026-04-02 14:12:39]     Train generator seeded: True
[2026-04-02 14:12:49]     Stopped epoch:            1046
[2026-04-02 14:12:49]     Best epoch (valid_loss):  996
[2026-04-02 14:12:49]     Best valid_loss:          0.07983088493347168
[2026-04-02 14:12:49]     Test accuracy (primary):  0.9000
[2026-04-02 14:12:49]     Test balanced acc:        0.9000
[2026-04-02 14:12:49]     Confusion matrix:         [[5, 0, 0, 0], [0, 5, 0, 0], [1, 0, 4, 0], [1, 0, 0, 4]]
[2026-04-02 14:12:49]     Prediction histogram:     [7, 5, 4, 4]
[2026-04-02 14:12:49]     fold_acc=0.9000 fold_bal_acc=0.9000 cm=[[5, 0, 0, 0], [0, 5, 0, 0], [1, 0, 4, 0], [1, 0, 0, 4]]
[2026-04-02 14:12:49]   Subject 50 Fold 5 seed: 5047
[2026-04-02 14:12:49]   Subject 50 Fold 5: n_train=64 n_val=16 n_test=20
[2026-04-02 14:12:49]     Train class counts: [16, 16, 16, 16]
[2026-04-02 14:12:49]     Val class counts:   [4, 4, 4, 4]
[2026-04-02 14:12:49]     Test class counts:  [5, 5, 5, 5]
[2026-04-02 14:12:49] Building model with input window duration: 4.1875 s
[2026-04-02 14:12:49] Pretrained weight loading:
[2026-04-02 14:12:49]   Downloaded keys:        179
[2026-04-02 14:12:49]   Filtered (transformer): 172
[2026-04-02 14:12:49]   Filtered (pos_encoder): 0
[2026-04-02 14:12:49]   Keys to load:           7
[2026-04-02 14:12:49]   Missing keys:           4
[2026-04-02 14:12:49]   Unexpected keys:        0
[2026-04-02 14:12:49]   Missing preview:        ['spatial_conv.1.weight', 'spatial_conv.1.bias', 'final_layer.1.weight', 'final_layer.1.bias']
[2026-04-02 14:12:49]   Unexpected preview:     []
[2026-04-02 14:12:49] Encoder freeze configuration:
[2026-04-02 14:12:49]   Total parameters:        18,192
[2026-04-02 14:12:49]   Trainable parameters:    4,352
[2026-04-02 14:12:49]   Training percentage:     23.9%
[2026-04-02 14:12:49]   Trainable layers: 4
[2026-04-02 14:12:49]     - final_layer.1.bias
[2026-04-02 14:12:49]     - final_layer.1.weight
[2026-04-02 14:12:49]     - spatial_conv.1.bias
[2026-04-02 14:12:49]     - spatial_conv.1.weight
[2026-04-02 14:12:49]     Train generator seeded: True
[2026-04-02 14:13:03]     Stopped epoch:            1497
[2026-04-02 14:13:03]     Best epoch (valid_loss):  1447
[2026-04-02 14:13:03]     Best valid_loss:          0.1117657721042633
[2026-04-02 14:13:03]     Test accuracy (primary):  0.9500
[2026-04-02 14:13:03]     Test balanced acc:        0.9500
[2026-04-02 14:13:03]     Confusion matrix:         [[4, 0, 0, 1], [0, 5, 0, 0], [0, 0, 5, 0], [0, 0, 0, 5]]
[2026-04-02 14:13:03]     Prediction histogram:     [4, 5, 5, 6]
[2026-04-02 14:13:03]     fold_acc=0.9500 fold_bal_acc=0.9500 cm=[[4, 0, 0, 1], [0, 5, 0, 0], [0, 0, 5, 0], [0, 0, 0, 5]]
[2026-04-02 14:13:03]   Subject 50 mean accuracy: 0.9300

[2026-04-02 14:13:03] Subject 51: 100 windows class_counts=[25, 25, 25, 25]
[2026-04-02 14:13:03]   Fold 1 split seed: 43
[2026-04-02 14:13:03]   Fold 1 split class counts:
[2026-04-02 14:13:03]     train=[16, 16, 16, 16] val=[4, 4, 4, 4] test=[5, 5, 5, 5]
[2026-04-02 14:13:03]   Fold 2 split seed: 44
[2026-04-02 14:13:03]   Fold 2 split class counts:
[2026-04-02 14:13:03]     train=[16, 16, 16, 16] val=[4, 4, 4, 4] test=[5, 5, 5, 5]
[2026-04-02 14:13:03]   Fold 3 split seed: 45
[2026-04-02 14:13:03]   Fold 3 split class counts:
[2026-04-02 14:13:03]     train=[16, 16, 16, 16] val=[4, 4, 4, 4] test=[5, 5, 5, 5]
[2026-04-02 14:13:03]   Fold 4 split seed: 46
[2026-04-02 14:13:03]   Fold 4 split class counts:
[2026-04-02 14:13:03]     train=[16, 16, 16, 16] val=[4, 4, 4, 4] test=[5, 5, 5, 5]
[2026-04-02 14:13:03]   Fold 5 split seed: 47
[2026-04-02 14:13:03]   Fold 5 split class counts:
[2026-04-02 14:13:03]     train=[16, 16, 16, 16] val=[4, 4, 4, 4] test=[5, 5, 5, 5]
[2026-04-02 14:13:03]   Subject 51 Fold 1 seed: 5143
[2026-04-02 14:13:03]   Subject 51 Fold 1: n_train=64 n_val=16 n_test=20
[2026-04-02 14:13:03]     Train class counts: [16, 16, 16, 16]
[2026-04-02 14:13:03]     Val class counts:   [4, 4, 4, 4]
[2026-04-02 14:13:03]     Test class counts:  [5, 5, 5, 5]
[2026-04-02 14:13:03] Building model with input window duration: 4.1875 s
[2026-04-02 14:13:03] Pretrained weight loading:
[2026-04-02 14:13:03]   Downloaded keys:        179
[2026-04-02 14:13:03]   Filtered (transformer): 172
[2026-04-02 14:13:03]   Filtered (pos_encoder): 0
[2026-04-02 14:13:03]   Keys to load:           7
[2026-04-02 14:13:03]   Missing keys:           4
[2026-04-02 14:13:03]   Unexpected keys:        0
[2026-04-02 14:13:03]   Missing preview:        ['spatial_conv.1.weight', 'spatial_conv.1.bias', 'final_layer.1.weight', 'final_layer.1.bias']
[2026-04-02 14:13:03]   Unexpected preview:     []
[2026-04-02 14:13:03] Encoder freeze configuration:
[2026-04-02 14:13:03]   Total parameters:        18,192
[2026-04-02 14:13:03]   Trainable parameters:    4,352
[2026-04-02 14:13:03]   Training percentage:     23.9%
[2026-04-02 14:13:03]   Trainable layers: 4
[2026-04-02 14:13:03]     - final_layer.1.bias
[2026-04-02 14:13:03]     - final_layer.1.weight
[2026-04-02 14:13:03]     - spatial_conv.1.bias
[2026-04-02 14:13:03]     - spatial_conv.1.weight
[2026-04-02 14:13:03]     Train generator seeded: True
[2026-04-02 14:13:04]     Stopped epoch:            78
[2026-04-02 14:13:04]     Best epoch (valid_loss):  28
[2026-04-02 14:13:04]     Best valid_loss:          1.1732069253921509
[2026-04-02 14:13:04]     Test accuracy (primary):  0.2000
[2026-04-02 14:13:04]     Test balanced acc:        0.2000
[2026-04-02 14:13:04]     Confusion matrix:         [[2, 0, 2, 1], [0, 2, 1, 2], [0, 3, 0, 2], [0, 4, 1, 0]]
[2026-04-02 14:13:04]     Prediction histogram:     [2, 9, 4, 5]
[2026-04-02 14:13:04]     fold_acc=0.2000 fold_bal_acc=0.2000 cm=[[2, 0, 2, 1], [0, 2, 1, 2], [0, 3, 0, 2], [0, 4, 1, 0]]
[2026-04-02 14:13:04]   Subject 51 Fold 2 seed: 5144
[2026-04-02 14:13:04]   Subject 51 Fold 2: n_train=64 n_val=16 n_test=20
[2026-04-02 14:13:04]     Train class counts: [16, 16, 16, 16]
[2026-04-02 14:13:04]     Val class counts:   [4, 4, 4, 4]
[2026-04-02 14:13:04]     Test class counts:  [5, 5, 5, 5]
[2026-04-02 14:13:04] Building model with input window duration: 4.1875 s
[2026-04-02 14:13:04] Pretrained weight loading:
[2026-04-02 14:13:04]   Downloaded keys:        179
[2026-04-02 14:13:04]   Filtered (transformer): 172
[2026-04-02 14:13:04]   Filtered (pos_encoder): 0
[2026-04-02 14:13:04]   Keys to load:           7
[2026-04-02 14:13:04]   Missing keys:           4
[2026-04-02 14:13:04]   Unexpected keys:        0
[2026-04-02 14:13:04]   Missing preview:        ['spatial_conv.1.weight', 'spatial_conv.1.bias', 'final_layer.1.weight', 'final_layer.1.bias']
[2026-04-02 14:13:04]   Unexpected preview:     []
[2026-04-02 14:13:04] Encoder freeze configuration:
[2026-04-02 14:13:04]   Total parameters:        18,192
[2026-04-02 14:13:04]   Trainable parameters:    4,352
[2026-04-02 14:13:04]   Training percentage:     23.9%
[2026-04-02 14:13:04]   Trainable layers: 4
[2026-04-02 14:13:04]     - final_layer.1.bias
[2026-04-02 14:13:04]     - final_layer.1.weight
[2026-04-02 14:13:04]     - spatial_conv.1.bias
[2026-04-02 14:13:04]     - spatial_conv.1.weight
[2026-04-02 14:13:04]     Train generator seeded: True
[2026-04-02 14:13:05]     Stopped epoch:            67
[2026-04-02 14:13:05]     Best epoch (valid_loss):  17
[2026-04-02 14:13:05]     Best valid_loss:          1.3127658367156982
[2026-04-02 14:13:05]     Test accuracy (primary):  0.4000
[2026-04-02 14:13:05]     Test balanced acc:        0.4000
[2026-04-02 14:13:05]     Confusion matrix:         [[2, 1, 0, 2], [0, 3, 1, 1], [1, 2, 2, 0], [1, 1, 2, 1]]
[2026-04-02 14:13:05]     Prediction histogram:     [4, 7, 5, 4]
[2026-04-02 14:13:05]     fold_acc=0.4000 fold_bal_acc=0.4000 cm=[[2, 1, 0, 2], [0, 3, 1, 1], [1, 2, 2, 0], [1, 1, 2, 1]]
[2026-04-02 14:13:05]   Subject 51 Fold 3 seed: 5145
[2026-04-02 14:13:05]   Subject 51 Fold 3: n_train=64 n_val=16 n_test=20
[2026-04-02 14:13:05]     Train class counts: [16, 16, 16, 16]
[2026-04-02 14:13:05]     Val class counts:   [4, 4, 4, 4]
[2026-04-02 14:13:05]     Test class counts:  [5, 5, 5, 5]
[2026-04-02 14:13:05] Building model with input window duration: 4.1875 s
[2026-04-02 14:13:05] Pretrained weight loading:
[2026-04-02 14:13:05]   Downloaded keys:        179
[2026-04-02 14:13:05]   Filtered (transformer): 172
[2026-04-02 14:13:05]   Filtered (pos_encoder): 0
[2026-04-02 14:13:05]   Keys to load:           7
[2026-04-02 14:13:05]   Missing keys:           4
[2026-04-02 14:13:05]   Unexpected keys:        0
[2026-04-02 14:13:05]   Missing preview:        ['spatial_conv.1.weight', 'spatial_conv.1.bias', 'final_layer.1.weight', 'final_layer.1.bias']
[2026-04-02 14:13:05]   Unexpected preview:     []
[2026-04-02 14:13:05] Encoder freeze configuration:
[2026-04-02 14:13:05]   Total parameters:        18,192
[2026-04-02 14:13:05]   Trainable parameters:    4,352
[2026-04-02 14:13:05]   Training percentage:     23.9%
[2026-04-02 14:13:05]   Trainable layers: 4
[2026-04-02 14:13:05]     - final_layer.1.bias
[2026-04-02 14:13:05]     - final_layer.1.weight
[2026-04-02 14:13:05]     - spatial_conv.1.bias
[2026-04-02 14:13:05]     - spatial_conv.1.weight
[2026-04-02 14:13:05]     Train generator seeded: True
[2026-04-02 14:13:05]     Stopped epoch:            64
[2026-04-02 14:13:05]     Best epoch (valid_loss):  14
[2026-04-02 14:13:05]     Best valid_loss:          1.3386198282241821
[2026-04-02 14:13:05]     Test accuracy (primary):  0.3000
[2026-04-02 14:13:05]     Test balanced acc:        0.3000
[2026-04-02 14:13:05]     Confusion matrix:         [[0, 1, 3, 1], [2, 0, 0, 3], [3, 1, 1, 0], [0, 0, 0, 5]]
[2026-04-02 14:13:05]     Prediction histogram:     [5, 2, 4, 9]
[2026-04-02 14:13:05]     fold_acc=0.3000 fold_bal_acc=0.3000 cm=[[0, 1, 3, 1], [2, 0, 0, 3], [3, 1, 1, 0], [0, 0, 0, 5]]
[2026-04-02 14:13:05]   Subject 51 Fold 4 seed: 5146
[2026-04-02 14:13:05]   Subject 51 Fold 4: n_train=64 n_val=16 n_test=20
[2026-04-02 14:13:05]     Train class counts: [16, 16, 16, 16]
[2026-04-02 14:13:05]     Val class counts:   [4, 4, 4, 4]
[2026-04-02 14:13:05]     Test class counts:  [5, 5, 5, 5]
[2026-04-02 14:13:05] Building model with input window duration: 4.1875 s
[2026-04-02 14:13:05] Pretrained weight loading:
[2026-04-02 14:13:05]   Downloaded keys:        179
[2026-04-02 14:13:05]   Filtered (transformer): 172
[2026-04-02 14:13:05]   Filtered (pos_encoder): 0
[2026-04-02 14:13:05]   Keys to load:           7
[2026-04-02 14:13:05]   Missing keys:           4
[2026-04-02 14:13:05]   Unexpected keys:        0
[2026-04-02 14:13:05]   Missing preview:        ['spatial_conv.1.weight', 'spatial_conv.1.bias', 'final_layer.1.weight', 'final_layer.1.bias']
[2026-04-02 14:13:05]   Unexpected preview:     []
[2026-04-02 14:13:05] Encoder freeze configuration:
[2026-04-02 14:13:05]   Total parameters:        18,192
[2026-04-02 14:13:05]   Trainable parameters:    4,352
[2026-04-02 14:13:05]   Training percentage:     23.9%
[2026-04-02 14:13:05]   Trainable layers: 4
[2026-04-02 14:13:05]     - final_layer.1.bias
[2026-04-02 14:13:05]     - final_layer.1.weight
[2026-04-02 14:13:05]     - spatial_conv.1.bias
[2026-04-02 14:13:05]     - spatial_conv.1.weight
[2026-04-02 14:13:05]     Train generator seeded: True
[2026-04-02 14:13:06]     Stopped epoch:            63
[2026-04-02 14:13:06]     Best epoch (valid_loss):  13
[2026-04-02 14:13:06]     Best valid_loss:          1.3745373487472534
[2026-04-02 14:13:06]     Test accuracy (primary):  0.1500
[2026-04-02 14:13:06]     Test balanced acc:        0.1500
[2026-04-02 14:13:06]     Confusion matrix:         [[1, 1, 1, 2], [3, 0, 1, 1], [2, 0, 2, 1], [2, 2, 1, 0]]
[2026-04-02 14:13:06]     Prediction histogram:     [8, 3, 5, 4]
[2026-04-02 14:13:06]     fold_acc=0.1500 fold_bal_acc=0.1500 cm=[[1, 1, 1, 2], [3, 0, 1, 1], [2, 0, 2, 1], [2, 2, 1, 0]]
[2026-04-02 14:13:06]   Subject 51 Fold 5 seed: 5147
[2026-04-02 14:13:06]   Subject 51 Fold 5: n_train=64 n_val=16 n_test=20
[2026-04-02 14:13:06]     Train class counts: [16, 16, 16, 16]
[2026-04-02 14:13:06]     Val class counts:   [4, 4, 4, 4]
[2026-04-02 14:13:06]     Test class counts:  [5, 5, 5, 5]
[2026-04-02 14:13:06] Building model with input window duration: 4.1875 s
[2026-04-02 14:13:06] Pretrained weight loading:
[2026-04-02 14:13:06]   Downloaded keys:        179
[2026-04-02 14:13:06]   Filtered (transformer): 172
[2026-04-02 14:13:06]   Filtered (pos_encoder): 0
[2026-04-02 14:13:06]   Keys to load:           7
[2026-04-02 14:13:06]   Missing keys:           4
[2026-04-02 14:13:06]   Unexpected keys:        0
[2026-04-02 14:13:06]   Missing preview:        ['spatial_conv.1.weight', 'spatial_conv.1.bias', 'final_layer.1.weight', 'final_layer.1.bias']
[2026-04-02 14:13:06]   Unexpected preview:     []
[2026-04-02 14:13:06] Encoder freeze configuration:
[2026-04-02 14:13:06]   Total parameters:        18,192
[2026-04-02 14:13:06]   Trainable parameters:    4,352
[2026-04-02 14:13:06]   Training percentage:     23.9%
[2026-04-02 14:13:06]   Trainable layers: 4
[2026-04-02 14:13:06]     - final_layer.1.bias
[2026-04-02 14:13:06]     - final_layer.1.weight
[2026-04-02 14:13:06]     - spatial_conv.1.bias
[2026-04-02 14:13:06]     - spatial_conv.1.weight
[2026-04-02 14:13:06]     Train generator seeded: True
[2026-04-02 14:13:06]     Stopped epoch:            57
[2026-04-02 14:13:06]     Best epoch (valid_loss):  7
[2026-04-02 14:13:06]     Best valid_loss:          1.3621470928192139
[2026-04-02 14:13:06]     Test accuracy (primary):  0.3500
[2026-04-02 14:13:06]     Test balanced acc:        0.3500
[2026-04-02 14:13:06]     Confusion matrix:         [[2, 2, 0, 1], [0, 2, 3, 0], [3, 1, 0, 1], [2, 0, 0, 3]]
[2026-04-02 14:13:06]     Prediction histogram:     [7, 5, 3, 5]
[2026-04-02 14:13:06]     fold_acc=0.3500 fold_bal_acc=0.3500 cm=[[2, 2, 0, 1], [0, 2, 3, 0], [3, 1, 0, 1], [2, 0, 0, 3]]
[2026-04-02 14:13:06]   Subject 51 mean accuracy: 0.2800

[2026-04-02 14:13:06] Subject 52: 100 windows class_counts=[25, 25, 25, 25]
[2026-04-02 14:13:06]   Fold 1 split seed: 43
[2026-04-02 14:13:06]   Fold 1 split class counts:
[2026-04-02 14:13:06]     train=[16, 16, 16, 16] val=[4, 4, 4, 4] test=[5, 5, 5, 5]
[2026-04-02 14:13:06]   Fold 2 split seed: 44
[2026-04-02 14:13:06]   Fold 2 split class counts:
[2026-04-02 14:13:06]     train=[16, 16, 16, 16] val=[4, 4, 4, 4] test=[5, 5, 5, 5]
[2026-04-02 14:13:06]   Fold 3 split seed: 45
[2026-04-02 14:13:06]   Fold 3 split class counts:
[2026-04-02 14:13:06]     train=[16, 16, 16, 16] val=[4, 4, 4, 4] test=[5, 5, 5, 5]
[2026-04-02 14:13:06]   Fold 4 split seed: 46
[2026-04-02 14:13:06]   Fold 4 split class counts:
[2026-04-02 14:13:06]     train=[16, 16, 16, 16] val=[4, 4, 4, 4] test=[5, 5, 5, 5]
[2026-04-02 14:13:06]   Fold 5 split seed: 47
[2026-04-02 14:13:06]   Fold 5 split class counts:
[2026-04-02 14:13:06]     train=[16, 16, 16, 16] val=[4, 4, 4, 4] test=[5, 5, 5, 5]
[2026-04-02 14:13:06]   Subject 52 Fold 1 seed: 5243
[2026-04-02 14:13:06]   Subject 52 Fold 1: n_train=64 n_val=16 n_test=20
[2026-04-02 14:13:06]     Train class counts: [16, 16, 16, 16]
[2026-04-02 14:13:06]     Val class counts:   [4, 4, 4, 4]
[2026-04-02 14:13:06]     Test class counts:  [5, 5, 5, 5]
[2026-04-02 14:13:06] Building model with input window duration: 4.1875 s
[2026-04-02 14:13:06] Pretrained weight loading:
[2026-04-02 14:13:06]   Downloaded keys:        179
[2026-04-02 14:13:06]   Filtered (transformer): 172
[2026-04-02 14:13:06]   Filtered (pos_encoder): 0
[2026-04-02 14:13:06]   Keys to load:           7
[2026-04-02 14:13:06]   Missing keys:           4
[2026-04-02 14:13:06]   Unexpected keys:        0
[2026-04-02 14:13:06]   Missing preview:        ['spatial_conv.1.weight', 'spatial_conv.1.bias', 'final_layer.1.weight', 'final_layer.1.bias']
[2026-04-02 14:13:06]   Unexpected preview:     []
[2026-04-02 14:13:06] Encoder freeze configuration:
[2026-04-02 14:13:06]   Total parameters:        18,192
[2026-04-02 14:13:06]   Trainable parameters:    4,352
[2026-04-02 14:13:06]   Training percentage:     23.9%
[2026-04-02 14:13:06]   Trainable layers: 4
[2026-04-02 14:13:06]     - final_layer.1.bias
[2026-04-02 14:13:06]     - final_layer.1.weight
[2026-04-02 14:13:06]     - spatial_conv.1.bias
[2026-04-02 14:13:06]     - spatial_conv.1.weight
[2026-04-02 14:13:06]     Train generator seeded: True
[2026-04-02 14:13:30]     Stopped epoch:            2548
[2026-04-02 14:13:30]     Best epoch (valid_loss):  2498
[2026-04-02 14:13:30]     Best valid_loss:          0.04174729436635971
[2026-04-02 14:13:30]     Test accuracy (primary):  0.9500
[2026-04-02 14:13:30]     Test balanced acc:        0.9500
[2026-04-02 14:13:30]     Confusion matrix:         [[4, 0, 0, 1], [0, 5, 0, 0], [0, 0, 5, 0], [0, 0, 0, 5]]
[2026-04-02 14:13:30]     Prediction histogram:     [4, 5, 5, 6]
[2026-04-02 14:13:30]     fold_acc=0.9500 fold_bal_acc=0.9500 cm=[[4, 0, 0, 1], [0, 5, 0, 0], [0, 0, 5, 0], [0, 0, 0, 5]]
[2026-04-02 14:13:30]   Subject 52 Fold 2 seed: 5244
[2026-04-02 14:13:30]   Subject 52 Fold 2: n_train=64 n_val=16 n_test=20
[2026-04-02 14:13:30]     Train class counts: [16, 16, 16, 16]
[2026-04-02 14:13:30]     Val class counts:   [4, 4, 4, 4]
[2026-04-02 14:13:30]     Test class counts:  [5, 5, 5, 5]
[2026-04-02 14:13:30] Building model with input window duration: 4.1875 s
[2026-04-02 14:13:30] Pretrained weight loading:
[2026-04-02 14:13:30]   Downloaded keys:        179
[2026-04-02 14:13:30]   Filtered (transformer): 172
[2026-04-02 14:13:30]   Filtered (pos_encoder): 0
[2026-04-02 14:13:30]   Keys to load:           7
[2026-04-02 14:13:30]   Missing keys:           4
[2026-04-02 14:13:30]   Unexpected keys:        0
[2026-04-02 14:13:30]   Missing preview:        ['spatial_conv.1.weight', 'spatial_conv.1.bias', 'final_layer.1.weight', 'final_layer.1.bias']
[2026-04-02 14:13:30]   Unexpected preview:     []
[2026-04-02 14:13:30] Encoder freeze configuration:
[2026-04-02 14:13:30]   Total parameters:        18,192
[2026-04-02 14:13:30]   Trainable parameters:    4,352
[2026-04-02 14:13:30]   Training percentage:     23.9%
[2026-04-02 14:13:30]   Trainable layers: 4
[2026-04-02 14:13:30]     - final_layer.1.bias
[2026-04-02 14:13:30]     - final_layer.1.weight
[2026-04-02 14:13:30]     - spatial_conv.1.bias
[2026-04-02 14:13:30]     - spatial_conv.1.weight
[2026-04-02 14:13:30]     Train generator seeded: True
[2026-04-02 14:13:50]     Stopped epoch:            2164
[2026-04-02 14:13:50]     Best epoch (valid_loss):  2114
[2026-04-02 14:13:50]     Best valid_loss:          0.06380793452262878
[2026-04-02 14:13:50]     Test accuracy (primary):  1.0000
[2026-04-02 14:13:50]     Test balanced acc:        1.0000
[2026-04-02 14:13:50]     Confusion matrix:         [[5, 0, 0, 0], [0, 5, 0, 0], [0, 0, 5, 0], [0, 0, 0, 5]]
[2026-04-02 14:13:50]     Prediction histogram:     [5, 5, 5, 5]
[2026-04-02 14:13:50]     fold_acc=1.0000 fold_bal_acc=1.0000 cm=[[5, 0, 0, 0], [0, 5, 0, 0], [0, 0, 5, 0], [0, 0, 0, 5]]
[2026-04-02 14:13:50]   Subject 52 Fold 3 seed: 5245
[2026-04-02 14:13:50]   Subject 52 Fold 3: n_train=64 n_val=16 n_test=20
[2026-04-02 14:13:50]     Train class counts: [16, 16, 16, 16]
[2026-04-02 14:13:50]     Val class counts:   [4, 4, 4, 4]
[2026-04-02 14:13:50]     Test class counts:  [5, 5, 5, 5]
[2026-04-02 14:13:50] Building model with input window duration: 4.1875 s
[2026-04-02 14:13:50] Pretrained weight loading:
[2026-04-02 14:13:50]   Downloaded keys:        179
[2026-04-02 14:13:50]   Filtered (transformer): 172
[2026-04-02 14:13:50]   Filtered (pos_encoder): 0
[2026-04-02 14:13:50]   Keys to load:           7
[2026-04-02 14:13:50]   Missing keys:           4
[2026-04-02 14:13:50]   Unexpected keys:        0
[2026-04-02 14:13:50]   Missing preview:        ['spatial_conv.1.weight', 'spatial_conv.1.bias', 'final_layer.1.weight', 'final_layer.1.bias']
[2026-04-02 14:13:50]   Unexpected preview:     []
[2026-04-02 14:13:50] Encoder freeze configuration:
[2026-04-02 14:13:50]   Total parameters:        18,192
[2026-04-02 14:13:50]   Trainable parameters:    4,352
[2026-04-02 14:13:50]   Training percentage:     23.9%
[2026-04-02 14:13:50]   Trainable layers: 4
[2026-04-02 14:13:50]     - final_layer.1.bias
[2026-04-02 14:13:50]     - final_layer.1.weight
[2026-04-02 14:13:50]     - spatial_conv.1.bias
[2026-04-02 14:13:50]     - spatial_conv.1.weight
[2026-04-02 14:13:50]     Train generator seeded: True
[2026-04-02 14:14:08]     Stopped epoch:            1998
[2026-04-02 14:14:08]     Best epoch (valid_loss):  1948
[2026-04-02 14:14:08]     Best valid_loss:          0.16216541826725006
[2026-04-02 14:14:08]     Test accuracy (primary):  1.0000
[2026-04-02 14:14:08]     Test balanced acc:        1.0000
[2026-04-02 14:14:08]     Confusion matrix:         [[5, 0, 0, 0], [0, 5, 0, 0], [0, 0, 5, 0], [0, 0, 0, 5]]
[2026-04-02 14:14:08]     Prediction histogram:     [5, 5, 5, 5]
[2026-04-02 14:14:08]     fold_acc=1.0000 fold_bal_acc=1.0000 cm=[[5, 0, 0, 0], [0, 5, 0, 0], [0, 0, 5, 0], [0, 0, 0, 5]]
[2026-04-02 14:14:08]   Subject 52 Fold 4 seed: 5246
[2026-04-02 14:14:08]   Subject 52 Fold 4: n_train=64 n_val=16 n_test=20
[2026-04-02 14:14:08]     Train class counts: [16, 16, 16, 16]
[2026-04-02 14:14:08]     Val class counts:   [4, 4, 4, 4]
[2026-04-02 14:14:08]     Test class counts:  [5, 5, 5, 5]
[2026-04-02 14:14:08] Building model with input window duration: 4.1875 s
[2026-04-02 14:14:08] Pretrained weight loading:
[2026-04-02 14:14:08]   Downloaded keys:        179
[2026-04-02 14:14:08]   Filtered (transformer): 172
[2026-04-02 14:14:08]   Filtered (pos_encoder): 0
[2026-04-02 14:14:08]   Keys to load:           7
[2026-04-02 14:14:08]   Missing keys:           4
[2026-04-02 14:14:08]   Unexpected keys:        0
[2026-04-02 14:14:08]   Missing preview:        ['spatial_conv.1.weight', 'spatial_conv.1.bias', 'final_layer.1.weight', 'final_layer.1.bias']
[2026-04-02 14:14:08]   Unexpected preview:     []
[2026-04-02 14:14:08] Encoder freeze configuration:
[2026-04-02 14:14:08]   Total parameters:        18,192
[2026-04-02 14:14:08]   Trainable parameters:    4,352
[2026-04-02 14:14:08]   Training percentage:     23.9%
[2026-04-02 14:14:08]   Trainable layers: 4
[2026-04-02 14:14:08]     - final_layer.1.bias
[2026-04-02 14:14:08]     - final_layer.1.weight
[2026-04-02 14:14:08]     - spatial_conv.1.bias
[2026-04-02 14:14:08]     - spatial_conv.1.weight
[2026-04-02 14:14:08]     Train generator seeded: True
[2026-04-02 14:14:25]     Stopped epoch:            1855
[2026-04-02 14:14:25]     Best epoch (valid_loss):  1805
[2026-04-02 14:14:25]     Best valid_loss:          0.04057779908180237
[2026-04-02 14:14:25]     Test accuracy (primary):  0.8500
[2026-04-02 14:14:25]     Test balanced acc:        0.8500
[2026-04-02 14:14:25]     Confusion matrix:         [[3, 0, 0, 2], [1, 4, 0, 0], [0, 0, 5, 0], [0, 0, 0, 5]]
[2026-04-02 14:14:25]     Prediction histogram:     [4, 4, 5, 7]
[2026-04-02 14:14:25]     fold_acc=0.8500 fold_bal_acc=0.8500 cm=[[3, 0, 0, 2], [1, 4, 0, 0], [0, 0, 5, 0], [0, 0, 0, 5]]
[2026-04-02 14:14:25]   Subject 52 Fold 5 seed: 5247
[2026-04-02 14:14:25]   Subject 52 Fold 5: n_train=64 n_val=16 n_test=20
[2026-04-02 14:14:25]     Train class counts: [16, 16, 16, 16]
[2026-04-02 14:14:25]     Val class counts:   [4, 4, 4, 4]
[2026-04-02 14:14:25]     Test class counts:  [5, 5, 5, 5]
[2026-04-02 14:14:25] Building model with input window duration: 4.1875 s
[2026-04-02 14:14:25] Pretrained weight loading:
[2026-04-02 14:14:25]   Downloaded keys:        179
[2026-04-02 14:14:25]   Filtered (transformer): 172
[2026-04-02 14:14:25]   Filtered (pos_encoder): 0
[2026-04-02 14:14:25]   Keys to load:           7
[2026-04-02 14:14:25]   Missing keys:           4
[2026-04-02 14:14:25]   Unexpected keys:        0
[2026-04-02 14:14:25]   Missing preview:        ['spatial_conv.1.weight', 'spatial_conv.1.bias', 'final_layer.1.weight', 'final_layer.1.bias']
[2026-04-02 14:14:25]   Unexpected preview:     []
[2026-04-02 14:14:25] Encoder freeze configuration:
[2026-04-02 14:14:25]   Total parameters:        18,192
[2026-04-02 14:14:25]   Trainable parameters:    4,352
[2026-04-02 14:14:25]   Training percentage:     23.9%
[2026-04-02 14:14:25]   Trainable layers: 4
[2026-04-02 14:14:25]     - final_layer.1.bias
[2026-04-02 14:14:25]     - final_layer.1.weight
[2026-04-02 14:14:25]     - spatial_conv.1.bias
[2026-04-02 14:14:25]     - spatial_conv.1.weight
[2026-04-02 14:14:25]     Train generator seeded: True
[2026-04-02 14:14:29]     Stopped epoch:            337
[2026-04-02 14:14:29]     Best epoch (valid_loss):  287
[2026-04-02 14:14:29]     Best valid_loss:          0.2680138945579529
[2026-04-02 14:14:29]     Test accuracy (primary):  0.9500
[2026-04-02 14:14:29]     Test balanced acc:        0.9500
[2026-04-02 14:14:29]     Confusion matrix:         [[4, 0, 0, 1], [0, 5, 0, 0], [0, 0, 5, 0], [0, 0, 0, 5]]
[2026-04-02 14:14:29]     Prediction histogram:     [4, 5, 5, 6]
[2026-04-02 14:14:29]     fold_acc=0.9500 fold_bal_acc=0.9500 cm=[[4, 0, 0, 1], [0, 5, 0, 0], [0, 0, 5, 0], [0, 0, 0, 5]]
[2026-04-02 14:14:29]   Subject 52 mean accuracy: 0.9500

[2026-04-02 14:14:29] Subject 53: 100 windows class_counts=[25, 25, 25, 25]
[2026-04-02 14:14:29]   Fold 1 split seed: 43
[2026-04-02 14:14:29]   Fold 1 split class counts:
[2026-04-02 14:14:29]     train=[16, 16, 16, 16] val=[4, 4, 4, 4] test=[5, 5, 5, 5]
[2026-04-02 14:14:29]   Fold 2 split seed: 44
[2026-04-02 14:14:29]   Fold 2 split class counts:
[2026-04-02 14:14:29]     train=[16, 16, 16, 16] val=[4, 4, 4, 4] test=[5, 5, 5, 5]
[2026-04-02 14:14:29]   Fold 3 split seed: 45
[2026-04-02 14:14:29]   Fold 3 split class counts:
[2026-04-02 14:14:29]     train=[16, 16, 16, 16] val=[4, 4, 4, 4] test=[5, 5, 5, 5]
[2026-04-02 14:14:29]   Fold 4 split seed: 46
[2026-04-02 14:14:29]   Fold 4 split class counts:
[2026-04-02 14:14:29]     train=[16, 16, 16, 16] val=[4, 4, 4, 4] test=[5, 5, 5, 5]
[2026-04-02 14:14:29]   Fold 5 split seed: 47
[2026-04-02 14:14:29]   Fold 5 split class counts:
[2026-04-02 14:14:29]     train=[16, 16, 16, 16] val=[4, 4, 4, 4] test=[5, 5, 5, 5]
[2026-04-02 14:14:29]   Subject 53 Fold 1 seed: 5343
[2026-04-02 14:14:29]   Subject 53 Fold 1: n_train=64 n_val=16 n_test=20
[2026-04-02 14:14:29]     Train class counts: [16, 16, 16, 16]
[2026-04-02 14:14:29]     Val class counts:   [4, 4, 4, 4]
[2026-04-02 14:14:29]     Test class counts:  [5, 5, 5, 5]
[2026-04-02 14:14:29] Building model with input window duration: 4.1875 s
[2026-04-02 14:14:29] Pretrained weight loading:
[2026-04-02 14:14:29]   Downloaded keys:        179
[2026-04-02 14:14:29]   Filtered (transformer): 172
[2026-04-02 14:14:29]   Filtered (pos_encoder): 0
[2026-04-02 14:14:29]   Keys to load:           7
[2026-04-02 14:14:29]   Missing keys:           4
[2026-04-02 14:14:29]   Unexpected keys:        0
[2026-04-02 14:14:29]   Missing preview:        ['spatial_conv.1.weight', 'spatial_conv.1.bias', 'final_layer.1.weight', 'final_layer.1.bias']
[2026-04-02 14:14:29]   Unexpected preview:     []
[2026-04-02 14:14:29] Encoder freeze configuration:
[2026-04-02 14:14:29]   Total parameters:        18,192
[2026-04-02 14:14:29]   Trainable parameters:    4,352
[2026-04-02 14:14:29]   Training percentage:     23.9%
[2026-04-02 14:14:29]   Trainable layers: 4
[2026-04-02 14:14:29]     - final_layer.1.bias
[2026-04-02 14:14:29]     - final_layer.1.weight
[2026-04-02 14:14:29]     - spatial_conv.1.bias
[2026-04-02 14:14:29]     - spatial_conv.1.weight
[2026-04-02 14:14:29]     Train generator seeded: True
[2026-04-02 14:14:47]     Stopped epoch:            1943
[2026-04-02 14:14:47]     Best epoch (valid_loss):  1893
[2026-04-02 14:14:47]     Best valid_loss:          0.057250335812568665
[2026-04-02 14:14:47]     Test accuracy (primary):  1.0000
[2026-04-02 14:14:47]     Test balanced acc:        1.0000
[2026-04-02 14:14:47]     Confusion matrix:         [[5, 0, 0, 0], [0, 5, 0, 0], [0, 0, 5, 0], [0, 0, 0, 5]]
[2026-04-02 14:14:47]     Prediction histogram:     [5, 5, 5, 5]
[2026-04-02 14:14:47]     fold_acc=1.0000 fold_bal_acc=1.0000 cm=[[5, 0, 0, 0], [0, 5, 0, 0], [0, 0, 5, 0], [0, 0, 0, 5]]
[2026-04-02 14:14:47]   Subject 53 Fold 2 seed: 5344
[2026-04-02 14:14:47]   Subject 53 Fold 2: n_train=64 n_val=16 n_test=20
[2026-04-02 14:14:47]     Train class counts: [16, 16, 16, 16]
[2026-04-02 14:14:47]     Val class counts:   [4, 4, 4, 4]
[2026-04-02 14:14:47]     Test class counts:  [5, 5, 5, 5]
[2026-04-02 14:14:47] Building model with input window duration: 4.1875 s
[2026-04-02 14:14:47] Pretrained weight loading:
[2026-04-02 14:14:47]   Downloaded keys:        179
[2026-04-02 14:14:47]   Filtered (transformer): 172
[2026-04-02 14:14:47]   Filtered (pos_encoder): 0
[2026-04-02 14:14:47]   Keys to load:           7
[2026-04-02 14:14:47]   Missing keys:           4
[2026-04-02 14:14:47]   Unexpected keys:        0
[2026-04-02 14:14:47]   Missing preview:        ['spatial_conv.1.weight', 'spatial_conv.1.bias', 'final_layer.1.weight', 'final_layer.1.bias']
[2026-04-02 14:14:47]   Unexpected preview:     []
[2026-04-02 14:14:47] Encoder freeze configuration:
[2026-04-02 14:14:47]   Total parameters:        18,192
[2026-04-02 14:14:47]   Trainable parameters:    4,352
[2026-04-02 14:14:47]   Training percentage:     23.9%
[2026-04-02 14:14:47]   Trainable layers: 4
[2026-04-02 14:14:47]     - final_layer.1.bias
[2026-04-02 14:14:47]     - final_layer.1.weight
[2026-04-02 14:14:47]     - spatial_conv.1.bias
[2026-04-02 14:14:47]     - spatial_conv.1.weight
[2026-04-02 14:14:47]     Train generator seeded: True
[2026-04-02 14:14:48]     Stopped epoch:            156
[2026-04-02 14:14:48]     Best epoch (valid_loss):  106
[2026-04-02 14:14:48]     Best valid_loss:          0.6070571541786194
[2026-04-02 14:14:48]     Test accuracy (primary):  1.0000
[2026-04-02 14:14:48]     Test balanced acc:        1.0000
[2026-04-02 14:14:48]     Confusion matrix:         [[5, 0, 0, 0], [0, 5, 0, 0], [0, 0, 5, 0], [0, 0, 0, 5]]
[2026-04-02 14:14:48]     Prediction histogram:     [5, 5, 5, 5]
[2026-04-02 14:14:48]     fold_acc=1.0000 fold_bal_acc=1.0000 cm=[[5, 0, 0, 0], [0, 5, 0, 0], [0, 0, 5, 0], [0, 0, 0, 5]]
[2026-04-02 14:14:48]   Subject 53 Fold 3 seed: 5345
[2026-04-02 14:14:48]   Subject 53 Fold 3: n_train=64 n_val=16 n_test=20
[2026-04-02 14:14:48]     Train class counts: [16, 16, 16, 16]
[2026-04-02 14:14:48]     Val class counts:   [4, 4, 4, 4]
[2026-04-02 14:14:48]     Test class counts:  [5, 5, 5, 5]
[2026-04-02 14:14:48] Building model with input window duration: 4.1875 s
[2026-04-02 14:14:48] Pretrained weight loading:
[2026-04-02 14:14:48]   Downloaded keys:        179
[2026-04-02 14:14:48]   Filtered (transformer): 172
[2026-04-02 14:14:48]   Filtered (pos_encoder): 0
[2026-04-02 14:14:48]   Keys to load:           7
[2026-04-02 14:14:48]   Missing keys:           4
[2026-04-02 14:14:48]   Unexpected keys:        0
[2026-04-02 14:14:48]   Missing preview:        ['spatial_conv.1.weight', 'spatial_conv.1.bias', 'final_layer.1.weight', 'final_layer.1.bias']
[2026-04-02 14:14:48]   Unexpected preview:     []
[2026-04-02 14:14:48] Encoder freeze configuration:
[2026-04-02 14:14:48]   Total parameters:        18,192
[2026-04-02 14:14:48]   Trainable parameters:    4,352
[2026-04-02 14:14:48]   Training percentage:     23.9%
[2026-04-02 14:14:48]   Trainable layers: 4
[2026-04-02 14:14:48]     - final_layer.1.bias
[2026-04-02 14:14:48]     - final_layer.1.weight
[2026-04-02 14:14:48]     - spatial_conv.1.bias
[2026-04-02 14:14:48]     - spatial_conv.1.weight
[2026-04-02 14:14:48]     Train generator seeded: True
[2026-04-02 14:14:51]     Stopped epoch:            305
[2026-04-02 14:14:51]     Best epoch (valid_loss):  255
[2026-04-02 14:14:51]     Best valid_loss:          0.45676684379577637
[2026-04-02 14:14:51]     Test accuracy (primary):  0.9500
[2026-04-02 14:14:51]     Test balanced acc:        0.9500
[2026-04-02 14:14:51]     Confusion matrix:         [[5, 0, 0, 0], [0, 5, 0, 0], [0, 0, 5, 0], [0, 1, 0, 4]]
[2026-04-02 14:14:51]     Prediction histogram:     [5, 6, 5, 4]
[2026-04-02 14:14:51]     fold_acc=0.9500 fold_bal_acc=0.9500 cm=[[5, 0, 0, 0], [0, 5, 0, 0], [0, 0, 5, 0], [0, 1, 0, 4]]
[2026-04-02 14:14:51]   Subject 53 Fold 4 seed: 5346
[2026-04-02 14:14:51]   Subject 53 Fold 4: n_train=64 n_val=16 n_test=20
[2026-04-02 14:14:51]     Train class counts: [16, 16, 16, 16]
[2026-04-02 14:14:51]     Val class counts:   [4, 4, 4, 4]
[2026-04-02 14:14:51]     Test class counts:  [5, 5, 5, 5]
[2026-04-02 14:14:51] Building model with input window duration: 4.1875 s
[2026-04-02 14:14:51] Pretrained weight loading:
[2026-04-02 14:14:51]   Downloaded keys:        179
[2026-04-02 14:14:51]   Filtered (transformer): 172
[2026-04-02 14:14:51]   Filtered (pos_encoder): 0
[2026-04-02 14:14:51]   Keys to load:           7
[2026-04-02 14:14:51]   Missing keys:           4
[2026-04-02 14:14:51]   Unexpected keys:        0
[2026-04-02 14:14:51]   Missing preview:        ['spatial_conv.1.weight', 'spatial_conv.1.bias', 'final_layer.1.weight', 'final_layer.1.bias']
[2026-04-02 14:14:51]   Unexpected preview:     []
[2026-04-02 14:14:51] Encoder freeze configuration:
[2026-04-02 14:14:51]   Total parameters:        18,192
[2026-04-02 14:14:51]   Trainable parameters:    4,352
[2026-04-02 14:14:51]   Training percentage:     23.9%
[2026-04-02 14:14:51]   Trainable layers: 4
[2026-04-02 14:14:51]     - final_layer.1.bias
[2026-04-02 14:14:51]     - final_layer.1.weight
[2026-04-02 14:14:51]     - spatial_conv.1.bias
[2026-04-02 14:14:51]     - spatial_conv.1.weight
[2026-04-02 14:14:51]     Train generator seeded: True
[2026-04-02 14:15:12]     Stopped epoch:            2307
[2026-04-02 14:15:12]     Best epoch (valid_loss):  2257
[2026-04-02 14:15:12]     Best valid_loss:          0.01967845857143402
[2026-04-02 14:15:12]     Test accuracy (primary):  1.0000
[2026-04-02 14:15:12]     Test balanced acc:        1.0000
[2026-04-02 14:15:12]     Confusion matrix:         [[5, 0, 0, 0], [0, 5, 0, 0], [0, 0, 5, 0], [0, 0, 0, 5]]
[2026-04-02 14:15:12]     Prediction histogram:     [5, 5, 5, 5]
[2026-04-02 14:15:12]     fold_acc=1.0000 fold_bal_acc=1.0000 cm=[[5, 0, 0, 0], [0, 5, 0, 0], [0, 0, 5, 0], [0, 0, 0, 5]]
[2026-04-02 14:15:12]   Subject 53 Fold 5 seed: 5347
[2026-04-02 14:15:12]   Subject 53 Fold 5: n_train=64 n_val=16 n_test=20
[2026-04-02 14:15:12]     Train class counts: [16, 16, 16, 16]
[2026-04-02 14:15:12]     Val class counts:   [4, 4, 4, 4]
[2026-04-02 14:15:12]     Test class counts:  [5, 5, 5, 5]
[2026-04-02 14:15:12] Building model with input window duration: 4.1875 s
[2026-04-02 14:15:12] Pretrained weight loading:
[2026-04-02 14:15:12]   Downloaded keys:        179
[2026-04-02 14:15:12]   Filtered (transformer): 172
[2026-04-02 14:15:12]   Filtered (pos_encoder): 0
[2026-04-02 14:15:12]   Keys to load:           7
[2026-04-02 14:15:12]   Missing keys:           4
[2026-04-02 14:15:12]   Unexpected keys:        0
[2026-04-02 14:15:12]   Missing preview:        ['spatial_conv.1.weight', 'spatial_conv.1.bias', 'final_layer.1.weight', 'final_layer.1.bias']
[2026-04-02 14:15:12]   Unexpected preview:     []
[2026-04-02 14:15:12] Encoder freeze configuration:
[2026-04-02 14:15:12]   Total parameters:        18,192
[2026-04-02 14:15:12]   Trainable parameters:    4,352
[2026-04-02 14:15:12]   Training percentage:     23.9%
[2026-04-02 14:15:12]   Trainable layers: 4
[2026-04-02 14:15:12]     - final_layer.1.bias
[2026-04-02 14:15:12]     - final_layer.1.weight
[2026-04-02 14:15:12]     - spatial_conv.1.bias
[2026-04-02 14:15:12]     - spatial_conv.1.weight
[2026-04-02 14:15:12]     Train generator seeded: True
[2026-04-02 14:15:27]     Stopped epoch:            1570
[2026-04-02 14:15:27]     Best epoch (valid_loss):  1520
[2026-04-02 14:15:27]     Best valid_loss:          0.1396893858909607
[2026-04-02 14:15:27]     Test accuracy (primary):  0.9500
[2026-04-02 14:15:27]     Test balanced acc:        0.9500
[2026-04-02 14:15:27]     Confusion matrix:         [[4, 0, 0, 1], [0, 5, 0, 0], [0, 0, 5, 0], [0, 0, 0, 5]]
[2026-04-02 14:15:27]     Prediction histogram:     [4, 5, 5, 6]
[2026-04-02 14:15:27]     fold_acc=0.9500 fold_bal_acc=0.9500 cm=[[4, 0, 0, 1], [0, 5, 0, 0], [0, 0, 5, 0], [0, 0, 0, 5]]
[2026-04-02 14:15:27]   Subject 53 mean accuracy: 0.9800

[2026-04-02 14:15:27] Subject 54: 100 windows class_counts=[25, 25, 25, 25]
[2026-04-02 14:15:27]   Fold 1 split seed: 43
[2026-04-02 14:15:27]   Fold 1 split class counts:
[2026-04-02 14:15:27]     train=[16, 16, 16, 16] val=[4, 4, 4, 4] test=[5, 5, 5, 5]
[2026-04-02 14:15:27]   Fold 2 split seed: 44
[2026-04-02 14:15:27]   Fold 2 split class counts:
[2026-04-02 14:15:27]     train=[16, 16, 16, 16] val=[4, 4, 4, 4] test=[5, 5, 5, 5]
[2026-04-02 14:15:27]   Fold 3 split seed: 45
[2026-04-02 14:15:27]   Fold 3 split class counts:
[2026-04-02 14:15:27]     train=[16, 16, 16, 16] val=[4, 4, 4, 4] test=[5, 5, 5, 5]
[2026-04-02 14:15:27]   Fold 4 split seed: 46
[2026-04-02 14:15:27]   Fold 4 split class counts:
[2026-04-02 14:15:27]     train=[16, 16, 16, 16] val=[4, 4, 4, 4] test=[5, 5, 5, 5]
[2026-04-02 14:15:27]   Fold 5 split seed: 47
[2026-04-02 14:15:27]   Fold 5 split class counts:
[2026-04-02 14:15:27]     train=[16, 16, 16, 16] val=[4, 4, 4, 4] test=[5, 5, 5, 5]
[2026-04-02 14:15:27]   Subject 54 Fold 1 seed: 5443
[2026-04-02 14:15:27]   Subject 54 Fold 1: n_train=64 n_val=16 n_test=20
[2026-04-02 14:15:27]     Train class counts: [16, 16, 16, 16]
[2026-04-02 14:15:27]     Val class counts:   [4, 4, 4, 4]
[2026-04-02 14:15:27]     Test class counts:  [5, 5, 5, 5]
[2026-04-02 14:15:27] Building model with input window duration: 4.1875 s
[2026-04-02 14:15:27] Pretrained weight loading:
[2026-04-02 14:15:27]   Downloaded keys:        179
[2026-04-02 14:15:27]   Filtered (transformer): 172
[2026-04-02 14:15:27]   Filtered (pos_encoder): 0
[2026-04-02 14:15:27]   Keys to load:           7
[2026-04-02 14:15:27]   Missing keys:           4
[2026-04-02 14:15:27]   Unexpected keys:        0
[2026-04-02 14:15:27]   Missing preview:        ['spatial_conv.1.weight', 'spatial_conv.1.bias', 'final_layer.1.weight', 'final_layer.1.bias']
[2026-04-02 14:15:27]   Unexpected preview:     []
[2026-04-02 14:15:27] Encoder freeze configuration:
[2026-04-02 14:15:27]   Total parameters:        18,192
[2026-04-02 14:15:27]   Trainable parameters:    4,352
[2026-04-02 14:15:27]   Training percentage:     23.9%
[2026-04-02 14:15:27]   Trainable layers: 4
[2026-04-02 14:15:27]     - final_layer.1.bias
[2026-04-02 14:15:27]     - final_layer.1.weight
[2026-04-02 14:15:27]     - spatial_conv.1.bias
[2026-04-02 14:15:27]     - spatial_conv.1.weight
[2026-04-02 14:15:27]     Train generator seeded: True
[2026-04-02 14:15:29]     Stopped epoch:            223
[2026-04-02 14:15:29]     Best epoch (valid_loss):  173
[2026-04-02 14:15:29]     Best valid_loss:          0.9087851047515869
[2026-04-02 14:15:29]     Test accuracy (primary):  0.7000
[2026-04-02 14:15:29]     Test balanced acc:        0.7000
[2026-04-02 14:15:29]     Confusion matrix:         [[5, 0, 0, 0], [1, 3, 0, 1], [2, 1, 2, 0], [1, 0, 0, 4]]
[2026-04-02 14:15:29]     Prediction histogram:     [9, 4, 2, 5]
[2026-04-02 14:15:29]     fold_acc=0.7000 fold_bal_acc=0.7000 cm=[[5, 0, 0, 0], [1, 3, 0, 1], [2, 1, 2, 0], [1, 0, 0, 4]]
[2026-04-02 14:15:29]   Subject 54 Fold 2 seed: 5444
[2026-04-02 14:15:29]   Subject 54 Fold 2: n_train=64 n_val=16 n_test=20
[2026-04-02 14:15:29]     Train class counts: [16, 16, 16, 16]
[2026-04-02 14:15:29]     Val class counts:   [4, 4, 4, 4]
[2026-04-02 14:15:29]     Test class counts:  [5, 5, 5, 5]
[2026-04-02 14:15:29] Building model with input window duration: 4.1875 s
[2026-04-02 14:15:29] Pretrained weight loading:
[2026-04-02 14:15:29]   Downloaded keys:        179
[2026-04-02 14:15:29]   Filtered (transformer): 172
[2026-04-02 14:15:29]   Filtered (pos_encoder): 0
[2026-04-02 14:15:29]   Keys to load:           7
[2026-04-02 14:15:29]   Missing keys:           4
[2026-04-02 14:15:29]   Unexpected keys:        0
[2026-04-02 14:15:29]   Missing preview:        ['spatial_conv.1.weight', 'spatial_conv.1.bias', 'final_layer.1.weight', 'final_layer.1.bias']
[2026-04-02 14:15:29]   Unexpected preview:     []
[2026-04-02 14:15:29] Encoder freeze configuration:
[2026-04-02 14:15:29]   Total parameters:        18,192
[2026-04-02 14:15:29]   Trainable parameters:    4,352
[2026-04-02 14:15:29]   Training percentage:     23.9%
[2026-04-02 14:15:29]   Trainable layers: 4
[2026-04-02 14:15:29]     - final_layer.1.bias
[2026-04-02 14:15:29]     - final_layer.1.weight
[2026-04-02 14:15:29]     - spatial_conv.1.bias
[2026-04-02 14:15:29]     - spatial_conv.1.weight
[2026-04-02 14:15:29]     Train generator seeded: True
[2026-04-02 14:15:31]     Stopped epoch:            247
[2026-04-02 14:15:31]     Best epoch (valid_loss):  209
[2026-04-02 14:15:31]     Best valid_loss:          0.6961864233016968
[2026-04-02 14:15:31]     Test accuracy (primary):  0.8000
[2026-04-02 14:15:31]     Test balanced acc:        0.8000
[2026-04-02 14:15:31]     Confusion matrix:         [[5, 0, 0, 0], [0, 3, 1, 1], [0, 0, 4, 1], [0, 1, 0, 4]]
[2026-04-02 14:15:31]     Prediction histogram:     [5, 4, 5, 6]
[2026-04-02 14:15:31]     fold_acc=0.8000 fold_bal_acc=0.8000 cm=[[5, 0, 0, 0], [0, 3, 1, 1], [0, 0, 4, 1], [0, 1, 0, 4]]
[2026-04-02 14:15:31]   Subject 54 Fold 3 seed: 5445
[2026-04-02 14:15:31]   Subject 54 Fold 3: n_train=64 n_val=16 n_test=20
[2026-04-02 14:15:31]     Train class counts: [16, 16, 16, 16]
[2026-04-02 14:15:31]     Val class counts:   [4, 4, 4, 4]
[2026-04-02 14:15:31]     Test class counts:  [5, 5, 5, 5]
[2026-04-02 14:15:31] Building model with input window duration: 4.1875 s
[2026-04-02 14:15:31] Pretrained weight loading:
[2026-04-02 14:15:31]   Downloaded keys:        179
[2026-04-02 14:15:31]   Filtered (transformer): 172
[2026-04-02 14:15:31]   Filtered (pos_encoder): 0
[2026-04-02 14:15:31]   Keys to load:           7
[2026-04-02 14:15:31]   Missing keys:           4
[2026-04-02 14:15:31]   Unexpected keys:        0
[2026-04-02 14:15:31]   Missing preview:        ['spatial_conv.1.weight', 'spatial_conv.1.bias', 'final_layer.1.weight', 'final_layer.1.bias']
[2026-04-02 14:15:31]   Unexpected preview:     []
[2026-04-02 14:15:31] Encoder freeze configuration:
[2026-04-02 14:15:31]   Total parameters:        18,192
[2026-04-02 14:15:31]   Trainable parameters:    4,352
[2026-04-02 14:15:31]   Training percentage:     23.9%
[2026-04-02 14:15:31]   Trainable layers: 4
[2026-04-02 14:15:31]     - final_layer.1.bias
[2026-04-02 14:15:31]     - final_layer.1.weight
[2026-04-02 14:15:31]     - spatial_conv.1.bias
[2026-04-02 14:15:31]     - spatial_conv.1.weight
[2026-04-02 14:15:31]     Train generator seeded: True
[2026-04-02 14:15:34]     Stopped epoch:            294
[2026-04-02 14:15:34]     Best epoch (valid_loss):  244
[2026-04-02 14:15:34]     Best valid_loss:          0.5421339273452759
[2026-04-02 14:15:34]     Test accuracy (primary):  0.8500
[2026-04-02 14:15:34]     Test balanced acc:        0.8500
[2026-04-02 14:15:34]     Confusion matrix:         [[4, 0, 1, 0], [0, 4, 0, 1], [0, 0, 4, 1], [0, 0, 0, 5]]
[2026-04-02 14:15:34]     Prediction histogram:     [4, 4, 5, 7]
[2026-04-02 14:15:34]     fold_acc=0.8500 fold_bal_acc=0.8500 cm=[[4, 0, 1, 0], [0, 4, 0, 1], [0, 0, 4, 1], [0, 0, 0, 5]]
[2026-04-02 14:15:34]   Subject 54 Fold 4 seed: 5446
[2026-04-02 14:15:34]   Subject 54 Fold 4: n_train=64 n_val=16 n_test=20
[2026-04-02 14:15:34]     Train class counts: [16, 16, 16, 16]
[2026-04-02 14:15:34]     Val class counts:   [4, 4, 4, 4]
[2026-04-02 14:15:34]     Test class counts:  [5, 5, 5, 5]
[2026-04-02 14:15:34] Building model with input window duration: 4.1875 s
[2026-04-02 14:15:34] Pretrained weight loading:
[2026-04-02 14:15:34]   Downloaded keys:        179
[2026-04-02 14:15:34]   Filtered (transformer): 172
[2026-04-02 14:15:34]   Filtered (pos_encoder): 0
[2026-04-02 14:15:34]   Keys to load:           7
[2026-04-02 14:15:34]   Missing keys:           4
[2026-04-02 14:15:34]   Unexpected keys:        0
[2026-04-02 14:15:34]   Missing preview:        ['spatial_conv.1.weight', 'spatial_conv.1.bias', 'final_layer.1.weight', 'final_layer.1.bias']
[2026-04-02 14:15:34]   Unexpected preview:     []
[2026-04-02 14:15:34] Encoder freeze configuration:
[2026-04-02 14:15:34]   Total parameters:        18,192
[2026-04-02 14:15:34]   Trainable parameters:    4,352
[2026-04-02 14:15:34]   Training percentage:     23.9%
[2026-04-02 14:15:34]   Trainable layers: 4
[2026-04-02 14:15:34]     - final_layer.1.bias
[2026-04-02 14:15:34]     - final_layer.1.weight
[2026-04-02 14:15:34]     - spatial_conv.1.bias
[2026-04-02 14:15:34]     - spatial_conv.1.weight
[2026-04-02 14:15:34]     Train generator seeded: True
[2026-04-02 14:15:38]     Stopped epoch:            437
[2026-04-02 14:15:38]     Best epoch (valid_loss):  387
[2026-04-02 14:15:38]     Best valid_loss:          0.7470455169677734
[2026-04-02 14:15:38]     Test accuracy (primary):  0.6000
[2026-04-02 14:15:38]     Test balanced acc:        0.6000
[2026-04-02 14:15:38]     Confusion matrix:         [[5, 0, 0, 0], [0, 2, 2, 1], [0, 1, 2, 2], [0, 2, 0, 3]]
[2026-04-02 14:15:38]     Prediction histogram:     [5, 5, 4, 6]
[2026-04-02 14:15:38]     fold_acc=0.6000 fold_bal_acc=0.6000 cm=[[5, 0, 0, 0], [0, 2, 2, 1], [0, 1, 2, 2], [0, 2, 0, 3]]
[2026-04-02 14:15:38]   Subject 54 Fold 5 seed: 5447
[2026-04-02 14:15:38]   Subject 54 Fold 5: n_train=64 n_val=16 n_test=20
[2026-04-02 14:15:38]     Train class counts: [16, 16, 16, 16]
[2026-04-02 14:15:38]     Val class counts:   [4, 4, 4, 4]
[2026-04-02 14:15:38]     Test class counts:  [5, 5, 5, 5]
[2026-04-02 14:15:38] Building model with input window duration: 4.1875 s
[2026-04-02 14:15:38] Pretrained weight loading:
[2026-04-02 14:15:38]   Downloaded keys:        179
[2026-04-02 14:15:38]   Filtered (transformer): 172
[2026-04-02 14:15:38]   Filtered (pos_encoder): 0
[2026-04-02 14:15:38]   Keys to load:           7
[2026-04-02 14:15:38]   Missing keys:           4
[2026-04-02 14:15:38]   Unexpected keys:        0
[2026-04-02 14:15:38]   Missing preview:        ['spatial_conv.1.weight', 'spatial_conv.1.bias', 'final_layer.1.weight', 'final_layer.1.bias']
[2026-04-02 14:15:38]   Unexpected preview:     []
[2026-04-02 14:15:38] Encoder freeze configuration:
[2026-04-02 14:15:38]   Total parameters:        18,192
[2026-04-02 14:15:38]   Trainable parameters:    4,352
[2026-04-02 14:15:38]   Training percentage:     23.9%
[2026-04-02 14:15:38]   Trainable layers: 4
[2026-04-02 14:15:38]     - final_layer.1.bias
[2026-04-02 14:15:38]     - final_layer.1.weight
[2026-04-02 14:15:38]     - spatial_conv.1.bias
[2026-04-02 14:15:38]     - spatial_conv.1.weight
[2026-04-02 14:15:38]     Train generator seeded: True
[2026-04-02 14:15:39]     Stopped epoch:            160
[2026-04-02 14:15:39]     Best epoch (valid_loss):  110
[2026-04-02 14:15:39]     Best valid_loss:          1.1938533782958984
[2026-04-02 14:15:39]     Test accuracy (primary):  0.6000
[2026-04-02 14:15:39]     Test balanced acc:        0.6000
[2026-04-02 14:15:39]     Confusion matrix:         [[2, 1, 2, 0], [0, 2, 2, 1], [1, 1, 3, 0], [0, 0, 0, 5]]
[2026-04-02 14:15:39]     Prediction histogram:     [3, 4, 7, 6]
[2026-04-02 14:15:39]     fold_acc=0.6000 fold_bal_acc=0.6000 cm=[[2, 1, 2, 0], [0, 2, 2, 1], [1, 1, 3, 0], [0, 0, 0, 5]]
[2026-04-02 14:15:39]   Subject 54 mean accuracy: 0.7100

[2026-04-02 14:15:39] Total folds completed: 35
[2026-04-02 14:15:39] ======================================================================
[2026-04-02 14:15:39] AGGREGATED RESULTS
[2026-04-02 14:15:39] ======================================================================
[2026-04-02 14:15:39]   Subject 48:  acc=0.9500±0.0632  bal_acc=0.9500±0.0632
[2026-04-02 14:15:39]   Subject 49:  acc=0.8300±0.0980  bal_acc=0.8300±0.0980
[2026-04-02 14:15:39]   Subject 50:  acc=0.9300±0.0400  bal_acc=0.9300±0.0400
[2026-04-02 14:15:39]   Subject 51:  acc=0.2800±0.0927  bal_acc=0.2800±0.0927
[2026-04-02 14:15:39]   Subject 52:  acc=0.9500±0.0548  bal_acc=0.9500±0.0548
[2026-04-02 14:15:39]   Subject 53:  acc=0.9800±0.0245  bal_acc=0.9800±0.0245
[2026-04-02 14:15:39]   Subject 54:  acc=0.7100±0.1020  bal_acc=0.7100±0.1020
[2026-04-02 14:15:39] ----------------------------------------------------------------------
[2026-04-02 14:15:39]   OVERALL:      acc=0.8043±0.2424  bal_acc=0.8043±0.2424
[2026-04-02 14:15:39] ======================================================================
[2026-04-02 14:15:39] CV results saved to:      /home/vegorov/Repos/eeg_jepa_research/artifacts/lee-2019-fine-tuning/SSVEP/20260402_1407_bcdcc018/cv_results.json
[2026-04-02 14:15:39] Subject metrics saved to: /home/vegorov/Repos/eeg_jepa_research/artifacts/lee-2019-fine-tuning/SSVEP/20260402_1407_bcdcc018/subject_metrics.json
[2026-04-02 14:15:39] Global metrics saved to:  /home/vegorov/Repos/eeg_jepa_research/artifacts/lee-2019-fine-tuning/SSVEP/20260402_1407_bcdcc018/global_metrics.json
[2026-04-02 14:15:39] Run metadata saved to:    /home/vegorov/Repos/eeg_jepa_research/artifacts/lee-2019-fine-tuning/SSVEP/20260402_1407_bcdcc018/run_metadata.json

[2026-04-02 14:15:39] All artifacts in: /home/vegorov/Repos/eeg_jepa_research/artifacts/lee-2019-fine-tuning/SSVEP/20260402_1407_bcdcc018

[2026-04-02 14:15:39] ======================================================================
[2026-04-02 14:15:39] EXPERIMENT SUMMARY
[2026-04-02 14:15:39] ======================================================================
[2026-04-02 14:15:39] Run ID:    20260402_1407_bcdcc018
[2026-04-02 14:15:39] Artifacts: /home/vegorov/Repos/eeg_jepa_research/artifacts/lee-2019-fine-tuning/SSVEP/20260402_1407_bcdcc018

[2026-04-02 14:15:39] Configuration:
[2026-04-02 14:15:39]   Subjects:          [48, 49, 50, 51, 52, 53, 54]
[2026-04-02 14:15:39]   Bandpass:          0.5-40.0 Hz
[2026-04-02 14:15:39]   Resample:          128 Hz
[2026-04-02 14:15:39]   CV folds:          5
[2026-04-02 14:15:39]   Learning rate:     None
[2026-04-02 14:15:39]   Batch size:        32
[2026-04-02 14:15:39]   Max epochs:        5000

[2026-04-02 14:15:39] Results:
[2026-04-02 14:15:39]   Mean Accuracy:          0.8043 ± 0.2424
[2026-04-02 14:15:39]   Mean Balanced Accuracy: 0.8043 ± 0.2424
