[2026-04-02 15:05:54] Using device: mps
[2026-04-02 15:05:54] Seed control enabled: False
[2026-04-02 15:05:54] Base seed: 46
[2026-04-02 15:05:54] Seed control disabled (CONFIG['set_seed'] = False)
[2026-04-02 15:05:54] ======================================================================
[2026-04-02 15:05:54] CONFIGURATION
[2026-04-02 15:05:54] ======================================================================
[2026-04-02 15:05:54]   artifact_dir: /Users/vadim/Documents/School/Spring 2026/CSCE A698 Individual Research/EEG_JEPA/artifacts/lee-2019-fine-tuning
[2026-04-02 15:05:54]   bandpass_high: 40.0
[2026-04-02 15:05:54]   bandpass_low: 0.5
[2026-04-02 15:05:54]   batch_size: 32
[2026-04-02 15:05:54]   convert_to_uV: True
[2026-04-02 15:05:54]   cv_folds: 5
[2026-04-02 15:05:54]   device: auto
[2026-04-02 15:05:54]   early_stopping_patience: 50
[2026-04-02 15:05:54]   learning_rate: 0.001
[2026-04-02 15:05:54]   n_epochs: 5000
[2026-04-02 15:05:54]   normalization_method: None
[2026-04-02 15:05:54]   normalize: False
[2026-04-02 15:05:54]   paradigm: SSVEP
[2026-04-02 15:05:54]   pretrained_url: https://huggingface.co/braindecode/SignalJEPA/resolve/main/signal-jepa_16s-60_adeuwv4s.pth
[2026-04-02 15:05:54]   seed: 46
[2026-04-02 15:05:54]   set_seed: False
[2026-04-02 15:05:54]   sfreq: 128
[2026-04-02 15:05:54]   subjects_to_use: [51]
[2026-04-02 15:05:54]   val_split: 0.2
[2026-04-02 15:05:54] ======================================================================
[2026-04-02 15:05:54] Config saved to: /Users/vadim/Documents/School/Spring 2026/CSCE A698 Individual Research/EEG_JEPA/artifacts/lee-2019-fine-tuning/SSVEP/20260402_1505_9e12498c/config.json
[2026-04-02 15:05:54] Epoch window configuration:
[2026-04-02 15:05:54]   Target sfreq:                128 Hz
[2026-04-02 15:05:54]   Target duration:             4.190000 s
[2026-04-02 15:05:54]   Window samples (rounded):    536
[2026-04-02 15:05:54]   Base trial samples (4.0 s):  512
[2026-04-02 15:05:54]   Trial stop offset samples:   24
[2026-04-02 15:05:54]   Effective window duration:   4.187500 s
[2026-04-02 15:05:54] Using specified subjects from config: [51]
[2026-04-02 15:05:54] Selected subjects: [51]
[2026-04-02 15:05:54] Expected evaluation folds: 5

[2026-04-02 15:05:54] Building MOABBDataset for Lee2019_SSVEP...
[2026-04-02 15:06:08] MOABBDataset recordings loaded: 2
[2026-04-02 15:06:08] Discovered annotation descriptions (first recording): [np.str_('12.0'), np.str_('5.45'), np.str_('6.67'), np.str_('8.57')]
[2026-04-02 15:06:08] Dataset event_id mapping: {'12.0': 1, '8.57': 2, '6.67': 3, '5.45': 4}
[2026-04-02 15:06:08] Label map (event_code -> class_index): {1: 0, 2: 1, 3: 2, 4: 3}
[2026-04-02 15:06:08] Applying Braindecode preprocessors to MOABBDataset...
[2026-04-02 15:06:16] Preprocessing complete.

[2026-04-02 15:06:16] Post-preprocessing validation
[2026-04-02 15:06:16]   Recordings in DATASET: 2
[2026-04-02 15:06:16]   Unique subject IDs:    ['51']
[2026-04-02 15:06:16]   sfreq (first rec):     128.0 Hz
[2026-04-02 15:06:16]   EEG channel count:     62
[2026-04-02 15:06:16]   First 10 channels:     ['Fp1', 'Fp2', 'F7', 'F3', 'Fz', 'F4', 'F8', 'FC5', 'FC1', 'FC2']
[2026-04-02 15:06:16] Channel consistency summary:
[2026-04-02 15:06:16]   Checked runs: 2
[2026-04-02 15:06:16]   Unique channel counts: [62]
[2026-04-02 15:06:16]   Channel order consistent: True
[2026-04-02 15:06:16] Validated EEG channels: 62
[2026-04-02 15:06:16] First 10 EEG channels: ['Fp1', 'Fp2', 'F7', 'F3', 'Fz', 'F4', 'F8', 'FC5', 'FC1', 'FC2']
[2026-04-02 15:06:16] raw mean_abs=6.206608e+00
[2026-04-02 15:06:16] raw std=2.712803e+01
[2026-04-02 15:06:16] raw first5 channel std= [30.27595633 56.56813395 13.75714116  8.89857459  7.91183515]
[2026-04-02 15:06:16] Requested window samples: 536
[2026-04-02 15:06:16] Base trial samples:       512
[2026-04-02 15:06:16] Stop offset samples:      24
[2026-04-02 15:06:16] Global class counts: [50, 50, 50, 50]
[2026-04-02 15:06:16] Chance level (4-class): 0.25
[2026-04-02 15:06:16] One window shape: (62, 536)
[2026-04-02 15:06:16] One window label: 2
[2026-04-02 15:06:16] Window sample length expected=536, got=536
[2026-04-02 15:06:16] Subjects in window split: [51]
[2026-04-02 15:06:16] Summarizing per-subject windows...
[2026-04-02 15:06:16]   Subject 51: n_windows=200, window_shape=(62, 536), class_counts=[50, 50, 50, 50]
[2026-04-02 15:06:16]    subject_id  n_windows  n_channels  n_times      class_counts
0          51        200          62      536  [50, 50, 50, 50]
[2026-04-02 15:06:16] Window validation summary:
[2026-04-02 15:06:16]   Subject 51: n_windows=200 class_counts=[50, 50, 50, 50]

[2026-04-02 15:06:16] Validated sampling rate target: 128 Hz
[2026-04-02 15:06:16] Validated window sample count:   536
[2026-04-02 15:06:16] Validated window duration:       4.1875 s
[2026-04-02 15:06:16] Validated channel count:         62
[2026-04-02 15:06:16] Total windows retained:          200
[2026-04-02 15:06:16] Preprocessing sanity checks:
[2026-04-02 15:06:16]   One sample label: 2
[2026-04-02 15:06:16]   One sample shape: (62, 536)
[2026-04-02 15:06:16]   Mean(abs(signal)): 7.808386e+00
[2026-04-02 15:06:16]   Mean(signal):      -1.469310e-08
[2026-04-02 15:06:16]   Std(signal):       1.102899e+01
[2026-04-02 15:06:16] Building model with input window duration: 4.1875 s
[2026-04-02 15:06:16] SignalJEPA_PreLocal instantiated successfully.
[2026-04-02 15:06:16]   Total parameters:     18,192
[2026-04-02 15:06:16]   Trainable parameters: 18,192
[2026-04-02 15:06:16] ======================================================================================================================================================
Layer (type (var_name):depth-idx)                  Input Shape               Output Shape              Param #                   Kernel Shape
======================================================================================================================================================
SignalJEPA_PreLocal (SignalJEPA_PreLocal)          [1, 62, 536]              [1, 4]                    --                        --
├─Sequential (spatial_conv): 1-1                   [1, 62, 536]              [1, 4, 536]               --                        --
│    └─Rearrange (0): 2-1                          [1, 62, 536]              [1, 1, 62, 536]           --                        --
│    └─Conv2d (1): 2-2                             [1, 1, 62, 536]           [1, 4, 1, 536]            252                       [62, 1]
│    └─Rearrange (2): 2-3                          [1, 4, 1, 536]            [1, 4, 536]               --                        --
├─_ConvFeatureEncoder (feature_encoder): 1-2       [1, 4, 536]               [1, 16, 64]               --                        --
│    └─Rearrange (0): 2-4                          [1, 4, 536]               [4, 1, 536]               --                        --
│    └─Sequential (1): 2-5                         [4, 1, 536]               [4, 8, 64]                --                        --
│    │    └─Conv1d (0): 3-1                        [4, 1, 536]               [4, 8, 64]                256                       [32]
│    │    └─Dropout (1): 3-2                       [4, 8, 64]                [4, 8, 64]                --                        --
│    │    └─GroupNorm (2): 3-3                     [4, 8, 64]                [4, 8, 64]                16                        --
│    │    └─GELU (3): 3-4                          [4, 8, 64]                [4, 8, 64]                --                        --
│    └─Sequential (2): 2-6                         [4, 8, 64]                [4, 16, 32]               --                        --
│    │    └─Conv1d (0): 3-5                        [4, 8, 64]                [4, 16, 32]               256                       [2]
│    │    └─Dropout (1): 3-6                       [4, 16, 32]               [4, 16, 32]               --                        --
│    │    └─GELU (2): 3-7                          [4, 16, 32]               [4, 16, 32]               --                        --
│    └─Sequential (3): 2-7                         [4, 16, 32]               [4, 32, 16]               --                        --
│    │    └─Conv1d (0): 3-8                        [4, 16, 32]               [4, 32, 16]               1,024                     [2]
│    │    └─Dropout (1): 3-9                       [4, 32, 16]               [4, 32, 16]               --                        --
│    │    └─GELU (2): 3-10                         [4, 32, 16]               [4, 32, 16]               --                        --
│    └─Sequential (4): 2-8                         [4, 32, 16]               [4, 64, 8]                --                        --
│    │    └─Conv1d (0): 3-11                       [4, 32, 16]               [4, 64, 8]                4,096                     [2]
│    │    └─Dropout (1): 3-12                      [4, 64, 8]                [4, 64, 8]                --                        --
│    │    └─GELU (2): 3-13                         [4, 64, 8]                [4, 64, 8]                --                        --
│    └─Sequential (5): 2-9                         [4, 64, 8]                [4, 64, 4]                --                        --
│    │    └─Conv1d (0): 3-14                       [4, 64, 8]                [4, 64, 4]                8,192                     [2]
│    │    └─Dropout (1): 3-15                      [4, 64, 4]                [4, 64, 4]                --                        --
│    │    └─GELU (2): 3-16                         [4, 64, 4]                [4, 64, 4]                --                        --
│    └─Rearrange (6): 2-10                         [4, 64, 4]                [1, 16, 64]               --                        --
├─Sequential (final_layer): 1-3                    [1, 16, 64]               [1, 4]                    --                        --
│    └─Flatten (0): 2-11                           [1, 16, 64]               [1, 1024]                 --                        --
│    └─Linear (1): 2-12                            [1, 1024]                 [1, 4]                    4,100                     --
======================================================================================================================================================
Total params: 18,192
Trainable params: 18,192
Non-trainable params: 0
Total mult-adds (Units.MEGABYTES): 0.57
======================================================================================================================================================
Input size (MB): 0.13
Forward/backward pass size (MB): 0.11
Params size (MB): 0.07
Estimated Total Size (MB): 0.31
======================================================================================================================================================
[2026-04-02 15:06:16] Initializing from 16s-60 pretrained checkpoint (Hugging Face):
[2026-04-02 15:06:16]   https://huggingface.co/braindecode/SignalJEPA/resolve/main/signal-jepa_16s-60_adeuwv4s.pth
[2026-04-02 15:06:16]   Downloaded 179 keys
[2026-04-02 15:06:17] ======================================================================
[2026-04-02 15:06:17] STARTING CROSS-VALIDATION
[2026-04-02 15:06:17] ======================================================================
[2026-04-02 15:06:17] Subjects:      [51]
[2026-04-02 15:06:17] CV folds:      5
[2026-04-02 15:06:17] Batch size:    32
[2026-04-02 15:06:17] Max epochs:    5000
[2026-04-02 15:06:17] Device:        mps
[2026-04-02 15:06:17] Seed control:  False
[2026-04-02 15:06:17] Base seed:     46
[2026-04-02 15:06:17] ======================================================================

[2026-04-02 15:06:17] Subject 51: 200 windows class_counts=[50, 50, 50, 50]
[2026-04-02 15:06:17]   Fold 1 split seed: None
[2026-04-02 15:06:17]   Fold 1 split class counts:
[2026-04-02 15:06:17]     train=[32, 32, 32, 32] val=[8, 8, 8, 8] test=[10, 10, 10, 10]
[2026-04-02 15:06:17]   Fold 2 split seed: None
[2026-04-02 15:06:17]   Fold 2 split class counts:
[2026-04-02 15:06:17]     train=[32, 32, 32, 32] val=[8, 8, 8, 8] test=[10, 10, 10, 10]
[2026-04-02 15:06:17]   Fold 3 split seed: None
[2026-04-02 15:06:17]   Fold 3 split class counts:
[2026-04-02 15:06:17]     train=[32, 32, 32, 32] val=[8, 8, 8, 8] test=[10, 10, 10, 10]
[2026-04-02 15:06:17]   Fold 4 split seed: None
[2026-04-02 15:06:17]   Fold 4 split class counts:
[2026-04-02 15:06:17]     train=[32, 32, 32, 32] val=[8, 8, 8, 8] test=[10, 10, 10, 10]
[2026-04-02 15:06:17]   Fold 5 split seed: None
[2026-04-02 15:06:17]   Fold 5 split class counts:
[2026-04-02 15:06:17]     train=[32, 32, 32, 32] val=[8, 8, 8, 8] test=[10, 10, 10, 10]
[2026-04-02 15:06:17]   Subject 51 Fold 1 seed: None
[2026-04-02 15:06:17]   Subject 51 Fold 1: n_train=128 n_val=32 n_test=40
[2026-04-02 15:06:17]     Train class counts: [32, 32, 32, 32]
[2026-04-02 15:06:17]     Val class counts:   [8, 8, 8, 8]
[2026-04-02 15:06:17]     Test class counts:  [10, 10, 10, 10]
[2026-04-02 15:06:17] Building model with input window duration: 4.1875 s
[2026-04-02 15:06:17] Pretrained weight loading:
[2026-04-02 15:06:17]   Downloaded keys:        179
[2026-04-02 15:06:17]   Filtered (transformer): 172
[2026-04-02 15:06:17]   Filtered (pos_encoder): 0
[2026-04-02 15:06:17]   Keys to load:           7
[2026-04-02 15:06:17]   Missing keys:           4
[2026-04-02 15:06:17]   Unexpected keys:        0
[2026-04-02 15:06:17]   Missing preview:        ['spatial_conv.1.weight', 'spatial_conv.1.bias', 'final_layer.1.weight', 'final_layer.1.bias']
[2026-04-02 15:06:17]   Unexpected preview:     []
[2026-04-02 15:06:17] Encoder freeze configuration:
[2026-04-02 15:06:17]   Total parameters:        18,192
[2026-04-02 15:06:17]   Trainable parameters:    4,352
[2026-04-02 15:06:17]   Training percentage:     23.9%
[2026-04-02 15:06:17]   Trainable layers: 4
[2026-04-02 15:06:17]     - final_layer.1.bias
[2026-04-02 15:06:17]     - final_layer.1.weight
[2026-04-02 15:06:17]     - spatial_conv.1.bias
[2026-04-02 15:06:17]     - spatial_conv.1.weight
[2026-04-02 15:06:17]     Train generator seeded: False
[2026-04-02 15:06:39]     Stopped epoch:            373
[2026-04-02 15:06:39]     Best epoch (valid_loss):  323
[2026-04-02 15:06:39]     Best valid_loss:          1.2274301052093506
[2026-04-02 15:06:39]     Test accuracy (primary):  0.5500
[2026-04-02 15:06:39]     Test balanced acc:        0.5500
[2026-04-02 15:06:39]     Confusion matrix:         [[5, 1, 3, 1], [0, 5, 4, 1], [2, 0, 7, 1], [0, 2, 3, 5]]
[2026-04-02 15:06:39]     Prediction histogram:     [7, 8, 17, 8]
[2026-04-02 15:06:39]     fold_acc=0.5500 fold_bal_acc=0.5500 cm=[[5, 1, 3, 1], [0, 5, 4, 1], [2, 0, 7, 1], [0, 2, 3, 5]]
[2026-04-02 15:06:39]   Subject 51 Fold 2 seed: None
[2026-04-02 15:06:39]   Subject 51 Fold 2: n_train=128 n_val=32 n_test=40
[2026-04-02 15:06:39]     Train class counts: [32, 32, 32, 32]
[2026-04-02 15:06:39]     Val class counts:   [8, 8, 8, 8]
[2026-04-02 15:06:39]     Test class counts:  [10, 10, 10, 10]
[2026-04-02 15:06:39] Building model with input window duration: 4.1875 s
[2026-04-02 15:06:39] Pretrained weight loading:
[2026-04-02 15:06:39]   Downloaded keys:        179
[2026-04-02 15:06:39]   Filtered (transformer): 172
[2026-04-02 15:06:39]   Filtered (pos_encoder): 0
[2026-04-02 15:06:39]   Keys to load:           7
[2026-04-02 15:06:39]   Missing keys:           4
[2026-04-02 15:06:39]   Unexpected keys:        0
[2026-04-02 15:06:39]   Missing preview:        ['spatial_conv.1.weight', 'spatial_conv.1.bias', 'final_layer.1.weight', 'final_layer.1.bias']
[2026-04-02 15:06:39]   Unexpected preview:     []
[2026-04-02 15:06:39] Encoder freeze configuration:
[2026-04-02 15:06:39]   Total parameters:        18,192
[2026-04-02 15:06:39]   Trainable parameters:    4,352
[2026-04-02 15:06:39]   Training percentage:     23.9%
[2026-04-02 15:06:39]   Trainable layers: 4
[2026-04-02 15:06:39]     - final_layer.1.bias
[2026-04-02 15:06:39]     - final_layer.1.weight
[2026-04-02 15:06:39]     - spatial_conv.1.bias
[2026-04-02 15:06:39]     - spatial_conv.1.weight
[2026-04-02 15:06:39]     Train generator seeded: False
[2026-04-02 15:06:58]     Stopped epoch:            357
[2026-04-02 15:06:58]     Best epoch (valid_loss):  307
[2026-04-02 15:06:58]     Best valid_loss:          1.2063822746276855
[2026-04-02 15:06:58]     Test accuracy (primary):  0.4000
[2026-04-02 15:06:58]     Test balanced acc:        0.4000
[2026-04-02 15:06:58]     Confusion matrix:         [[4, 1, 0, 5], [1, 4, 3, 2], [1, 3, 3, 3], [0, 3, 2, 5]]
[2026-04-02 15:06:58]     Prediction histogram:     [6, 11, 8, 15]
[2026-04-02 15:06:58]     fold_acc=0.4000 fold_bal_acc=0.4000 cm=[[4, 1, 0, 5], [1, 4, 3, 2], [1, 3, 3, 3], [0, 3, 2, 5]]
[2026-04-02 15:06:58]   Subject 51 Fold 3 seed: None
[2026-04-02 15:06:58]   Subject 51 Fold 3: n_train=128 n_val=32 n_test=40
[2026-04-02 15:06:58]     Train class counts: [32, 32, 32, 32]
[2026-04-02 15:06:58]     Val class counts:   [8, 8, 8, 8]
[2026-04-02 15:06:58]     Test class counts:  [10, 10, 10, 10]
[2026-04-02 15:06:58] Building model with input window duration: 4.1875 s
[2026-04-02 15:06:58] Pretrained weight loading:
[2026-04-02 15:06:58]   Downloaded keys:        179
[2026-04-02 15:06:58]   Filtered (transformer): 172
[2026-04-02 15:06:58]   Filtered (pos_encoder): 0
[2026-04-02 15:06:58]   Keys to load:           7
[2026-04-02 15:06:58]   Missing keys:           4
[2026-04-02 15:06:58]   Unexpected keys:        0
[2026-04-02 15:06:58]   Missing preview:        ['spatial_conv.1.weight', 'spatial_conv.1.bias', 'final_layer.1.weight', 'final_layer.1.bias']
[2026-04-02 15:06:58]   Unexpected preview:     []
[2026-04-02 15:06:58] Encoder freeze configuration:
[2026-04-02 15:06:58]   Total parameters:        18,192
[2026-04-02 15:06:58]   Trainable parameters:    4,352
[2026-04-02 15:06:58]   Training percentage:     23.9%
[2026-04-02 15:06:58]   Trainable layers: 4
[2026-04-02 15:06:58]     - final_layer.1.bias
[2026-04-02 15:06:58]     - final_layer.1.weight
[2026-04-02 15:06:58]     - spatial_conv.1.bias
[2026-04-02 15:06:58]     - spatial_conv.1.weight
[2026-04-02 15:06:58]     Train generator seeded: False
[2026-04-02 15:07:03]     Stopped epoch:            100
[2026-04-02 15:07:03]     Best epoch (valid_loss):  54
[2026-04-02 15:07:03]     Best valid_loss:          1.378783941268921
[2026-04-02 15:07:03]     Test accuracy (primary):  0.3250
[2026-04-02 15:07:03]     Test balanced acc:        0.3250
[2026-04-02 15:07:03]     Confusion matrix:         [[1, 3, 4, 2], [5, 2, 1, 2], [0, 5, 4, 1], [1, 2, 1, 6]]
[2026-04-02 15:07:03]     Prediction histogram:     [7, 12, 10, 11]
[2026-04-02 15:07:03]     fold_acc=0.3250 fold_bal_acc=0.3250 cm=[[1, 3, 4, 2], [5, 2, 1, 2], [0, 5, 4, 1], [1, 2, 1, 6]]
[2026-04-02 15:07:03]   Subject 51 Fold 4 seed: None
[2026-04-02 15:07:03]   Subject 51 Fold 4: n_train=128 n_val=32 n_test=40
[2026-04-02 15:07:03]     Train class counts: [32, 32, 32, 32]
[2026-04-02 15:07:03]     Val class counts:   [8, 8, 8, 8]
[2026-04-02 15:07:03]     Test class counts:  [10, 10, 10, 10]
[2026-04-02 15:07:03] Building model with input window duration: 4.1875 s
[2026-04-02 15:07:03] Pretrained weight loading:
[2026-04-02 15:07:03]   Downloaded keys:        179
[2026-04-02 15:07:03]   Filtered (transformer): 172
[2026-04-02 15:07:03]   Filtered (pos_encoder): 0
[2026-04-02 15:07:03]   Keys to load:           7
[2026-04-02 15:07:03]   Missing keys:           4
[2026-04-02 15:07:03]   Unexpected keys:        0
[2026-04-02 15:07:03]   Missing preview:        ['spatial_conv.1.weight', 'spatial_conv.1.bias', 'final_layer.1.weight', 'final_layer.1.bias']
[2026-04-02 15:07:03]   Unexpected preview:     []
[2026-04-02 15:07:03] Encoder freeze configuration:
[2026-04-02 15:07:03]   Total parameters:        18,192
[2026-04-02 15:07:03]   Trainable parameters:    4,352
[2026-04-02 15:07:03]   Training percentage:     23.9%
[2026-04-02 15:07:03]   Trainable layers: 4
[2026-04-02 15:07:03]     - final_layer.1.bias
[2026-04-02 15:07:03]     - final_layer.1.weight
[2026-04-02 15:07:03]     - spatial_conv.1.bias
[2026-04-02 15:07:03]     - spatial_conv.1.weight
[2026-04-02 15:07:03]     Train generator seeded: False
[2026-04-02 15:07:05]     Stopped epoch:            51
[2026-04-02 15:07:05]     Best epoch (valid_loss):  1
[2026-04-02 15:07:05]     Best valid_loss:          1.3869376182556152
[2026-04-02 15:07:05]     Test accuracy (primary):  0.1750
[2026-04-02 15:07:05]     Test balanced acc:        0.1750
[2026-04-02 15:07:05]     Confusion matrix:         [[0, 2, 6, 2], [0, 1, 7, 2], [0, 3, 6, 1], [0, 2, 8, 0]]
[2026-04-02 15:07:05]     Prediction histogram:     [0, 8, 27, 5]
[2026-04-02 15:07:05]     fold_acc=0.1750 fold_bal_acc=0.1750 cm=[[0, 2, 6, 2], [0, 1, 7, 2], [0, 3, 6, 1], [0, 2, 8, 0]]
[2026-04-02 15:07:05]   Subject 51 Fold 5 seed: None
[2026-04-02 15:07:06]   Subject 51 Fold 5: n_train=128 n_val=32 n_test=40
[2026-04-02 15:07:06]     Train class counts: [32, 32, 32, 32]
[2026-04-02 15:07:06]     Val class counts:   [8, 8, 8, 8]
[2026-04-02 15:07:06]     Test class counts:  [10, 10, 10, 10]
[2026-04-02 15:07:06] Building model with input window duration: 4.1875 s
[2026-04-02 15:07:06] Pretrained weight loading:
[2026-04-02 15:07:06]   Downloaded keys:        179
[2026-04-02 15:07:06]   Filtered (transformer): 172
[2026-04-02 15:07:06]   Filtered (pos_encoder): 0
[2026-04-02 15:07:06]   Keys to load:           7
[2026-04-02 15:07:06]   Missing keys:           4
[2026-04-02 15:07:06]   Unexpected keys:        0
[2026-04-02 15:07:06]   Missing preview:        ['spatial_conv.1.weight', 'spatial_conv.1.bias', 'final_layer.1.weight', 'final_layer.1.bias']
[2026-04-02 15:07:06]   Unexpected preview:     []
[2026-04-02 15:07:06] Encoder freeze configuration:
[2026-04-02 15:07:06]   Total parameters:        18,192
[2026-04-02 15:07:06]   Trainable parameters:    4,352
[2026-04-02 15:07:06]   Training percentage:     23.9%
[2026-04-02 15:07:06]   Trainable layers: 4
[2026-04-02 15:07:06]     - final_layer.1.bias
[2026-04-02 15:07:06]     - final_layer.1.weight
[2026-04-02 15:07:06]     - spatial_conv.1.bias
[2026-04-02 15:07:06]     - spatial_conv.1.weight
[2026-04-02 15:07:06]     Train generator seeded: False
[2026-04-02 15:07:31]     Stopped epoch:            486
[2026-04-02 15:07:31]     Best epoch (valid_loss):  436
[2026-04-02 15:07:31]     Best valid_loss:          1.1713807582855225
[2026-04-02 15:07:31]     Test accuracy (primary):  0.4500
[2026-04-02 15:07:31]     Test balanced acc:        0.4500
[2026-04-02 15:07:31]     Confusion matrix:         [[4, 3, 1, 2], [1, 4, 2, 3], [2, 3, 4, 1], [2, 1, 1, 6]]
[2026-04-02 15:07:31]     Prediction histogram:     [9, 11, 8, 12]
[2026-04-02 15:07:31]     fold_acc=0.4500 fold_bal_acc=0.4500 cm=[[4, 3, 1, 2], [1, 4, 2, 3], [2, 3, 4, 1], [2, 1, 1, 6]]
[2026-04-02 15:07:31]   Subject 51 mean accuracy: 0.3800

[2026-04-02 15:07:31] Total folds completed: 5
[2026-04-02 15:07:31] ======================================================================
[2026-04-02 15:07:31] AGGREGATED RESULTS
[2026-04-02 15:07:31] ======================================================================
[2026-04-02 15:07:31]   Subject 51:  acc=0.3800±0.1259  bal_acc=0.3800±0.1259
[2026-04-02 15:07:31] ----------------------------------------------------------------------
[2026-04-02 15:07:31]   OVERALL:      acc=0.3800±0.1259  bal_acc=0.3800±0.1259
[2026-04-02 15:07:31] ======================================================================
[2026-04-02 15:07:31] CV results saved to:      /Users/vadim/Documents/School/Spring 2026/CSCE A698 Individual Research/EEG_JEPA/artifacts/lee-2019-fine-tuning/SSVEP/20260402_1505_9e12498c/cv_results.json
[2026-04-02 15:07:31] Subject metrics saved to: /Users/vadim/Documents/School/Spring 2026/CSCE A698 Individual Research/EEG_JEPA/artifacts/lee-2019-fine-tuning/SSVEP/20260402_1505_9e12498c/subject_metrics.json
[2026-04-02 15:07:31] Global metrics saved to:  /Users/vadim/Documents/School/Spring 2026/CSCE A698 Individual Research/EEG_JEPA/artifacts/lee-2019-fine-tuning/SSVEP/20260402_1505_9e12498c/global_metrics.json
[2026-04-02 15:07:31] Run metadata saved to:    /Users/vadim/Documents/School/Spring 2026/CSCE A698 Individual Research/EEG_JEPA/artifacts/lee-2019-fine-tuning/SSVEP/20260402_1505_9e12498c/run_metadata.json

[2026-04-02 15:07:31] All artifacts in: /Users/vadim/Documents/School/Spring 2026/CSCE A698 Individual Research/EEG_JEPA/artifacts/lee-2019-fine-tuning/SSVEP/20260402_1505_9e12498c

[2026-04-02 15:07:31] ======================================================================
[2026-04-02 15:07:31] EXPERIMENT SUMMARY
[2026-04-02 15:07:31] ======================================================================
[2026-04-02 15:07:31] Run ID:    20260402_1505_9e12498c
[2026-04-02 15:07:31] Artifacts: /Users/vadim/Documents/School/Spring 2026/CSCE A698 Individual Research/EEG_JEPA/artifacts/lee-2019-fine-tuning/SSVEP/20260402_1505_9e12498c

[2026-04-02 15:07:31] Configuration:
[2026-04-02 15:07:31]   Subjects:          [51]
[2026-04-02 15:07:31]   Bandpass:          0.5-40.0 Hz
[2026-04-02 15:07:31]   Resample:          128 Hz
[2026-04-02 15:07:31]   CV folds:          5
[2026-04-02 15:07:31]   Learning rate:     0.001
[2026-04-02 15:07:31]   Batch size:        32
[2026-04-02 15:07:31]   Max epochs:        5000

[2026-04-02 15:07:31] Results:
[2026-04-02 15:07:31]   Mean Accuracy:          0.3800 ± 0.1259
[2026-04-02 15:07:31]   Mean Balanced Accuracy: 0.3800 ± 0.1259
