[2026-04-02 14:00:03] Using device: cpu
[2026-04-02 14:00:03] Seed control enabled: False
[2026-04-02 14:00:03] Base seed: 46
[2026-04-02 14:00:03] Seed control disabled (CONFIG['set_seed'] = False)
[2026-04-02 14:00:03] ======================================================================
[2026-04-02 14:00:03] CONFIGURATION
[2026-04-02 14:00:03] ======================================================================
[2026-04-02 14:00:03]   artifact_dir: /home/vegorov/Repos/eeg_jepa_research/artifacts/lee-2019-fine-tuning
[2026-04-02 14:00:03]   bandpass_high: 40.0
[2026-04-02 14:00:03]   bandpass_low: 0.5
[2026-04-02 14:00:03]   batch_size: 16
[2026-04-02 14:00:03]   convert_to_uV: True
[2026-04-02 14:00:03]   cv_folds: 5
[2026-04-02 14:00:03]   device: auto
[2026-04-02 14:00:03]   early_stopping_patience: 50
[2026-04-02 14:00:03]   learning_rate: None
[2026-04-02 14:00:03]   n_epochs: 5000
[2026-04-02 14:00:03]   normalization_method: None
[2026-04-02 14:00:03]   normalize: False
[2026-04-02 14:00:03]   paradigm: SSVEP
[2026-04-02 14:00:03]   pretrained_url: https://huggingface.co/braindecode/SignalJEPA/resolve/main/signal-jepa_16s-60_adeuwv4s.pth
[2026-04-02 14:00:03]   seed: 46
[2026-04-02 14:00:03]   set_seed: False
[2026-04-02 14:00:03]   sfreq: 128
[2026-04-02 14:00:03]   subjects_to_use: None
[2026-04-02 14:00:03]   val_split: 0.2
[2026-04-02 14:00:03] ======================================================================
[2026-04-02 14:00:03] Config saved to: /home/vegorov/Repos/eeg_jepa_research/artifacts/lee-2019-fine-tuning/SSVEP/20260402_1400_ad26bdc6/config.json
[2026-04-02 14:00:03] Epoch window configuration:
[2026-04-02 14:00:03]   Target sfreq:                128 Hz
[2026-04-02 14:00:03]   Target duration:             4.190000 s
[2026-04-02 14:00:03]   Window samples (rounded):    536
[2026-04-02 14:00:03]   Base trial samples (4.0 s):  512
[2026-04-02 14:00:03]   Trial stop offset samples:   24
[2026-04-02 14:00:03]   Effective window duration:   4.187500 s
[2026-04-02 14:00:03] Dataset code: Lee2019-SSVEP
[2026-04-02 14:00:03] Subjects Total: 54
[2026-04-02 14:00:03] Events: {'12.0': 1, '8.57': 2, '6.67': 3, '5.45': 4}
[2026-04-02 14:00:03] Interval: [0.0, 4.0]
[2026-04-02 14:00:03] Paradigm: ssvep
[2026-04-02 14:00:03] Selected subjects: [48, 49, 50, 51, 52, 53, 54]
[2026-04-02 14:00:03] Expected evaluation folds: 35

[2026-04-02 14:00:03] Building MOABBDataset for Lee2019_SSVEP...
[2026-04-02 14:01:04] MOABBDataset recordings loaded: 7
[2026-04-02 14:01:04] Discovered annotation descriptions (first recording): [np.str_('12.0'), np.str_('5.45'), np.str_('6.67'), np.str_('8.57')]
[2026-04-02 14:01:04] Dataset event_id mapping: {'12.0': 1, '8.57': 2, '6.67': 3, '5.45': 4}
[2026-04-02 14:01:04] Label map (event_code -> class_index): {1: 0, 2: 1, 3: 2, 4: 3}
[2026-04-02 14:01:04] Applying Braindecode preprocessors to MOABBDataset...
[2026-04-02 14:01:25] Preprocessing complete.

[2026-04-02 14:01:25] Post-preprocessing validation
[2026-04-02 14:01:25]   Recordings in DATASET: 7
[2026-04-02 14:01:25]   Unique subject IDs:    ['48', '49', '50', '51', '52', '53', '54']
[2026-04-02 14:01:25]   sfreq (first rec):     128.0 Hz
[2026-04-02 14:01:25]   EEG channel count:     62
[2026-04-02 14:01:25]   First 10 channels:     ['Fp1', 'Fp2', 'F7', 'F3', 'Fz', 'F4', 'F8', 'FC5', 'FC1', 'FC2']
[2026-04-02 14:01:25] Channel consistency summary:
[2026-04-02 14:01:25]   Checked runs: 7
[2026-04-02 14:01:25]   Unique channel counts: [62]
[2026-04-02 14:01:25]   Channel order consistent: True
[2026-04-02 14:01:25] Validated EEG channels: 62
[2026-04-02 14:01:25] First 10 EEG channels: ['Fp1', 'Fp2', 'F7', 'F3', 'Fz', 'F4', 'F8', 'FC5', 'FC1', 'FC2']
[2026-04-02 14:01:25] raw mean_abs=6.566995e+00
[2026-04-02 14:01:25] raw std=1.148469e+01
[2026-04-02 14:01:25] raw first5 channel std= [25.05396238 36.02502646  9.59456342  7.25560171  7.19880537]
[2026-04-02 14:01:25] Requested window samples: 536
[2026-04-02 14:01:25] Base trial samples:       512
[2026-04-02 14:01:25] Stop offset samples:      24
[2026-04-02 14:01:25] Global class counts: [175, 175, 175, 175]
[2026-04-02 14:01:25] Chance level (4-class): 0.25
[2026-04-02 14:01:25] One window shape: (62, 536)
[2026-04-02 14:01:25] One window label: 1
[2026-04-02 14:01:25] Window sample length expected=536, got=536
[2026-04-02 14:01:25] Subjects in window split: [48, 49, 50, 51, 52, 53, 54]
[2026-04-02 14:01:25] Summarizing per-subject windows...
[2026-04-02 14:01:25]   Subject 48: n_windows=100, window_shape=(62, 536), class_counts=[25, 25, 25, 25]
[2026-04-02 14:01:25]   Subject 49: n_windows=100, window_shape=(62, 536), class_counts=[25, 25, 25, 25]
[2026-04-02 14:01:25]   Subject 50: n_windows=100, window_shape=(62, 536), class_counts=[25, 25, 25, 25]
[2026-04-02 14:01:25]   Subject 51: n_windows=100, window_shape=(62, 536), class_counts=[25, 25, 25, 25]
[2026-04-02 14:01:25]   Subject 52: n_windows=100, window_shape=(62, 536), class_counts=[25, 25, 25, 25]
[2026-04-02 14:01:25]   Subject 53: n_windows=100, window_shape=(62, 536), class_counts=[25, 25, 25, 25]
[2026-04-02 14:01:25]   Subject 54: n_windows=100, window_shape=(62, 536), class_counts=[25, 25, 25, 25]
[2026-04-02 14:01:25]    subject_id  n_windows  n_channels  n_times      class_counts
0          48        100          62      536  [25, 25, 25, 25]
1          49        100          62      536  [25, 25, 25, 25]
2          50        100          62      536  [25, 25, 25, 25]
3          51        100          62      536  [25, 25, 25, 25]
4          52        100          62      536  [25, 25, 25, 25]
5          53        100          62      536  [25, 25, 25, 25]
6          54        100          62      536  [25, 25, 25, 25]
[2026-04-02 14:01:25] Window validation summary:
[2026-04-02 14:01:25]   Subject 48: n_windows=100 class_counts=[25, 25, 25, 25]
[2026-04-02 14:01:25]   Subject 49: n_windows=100 class_counts=[25, 25, 25, 25]
[2026-04-02 14:01:25]   Subject 50: n_windows=100 class_counts=[25, 25, 25, 25]
[2026-04-02 14:01:25]   Subject 51: n_windows=100 class_counts=[25, 25, 25, 25]
[2026-04-02 14:01:25]   Subject 52: n_windows=100 class_counts=[25, 25, 25, 25]
[2026-04-02 14:01:25]   Subject 53: n_windows=100 class_counts=[25, 25, 25, 25]
[2026-04-02 14:01:25]   Subject 54: n_windows=100 class_counts=[25, 25, 25, 25]

[2026-04-02 14:01:25] Validated sampling rate target: 128 Hz
[2026-04-02 14:01:25] Validated window sample count:   536
[2026-04-02 14:01:25] Validated window duration:       4.1875 s
[2026-04-02 14:01:25] Validated channel count:         62
[2026-04-02 14:01:25] Total windows retained:          700
[2026-04-02 14:01:25] Preprocessing sanity checks:
[2026-04-02 14:01:25]   One sample label: 1
[2026-04-02 14:01:25]   One sample shape: (62, 536)
[2026-04-02 14:01:25]   Mean(abs(signal)): 3.430332e+00
[2026-04-02 14:01:25]   Mean(signal):      7.346552e-09
[2026-04-02 14:01:25]   Std(signal):       4.442559e+00
[2026-04-02 14:01:25] Building model with input window duration: 4.1875 s
[2026-04-02 14:01:25] SignalJEPA_PreLocal instantiated successfully.
[2026-04-02 14:01:25]   Total parameters:     18,192
[2026-04-02 14:01:25]   Trainable parameters: 18,192
[2026-04-02 14:01:25] ======================================================================================================================================================
Layer (type (var_name):depth-idx)                  Input Shape               Output Shape              Param #                   Kernel Shape
======================================================================================================================================================
SignalJEPA_PreLocal (SignalJEPA_PreLocal)          [1, 62, 536]              [1, 4]                    --                        --
├─Sequential (spatial_conv): 1-1                   [1, 62, 536]              [1, 4, 536]               --                        --
│    └─Rearrange (0): 2-1                          [1, 62, 536]              [1, 1, 62, 536]           --                        --
│    └─Conv2d (1): 2-2                             [1, 1, 62, 536]           [1, 4, 1, 536]            252                       [62, 1]
│    └─Rearrange (2): 2-3                          [1, 4, 1, 536]            [1, 4, 536]               --                        --
├─_ConvFeatureEncoder (feature_encoder): 1-2       [1, 4, 536]               [1, 16, 64]               --                        --
│    └─Rearrange (0): 2-4                          [1, 4, 536]               [4, 1, 536]               --                        --
│    └─Sequential (1): 2-5                         [4, 1, 536]               [4, 8, 64]                --                        --
│    │    └─Conv1d (0): 3-1                        [4, 1, 536]               [4, 8, 64]                256                       [32]
│    │    └─Dropout (1): 3-2                       [4, 8, 64]                [4, 8, 64]                --                        --
│    │    └─GroupNorm (2): 3-3                     [4, 8, 64]                [4, 8, 64]                16                        --
│    │    └─GELU (3): 3-4                          [4, 8, 64]                [4, 8, 64]                --                        --
│    └─Sequential (2): 2-6                         [4, 8, 64]                [4, 16, 32]               --                        --
│    │    └─Conv1d (0): 3-5                        [4, 8, 64]                [4, 16, 32]               256                       [2]
│    │    └─Dropout (1): 3-6                       [4, 16, 32]               [4, 16, 32]               --                        --
│    │    └─GELU (2): 3-7                          [4, 16, 32]               [4, 16, 32]               --                        --
│    └─Sequential (3): 2-7                         [4, 16, 32]               [4, 32, 16]               --                        --
│    │    └─Conv1d (0): 3-8                        [4, 16, 32]               [4, 32, 16]               1,024                     [2]
│    │    └─Dropout (1): 3-9                       [4, 32, 16]               [4, 32, 16]               --                        --
│    │    └─GELU (2): 3-10                         [4, 32, 16]               [4, 32, 16]               --                        --
│    └─Sequential (4): 2-8                         [4, 32, 16]               [4, 64, 8]                --                        --
│    │    └─Conv1d (0): 3-11                       [4, 32, 16]               [4, 64, 8]                4,096                     [2]
│    │    └─Dropout (1): 3-12                      [4, 64, 8]                [4, 64, 8]                --                        --
│    │    └─GELU (2): 3-13                         [4, 64, 8]                [4, 64, 8]                --                        --
│    └─Sequential (5): 2-9                         [4, 64, 8]                [4, 64, 4]                --                        --
│    │    └─Conv1d (0): 3-14                       [4, 64, 8]                [4, 64, 4]                8,192                     [2]
│    │    └─Dropout (1): 3-15                      [4, 64, 4]                [4, 64, 4]                --                        --
│    │    └─GELU (2): 3-16                         [4, 64, 4]                [4, 64, 4]                --                        --
│    └─Rearrange (6): 2-10                         [4, 64, 4]                [1, 16, 64]               --                        --
├─Sequential (final_layer): 1-3                    [1, 16, 64]               [1, 4]                    --                        --
│    └─Flatten (0): 2-11                           [1, 16, 64]               [1, 1024]                 --                        --
│    └─Linear (1): 2-12                            [1, 1024]                 [1, 4]                    4,100                     --
======================================================================================================================================================
Total params: 18,192
Trainable params: 18,192
Non-trainable params: 0
Total mult-adds (Units.MEGABYTES): 0.57
======================================================================================================================================================
Input size (MB): 0.13
Forward/backward pass size (MB): 0.11
Params size (MB): 0.07
Estimated Total Size (MB): 0.31
======================================================================================================================================================
[2026-04-02 14:01:25] Initializing from 16s-60 pretrained checkpoint (Hugging Face):
[2026-04-02 14:01:25]   https://huggingface.co/braindecode/SignalJEPA/resolve/main/signal-jepa_16s-60_adeuwv4s.pth
[2026-04-02 14:01:25]   Downloaded 179 keys
[2026-04-02 14:01:25] ======================================================================
[2026-04-02 14:01:25] STARTING CROSS-VALIDATION
[2026-04-02 14:01:25] ======================================================================
[2026-04-02 14:01:25] Subjects:      [48, 49, 50, 51, 52, 53, 54]
[2026-04-02 14:01:25] CV folds:      5
[2026-04-02 14:01:25] Batch size:    16
[2026-04-02 14:01:25] Max epochs:    5000
[2026-04-02 14:01:25] Device:        cpu
[2026-04-02 14:01:25] Seed control:  False
[2026-04-02 14:01:25] Base seed:     46
[2026-04-02 14:01:25] ======================================================================

[2026-04-02 14:01:25] Subject 48: 100 windows class_counts=[25, 25, 25, 25]
[2026-04-02 14:01:25]   Fold 1 split seed: None
[2026-04-02 14:01:25]   Fold 1 split class counts:
[2026-04-02 14:01:25]     train=[16, 16, 16, 16] val=[4, 4, 4, 4] test=[5, 5, 5, 5]
[2026-04-02 14:01:25]   Fold 2 split seed: None
[2026-04-02 14:01:25]   Fold 2 split class counts:
[2026-04-02 14:01:25]     train=[16, 16, 16, 16] val=[4, 4, 4, 4] test=[5, 5, 5, 5]
[2026-04-02 14:01:25]   Fold 3 split seed: None
[2026-04-02 14:01:25]   Fold 3 split class counts:
[2026-04-02 14:01:25]     train=[16, 16, 16, 16] val=[4, 4, 4, 4] test=[5, 5, 5, 5]
[2026-04-02 14:01:25]   Fold 4 split seed: None
[2026-04-02 14:01:25]   Fold 4 split class counts:
[2026-04-02 14:01:25]     train=[16, 16, 16, 16] val=[4, 4, 4, 4] test=[5, 5, 5, 5]
[2026-04-02 14:01:25]   Fold 5 split seed: None
[2026-04-02 14:01:25]   Fold 5 split class counts:
[2026-04-02 14:01:25]     train=[16, 16, 16, 16] val=[4, 4, 4, 4] test=[5, 5, 5, 5]
[2026-04-02 14:01:25]   Subject 48 Fold 1 seed: None
[2026-04-02 14:01:25]   Subject 48 Fold 1: n_train=64 n_val=16 n_test=20
[2026-04-02 14:01:25]     Train class counts: [16, 16, 16, 16]
[2026-04-02 14:01:25]     Val class counts:   [4, 4, 4, 4]
[2026-04-02 14:01:25]     Test class counts:  [5, 5, 5, 5]
[2026-04-02 14:01:25] Building model with input window duration: 4.1875 s
[2026-04-02 14:01:25] Pretrained weight loading:
[2026-04-02 14:01:25]   Downloaded keys:        179
[2026-04-02 14:01:25]   Filtered (transformer): 172
[2026-04-02 14:01:25]   Filtered (pos_encoder): 0
[2026-04-02 14:01:25]   Keys to load:           7
[2026-04-02 14:01:25]   Missing keys:           4
[2026-04-02 14:01:25]   Unexpected keys:        0
[2026-04-02 14:01:25]   Missing preview:        ['spatial_conv.1.weight', 'spatial_conv.1.bias', 'final_layer.1.weight', 'final_layer.1.bias']
[2026-04-02 14:01:25]   Unexpected preview:     []
[2026-04-02 14:01:25] Encoder freeze configuration:
[2026-04-02 14:01:25]   Total parameters:        18,192
[2026-04-02 14:01:25]   Trainable parameters:    4,352
[2026-04-02 14:01:25]   Training percentage:     23.9%
[2026-04-02 14:01:25]   Trainable layers: 4
[2026-04-02 14:01:25]     - final_layer.1.bias
[2026-04-02 14:01:25]     - final_layer.1.weight
[2026-04-02 14:01:25]     - spatial_conv.1.bias
[2026-04-02 14:01:25]     - spatial_conv.1.weight
[2026-04-02 14:01:25]     Train generator seeded: False
[2026-04-02 14:01:41]     Stopped epoch:            1188
[2026-04-02 14:01:41]     Best epoch (valid_loss):  1138
[2026-04-02 14:01:41]     Best valid_loss:          0.03416108712553978
[2026-04-02 14:01:41]     Test accuracy (primary):  0.9500
[2026-04-02 14:01:41]     Test balanced acc:        0.9500
[2026-04-02 14:01:41]     Confusion matrix:         [[4, 1, 0, 0], [0, 5, 0, 0], [0, 0, 5, 0], [0, 0, 0, 5]]
[2026-04-02 14:01:41]     Prediction histogram:     [4, 6, 5, 5]
[2026-04-02 14:01:41]     fold_acc=0.9500 fold_bal_acc=0.9500 cm=[[4, 1, 0, 0], [0, 5, 0, 0], [0, 0, 5, 0], [0, 0, 0, 5]]
[2026-04-02 14:01:41]   Subject 48 Fold 2 seed: None
[2026-04-02 14:01:41]   Subject 48 Fold 2: n_train=64 n_val=16 n_test=20
[2026-04-02 14:01:41]     Train class counts: [16, 16, 16, 16]
[2026-04-02 14:01:41]     Val class counts:   [4, 4, 4, 4]
[2026-04-02 14:01:41]     Test class counts:  [5, 5, 5, 5]
[2026-04-02 14:01:41] Building model with input window duration: 4.1875 s
[2026-04-02 14:01:41] Pretrained weight loading:
[2026-04-02 14:01:41]   Downloaded keys:        179
[2026-04-02 14:01:41]   Filtered (transformer): 172
[2026-04-02 14:01:41]   Filtered (pos_encoder): 0
[2026-04-02 14:01:41]   Keys to load:           7
[2026-04-02 14:01:41]   Missing keys:           4
[2026-04-02 14:01:41]   Unexpected keys:        0
[2026-04-02 14:01:41]   Missing preview:        ['spatial_conv.1.weight', 'spatial_conv.1.bias', 'final_layer.1.weight', 'final_layer.1.bias']
[2026-04-02 14:01:41]   Unexpected preview:     []
[2026-04-02 14:01:41] Encoder freeze configuration:
[2026-04-02 14:01:41]   Total parameters:        18,192
[2026-04-02 14:01:41]   Trainable parameters:    4,352
[2026-04-02 14:01:41]   Training percentage:     23.9%
[2026-04-02 14:01:41]   Trainable layers: 4
[2026-04-02 14:01:41]     - final_layer.1.bias
[2026-04-02 14:01:41]     - final_layer.1.weight
[2026-04-02 14:01:41]     - spatial_conv.1.bias
[2026-04-02 14:01:41]     - spatial_conv.1.weight
[2026-04-02 14:01:41]     Train generator seeded: False
[2026-04-02 14:01:46]     Stopped epoch:            508
[2026-04-02 14:01:46]     Best epoch (valid_loss):  458
[2026-04-02 14:01:46]     Best valid_loss:          0.1501282900571823
[2026-04-02 14:01:46]     Test accuracy (primary):  1.0000
[2026-04-02 14:01:46]     Test balanced acc:        1.0000
[2026-04-02 14:01:46]     Confusion matrix:         [[5, 0, 0, 0], [0, 5, 0, 0], [0, 0, 5, 0], [0, 0, 0, 5]]
[2026-04-02 14:01:46]     Prediction histogram:     [5, 5, 5, 5]
[2026-04-02 14:01:46]     fold_acc=1.0000 fold_bal_acc=1.0000 cm=[[5, 0, 0, 0], [0, 5, 0, 0], [0, 0, 5, 0], [0, 0, 0, 5]]
[2026-04-02 14:01:46]   Subject 48 Fold 3 seed: None
[2026-04-02 14:01:46]   Subject 48 Fold 3: n_train=64 n_val=16 n_test=20
[2026-04-02 14:01:46]     Train class counts: [16, 16, 16, 16]
[2026-04-02 14:01:46]     Val class counts:   [4, 4, 4, 4]
[2026-04-02 14:01:46]     Test class counts:  [5, 5, 5, 5]
[2026-04-02 14:01:46] Building model with input window duration: 4.1875 s
[2026-04-02 14:01:46] Pretrained weight loading:
[2026-04-02 14:01:46]   Downloaded keys:        179
[2026-04-02 14:01:46]   Filtered (transformer): 172
[2026-04-02 14:01:46]   Filtered (pos_encoder): 0
[2026-04-02 14:01:46]   Keys to load:           7
[2026-04-02 14:01:46]   Missing keys:           4
[2026-04-02 14:01:46]   Unexpected keys:        0
[2026-04-02 14:01:46]   Missing preview:        ['spatial_conv.1.weight', 'spatial_conv.1.bias', 'final_layer.1.weight', 'final_layer.1.bias']
[2026-04-02 14:01:46]   Unexpected preview:     []
[2026-04-02 14:01:46] Encoder freeze configuration:
[2026-04-02 14:01:46]   Total parameters:        18,192
[2026-04-02 14:01:46]   Trainable parameters:    4,352
[2026-04-02 14:01:46]   Training percentage:     23.9%
[2026-04-02 14:01:46]   Trainable layers: 4
[2026-04-02 14:01:46]     - final_layer.1.bias
[2026-04-02 14:01:46]     - final_layer.1.weight
[2026-04-02 14:01:46]     - spatial_conv.1.bias
[2026-04-02 14:01:46]     - spatial_conv.1.weight
[2026-04-02 14:01:46]     Train generator seeded: False
[2026-04-02 14:01:51]     Stopped epoch:            423
[2026-04-02 14:01:51]     Best epoch (valid_loss):  373
[2026-04-02 14:01:51]     Best valid_loss:          0.08360280841588974
[2026-04-02 14:01:51]     Test accuracy (primary):  0.8500
[2026-04-02 14:01:51]     Test balanced acc:        0.8500
[2026-04-02 14:01:51]     Confusion matrix:         [[5, 0, 0, 0], [0, 5, 0, 0], [1, 0, 3, 1], [0, 0, 1, 4]]
[2026-04-02 14:01:51]     Prediction histogram:     [6, 5, 4, 5]
[2026-04-02 14:01:51]     fold_acc=0.8500 fold_bal_acc=0.8500 cm=[[5, 0, 0, 0], [0, 5, 0, 0], [1, 0, 3, 1], [0, 0, 1, 4]]
[2026-04-02 14:01:51]   Subject 48 Fold 4 seed: None
[2026-04-02 14:01:51]   Subject 48 Fold 4: n_train=64 n_val=16 n_test=20
[2026-04-02 14:01:51]     Train class counts: [16, 16, 16, 16]
[2026-04-02 14:01:51]     Val class counts:   [4, 4, 4, 4]
[2026-04-02 14:01:51]     Test class counts:  [5, 5, 5, 5]
[2026-04-02 14:01:51] Building model with input window duration: 4.1875 s
[2026-04-02 14:01:51] Pretrained weight loading:
[2026-04-02 14:01:51]   Downloaded keys:        179
[2026-04-02 14:01:51]   Filtered (transformer): 172
[2026-04-02 14:01:51]   Filtered (pos_encoder): 0
[2026-04-02 14:01:51]   Keys to load:           7
[2026-04-02 14:01:51]   Missing keys:           4
[2026-04-02 14:01:51]   Unexpected keys:        0
[2026-04-02 14:01:51]   Missing preview:        ['spatial_conv.1.weight', 'spatial_conv.1.bias', 'final_layer.1.weight', 'final_layer.1.bias']
[2026-04-02 14:01:51]   Unexpected preview:     []
[2026-04-02 14:01:51] Encoder freeze configuration:
[2026-04-02 14:01:51]   Total parameters:        18,192
[2026-04-02 14:01:51]   Trainable parameters:    4,352
[2026-04-02 14:01:51]   Training percentage:     23.9%
[2026-04-02 14:01:51]   Trainable layers: 4
[2026-04-02 14:01:51]     - final_layer.1.bias
[2026-04-02 14:01:51]     - final_layer.1.weight
[2026-04-02 14:01:51]     - spatial_conv.1.bias
[2026-04-02 14:01:51]     - spatial_conv.1.weight
[2026-04-02 14:01:51]     Train generator seeded: False
[2026-04-02 14:02:00]     Stopped epoch:            761
[2026-04-02 14:02:00]     Best epoch (valid_loss):  711
[2026-04-02 14:02:00]     Best valid_loss:          0.02927110157907009
[2026-04-02 14:02:00]     Test accuracy (primary):  1.0000
[2026-04-02 14:02:00]     Test balanced acc:        1.0000
[2026-04-02 14:02:00]     Confusion matrix:         [[5, 0, 0, 0], [0, 5, 0, 0], [0, 0, 5, 0], [0, 0, 0, 5]]
[2026-04-02 14:02:00]     Prediction histogram:     [5, 5, 5, 5]
[2026-04-02 14:02:00]     fold_acc=1.0000 fold_bal_acc=1.0000 cm=[[5, 0, 0, 0], [0, 5, 0, 0], [0, 0, 5, 0], [0, 0, 0, 5]]
[2026-04-02 14:02:00]   Subject 48 Fold 5 seed: None
[2026-04-02 14:02:00]   Subject 48 Fold 5: n_train=64 n_val=16 n_test=20
[2026-04-02 14:02:00]     Train class counts: [16, 16, 16, 16]
[2026-04-02 14:02:00]     Val class counts:   [4, 4, 4, 4]
[2026-04-02 14:02:00]     Test class counts:  [5, 5, 5, 5]
[2026-04-02 14:02:00] Building model with input window duration: 4.1875 s
[2026-04-02 14:02:00] Pretrained weight loading:
[2026-04-02 14:02:00]   Downloaded keys:        179
[2026-04-02 14:02:00]   Filtered (transformer): 172
[2026-04-02 14:02:00]   Filtered (pos_encoder): 0
[2026-04-02 14:02:00]   Keys to load:           7
[2026-04-02 14:02:00]   Missing keys:           4
[2026-04-02 14:02:00]   Unexpected keys:        0
[2026-04-02 14:02:00]   Missing preview:        ['spatial_conv.1.weight', 'spatial_conv.1.bias', 'final_layer.1.weight', 'final_layer.1.bias']
[2026-04-02 14:02:00]   Unexpected preview:     []
[2026-04-02 14:02:00] Encoder freeze configuration:
[2026-04-02 14:02:00]   Total parameters:        18,192
[2026-04-02 14:02:00]   Trainable parameters:    4,352
[2026-04-02 14:02:00]   Training percentage:     23.9%
[2026-04-02 14:02:00]   Trainable layers: 4
[2026-04-02 14:02:00]     - final_layer.1.bias
[2026-04-02 14:02:00]     - final_layer.1.weight
[2026-04-02 14:02:00]     - spatial_conv.1.bias
[2026-04-02 14:02:00]     - spatial_conv.1.weight
[2026-04-02 14:02:00]     Train generator seeded: False
[2026-04-02 14:02:13]     Stopped epoch:            1078
[2026-04-02 14:02:13]     Best epoch (valid_loss):  1028
[2026-04-02 14:02:13]     Best valid_loss:          0.027150822803378105
[2026-04-02 14:02:13]     Test accuracy (primary):  0.9000
[2026-04-02 14:02:13]     Test balanced acc:        0.9000
[2026-04-02 14:02:13]     Confusion matrix:         [[4, 0, 0, 1], [0, 4, 0, 1], [0, 0, 5, 0], [0, 0, 0, 5]]
[2026-04-02 14:02:13]     Prediction histogram:     [4, 4, 5, 7]
[2026-04-02 14:02:13]     fold_acc=0.9000 fold_bal_acc=0.9000 cm=[[4, 0, 0, 1], [0, 4, 0, 1], [0, 0, 5, 0], [0, 0, 0, 5]]
[2026-04-02 14:02:13]   Subject 48 mean accuracy: 0.9400

[2026-04-02 14:02:13] Subject 49: 100 windows class_counts=[25, 25, 25, 25]
[2026-04-02 14:02:13]   Fold 1 split seed: None
[2026-04-02 14:02:13]   Fold 1 split class counts:
[2026-04-02 14:02:13]     train=[16, 16, 16, 16] val=[4, 4, 4, 4] test=[5, 5, 5, 5]
[2026-04-02 14:02:13]   Fold 2 split seed: None
[2026-04-02 14:02:13]   Fold 2 split class counts:
[2026-04-02 14:02:13]     train=[16, 16, 16, 16] val=[4, 4, 4, 4] test=[5, 5, 5, 5]
[2026-04-02 14:02:13]   Fold 3 split seed: None
[2026-04-02 14:02:13]   Fold 3 split class counts:
[2026-04-02 14:02:13]     train=[16, 16, 16, 16] val=[4, 4, 4, 4] test=[5, 5, 5, 5]
[2026-04-02 14:02:13]   Fold 4 split seed: None
[2026-04-02 14:02:13]   Fold 4 split class counts:
[2026-04-02 14:02:13]     train=[16, 16, 16, 16] val=[4, 4, 4, 4] test=[5, 5, 5, 5]
[2026-04-02 14:02:13]   Fold 5 split seed: None
[2026-04-02 14:02:13]   Fold 5 split class counts:
[2026-04-02 14:02:13]     train=[16, 16, 16, 16] val=[4, 4, 4, 4] test=[5, 5, 5, 5]
[2026-04-02 14:02:13]   Subject 49 Fold 1 seed: None
[2026-04-02 14:02:13]   Subject 49 Fold 1: n_train=64 n_val=16 n_test=20
[2026-04-02 14:02:13]     Train class counts: [16, 16, 16, 16]
[2026-04-02 14:02:13]     Val class counts:   [4, 4, 4, 4]
[2026-04-02 14:02:13]     Test class counts:  [5, 5, 5, 5]
[2026-04-02 14:02:13] Building model with input window duration: 4.1875 s
[2026-04-02 14:02:13] Pretrained weight loading:
[2026-04-02 14:02:13]   Downloaded keys:        179
[2026-04-02 14:02:13]   Filtered (transformer): 172
[2026-04-02 14:02:13]   Filtered (pos_encoder): 0
[2026-04-02 14:02:13]   Keys to load:           7
[2026-04-02 14:02:13]   Missing keys:           4
[2026-04-02 14:02:13]   Unexpected keys:        0
[2026-04-02 14:02:13]   Missing preview:        ['spatial_conv.1.weight', 'spatial_conv.1.bias', 'final_layer.1.weight', 'final_layer.1.bias']
[2026-04-02 14:02:13]   Unexpected preview:     []
[2026-04-02 14:02:13] Encoder freeze configuration:
[2026-04-02 14:02:13]   Total parameters:        18,192
[2026-04-02 14:02:13]   Trainable parameters:    4,352
[2026-04-02 14:02:13]   Training percentage:     23.9%
[2026-04-02 14:02:13]   Trainable layers: 4
[2026-04-02 14:02:13]     - final_layer.1.bias
[2026-04-02 14:02:13]     - final_layer.1.weight
[2026-04-02 14:02:13]     - spatial_conv.1.bias
[2026-04-02 14:02:13]     - spatial_conv.1.weight
[2026-04-02 14:02:13]     Train generator seeded: False
[2026-04-02 14:02:14]     Stopped epoch:            115
[2026-04-02 14:02:14]     Best epoch (valid_loss):  65
[2026-04-02 14:02:14]     Best valid_loss:          0.988484263420105
[2026-04-02 14:02:14]     Test accuracy (primary):  0.4500
[2026-04-02 14:02:14]     Test balanced acc:        0.4500
[2026-04-02 14:02:14]     Confusion matrix:         [[2, 2, 0, 1], [1, 0, 2, 2], [1, 0, 4, 0], [2, 0, 0, 3]]
[2026-04-02 14:02:14]     Prediction histogram:     [6, 2, 6, 6]
[2026-04-02 14:02:14]     fold_acc=0.4500 fold_bal_acc=0.4500 cm=[[2, 2, 0, 1], [1, 0, 2, 2], [1, 0, 4, 0], [2, 0, 0, 3]]
[2026-04-02 14:02:14]   Subject 49 Fold 2 seed: None
[2026-04-02 14:02:14]   Subject 49 Fold 2: n_train=64 n_val=16 n_test=20
[2026-04-02 14:02:14]     Train class counts: [16, 16, 16, 16]
[2026-04-02 14:02:14]     Val class counts:   [4, 4, 4, 4]
[2026-04-02 14:02:14]     Test class counts:  [5, 5, 5, 5]
[2026-04-02 14:02:14] Building model with input window duration: 4.1875 s
[2026-04-02 14:02:14] Pretrained weight loading:
[2026-04-02 14:02:14]   Downloaded keys:        179
[2026-04-02 14:02:14]   Filtered (transformer): 172
[2026-04-02 14:02:14]   Filtered (pos_encoder): 0
[2026-04-02 14:02:14]   Keys to load:           7
[2026-04-02 14:02:14]   Missing keys:           4
[2026-04-02 14:02:14]   Unexpected keys:        0
[2026-04-02 14:02:14]   Missing preview:        ['spatial_conv.1.weight', 'spatial_conv.1.bias', 'final_layer.1.weight', 'final_layer.1.bias']
[2026-04-02 14:02:14]   Unexpected preview:     []
[2026-04-02 14:02:14] Encoder freeze configuration:
[2026-04-02 14:02:14]   Total parameters:        18,192
[2026-04-02 14:02:14]   Trainable parameters:    4,352
[2026-04-02 14:02:14]   Training percentage:     23.9%
[2026-04-02 14:02:14]   Trainable layers: 4
[2026-04-02 14:02:14]     - final_layer.1.bias
[2026-04-02 14:02:14]     - final_layer.1.weight
[2026-04-02 14:02:14]     - spatial_conv.1.bias
[2026-04-02 14:02:14]     - spatial_conv.1.weight
[2026-04-02 14:02:14]     Train generator seeded: False
[2026-04-02 14:02:23]     Stopped epoch:            765
[2026-04-02 14:02:23]     Best epoch (valid_loss):  715
[2026-04-02 14:02:23]     Best valid_loss:          0.46128544211387634
[2026-04-02 14:02:23]     Test accuracy (primary):  0.8500
[2026-04-02 14:02:23]     Test balanced acc:        0.8500
[2026-04-02 14:02:23]     Confusion matrix:         [[4, 1, 0, 0], [0, 5, 0, 0], [0, 0, 5, 0], [0, 1, 1, 3]]
[2026-04-02 14:02:23]     Prediction histogram:     [4, 7, 6, 3]
[2026-04-02 14:02:23]     fold_acc=0.8500 fold_bal_acc=0.8500 cm=[[4, 1, 0, 0], [0, 5, 0, 0], [0, 0, 5, 0], [0, 1, 1, 3]]
[2026-04-02 14:02:23]   Subject 49 Fold 3 seed: None
[2026-04-02 14:02:23]   Subject 49 Fold 3: n_train=64 n_val=16 n_test=20
[2026-04-02 14:02:23]     Train class counts: [16, 16, 16, 16]
[2026-04-02 14:02:23]     Val class counts:   [4, 4, 4, 4]
[2026-04-02 14:02:23]     Test class counts:  [5, 5, 5, 5]
[2026-04-02 14:02:23] Building model with input window duration: 4.1875 s
[2026-04-02 14:02:23] Pretrained weight loading:
[2026-04-02 14:02:23]   Downloaded keys:        179
[2026-04-02 14:02:23]   Filtered (transformer): 172
[2026-04-02 14:02:23]   Filtered (pos_encoder): 0
[2026-04-02 14:02:23]   Keys to load:           7
[2026-04-02 14:02:23]   Missing keys:           4
[2026-04-02 14:02:23]   Unexpected keys:        0
[2026-04-02 14:02:23]   Missing preview:        ['spatial_conv.1.weight', 'spatial_conv.1.bias', 'final_layer.1.weight', 'final_layer.1.bias']
[2026-04-02 14:02:23]   Unexpected preview:     []
[2026-04-02 14:02:23] Encoder freeze configuration:
[2026-04-02 14:02:23]   Total parameters:        18,192
[2026-04-02 14:02:23]   Trainable parameters:    4,352
[2026-04-02 14:02:23]   Training percentage:     23.9%
[2026-04-02 14:02:23]   Trainable layers: 4
[2026-04-02 14:02:23]     - final_layer.1.bias
[2026-04-02 14:02:23]     - final_layer.1.weight
[2026-04-02 14:02:23]     - spatial_conv.1.bias
[2026-04-02 14:02:23]     - spatial_conv.1.weight
[2026-04-02 14:02:23]     Train generator seeded: False
[2026-04-02 14:02:24]     Stopped epoch:            145
[2026-04-02 14:02:24]     Best epoch (valid_loss):  95
[2026-04-02 14:02:24]     Best valid_loss:          1.1748194694519043
[2026-04-02 14:02:24]     Test accuracy (primary):  0.6500
[2026-04-02 14:02:24]     Test balanced acc:        0.6500
[2026-04-02 14:02:24]     Confusion matrix:         [[2, 1, 0, 2], [2, 3, 0, 0], [1, 0, 4, 0], [0, 1, 0, 4]]
[2026-04-02 14:02:24]     Prediction histogram:     [5, 5, 4, 6]
[2026-04-02 14:02:24]     fold_acc=0.6500 fold_bal_acc=0.6500 cm=[[2, 1, 0, 2], [2, 3, 0, 0], [1, 0, 4, 0], [0, 1, 0, 4]]
[2026-04-02 14:02:24]   Subject 49 Fold 4 seed: None
[2026-04-02 14:02:24]   Subject 49 Fold 4: n_train=64 n_val=16 n_test=20
[2026-04-02 14:02:24]     Train class counts: [16, 16, 16, 16]
[2026-04-02 14:02:24]     Val class counts:   [4, 4, 4, 4]
[2026-04-02 14:02:24]     Test class counts:  [5, 5, 5, 5]
[2026-04-02 14:02:24] Building model with input window duration: 4.1875 s
[2026-04-02 14:02:24] Pretrained weight loading:
[2026-04-02 14:02:24]   Downloaded keys:        179
[2026-04-02 14:02:24]   Filtered (transformer): 172
[2026-04-02 14:02:24]   Filtered (pos_encoder): 0
[2026-04-02 14:02:24]   Keys to load:           7
[2026-04-02 14:02:24]   Missing keys:           4
[2026-04-02 14:02:24]   Unexpected keys:        0
[2026-04-02 14:02:24]   Missing preview:        ['spatial_conv.1.weight', 'spatial_conv.1.bias', 'final_layer.1.weight', 'final_layer.1.bias']
[2026-04-02 14:02:24]   Unexpected preview:     []
[2026-04-02 14:02:24] Encoder freeze configuration:
[2026-04-02 14:02:24]   Total parameters:        18,192
[2026-04-02 14:02:24]   Trainable parameters:    4,352
[2026-04-02 14:02:24]   Training percentage:     23.9%
[2026-04-02 14:02:24]   Trainable layers: 4
[2026-04-02 14:02:24]     - final_layer.1.bias
[2026-04-02 14:02:24]     - final_layer.1.weight
[2026-04-02 14:02:24]     - spatial_conv.1.bias
[2026-04-02 14:02:24]     - spatial_conv.1.weight
[2026-04-02 14:02:24]     Train generator seeded: False
[2026-04-02 14:02:28]     Stopped epoch:            286
[2026-04-02 14:02:28]     Best epoch (valid_loss):  236
[2026-04-02 14:02:28]     Best valid_loss:          0.3989908695220947
[2026-04-02 14:02:28]     Test accuracy (primary):  0.8000
[2026-04-02 14:02:28]     Test balanced acc:        0.8000
[2026-04-02 14:02:28]     Confusion matrix:         [[4, 1, 0, 0], [0, 5, 0, 0], [0, 0, 4, 1], [2, 0, 0, 3]]
[2026-04-02 14:02:28]     Prediction histogram:     [6, 6, 4, 4]
[2026-04-02 14:02:28]     fold_acc=0.8000 fold_bal_acc=0.8000 cm=[[4, 1, 0, 0], [0, 5, 0, 0], [0, 0, 4, 1], [2, 0, 0, 3]]
[2026-04-02 14:02:28]   Subject 49 Fold 5 seed: None
[2026-04-02 14:02:28]   Subject 49 Fold 5: n_train=64 n_val=16 n_test=20
[2026-04-02 14:02:28]     Train class counts: [16, 16, 16, 16]
[2026-04-02 14:02:28]     Val class counts:   [4, 4, 4, 4]
[2026-04-02 14:02:28]     Test class counts:  [5, 5, 5, 5]
[2026-04-02 14:02:28] Building model with input window duration: 4.1875 s
[2026-04-02 14:02:28] Pretrained weight loading:
[2026-04-02 14:02:28]   Downloaded keys:        179
[2026-04-02 14:02:28]   Filtered (transformer): 172
[2026-04-02 14:02:28]   Filtered (pos_encoder): 0
[2026-04-02 14:02:28]   Keys to load:           7
[2026-04-02 14:02:28]   Missing keys:           4
[2026-04-02 14:02:28]   Unexpected keys:        0
[2026-04-02 14:02:28]   Missing preview:        ['spatial_conv.1.weight', 'spatial_conv.1.bias', 'final_layer.1.weight', 'final_layer.1.bias']
[2026-04-02 14:02:28]   Unexpected preview:     []
[2026-04-02 14:02:28] Encoder freeze configuration:
[2026-04-02 14:02:28]   Total parameters:        18,192
[2026-04-02 14:02:28]   Trainable parameters:    4,352
[2026-04-02 14:02:28]   Training percentage:     23.9%
[2026-04-02 14:02:28]   Trainable layers: 4
[2026-04-02 14:02:28]     - final_layer.1.bias
[2026-04-02 14:02:28]     - final_layer.1.weight
[2026-04-02 14:02:28]     - spatial_conv.1.bias
[2026-04-02 14:02:28]     - spatial_conv.1.weight
[2026-04-02 14:02:28]     Train generator seeded: False
[2026-04-02 14:02:35]     Stopped epoch:            637
[2026-04-02 14:02:35]     Best epoch (valid_loss):  587
[2026-04-02 14:02:35]     Best valid_loss:          0.4704791307449341
[2026-04-02 14:02:35]     Test accuracy (primary):  0.7000
[2026-04-02 14:02:35]     Test balanced acc:        0.7000
[2026-04-02 14:02:35]     Confusion matrix:         [[3, 0, 1, 1], [1, 3, 0, 1], [0, 0, 5, 0], [1, 1, 0, 3]]
[2026-04-02 14:02:35]     Prediction histogram:     [5, 4, 6, 5]
[2026-04-02 14:02:35]     fold_acc=0.7000 fold_bal_acc=0.7000 cm=[[3, 0, 1, 1], [1, 3, 0, 1], [0, 0, 5, 0], [1, 1, 0, 3]]
[2026-04-02 14:02:35]   Subject 49 mean accuracy: 0.6900

[2026-04-02 14:02:35] Subject 50: 100 windows class_counts=[25, 25, 25, 25]
[2026-04-02 14:02:35]   Fold 1 split seed: None
[2026-04-02 14:02:35]   Fold 1 split class counts:
[2026-04-02 14:02:35]     train=[16, 16, 16, 16] val=[4, 4, 4, 4] test=[5, 5, 5, 5]
[2026-04-02 14:02:35]   Fold 2 split seed: None
[2026-04-02 14:02:35]   Fold 2 split class counts:
[2026-04-02 14:02:35]     train=[16, 16, 16, 16] val=[4, 4, 4, 4] test=[5, 5, 5, 5]
[2026-04-02 14:02:35]   Fold 3 split seed: None
[2026-04-02 14:02:35]   Fold 3 split class counts:
[2026-04-02 14:02:35]     train=[16, 16, 16, 16] val=[4, 4, 4, 4] test=[5, 5, 5, 5]
[2026-04-02 14:02:35]   Fold 4 split seed: None
[2026-04-02 14:02:35]   Fold 4 split class counts:
[2026-04-02 14:02:35]     train=[16, 16, 16, 16] val=[4, 4, 4, 4] test=[5, 5, 5, 5]
[2026-04-02 14:02:35]   Fold 5 split seed: None
[2026-04-02 14:02:35]   Fold 5 split class counts:
[2026-04-02 14:02:35]     train=[16, 16, 16, 16] val=[4, 4, 4, 4] test=[5, 5, 5, 5]
[2026-04-02 14:02:35]   Subject 50 Fold 1 seed: None
[2026-04-02 14:02:35]   Subject 50 Fold 1: n_train=64 n_val=16 n_test=20
[2026-04-02 14:02:35]     Train class counts: [16, 16, 16, 16]
[2026-04-02 14:02:35]     Val class counts:   [4, 4, 4, 4]
[2026-04-02 14:02:35]     Test class counts:  [5, 5, 5, 5]
[2026-04-02 14:02:35] Building model with input window duration: 4.1875 s
[2026-04-02 14:02:35] Pretrained weight loading:
[2026-04-02 14:02:35]   Downloaded keys:        179
[2026-04-02 14:02:35]   Filtered (transformer): 172
[2026-04-02 14:02:35]   Filtered (pos_encoder): 0
[2026-04-02 14:02:35]   Keys to load:           7
[2026-04-02 14:02:35]   Missing keys:           4
[2026-04-02 14:02:35]   Unexpected keys:        0
[2026-04-02 14:02:35]   Missing preview:        ['spatial_conv.1.weight', 'spatial_conv.1.bias', 'final_layer.1.weight', 'final_layer.1.bias']
[2026-04-02 14:02:35]   Unexpected preview:     []
[2026-04-02 14:02:35] Encoder freeze configuration:
[2026-04-02 14:02:35]   Total parameters:        18,192
[2026-04-02 14:02:35]   Trainable parameters:    4,352
[2026-04-02 14:02:35]   Training percentage:     23.9%
[2026-04-02 14:02:35]   Trainable layers: 4
[2026-04-02 14:02:35]     - final_layer.1.bias
[2026-04-02 14:02:35]     - final_layer.1.weight
[2026-04-02 14:02:35]     - spatial_conv.1.bias
[2026-04-02 14:02:35]     - spatial_conv.1.weight
[2026-04-02 14:02:35]     Train generator seeded: False
[2026-04-02 14:02:55]     Stopped epoch:            1729
[2026-04-02 14:02:55]     Best epoch (valid_loss):  1679
[2026-04-02 14:02:55]     Best valid_loss:          0.07238598167896271
[2026-04-02 14:02:55]     Test accuracy (primary):  0.9000
[2026-04-02 14:02:55]     Test balanced acc:        0.9000
[2026-04-02 14:02:55]     Confusion matrix:         [[5, 0, 0, 0], [1, 4, 0, 0], [0, 0, 4, 1], [0, 0, 0, 5]]
[2026-04-02 14:02:55]     Prediction histogram:     [6, 4, 4, 6]
[2026-04-02 14:02:55]     fold_acc=0.9000 fold_bal_acc=0.9000 cm=[[5, 0, 0, 0], [1, 4, 0, 0], [0, 0, 4, 1], [0, 0, 0, 5]]
[2026-04-02 14:02:55]   Subject 50 Fold 2 seed: None
[2026-04-02 14:02:55]   Subject 50 Fold 2: n_train=64 n_val=16 n_test=20
[2026-04-02 14:02:55]     Train class counts: [16, 16, 16, 16]
[2026-04-02 14:02:55]     Val class counts:   [4, 4, 4, 4]
[2026-04-02 14:02:55]     Test class counts:  [5, 5, 5, 5]
[2026-04-02 14:02:55] Building model with input window duration: 4.1875 s
[2026-04-02 14:02:55] Pretrained weight loading:
[2026-04-02 14:02:55]   Downloaded keys:        179
[2026-04-02 14:02:55]   Filtered (transformer): 172
[2026-04-02 14:02:55]   Filtered (pos_encoder): 0
[2026-04-02 14:02:55]   Keys to load:           7
[2026-04-02 14:02:55]   Missing keys:           4
[2026-04-02 14:02:55]   Unexpected keys:        0
[2026-04-02 14:02:55]   Missing preview:        ['spatial_conv.1.weight', 'spatial_conv.1.bias', 'final_layer.1.weight', 'final_layer.1.bias']
[2026-04-02 14:02:55]   Unexpected preview:     []
[2026-04-02 14:02:55] Encoder freeze configuration:
[2026-04-02 14:02:55]   Total parameters:        18,192
[2026-04-02 14:02:55]   Trainable parameters:    4,352
[2026-04-02 14:02:55]   Training percentage:     23.9%
[2026-04-02 14:02:55]   Trainable layers: 4
[2026-04-02 14:02:55]     - final_layer.1.bias
[2026-04-02 14:02:55]     - final_layer.1.weight
[2026-04-02 14:02:55]     - spatial_conv.1.bias
[2026-04-02 14:02:55]     - spatial_conv.1.weight
[2026-04-02 14:02:55]     Train generator seeded: False
[2026-04-02 14:03:20]     Stopped epoch:            2153
[2026-04-02 14:03:20]     Best epoch (valid_loss):  2103
[2026-04-02 14:03:20]     Best valid_loss:          0.030135858803987503
[2026-04-02 14:03:20]     Test accuracy (primary):  0.9000
[2026-04-02 14:03:20]     Test balanced acc:        0.9000
[2026-04-02 14:03:20]     Confusion matrix:         [[4, 0, 1, 0], [0, 4, 0, 1], [0, 0, 5, 0], [0, 0, 0, 5]]
[2026-04-02 14:03:20]     Prediction histogram:     [4, 4, 6, 6]
[2026-04-02 14:03:20]     fold_acc=0.9000 fold_bal_acc=0.9000 cm=[[4, 0, 1, 0], [0, 4, 0, 1], [0, 0, 5, 0], [0, 0, 0, 5]]
[2026-04-02 14:03:20]   Subject 50 Fold 3 seed: None
[2026-04-02 14:03:20]   Subject 50 Fold 3: n_train=64 n_val=16 n_test=20
[2026-04-02 14:03:20]     Train class counts: [16, 16, 16, 16]
[2026-04-02 14:03:20]     Val class counts:   [4, 4, 4, 4]
[2026-04-02 14:03:20]     Test class counts:  [5, 5, 5, 5]
[2026-04-02 14:03:20] Building model with input window duration: 4.1875 s
[2026-04-02 14:03:20] Pretrained weight loading:
[2026-04-02 14:03:20]   Downloaded keys:        179
[2026-04-02 14:03:20]   Filtered (transformer): 172
[2026-04-02 14:03:20]   Filtered (pos_encoder): 0
[2026-04-02 14:03:20]   Keys to load:           7
[2026-04-02 14:03:20]   Missing keys:           4
[2026-04-02 14:03:20]   Unexpected keys:        0
[2026-04-02 14:03:20]   Missing preview:        ['spatial_conv.1.weight', 'spatial_conv.1.bias', 'final_layer.1.weight', 'final_layer.1.bias']
[2026-04-02 14:03:20]   Unexpected preview:     []
[2026-04-02 14:03:20] Encoder freeze configuration:
[2026-04-02 14:03:20]   Total parameters:        18,192
[2026-04-02 14:03:20]   Trainable parameters:    4,352
[2026-04-02 14:03:20]   Training percentage:     23.9%
[2026-04-02 14:03:20]   Trainable layers: 4
[2026-04-02 14:03:20]     - final_layer.1.bias
[2026-04-02 14:03:20]     - final_layer.1.weight
[2026-04-02 14:03:20]     - spatial_conv.1.bias
[2026-04-02 14:03:20]     - spatial_conv.1.weight
[2026-04-02 14:03:20]     Train generator seeded: False
[2026-04-02 14:03:29]     Stopped epoch:            734
[2026-04-02 14:03:29]     Best epoch (valid_loss):  684
[2026-04-02 14:03:29]     Best valid_loss:          0.3490414321422577
[2026-04-02 14:03:29]     Test accuracy (primary):  0.9500
[2026-04-02 14:03:29]     Test balanced acc:        0.9500
[2026-04-02 14:03:29]     Confusion matrix:         [[4, 0, 0, 1], [0, 5, 0, 0], [0, 0, 5, 0], [0, 0, 0, 5]]
[2026-04-02 14:03:29]     Prediction histogram:     [4, 5, 5, 6]
[2026-04-02 14:03:29]     fold_acc=0.9500 fold_bal_acc=0.9500 cm=[[4, 0, 0, 1], [0, 5, 0, 0], [0, 0, 5, 0], [0, 0, 0, 5]]
[2026-04-02 14:03:29]   Subject 50 Fold 4 seed: None
[2026-04-02 14:03:29]   Subject 50 Fold 4: n_train=64 n_val=16 n_test=20
[2026-04-02 14:03:29]     Train class counts: [16, 16, 16, 16]
[2026-04-02 14:03:29]     Val class counts:   [4, 4, 4, 4]
[2026-04-02 14:03:29]     Test class counts:  [5, 5, 5, 5]
[2026-04-02 14:03:29] Building model with input window duration: 4.1875 s
[2026-04-02 14:03:29] Pretrained weight loading:
[2026-04-02 14:03:29]   Downloaded keys:        179
[2026-04-02 14:03:29]   Filtered (transformer): 172
[2026-04-02 14:03:29]   Filtered (pos_encoder): 0
[2026-04-02 14:03:29]   Keys to load:           7
[2026-04-02 14:03:29]   Missing keys:           4
[2026-04-02 14:03:29]   Unexpected keys:        0
[2026-04-02 14:03:29]   Missing preview:        ['spatial_conv.1.weight', 'spatial_conv.1.bias', 'final_layer.1.weight', 'final_layer.1.bias']
[2026-04-02 14:03:29]   Unexpected preview:     []
[2026-04-02 14:03:29] Encoder freeze configuration:
[2026-04-02 14:03:29]   Total parameters:        18,192
[2026-04-02 14:03:29]   Trainable parameters:    4,352
[2026-04-02 14:03:29]   Training percentage:     23.9%
[2026-04-02 14:03:29]   Trainable layers: 4
[2026-04-02 14:03:29]     - final_layer.1.bias
[2026-04-02 14:03:29]     - final_layer.1.weight
[2026-04-02 14:03:29]     - spatial_conv.1.bias
[2026-04-02 14:03:29]     - spatial_conv.1.weight
[2026-04-02 14:03:29]     Train generator seeded: False
[2026-04-02 14:03:54]     Stopped epoch:            2213
[2026-04-02 14:03:54]     Best epoch (valid_loss):  2163
[2026-04-02 14:03:54]     Best valid_loss:          0.07732786983251572
[2026-04-02 14:03:54]     Test accuracy (primary):  0.8500
[2026-04-02 14:03:54]     Test balanced acc:        0.8500
[2026-04-02 14:03:54]     Confusion matrix:         [[3, 1, 1, 0], [0, 5, 0, 0], [0, 0, 5, 0], [0, 0, 1, 4]]
[2026-04-02 14:03:54]     Prediction histogram:     [3, 6, 7, 4]
[2026-04-02 14:03:54]     fold_acc=0.8500 fold_bal_acc=0.8500 cm=[[3, 1, 1, 0], [0, 5, 0, 0], [0, 0, 5, 0], [0, 0, 1, 4]]
[2026-04-02 14:03:54]   Subject 50 Fold 5 seed: None
[2026-04-02 14:03:54]   Subject 50 Fold 5: n_train=64 n_val=16 n_test=20
[2026-04-02 14:03:54]     Train class counts: [16, 16, 16, 16]
[2026-04-02 14:03:54]     Val class counts:   [4, 4, 4, 4]
[2026-04-02 14:03:54]     Test class counts:  [5, 5, 5, 5]
[2026-04-02 14:03:54] Building model with input window duration: 4.1875 s
[2026-04-02 14:03:54] Pretrained weight loading:
[2026-04-02 14:03:54]   Downloaded keys:        179
[2026-04-02 14:03:54]   Filtered (transformer): 172
[2026-04-02 14:03:54]   Filtered (pos_encoder): 0
[2026-04-02 14:03:54]   Keys to load:           7
[2026-04-02 14:03:54]   Missing keys:           4
[2026-04-02 14:03:54]   Unexpected keys:        0
[2026-04-02 14:03:54]   Missing preview:        ['spatial_conv.1.weight', 'spatial_conv.1.bias', 'final_layer.1.weight', 'final_layer.1.bias']
[2026-04-02 14:03:54]   Unexpected preview:     []
[2026-04-02 14:03:54] Encoder freeze configuration:
[2026-04-02 14:03:54]   Total parameters:        18,192
[2026-04-02 14:03:54]   Trainable parameters:    4,352
[2026-04-02 14:03:54]   Training percentage:     23.9%
[2026-04-02 14:03:54]   Trainable layers: 4
[2026-04-02 14:03:54]     - final_layer.1.bias
[2026-04-02 14:03:54]     - final_layer.1.weight
[2026-04-02 14:03:54]     - spatial_conv.1.bias
[2026-04-02 14:03:54]     - spatial_conv.1.weight
[2026-04-02 14:03:54]     Train generator seeded: False
[2026-04-02 14:03:59]     Stopped epoch:            375
[2026-04-02 14:03:59]     Best epoch (valid_loss):  325
[2026-04-02 14:03:59]     Best valid_loss:          0.1369662582874298
[2026-04-02 14:03:59]     Test accuracy (primary):  0.9000
[2026-04-02 14:03:59]     Test balanced acc:        0.9000
[2026-04-02 14:03:59]     Confusion matrix:         [[4, 0, 0, 1], [0, 5, 0, 0], [1, 0, 4, 0], [0, 0, 0, 5]]
[2026-04-02 14:03:59]     Prediction histogram:     [5, 5, 4, 6]
[2026-04-02 14:03:59]     fold_acc=0.9000 fold_bal_acc=0.9000 cm=[[4, 0, 0, 1], [0, 5, 0, 0], [1, 0, 4, 0], [0, 0, 0, 5]]
[2026-04-02 14:03:59]   Subject 50 mean accuracy: 0.9000

[2026-04-02 14:03:59] Subject 51: 100 windows class_counts=[25, 25, 25, 25]
[2026-04-02 14:03:59]   Fold 1 split seed: None
[2026-04-02 14:03:59]   Fold 1 split class counts:
[2026-04-02 14:03:59]     train=[16, 16, 16, 16] val=[4, 4, 4, 4] test=[5, 5, 5, 5]
[2026-04-02 14:03:59]   Fold 2 split seed: None
[2026-04-02 14:03:59]   Fold 2 split class counts:
[2026-04-02 14:03:59]     train=[16, 16, 16, 16] val=[4, 4, 4, 4] test=[5, 5, 5, 5]
[2026-04-02 14:03:59]   Fold 3 split seed: None
[2026-04-02 14:03:59]   Fold 3 split class counts:
[2026-04-02 14:03:59]     train=[16, 16, 16, 16] val=[4, 4, 4, 4] test=[5, 5, 5, 5]
[2026-04-02 14:03:59]   Fold 4 split seed: None
[2026-04-02 14:03:59]   Fold 4 split class counts:
[2026-04-02 14:03:59]     train=[16, 16, 16, 16] val=[4, 4, 4, 4] test=[5, 5, 5, 5]
[2026-04-02 14:03:59]   Fold 5 split seed: None
[2026-04-02 14:03:59]   Fold 5 split class counts:
[2026-04-02 14:03:59]     train=[16, 16, 16, 16] val=[4, 4, 4, 4] test=[5, 5, 5, 5]
[2026-04-02 14:03:59]   Subject 51 Fold 1 seed: None
[2026-04-02 14:03:59]   Subject 51 Fold 1: n_train=64 n_val=16 n_test=20
[2026-04-02 14:03:59]     Train class counts: [16, 16, 16, 16]
[2026-04-02 14:03:59]     Val class counts:   [4, 4, 4, 4]
[2026-04-02 14:03:59]     Test class counts:  [5, 5, 5, 5]
[2026-04-02 14:03:59] Building model with input window duration: 4.1875 s
[2026-04-02 14:03:59] Pretrained weight loading:
[2026-04-02 14:03:59]   Downloaded keys:        179
[2026-04-02 14:03:59]   Filtered (transformer): 172
[2026-04-02 14:03:59]   Filtered (pos_encoder): 0
[2026-04-02 14:03:59]   Keys to load:           7
[2026-04-02 14:03:59]   Missing keys:           4
[2026-04-02 14:03:59]   Unexpected keys:        0
[2026-04-02 14:03:59]   Missing preview:        ['spatial_conv.1.weight', 'spatial_conv.1.bias', 'final_layer.1.weight', 'final_layer.1.bias']
[2026-04-02 14:03:59]   Unexpected preview:     []
[2026-04-02 14:03:59] Encoder freeze configuration:
[2026-04-02 14:03:59]   Total parameters:        18,192
[2026-04-02 14:03:59]   Trainable parameters:    4,352
[2026-04-02 14:03:59]   Training percentage:     23.9%
[2026-04-02 14:03:59]   Trainable layers: 4
[2026-04-02 14:03:59]     - final_layer.1.bias
[2026-04-02 14:03:59]     - final_layer.1.weight
[2026-04-02 14:03:59]     - spatial_conv.1.bias
[2026-04-02 14:03:59]     - spatial_conv.1.weight
[2026-04-02 14:03:59]     Train generator seeded: False
[2026-04-02 14:03:59]     Stopped epoch:            55
[2026-04-02 14:03:59]     Best epoch (valid_loss):  5
[2026-04-02 14:03:59]     Best valid_loss:          1.3767799139022827
[2026-04-02 14:03:59]     Test accuracy (primary):  0.3000
[2026-04-02 14:03:59]     Test balanced acc:        0.3000
[2026-04-02 14:03:59]     Confusion matrix:         [[2, 0, 2, 1], [2, 0, 1, 2], [1, 0, 1, 3], [0, 0, 2, 3]]
[2026-04-02 14:03:59]     Prediction histogram:     [5, 0, 6, 9]
[2026-04-02 14:03:59]     fold_acc=0.3000 fold_bal_acc=0.3000 cm=[[2, 0, 2, 1], [2, 0, 1, 2], [1, 0, 1, 3], [0, 0, 2, 3]]
[2026-04-02 14:03:59]   Subject 51 Fold 2 seed: None
[2026-04-02 14:03:59]   Subject 51 Fold 2: n_train=64 n_val=16 n_test=20
[2026-04-02 14:03:59]     Train class counts: [16, 16, 16, 16]
[2026-04-02 14:03:59]     Val class counts:   [4, 4, 4, 4]
[2026-04-02 14:03:59]     Test class counts:  [5, 5, 5, 5]
[2026-04-02 14:03:59] Building model with input window duration: 4.1875 s
[2026-04-02 14:03:59] Pretrained weight loading:
[2026-04-02 14:03:59]   Downloaded keys:        179
[2026-04-02 14:03:59]   Filtered (transformer): 172
[2026-04-02 14:03:59]   Filtered (pos_encoder): 0
[2026-04-02 14:03:59]   Keys to load:           7
[2026-04-02 14:03:59]   Missing keys:           4
[2026-04-02 14:03:59]   Unexpected keys:        0
[2026-04-02 14:03:59]   Missing preview:        ['spatial_conv.1.weight', 'spatial_conv.1.bias', 'final_layer.1.weight', 'final_layer.1.bias']
[2026-04-02 14:03:59]   Unexpected preview:     []
[2026-04-02 14:03:59] Encoder freeze configuration:
[2026-04-02 14:03:59]   Total parameters:        18,192
[2026-04-02 14:03:59]   Trainable parameters:    4,352
[2026-04-02 14:03:59]   Training percentage:     23.9%
[2026-04-02 14:03:59]   Trainable layers: 4
[2026-04-02 14:03:59]     - final_layer.1.bias
[2026-04-02 14:03:59]     - final_layer.1.weight
[2026-04-02 14:03:59]     - spatial_conv.1.bias
[2026-04-02 14:03:59]     - spatial_conv.1.weight
[2026-04-02 14:03:59]     Train generator seeded: False
[2026-04-02 14:04:00]     Stopped epoch:            53
[2026-04-02 14:04:00]     Best epoch (valid_loss):  3
[2026-04-02 14:04:00]     Best valid_loss:          1.386428952217102
[2026-04-02 14:04:00]     Test accuracy (primary):  0.4000
[2026-04-02 14:04:00]     Test balanced acc:        0.4000
[2026-04-02 14:04:00]     Confusion matrix:         [[1, 3, 0, 1], [0, 2, 1, 2], [0, 1, 1, 3], [0, 1, 0, 4]]
[2026-04-02 14:04:00]     Prediction histogram:     [1, 7, 2, 10]
[2026-04-02 14:04:00]     fold_acc=0.4000 fold_bal_acc=0.4000 cm=[[1, 3, 0, 1], [0, 2, 1, 2], [0, 1, 1, 3], [0, 1, 0, 4]]
[2026-04-02 14:04:00]   Subject 51 Fold 3 seed: None
[2026-04-02 14:04:00]   Subject 51 Fold 3: n_train=64 n_val=16 n_test=20
[2026-04-02 14:04:00]     Train class counts: [16, 16, 16, 16]
[2026-04-02 14:04:00]     Val class counts:   [4, 4, 4, 4]
[2026-04-02 14:04:00]     Test class counts:  [5, 5, 5, 5]
[2026-04-02 14:04:00] Building model with input window duration: 4.1875 s
[2026-04-02 14:04:00] Pretrained weight loading:
[2026-04-02 14:04:00]   Downloaded keys:        179
[2026-04-02 14:04:00]   Filtered (transformer): 172
[2026-04-02 14:04:00]   Filtered (pos_encoder): 0
[2026-04-02 14:04:00]   Keys to load:           7
[2026-04-02 14:04:00]   Missing keys:           4
[2026-04-02 14:04:00]   Unexpected keys:        0
[2026-04-02 14:04:00]   Missing preview:        ['spatial_conv.1.weight', 'spatial_conv.1.bias', 'final_layer.1.weight', 'final_layer.1.bias']
[2026-04-02 14:04:00]   Unexpected preview:     []
[2026-04-02 14:04:00] Encoder freeze configuration:
[2026-04-02 14:04:00]   Total parameters:        18,192
[2026-04-02 14:04:00]   Trainable parameters:    4,352
[2026-04-02 14:04:00]   Training percentage:     23.9%
[2026-04-02 14:04:00]   Trainable layers: 4
[2026-04-02 14:04:00]     - final_layer.1.bias
[2026-04-02 14:04:00]     - final_layer.1.weight
[2026-04-02 14:04:00]     - spatial_conv.1.bias
[2026-04-02 14:04:00]     - spatial_conv.1.weight
[2026-04-02 14:04:00]     Train generator seeded: False
[2026-04-02 14:04:01]     Stopped epoch:            62
[2026-04-02 14:04:01]     Best epoch (valid_loss):  12
[2026-04-02 14:04:01]     Best valid_loss:          1.3676925897598267
[2026-04-02 14:04:01]     Test accuracy (primary):  0.4500
[2026-04-02 14:04:01]     Test balanced acc:        0.4500
[2026-04-02 14:04:01]     Confusion matrix:         [[2, 1, 2, 0], [1, 1, 1, 2], [0, 1, 3, 1], [0, 1, 1, 3]]
[2026-04-02 14:04:01]     Prediction histogram:     [3, 4, 7, 6]
[2026-04-02 14:04:01]     fold_acc=0.4500 fold_bal_acc=0.4500 cm=[[2, 1, 2, 0], [1, 1, 1, 2], [0, 1, 3, 1], [0, 1, 1, 3]]
[2026-04-02 14:04:01]   Subject 51 Fold 4 seed: None
[2026-04-02 14:04:01]   Subject 51 Fold 4: n_train=64 n_val=16 n_test=20
[2026-04-02 14:04:01]     Train class counts: [16, 16, 16, 16]
[2026-04-02 14:04:01]     Val class counts:   [4, 4, 4, 4]
[2026-04-02 14:04:01]     Test class counts:  [5, 5, 5, 5]
[2026-04-02 14:04:01] Building model with input window duration: 4.1875 s
[2026-04-02 14:04:01] Pretrained weight loading:
[2026-04-02 14:04:01]   Downloaded keys:        179
[2026-04-02 14:04:01]   Filtered (transformer): 172
[2026-04-02 14:04:01]   Filtered (pos_encoder): 0
[2026-04-02 14:04:01]   Keys to load:           7
[2026-04-02 14:04:01]   Missing keys:           4
[2026-04-02 14:04:01]   Unexpected keys:        0
[2026-04-02 14:04:01]   Missing preview:        ['spatial_conv.1.weight', 'spatial_conv.1.bias', 'final_layer.1.weight', 'final_layer.1.bias']
[2026-04-02 14:04:01]   Unexpected preview:     []
[2026-04-02 14:04:01] Encoder freeze configuration:
[2026-04-02 14:04:01]   Total parameters:        18,192
[2026-04-02 14:04:01]   Trainable parameters:    4,352
[2026-04-02 14:04:01]   Training percentage:     23.9%
[2026-04-02 14:04:01]   Trainable layers: 4
[2026-04-02 14:04:01]     - final_layer.1.bias
[2026-04-02 14:04:01]     - final_layer.1.weight
[2026-04-02 14:04:01]     - spatial_conv.1.bias
[2026-04-02 14:04:01]     - spatial_conv.1.weight
[2026-04-02 14:04:01]     Train generator seeded: False
[2026-04-02 14:04:01]     Stopped epoch:            51
[2026-04-02 14:04:01]     Best epoch (valid_loss):  1
[2026-04-02 14:04:01]     Best valid_loss:          1.3787062168121338
[2026-04-02 14:04:01]     Test accuracy (primary):  0.3000
[2026-04-02 14:04:01]     Test balanced acc:        0.3000
[2026-04-02 14:04:01]     Confusion matrix:         [[1, 2, 0, 2], [0, 3, 1, 1], [1, 1, 0, 3], [2, 1, 0, 2]]
[2026-04-02 14:04:01]     Prediction histogram:     [4, 7, 1, 8]
[2026-04-02 14:04:01]     fold_acc=0.3000 fold_bal_acc=0.3000 cm=[[1, 2, 0, 2], [0, 3, 1, 1], [1, 1, 0, 3], [2, 1, 0, 2]]
[2026-04-02 14:04:01]   Subject 51 Fold 5 seed: None
[2026-04-02 14:04:01]   Subject 51 Fold 5: n_train=64 n_val=16 n_test=20
[2026-04-02 14:04:01]     Train class counts: [16, 16, 16, 16]
[2026-04-02 14:04:01]     Val class counts:   [4, 4, 4, 4]
[2026-04-02 14:04:01]     Test class counts:  [5, 5, 5, 5]
[2026-04-02 14:04:01] Building model with input window duration: 4.1875 s
[2026-04-02 14:04:01] Pretrained weight loading:
[2026-04-02 14:04:01]   Downloaded keys:        179
[2026-04-02 14:04:01]   Filtered (transformer): 172
[2026-04-02 14:04:01]   Filtered (pos_encoder): 0
[2026-04-02 14:04:01]   Keys to load:           7
[2026-04-02 14:04:01]   Missing keys:           4
[2026-04-02 14:04:01]   Unexpected keys:        0
[2026-04-02 14:04:01]   Missing preview:        ['spatial_conv.1.weight', 'spatial_conv.1.bias', 'final_layer.1.weight', 'final_layer.1.bias']
[2026-04-02 14:04:01]   Unexpected preview:     []
[2026-04-02 14:04:01] Encoder freeze configuration:
[2026-04-02 14:04:01]   Total parameters:        18,192
[2026-04-02 14:04:01]   Trainable parameters:    4,352
[2026-04-02 14:04:01]   Training percentage:     23.9%
[2026-04-02 14:04:01]   Trainable layers: 4
[2026-04-02 14:04:01]     - final_layer.1.bias
[2026-04-02 14:04:01]     - final_layer.1.weight
[2026-04-02 14:04:01]     - spatial_conv.1.bias
[2026-04-02 14:04:01]     - spatial_conv.1.weight
[2026-04-02 14:04:01]     Train generator seeded: False
[2026-04-02 14:04:02]     Stopped epoch:            71
[2026-04-02 14:04:02]     Best epoch (valid_loss):  21
[2026-04-02 14:04:02]     Best valid_loss:          1.246850848197937
[2026-04-02 14:04:02]     Test accuracy (primary):  0.5000
[2026-04-02 14:04:02]     Test balanced acc:        0.5000
[2026-04-02 14:04:02]     Confusion matrix:         [[3, 1, 0, 1], [1, 2, 1, 1], [1, 1, 2, 1], [0, 1, 1, 3]]
[2026-04-02 14:04:02]     Prediction histogram:     [5, 5, 4, 6]
[2026-04-02 14:04:02]     fold_acc=0.5000 fold_bal_acc=0.5000 cm=[[3, 1, 0, 1], [1, 2, 1, 1], [1, 1, 2, 1], [0, 1, 1, 3]]
[2026-04-02 14:04:02]   Subject 51 mean accuracy: 0.3900

[2026-04-02 14:04:02] Subject 52: 100 windows class_counts=[25, 25, 25, 25]
[2026-04-02 14:04:02]   Fold 1 split seed: None
[2026-04-02 14:04:02]   Fold 1 split class counts:
[2026-04-02 14:04:02]     train=[16, 16, 16, 16] val=[4, 4, 4, 4] test=[5, 5, 5, 5]
[2026-04-02 14:04:02]   Fold 2 split seed: None
[2026-04-02 14:04:02]   Fold 2 split class counts:
[2026-04-02 14:04:02]     train=[16, 16, 16, 16] val=[4, 4, 4, 4] test=[5, 5, 5, 5]
[2026-04-02 14:04:02]   Fold 3 split seed: None
[2026-04-02 14:04:02]   Fold 3 split class counts:
[2026-04-02 14:04:02]     train=[16, 16, 16, 16] val=[4, 4, 4, 4] test=[5, 5, 5, 5]
[2026-04-02 14:04:02]   Fold 4 split seed: None
[2026-04-02 14:04:02]   Fold 4 split class counts:
[2026-04-02 14:04:02]     train=[16, 16, 16, 16] val=[4, 4, 4, 4] test=[5, 5, 5, 5]
[2026-04-02 14:04:02]   Fold 5 split seed: None
[2026-04-02 14:04:02]   Fold 5 split class counts:
[2026-04-02 14:04:02]     train=[16, 16, 16, 16] val=[4, 4, 4, 4] test=[5, 5, 5, 5]
[2026-04-02 14:04:02]   Subject 52 Fold 1 seed: None
[2026-04-02 14:04:02]   Subject 52 Fold 1: n_train=64 n_val=16 n_test=20
[2026-04-02 14:04:02]     Train class counts: [16, 16, 16, 16]
[2026-04-02 14:04:02]     Val class counts:   [4, 4, 4, 4]
[2026-04-02 14:04:02]     Test class counts:  [5, 5, 5, 5]
[2026-04-02 14:04:02] Building model with input window duration: 4.1875 s
[2026-04-02 14:04:02] Pretrained weight loading:
[2026-04-02 14:04:02]   Downloaded keys:        179
[2026-04-02 14:04:02]   Filtered (transformer): 172
[2026-04-02 14:04:02]   Filtered (pos_encoder): 0
[2026-04-02 14:04:02]   Keys to load:           7
[2026-04-02 14:04:02]   Missing keys:           4
[2026-04-02 14:04:02]   Unexpected keys:        0
[2026-04-02 14:04:02]   Missing preview:        ['spatial_conv.1.weight', 'spatial_conv.1.bias', 'final_layer.1.weight', 'final_layer.1.bias']
[2026-04-02 14:04:02]   Unexpected preview:     []
[2026-04-02 14:04:02] Encoder freeze configuration:
[2026-04-02 14:04:02]   Total parameters:        18,192
[2026-04-02 14:04:02]   Trainable parameters:    4,352
[2026-04-02 14:04:02]   Training percentage:     23.9%
[2026-04-02 14:04:02]   Trainable layers: 4
[2026-04-02 14:04:02]     - final_layer.1.bias
[2026-04-02 14:04:02]     - final_layer.1.weight
[2026-04-02 14:04:02]     - spatial_conv.1.bias
[2026-04-02 14:04:02]     - spatial_conv.1.weight
[2026-04-02 14:04:02]     Train generator seeded: False
[2026-04-02 14:04:06]     Stopped epoch:            330
[2026-04-02 14:04:06]     Best epoch (valid_loss):  280
[2026-04-02 14:04:06]     Best valid_loss:          0.32238954305648804
[2026-04-02 14:04:06]     Test accuracy (primary):  0.9000
[2026-04-02 14:04:06]     Test balanced acc:        0.9000
[2026-04-02 14:04:06]     Confusion matrix:         [[4, 0, 0, 1], [0, 5, 0, 0], [0, 0, 5, 0], [0, 0, 1, 4]]
[2026-04-02 14:04:06]     Prediction histogram:     [4, 5, 6, 5]
[2026-04-02 14:04:06]     fold_acc=0.9000 fold_bal_acc=0.9000 cm=[[4, 0, 0, 1], [0, 5, 0, 0], [0, 0, 5, 0], [0, 0, 1, 4]]
[2026-04-02 14:04:06]   Subject 52 Fold 2 seed: None
[2026-04-02 14:04:06]   Subject 52 Fold 2: n_train=64 n_val=16 n_test=20
[2026-04-02 14:04:06]     Train class counts: [16, 16, 16, 16]
[2026-04-02 14:04:06]     Val class counts:   [4, 4, 4, 4]
[2026-04-02 14:04:06]     Test class counts:  [5, 5, 5, 5]
[2026-04-02 14:04:06] Building model with input window duration: 4.1875 s
[2026-04-02 14:04:06] Pretrained weight loading:
[2026-04-02 14:04:06]   Downloaded keys:        179
[2026-04-02 14:04:06]   Filtered (transformer): 172
[2026-04-02 14:04:06]   Filtered (pos_encoder): 0
[2026-04-02 14:04:06]   Keys to load:           7
[2026-04-02 14:04:06]   Missing keys:           4
[2026-04-02 14:04:06]   Unexpected keys:        0
[2026-04-02 14:04:06]   Missing preview:        ['spatial_conv.1.weight', 'spatial_conv.1.bias', 'final_layer.1.weight', 'final_layer.1.bias']
[2026-04-02 14:04:06]   Unexpected preview:     []
[2026-04-02 14:04:06] Encoder freeze configuration:
[2026-04-02 14:04:06]   Total parameters:        18,192
[2026-04-02 14:04:06]   Trainable parameters:    4,352
[2026-04-02 14:04:06]   Training percentage:     23.9%
[2026-04-02 14:04:06]   Trainable layers: 4
[2026-04-02 14:04:06]     - final_layer.1.bias
[2026-04-02 14:04:06]     - final_layer.1.weight
[2026-04-02 14:04:06]     - spatial_conv.1.bias
[2026-04-02 14:04:06]     - spatial_conv.1.weight
[2026-04-02 14:04:06]     Train generator seeded: False
[2026-04-02 14:04:17]     Stopped epoch:            972
[2026-04-02 14:04:17]     Best epoch (valid_loss):  922
[2026-04-02 14:04:17]     Best valid_loss:          0.07334461808204651
[2026-04-02 14:04:17]     Test accuracy (primary):  1.0000
[2026-04-02 14:04:17]     Test balanced acc:        1.0000
[2026-04-02 14:04:17]     Confusion matrix:         [[5, 0, 0, 0], [0, 5, 0, 0], [0, 0, 5, 0], [0, 0, 0, 5]]
[2026-04-02 14:04:17]     Prediction histogram:     [5, 5, 5, 5]
[2026-04-02 14:04:17]     fold_acc=1.0000 fold_bal_acc=1.0000 cm=[[5, 0, 0, 0], [0, 5, 0, 0], [0, 0, 5, 0], [0, 0, 0, 5]]
[2026-04-02 14:04:17]   Subject 52 Fold 3 seed: None
[2026-04-02 14:04:17]   Subject 52 Fold 3: n_train=64 n_val=16 n_test=20
[2026-04-02 14:04:17]     Train class counts: [16, 16, 16, 16]
[2026-04-02 14:04:17]     Val class counts:   [4, 4, 4, 4]
[2026-04-02 14:04:17]     Test class counts:  [5, 5, 5, 5]
[2026-04-02 14:04:17] Building model with input window duration: 4.1875 s
[2026-04-02 14:04:17] Pretrained weight loading:
[2026-04-02 14:04:17]   Downloaded keys:        179
[2026-04-02 14:04:17]   Filtered (transformer): 172
[2026-04-02 14:04:17]   Filtered (pos_encoder): 0
[2026-04-02 14:04:17]   Keys to load:           7
[2026-04-02 14:04:17]   Missing keys:           4
[2026-04-02 14:04:17]   Unexpected keys:        0
[2026-04-02 14:04:17]   Missing preview:        ['spatial_conv.1.weight', 'spatial_conv.1.bias', 'final_layer.1.weight', 'final_layer.1.bias']
[2026-04-02 14:04:17]   Unexpected preview:     []
[2026-04-02 14:04:17] Encoder freeze configuration:
[2026-04-02 14:04:17]   Total parameters:        18,192
[2026-04-02 14:04:17]   Trainable parameters:    4,352
[2026-04-02 14:04:17]   Training percentage:     23.9%
[2026-04-02 14:04:17]   Trainable layers: 4
[2026-04-02 14:04:17]     - final_layer.1.bias
[2026-04-02 14:04:17]     - final_layer.1.weight
[2026-04-02 14:04:17]     - spatial_conv.1.bias
[2026-04-02 14:04:17]     - spatial_conv.1.weight
[2026-04-02 14:04:17]     Train generator seeded: False
[2026-04-02 14:05:02]     Stopped epoch:            3773
[2026-04-02 14:05:02]     Best epoch (valid_loss):  3723
[2026-04-02 14:05:02]     Best valid_loss:          0.0038855350576341152
[2026-04-02 14:05:02]     Test accuracy (primary):  1.0000
[2026-04-02 14:05:02]     Test balanced acc:        1.0000
[2026-04-02 14:05:02]     Confusion matrix:         [[5, 0, 0, 0], [0, 5, 0, 0], [0, 0, 5, 0], [0, 0, 0, 5]]
[2026-04-02 14:05:02]     Prediction histogram:     [5, 5, 5, 5]
[2026-04-02 14:05:02]     fold_acc=1.0000 fold_bal_acc=1.0000 cm=[[5, 0, 0, 0], [0, 5, 0, 0], [0, 0, 5, 0], [0, 0, 0, 5]]
[2026-04-02 14:05:02]   Subject 52 Fold 4 seed: None
[2026-04-02 14:05:02]   Subject 52 Fold 4: n_train=64 n_val=16 n_test=20
[2026-04-02 14:05:02]     Train class counts: [16, 16, 16, 16]
[2026-04-02 14:05:02]     Val class counts:   [4, 4, 4, 4]
[2026-04-02 14:05:02]     Test class counts:  [5, 5, 5, 5]
[2026-04-02 14:05:02] Building model with input window duration: 4.1875 s
[2026-04-02 14:05:02] Pretrained weight loading:
[2026-04-02 14:05:02]   Downloaded keys:        179
[2026-04-02 14:05:02]   Filtered (transformer): 172
[2026-04-02 14:05:02]   Filtered (pos_encoder): 0
[2026-04-02 14:05:02]   Keys to load:           7
[2026-04-02 14:05:02]   Missing keys:           4
[2026-04-02 14:05:02]   Unexpected keys:        0
[2026-04-02 14:05:02]   Missing preview:        ['spatial_conv.1.weight', 'spatial_conv.1.bias', 'final_layer.1.weight', 'final_layer.1.bias']
[2026-04-02 14:05:02]   Unexpected preview:     []
[2026-04-02 14:05:02] Encoder freeze configuration:
[2026-04-02 14:05:02]   Total parameters:        18,192
[2026-04-02 14:05:02]   Trainable parameters:    4,352
[2026-04-02 14:05:02]   Training percentage:     23.9%
[2026-04-02 14:05:02]   Trainable layers: 4
[2026-04-02 14:05:02]     - final_layer.1.bias
[2026-04-02 14:05:02]     - final_layer.1.weight
[2026-04-02 14:05:02]     - spatial_conv.1.bias
[2026-04-02 14:05:02]     - spatial_conv.1.weight
[2026-04-02 14:05:02]     Train generator seeded: False
[2026-04-02 14:05:14]     Stopped epoch:            1035
[2026-04-02 14:05:14]     Best epoch (valid_loss):  985
[2026-04-02 14:05:14]     Best valid_loss:          0.1089470237493515
[2026-04-02 14:05:14]     Test accuracy (primary):  0.9000
[2026-04-02 14:05:14]     Test balanced acc:        0.9000
[2026-04-02 14:05:14]     Confusion matrix:         [[4, 0, 0, 1], [0, 5, 0, 0], [0, 0, 5, 0], [0, 0, 1, 4]]
[2026-04-02 14:05:14]     Prediction histogram:     [4, 5, 6, 5]
[2026-04-02 14:05:14]     fold_acc=0.9000 fold_bal_acc=0.9000 cm=[[4, 0, 0, 1], [0, 5, 0, 0], [0, 0, 5, 0], [0, 0, 1, 4]]
[2026-04-02 14:05:14]   Subject 52 Fold 5 seed: None
[2026-04-02 14:05:14]   Subject 52 Fold 5: n_train=64 n_val=16 n_test=20
[2026-04-02 14:05:14]     Train class counts: [16, 16, 16, 16]
[2026-04-02 14:05:14]     Val class counts:   [4, 4, 4, 4]
[2026-04-02 14:05:14]     Test class counts:  [5, 5, 5, 5]
[2026-04-02 14:05:14] Building model with input window duration: 4.1875 s
[2026-04-02 14:05:14] Pretrained weight loading:
[2026-04-02 14:05:14]   Downloaded keys:        179
[2026-04-02 14:05:14]   Filtered (transformer): 172
[2026-04-02 14:05:14]   Filtered (pos_encoder): 0
[2026-04-02 14:05:14]   Keys to load:           7
[2026-04-02 14:05:14]   Missing keys:           4
[2026-04-02 14:05:14]   Unexpected keys:        0
[2026-04-02 14:05:14]   Missing preview:        ['spatial_conv.1.weight', 'spatial_conv.1.bias', 'final_layer.1.weight', 'final_layer.1.bias']
[2026-04-02 14:05:14]   Unexpected preview:     []
[2026-04-02 14:05:14] Encoder freeze configuration:
[2026-04-02 14:05:14]   Total parameters:        18,192
[2026-04-02 14:05:14]   Trainable parameters:    4,352
[2026-04-02 14:05:14]   Training percentage:     23.9%
[2026-04-02 14:05:14]   Trainable layers: 4
[2026-04-02 14:05:14]     - final_layer.1.bias
[2026-04-02 14:05:14]     - final_layer.1.weight
[2026-04-02 14:05:14]     - spatial_conv.1.bias
[2026-04-02 14:05:14]     - spatial_conv.1.weight
[2026-04-02 14:05:14]     Train generator seeded: False
[2026-04-02 14:05:21]     Stopped epoch:            588
[2026-04-02 14:05:21]     Best epoch (valid_loss):  538
[2026-04-02 14:05:21]     Best valid_loss:          0.23569409549236298
[2026-04-02 14:05:21]     Test accuracy (primary):  0.9000
[2026-04-02 14:05:21]     Test balanced acc:        0.9000
[2026-04-02 14:05:21]     Confusion matrix:         [[4, 0, 0, 1], [0, 5, 0, 0], [0, 0, 5, 0], [1, 0, 0, 4]]
[2026-04-02 14:05:21]     Prediction histogram:     [5, 5, 5, 5]
[2026-04-02 14:05:21]     fold_acc=0.9000 fold_bal_acc=0.9000 cm=[[4, 0, 0, 1], [0, 5, 0, 0], [0, 0, 5, 0], [1, 0, 0, 4]]
[2026-04-02 14:05:21]   Subject 52 mean accuracy: 0.9400

[2026-04-02 14:05:21] Subject 53: 100 windows class_counts=[25, 25, 25, 25]
[2026-04-02 14:05:21]   Fold 1 split seed: None
[2026-04-02 14:05:21]   Fold 1 split class counts:
[2026-04-02 14:05:21]     train=[16, 16, 16, 16] val=[4, 4, 4, 4] test=[5, 5, 5, 5]
[2026-04-02 14:05:21]   Fold 2 split seed: None
[2026-04-02 14:05:21]   Fold 2 split class counts:
[2026-04-02 14:05:21]     train=[16, 16, 16, 16] val=[4, 4, 4, 4] test=[5, 5, 5, 5]
[2026-04-02 14:05:21]   Fold 3 split seed: None
[2026-04-02 14:05:21]   Fold 3 split class counts:
[2026-04-02 14:05:21]     train=[16, 16, 16, 16] val=[4, 4, 4, 4] test=[5, 5, 5, 5]
[2026-04-02 14:05:21]   Fold 4 split seed: None
[2026-04-02 14:05:21]   Fold 4 split class counts:
[2026-04-02 14:05:21]     train=[16, 16, 16, 16] val=[4, 4, 4, 4] test=[5, 5, 5, 5]
[2026-04-02 14:05:21]   Fold 5 split seed: None
[2026-04-02 14:05:21]   Fold 5 split class counts:
[2026-04-02 14:05:21]     train=[16, 16, 16, 16] val=[4, 4, 4, 4] test=[5, 5, 5, 5]
[2026-04-02 14:05:21]   Subject 53 Fold 1 seed: None
[2026-04-02 14:05:21]   Subject 53 Fold 1: n_train=64 n_val=16 n_test=20
[2026-04-02 14:05:21]     Train class counts: [16, 16, 16, 16]
[2026-04-02 14:05:21]     Val class counts:   [4, 4, 4, 4]
[2026-04-02 14:05:21]     Test class counts:  [5, 5, 5, 5]
[2026-04-02 14:05:21] Building model with input window duration: 4.1875 s
[2026-04-02 14:05:21] Pretrained weight loading:
[2026-04-02 14:05:21]   Downloaded keys:        179
[2026-04-02 14:05:21]   Filtered (transformer): 172
[2026-04-02 14:05:21]   Filtered (pos_encoder): 0
[2026-04-02 14:05:21]   Keys to load:           7
[2026-04-02 14:05:21]   Missing keys:           4
[2026-04-02 14:05:21]   Unexpected keys:        0
[2026-04-02 14:05:21]   Missing preview:        ['spatial_conv.1.weight', 'spatial_conv.1.bias', 'final_layer.1.weight', 'final_layer.1.bias']
[2026-04-02 14:05:21]   Unexpected preview:     []
[2026-04-02 14:05:21] Encoder freeze configuration:
[2026-04-02 14:05:21]   Total parameters:        18,192
[2026-04-02 14:05:21]   Trainable parameters:    4,352
[2026-04-02 14:05:21]   Training percentage:     23.9%
[2026-04-02 14:05:21]   Trainable layers: 4
[2026-04-02 14:05:21]     - final_layer.1.bias
[2026-04-02 14:05:21]     - final_layer.1.weight
[2026-04-02 14:05:21]     - spatial_conv.1.bias
[2026-04-02 14:05:21]     - spatial_conv.1.weight
[2026-04-02 14:05:21]     Train generator seeded: False
[2026-04-02 14:05:29]     Stopped epoch:            629
[2026-04-02 14:05:29]     Best epoch (valid_loss):  579
[2026-04-02 14:05:29]     Best valid_loss:          0.04236640781164169
[2026-04-02 14:05:29]     Test accuracy (primary):  0.9500
[2026-04-02 14:05:29]     Test balanced acc:        0.9500
[2026-04-02 14:05:29]     Confusion matrix:         [[5, 0, 0, 0], [0, 5, 0, 0], [0, 0, 5, 0], [0, 1, 0, 4]]
[2026-04-02 14:05:29]     Prediction histogram:     [5, 6, 5, 4]
[2026-04-02 14:05:29]     fold_acc=0.9500 fold_bal_acc=0.9500 cm=[[5, 0, 0, 0], [0, 5, 0, 0], [0, 0, 5, 0], [0, 1, 0, 4]]
[2026-04-02 14:05:29]   Subject 53 Fold 2 seed: None
[2026-04-02 14:05:29]   Subject 53 Fold 2: n_train=64 n_val=16 n_test=20
[2026-04-02 14:05:29]     Train class counts: [16, 16, 16, 16]
[2026-04-02 14:05:29]     Val class counts:   [4, 4, 4, 4]
[2026-04-02 14:05:29]     Test class counts:  [5, 5, 5, 5]
[2026-04-02 14:05:29] Building model with input window duration: 4.1875 s
[2026-04-02 14:05:29] Pretrained weight loading:
[2026-04-02 14:05:29]   Downloaded keys:        179
[2026-04-02 14:05:29]   Filtered (transformer): 172
[2026-04-02 14:05:29]   Filtered (pos_encoder): 0
[2026-04-02 14:05:29]   Keys to load:           7
[2026-04-02 14:05:29]   Missing keys:           4
[2026-04-02 14:05:29]   Unexpected keys:        0
[2026-04-02 14:05:29]   Missing preview:        ['spatial_conv.1.weight', 'spatial_conv.1.bias', 'final_layer.1.weight', 'final_layer.1.bias']
[2026-04-02 14:05:29]   Unexpected preview:     []
[2026-04-02 14:05:29] Encoder freeze configuration:
[2026-04-02 14:05:29]   Total parameters:        18,192
[2026-04-02 14:05:29]   Trainable parameters:    4,352
[2026-04-02 14:05:29]   Training percentage:     23.9%
[2026-04-02 14:05:29]   Trainable layers: 4
[2026-04-02 14:05:29]     - final_layer.1.bias
[2026-04-02 14:05:29]     - final_layer.1.weight
[2026-04-02 14:05:29]     - spatial_conv.1.bias
[2026-04-02 14:05:29]     - spatial_conv.1.weight
[2026-04-02 14:05:29]     Train generator seeded: False
[2026-04-02 14:05:54]     Stopped epoch:            2093
[2026-04-02 14:05:54]     Best epoch (valid_loss):  2043
[2026-04-02 14:05:54]     Best valid_loss:          0.006678566336631775
[2026-04-02 14:05:54]     Test accuracy (primary):  1.0000
[2026-04-02 14:05:54]     Test balanced acc:        1.0000
[2026-04-02 14:05:54]     Confusion matrix:         [[5, 0, 0, 0], [0, 5, 0, 0], [0, 0, 5, 0], [0, 0, 0, 5]]
[2026-04-02 14:05:54]     Prediction histogram:     [5, 5, 5, 5]
[2026-04-02 14:05:54]     fold_acc=1.0000 fold_bal_acc=1.0000 cm=[[5, 0, 0, 0], [0, 5, 0, 0], [0, 0, 5, 0], [0, 0, 0, 5]]
[2026-04-02 14:05:54]   Subject 53 Fold 3 seed: None
[2026-04-02 14:05:54]   Subject 53 Fold 3: n_train=64 n_val=16 n_test=20
[2026-04-02 14:05:54]     Train class counts: [16, 16, 16, 16]
[2026-04-02 14:05:54]     Val class counts:   [4, 4, 4, 4]
[2026-04-02 14:05:54]     Test class counts:  [5, 5, 5, 5]
[2026-04-02 14:05:54] Building model with input window duration: 4.1875 s
[2026-04-02 14:05:54] Pretrained weight loading:
[2026-04-02 14:05:54]   Downloaded keys:        179
[2026-04-02 14:05:54]   Filtered (transformer): 172
[2026-04-02 14:05:54]   Filtered (pos_encoder): 0
[2026-04-02 14:05:54]   Keys to load:           7
[2026-04-02 14:05:54]   Missing keys:           4
[2026-04-02 14:05:54]   Unexpected keys:        0
[2026-04-02 14:05:54]   Missing preview:        ['spatial_conv.1.weight', 'spatial_conv.1.bias', 'final_layer.1.weight', 'final_layer.1.bias']
[2026-04-02 14:05:54]   Unexpected preview:     []
[2026-04-02 14:05:54] Encoder freeze configuration:
[2026-04-02 14:05:54]   Total parameters:        18,192
[2026-04-02 14:05:54]   Trainable parameters:    4,352
[2026-04-02 14:05:54]   Training percentage:     23.9%
[2026-04-02 14:05:54]   Trainable layers: 4
[2026-04-02 14:05:54]     - final_layer.1.bias
[2026-04-02 14:05:54]     - final_layer.1.weight
[2026-04-02 14:05:54]     - spatial_conv.1.bias
[2026-04-02 14:05:54]     - spatial_conv.1.weight
[2026-04-02 14:05:54]     Train generator seeded: False
[2026-04-02 14:06:12]     Stopped epoch:            1512
[2026-04-02 14:06:12]     Best epoch (valid_loss):  1462
[2026-04-02 14:06:12]     Best valid_loss:          0.013353902846574783
[2026-04-02 14:06:12]     Test accuracy (primary):  1.0000
[2026-04-02 14:06:12]     Test balanced acc:        1.0000
[2026-04-02 14:06:12]     Confusion matrix:         [[5, 0, 0, 0], [0, 5, 0, 0], [0, 0, 5, 0], [0, 0, 0, 5]]
[2026-04-02 14:06:12]     Prediction histogram:     [5, 5, 5, 5]
[2026-04-02 14:06:12]     fold_acc=1.0000 fold_bal_acc=1.0000 cm=[[5, 0, 0, 0], [0, 5, 0, 0], [0, 0, 5, 0], [0, 0, 0, 5]]
[2026-04-02 14:06:12]   Subject 53 Fold 4 seed: None
[2026-04-02 14:06:12]   Subject 53 Fold 4: n_train=64 n_val=16 n_test=20
[2026-04-02 14:06:12]     Train class counts: [16, 16, 16, 16]
[2026-04-02 14:06:12]     Val class counts:   [4, 4, 4, 4]
[2026-04-02 14:06:12]     Test class counts:  [5, 5, 5, 5]
[2026-04-02 14:06:12] Building model with input window duration: 4.1875 s
[2026-04-02 14:06:12] Pretrained weight loading:
[2026-04-02 14:06:12]   Downloaded keys:        179
[2026-04-02 14:06:12]   Filtered (transformer): 172
[2026-04-02 14:06:12]   Filtered (pos_encoder): 0
[2026-04-02 14:06:12]   Keys to load:           7
[2026-04-02 14:06:12]   Missing keys:           4
[2026-04-02 14:06:12]   Unexpected keys:        0
[2026-04-02 14:06:12]   Missing preview:        ['spatial_conv.1.weight', 'spatial_conv.1.bias', 'final_layer.1.weight', 'final_layer.1.bias']
[2026-04-02 14:06:12]   Unexpected preview:     []
[2026-04-02 14:06:12] Encoder freeze configuration:
[2026-04-02 14:06:12]   Total parameters:        18,192
[2026-04-02 14:06:12]   Trainable parameters:    4,352
[2026-04-02 14:06:12]   Training percentage:     23.9%
[2026-04-02 14:06:12]   Trainable layers: 4
[2026-04-02 14:06:12]     - final_layer.1.bias
[2026-04-02 14:06:12]     - final_layer.1.weight
[2026-04-02 14:06:12]     - spatial_conv.1.bias
[2026-04-02 14:06:12]     - spatial_conv.1.weight
[2026-04-02 14:06:12]     Train generator seeded: False
[2026-04-02 14:06:15]     Stopped epoch:            236
[2026-04-02 14:06:15]     Best epoch (valid_loss):  186
[2026-04-02 14:06:15]     Best valid_loss:          0.22760994732379913
[2026-04-02 14:06:15]     Test accuracy (primary):  0.9500
[2026-04-02 14:06:15]     Test balanced acc:        0.9500
[2026-04-02 14:06:15]     Confusion matrix:         [[4, 0, 0, 1], [0, 5, 0, 0], [0, 0, 5, 0], [0, 0, 0, 5]]
[2026-04-02 14:06:15]     Prediction histogram:     [4, 5, 5, 6]
[2026-04-02 14:06:15]     fold_acc=0.9500 fold_bal_acc=0.9500 cm=[[4, 0, 0, 1], [0, 5, 0, 0], [0, 0, 5, 0], [0, 0, 0, 5]]
[2026-04-02 14:06:15]   Subject 53 Fold 5 seed: None
[2026-04-02 14:06:15]   Subject 53 Fold 5: n_train=64 n_val=16 n_test=20
[2026-04-02 14:06:15]     Train class counts: [16, 16, 16, 16]
[2026-04-02 14:06:15]     Val class counts:   [4, 4, 4, 4]
[2026-04-02 14:06:15]     Test class counts:  [5, 5, 5, 5]
[2026-04-02 14:06:15] Building model with input window duration: 4.1875 s
[2026-04-02 14:06:15] Pretrained weight loading:
[2026-04-02 14:06:15]   Downloaded keys:        179
[2026-04-02 14:06:15]   Filtered (transformer): 172
[2026-04-02 14:06:15]   Filtered (pos_encoder): 0
[2026-04-02 14:06:15]   Keys to load:           7
[2026-04-02 14:06:15]   Missing keys:           4
[2026-04-02 14:06:15]   Unexpected keys:        0
[2026-04-02 14:06:15]   Missing preview:        ['spatial_conv.1.weight', 'spatial_conv.1.bias', 'final_layer.1.weight', 'final_layer.1.bias']
[2026-04-02 14:06:15]   Unexpected preview:     []
[2026-04-02 14:06:15] Encoder freeze configuration:
[2026-04-02 14:06:15]   Total parameters:        18,192
[2026-04-02 14:06:15]   Trainable parameters:    4,352
[2026-04-02 14:06:15]   Training percentage:     23.9%
[2026-04-02 14:06:15]   Trainable layers: 4
[2026-04-02 14:06:15]     - final_layer.1.bias
[2026-04-02 14:06:15]     - final_layer.1.weight
[2026-04-02 14:06:15]     - spatial_conv.1.bias
[2026-04-02 14:06:15]     - spatial_conv.1.weight
[2026-04-02 14:06:15]     Train generator seeded: False
[2026-04-02 14:06:24]     Stopped epoch:            792
[2026-04-02 14:06:24]     Best epoch (valid_loss):  742
[2026-04-02 14:06:24]     Best valid_loss:          0.17387352883815765
[2026-04-02 14:06:24]     Test accuracy (primary):  0.9500
[2026-04-02 14:06:24]     Test balanced acc:        0.9500
[2026-04-02 14:06:24]     Confusion matrix:         [[5, 0, 0, 0], [0, 4, 0, 1], [0, 0, 5, 0], [0, 0, 0, 5]]
[2026-04-02 14:06:24]     Prediction histogram:     [5, 4, 5, 6]
[2026-04-02 14:06:24]     fold_acc=0.9500 fold_bal_acc=0.9500 cm=[[5, 0, 0, 0], [0, 4, 0, 1], [0, 0, 5, 0], [0, 0, 0, 5]]
[2026-04-02 14:06:24]   Subject 53 mean accuracy: 0.9700

[2026-04-02 14:06:24] Subject 54: 100 windows class_counts=[25, 25, 25, 25]
[2026-04-02 14:06:24]   Fold 1 split seed: None
[2026-04-02 14:06:24]   Fold 1 split class counts:
[2026-04-02 14:06:24]     train=[16, 16, 16, 16] val=[4, 4, 4, 4] test=[5, 5, 5, 5]
[2026-04-02 14:06:24]   Fold 2 split seed: None
[2026-04-02 14:06:24]   Fold 2 split class counts:
[2026-04-02 14:06:24]     train=[16, 16, 16, 16] val=[4, 4, 4, 4] test=[5, 5, 5, 5]
[2026-04-02 14:06:24]   Fold 3 split seed: None
[2026-04-02 14:06:24]   Fold 3 split class counts:
[2026-04-02 14:06:24]     train=[16, 16, 16, 16] val=[4, 4, 4, 4] test=[5, 5, 5, 5]
[2026-04-02 14:06:24]   Fold 4 split seed: None
[2026-04-02 14:06:24]   Fold 4 split class counts:
[2026-04-02 14:06:24]     train=[16, 16, 16, 16] val=[4, 4, 4, 4] test=[5, 5, 5, 5]
[2026-04-02 14:06:24]   Fold 5 split seed: None
[2026-04-02 14:06:24]   Fold 5 split class counts:
[2026-04-02 14:06:24]     train=[16, 16, 16, 16] val=[4, 4, 4, 4] test=[5, 5, 5, 5]
[2026-04-02 14:06:24]   Subject 54 Fold 1 seed: None
[2026-04-02 14:06:24]   Subject 54 Fold 1: n_train=64 n_val=16 n_test=20
[2026-04-02 14:06:24]     Train class counts: [16, 16, 16, 16]
[2026-04-02 14:06:24]     Val class counts:   [4, 4, 4, 4]
[2026-04-02 14:06:24]     Test class counts:  [5, 5, 5, 5]
[2026-04-02 14:06:24] Building model with input window duration: 4.1875 s
[2026-04-02 14:06:24] Pretrained weight loading:
[2026-04-02 14:06:24]   Downloaded keys:        179
[2026-04-02 14:06:24]   Filtered (transformer): 172
[2026-04-02 14:06:24]   Filtered (pos_encoder): 0
[2026-04-02 14:06:24]   Keys to load:           7
[2026-04-02 14:06:24]   Missing keys:           4
[2026-04-02 14:06:24]   Unexpected keys:        0
[2026-04-02 14:06:24]   Missing preview:        ['spatial_conv.1.weight', 'spatial_conv.1.bias', 'final_layer.1.weight', 'final_layer.1.bias']
[2026-04-02 14:06:24]   Unexpected preview:     []
[2026-04-02 14:06:24] Encoder freeze configuration:
[2026-04-02 14:06:24]   Total parameters:        18,192
[2026-04-02 14:06:24]   Trainable parameters:    4,352
[2026-04-02 14:06:24]   Training percentage:     23.9%
[2026-04-02 14:06:24]   Trainable layers: 4
[2026-04-02 14:06:24]     - final_layer.1.bias
[2026-04-02 14:06:24]     - final_layer.1.weight
[2026-04-02 14:06:24]     - spatial_conv.1.bias
[2026-04-02 14:06:24]     - spatial_conv.1.weight
[2026-04-02 14:06:24]     Train generator seeded: False
[2026-04-02 14:06:25]     Stopped epoch:            99
[2026-04-02 14:06:25]     Best epoch (valid_loss):  49
[2026-04-02 14:06:25]     Best valid_loss:          1.0896954536437988
[2026-04-02 14:06:25]     Test accuracy (primary):  0.7000
[2026-04-02 14:06:25]     Test balanced acc:        0.7000
[2026-04-02 14:06:25]     Confusion matrix:         [[4, 0, 1, 0], [0, 3, 1, 1], [1, 0, 3, 1], [1, 0, 0, 4]]
[2026-04-02 14:06:25]     Prediction histogram:     [6, 3, 5, 6]
[2026-04-02 14:06:25]     fold_acc=0.7000 fold_bal_acc=0.7000 cm=[[4, 0, 1, 0], [0, 3, 1, 1], [1, 0, 3, 1], [1, 0, 0, 4]]
[2026-04-02 14:06:25]   Subject 54 Fold 2 seed: None
[2026-04-02 14:06:25]   Subject 54 Fold 2: n_train=64 n_val=16 n_test=20
[2026-04-02 14:06:25]     Train class counts: [16, 16, 16, 16]
[2026-04-02 14:06:25]     Val class counts:   [4, 4, 4, 4]
[2026-04-02 14:06:25]     Test class counts:  [5, 5, 5, 5]
[2026-04-02 14:06:25] Building model with input window duration: 4.1875 s
[2026-04-02 14:06:25] Pretrained weight loading:
[2026-04-02 14:06:25]   Downloaded keys:        179
[2026-04-02 14:06:25]   Filtered (transformer): 172
[2026-04-02 14:06:25]   Filtered (pos_encoder): 0
[2026-04-02 14:06:25]   Keys to load:           7
[2026-04-02 14:06:25]   Missing keys:           4
[2026-04-02 14:06:25]   Unexpected keys:        0
[2026-04-02 14:06:25]   Missing preview:        ['spatial_conv.1.weight', 'spatial_conv.1.bias', 'final_layer.1.weight', 'final_layer.1.bias']
[2026-04-02 14:06:25]   Unexpected preview:     []
[2026-04-02 14:06:25] Encoder freeze configuration:
[2026-04-02 14:06:25]   Total parameters:        18,192
[2026-04-02 14:06:25]   Trainable parameters:    4,352
[2026-04-02 14:06:25]   Training percentage:     23.9%
[2026-04-02 14:06:25]   Trainable layers: 4
[2026-04-02 14:06:25]     - final_layer.1.bias
[2026-04-02 14:06:25]     - final_layer.1.weight
[2026-04-02 14:06:25]     - spatial_conv.1.bias
[2026-04-02 14:06:25]     - spatial_conv.1.weight
[2026-04-02 14:06:25]     Train generator seeded: False
[2026-04-02 14:06:27]     Stopped epoch:            123
[2026-04-02 14:06:27]     Best epoch (valid_loss):  73
[2026-04-02 14:06:27]     Best valid_loss:          0.9575818777084351
[2026-04-02 14:06:27]     Test accuracy (primary):  0.3500
[2026-04-02 14:06:27]     Test balanced acc:        0.3500
[2026-04-02 14:06:27]     Confusion matrix:         [[2, 0, 2, 1], [0, 1, 0, 4], [0, 0, 2, 3], [3, 0, 0, 2]]
[2026-04-02 14:06:27]     Prediction histogram:     [5, 1, 4, 10]
[2026-04-02 14:06:27]     fold_acc=0.3500 fold_bal_acc=0.3500 cm=[[2, 0, 2, 1], [0, 1, 0, 4], [0, 0, 2, 3], [3, 0, 0, 2]]
[2026-04-02 14:06:27]   Subject 54 Fold 3 seed: None
[2026-04-02 14:06:27]   Subject 54 Fold 3: n_train=64 n_val=16 n_test=20
[2026-04-02 14:06:27]     Train class counts: [16, 16, 16, 16]
[2026-04-02 14:06:27]     Val class counts:   [4, 4, 4, 4]
[2026-04-02 14:06:27]     Test class counts:  [5, 5, 5, 5]
[2026-04-02 14:06:27] Building model with input window duration: 4.1875 s
[2026-04-02 14:06:27] Pretrained weight loading:
[2026-04-02 14:06:27]   Downloaded keys:        179
[2026-04-02 14:06:27]   Filtered (transformer): 172
[2026-04-02 14:06:27]   Filtered (pos_encoder): 0
[2026-04-02 14:06:27]   Keys to load:           7
[2026-04-02 14:06:27]   Missing keys:           4
[2026-04-02 14:06:27]   Unexpected keys:        0
[2026-04-02 14:06:27]   Missing preview:        ['spatial_conv.1.weight', 'spatial_conv.1.bias', 'final_layer.1.weight', 'final_layer.1.bias']
[2026-04-02 14:06:27]   Unexpected preview:     []
[2026-04-02 14:06:27] Encoder freeze configuration:
[2026-04-02 14:06:27]   Total parameters:        18,192
[2026-04-02 14:06:27]   Trainable parameters:    4,352
[2026-04-02 14:06:27]   Training percentage:     23.9%
[2026-04-02 14:06:27]   Trainable layers: 4
[2026-04-02 14:06:27]     - final_layer.1.bias
[2026-04-02 14:06:27]     - final_layer.1.weight
[2026-04-02 14:06:27]     - spatial_conv.1.bias
[2026-04-02 14:06:27]     - spatial_conv.1.weight
[2026-04-02 14:06:27]     Train generator seeded: False
[2026-04-02 14:06:28]     Stopped epoch:            75
[2026-04-02 14:06:28]     Best epoch (valid_loss):  25
[2026-04-02 14:06:28]     Best valid_loss:          1.2427617311477661
[2026-04-02 14:06:28]     Test accuracy (primary):  0.4000
[2026-04-02 14:06:28]     Test balanced acc:        0.4000
[2026-04-02 14:06:28]     Confusion matrix:         [[1, 1, 2, 1], [1, 2, 1, 1], [1, 1, 1, 2], [0, 0, 1, 4]]
[2026-04-02 14:06:28]     Prediction histogram:     [3, 4, 5, 8]
[2026-04-02 14:06:28]     fold_acc=0.4000 fold_bal_acc=0.4000 cm=[[1, 1, 2, 1], [1, 2, 1, 1], [1, 1, 1, 2], [0, 0, 1, 4]]
[2026-04-02 14:06:28]   Subject 54 Fold 4 seed: None
[2026-04-02 14:06:28]   Subject 54 Fold 4: n_train=64 n_val=16 n_test=20
[2026-04-02 14:06:28]     Train class counts: [16, 16, 16, 16]
[2026-04-02 14:06:28]     Val class counts:   [4, 4, 4, 4]
[2026-04-02 14:06:28]     Test class counts:  [5, 5, 5, 5]
[2026-04-02 14:06:28] Building model with input window duration: 4.1875 s
[2026-04-02 14:06:28] Pretrained weight loading:
[2026-04-02 14:06:28]   Downloaded keys:        179
[2026-04-02 14:06:28]   Filtered (transformer): 172
[2026-04-02 14:06:28]   Filtered (pos_encoder): 0
[2026-04-02 14:06:28]   Keys to load:           7
[2026-04-02 14:06:28]   Missing keys:           4
[2026-04-02 14:06:28]   Unexpected keys:        0
[2026-04-02 14:06:28]   Missing preview:        ['spatial_conv.1.weight', 'spatial_conv.1.bias', 'final_layer.1.weight', 'final_layer.1.bias']
[2026-04-02 14:06:28]   Unexpected preview:     []
[2026-04-02 14:06:28] Encoder freeze configuration:
[2026-04-02 14:06:28]   Total parameters:        18,192
[2026-04-02 14:06:28]   Trainable parameters:    4,352
[2026-04-02 14:06:28]   Training percentage:     23.9%
[2026-04-02 14:06:28]   Trainable layers: 4
[2026-04-02 14:06:28]     - final_layer.1.bias
[2026-04-02 14:06:28]     - final_layer.1.weight
[2026-04-02 14:06:28]     - spatial_conv.1.bias
[2026-04-02 14:06:28]     - spatial_conv.1.weight
[2026-04-02 14:06:28]     Train generator seeded: False
[2026-04-02 14:06:30]     Stopped epoch:            250
[2026-04-02 14:06:30]     Best epoch (valid_loss):  200
[2026-04-02 14:06:30]     Best valid_loss:          0.9035505652427673
[2026-04-02 14:06:30]     Test accuracy (primary):  0.8000
[2026-04-02 14:06:30]     Test balanced acc:        0.8000
[2026-04-02 14:06:30]     Confusion matrix:         [[5, 0, 0, 0], [0, 4, 0, 1], [0, 0, 4, 1], [0, 0, 2, 3]]
[2026-04-02 14:06:30]     Prediction histogram:     [5, 4, 6, 5]
[2026-04-02 14:06:30]     fold_acc=0.8000 fold_bal_acc=0.8000 cm=[[5, 0, 0, 0], [0, 4, 0, 1], [0, 0, 4, 1], [0, 0, 2, 3]]
[2026-04-02 14:06:30]   Subject 54 Fold 5 seed: None
[2026-04-02 14:06:30]   Subject 54 Fold 5: n_train=64 n_val=16 n_test=20
[2026-04-02 14:06:30]     Train class counts: [16, 16, 16, 16]
[2026-04-02 14:06:30]     Val class counts:   [4, 4, 4, 4]
[2026-04-02 14:06:30]     Test class counts:  [5, 5, 5, 5]
[2026-04-02 14:06:30] Building model with input window duration: 4.1875 s
[2026-04-02 14:06:30] Pretrained weight loading:
[2026-04-02 14:06:30]   Downloaded keys:        179
[2026-04-02 14:06:30]   Filtered (transformer): 172
[2026-04-02 14:06:30]   Filtered (pos_encoder): 0
[2026-04-02 14:06:30]   Keys to load:           7
[2026-04-02 14:06:30]   Missing keys:           4
[2026-04-02 14:06:30]   Unexpected keys:        0
[2026-04-02 14:06:30]   Missing preview:        ['spatial_conv.1.weight', 'spatial_conv.1.bias', 'final_layer.1.weight', 'final_layer.1.bias']
[2026-04-02 14:06:30]   Unexpected preview:     []
[2026-04-02 14:06:30] Encoder freeze configuration:
[2026-04-02 14:06:30]   Total parameters:        18,192
[2026-04-02 14:06:30]   Trainable parameters:    4,352
[2026-04-02 14:06:30]   Training percentage:     23.9%
[2026-04-02 14:06:30]   Trainable layers: 4
[2026-04-02 14:06:30]     - final_layer.1.bias
[2026-04-02 14:06:30]     - final_layer.1.weight
[2026-04-02 14:06:30]     - spatial_conv.1.bias
[2026-04-02 14:06:30]     - spatial_conv.1.weight
[2026-04-02 14:06:30]     Train generator seeded: False
[2026-04-02 14:06:33]     Stopped epoch:            262
[2026-04-02 14:06:33]     Best epoch (valid_loss):  250
[2026-04-02 14:06:33]     Best valid_loss:          0.6984445452690125
[2026-04-02 14:06:33]     Test accuracy (primary):  0.5500
[2026-04-02 14:06:33]     Test balanced acc:        0.5500
[2026-04-02 14:06:33]     Confusion matrix:         [[4, 0, 0, 1], [0, 2, 2, 1], [0, 2, 3, 0], [1, 1, 1, 2]]
[2026-04-02 14:06:33]     Prediction histogram:     [5, 5, 6, 4]
[2026-04-02 14:06:33]     fold_acc=0.5500 fold_bal_acc=0.5500 cm=[[4, 0, 0, 1], [0, 2, 2, 1], [0, 2, 3, 0], [1, 1, 1, 2]]
[2026-04-02 14:06:33]   Subject 54 mean accuracy: 0.5600

[2026-04-02 14:06:33] Total folds completed: 35
[2026-04-02 14:06:33] ======================================================================
[2026-04-02 14:06:33] AGGREGATED RESULTS
[2026-04-02 14:06:33] ======================================================================
[2026-04-02 14:06:33]   Subject 48:  acc=0.9400±0.0583  bal_acc=0.9400±0.0583
[2026-04-02 14:06:33]   Subject 49:  acc=0.6900±0.1393  bal_acc=0.6900±0.1393
[2026-04-02 14:06:33]   Subject 50:  acc=0.9000±0.0316  bal_acc=0.9000±0.0316
[2026-04-02 14:06:33]   Subject 51:  acc=0.3900±0.0800  bal_acc=0.3900±0.0800
[2026-04-02 14:06:33]   Subject 52:  acc=0.9400±0.0490  bal_acc=0.9400±0.0490
[2026-04-02 14:06:33]   Subject 53:  acc=0.9700±0.0245  bal_acc=0.9700±0.0245
[2026-04-02 14:06:33]   Subject 54:  acc=0.5600±0.1715  bal_acc=0.5600±0.1715
[2026-04-02 14:06:33] ----------------------------------------------------------------------
[2026-04-02 14:06:33]   OVERALL:      acc=0.7700±0.2306  bal_acc=0.7700±0.2306
[2026-04-02 14:06:33] ======================================================================
[2026-04-02 14:06:33] CV results saved to:      /home/vegorov/Repos/eeg_jepa_research/artifacts/lee-2019-fine-tuning/SSVEP/20260402_1400_ad26bdc6/cv_results.json
[2026-04-02 14:06:33] Subject metrics saved to: /home/vegorov/Repos/eeg_jepa_research/artifacts/lee-2019-fine-tuning/SSVEP/20260402_1400_ad26bdc6/subject_metrics.json
[2026-04-02 14:06:33] Global metrics saved to:  /home/vegorov/Repos/eeg_jepa_research/artifacts/lee-2019-fine-tuning/SSVEP/20260402_1400_ad26bdc6/global_metrics.json
[2026-04-02 14:06:33] Run metadata saved to:    /home/vegorov/Repos/eeg_jepa_research/artifacts/lee-2019-fine-tuning/SSVEP/20260402_1400_ad26bdc6/run_metadata.json

[2026-04-02 14:06:33] All artifacts in: /home/vegorov/Repos/eeg_jepa_research/artifacts/lee-2019-fine-tuning/SSVEP/20260402_1400_ad26bdc6

[2026-04-02 14:06:33] ======================================================================
[2026-04-02 14:06:33] EXPERIMENT SUMMARY
[2026-04-02 14:06:33] ======================================================================
[2026-04-02 14:06:33] Run ID:    20260402_1400_ad26bdc6
[2026-04-02 14:06:33] Artifacts: /home/vegorov/Repos/eeg_jepa_research/artifacts/lee-2019-fine-tuning/SSVEP/20260402_1400_ad26bdc6

[2026-04-02 14:06:33] Configuration:
[2026-04-02 14:06:33]   Subjects:          [48, 49, 50, 51, 52, 53, 54]
[2026-04-02 14:06:33]   Bandpass:          0.5-40.0 Hz
[2026-04-02 14:06:33]   Resample:          128 Hz
[2026-04-02 14:06:33]   CV folds:          5
[2026-04-02 14:06:33]   Learning rate:     None
[2026-04-02 14:06:33]   Batch size:        16
[2026-04-02 14:06:33]   Max epochs:        5000

[2026-04-02 14:06:33] Results:
[2026-04-02 14:06:33]   Mean Accuracy:          0.7700 ± 0.2306
[2026-04-02 14:06:33]   Mean Balanced Accuracy: 0.7700 ± 0.2306
