[2026-04-02 12:31:04] Using device: cpu
[2026-04-02 12:31:04] Seed control enabled: True
[2026-04-02 12:31:04] Base seed: 42
[2026-04-02 12:31:05] Seed initialized: 42
[2026-04-02 12:31:05] ======================================================================
[2026-04-02 12:31:05] CONFIGURATION
[2026-04-02 12:31:05] ======================================================================
[2026-04-02 12:31:05]   artifact_dir: /home/vegorov/Repos/eeg_jepa_research/artifacts/lee-2019-fine-tuning
[2026-04-02 12:31:05]   bandpass_high: 40.0
[2026-04-02 12:31:05]   bandpass_low: 0.5
[2026-04-02 12:31:05]   batch_size: 32
[2026-04-02 12:31:05]   convert_to_uV: True
[2026-04-02 12:31:05]   cv_folds: 5
[2026-04-02 12:31:05]   device: auto
[2026-04-02 12:31:05]   early_stopping_patience: 50
[2026-04-02 12:31:05]   learning_rate: 0.001
[2026-04-02 12:31:05]   n_epochs: 5000
[2026-04-02 12:31:05]   normalization_method: None
[2026-04-02 12:31:05]   normalize: False
[2026-04-02 12:31:05]   paradigm: SSVEP
[2026-04-02 12:31:05]   pretrained_url: https://huggingface.co/braindecode/SignalJEPA/resolve/main/signal-jepa_16s-60_adeuwv4s.pth
[2026-04-02 12:31:05]   seed: 42
[2026-04-02 12:31:05]   set_seed: True
[2026-04-02 12:31:05]   sfreq: 128
[2026-04-02 12:31:05]   subjects_to_use: [48, 49, 50, 52, 53, 54]
[2026-04-02 12:31:05]   val_split: 0.2
[2026-04-02 12:31:05] ======================================================================
[2026-04-02 12:31:05] Config saved to: /home/vegorov/Repos/eeg_jepa_research/artifacts/lee-2019-fine-tuning/SSVEP/20260402_1231_c4ae734d/config.json
[2026-04-02 12:31:05] Epoch window configuration:
[2026-04-02 12:31:05]   Target sfreq:                128 Hz
[2026-04-02 12:31:05]   Target duration:             4.190000 s
[2026-04-02 12:31:05]   Window samples (rounded):    536
[2026-04-02 12:31:05]   Base trial samples (4.0 s):  512
[2026-04-02 12:31:05]   Trial stop offset samples:   24
[2026-04-02 12:31:05]   Effective window duration:   4.187500 s
[2026-04-02 12:31:05] Using specified subjects from config: [48, 49, 50, 52, 53, 54]
[2026-04-02 12:31:05] Selected subjects: [48, 49, 50, 52, 53, 54]
[2026-04-02 12:31:05] Expected evaluation folds: 30

[2026-04-02 12:31:05] Building MOABBDataset for Lee2019_SSVEP...
[2026-04-02 12:31:57] MOABBDataset recordings loaded: 6
[2026-04-02 12:31:57] Discovered annotation descriptions (first recording): [np.str_('12.0'), np.str_('5.45'), np.str_('6.67'), np.str_('8.57')]
[2026-04-02 12:31:57] Dataset event_id mapping: {'12.0': 1, '8.57': 2, '6.67': 3, '5.45': 4}
[2026-04-02 12:31:57] Label map (event_code -> class_index): {1: 0, 2: 1, 3: 2, 4: 3}
[2026-04-02 12:31:57] Applying Braindecode preprocessors to MOABBDataset...
[2026-04-02 12:32:14] Preprocessing complete.

[2026-04-02 12:32:14] Post-preprocessing validation
[2026-04-02 12:32:14]   Recordings in DATASET: 6
[2026-04-02 12:32:14]   Unique subject IDs:    ['48', '49', '50', '52', '53', '54']
[2026-04-02 12:32:14]   sfreq (first rec):     128.0 Hz
[2026-04-02 12:32:14]   EEG channel count:     62
[2026-04-02 12:32:14]   First 10 channels:     ['Fp1', 'Fp2', 'F7', 'F3', 'Fz', 'F4', 'F8', 'FC5', 'FC1', 'FC2']
[2026-04-02 12:32:14] Channel consistency summary:
[2026-04-02 12:32:14]   Checked runs: 6
[2026-04-02 12:32:14]   Unique channel counts: [62]
[2026-04-02 12:32:14]   Channel order consistent: True
[2026-04-02 12:32:14] Validated EEG channels: 62
[2026-04-02 12:32:14] First 10 EEG channels: ['Fp1', 'Fp2', 'F7', 'F3', 'Fz', 'F4', 'F8', 'FC5', 'FC1', 'FC2']
[2026-04-02 12:32:15] raw mean_abs=6.566995e+00
[2026-04-02 12:32:15] raw std=1.148469e+01
[2026-04-02 12:32:15] raw first5 channel std= [25.05396238 36.02502646  9.59456342  7.25560171  7.19880537]
[2026-04-02 12:32:15] Requested window samples: 536
[2026-04-02 12:32:15] Base trial samples:       512
[2026-04-02 12:32:15] Stop offset samples:      24
[2026-04-02 12:32:15] Global class counts: [150, 150, 150, 150]
[2026-04-02 12:32:15] Chance level (4-class): 0.25
[2026-04-02 12:32:15] One window shape: (62, 536)
[2026-04-02 12:32:15] One window label: 1
[2026-04-02 12:32:15] Window sample length expected=536, got=536
[2026-04-02 12:32:15] Subjects in window split: [48, 49, 50, 52, 53, 54]
[2026-04-02 12:32:15] Summarizing per-subject windows...
[2026-04-02 12:32:15]   Subject 48: n_windows=100, window_shape=(62, 536), class_counts=[25, 25, 25, 25]
[2026-04-02 12:32:15]   Subject 49: n_windows=100, window_shape=(62, 536), class_counts=[25, 25, 25, 25]
[2026-04-02 12:32:15]   Subject 50: n_windows=100, window_shape=(62, 536), class_counts=[25, 25, 25, 25]
[2026-04-02 12:32:15]   Subject 52: n_windows=100, window_shape=(62, 536), class_counts=[25, 25, 25, 25]
[2026-04-02 12:32:15]   Subject 53: n_windows=100, window_shape=(62, 536), class_counts=[25, 25, 25, 25]
[2026-04-02 12:32:15]   Subject 54: n_windows=100, window_shape=(62, 536), class_counts=[25, 25, 25, 25]
[2026-04-02 12:32:15]    subject_id  n_windows  n_channels  n_times      class_counts
0          48        100          62      536  [25, 25, 25, 25]
1          49        100          62      536  [25, 25, 25, 25]
2          50        100          62      536  [25, 25, 25, 25]
3          52        100          62      536  [25, 25, 25, 25]
4          53        100          62      536  [25, 25, 25, 25]
5          54        100          62      536  [25, 25, 25, 25]
[2026-04-02 12:32:15] Window validation summary:
[2026-04-02 12:32:15]   Subject 48: n_windows=100 class_counts=[25, 25, 25, 25]
[2026-04-02 12:32:15]   Subject 49: n_windows=100 class_counts=[25, 25, 25, 25]
[2026-04-02 12:32:15]   Subject 50: n_windows=100 class_counts=[25, 25, 25, 25]
[2026-04-02 12:32:15]   Subject 52: n_windows=100 class_counts=[25, 25, 25, 25]
[2026-04-02 12:32:15]   Subject 53: n_windows=100 class_counts=[25, 25, 25, 25]
[2026-04-02 12:32:15]   Subject 54: n_windows=100 class_counts=[25, 25, 25, 25]

[2026-04-02 12:32:15] Validated sampling rate target: 128 Hz
[2026-04-02 12:32:15] Validated window sample count:   536
[2026-04-02 12:32:15] Validated window duration:       4.1875 s
[2026-04-02 12:32:15] Validated channel count:         62
[2026-04-02 12:32:15] Total windows retained:          600
[2026-04-02 12:32:15] Preprocessing sanity checks:
[2026-04-02 12:32:15]   One sample label: 1
[2026-04-02 12:32:15]   One sample shape: (62, 536)
[2026-04-02 12:32:15]   Mean(abs(signal)): 3.430332e+00
[2026-04-02 12:32:15]   Mean(signal):      7.346552e-09
[2026-04-02 12:32:15]   Std(signal):       4.442559e+00
[2026-04-02 12:32:15] Building model with input window duration: 4.1875 s
[2026-04-02 12:32:15] SignalJEPA_PreLocal instantiated successfully.
[2026-04-02 12:32:15]   Total parameters:     18,192
[2026-04-02 12:32:15]   Trainable parameters: 18,192
[2026-04-02 12:32:15] ======================================================================================================================================================
Layer (type (var_name):depth-idx)                  Input Shape               Output Shape              Param #                   Kernel Shape
======================================================================================================================================================
SignalJEPA_PreLocal (SignalJEPA_PreLocal)          [1, 62, 536]              [1, 4]                    --                        --
├─Sequential (spatial_conv): 1-1                   [1, 62, 536]              [1, 4, 536]               --                        --
│    └─Rearrange (0): 2-1                          [1, 62, 536]              [1, 1, 62, 536]           --                        --
│    └─Conv2d (1): 2-2                             [1, 1, 62, 536]           [1, 4, 1, 536]            252                       [62, 1]
│    └─Rearrange (2): 2-3                          [1, 4, 1, 536]            [1, 4, 536]               --                        --
├─_ConvFeatureEncoder (feature_encoder): 1-2       [1, 4, 536]               [1, 16, 64]               --                        --
│    └─Rearrange (0): 2-4                          [1, 4, 536]               [4, 1, 536]               --                        --
│    └─Sequential (1): 2-5                         [4, 1, 536]               [4, 8, 64]                --                        --
│    │    └─Conv1d (0): 3-1                        [4, 1, 536]               [4, 8, 64]                256                       [32]
│    │    └─Dropout (1): 3-2                       [4, 8, 64]                [4, 8, 64]                --                        --
│    │    └─GroupNorm (2): 3-3                     [4, 8, 64]                [4, 8, 64]                16                        --
│    │    └─GELU (3): 3-4                          [4, 8, 64]                [4, 8, 64]                --                        --
│    └─Sequential (2): 2-6                         [4, 8, 64]                [4, 16, 32]               --                        --
│    │    └─Conv1d (0): 3-5                        [4, 8, 64]                [4, 16, 32]               256                       [2]
│    │    └─Dropout (1): 3-6                       [4, 16, 32]               [4, 16, 32]               --                        --
│    │    └─GELU (2): 3-7                          [4, 16, 32]               [4, 16, 32]               --                        --
│    └─Sequential (3): 2-7                         [4, 16, 32]               [4, 32, 16]               --                        --
│    │    └─Conv1d (0): 3-8                        [4, 16, 32]               [4, 32, 16]               1,024                     [2]
│    │    └─Dropout (1): 3-9                       [4, 32, 16]               [4, 32, 16]               --                        --
│    │    └─GELU (2): 3-10                         [4, 32, 16]               [4, 32, 16]               --                        --
│    └─Sequential (4): 2-8                         [4, 32, 16]               [4, 64, 8]                --                        --
│    │    └─Conv1d (0): 3-11                       [4, 32, 16]               [4, 64, 8]                4,096                     [2]
│    │    └─Dropout (1): 3-12                      [4, 64, 8]                [4, 64, 8]                --                        --
│    │    └─GELU (2): 3-13                         [4, 64, 8]                [4, 64, 8]                --                        --
│    └─Sequential (5): 2-9                         [4, 64, 8]                [4, 64, 4]                --                        --
│    │    └─Conv1d (0): 3-14                       [4, 64, 8]                [4, 64, 4]                8,192                     [2]
│    │    └─Dropout (1): 3-15                      [4, 64, 4]                [4, 64, 4]                --                        --
│    │    └─GELU (2): 3-16                         [4, 64, 4]                [4, 64, 4]                --                        --
│    └─Rearrange (6): 2-10                         [4, 64, 4]                [1, 16, 64]               --                        --
├─Sequential (final_layer): 1-3                    [1, 16, 64]               [1, 4]                    --                        --
│    └─Flatten (0): 2-11                           [1, 16, 64]               [1, 1024]                 --                        --
│    └─Linear (1): 2-12                            [1, 1024]                 [1, 4]                    4,100                     --
======================================================================================================================================================
Total params: 18,192
Trainable params: 18,192
Non-trainable params: 0
Total mult-adds (Units.MEGABYTES): 0.57
======================================================================================================================================================
Input size (MB): 0.13
Forward/backward pass size (MB): 0.11
Params size (MB): 0.07
Estimated Total Size (MB): 0.31
======================================================================================================================================================
[2026-04-02 12:32:15] Initializing from 16s-60 pretrained checkpoint (Hugging Face):
[2026-04-02 12:32:15]   https://huggingface.co/braindecode/SignalJEPA/resolve/main/signal-jepa_16s-60_adeuwv4s.pth
[2026-04-02 12:32:15]   Downloaded 179 keys
[2026-04-02 12:32:15] ======================================================================
[2026-04-02 12:32:15] STARTING CROSS-VALIDATION
[2026-04-02 12:32:15] ======================================================================
[2026-04-02 12:32:15] Subjects:      [48, 49, 50, 52, 53, 54]
[2026-04-02 12:32:15] CV folds:      5
[2026-04-02 12:32:15] Batch size:    32
[2026-04-02 12:32:15] Max epochs:    5000
[2026-04-02 12:32:15] Device:        cpu
[2026-04-02 12:32:15] Seed control:  True
[2026-04-02 12:32:15] Base seed:     42
[2026-04-02 12:32:15] ======================================================================

[2026-04-02 12:32:15] Subject 48: 100 windows class_counts=[25, 25, 25, 25]
[2026-04-02 12:32:15]   Fold 1 split seed: 43
[2026-04-02 12:32:15]   Fold 1 split class counts:
[2026-04-02 12:32:15]     train=[16, 16, 16, 16] val=[4, 4, 4, 4] test=[5, 5, 5, 5]
[2026-04-02 12:32:15]   Fold 2 split seed: 44
[2026-04-02 12:32:15]   Fold 2 split class counts:
[2026-04-02 12:32:15]     train=[16, 16, 16, 16] val=[4, 4, 4, 4] test=[5, 5, 5, 5]
[2026-04-02 12:32:15]   Fold 3 split seed: 45
[2026-04-02 12:32:15]   Fold 3 split class counts:
[2026-04-02 12:32:15]     train=[16, 16, 16, 16] val=[4, 4, 4, 4] test=[5, 5, 5, 5]
[2026-04-02 12:32:15]   Fold 4 split seed: 46
[2026-04-02 12:32:15]   Fold 4 split class counts:
[2026-04-02 12:32:15]     train=[16, 16, 16, 16] val=[4, 4, 4, 4] test=[5, 5, 5, 5]
[2026-04-02 12:32:15]   Fold 5 split seed: 47
[2026-04-02 12:32:15]   Fold 5 split class counts:
[2026-04-02 12:32:15]     train=[16, 16, 16, 16] val=[4, 4, 4, 4] test=[5, 5, 5, 5]
[2026-04-02 12:32:15]   Subject 48 Fold 1 seed: 4843
[2026-04-02 12:32:15]   Subject 48 Fold 1: n_train=64 n_val=16 n_test=20
[2026-04-02 12:32:15]     Train class counts: [16, 16, 16, 16]
[2026-04-02 12:32:15]     Val class counts:   [4, 4, 4, 4]
[2026-04-02 12:32:15]     Test class counts:  [5, 5, 5, 5]
[2026-04-02 12:32:15] Building model with input window duration: 4.1875 s
[2026-04-02 12:32:15] Pretrained weight loading:
[2026-04-02 12:32:15]   Downloaded keys:        179
[2026-04-02 12:32:15]   Filtered (transformer): 172
[2026-04-02 12:32:15]   Filtered (pos_encoder): 0
[2026-04-02 12:32:15]   Keys to load:           7
[2026-04-02 12:32:15]   Missing keys:           4
[2026-04-02 12:32:15]   Unexpected keys:        0
[2026-04-02 12:32:15]   Missing preview:        ['spatial_conv.1.weight', 'spatial_conv.1.bias', 'final_layer.1.weight', 'final_layer.1.bias']
[2026-04-02 12:32:15]   Unexpected preview:     []
[2026-04-02 12:32:15] Encoder freeze configuration:
[2026-04-02 12:32:15]   Total parameters:        18,192
[2026-04-02 12:32:15]   Trainable parameters:    4,352
[2026-04-02 12:32:15]   Training percentage:     23.9%
[2026-04-02 12:32:15]   Trainable layers: 4
[2026-04-02 12:32:15]     - final_layer.1.bias
[2026-04-02 12:32:15]     - final_layer.1.weight
[2026-04-02 12:32:15]     - spatial_conv.1.bias
[2026-04-02 12:32:15]     - spatial_conv.1.weight
[2026-04-02 12:32:15]     Train generator seeded: True
[2026-04-02 12:33:00]     Stopped epoch:            5000
[2026-04-02 12:33:00]     Best epoch (valid_loss):  4999
[2026-04-02 12:33:00]     Best valid_loss:          0.023062270134687424
[2026-04-02 12:33:00]     Test accuracy (primary):  1.0000
[2026-04-02 12:33:00]     Test balanced acc:        1.0000
[2026-04-02 12:33:00]     Confusion matrix:         [[5, 0, 0, 0], [0, 5, 0, 0], [0, 0, 5, 0], [0, 0, 0, 5]]
[2026-04-02 12:33:00]     Prediction histogram:     [5, 5, 5, 5]
[2026-04-02 12:33:00]     fold_acc=1.0000 fold_bal_acc=1.0000 cm=[[5, 0, 0, 0], [0, 5, 0, 0], [0, 0, 5, 0], [0, 0, 0, 5]]
[2026-04-02 12:33:00]   Subject 48 Fold 2 seed: 4844
[2026-04-02 12:33:00]   Subject 48 Fold 2: n_train=64 n_val=16 n_test=20
[2026-04-02 12:33:00]     Train class counts: [16, 16, 16, 16]
[2026-04-02 12:33:00]     Val class counts:   [4, 4, 4, 4]
[2026-04-02 12:33:00]     Test class counts:  [5, 5, 5, 5]
[2026-04-02 12:33:00] Building model with input window duration: 4.1875 s
[2026-04-02 12:33:00] Pretrained weight loading:
[2026-04-02 12:33:00]   Downloaded keys:        179
[2026-04-02 12:33:00]   Filtered (transformer): 172
[2026-04-02 12:33:00]   Filtered (pos_encoder): 0
[2026-04-02 12:33:00]   Keys to load:           7
[2026-04-02 12:33:00]   Missing keys:           4
[2026-04-02 12:33:00]   Unexpected keys:        0
[2026-04-02 12:33:00]   Missing preview:        ['spatial_conv.1.weight', 'spatial_conv.1.bias', 'final_layer.1.weight', 'final_layer.1.bias']
[2026-04-02 12:33:00]   Unexpected preview:     []
[2026-04-02 12:33:00] Encoder freeze configuration:
[2026-04-02 12:33:00]   Total parameters:        18,192
[2026-04-02 12:33:00]   Trainable parameters:    4,352
[2026-04-02 12:33:00]   Training percentage:     23.9%
[2026-04-02 12:33:00]   Trainable layers: 4
[2026-04-02 12:33:00]     - final_layer.1.bias
[2026-04-02 12:33:00]     - final_layer.1.weight
[2026-04-02 12:33:00]     - spatial_conv.1.bias
[2026-04-02 12:33:00]     - spatial_conv.1.weight
[2026-04-02 12:33:00]     Train generator seeded: True
[2026-04-02 12:33:08]     Stopped epoch:            887
[2026-04-02 12:33:08]     Best epoch (valid_loss):  837
[2026-04-02 12:33:08]     Best valid_loss:          0.4911074638366699
[2026-04-02 12:33:08]     Test accuracy (primary):  0.9500
[2026-04-02 12:33:08]     Test balanced acc:        0.9500
[2026-04-02 12:33:08]     Confusion matrix:         [[4, 0, 0, 1], [0, 5, 0, 0], [0, 0, 5, 0], [0, 0, 0, 5]]
[2026-04-02 12:33:08]     Prediction histogram:     [4, 5, 5, 6]
[2026-04-02 12:33:08]     fold_acc=0.9500 fold_bal_acc=0.9500 cm=[[4, 0, 0, 1], [0, 5, 0, 0], [0, 0, 5, 0], [0, 0, 0, 5]]
[2026-04-02 12:33:08]   Subject 48 Fold 3 seed: 4845
[2026-04-02 12:33:08]   Subject 48 Fold 3: n_train=64 n_val=16 n_test=20
[2026-04-02 12:33:08]     Train class counts: [16, 16, 16, 16]
[2026-04-02 12:33:08]     Val class counts:   [4, 4, 4, 4]
[2026-04-02 12:33:08]     Test class counts:  [5, 5, 5, 5]
[2026-04-02 12:33:08] Building model with input window duration: 4.1875 s
[2026-04-02 12:33:08] Pretrained weight loading:
[2026-04-02 12:33:08]   Downloaded keys:        179
[2026-04-02 12:33:08]   Filtered (transformer): 172
[2026-04-02 12:33:08]   Filtered (pos_encoder): 0
[2026-04-02 12:33:08]   Keys to load:           7
[2026-04-02 12:33:08]   Missing keys:           4
[2026-04-02 12:33:08]   Unexpected keys:        0
[2026-04-02 12:33:08]   Missing preview:        ['spatial_conv.1.weight', 'spatial_conv.1.bias', 'final_layer.1.weight', 'final_layer.1.bias']
[2026-04-02 12:33:08]   Unexpected preview:     []
[2026-04-02 12:33:08] Encoder freeze configuration:
[2026-04-02 12:33:08]   Total parameters:        18,192
[2026-04-02 12:33:08]   Trainable parameters:    4,352
[2026-04-02 12:33:08]   Training percentage:     23.9%
[2026-04-02 12:33:08]   Trainable layers: 4
[2026-04-02 12:33:08]     - final_layer.1.bias
[2026-04-02 12:33:08]     - final_layer.1.weight
[2026-04-02 12:33:08]     - spatial_conv.1.bias
[2026-04-02 12:33:08]     - spatial_conv.1.weight
[2026-04-02 12:33:08]     Train generator seeded: True
[2026-04-02 12:33:33]     Stopped epoch:            2800
[2026-04-02 12:33:33]     Best epoch (valid_loss):  2750
[2026-04-02 12:33:33]     Best valid_loss:          0.21078559756278992
[2026-04-02 12:33:33]     Test accuracy (primary):  1.0000
[2026-04-02 12:33:33]     Test balanced acc:        1.0000
[2026-04-02 12:33:33]     Confusion matrix:         [[5, 0, 0, 0], [0, 5, 0, 0], [0, 0, 5, 0], [0, 0, 0, 5]]
[2026-04-02 12:33:33]     Prediction histogram:     [5, 5, 5, 5]
[2026-04-02 12:33:33]     fold_acc=1.0000 fold_bal_acc=1.0000 cm=[[5, 0, 0, 0], [0, 5, 0, 0], [0, 0, 5, 0], [0, 0, 0, 5]]
[2026-04-02 12:33:33]   Subject 48 Fold 4 seed: 4846
[2026-04-02 12:33:33]   Subject 48 Fold 4: n_train=64 n_val=16 n_test=20
[2026-04-02 12:33:33]     Train class counts: [16, 16, 16, 16]
[2026-04-02 12:33:33]     Val class counts:   [4, 4, 4, 4]
[2026-04-02 12:33:33]     Test class counts:  [5, 5, 5, 5]
[2026-04-02 12:33:33] Building model with input window duration: 4.1875 s
[2026-04-02 12:33:33] Pretrained weight loading:
[2026-04-02 12:33:33]   Downloaded keys:        179
[2026-04-02 12:33:33]   Filtered (transformer): 172
[2026-04-02 12:33:33]   Filtered (pos_encoder): 0
[2026-04-02 12:33:33]   Keys to load:           7
[2026-04-02 12:33:33]   Missing keys:           4
[2026-04-02 12:33:33]   Unexpected keys:        0
[2026-04-02 12:33:33]   Missing preview:        ['spatial_conv.1.weight', 'spatial_conv.1.bias', 'final_layer.1.weight', 'final_layer.1.bias']
[2026-04-02 12:33:33]   Unexpected preview:     []
[2026-04-02 12:33:33] Encoder freeze configuration:
[2026-04-02 12:33:33]   Total parameters:        18,192
[2026-04-02 12:33:33]   Trainable parameters:    4,352
[2026-04-02 12:33:33]   Training percentage:     23.9%
[2026-04-02 12:33:33]   Trainable layers: 4
[2026-04-02 12:33:33]     - final_layer.1.bias
[2026-04-02 12:33:33]     - final_layer.1.weight
[2026-04-02 12:33:33]     - spatial_conv.1.bias
[2026-04-02 12:33:33]     - spatial_conv.1.weight
[2026-04-02 12:33:33]     Train generator seeded: True
[2026-04-02 12:34:18]     Stopped epoch:            5000
[2026-04-02 12:34:18]     Best epoch (valid_loss):  5000
[2026-04-02 12:34:18]     Best valid_loss:          0.027948057278990746
[2026-04-02 12:34:18]     Test accuracy (primary):  1.0000
[2026-04-02 12:34:18]     Test balanced acc:        1.0000
[2026-04-02 12:34:18]     Confusion matrix:         [[5, 0, 0, 0], [0, 5, 0, 0], [0, 0, 5, 0], [0, 0, 0, 5]]
[2026-04-02 12:34:18]     Prediction histogram:     [5, 5, 5, 5]
[2026-04-02 12:34:18]     fold_acc=1.0000 fold_bal_acc=1.0000 cm=[[5, 0, 0, 0], [0, 5, 0, 0], [0, 0, 5, 0], [0, 0, 0, 5]]
[2026-04-02 12:34:18]   Subject 48 Fold 5 seed: 4847
[2026-04-02 12:34:18]   Subject 48 Fold 5: n_train=64 n_val=16 n_test=20
[2026-04-02 12:34:18]     Train class counts: [16, 16, 16, 16]
[2026-04-02 12:34:18]     Val class counts:   [4, 4, 4, 4]
[2026-04-02 12:34:18]     Test class counts:  [5, 5, 5, 5]
[2026-04-02 12:34:18] Building model with input window duration: 4.1875 s
[2026-04-02 12:34:18] Pretrained weight loading:
[2026-04-02 12:34:18]   Downloaded keys:        179
[2026-04-02 12:34:18]   Filtered (transformer): 172
[2026-04-02 12:34:18]   Filtered (pos_encoder): 0
[2026-04-02 12:34:18]   Keys to load:           7
[2026-04-02 12:34:18]   Missing keys:           4
[2026-04-02 12:34:18]   Unexpected keys:        0
[2026-04-02 12:34:18]   Missing preview:        ['spatial_conv.1.weight', 'spatial_conv.1.bias', 'final_layer.1.weight', 'final_layer.1.bias']
[2026-04-02 12:34:18]   Unexpected preview:     []
[2026-04-02 12:34:18] Encoder freeze configuration:
[2026-04-02 12:34:18]   Total parameters:        18,192
[2026-04-02 12:34:18]   Trainable parameters:    4,352
[2026-04-02 12:34:18]   Training percentage:     23.9%
[2026-04-02 12:34:18]   Trainable layers: 4
[2026-04-02 12:34:18]     - final_layer.1.bias
[2026-04-02 12:34:18]     - final_layer.1.weight
[2026-04-02 12:34:18]     - spatial_conv.1.bias
[2026-04-02 12:34:18]     - spatial_conv.1.weight
[2026-04-02 12:34:18]     Train generator seeded: True
[2026-04-02 12:34:48]     Stopped epoch:            3383
[2026-04-02 12:34:48]     Best epoch (valid_loss):  3333
[2026-04-02 12:34:48]     Best valid_loss:          0.11109758913516998
[2026-04-02 12:34:48]     Test accuracy (primary):  0.8500
[2026-04-02 12:34:48]     Test balanced acc:        0.8500
[2026-04-02 12:34:48]     Confusion matrix:         [[4, 1, 0, 0], [0, 4, 0, 1], [0, 0, 5, 0], [0, 0, 1, 4]]
[2026-04-02 12:34:48]     Prediction histogram:     [4, 5, 6, 5]
[2026-04-02 12:34:48]     fold_acc=0.8500 fold_bal_acc=0.8500 cm=[[4, 1, 0, 0], [0, 4, 0, 1], [0, 0, 5, 0], [0, 0, 1, 4]]
[2026-04-02 12:34:48]   Subject 48 mean accuracy: 0.9600

[2026-04-02 12:34:48] Subject 49: 100 windows class_counts=[25, 25, 25, 25]
[2026-04-02 12:34:48]   Fold 1 split seed: 43
[2026-04-02 12:34:48]   Fold 1 split class counts:
[2026-04-02 12:34:48]     train=[16, 16, 16, 16] val=[4, 4, 4, 4] test=[5, 5, 5, 5]
[2026-04-02 12:34:48]   Fold 2 split seed: 44
[2026-04-02 12:34:48]   Fold 2 split class counts:
[2026-04-02 12:34:48]     train=[16, 16, 16, 16] val=[4, 4, 4, 4] test=[5, 5, 5, 5]
[2026-04-02 12:34:48]   Fold 3 split seed: 45
[2026-04-02 12:34:48]   Fold 3 split class counts:
[2026-04-02 12:34:48]     train=[16, 16, 16, 16] val=[4, 4, 4, 4] test=[5, 5, 5, 5]
[2026-04-02 12:34:48]   Fold 4 split seed: 46
[2026-04-02 12:34:48]   Fold 4 split class counts:
[2026-04-02 12:34:48]     train=[16, 16, 16, 16] val=[4, 4, 4, 4] test=[5, 5, 5, 5]
[2026-04-02 12:34:48]   Fold 5 split seed: 47
[2026-04-02 12:34:48]   Fold 5 split class counts:
[2026-04-02 12:34:48]     train=[16, 16, 16, 16] val=[4, 4, 4, 4] test=[5, 5, 5, 5]
[2026-04-02 12:34:48]   Subject 49 Fold 1 seed: 4943
[2026-04-02 12:34:48]   Subject 49 Fold 1: n_train=64 n_val=16 n_test=20
[2026-04-02 12:34:48]     Train class counts: [16, 16, 16, 16]
[2026-04-02 12:34:48]     Val class counts:   [4, 4, 4, 4]
[2026-04-02 12:34:48]     Test class counts:  [5, 5, 5, 5]
[2026-04-02 12:34:48] Building model with input window duration: 4.1875 s
[2026-04-02 12:34:48] Pretrained weight loading:
[2026-04-02 12:34:48]   Downloaded keys:        179
[2026-04-02 12:34:48]   Filtered (transformer): 172
[2026-04-02 12:34:48]   Filtered (pos_encoder): 0
[2026-04-02 12:34:48]   Keys to load:           7
[2026-04-02 12:34:48]   Missing keys:           4
[2026-04-02 12:34:48]   Unexpected keys:        0
[2026-04-02 12:34:48]   Missing preview:        ['spatial_conv.1.weight', 'spatial_conv.1.bias', 'final_layer.1.weight', 'final_layer.1.bias']
[2026-04-02 12:34:48]   Unexpected preview:     []
[2026-04-02 12:34:48] Encoder freeze configuration:
[2026-04-02 12:34:48]   Total parameters:        18,192
[2026-04-02 12:34:48]   Trainable parameters:    4,352
[2026-04-02 12:34:48]   Training percentage:     23.9%
[2026-04-02 12:34:48]   Trainable layers: 4
[2026-04-02 12:34:48]     - final_layer.1.bias
[2026-04-02 12:34:48]     - final_layer.1.weight
[2026-04-02 12:34:48]     - spatial_conv.1.bias
[2026-04-02 12:34:48]     - spatial_conv.1.weight
[2026-04-02 12:34:48]     Train generator seeded: True
[2026-04-02 12:34:54]     Stopped epoch:            682
[2026-04-02 12:34:54]     Best epoch (valid_loss):  632
[2026-04-02 12:34:54]     Best valid_loss:          0.7863525152206421
[2026-04-02 12:34:54]     Test accuracy (primary):  0.8500
[2026-04-02 12:34:54]     Test balanced acc:        0.8500
[2026-04-02 12:34:54]     Confusion matrix:         [[5, 0, 0, 0], [0, 4, 0, 1], [1, 1, 3, 0], [0, 0, 0, 5]]
[2026-04-02 12:34:54]     Prediction histogram:     [6, 5, 3, 6]
[2026-04-02 12:34:54]     fold_acc=0.8500 fold_bal_acc=0.8500 cm=[[5, 0, 0, 0], [0, 4, 0, 1], [1, 1, 3, 0], [0, 0, 0, 5]]
[2026-04-02 12:34:54]   Subject 49 Fold 2 seed: 4944
[2026-04-02 12:34:54]   Subject 49 Fold 2: n_train=64 n_val=16 n_test=20
[2026-04-02 12:34:54]     Train class counts: [16, 16, 16, 16]
[2026-04-02 12:34:54]     Val class counts:   [4, 4, 4, 4]
[2026-04-02 12:34:54]     Test class counts:  [5, 5, 5, 5]
[2026-04-02 12:34:54] Building model with input window duration: 4.1875 s
[2026-04-02 12:34:54] Pretrained weight loading:
[2026-04-02 12:34:54]   Downloaded keys:        179
[2026-04-02 12:34:54]   Filtered (transformer): 172
[2026-04-02 12:34:54]   Filtered (pos_encoder): 0
[2026-04-02 12:34:54]   Keys to load:           7
[2026-04-02 12:34:54]   Missing keys:           4
[2026-04-02 12:34:54]   Unexpected keys:        0
[2026-04-02 12:34:54]   Missing preview:        ['spatial_conv.1.weight', 'spatial_conv.1.bias', 'final_layer.1.weight', 'final_layer.1.bias']
[2026-04-02 12:34:54]   Unexpected preview:     []
[2026-04-02 12:34:54] Encoder freeze configuration:
[2026-04-02 12:34:54]   Total parameters:        18,192
[2026-04-02 12:34:54]   Trainable parameters:    4,352
[2026-04-02 12:34:54]   Training percentage:     23.9%
[2026-04-02 12:34:54]   Trainable layers: 4
[2026-04-02 12:34:54]     - final_layer.1.bias
[2026-04-02 12:34:54]     - final_layer.1.weight
[2026-04-02 12:34:54]     - spatial_conv.1.bias
[2026-04-02 12:34:54]     - spatial_conv.1.weight
[2026-04-02 12:34:54]     Train generator seeded: True
[2026-04-02 12:35:04]     Stopped epoch:            1253
[2026-04-02 12:35:04]     Best epoch (valid_loss):  1203
[2026-04-02 12:35:04]     Best valid_loss:          0.42683926224708557
[2026-04-02 12:35:04]     Test accuracy (primary):  0.9500
[2026-04-02 12:35:04]     Test balanced acc:        0.9500
[2026-04-02 12:35:04]     Confusion matrix:         [[4, 1, 0, 0], [0, 5, 0, 0], [0, 0, 5, 0], [0, 0, 0, 5]]
[2026-04-02 12:35:04]     Prediction histogram:     [4, 6, 5, 5]
[2026-04-02 12:35:05]     fold_acc=0.9500 fold_bal_acc=0.9500 cm=[[4, 1, 0, 0], [0, 5, 0, 0], [0, 0, 5, 0], [0, 0, 0, 5]]
[2026-04-02 12:35:05]   Subject 49 Fold 3 seed: 4945
[2026-04-02 12:35:05]   Subject 49 Fold 3: n_train=64 n_val=16 n_test=20
[2026-04-02 12:35:05]     Train class counts: [16, 16, 16, 16]
[2026-04-02 12:35:05]     Val class counts:   [4, 4, 4, 4]
[2026-04-02 12:35:05]     Test class counts:  [5, 5, 5, 5]
[2026-04-02 12:35:05] Building model with input window duration: 4.1875 s
[2026-04-02 12:35:05] Pretrained weight loading:
[2026-04-02 12:35:05]   Downloaded keys:        179
[2026-04-02 12:35:05]   Filtered (transformer): 172
[2026-04-02 12:35:05]   Filtered (pos_encoder): 0
[2026-04-02 12:35:05]   Keys to load:           7
[2026-04-02 12:35:05]   Missing keys:           4
[2026-04-02 12:35:05]   Unexpected keys:        0
[2026-04-02 12:35:05]   Missing preview:        ['spatial_conv.1.weight', 'spatial_conv.1.bias', 'final_layer.1.weight', 'final_layer.1.bias']
[2026-04-02 12:35:05]   Unexpected preview:     []
[2026-04-02 12:35:05] Encoder freeze configuration:
[2026-04-02 12:35:05]   Total parameters:        18,192
[2026-04-02 12:35:05]   Trainable parameters:    4,352
[2026-04-02 12:35:05]   Training percentage:     23.9%
[2026-04-02 12:35:05]   Trainable layers: 4
[2026-04-02 12:35:05]     - final_layer.1.bias
[2026-04-02 12:35:05]     - final_layer.1.weight
[2026-04-02 12:35:05]     - spatial_conv.1.bias
[2026-04-02 12:35:05]     - spatial_conv.1.weight
[2026-04-02 12:35:05]     Train generator seeded: True
[2026-04-02 12:35:29]     Stopped epoch:            2753
[2026-04-02 12:35:29]     Best epoch (valid_loss):  2703
[2026-04-02 12:35:29]     Best valid_loss:          0.457760214805603
[2026-04-02 12:35:29]     Test accuracy (primary):  0.9000
[2026-04-02 12:35:29]     Test balanced acc:        0.9000
[2026-04-02 12:35:29]     Confusion matrix:         [[4, 0, 1, 0], [0, 5, 0, 0], [0, 0, 4, 1], [0, 0, 0, 5]]
[2026-04-02 12:35:29]     Prediction histogram:     [4, 5, 5, 6]
[2026-04-02 12:35:29]     fold_acc=0.9000 fold_bal_acc=0.9000 cm=[[4, 0, 1, 0], [0, 5, 0, 0], [0, 0, 4, 1], [0, 0, 0, 5]]
[2026-04-02 12:35:29]   Subject 49 Fold 4 seed: 4946
[2026-04-02 12:35:29]   Subject 49 Fold 4: n_train=64 n_val=16 n_test=20
[2026-04-02 12:35:29]     Train class counts: [16, 16, 16, 16]
[2026-04-02 12:35:29]     Val class counts:   [4, 4, 4, 4]
[2026-04-02 12:35:29]     Test class counts:  [5, 5, 5, 5]
[2026-04-02 12:35:29] Building model with input window duration: 4.1875 s
[2026-04-02 12:35:29] Pretrained weight loading:
[2026-04-02 12:35:29]   Downloaded keys:        179
[2026-04-02 12:35:29]   Filtered (transformer): 172
[2026-04-02 12:35:29]   Filtered (pos_encoder): 0
[2026-04-02 12:35:29]   Keys to load:           7
[2026-04-02 12:35:29]   Missing keys:           4
[2026-04-02 12:35:29]   Unexpected keys:        0
[2026-04-02 12:35:29]   Missing preview:        ['spatial_conv.1.weight', 'spatial_conv.1.bias', 'final_layer.1.weight', 'final_layer.1.bias']
[2026-04-02 12:35:29]   Unexpected preview:     []
[2026-04-02 12:35:29] Encoder freeze configuration:
[2026-04-02 12:35:29]   Total parameters:        18,192
[2026-04-02 12:35:29]   Trainable parameters:    4,352
[2026-04-02 12:35:29]   Training percentage:     23.9%
[2026-04-02 12:35:29]   Trainable layers: 4
[2026-04-02 12:35:29]     - final_layer.1.bias
[2026-04-02 12:35:29]     - final_layer.1.weight
[2026-04-02 12:35:29]     - spatial_conv.1.bias
[2026-04-02 12:35:29]     - spatial_conv.1.weight
[2026-04-02 12:35:29]     Train generator seeded: True
[2026-04-02 12:36:01]     Stopped epoch:            3651
[2026-04-02 12:36:01]     Best epoch (valid_loss):  3601
[2026-04-02 12:36:01]     Best valid_loss:          0.2040344774723053
[2026-04-02 12:36:01]     Test accuracy (primary):  0.8000
[2026-04-02 12:36:01]     Test balanced acc:        0.8000
[2026-04-02 12:36:01]     Confusion matrix:         [[2, 0, 1, 2], [0, 5, 0, 0], [0, 1, 4, 0], [0, 0, 0, 5]]
[2026-04-02 12:36:01]     Prediction histogram:     [2, 6, 5, 7]
[2026-04-02 12:36:01]     fold_acc=0.8000 fold_bal_acc=0.8000 cm=[[2, 0, 1, 2], [0, 5, 0, 0], [0, 1, 4, 0], [0, 0, 0, 5]]
[2026-04-02 12:36:01]   Subject 49 Fold 5 seed: 4947
[2026-04-02 12:36:01]   Subject 49 Fold 5: n_train=64 n_val=16 n_test=20
[2026-04-02 12:36:01]     Train class counts: [16, 16, 16, 16]
[2026-04-02 12:36:01]     Val class counts:   [4, 4, 4, 4]
[2026-04-02 12:36:01]     Test class counts:  [5, 5, 5, 5]
[2026-04-02 12:36:01] Building model with input window duration: 4.1875 s
[2026-04-02 12:36:01] Pretrained weight loading:
[2026-04-02 12:36:01]   Downloaded keys:        179
[2026-04-02 12:36:01]   Filtered (transformer): 172
[2026-04-02 12:36:01]   Filtered (pos_encoder): 0
[2026-04-02 12:36:01]   Keys to load:           7
[2026-04-02 12:36:01]   Missing keys:           4
[2026-04-02 12:36:01]   Unexpected keys:        0
[2026-04-02 12:36:01]   Missing preview:        ['spatial_conv.1.weight', 'spatial_conv.1.bias', 'final_layer.1.weight', 'final_layer.1.bias']
[2026-04-02 12:36:01]   Unexpected preview:     []
[2026-04-02 12:36:01] Encoder freeze configuration:
[2026-04-02 12:36:01]   Total parameters:        18,192
[2026-04-02 12:36:01]   Trainable parameters:    4,352
[2026-04-02 12:36:01]   Training percentage:     23.9%
[2026-04-02 12:36:01]   Trainable layers: 4
[2026-04-02 12:36:01]     - final_layer.1.bias
[2026-04-02 12:36:01]     - final_layer.1.weight
[2026-04-02 12:36:01]     - spatial_conv.1.bias
[2026-04-02 12:36:01]     - spatial_conv.1.weight
[2026-04-02 12:36:01]     Train generator seeded: True
[2026-04-02 12:36:14]     Stopped epoch:            1470
[2026-04-02 12:36:14]     Best epoch (valid_loss):  1420
[2026-04-02 12:36:14]     Best valid_loss:          0.5357786417007446
[2026-04-02 12:36:14]     Test accuracy (primary):  0.8000
[2026-04-02 12:36:14]     Test balanced acc:        0.8000
[2026-04-02 12:36:14]     Confusion matrix:         [[3, 1, 0, 1], [0, 3, 0, 2], [0, 0, 5, 0], [0, 0, 0, 5]]
[2026-04-02 12:36:14]     Prediction histogram:     [3, 4, 5, 8]
[2026-04-02 12:36:14]     fold_acc=0.8000 fold_bal_acc=0.8000 cm=[[3, 1, 0, 1], [0, 3, 0, 2], [0, 0, 5, 0], [0, 0, 0, 5]]
[2026-04-02 12:36:14]   Subject 49 mean accuracy: 0.8600

[2026-04-02 12:36:14] Subject 50: 100 windows class_counts=[25, 25, 25, 25]
[2026-04-02 12:36:14]   Fold 1 split seed: 43
[2026-04-02 12:36:14]   Fold 1 split class counts:
[2026-04-02 12:36:14]     train=[16, 16, 16, 16] val=[4, 4, 4, 4] test=[5, 5, 5, 5]
[2026-04-02 12:36:14]   Fold 2 split seed: 44
[2026-04-02 12:36:14]   Fold 2 split class counts:
[2026-04-02 12:36:14]     train=[16, 16, 16, 16] val=[4, 4, 4, 4] test=[5, 5, 5, 5]
[2026-04-02 12:36:14]   Fold 3 split seed: 45
[2026-04-02 12:36:14]   Fold 3 split class counts:
[2026-04-02 12:36:14]     train=[16, 16, 16, 16] val=[4, 4, 4, 4] test=[5, 5, 5, 5]
[2026-04-02 12:36:14]   Fold 4 split seed: 46
[2026-04-02 12:36:14]   Fold 4 split class counts:
[2026-04-02 12:36:14]     train=[16, 16, 16, 16] val=[4, 4, 4, 4] test=[5, 5, 5, 5]
[2026-04-02 12:36:14]   Fold 5 split seed: 47
[2026-04-02 12:36:14]   Fold 5 split class counts:
[2026-04-02 12:36:14]     train=[16, 16, 16, 16] val=[4, 4, 4, 4] test=[5, 5, 5, 5]
[2026-04-02 12:36:14]   Subject 50 Fold 1 seed: 5043
[2026-04-02 12:36:14]   Subject 50 Fold 1: n_train=64 n_val=16 n_test=20
[2026-04-02 12:36:14]     Train class counts: [16, 16, 16, 16]
[2026-04-02 12:36:14]     Val class counts:   [4, 4, 4, 4]
[2026-04-02 12:36:14]     Test class counts:  [5, 5, 5, 5]
[2026-04-02 12:36:14] Building model with input window duration: 4.1875 s
[2026-04-02 12:36:14] Pretrained weight loading:
[2026-04-02 12:36:14]   Downloaded keys:        179
[2026-04-02 12:36:14]   Filtered (transformer): 172
[2026-04-02 12:36:14]   Filtered (pos_encoder): 0
[2026-04-02 12:36:14]   Keys to load:           7
[2026-04-02 12:36:14]   Missing keys:           4
[2026-04-02 12:36:14]   Unexpected keys:        0
[2026-04-02 12:36:14]   Missing preview:        ['spatial_conv.1.weight', 'spatial_conv.1.bias', 'final_layer.1.weight', 'final_layer.1.bias']
[2026-04-02 12:36:14]   Unexpected preview:     []
[2026-04-02 12:36:14] Encoder freeze configuration:
[2026-04-02 12:36:14]   Total parameters:        18,192
[2026-04-02 12:36:14]   Trainable parameters:    4,352
[2026-04-02 12:36:14]   Training percentage:     23.9%
[2026-04-02 12:36:14]   Trainable layers: 4
[2026-04-02 12:36:14]     - final_layer.1.bias
[2026-04-02 12:36:14]     - final_layer.1.weight
[2026-04-02 12:36:14]     - spatial_conv.1.bias
[2026-04-02 12:36:14]     - spatial_conv.1.weight
[2026-04-02 12:36:14]     Train generator seeded: True
[2026-04-02 12:36:32]     Stopped epoch:            2068
[2026-04-02 12:36:32]     Best epoch (valid_loss):  2018
[2026-04-02 12:36:32]     Best valid_loss:          0.3518233597278595
[2026-04-02 12:36:32]     Test accuracy (primary):  0.9000
[2026-04-02 12:36:32]     Test balanced acc:        0.9000
[2026-04-02 12:36:32]     Confusion matrix:         [[4, 0, 1, 0], [0, 4, 1, 0], [0, 0, 5, 0], [0, 0, 0, 5]]
[2026-04-02 12:36:32]     Prediction histogram:     [4, 4, 7, 5]
[2026-04-02 12:36:32]     fold_acc=0.9000 fold_bal_acc=0.9000 cm=[[4, 0, 1, 0], [0, 4, 1, 0], [0, 0, 5, 0], [0, 0, 0, 5]]
[2026-04-02 12:36:32]   Subject 50 Fold 2 seed: 5044
[2026-04-02 12:36:32]   Subject 50 Fold 2: n_train=64 n_val=16 n_test=20
[2026-04-02 12:36:32]     Train class counts: [16, 16, 16, 16]
[2026-04-02 12:36:32]     Val class counts:   [4, 4, 4, 4]
[2026-04-02 12:36:32]     Test class counts:  [5, 5, 5, 5]
[2026-04-02 12:36:32] Building model with input window duration: 4.1875 s
[2026-04-02 12:36:32] Pretrained weight loading:
[2026-04-02 12:36:32]   Downloaded keys:        179
[2026-04-02 12:36:32]   Filtered (transformer): 172
[2026-04-02 12:36:32]   Filtered (pos_encoder): 0
[2026-04-02 12:36:32]   Keys to load:           7
[2026-04-02 12:36:32]   Missing keys:           4
[2026-04-02 12:36:32]   Unexpected keys:        0
[2026-04-02 12:36:32]   Missing preview:        ['spatial_conv.1.weight', 'spatial_conv.1.bias', 'final_layer.1.weight', 'final_layer.1.bias']
[2026-04-02 12:36:32]   Unexpected preview:     []
[2026-04-02 12:36:32] Encoder freeze configuration:
[2026-04-02 12:36:32]   Total parameters:        18,192
[2026-04-02 12:36:32]   Trainable parameters:    4,352
[2026-04-02 12:36:32]   Training percentage:     23.9%
[2026-04-02 12:36:32]   Trainable layers: 4
[2026-04-02 12:36:32]     - final_layer.1.bias
[2026-04-02 12:36:32]     - final_layer.1.weight
[2026-04-02 12:36:32]     - spatial_conv.1.bias
[2026-04-02 12:36:32]     - spatial_conv.1.weight
[2026-04-02 12:36:32]     Train generator seeded: True
[2026-04-02 12:37:17]     Stopped epoch:            5000
[2026-04-02 12:37:17]     Best epoch (valid_loss):  4994
[2026-04-02 12:37:17]     Best valid_loss:          0.09665369242429733
[2026-04-02 12:37:17]     Test accuracy (primary):  1.0000
[2026-04-02 12:37:17]     Test balanced acc:        1.0000
[2026-04-02 12:37:17]     Confusion matrix:         [[5, 0, 0, 0], [0, 5, 0, 0], [0, 0, 5, 0], [0, 0, 0, 5]]
[2026-04-02 12:37:17]     Prediction histogram:     [5, 5, 5, 5]
[2026-04-02 12:37:17]     fold_acc=1.0000 fold_bal_acc=1.0000 cm=[[5, 0, 0, 0], [0, 5, 0, 0], [0, 0, 5, 0], [0, 0, 0, 5]]
[2026-04-02 12:37:17]   Subject 50 Fold 3 seed: 5045
[2026-04-02 12:37:17]   Subject 50 Fold 3: n_train=64 n_val=16 n_test=20
[2026-04-02 12:37:17]     Train class counts: [16, 16, 16, 16]
[2026-04-02 12:37:17]     Val class counts:   [4, 4, 4, 4]
[2026-04-02 12:37:17]     Test class counts:  [5, 5, 5, 5]
[2026-04-02 12:37:17] Building model with input window duration: 4.1875 s
[2026-04-02 12:37:17] Pretrained weight loading:
[2026-04-02 12:37:17]   Downloaded keys:        179
[2026-04-02 12:37:17]   Filtered (transformer): 172
[2026-04-02 12:37:17]   Filtered (pos_encoder): 0
[2026-04-02 12:37:17]   Keys to load:           7
[2026-04-02 12:37:17]   Missing keys:           4
[2026-04-02 12:37:17]   Unexpected keys:        0
[2026-04-02 12:37:17]   Missing preview:        ['spatial_conv.1.weight', 'spatial_conv.1.bias', 'final_layer.1.weight', 'final_layer.1.bias']
[2026-04-02 12:37:17]   Unexpected preview:     []
[2026-04-02 12:37:17] Encoder freeze configuration:
[2026-04-02 12:37:17]   Total parameters:        18,192
[2026-04-02 12:37:17]   Trainable parameters:    4,352
[2026-04-02 12:37:17]   Training percentage:     23.9%
[2026-04-02 12:37:17]   Trainable layers: 4
[2026-04-02 12:37:17]     - final_layer.1.bias
[2026-04-02 12:37:17]     - final_layer.1.weight
[2026-04-02 12:37:17]     - spatial_conv.1.bias
[2026-04-02 12:37:17]     - spatial_conv.1.weight
[2026-04-02 12:37:17]     Train generator seeded: True
[2026-04-02 12:38:02]     Stopped epoch:            5000
[2026-04-02 12:38:02]     Best epoch (valid_loss):  4996
[2026-04-02 12:38:02]     Best valid_loss:          0.03125474229454994
[2026-04-02 12:38:02]     Test accuracy (primary):  0.8500
[2026-04-02 12:38:02]     Test balanced acc:        0.8500
[2026-04-02 12:38:02]     Confusion matrix:         [[4, 0, 0, 1], [0, 4, 1, 0], [0, 0, 4, 1], [0, 0, 0, 5]]
[2026-04-02 12:38:02]     Prediction histogram:     [4, 4, 5, 7]
[2026-04-02 12:38:02]     fold_acc=0.8500 fold_bal_acc=0.8500 cm=[[4, 0, 0, 1], [0, 4, 1, 0], [0, 0, 4, 1], [0, 0, 0, 5]]
[2026-04-02 12:38:02]   Subject 50 Fold 4 seed: 5046
[2026-04-02 12:38:02]   Subject 50 Fold 4: n_train=64 n_val=16 n_test=20
[2026-04-02 12:38:02]     Train class counts: [16, 16, 16, 16]
[2026-04-02 12:38:02]     Val class counts:   [4, 4, 4, 4]
[2026-04-02 12:38:02]     Test class counts:  [5, 5, 5, 5]
[2026-04-02 12:38:02] Building model with input window duration: 4.1875 s
[2026-04-02 12:38:02] Pretrained weight loading:
[2026-04-02 12:38:02]   Downloaded keys:        179
[2026-04-02 12:38:02]   Filtered (transformer): 172
[2026-04-02 12:38:02]   Filtered (pos_encoder): 0
[2026-04-02 12:38:02]   Keys to load:           7
[2026-04-02 12:38:02]   Missing keys:           4
[2026-04-02 12:38:02]   Unexpected keys:        0
[2026-04-02 12:38:02]   Missing preview:        ['spatial_conv.1.weight', 'spatial_conv.1.bias', 'final_layer.1.weight', 'final_layer.1.bias']
[2026-04-02 12:38:02]   Unexpected preview:     []
[2026-04-02 12:38:02] Encoder freeze configuration:
[2026-04-02 12:38:02]   Total parameters:        18,192
[2026-04-02 12:38:02]   Trainable parameters:    4,352
[2026-04-02 12:38:02]   Training percentage:     23.9%
[2026-04-02 12:38:02]   Trainable layers: 4
[2026-04-02 12:38:02]     - final_layer.1.bias
[2026-04-02 12:38:02]     - final_layer.1.weight
[2026-04-02 12:38:02]     - spatial_conv.1.bias
[2026-04-02 12:38:02]     - spatial_conv.1.weight
[2026-04-02 12:38:02]     Train generator seeded: True
[2026-04-02 12:38:28]     Stopped epoch:            2897
[2026-04-02 12:38:28]     Best epoch (valid_loss):  2847
[2026-04-02 12:38:28]     Best valid_loss:          0.12523511052131653
[2026-04-02 12:38:28]     Test accuracy (primary):  0.8500
[2026-04-02 12:38:28]     Test balanced acc:        0.8500
[2026-04-02 12:38:28]     Confusion matrix:         [[5, 0, 0, 0], [0, 5, 0, 0], [2, 0, 3, 0], [1, 0, 0, 4]]
[2026-04-02 12:38:28]     Prediction histogram:     [8, 5, 3, 4]
[2026-04-02 12:38:28]     fold_acc=0.8500 fold_bal_acc=0.8500 cm=[[5, 0, 0, 0], [0, 5, 0, 0], [2, 0, 3, 0], [1, 0, 0, 4]]
[2026-04-02 12:38:28]   Subject 50 Fold 5 seed: 5047
[2026-04-02 12:38:28]   Subject 50 Fold 5: n_train=64 n_val=16 n_test=20
[2026-04-02 12:38:28]     Train class counts: [16, 16, 16, 16]
[2026-04-02 12:38:28]     Val class counts:   [4, 4, 4, 4]
[2026-04-02 12:38:28]     Test class counts:  [5, 5, 5, 5]
[2026-04-02 12:38:28] Building model with input window duration: 4.1875 s
[2026-04-02 12:38:28] Pretrained weight loading:
[2026-04-02 12:38:28]   Downloaded keys:        179
[2026-04-02 12:38:28]   Filtered (transformer): 172
[2026-04-02 12:38:28]   Filtered (pos_encoder): 0
[2026-04-02 12:38:28]   Keys to load:           7
[2026-04-02 12:38:28]   Missing keys:           4
[2026-04-02 12:38:28]   Unexpected keys:        0
[2026-04-02 12:38:28]   Missing preview:        ['spatial_conv.1.weight', 'spatial_conv.1.bias', 'final_layer.1.weight', 'final_layer.1.bias']
[2026-04-02 12:38:28]   Unexpected preview:     []
[2026-04-02 12:38:28] Encoder freeze configuration:
[2026-04-02 12:38:28]   Total parameters:        18,192
[2026-04-02 12:38:28]   Trainable parameters:    4,352
[2026-04-02 12:38:28]   Training percentage:     23.9%
[2026-04-02 12:38:28]   Trainable layers: 4
[2026-04-02 12:38:28]     - final_layer.1.bias
[2026-04-02 12:38:28]     - final_layer.1.weight
[2026-04-02 12:38:28]     - spatial_conv.1.bias
[2026-04-02 12:38:28]     - spatial_conv.1.weight
[2026-04-02 12:38:28]     Train generator seeded: True
[2026-04-02 12:39:11]     Stopped epoch:            4690
[2026-04-02 12:39:11]     Best epoch (valid_loss):  4640
[2026-04-02 12:39:11]     Best valid_loss:          0.12786875665187836
[2026-04-02 12:39:11]     Test accuracy (primary):  0.9500
[2026-04-02 12:39:11]     Test balanced acc:        0.9500
[2026-04-02 12:39:11]     Confusion matrix:         [[4, 0, 0, 1], [0, 5, 0, 0], [0, 0, 5, 0], [0, 0, 0, 5]]
[2026-04-02 12:39:11]     Prediction histogram:     [4, 5, 5, 6]
[2026-04-02 12:39:11]     fold_acc=0.9500 fold_bal_acc=0.9500 cm=[[4, 0, 0, 1], [0, 5, 0, 0], [0, 0, 5, 0], [0, 0, 0, 5]]
[2026-04-02 12:39:11]   Subject 50 mean accuracy: 0.9100

[2026-04-02 12:39:11] Subject 52: 100 windows class_counts=[25, 25, 25, 25]
[2026-04-02 12:39:11]   Fold 1 split seed: 43
[2026-04-02 12:39:11]   Fold 1 split class counts:
[2026-04-02 12:39:11]     train=[16, 16, 16, 16] val=[4, 4, 4, 4] test=[5, 5, 5, 5]
[2026-04-02 12:39:11]   Fold 2 split seed: 44
[2026-04-02 12:39:11]   Fold 2 split class counts:
[2026-04-02 12:39:11]     train=[16, 16, 16, 16] val=[4, 4, 4, 4] test=[5, 5, 5, 5]
[2026-04-02 12:39:11]   Fold 3 split seed: 45
[2026-04-02 12:39:11]   Fold 3 split class counts:
[2026-04-02 12:39:11]     train=[16, 16, 16, 16] val=[4, 4, 4, 4] test=[5, 5, 5, 5]
[2026-04-02 12:39:11]   Fold 4 split seed: 46
[2026-04-02 12:39:11]   Fold 4 split class counts:
[2026-04-02 12:39:11]     train=[16, 16, 16, 16] val=[4, 4, 4, 4] test=[5, 5, 5, 5]
[2026-04-02 12:39:11]   Fold 5 split seed: 47
[2026-04-02 12:39:11]   Fold 5 split class counts:
[2026-04-02 12:39:11]     train=[16, 16, 16, 16] val=[4, 4, 4, 4] test=[5, 5, 5, 5]
[2026-04-02 12:39:11]   Subject 52 Fold 1 seed: 5243
[2026-04-02 12:39:11]   Subject 52 Fold 1: n_train=64 n_val=16 n_test=20
[2026-04-02 12:39:11]     Train class counts: [16, 16, 16, 16]
[2026-04-02 12:39:11]     Val class counts:   [4, 4, 4, 4]
[2026-04-02 12:39:11]     Test class counts:  [5, 5, 5, 5]
[2026-04-02 12:39:11] Building model with input window duration: 4.1875 s
[2026-04-02 12:39:11] Pretrained weight loading:
[2026-04-02 12:39:11]   Downloaded keys:        179
[2026-04-02 12:39:11]   Filtered (transformer): 172
[2026-04-02 12:39:11]   Filtered (pos_encoder): 0
[2026-04-02 12:39:11]   Keys to load:           7
[2026-04-02 12:39:11]   Missing keys:           4
[2026-04-02 12:39:11]   Unexpected keys:        0
[2026-04-02 12:39:11]   Missing preview:        ['spatial_conv.1.weight', 'spatial_conv.1.bias', 'final_layer.1.weight', 'final_layer.1.bias']
[2026-04-02 12:39:11]   Unexpected preview:     []
[2026-04-02 12:39:11] Encoder freeze configuration:
[2026-04-02 12:39:11]   Total parameters:        18,192
[2026-04-02 12:39:11]   Trainable parameters:    4,352
[2026-04-02 12:39:11]   Training percentage:     23.9%
[2026-04-02 12:39:11]   Trainable layers: 4
[2026-04-02 12:39:11]     - final_layer.1.bias
[2026-04-02 12:39:11]     - final_layer.1.weight
[2026-04-02 12:39:11]     - spatial_conv.1.bias
[2026-04-02 12:39:11]     - spatial_conv.1.weight
[2026-04-02 12:39:11]     Train generator seeded: True
[2026-04-02 12:39:45]     Stopped epoch:            3875
[2026-04-02 12:39:45]     Best epoch (valid_loss):  3825
[2026-04-02 12:39:45]     Best valid_loss:          0.06740562617778778
[2026-04-02 12:39:45]     Test accuracy (primary):  0.9500
[2026-04-02 12:39:45]     Test balanced acc:        0.9500
[2026-04-02 12:39:45]     Confusion matrix:         [[4, 1, 0, 0], [0, 5, 0, 0], [0, 0, 5, 0], [0, 0, 0, 5]]
[2026-04-02 12:39:45]     Prediction histogram:     [4, 6, 5, 5]
[2026-04-02 12:39:45]     fold_acc=0.9500 fold_bal_acc=0.9500 cm=[[4, 1, 0, 0], [0, 5, 0, 0], [0, 0, 5, 0], [0, 0, 0, 5]]
[2026-04-02 12:39:45]   Subject 52 Fold 2 seed: 5244
[2026-04-02 12:39:45]   Subject 52 Fold 2: n_train=64 n_val=16 n_test=20
[2026-04-02 12:39:45]     Train class counts: [16, 16, 16, 16]
[2026-04-02 12:39:45]     Val class counts:   [4, 4, 4, 4]
[2026-04-02 12:39:45]     Test class counts:  [5, 5, 5, 5]
[2026-04-02 12:39:45] Building model with input window duration: 4.1875 s
[2026-04-02 12:39:45] Pretrained weight loading:
[2026-04-02 12:39:45]   Downloaded keys:        179
[2026-04-02 12:39:45]   Filtered (transformer): 172
[2026-04-02 12:39:45]   Filtered (pos_encoder): 0
[2026-04-02 12:39:45]   Keys to load:           7
[2026-04-02 12:39:45]   Missing keys:           4
[2026-04-02 12:39:45]   Unexpected keys:        0
[2026-04-02 12:39:45]   Missing preview:        ['spatial_conv.1.weight', 'spatial_conv.1.bias', 'final_layer.1.weight', 'final_layer.1.bias']
[2026-04-02 12:39:45]   Unexpected preview:     []
[2026-04-02 12:39:45] Encoder freeze configuration:
[2026-04-02 12:39:45]   Total parameters:        18,192
[2026-04-02 12:39:45]   Trainable parameters:    4,352
[2026-04-02 12:39:45]   Training percentage:     23.9%
[2026-04-02 12:39:45]   Trainable layers: 4
[2026-04-02 12:39:45]     - final_layer.1.bias
[2026-04-02 12:39:45]     - final_layer.1.weight
[2026-04-02 12:39:45]     - spatial_conv.1.bias
[2026-04-02 12:39:45]     - spatial_conv.1.weight
[2026-04-02 12:39:45]     Train generator seeded: True
[2026-04-02 12:40:03]     Stopped epoch:            2010
[2026-04-02 12:40:03]     Best epoch (valid_loss):  1960
[2026-04-02 12:40:03]     Best valid_loss:          0.2055235505104065
[2026-04-02 12:40:03]     Test accuracy (primary):  1.0000
[2026-04-02 12:40:03]     Test balanced acc:        1.0000
[2026-04-02 12:40:03]     Confusion matrix:         [[5, 0, 0, 0], [0, 5, 0, 0], [0, 0, 5, 0], [0, 0, 0, 5]]
[2026-04-02 12:40:03]     Prediction histogram:     [5, 5, 5, 5]
[2026-04-02 12:40:03]     fold_acc=1.0000 fold_bal_acc=1.0000 cm=[[5, 0, 0, 0], [0, 5, 0, 0], [0, 0, 5, 0], [0, 0, 0, 5]]
[2026-04-02 12:40:03]   Subject 52 Fold 3 seed: 5245
[2026-04-02 12:40:03]   Subject 52 Fold 3: n_train=64 n_val=16 n_test=20
[2026-04-02 12:40:03]     Train class counts: [16, 16, 16, 16]
[2026-04-02 12:40:03]     Val class counts:   [4, 4, 4, 4]
[2026-04-02 12:40:03]     Test class counts:  [5, 5, 5, 5]
[2026-04-02 12:40:03] Building model with input window duration: 4.1875 s
[2026-04-02 12:40:03] Pretrained weight loading:
[2026-04-02 12:40:03]   Downloaded keys:        179
[2026-04-02 12:40:03]   Filtered (transformer): 172
[2026-04-02 12:40:03]   Filtered (pos_encoder): 0
[2026-04-02 12:40:03]   Keys to load:           7
[2026-04-02 12:40:03]   Missing keys:           4
[2026-04-02 12:40:03]   Unexpected keys:        0
[2026-04-02 12:40:03]   Missing preview:        ['spatial_conv.1.weight', 'spatial_conv.1.bias', 'final_layer.1.weight', 'final_layer.1.bias']
[2026-04-02 12:40:03]   Unexpected preview:     []
[2026-04-02 12:40:03] Encoder freeze configuration:
[2026-04-02 12:40:03]   Total parameters:        18,192
[2026-04-02 12:40:03]   Trainable parameters:    4,352
[2026-04-02 12:40:03]   Training percentage:     23.9%
[2026-04-02 12:40:03]   Trainable layers: 4
[2026-04-02 12:40:03]     - final_layer.1.bias
[2026-04-02 12:40:03]     - final_layer.1.weight
[2026-04-02 12:40:03]     - spatial_conv.1.bias
[2026-04-02 12:40:03]     - spatial_conv.1.weight
[2026-04-02 12:40:03]     Train generator seeded: True
[2026-04-02 12:40:42]     Stopped epoch:            4400
[2026-04-02 12:40:42]     Best epoch (valid_loss):  4350
[2026-04-02 12:40:42]     Best valid_loss:          0.13116011023521423
[2026-04-02 12:40:42]     Test accuracy (primary):  1.0000
[2026-04-02 12:40:42]     Test balanced acc:        1.0000
[2026-04-02 12:40:42]     Confusion matrix:         [[5, 0, 0, 0], [0, 5, 0, 0], [0, 0, 5, 0], [0, 0, 0, 5]]
[2026-04-02 12:40:42]     Prediction histogram:     [5, 5, 5, 5]
[2026-04-02 12:40:42]     fold_acc=1.0000 fold_bal_acc=1.0000 cm=[[5, 0, 0, 0], [0, 5, 0, 0], [0, 0, 5, 0], [0, 0, 0, 5]]
[2026-04-02 12:40:42]   Subject 52 Fold 4 seed: 5246
[2026-04-02 12:40:42]   Subject 52 Fold 4: n_train=64 n_val=16 n_test=20
[2026-04-02 12:40:42]     Train class counts: [16, 16, 16, 16]
[2026-04-02 12:40:42]     Val class counts:   [4, 4, 4, 4]
[2026-04-02 12:40:42]     Test class counts:  [5, 5, 5, 5]
[2026-04-02 12:40:42] Building model with input window duration: 4.1875 s
[2026-04-02 12:40:42] Pretrained weight loading:
[2026-04-02 12:40:42]   Downloaded keys:        179
[2026-04-02 12:40:42]   Filtered (transformer): 172
[2026-04-02 12:40:42]   Filtered (pos_encoder): 0
[2026-04-02 12:40:42]   Keys to load:           7
[2026-04-02 12:40:42]   Missing keys:           4
[2026-04-02 12:40:42]   Unexpected keys:        0
[2026-04-02 12:40:42]   Missing preview:        ['spatial_conv.1.weight', 'spatial_conv.1.bias', 'final_layer.1.weight', 'final_layer.1.bias']
[2026-04-02 12:40:42]   Unexpected preview:     []
[2026-04-02 12:40:42] Encoder freeze configuration:
[2026-04-02 12:40:42]   Total parameters:        18,192
[2026-04-02 12:40:42]   Trainable parameters:    4,352
[2026-04-02 12:40:42]   Training percentage:     23.9%
[2026-04-02 12:40:42]   Trainable layers: 4
[2026-04-02 12:40:42]     - final_layer.1.bias
[2026-04-02 12:40:42]     - final_layer.1.weight
[2026-04-02 12:40:42]     - spatial_conv.1.bias
[2026-04-02 12:40:42]     - spatial_conv.1.weight
[2026-04-02 12:40:42]     Train generator seeded: True
[2026-04-02 12:41:05]     Stopped epoch:            2534
[2026-04-02 12:41:05]     Best epoch (valid_loss):  2484
[2026-04-02 12:41:05]     Best valid_loss:          0.09041938930749893
[2026-04-02 12:41:05]     Test accuracy (primary):  1.0000
[2026-04-02 12:41:05]     Test balanced acc:        1.0000
[2026-04-02 12:41:05]     Confusion matrix:         [[5, 0, 0, 0], [0, 5, 0, 0], [0, 0, 5, 0], [0, 0, 0, 5]]
[2026-04-02 12:41:05]     Prediction histogram:     [5, 5, 5, 5]
[2026-04-02 12:41:05]     fold_acc=1.0000 fold_bal_acc=1.0000 cm=[[5, 0, 0, 0], [0, 5, 0, 0], [0, 0, 5, 0], [0, 0, 0, 5]]
[2026-04-02 12:41:05]   Subject 52 Fold 5 seed: 5247
[2026-04-02 12:41:05]   Subject 52 Fold 5: n_train=64 n_val=16 n_test=20
[2026-04-02 12:41:05]     Train class counts: [16, 16, 16, 16]
[2026-04-02 12:41:05]     Val class counts:   [4, 4, 4, 4]
[2026-04-02 12:41:05]     Test class counts:  [5, 5, 5, 5]
[2026-04-02 12:41:05] Building model with input window duration: 4.1875 s
[2026-04-02 12:41:05] Pretrained weight loading:
[2026-04-02 12:41:05]   Downloaded keys:        179
[2026-04-02 12:41:05]   Filtered (transformer): 172
[2026-04-02 12:41:05]   Filtered (pos_encoder): 0
[2026-04-02 12:41:05]   Keys to load:           7
[2026-04-02 12:41:05]   Missing keys:           4
[2026-04-02 12:41:05]   Unexpected keys:        0
[2026-04-02 12:41:05]   Missing preview:        ['spatial_conv.1.weight', 'spatial_conv.1.bias', 'final_layer.1.weight', 'final_layer.1.bias']
[2026-04-02 12:41:05]   Unexpected preview:     []
[2026-04-02 12:41:05] Encoder freeze configuration:
[2026-04-02 12:41:05]   Total parameters:        18,192
[2026-04-02 12:41:05]   Trainable parameters:    4,352
[2026-04-02 12:41:05]   Training percentage:     23.9%
[2026-04-02 12:41:05]   Trainable layers: 4
[2026-04-02 12:41:05]     - final_layer.1.bias
[2026-04-02 12:41:05]     - final_layer.1.weight
[2026-04-02 12:41:05]     - spatial_conv.1.bias
[2026-04-02 12:41:05]     - spatial_conv.1.weight
[2026-04-02 12:41:05]     Train generator seeded: True
[2026-04-02 12:41:18]     Stopped epoch:            1509
[2026-04-02 12:41:18]     Best epoch (valid_loss):  1459
[2026-04-02 12:41:18]     Best valid_loss:          0.2690138816833496
[2026-04-02 12:41:18]     Test accuracy (primary):  0.9500
[2026-04-02 12:41:18]     Test balanced acc:        0.9500
[2026-04-02 12:41:18]     Confusion matrix:         [[4, 0, 0, 1], [0, 5, 0, 0], [0, 0, 5, 0], [0, 0, 0, 5]]
[2026-04-02 12:41:18]     Prediction histogram:     [4, 5, 5, 6]
[2026-04-02 12:41:18]     fold_acc=0.9500 fold_bal_acc=0.9500 cm=[[4, 0, 0, 1], [0, 5, 0, 0], [0, 0, 5, 0], [0, 0, 0, 5]]
[2026-04-02 12:41:18]   Subject 52 mean accuracy: 0.9800

[2026-04-02 12:41:18] Subject 53: 100 windows class_counts=[25, 25, 25, 25]
[2026-04-02 12:41:18]   Fold 1 split seed: 43
[2026-04-02 12:41:18]   Fold 1 split class counts:
[2026-04-02 12:41:18]     train=[16, 16, 16, 16] val=[4, 4, 4, 4] test=[5, 5, 5, 5]
[2026-04-02 12:41:18]   Fold 2 split seed: 44
[2026-04-02 12:41:18]   Fold 2 split class counts:
[2026-04-02 12:41:18]     train=[16, 16, 16, 16] val=[4, 4, 4, 4] test=[5, 5, 5, 5]
[2026-04-02 12:41:18]   Fold 3 split seed: 45
[2026-04-02 12:41:18]   Fold 3 split class counts:
[2026-04-02 12:41:18]     train=[16, 16, 16, 16] val=[4, 4, 4, 4] test=[5, 5, 5, 5]
[2026-04-02 12:41:18]   Fold 4 split seed: 46
[2026-04-02 12:41:18]   Fold 4 split class counts:
[2026-04-02 12:41:18]     train=[16, 16, 16, 16] val=[4, 4, 4, 4] test=[5, 5, 5, 5]
[2026-04-02 12:41:18]   Fold 5 split seed: 47
[2026-04-02 12:41:18]   Fold 5 split class counts:
[2026-04-02 12:41:18]     train=[16, 16, 16, 16] val=[4, 4, 4, 4] test=[5, 5, 5, 5]
[2026-04-02 12:41:18]   Subject 53 Fold 1 seed: 5343
[2026-04-02 12:41:18]   Subject 53 Fold 1: n_train=64 n_val=16 n_test=20
[2026-04-02 12:41:18]     Train class counts: [16, 16, 16, 16]
[2026-04-02 12:41:18]     Val class counts:   [4, 4, 4, 4]
[2026-04-02 12:41:18]     Test class counts:  [5, 5, 5, 5]
[2026-04-02 12:41:18] Building model with input window duration: 4.1875 s
[2026-04-02 12:41:18] Pretrained weight loading:
[2026-04-02 12:41:18]   Downloaded keys:        179
[2026-04-02 12:41:18]   Filtered (transformer): 172
[2026-04-02 12:41:18]   Filtered (pos_encoder): 0
[2026-04-02 12:41:18]   Keys to load:           7
[2026-04-02 12:41:18]   Missing keys:           4
[2026-04-02 12:41:18]   Unexpected keys:        0
[2026-04-02 12:41:18]   Missing preview:        ['spatial_conv.1.weight', 'spatial_conv.1.bias', 'final_layer.1.weight', 'final_layer.1.bias']
[2026-04-02 12:41:18]   Unexpected preview:     []
[2026-04-02 12:41:18] Encoder freeze configuration:
[2026-04-02 12:41:18]   Total parameters:        18,192
[2026-04-02 12:41:18]   Trainable parameters:    4,352
[2026-04-02 12:41:18]   Training percentage:     23.9%
[2026-04-02 12:41:18]   Trainable layers: 4
[2026-04-02 12:41:18]     - final_layer.1.bias
[2026-04-02 12:41:18]     - final_layer.1.weight
[2026-04-02 12:41:18]     - spatial_conv.1.bias
[2026-04-02 12:41:18]     - spatial_conv.1.weight
[2026-04-02 12:41:18]     Train generator seeded: True
[2026-04-02 12:41:45]     Stopped epoch:            2991
[2026-04-02 12:41:45]     Best epoch (valid_loss):  2941
[2026-04-02 12:41:45]     Best valid_loss:          0.11672127991914749
[2026-04-02 12:41:45]     Test accuracy (primary):  0.9500
[2026-04-02 12:41:45]     Test balanced acc:        0.9500
[2026-04-02 12:41:45]     Confusion matrix:         [[4, 0, 0, 1], [0, 5, 0, 0], [0, 0, 5, 0], [0, 0, 0, 5]]
[2026-04-02 12:41:45]     Prediction histogram:     [4, 5, 5, 6]
[2026-04-02 12:41:45]     fold_acc=0.9500 fold_bal_acc=0.9500 cm=[[4, 0, 0, 1], [0, 5, 0, 0], [0, 0, 5, 0], [0, 0, 0, 5]]
[2026-04-02 12:41:45]   Subject 53 Fold 2 seed: 5344
[2026-04-02 12:41:45]   Subject 53 Fold 2: n_train=64 n_val=16 n_test=20
[2026-04-02 12:41:45]     Train class counts: [16, 16, 16, 16]
[2026-04-02 12:41:45]     Val class counts:   [4, 4, 4, 4]
[2026-04-02 12:41:45]     Test class counts:  [5, 5, 5, 5]
[2026-04-02 12:41:45] Building model with input window duration: 4.1875 s
[2026-04-02 12:41:45] Pretrained weight loading:
[2026-04-02 12:41:45]   Downloaded keys:        179
[2026-04-02 12:41:45]   Filtered (transformer): 172
[2026-04-02 12:41:45]   Filtered (pos_encoder): 0
[2026-04-02 12:41:45]   Keys to load:           7
[2026-04-02 12:41:45]   Missing keys:           4
[2026-04-02 12:41:45]   Unexpected keys:        0
[2026-04-02 12:41:45]   Missing preview:        ['spatial_conv.1.weight', 'spatial_conv.1.bias', 'final_layer.1.weight', 'final_layer.1.bias']
[2026-04-02 12:41:45]   Unexpected preview:     []
[2026-04-02 12:41:45] Encoder freeze configuration:
[2026-04-02 12:41:45]   Total parameters:        18,192
[2026-04-02 12:41:45]   Trainable parameters:    4,352
[2026-04-02 12:41:45]   Training percentage:     23.9%
[2026-04-02 12:41:45]   Trainable layers: 4
[2026-04-02 12:41:45]     - final_layer.1.bias
[2026-04-02 12:41:45]     - final_layer.1.weight
[2026-04-02 12:41:45]     - spatial_conv.1.bias
[2026-04-02 12:41:45]     - spatial_conv.1.weight
[2026-04-02 12:41:45]     Train generator seeded: True
[2026-04-02 12:41:53]     Stopped epoch:            963
[2026-04-02 12:41:53]     Best epoch (valid_loss):  913
[2026-04-02 12:41:53]     Best valid_loss:          0.6011089086532593
[2026-04-02 12:41:53]     Test accuracy (primary):  1.0000
[2026-04-02 12:41:53]     Test balanced acc:        1.0000
[2026-04-02 12:41:53]     Confusion matrix:         [[5, 0, 0, 0], [0, 5, 0, 0], [0, 0, 5, 0], [0, 0, 0, 5]]
[2026-04-02 12:41:53]     Prediction histogram:     [5, 5, 5, 5]
[2026-04-02 12:41:53]     fold_acc=1.0000 fold_bal_acc=1.0000 cm=[[5, 0, 0, 0], [0, 5, 0, 0], [0, 0, 5, 0], [0, 0, 0, 5]]
[2026-04-02 12:41:53]   Subject 53 Fold 3 seed: 5345
[2026-04-02 12:41:53]   Subject 53 Fold 3: n_train=64 n_val=16 n_test=20
[2026-04-02 12:41:53]     Train class counts: [16, 16, 16, 16]
[2026-04-02 12:41:53]     Val class counts:   [4, 4, 4, 4]
[2026-04-02 12:41:53]     Test class counts:  [5, 5, 5, 5]
[2026-04-02 12:41:53] Building model with input window duration: 4.1875 s
[2026-04-02 12:41:53] Pretrained weight loading:
[2026-04-02 12:41:53]   Downloaded keys:        179
[2026-04-02 12:41:53]   Filtered (transformer): 172
[2026-04-02 12:41:53]   Filtered (pos_encoder): 0
[2026-04-02 12:41:53]   Keys to load:           7
[2026-04-02 12:41:53]   Missing keys:           4
[2026-04-02 12:41:53]   Unexpected keys:        0
[2026-04-02 12:41:53]   Missing preview:        ['spatial_conv.1.weight', 'spatial_conv.1.bias', 'final_layer.1.weight', 'final_layer.1.bias']
[2026-04-02 12:41:53]   Unexpected preview:     []
[2026-04-02 12:41:53] Encoder freeze configuration:
[2026-04-02 12:41:53]   Total parameters:        18,192
[2026-04-02 12:41:53]   Trainable parameters:    4,352
[2026-04-02 12:41:53]   Training percentage:     23.9%
[2026-04-02 12:41:53]   Trainable layers: 4
[2026-04-02 12:41:53]     - final_layer.1.bias
[2026-04-02 12:41:53]     - final_layer.1.weight
[2026-04-02 12:41:53]     - spatial_conv.1.bias
[2026-04-02 12:41:53]     - spatial_conv.1.weight
[2026-04-02 12:41:53]     Train generator seeded: True
[2026-04-02 12:42:05]     Stopped epoch:            1407
[2026-04-02 12:42:05]     Best epoch (valid_loss):  1357
[2026-04-02 12:42:05]     Best valid_loss:          0.386929452419281
[2026-04-02 12:42:05]     Test accuracy (primary):  0.9500
[2026-04-02 12:42:05]     Test balanced acc:        0.9500
[2026-04-02 12:42:05]     Confusion matrix:         [[5, 0, 0, 0], [0, 5, 0, 0], [0, 0, 5, 0], [0, 1, 0, 4]]
[2026-04-02 12:42:05]     Prediction histogram:     [5, 6, 5, 4]
[2026-04-02 12:42:05]     fold_acc=0.9500 fold_bal_acc=0.9500 cm=[[5, 0, 0, 0], [0, 5, 0, 0], [0, 0, 5, 0], [0, 1, 0, 4]]
[2026-04-02 12:42:05]   Subject 53 Fold 4 seed: 5346
[2026-04-02 12:42:05]   Subject 53 Fold 4: n_train=64 n_val=16 n_test=20
[2026-04-02 12:42:05]     Train class counts: [16, 16, 16, 16]
[2026-04-02 12:42:05]     Val class counts:   [4, 4, 4, 4]
[2026-04-02 12:42:05]     Test class counts:  [5, 5, 5, 5]
[2026-04-02 12:42:05] Building model with input window duration: 4.1875 s
[2026-04-02 12:42:05] Pretrained weight loading:
[2026-04-02 12:42:05]   Downloaded keys:        179
[2026-04-02 12:42:05]   Filtered (transformer): 172
[2026-04-02 12:42:05]   Filtered (pos_encoder): 0
[2026-04-02 12:42:05]   Keys to load:           7
[2026-04-02 12:42:05]   Missing keys:           4
[2026-04-02 12:42:05]   Unexpected keys:        0
[2026-04-02 12:42:05]   Missing preview:        ['spatial_conv.1.weight', 'spatial_conv.1.bias', 'final_layer.1.weight', 'final_layer.1.bias']
[2026-04-02 12:42:05]   Unexpected preview:     []
[2026-04-02 12:42:05] Encoder freeze configuration:
[2026-04-02 12:42:05]   Total parameters:        18,192
[2026-04-02 12:42:05]   Trainable parameters:    4,352
[2026-04-02 12:42:05]   Training percentage:     23.9%
[2026-04-02 12:42:05]   Trainable layers: 4
[2026-04-02 12:42:05]     - final_layer.1.bias
[2026-04-02 12:42:05]     - final_layer.1.weight
[2026-04-02 12:42:05]     - spatial_conv.1.bias
[2026-04-02 12:42:05]     - spatial_conv.1.weight
[2026-04-02 12:42:05]     Train generator seeded: True
[2026-04-02 12:42:50]     Stopped epoch:            5000
[2026-04-02 12:42:50]     Best epoch (valid_loss):  4993
[2026-04-02 12:42:50]     Best valid_loss:          0.020523738116025925
[2026-04-02 12:42:50]     Test accuracy (primary):  1.0000
[2026-04-02 12:42:50]     Test balanced acc:        1.0000
[2026-04-02 12:42:50]     Confusion matrix:         [[5, 0, 0, 0], [0, 5, 0, 0], [0, 0, 5, 0], [0, 0, 0, 5]]
[2026-04-02 12:42:50]     Prediction histogram:     [5, 5, 5, 5]
[2026-04-02 12:42:50]     fold_acc=1.0000 fold_bal_acc=1.0000 cm=[[5, 0, 0, 0], [0, 5, 0, 0], [0, 0, 5, 0], [0, 0, 0, 5]]
[2026-04-02 12:42:50]   Subject 53 Fold 5 seed: 5347
[2026-04-02 12:42:50]   Subject 53 Fold 5: n_train=64 n_val=16 n_test=20
[2026-04-02 12:42:50]     Train class counts: [16, 16, 16, 16]
[2026-04-02 12:42:50]     Val class counts:   [4, 4, 4, 4]
[2026-04-02 12:42:50]     Test class counts:  [5, 5, 5, 5]
[2026-04-02 12:42:50] Building model with input window duration: 4.1875 s
[2026-04-02 12:42:50] Pretrained weight loading:
[2026-04-02 12:42:50]   Downloaded keys:        179
[2026-04-02 12:42:50]   Filtered (transformer): 172
[2026-04-02 12:42:50]   Filtered (pos_encoder): 0
[2026-04-02 12:42:50]   Keys to load:           7
[2026-04-02 12:42:50]   Missing keys:           4
[2026-04-02 12:42:50]   Unexpected keys:        0
[2026-04-02 12:42:50]   Missing preview:        ['spatial_conv.1.weight', 'spatial_conv.1.bias', 'final_layer.1.weight', 'final_layer.1.bias']
[2026-04-02 12:42:50]   Unexpected preview:     []
[2026-04-02 12:42:50] Encoder freeze configuration:
[2026-04-02 12:42:50]   Total parameters:        18,192
[2026-04-02 12:42:50]   Trainable parameters:    4,352
[2026-04-02 12:42:50]   Training percentage:     23.9%
[2026-04-02 12:42:50]   Trainable layers: 4
[2026-04-02 12:42:50]     - final_layer.1.bias
[2026-04-02 12:42:50]     - final_layer.1.weight
[2026-04-02 12:42:50]     - spatial_conv.1.bias
[2026-04-02 12:42:50]     - spatial_conv.1.weight
[2026-04-02 12:42:50]     Train generator seeded: True
[2026-04-02 12:43:29]     Stopped epoch:            4400
[2026-04-02 12:43:29]     Best epoch (valid_loss):  4350
[2026-04-02 12:43:29]     Best valid_loss:          0.17073498666286469
[2026-04-02 12:43:29]     Test accuracy (primary):  0.9000
[2026-04-02 12:43:29]     Test balanced acc:        0.9000
[2026-04-02 12:43:29]     Confusion matrix:         [[4, 0, 1, 0], [0, 4, 1, 0], [0, 0, 5, 0], [0, 0, 0, 5]]
[2026-04-02 12:43:29]     Prediction histogram:     [4, 4, 7, 5]
[2026-04-02 12:43:29]     fold_acc=0.9000 fold_bal_acc=0.9000 cm=[[4, 0, 1, 0], [0, 4, 1, 0], [0, 0, 5, 0], [0, 0, 0, 5]]
[2026-04-02 12:43:29]   Subject 53 mean accuracy: 0.9600

[2026-04-02 12:43:29] Subject 54: 100 windows class_counts=[25, 25, 25, 25]
[2026-04-02 12:43:29]   Fold 1 split seed: 43
[2026-04-02 12:43:29]   Fold 1 split class counts:
[2026-04-02 12:43:29]     train=[16, 16, 16, 16] val=[4, 4, 4, 4] test=[5, 5, 5, 5]
[2026-04-02 12:43:29]   Fold 2 split seed: 44
[2026-04-02 12:43:29]   Fold 2 split class counts:
[2026-04-02 12:43:29]     train=[16, 16, 16, 16] val=[4, 4, 4, 4] test=[5, 5, 5, 5]
[2026-04-02 12:43:29]   Fold 3 split seed: 45
[2026-04-02 12:43:29]   Fold 3 split class counts:
[2026-04-02 12:43:29]     train=[16, 16, 16, 16] val=[4, 4, 4, 4] test=[5, 5, 5, 5]
[2026-04-02 12:43:29]   Fold 4 split seed: 46
[2026-04-02 12:43:29]   Fold 4 split class counts:
[2026-04-02 12:43:29]     train=[16, 16, 16, 16] val=[4, 4, 4, 4] test=[5, 5, 5, 5]
[2026-04-02 12:43:29]   Fold 5 split seed: 47
[2026-04-02 12:43:29]   Fold 5 split class counts:
[2026-04-02 12:43:29]     train=[16, 16, 16, 16] val=[4, 4, 4, 4] test=[5, 5, 5, 5]
[2026-04-02 12:43:29]   Subject 54 Fold 1 seed: 5443
[2026-04-02 12:43:29]   Subject 54 Fold 1: n_train=64 n_val=16 n_test=20
[2026-04-02 12:43:29]     Train class counts: [16, 16, 16, 16]
[2026-04-02 12:43:29]     Val class counts:   [4, 4, 4, 4]
[2026-04-02 12:43:29]     Test class counts:  [5, 5, 5, 5]
[2026-04-02 12:43:29] Building model with input window duration: 4.1875 s
[2026-04-02 12:43:29] Pretrained weight loading:
[2026-04-02 12:43:29]   Downloaded keys:        179
[2026-04-02 12:43:29]   Filtered (transformer): 172
[2026-04-02 12:43:29]   Filtered (pos_encoder): 0
[2026-04-02 12:43:29]   Keys to load:           7
[2026-04-02 12:43:29]   Missing keys:           4
[2026-04-02 12:43:29]   Unexpected keys:        0
[2026-04-02 12:43:29]   Missing preview:        ['spatial_conv.1.weight', 'spatial_conv.1.bias', 'final_layer.1.weight', 'final_layer.1.bias']
[2026-04-02 12:43:29]   Unexpected preview:     []
[2026-04-02 12:43:29] Encoder freeze configuration:
[2026-04-02 12:43:29]   Total parameters:        18,192
[2026-04-02 12:43:29]   Trainable parameters:    4,352
[2026-04-02 12:43:29]   Training percentage:     23.9%
[2026-04-02 12:43:29]   Trainable layers: 4
[2026-04-02 12:43:29]     - final_layer.1.bias
[2026-04-02 12:43:29]     - final_layer.1.weight
[2026-04-02 12:43:29]     - spatial_conv.1.bias
[2026-04-02 12:43:29]     - spatial_conv.1.weight
[2026-04-02 12:43:29]     Train generator seeded: True
[2026-04-02 12:43:37]     Stopped epoch:            937
[2026-04-02 12:43:37]     Best epoch (valid_loss):  887
[2026-04-02 12:43:37]     Best valid_loss:          0.8698714375495911
[2026-04-02 12:43:37]     Test accuracy (primary):  0.5000
[2026-04-02 12:43:37]     Test balanced acc:        0.5000
[2026-04-02 12:43:37]     Confusion matrix:         [[5, 0, 0, 0], [0, 1, 1, 3], [1, 3, 1, 0], [1, 0, 1, 3]]
[2026-04-02 12:43:37]     Prediction histogram:     [7, 4, 3, 6]
[2026-04-02 12:43:37]     fold_acc=0.5000 fold_bal_acc=0.5000 cm=[[5, 0, 0, 0], [0, 1, 1, 3], [1, 3, 1, 0], [1, 0, 1, 3]]
[2026-04-02 12:43:37]   Subject 54 Fold 2 seed: 5444
[2026-04-02 12:43:37]   Subject 54 Fold 2: n_train=64 n_val=16 n_test=20
[2026-04-02 12:43:37]     Train class counts: [16, 16, 16, 16]
[2026-04-02 12:43:37]     Val class counts:   [4, 4, 4, 4]
[2026-04-02 12:43:37]     Test class counts:  [5, 5, 5, 5]
[2026-04-02 12:43:37] Building model with input window duration: 4.1875 s
[2026-04-02 12:43:37] Pretrained weight loading:
[2026-04-02 12:43:37]   Downloaded keys:        179
[2026-04-02 12:43:37]   Filtered (transformer): 172
[2026-04-02 12:43:37]   Filtered (pos_encoder): 0
[2026-04-02 12:43:37]   Keys to load:           7
[2026-04-02 12:43:37]   Missing keys:           4
[2026-04-02 12:43:37]   Unexpected keys:        0
[2026-04-02 12:43:37]   Missing preview:        ['spatial_conv.1.weight', 'spatial_conv.1.bias', 'final_layer.1.weight', 'final_layer.1.bias']
[2026-04-02 12:43:37]   Unexpected preview:     []
[2026-04-02 12:43:37] Encoder freeze configuration:
[2026-04-02 12:43:37]   Total parameters:        18,192
[2026-04-02 12:43:37]   Trainable parameters:    4,352
[2026-04-02 12:43:37]   Training percentage:     23.9%
[2026-04-02 12:43:37]   Trainable layers: 4
[2026-04-02 12:43:37]     - final_layer.1.bias
[2026-04-02 12:43:37]     - final_layer.1.weight
[2026-04-02 12:43:37]     - spatial_conv.1.bias
[2026-04-02 12:43:37]     - spatial_conv.1.weight
[2026-04-02 12:43:37]     Train generator seeded: True
[2026-04-02 12:43:48]     Stopped epoch:            1178
[2026-04-02 12:43:48]     Best epoch (valid_loss):  1128
[2026-04-02 12:43:48]     Best valid_loss:          0.6355850696563721
[2026-04-02 12:43:48]     Test accuracy (primary):  0.7500
[2026-04-02 12:43:48]     Test balanced acc:        0.7500
[2026-04-02 12:43:48]     Confusion matrix:         [[5, 0, 0, 0], [1, 3, 1, 0], [0, 0, 4, 1], [0, 1, 1, 3]]
[2026-04-02 12:43:48]     Prediction histogram:     [6, 4, 6, 4]
[2026-04-02 12:43:48]     fold_acc=0.7500 fold_bal_acc=0.7500 cm=[[5, 0, 0, 0], [1, 3, 1, 0], [0, 0, 4, 1], [0, 1, 1, 3]]
[2026-04-02 12:43:48]   Subject 54 Fold 3 seed: 5445
[2026-04-02 12:43:48]   Subject 54 Fold 3: n_train=64 n_val=16 n_test=20
[2026-04-02 12:43:48]     Train class counts: [16, 16, 16, 16]
[2026-04-02 12:43:48]     Val class counts:   [4, 4, 4, 4]
[2026-04-02 12:43:48]     Test class counts:  [5, 5, 5, 5]
[2026-04-02 12:43:48] Building model with input window duration: 4.1875 s
[2026-04-02 12:43:48] Pretrained weight loading:
[2026-04-02 12:43:48]   Downloaded keys:        179
[2026-04-02 12:43:48]   Filtered (transformer): 172
[2026-04-02 12:43:48]   Filtered (pos_encoder): 0
[2026-04-02 12:43:48]   Keys to load:           7
[2026-04-02 12:43:48]   Missing keys:           4
[2026-04-02 12:43:48]   Unexpected keys:        0
[2026-04-02 12:43:48]   Missing preview:        ['spatial_conv.1.weight', 'spatial_conv.1.bias', 'final_layer.1.weight', 'final_layer.1.bias']
[2026-04-02 12:43:48]   Unexpected preview:     []
[2026-04-02 12:43:48] Encoder freeze configuration:
[2026-04-02 12:43:48]   Total parameters:        18,192
[2026-04-02 12:43:48]   Trainable parameters:    4,352
[2026-04-02 12:43:48]   Training percentage:     23.9%
[2026-04-02 12:43:48]   Trainable layers: 4
[2026-04-02 12:43:48]     - final_layer.1.bias
[2026-04-02 12:43:48]     - final_layer.1.weight
[2026-04-02 12:43:48]     - spatial_conv.1.bias
[2026-04-02 12:43:48]     - spatial_conv.1.weight
[2026-04-02 12:43:48]     Train generator seeded: True
[2026-04-02 12:44:02]     Stopped epoch:            1590
[2026-04-02 12:44:02]     Best epoch (valid_loss):  1540
[2026-04-02 12:44:02]     Best valid_loss:          0.5625332593917847
[2026-04-02 12:44:02]     Test accuracy (primary):  0.8500
[2026-04-02 12:44:02]     Test balanced acc:        0.8500
[2026-04-02 12:44:02]     Confusion matrix:         [[4, 0, 1, 0], [0, 4, 0, 1], [0, 1, 4, 0], [0, 0, 0, 5]]
[2026-04-02 12:44:02]     Prediction histogram:     [4, 5, 5, 6]
[2026-04-02 12:44:02]     fold_acc=0.8500 fold_bal_acc=0.8500 cm=[[4, 0, 1, 0], [0, 4, 0, 1], [0, 1, 4, 0], [0, 0, 0, 5]]
[2026-04-02 12:44:02]   Subject 54 Fold 4 seed: 5446
[2026-04-02 12:44:02]   Subject 54 Fold 4: n_train=64 n_val=16 n_test=20
[2026-04-02 12:44:02]     Train class counts: [16, 16, 16, 16]
[2026-04-02 12:44:02]     Val class counts:   [4, 4, 4, 4]
[2026-04-02 12:44:02]     Test class counts:  [5, 5, 5, 5]
[2026-04-02 12:44:02] Building model with input window duration: 4.1875 s
[2026-04-02 12:44:02] Pretrained weight loading:
[2026-04-02 12:44:02]   Downloaded keys:        179
[2026-04-02 12:44:02]   Filtered (transformer): 172
[2026-04-02 12:44:02]   Filtered (pos_encoder): 0
[2026-04-02 12:44:02]   Keys to load:           7
[2026-04-02 12:44:02]   Missing keys:           4
[2026-04-02 12:44:02]   Unexpected keys:        0
[2026-04-02 12:44:02]   Missing preview:        ['spatial_conv.1.weight', 'spatial_conv.1.bias', 'final_layer.1.weight', 'final_layer.1.bias']
[2026-04-02 12:44:02]   Unexpected preview:     []
[2026-04-02 12:44:02] Encoder freeze configuration:
[2026-04-02 12:44:02]   Total parameters:        18,192
[2026-04-02 12:44:02]   Trainable parameters:    4,352
[2026-04-02 12:44:02]   Training percentage:     23.9%
[2026-04-02 12:44:02]   Trainable layers: 4
[2026-04-02 12:44:02]     - final_layer.1.bias
[2026-04-02 12:44:02]     - final_layer.1.weight
[2026-04-02 12:44:02]     - spatial_conv.1.bias
[2026-04-02 12:44:02]     - spatial_conv.1.weight
[2026-04-02 12:44:02]     Train generator seeded: True
[2026-04-02 12:44:20]     Stopped epoch:            2114
[2026-04-02 12:44:20]     Best epoch (valid_loss):  2064
[2026-04-02 12:44:20]     Best valid_loss:          0.630684494972229
[2026-04-02 12:44:20]     Test accuracy (primary):  0.5500
[2026-04-02 12:44:20]     Test balanced acc:        0.5500
[2026-04-02 12:44:20]     Confusion matrix:         [[5, 0, 0, 0], [1, 2, 1, 1], [0, 1, 1, 3], [1, 1, 0, 3]]
[2026-04-02 12:44:20]     Prediction histogram:     [7, 4, 2, 7]
[2026-04-02 12:44:20]     fold_acc=0.5500 fold_bal_acc=0.5500 cm=[[5, 0, 0, 0], [1, 2, 1, 1], [0, 1, 1, 3], [1, 1, 0, 3]]
[2026-04-02 12:44:20]   Subject 54 Fold 5 seed: 5447
[2026-04-02 12:44:20]   Subject 54 Fold 5: n_train=64 n_val=16 n_test=20
[2026-04-02 12:44:20]     Train class counts: [16, 16, 16, 16]
[2026-04-02 12:44:20]     Val class counts:   [4, 4, 4, 4]
[2026-04-02 12:44:20]     Test class counts:  [5, 5, 5, 5]
[2026-04-02 12:44:20] Building model with input window duration: 4.1875 s
[2026-04-02 12:44:20] Pretrained weight loading:
[2026-04-02 12:44:20]   Downloaded keys:        179
[2026-04-02 12:44:20]   Filtered (transformer): 172
[2026-04-02 12:44:20]   Filtered (pos_encoder): 0
[2026-04-02 12:44:20]   Keys to load:           7
[2026-04-02 12:44:20]   Missing keys:           4
[2026-04-02 12:44:20]   Unexpected keys:        0
[2026-04-02 12:44:20]   Missing preview:        ['spatial_conv.1.weight', 'spatial_conv.1.bias', 'final_layer.1.weight', 'final_layer.1.bias']
[2026-04-02 12:44:20]   Unexpected preview:     []
[2026-04-02 12:44:20] Encoder freeze configuration:
[2026-04-02 12:44:20]   Total parameters:        18,192
[2026-04-02 12:44:20]   Trainable parameters:    4,352
[2026-04-02 12:44:20]   Training percentage:     23.9%
[2026-04-02 12:44:20]   Trainable layers: 4
[2026-04-02 12:44:20]     - final_layer.1.bias
[2026-04-02 12:44:20]     - final_layer.1.weight
[2026-04-02 12:44:20]     - spatial_conv.1.bias
[2026-04-02 12:44:20]     - spatial_conv.1.weight
[2026-04-02 12:44:20]     Train generator seeded: True
[2026-04-02 12:44:21]     Stopped epoch:            51
[2026-04-02 12:44:21]     Best epoch (valid_loss):  1
[2026-04-02 12:44:21]     Best valid_loss:          1.3853840827941895
[2026-04-02 12:44:21]     Test accuracy (primary):  0.2500
[2026-04-02 12:44:21]     Test balanced acc:        0.2500
[2026-04-02 12:44:21]     Confusion matrix:         [[0, 0, 1, 4], [0, 0, 1, 4], [1, 0, 0, 4], [0, 0, 0, 5]]
[2026-04-02 12:44:21]     Prediction histogram:     [1, 0, 2, 17]
[2026-04-02 12:44:21]     fold_acc=0.2500 fold_bal_acc=0.2500 cm=[[0, 0, 1, 4], [0, 0, 1, 4], [1, 0, 0, 4], [0, 0, 0, 5]]
[2026-04-02 12:44:21]   Subject 54 mean accuracy: 0.5800

[2026-04-02 12:44:21] Total folds completed: 30
[2026-04-02 12:44:21] ======================================================================
[2026-04-02 12:44:21] AGGREGATED RESULTS
[2026-04-02 12:44:21] ======================================================================
[2026-04-02 12:44:21]   Subject 48:  acc=0.9600±0.0583  bal_acc=0.9600±0.0583
[2026-04-02 12:44:21]   Subject 49:  acc=0.8600±0.0583  bal_acc=0.8600±0.0583
[2026-04-02 12:44:21]   Subject 50:  acc=0.9100±0.0583  bal_acc=0.9100±0.0583
[2026-04-02 12:44:21]   Subject 52:  acc=0.9800±0.0245  bal_acc=0.9800±0.0245
[2026-04-02 12:44:21]   Subject 53:  acc=0.9600±0.0374  bal_acc=0.9600±0.0374
[2026-04-02 12:44:21]   Subject 54:  acc=0.5800±0.2088  bal_acc=0.5800±0.2088
[2026-04-02 12:44:21] ----------------------------------------------------------------------
[2026-04-02 12:44:21]   OVERALL:      acc=0.8750±0.1682  bal_acc=0.8750±0.1682
[2026-04-02 12:44:21] ======================================================================
[2026-04-02 12:44:21] CV results saved to:      /home/vegorov/Repos/eeg_jepa_research/artifacts/lee-2019-fine-tuning/SSVEP/20260402_1231_c4ae734d/cv_results.json
[2026-04-02 12:44:21] Subject metrics saved to: /home/vegorov/Repos/eeg_jepa_research/artifacts/lee-2019-fine-tuning/SSVEP/20260402_1231_c4ae734d/subject_metrics.json
[2026-04-02 12:44:21] Global metrics saved to:  /home/vegorov/Repos/eeg_jepa_research/artifacts/lee-2019-fine-tuning/SSVEP/20260402_1231_c4ae734d/global_metrics.json
[2026-04-02 12:44:21] Run metadata saved to:    /home/vegorov/Repos/eeg_jepa_research/artifacts/lee-2019-fine-tuning/SSVEP/20260402_1231_c4ae734d/run_metadata.json

[2026-04-02 12:44:21] All artifacts in: /home/vegorov/Repos/eeg_jepa_research/artifacts/lee-2019-fine-tuning/SSVEP/20260402_1231_c4ae734d

[2026-04-02 12:44:21] ======================================================================
[2026-04-02 12:44:21] EXPERIMENT SUMMARY
[2026-04-02 12:44:21] ======================================================================
[2026-04-02 12:44:21] Run ID:    20260402_1231_c4ae734d
[2026-04-02 12:44:21] Artifacts: /home/vegorov/Repos/eeg_jepa_research/artifacts/lee-2019-fine-tuning/SSVEP/20260402_1231_c4ae734d

[2026-04-02 12:44:21] Configuration:
[2026-04-02 12:44:21]   Subjects:          [48, 49, 50, 52, 53, 54]
[2026-04-02 12:44:21]   Bandpass:          0.5-40.0 Hz
[2026-04-02 12:44:21]   Resample:          128 Hz
[2026-04-02 12:44:21]   CV folds:          5
[2026-04-02 12:44:21]   Learning rate:     0.001
[2026-04-02 12:44:21]   Batch size:        32
[2026-04-02 12:44:21]   Max epochs:        5000

[2026-04-02 12:44:21] Results:
[2026-04-02 12:44:21]   Mean Accuracy:          0.8750 ± 0.1682
[2026-04-02 12:44:21]   Mean Balanced Accuracy: 0.8750 ± 0.1682
