[2026-04-16 12:30:11] Logger initialized.
[2026-04-16 12:30:11] ======================================================================
[2026-04-16 12:30:11] CONFIGURATION
[2026-04-16 12:30:11] ======================================================================
[2026-04-16 12:30:11]   annotate_missing: False
[2026-04-16 12:30:11]   artifact_dir: /Users/vadim/Documents/School/Spring 2026/CSCE A698 Individual Research/EEG_JEPA/downstream_comparisons
[2026-04-16 12:30:11]   bar_width: 0.06
[2026-04-16 12:30:11]   dataset_label_fontsize: 15
[2026-04-16 12:30:11]   fig_height_per_paradigm: 3
[2026-04-16 12:30:11]   fig_width: 12
[2026-04-16 12:30:11]   group_gap: 1
[2026-04-16 12:30:11]   legend_fontsize: 13
[2026-04-16 12:30:11]   save_figures: True
[2026-04-16 12:30:11]   save_tables: False
[2026-04-16 12:30:11]   x_tick_fontsize: 13
[2026-04-16 12:30:11]   y_label_fontsize: 15
[2026-04-16 12:30:11]   y_tick_fontsize: 13
[2026-04-16 12:30:11] ======================================================================
[2026-04-16 12:30:11] Config saved to: /Users/vadim/Documents/School/Spring 2026/CSCE A698 Individual Research/EEG_JEPA/downstream_comparisons/20260416_1230_project_comparison_f0225067/config.json
[2026-04-16 12:30:11] load_metrics defined.
[2026-04-16 12:30:11] Grid-building helpers defined.

[2026-04-16 12:30:11] Building full expected grid and merging loaded results...

[2026-04-16 12:30:11] Expected combinations (full grid): 180  (3 paradigms × 6 schemes × 10 pretraining)
[2026-04-16 12:30:11] Successfully loaded: 13
[2026-04-16 12:30:11] Missing / invalid:   167

[2026-04-16 12:30:11] ======================================================================
[2026-04-16 12:30:11] SUCCESSFULLY LOADED RESULTS
[2026-04-16 12:30:11] ======================================================================
[2026-04-16 12:30:11] paradigm       ft_scheme pretraining  metric_value   metric_std status
     ERP  new-contextual     16s-60%      0.833333 1.110223e-16     ok
     ERP  new-post-local     16s-60%      0.878608 2.022713e-02     ok
     ERP   new-pre-local     16s-60%      0.893831 2.402570e-02     ok
   SSVEP full-post-local     16s-60%      0.696429 2.176287e-01     ok
   SSVEP  full-pre-local     16s-60%      0.898571 1.514151e-01     ok
   SSVEP  new-contextual     16s-60%      0.250000 0.000000e+00     ok
   SSVEP  new-post-local     16s-60%      0.536429 1.969720e-01     ok
   SSVEP   new-pre-local     16s-60%      0.917857 1.205007e-01     ok
      MI full-post-local     16s-60%      0.572143 7.832429e-02     ok
      MI  full-pre-local     16s-60%      0.569286 9.730029e-02     ok
      MI  new-contextual     16s-60%      0.500000 0.000000e+00     ok
      MI  new-post-local     16s-60%      0.540000 6.923046e-02     ok
      MI   new-pre-local     16s-60%      0.549286 8.334218e-02     ok

[2026-04-16 12:30:11] ======================================================================
[2026-04-16 12:30:11] MISSING OR INVALID RESULTS  (all expected positions without loaded data)
[2026-04-16 12:30:11] ======================================================================

[2026-04-16 12:30:11] Not-yet-configured (path = None): 167 combinations
[2026-04-16 12:30:11]   ERP: 57 not configured
[2026-04-16 12:30:11]   SSVEP: 55 not configured
[2026-04-16 12:30:11]   MI: 55 not configured

[2026-04-16 12:30:11] ======================================================================
[2026-04-16 12:30:11] COVERAGE SUMMARY
[2026-04-16 12:30:11] ======================================================================

[2026-04-16 12:30:11] By Paradigm:
[2026-04-16 12:30:11]   ERP     :   3 /  60 loaded
[2026-04-16 12:30:11]   SSVEP   :   5 /  60 loaded
[2026-04-16 12:30:11]   MI      :   5 /  60 loaded

[2026-04-16 12:30:11] By Fine-tuning Scheme:
[2026-04-16 12:30:11]   full-contextual     :   0 /  30 loaded
[2026-04-16 12:30:11]   full-post-local     :   2 /  30 loaded
[2026-04-16 12:30:11]   full-pre-local      :   2 /  30 loaded
[2026-04-16 12:30:11]   new-contextual      :   3 /  30 loaded
[2026-04-16 12:30:11]   new-post-local      :   3 /  30 loaded
[2026-04-16 12:30:11]   new-pre-local       :   3 /  30 loaded

[2026-04-16 12:30:11] By Pretraining Checkpoint:
[2026-04-16 12:30:11]   1s-40%         :   0 /  18 loaded
[2026-04-16 12:30:11]   1s-60%         :   0 /  18 loaded
[2026-04-16 12:30:11]   1s-80%         :   0 /  18 loaded
[2026-04-16 12:30:11]   4s-40%         :   0 /  18 loaded
[2026-04-16 12:30:11]   4s-60%         :   0 /  18 loaded
[2026-04-16 12:30:11]   4s-80%         :   0 /  18 loaded
[2026-04-16 12:30:11]   16s-40%        :   0 /  18 loaded
[2026-04-16 12:30:11]   16s-60%        :  13 /  18 loaded
[2026-04-16 12:30:11]   16s-80%        :   0 /  18 loaded
[2026-04-16 12:30:11]   no-pre-training:   0 /  18 loaded

[2026-04-16 12:30:11] Paper-style plot helpers defined.
[2026-04-16 12:30:11]   Group centers : [0.  1.6 3.2 4.8 6.4 8. ]
[2026-04-16 12:30:11]   Bar width     : 0.06
[2026-04-16 12:30:11]   Group span    : 0.60

[2026-04-16 12:30:11] Paper-style comparison figure created.
[2026-04-16 12:30:12] Figure saved:
[2026-04-16 12:30:12]   - PNG: /Users/vadim/Documents/School/Spring 2026/CSCE A698 Individual Research/EEG_JEPA/downstream_comparisons/20260416_1230_project_comparison_f0225067/comparison_plot.png
[2026-04-16 12:30:12]   - PDF: /Users/vadim/Documents/School/Spring 2026/CSCE A698 Individual Research/EEG_JEPA/downstream_comparisons/20260416_1230_project_comparison_f0225067/comparison_plot.pdf
[2026-04-16 12:30:12] Table saving disabled in CONFIG.
[2026-04-16 12:30:12] Summary saved to: /Users/vadim/Documents/School/Spring 2026/CSCE A698 Individual Research/EEG_JEPA/downstream_comparisons/20260416_1230_project_comparison_f0225067/summary.json

[2026-04-16 12:30:12] Run ID: 20260416_1230_project_comparison_f0225067
[2026-04-16 12:30:12] Artifact Directory: /Users/vadim/Documents/School/Spring 2026/CSCE A698 Individual Research/EEG_JEPA/downstream_comparisons/20260416_1230_project_comparison_f0225067

[2026-04-16 12:30:12] Grid dimensions: 3 paradigms × 6 FT schemes × 10 pretraining = 180 slots
[2026-04-16 12:30:12]   Successfully loaded : 13
[2026-04-16 12:30:12]   Missing / invalid   : 167

[2026-04-16 12:30:12] Coverage by Paradigm:
[2026-04-16 12:30:12]   ERP     :   3 /  60 (  5.0%)
[2026-04-16 12:30:12]   SSVEP   :   5 /  60 (  8.3%)
[2026-04-16 12:30:12]   MI      :   5 /  60 (  8.3%)

[2026-04-16 12:30:12] Generated Outputs:
[2026-04-16 12:30:12]   - comparison_plot.pdf                 (   16.8 KB)
[2026-04-16 12:30:12]   - comparison_plot.png                 (  135.2 KB)
[2026-04-16 12:30:12]   - config.json                         (    0.4 KB)
[2026-04-16 12:30:12]   - run.log                             (    6.6 KB)
[2026-04-16 12:30:12]   - summary.json                        (    1.2 KB)
