[2026-03-31 13:08:09] Using device: mps
[2026-03-31 13:08:09] Seed control enabled: True
[2026-03-31 13:08:09] Base seed: 3
[2026-03-31 13:08:10] Seed initialized: 3
[2026-03-31 13:08:10] ======================================================================
[2026-03-31 13:08:10] CONFIGURATION
[2026-03-31 13:08:10] ======================================================================
[2026-03-31 13:08:10]   artifact_dir: /Users/vadim/Documents/School/Spring 2026/CSCE A698 Individual Research/EEG_JEPA/artifacts/lee-2019-fine-tuning
[2026-03-31 13:08:10]   bandpass_high: 40.0
[2026-03-31 13:08:10]   bandpass_low: 0.5
[2026-03-31 13:08:10]   batch_size: 16
[2026-03-31 13:08:10]   convert_to_uV: True
[2026-03-31 13:08:10]   cv_folds: 5
[2026-03-31 13:08:10]   device: auto
[2026-03-31 13:08:10]   early_stopping_patience: 50
[2026-03-31 13:08:10]   learning_rate: 0.001
[2026-03-31 13:08:10]   n_epochs: 5000
[2026-03-31 13:08:10]   normalization_method: None
[2026-03-31 13:08:10]   normalize: False
[2026-03-31 13:08:10]   paradigm: SSVEP
[2026-03-31 13:08:10]   pretrained_url: https://huggingface.co/braindecode/SignalJEPA/resolve/main/signal-jepa_16s-60_adeuwv4s.pth
[2026-03-31 13:08:10]   seed: 3
[2026-03-31 13:08:10]   set_seed: True
[2026-03-31 13:08:10]   sfreq: 128
[2026-03-31 13:08:10]   subjects_to_use: [51]
[2026-03-31 13:08:10]   val_split: 0.2
[2026-03-31 13:08:10] ======================================================================
[2026-03-31 13:08:10] Config saved to: /Users/vadim/Documents/School/Spring 2026/CSCE A698 Individual Research/EEG_JEPA/artifacts/lee-2019-fine-tuning/SSVEP/20260331_1308_5c46bfc1/config.json
[2026-03-31 13:08:10] Epoch window configuration:
[2026-03-31 13:08:10]   Target sfreq:                128 Hz
[2026-03-31 13:08:10]   Target duration:             4.190000 s
[2026-03-31 13:08:10]   Window samples (rounded):    536
[2026-03-31 13:08:10]   Base trial samples (4.0 s):  512
[2026-03-31 13:08:10]   Trial stop offset samples:   24
[2026-03-31 13:08:10]   Effective window duration:   4.187500 s
[2026-03-31 13:08:10] Using specified subjects from config: [51]
[2026-03-31 13:08:10] Selected subjects: [51]
[2026-03-31 13:08:10] Expected evaluation folds: 5

[2026-03-31 13:08:10] Building MOABBDataset for Lee2019_SSVEP...
[2026-03-31 13:08:22] MOABBDataset recordings loaded: 2
[2026-03-31 13:08:22] Discovered annotation descriptions (first recording): [np.str_('12.0'), np.str_('5.45'), np.str_('6.67'), np.str_('8.57')]
[2026-03-31 13:08:22] Dataset event_id mapping: {'12.0': 1, '8.57': 2, '6.67': 3, '5.45': 4}
[2026-03-31 13:08:22] Label map (event_code -> class_index): {1: 0, 2: 1, 3: 2, 4: 3}
[2026-03-31 13:08:22] Applying Braindecode preprocessors to MOABBDataset...
[2026-03-31 13:08:31] Preprocessing complete.

[2026-03-31 13:08:31] Post-preprocessing validation
[2026-03-31 13:08:31]   Recordings in DATASET: 2
[2026-03-31 13:08:31]   Unique subject IDs:    ['51']
[2026-03-31 13:08:31]   sfreq (first rec):     128.0 Hz
[2026-03-31 13:08:31]   EEG channel count:     62
[2026-03-31 13:08:31]   First 10 channels:     ['Fp1', 'Fp2', 'F7', 'F3', 'Fz', 'F4', 'F8', 'FC5', 'FC1', 'FC2']
[2026-03-31 13:08:31] Channel consistency summary:
[2026-03-31 13:08:31]   Checked runs: 2
[2026-03-31 13:08:31]   Unique channel counts: [62]
[2026-03-31 13:08:31]   Channel order consistent: True
[2026-03-31 13:08:31] Validated EEG channels: 62
[2026-03-31 13:08:31] First 10 EEG channels: ['Fp1', 'Fp2', 'F7', 'F3', 'Fz', 'F4', 'F8', 'FC5', 'FC1', 'FC2']
[2026-03-31 13:08:31] raw mean_abs=6.206608e+00
[2026-03-31 13:08:31] raw std=2.712803e+01
[2026-03-31 13:08:31] raw first5 channel std= [30.27595633 56.56813395 13.75714116  8.89857459  7.91183515]
[2026-03-31 13:08:31] Requested window samples: 536
[2026-03-31 13:08:31] Base trial samples:       512
[2026-03-31 13:08:31] Stop offset samples:      24
[2026-03-31 13:08:31] Global class counts: [50, 50, 50, 50]
[2026-03-31 13:08:31] Chance level (4-class): 0.25
[2026-03-31 13:08:31] One window shape: (62, 536)
[2026-03-31 13:08:31] One window label: 2
[2026-03-31 13:08:31] Window sample length expected=536, got=536
[2026-03-31 13:08:31] Subjects in window split: [51]
[2026-03-31 13:08:31] Summarizing per-subject windows...
[2026-03-31 13:08:31]   Subject 51: n_windows=200, window_shape=(62, 536), class_counts=[50, 50, 50, 50]
[2026-03-31 13:08:31]    subject_id  n_windows  n_channels  n_times      class_counts
0          51        200          62      536  [50, 50, 50, 50]
[2026-03-31 13:08:31] Window validation summary:
[2026-03-31 13:08:31]   Subject 51: n_windows=200 class_counts=[50, 50, 50, 50]

[2026-03-31 13:08:31] Validated sampling rate target: 128 Hz
[2026-03-31 13:08:31] Validated window sample count:   536
[2026-03-31 13:08:31] Validated window duration:       4.1875 s
[2026-03-31 13:08:31] Validated channel count:         62
[2026-03-31 13:08:31] Total windows retained:          200
[2026-03-31 13:08:31] Preprocessing sanity checks:
[2026-03-31 13:08:31]   One sample label: 2
[2026-03-31 13:08:31]   One sample shape: (62, 536)
[2026-03-31 13:08:31]   Mean(abs(signal)): 7.808386e+00
[2026-03-31 13:08:31]   Mean(signal):      -1.469310e-08
[2026-03-31 13:08:31]   Std(signal):       1.102899e+01
[2026-03-31 13:08:31] Building model with input window duration: 4.1875 s
[2026-03-31 13:08:31] SignalJEPA_PreLocal instantiated successfully.
[2026-03-31 13:08:31]   Total parameters:     18,192
[2026-03-31 13:08:31]   Trainable parameters: 18,192
[2026-03-31 13:08:31] ======================================================================================================================================================
Layer (type (var_name):depth-idx)                  Input Shape               Output Shape              Param #                   Kernel Shape
======================================================================================================================================================
SignalJEPA_PreLocal (SignalJEPA_PreLocal)          [1, 62, 536]              [1, 4]                    --                        --
├─Sequential (spatial_conv): 1-1                   [1, 62, 536]              [1, 4, 536]               --                        --
│    └─Rearrange (0): 2-1                          [1, 62, 536]              [1, 1, 62, 536]           --                        --
│    └─Conv2d (1): 2-2                             [1, 1, 62, 536]           [1, 4, 1, 536]            252                       [62, 1]
│    └─Rearrange (2): 2-3                          [1, 4, 1, 536]            [1, 4, 536]               --                        --
├─_ConvFeatureEncoder (feature_encoder): 1-2       [1, 4, 536]               [1, 16, 64]               --                        --
│    └─Rearrange (0): 2-4                          [1, 4, 536]               [4, 1, 536]               --                        --
│    └─Sequential (1): 2-5                         [4, 1, 536]               [4, 8, 64]                --                        --
│    │    └─Conv1d (0): 3-1                        [4, 1, 536]               [4, 8, 64]                256                       [32]
│    │    └─Dropout (1): 3-2                       [4, 8, 64]                [4, 8, 64]                --                        --
│    │    └─GroupNorm (2): 3-3                     [4, 8, 64]                [4, 8, 64]                16                        --
│    │    └─GELU (3): 3-4                          [4, 8, 64]                [4, 8, 64]                --                        --
│    └─Sequential (2): 2-6                         [4, 8, 64]                [4, 16, 32]               --                        --
│    │    └─Conv1d (0): 3-5                        [4, 8, 64]                [4, 16, 32]               256                       [2]
│    │    └─Dropout (1): 3-6                       [4, 16, 32]               [4, 16, 32]               --                        --
│    │    └─GELU (2): 3-7                          [4, 16, 32]               [4, 16, 32]               --                        --
│    └─Sequential (3): 2-7                         [4, 16, 32]               [4, 32, 16]               --                        --
│    │    └─Conv1d (0): 3-8                        [4, 16, 32]               [4, 32, 16]               1,024                     [2]
│    │    └─Dropout (1): 3-9                       [4, 32, 16]               [4, 32, 16]               --                        --
│    │    └─GELU (2): 3-10                         [4, 32, 16]               [4, 32, 16]               --                        --
│    └─Sequential (4): 2-8                         [4, 32, 16]               [4, 64, 8]                --                        --
│    │    └─Conv1d (0): 3-11                       [4, 32, 16]               [4, 64, 8]                4,096                     [2]
│    │    └─Dropout (1): 3-12                      [4, 64, 8]                [4, 64, 8]                --                        --
│    │    └─GELU (2): 3-13                         [4, 64, 8]                [4, 64, 8]                --                        --
│    └─Sequential (5): 2-9                         [4, 64, 8]                [4, 64, 4]                --                        --
│    │    └─Conv1d (0): 3-14                       [4, 64, 8]                [4, 64, 4]                8,192                     [2]
│    │    └─Dropout (1): 3-15                      [4, 64, 4]                [4, 64, 4]                --                        --
│    │    └─GELU (2): 3-16                         [4, 64, 4]                [4, 64, 4]                --                        --
│    └─Rearrange (6): 2-10                         [4, 64, 4]                [1, 16, 64]               --                        --
├─Sequential (final_layer): 1-3                    [1, 16, 64]               [1, 4]                    --                        --
│    └─Flatten (0): 2-11                           [1, 16, 64]               [1, 1024]                 --                        --
│    └─Linear (1): 2-12                            [1, 1024]                 [1, 4]                    4,100                     --
======================================================================================================================================================
Total params: 18,192
Trainable params: 18,192
Non-trainable params: 0
Total mult-adds (Units.MEGABYTES): 0.57
======================================================================================================================================================
Input size (MB): 0.13
Forward/backward pass size (MB): 0.11
Params size (MB): 0.07
Estimated Total Size (MB): 0.31
======================================================================================================================================================
[2026-03-31 13:08:31] Initializing from 16s-60 pretrained checkpoint (Hugging Face):
[2026-03-31 13:08:31]   https://huggingface.co/braindecode/SignalJEPA/resolve/main/signal-jepa_16s-60_adeuwv4s.pth
[2026-03-31 13:08:31]   Downloaded 179 keys
[2026-03-31 13:08:31] ======================================================================
[2026-03-31 13:08:31] STARTING CROSS-VALIDATION
[2026-03-31 13:08:31] ======================================================================
[2026-03-31 13:08:31] Subjects:      [51]
[2026-03-31 13:08:31] CV folds:      5
[2026-03-31 13:08:31] Batch size:    16
[2026-03-31 13:08:31] Max epochs:    5000
[2026-03-31 13:08:31] Device:        mps
[2026-03-31 13:08:31] Seed control:  True
[2026-03-31 13:08:31] Base seed:     3
[2026-03-31 13:08:31] ======================================================================

[2026-03-31 13:08:31] Subject 51: 200 windows class_counts=[50, 50, 50, 50]
[2026-03-31 13:08:31]   Fold 1 split seed: 4
[2026-03-31 13:08:31]   Fold 1 split class counts:
[2026-03-31 13:08:31]     train=[32, 32, 32, 32] val=[8, 8, 8, 8] test=[10, 10, 10, 10]
[2026-03-31 13:08:31]   Fold 2 split seed: 5
[2026-03-31 13:08:31]   Fold 2 split class counts:
[2026-03-31 13:08:31]     train=[32, 32, 32, 32] val=[8, 8, 8, 8] test=[10, 10, 10, 10]
[2026-03-31 13:08:31]   Fold 3 split seed: 6
[2026-03-31 13:08:31]   Fold 3 split class counts:
[2026-03-31 13:08:31]     train=[32, 32, 32, 32] val=[8, 8, 8, 8] test=[10, 10, 10, 10]
[2026-03-31 13:08:31]   Fold 4 split seed: 7
[2026-03-31 13:08:31]   Fold 4 split class counts:
[2026-03-31 13:08:31]     train=[32, 32, 32, 32] val=[8, 8, 8, 8] test=[10, 10, 10, 10]
[2026-03-31 13:08:31]   Fold 5 split seed: 8
[2026-03-31 13:08:31]   Fold 5 split class counts:
[2026-03-31 13:08:31]     train=[32, 32, 32, 32] val=[8, 8, 8, 8] test=[10, 10, 10, 10]
[2026-03-31 13:08:31]   Subject 51 Fold 1 seed: 5104
[2026-03-31 13:08:31]   Subject 51 Fold 1: n_train=128 n_val=32 n_test=40
[2026-03-31 13:08:31]     Train class counts: [32, 32, 32, 32]
[2026-03-31 13:08:31]     Val class counts:   [8, 8, 8, 8]
[2026-03-31 13:08:31]     Test class counts:  [10, 10, 10, 10]
[2026-03-31 13:08:31] Building model with input window duration: 4.1875 s
[2026-03-31 13:08:31] Pretrained weight loading:
[2026-03-31 13:08:31]   Downloaded keys:        179
[2026-03-31 13:08:31]   Filtered (transformer): 172
[2026-03-31 13:08:31]   Filtered (pos_encoder): 0
[2026-03-31 13:08:31]   Keys to load:           7
[2026-03-31 13:08:31]   Missing keys:           4
[2026-03-31 13:08:31]   Unexpected keys:        0
[2026-03-31 13:08:31]   Missing preview:        ['spatial_conv.1.weight', 'spatial_conv.1.bias', 'final_layer.1.weight', 'final_layer.1.bias']
[2026-03-31 13:08:31]   Unexpected preview:     []
[2026-03-31 13:08:31] Encoder freeze configuration:
[2026-03-31 13:08:31]   Total parameters:        18,192
[2026-03-31 13:08:31]   Trainable parameters:    4,352
[2026-03-31 13:08:31]   Training percentage:     23.9%
[2026-03-31 13:08:31]   Trainable layers: 4
[2026-03-31 13:08:31]     - final_layer.1.bias
[2026-03-31 13:08:31]     - final_layer.1.weight
[2026-03-31 13:08:31]     - spatial_conv.1.bias
[2026-03-31 13:08:31]     - spatial_conv.1.weight
[2026-03-31 13:08:31]     Train generator seeded: True
[2026-03-31 13:08:52]     Stopped epoch:            202
[2026-03-31 13:08:52]     Best epoch (valid_loss):  152
[2026-03-31 13:08:52]     Best valid_loss:          1.2946625351905823
[2026-03-31 13:08:52]     Test accuracy (primary):  0.2500
[2026-03-31 13:08:52]     Test balanced acc:        0.2500
[2026-03-31 13:08:52]     Confusion matrix:         [[3, 3, 1, 3], [2, 1, 3, 4], [1, 1, 2, 6], [2, 4, 0, 4]]
[2026-03-31 13:08:52]     Prediction histogram:     [8, 9, 6, 17]
[2026-03-31 13:08:52]     fold_acc=0.2500 fold_bal_acc=0.2500 cm=[[3, 3, 1, 3], [2, 1, 3, 4], [1, 1, 2, 6], [2, 4, 0, 4]]
[2026-03-31 13:08:52]   Subject 51 Fold 2 seed: 5105
[2026-03-31 13:08:52]   Subject 51 Fold 2: n_train=128 n_val=32 n_test=40
[2026-03-31 13:08:52]     Train class counts: [32, 32, 32, 32]
[2026-03-31 13:08:52]     Val class counts:   [8, 8, 8, 8]
[2026-03-31 13:08:52]     Test class counts:  [10, 10, 10, 10]
[2026-03-31 13:08:52] Building model with input window duration: 4.1875 s
[2026-03-31 13:08:52] Pretrained weight loading:
[2026-03-31 13:08:52]   Downloaded keys:        179
[2026-03-31 13:08:52]   Filtered (transformer): 172
[2026-03-31 13:08:52]   Filtered (pos_encoder): 0
[2026-03-31 13:08:52]   Keys to load:           7
[2026-03-31 13:08:52]   Missing keys:           4
[2026-03-31 13:08:52]   Unexpected keys:        0
[2026-03-31 13:08:52]   Missing preview:        ['spatial_conv.1.weight', 'spatial_conv.1.bias', 'final_layer.1.weight', 'final_layer.1.bias']
[2026-03-31 13:08:52]   Unexpected preview:     []
[2026-03-31 13:08:52] Encoder freeze configuration:
[2026-03-31 13:08:52]   Total parameters:        18,192
[2026-03-31 13:08:52]   Trainable parameters:    4,352
[2026-03-31 13:08:52]   Training percentage:     23.9%
[2026-03-31 13:08:52]   Trainable layers: 4
[2026-03-31 13:08:52]     - final_layer.1.bias
[2026-03-31 13:08:52]     - final_layer.1.weight
[2026-03-31 13:08:52]     - spatial_conv.1.bias
[2026-03-31 13:08:52]     - spatial_conv.1.weight
[2026-03-31 13:08:52]     Train generator seeded: True
[2026-03-31 13:09:09]     Stopped epoch:            175
[2026-03-31 13:09:09]     Best epoch (valid_loss):  125
[2026-03-31 13:09:09]     Best valid_loss:          1.2577566504478455
[2026-03-31 13:09:09]     Test accuracy (primary):  0.2750
[2026-03-31 13:09:09]     Test balanced acc:        0.2750
[2026-03-31 13:09:09]     Confusion matrix:         [[2, 0, 3, 5], [4, 3, 0, 3], [4, 1, 1, 4], [0, 3, 2, 5]]
[2026-03-31 13:09:09]     Prediction histogram:     [10, 7, 6, 17]
[2026-03-31 13:09:09]     fold_acc=0.2750 fold_bal_acc=0.2750 cm=[[2, 0, 3, 5], [4, 3, 0, 3], [4, 1, 1, 4], [0, 3, 2, 5]]
[2026-03-31 13:09:09]   Subject 51 Fold 3 seed: 5106
[2026-03-31 13:09:10]   Subject 51 Fold 3: n_train=128 n_val=32 n_test=40
[2026-03-31 13:09:10]     Train class counts: [32, 32, 32, 32]
[2026-03-31 13:09:10]     Val class counts:   [8, 8, 8, 8]
[2026-03-31 13:09:10]     Test class counts:  [10, 10, 10, 10]
[2026-03-31 13:09:10] Building model with input window duration: 4.1875 s
[2026-03-31 13:09:10] Pretrained weight loading:
[2026-03-31 13:09:10]   Downloaded keys:        179
[2026-03-31 13:09:10]   Filtered (transformer): 172
[2026-03-31 13:09:10]   Filtered (pos_encoder): 0
[2026-03-31 13:09:10]   Keys to load:           7
[2026-03-31 13:09:10]   Missing keys:           4
[2026-03-31 13:09:10]   Unexpected keys:        0
[2026-03-31 13:09:10]   Missing preview:        ['spatial_conv.1.weight', 'spatial_conv.1.bias', 'final_layer.1.weight', 'final_layer.1.bias']
[2026-03-31 13:09:10]   Unexpected preview:     []
[2026-03-31 13:09:10] Encoder freeze configuration:
[2026-03-31 13:09:10]   Total parameters:        18,192
[2026-03-31 13:09:10]   Trainable parameters:    4,352
[2026-03-31 13:09:10]   Training percentage:     23.9%
[2026-03-31 13:09:10]   Trainable layers: 4
[2026-03-31 13:09:10]     - final_layer.1.bias
[2026-03-31 13:09:10]     - final_layer.1.weight
[2026-03-31 13:09:10]     - spatial_conv.1.bias
[2026-03-31 13:09:10]     - spatial_conv.1.weight
[2026-03-31 13:09:10]     Train generator seeded: True
[2026-03-31 13:09:15]     Stopped epoch:            51
[2026-03-31 13:09:15]     Best epoch (valid_loss):  1
[2026-03-31 13:09:15]     Best valid_loss:          1.3869189620018005
[2026-03-31 13:09:15]     Test accuracy (primary):  0.2000
[2026-03-31 13:09:15]     Test balanced acc:        0.2000
[2026-03-31 13:09:15]     Confusion matrix:         [[0, 0, 2, 8], [0, 1, 0, 9], [0, 1, 0, 9], [0, 1, 2, 7]]
[2026-03-31 13:09:15]     Prediction histogram:     [0, 3, 4, 33]
[2026-03-31 13:09:15]     fold_acc=0.2000 fold_bal_acc=0.2000 cm=[[0, 0, 2, 8], [0, 1, 0, 9], [0, 1, 0, 9], [0, 1, 2, 7]]
[2026-03-31 13:09:15]   Subject 51 Fold 4 seed: 5107
[2026-03-31 13:09:15]   Subject 51 Fold 4: n_train=128 n_val=32 n_test=40
[2026-03-31 13:09:15]     Train class counts: [32, 32, 32, 32]
[2026-03-31 13:09:15]     Val class counts:   [8, 8, 8, 8]
[2026-03-31 13:09:15]     Test class counts:  [10, 10, 10, 10]
[2026-03-31 13:09:15] Building model with input window duration: 4.1875 s
[2026-03-31 13:09:15] Pretrained weight loading:
[2026-03-31 13:09:15]   Downloaded keys:        179
[2026-03-31 13:09:15]   Filtered (transformer): 172
[2026-03-31 13:09:15]   Filtered (pos_encoder): 0
[2026-03-31 13:09:15]   Keys to load:           7
[2026-03-31 13:09:15]   Missing keys:           4
[2026-03-31 13:09:15]   Unexpected keys:        0
[2026-03-31 13:09:15]   Missing preview:        ['spatial_conv.1.weight', 'spatial_conv.1.bias', 'final_layer.1.weight', 'final_layer.1.bias']
[2026-03-31 13:09:15]   Unexpected preview:     []
[2026-03-31 13:09:15] Encoder freeze configuration:
[2026-03-31 13:09:15]   Total parameters:        18,192
[2026-03-31 13:09:15]   Trainable parameters:    4,352
[2026-03-31 13:09:15]   Training percentage:     23.9%
[2026-03-31 13:09:15]   Trainable layers: 4
[2026-03-31 13:09:15]     - final_layer.1.bias
[2026-03-31 13:09:15]     - final_layer.1.weight
[2026-03-31 13:09:15]     - spatial_conv.1.bias
[2026-03-31 13:09:15]     - spatial_conv.1.weight
[2026-03-31 13:09:15]     Train generator seeded: True
[2026-03-31 13:09:37]     Stopped epoch:            236
[2026-03-31 13:09:37]     Best epoch (valid_loss):  186
[2026-03-31 13:09:37]     Best valid_loss:          1.1952404379844666
[2026-03-31 13:09:37]     Test accuracy (primary):  0.3250
[2026-03-31 13:09:37]     Test balanced acc:        0.3250
[2026-03-31 13:09:37]     Confusion matrix:         [[4, 2, 2, 2], [3, 3, 0, 4], [4, 2, 4, 0], [1, 3, 4, 2]]
[2026-03-31 13:09:37]     Prediction histogram:     [12, 10, 10, 8]
[2026-03-31 13:09:37]     fold_acc=0.3250 fold_bal_acc=0.3250 cm=[[4, 2, 2, 2], [3, 3, 0, 4], [4, 2, 4, 0], [1, 3, 4, 2]]
[2026-03-31 13:09:37]   Subject 51 Fold 5 seed: 5108
[2026-03-31 13:09:37]   Subject 51 Fold 5: n_train=128 n_val=32 n_test=40
[2026-03-31 13:09:37]     Train class counts: [32, 32, 32, 32]
[2026-03-31 13:09:37]     Val class counts:   [8, 8, 8, 8]
[2026-03-31 13:09:37]     Test class counts:  [10, 10, 10, 10]
[2026-03-31 13:09:37] Building model with input window duration: 4.1875 s
[2026-03-31 13:09:37] Pretrained weight loading:
[2026-03-31 13:09:37]   Downloaded keys:        179
[2026-03-31 13:09:37]   Filtered (transformer): 172
[2026-03-31 13:09:37]   Filtered (pos_encoder): 0
[2026-03-31 13:09:37]   Keys to load:           7
[2026-03-31 13:09:37]   Missing keys:           4
[2026-03-31 13:09:37]   Unexpected keys:        0
[2026-03-31 13:09:37]   Missing preview:        ['spatial_conv.1.weight', 'spatial_conv.1.bias', 'final_layer.1.weight', 'final_layer.1.bias']
[2026-03-31 13:09:37]   Unexpected preview:     []
[2026-03-31 13:09:37] Encoder freeze configuration:
[2026-03-31 13:09:37]   Total parameters:        18,192
[2026-03-31 13:09:37]   Trainable parameters:    4,352
[2026-03-31 13:09:37]   Training percentage:     23.9%
[2026-03-31 13:09:37]   Trainable layers: 4
[2026-03-31 13:09:37]     - final_layer.1.bias
[2026-03-31 13:09:37]     - final_layer.1.weight
[2026-03-31 13:09:37]     - spatial_conv.1.bias
[2026-03-31 13:09:37]     - spatial_conv.1.weight
[2026-03-31 13:09:37]     Train generator seeded: True
[2026-03-31 13:10:07]     Stopped epoch:            241
[2026-03-31 13:10:07]     Best epoch (valid_loss):  191
[2026-03-31 13:10:07]     Best valid_loss:          1.2472718954086304
[2026-03-31 13:10:07]     Test accuracy (primary):  0.5000
[2026-03-31 13:10:07]     Test balanced acc:        0.5000
[2026-03-31 13:10:07]     Confusion matrix:         [[4, 2, 3, 1], [1, 4, 3, 2], [1, 1, 7, 1], [0, 5, 0, 5]]
[2026-03-31 13:10:07]     Prediction histogram:     [6, 12, 13, 9]
[2026-03-31 13:10:07]     fold_acc=0.5000 fold_bal_acc=0.5000 cm=[[4, 2, 3, 1], [1, 4, 3, 2], [1, 1, 7, 1], [0, 5, 0, 5]]
[2026-03-31 13:10:07]   Subject 51 mean accuracy: 0.3100

[2026-03-31 13:10:07] Total folds completed: 5
[2026-03-31 13:10:07] ======================================================================
[2026-03-31 13:10:07] AGGREGATED RESULTS
[2026-03-31 13:10:07] ======================================================================
[2026-03-31 13:10:07]   Subject 51:  acc=0.3100±0.1032  bal_acc=0.3100±0.1032
[2026-03-31 13:10:07] ----------------------------------------------------------------------
[2026-03-31 13:10:07]   OVERALL:      acc=0.3100±0.1032  bal_acc=0.3100±0.1032
[2026-03-31 13:10:07] ======================================================================
[2026-03-31 13:10:07] CV results saved to:      /Users/vadim/Documents/School/Spring 2026/CSCE A698 Individual Research/EEG_JEPA/artifacts/lee-2019-fine-tuning/SSVEP/20260331_1308_5c46bfc1/cv_results.json
[2026-03-31 13:10:07] Subject metrics saved to: /Users/vadim/Documents/School/Spring 2026/CSCE A698 Individual Research/EEG_JEPA/artifacts/lee-2019-fine-tuning/SSVEP/20260331_1308_5c46bfc1/subject_metrics.json
[2026-03-31 13:10:07] Global metrics saved to:  /Users/vadim/Documents/School/Spring 2026/CSCE A698 Individual Research/EEG_JEPA/artifacts/lee-2019-fine-tuning/SSVEP/20260331_1308_5c46bfc1/global_metrics.json
[2026-03-31 13:10:07] Run metadata saved to:    /Users/vadim/Documents/School/Spring 2026/CSCE A698 Individual Research/EEG_JEPA/artifacts/lee-2019-fine-tuning/SSVEP/20260331_1308_5c46bfc1/run_metadata.json

[2026-03-31 13:10:07] All artifacts in: /Users/vadim/Documents/School/Spring 2026/CSCE A698 Individual Research/EEG_JEPA/artifacts/lee-2019-fine-tuning/SSVEP/20260331_1308_5c46bfc1

[2026-03-31 13:10:07] ======================================================================
[2026-03-31 13:10:07] EXPERIMENT SUMMARY
[2026-03-31 13:10:07] ======================================================================
[2026-03-31 13:10:07] Run ID:    20260331_1308_5c46bfc1
[2026-03-31 13:10:07] Artifacts: /Users/vadim/Documents/School/Spring 2026/CSCE A698 Individual Research/EEG_JEPA/artifacts/lee-2019-fine-tuning/SSVEP/20260331_1308_5c46bfc1

[2026-03-31 13:10:07] Configuration:
[2026-03-31 13:10:07]   Subjects:          [51]
[2026-03-31 13:10:07]   Bandpass:          0.5-40.0 Hz
[2026-03-31 13:10:07]   Resample:          128 Hz
[2026-03-31 13:10:07]   CV folds:          5
[2026-03-31 13:10:07]   Learning rate:     0.001
[2026-03-31 13:10:07]   Batch size:        16
[2026-03-31 13:10:07]   Max epochs:        5000

[2026-03-31 13:10:07] Results:
[2026-03-31 13:10:07]   Mean Accuracy:          0.3100 ± 0.1032
[2026-03-31 13:10:07]   Mean Balanced Accuracy: 0.3100 ± 0.1032
