[2026-04-17 14:39:51] Using device: cpu
[2026-04-17 14:39:51] Seed control disabled (CONFIG['set_seed'] = False)
[2026-04-17 14:39:51] ======================================================================
[2026-04-17 14:39:51] CONFIGURATION
[2026-04-17 14:39:51] ======================================================================
[2026-04-17 14:39:51]   artifact_dir: /home/vegorov/Repos/eeg_jepa_research/artifacts/lee-2019-fine-tuning
[2026-04-17 14:39:51]   bandpass_high: 40.0
[2026-04-17 14:39:51]   bandpass_low: 0.5
[2026-04-17 14:39:51]   batch_size: 32
[2026-04-17 14:39:51]   convert_to_uV: True
[2026-04-17 14:39:51]   cv_folds: 5
[2026-04-17 14:39:51]   early_stopping_patience: 50
[2026-04-17 14:39:51]   learning_rate: None
[2026-04-17 14:39:51]   model_name: SignalJEPA_PostLocal
[2026-04-17 14:39:51]   n_epochs: 5000
[2026-04-17 14:39:51]   paradigm: ERP
[2026-04-17 14:39:51]   pretrained_url: https://huggingface.co/braindecode/SignalJEPA/resolve/main/signal-jepa_16s-60_adeuwv4s.pth
[2026-04-17 14:39:51]   seed: None
[2026-04-17 14:39:51]   set_eeg_reference: True
[2026-04-17 14:39:51]   set_seed: False
[2026-04-17 14:39:51]   set_standard_montage: True
[2026-04-17 14:39:51]   sfreq: 128
[2026-04-17 14:39:51]   strategy: full
[2026-04-17 14:39:51]   subjects_to_use: None
[2026-04-17 14:39:51]   val_split: 0.2
[2026-04-17 14:39:51]   warmup_epochs: 10
[2026-04-17 14:39:51]   primary_metric_name: roc_auc
[2026-04-17 14:39:51]   primary_metric_label: ROC-AUC
[2026-04-17 14:39:51] ======================================================================
[2026-04-17 14:39:51] Config saved to: /home/vegorov/Repos/eeg_jepa_research/artifacts/lee-2019-fine-tuning/ERP/20260417_1439_aed05913/config.json
[2026-04-17 14:39:51] Epoch window configuration:
[2026-04-17 14:39:51]   Target sfreq:                128 Hz
[2026-04-17 14:39:51]   Target duration:             1.190000 s
[2026-04-17 14:39:51]   Window samples (rounded):    152
[2026-04-17 14:39:51]   Base trial samples (1.0 s):  128
[2026-04-17 14:39:51]   Trial stop offset samples:   24
[2026-04-17 14:39:51]   Effective window duration:   1.187500 s
[2026-04-17 14:39:51] Dataset code: Lee2019-ERP
[2026-04-17 14:39:51] Subjects Total: 54
[2026-04-17 14:39:51] Events: {'Target': 1, 'NonTarget': 2}
[2026-04-17 14:39:51] Interval: [0.0, 1.0]
[2026-04-17 14:39:51] Paradigm: p300
[2026-04-17 14:39:51] Selected subjects: [48, 49, 50, 51, 52, 53, 54]
[2026-04-17 14:39:51] Expected evaluation folds: 35

[2026-04-17 14:39:51] Building MOABBDataset for Lee2019_ERP...
[2026-04-17 14:41:35] MOABBDataset recordings loaded: 14
[2026-04-17 14:41:35] Discovered annotation descriptions (first recording): [np.str_('NonTarget'), np.str_('Target')]
[2026-04-17 14:41:35] Dataset event_id mapping: {'Target': 1, 'NonTarget': 2}
[2026-04-17 14:41:35] Label map (event_code -> class_index): {1: 0, 2: 1}
[2026-04-17 14:41:35] Applying Braindecode preprocessors to MOABBDataset...
[2026-04-17 14:41:58] Preprocessing complete.

[2026-04-17 14:41:58] Post-preprocessing validation
[2026-04-17 14:41:58]   Recordings in DATASET: 14
[2026-04-17 14:41:58]   Unique subject IDs:    ['48', '49', '50', '51', '52', '53', '54']
[2026-04-17 14:41:58]   sfreq (first rec):     128.0 Hz
[2026-04-17 14:41:58]   EEG channel count:     62
[2026-04-17 14:41:58]   First 10 channels:     ['Fp1', 'Fp2', 'F7', 'F3', 'Fz', 'F4', 'F8', 'FC5', 'FC1', 'FC2']
[2026-04-17 14:41:58] EEG channel #: 62
[2026-04-17 14:41:58] First 10 EEG channels: ['Fp1', 'Fp2', 'F7', 'F3', 'Fz', 'F4', 'F8', 'FC5', 'FC1', 'FC2']
[2026-04-17 14:41:58] Channel-location ranges (x, y, z):
[2026-04-17 14:41:58]   x: min=-0.087556, max=0.084222, span=0.171778
[2026-04-17 14:41:58]   y: min=-0.082783, max=0.115346, span=0.198129
[2026-04-17 14:41:58]   z: min=-0.013156, max=0.141549, span=0.154705
[2026-04-17 14:41:58] Requested window samples: 152
[2026-04-17 14:41:58] Base trial samples:       128
[2026-04-17 14:41:58] Stop offset samples:      24
[2026-04-17 14:41:59] Global class counts: [23100, 4620]
[2026-04-17 14:41:59] Chance level (2-class): 0.50
[2026-04-17 14:41:59] One window shape: (62, 152)
[2026-04-17 14:41:59] One window label: 0
[2026-04-17 14:41:59] Window sample length expected=152, got=152
[2026-04-17 14:41:59] Subjects in window split: [48, 49, 50, 51, 52, 53, 54]
[2026-04-17 14:41:59] Summarizing per-subject windows...
[2026-04-17 14:41:59]   Subject 48: n_windows=3960, window_shape=(62, 152), class_counts=[3300, 660]
[2026-04-17 14:41:59]   Subject 49: n_windows=3960, window_shape=(62, 152), class_counts=[3300, 660]
[2026-04-17 14:41:59]   Subject 50: n_windows=3960, window_shape=(62, 152), class_counts=[3300, 660]
[2026-04-17 14:41:59]   Subject 51: n_windows=3960, window_shape=(62, 152), class_counts=[3300, 660]
[2026-04-17 14:41:59]   Subject 52: n_windows=3960, window_shape=(62, 152), class_counts=[3300, 660]
[2026-04-17 14:41:59]   Subject 53: n_windows=3960, window_shape=(62, 152), class_counts=[3300, 660]
[2026-04-17 14:41:59]   Subject 54: n_windows=3960, window_shape=(62, 152), class_counts=[3300, 660]
[2026-04-17 14:41:59]    subject_id  n_windows  n_channels  n_times class_counts
0          48       3960          62      152  [3300, 660]
1          49       3960          62      152  [3300, 660]
2          50       3960          62      152  [3300, 660]
3          51       3960          62      152  [3300, 660]
4          52       3960          62      152  [3300, 660]
5          53       3960          62      152  [3300, 660]
6          54       3960          62      152  [3300, 660]
[2026-04-17 14:41:59] Window validation summary:
[2026-04-17 14:41:59]   Subject 48: n_windows=3960 class_counts=[3300, 660]
[2026-04-17 14:41:59]   Subject 49: n_windows=3960 class_counts=[3300, 660]
[2026-04-17 14:41:59]   Subject 50: n_windows=3960 class_counts=[3300, 660]
[2026-04-17 14:41:59]   Subject 51: n_windows=3960 class_counts=[3300, 660]
[2026-04-17 14:42:00]   Subject 52: n_windows=3960 class_counts=[3300, 660]
[2026-04-17 14:42:00]   Subject 53: n_windows=3960 class_counts=[3300, 660]
[2026-04-17 14:42:00]   Subject 54: n_windows=3960 class_counts=[3300, 660]

[2026-04-17 14:42:00] Validated sampling rate target: 128 Hz
[2026-04-17 14:42:00] Validated window sample count:   152
[2026-04-17 14:42:00] Validated window duration:       1.1875 s
[2026-04-17 14:42:00] Validated channel count:         62
[2026-04-17 14:42:00] Total windows retained:          27720
[2026-04-17 14:42:00] Preprocessing sanity checks:
[2026-04-17 14:42:00]   One sample label: 0
[2026-04-17 14:42:00]   One sample shape: (62, 152)
[2026-04-17 14:42:00]   Mean(abs(signal)): 3.551250e+00
[2026-04-17 14:42:00]   Mean(signal):      -9.714848e-09
[2026-04-17 14:42:00]   Std(signal):       4.623938e+00
[2026-04-17 14:42:00] SignalJEPA_PostLocal instantiated successfully.
[2026-04-17 14:42:00]   Total parameters:     14,606
[2026-04-17 14:42:00]   Trainable parameters: 14,606
[2026-04-17 14:42:00] Initializing from 16s-60 pretrained checkpoint (Hugging Face):
[2026-04-17 14:42:00]   https://huggingface.co/braindecode/SignalJEPA/resolve/main/signal-jepa_16s-60_adeuwv4s.pth
[2026-04-17 14:42:00]   Downloaded 179 keys
[2026-04-17 14:42:00] ======================================================================
[2026-04-17 14:42:00] STARTING CROSS-VALIDATION
[2026-04-17 14:42:00] ======================================================================
[2026-04-17 14:42:00] Subjects:      [48, 49, 50, 51, 52, 53, 54]
[2026-04-17 14:42:00] Paradigm:      ERP
[2026-04-17 14:42:00] Model:         SignalJEPA_PostLocal
[2026-04-17 14:42:00] Strategy:      full
[2026-04-17 14:42:00] Warm-up epochs:10
[2026-04-17 14:42:00] CV folds:      5
[2026-04-17 14:42:00] Batch size:    32
[2026-04-17 14:42:00] Max epochs:    5000
[2026-04-17 14:42:00] Device:        cpu
[2026-04-17 14:42:00] Seed control:  False
[2026-04-17 14:42:00] Base seed:     None
[2026-04-17 14:42:00] ERP primary metric: roc_auc
[2026-04-17 14:42:00] ======================================================================

[2026-04-17 14:42:00] Subject 48: 3960 windows | class_counts=[3300, 660]
[2026-04-17 14:42:00]     Downstream model:   SignalJEPA_PostLocal
[2026-04-17 14:42:00]     Fine-tune strategy: full
[2026-04-17 14:42:00]     Warm-up active:     True
[2026-04-17 14:42:00]     Warm-up epochs:     10
[2026-04-17 14:42:00]     Missing keys:       ['final_layer.spat_conv.weight', 'final_layer.spat_conv.bias', 'final_layer.linear.weight', 'final_layer.linear.bias']
[2026-04-17 14:42:00]     Phase 1 (warmup):
[2026-04-17 14:42:00]       Trainable groups: ['final_layer.']
[2026-04-17 14:42:00]       Trainable params: 766 / 14,606 (5.2%)
[2026-04-17 14:42:00]     Sanity check passed: finite logits/loss on one training batch for SignalJEPA_PostLocal.
[2026-04-17 14:42:02]     Phase 2 (full):
[2026-04-17 14:42:02]       Trainable groups: ['all_parameters']
[2026-04-17 14:42:02]       Trainable params: 14,606 / 14,606 (100.0%)
[2026-04-17 15:09:35]   Fold 1/5 | best_epoch=3953 | stop=5000 | val_loss=0.1093 | acc=0.8333 | bal_acc=0.5000 | roc_auc=0.5000
[2026-04-17 15:09:36]     Downstream model:   SignalJEPA_PostLocal
[2026-04-17 15:09:36]     Fine-tune strategy: full
[2026-04-17 15:09:36]     Warm-up active:     True
[2026-04-17 15:09:36]     Warm-up epochs:     10
[2026-04-17 15:09:36]     Missing keys:       ['final_layer.spat_conv.weight', 'final_layer.spat_conv.bias', 'final_layer.linear.weight', 'final_layer.linear.bias']
[2026-04-17 15:09:36]     Phase 1 (warmup):
[2026-04-17 15:09:36]       Trainable groups: ['final_layer.']
[2026-04-17 15:09:36]       Trainable params: 766 / 14,606 (5.2%)
[2026-04-17 15:09:36]     Sanity check passed: finite logits/loss on one training batch for SignalJEPA_PostLocal.
[2026-04-17 15:09:37]     Phase 2 (full):
[2026-04-17 15:09:37]       Trainable groups: ['all_parameters']
[2026-04-17 15:09:37]       Trainable params: 14,606 / 14,606 (100.0%)
