[2026-04-19 17:50:40] Using device: cpu
[2026-04-19 17:50:41] Seed control enabled: True
[2026-04-19 17:50:41] Base seed: 12
[2026-04-19 17:50:41] Seed initialized: 12
[2026-04-19 17:50:41] ======================================================================
[2026-04-19 17:50:41] CONFIGURATION
[2026-04-19 17:50:41] ======================================================================
[2026-04-19 17:50:41]   artifact_dir: /home/vegorov/Repos/eeg_jepa_research/artifacts/lee-2019-fine-tuning
[2026-04-19 17:50:41]   bandpass_high: 40.0
[2026-04-19 17:50:41]   bandpass_low: 0.5
[2026-04-19 17:50:41]   batch_size: 32
[2026-04-19 17:50:41]   cv_folds: 5
[2026-04-19 17:50:41]   early_stopping_patience: 50
[2026-04-19 17:50:41]   learning_rate: 0.001
[2026-04-19 17:50:41]   model_name: SignalJEPA_PreLocal
[2026-04-19 17:50:41]   n_epochs: 5000
[2026-04-19 17:50:41]   paradigm: SSVEP
[2026-04-19 17:50:41]   pretrained_url: https://huggingface.co/braindecode/SignalJEPA/resolve/main/signal-jepa_16s-60_adeuwv4s.pth
[2026-04-19 17:50:41]   seed: 12
[2026-04-19 17:50:41]   set_seed: True
[2026-04-19 17:50:41]   sfreq: 128
[2026-04-19 17:50:41]   strategy: new
[2026-04-19 17:50:41]   subjects_to_use: [51]
[2026-04-19 17:50:41]   val_split: 0.2
[2026-04-19 17:50:41]   warmup_epochs: 10
[2026-04-19 17:50:41]   primary_metric_name: accuracy
[2026-04-19 17:50:41] ======================================================================
[2026-04-19 17:50:41] Config saved to: /home/vegorov/Repos/eeg_jepa_research/artifacts/lee-2019-fine-tuning/SSVEP/20260419_1750_c9044994/config.json
[2026-04-19 17:50:41] Epoch window configuration:
[2026-04-19 17:50:41]   Target sfreq:                128 Hz
[2026-04-19 17:50:41]   Requested duration:          4.200000 s
[2026-04-19 17:50:41]   Expected window samples:     537
[2026-04-19 17:50:41]   Effective window duration:   4.195312 s
[2026-04-19 17:50:41]   Base trial samples:          512
[2026-04-19 17:50:41]   Fallback stop offset:        25
[2026-04-19 17:50:41] Using specified subjects from config: [51]
[2026-04-19 17:50:41] Selected subjects: [51]
[2026-04-19 17:50:41] Expected evaluation folds: 5

[2026-04-19 17:50:41] Building MOABBDataset for Lee2019_SSVEP...
[2026-04-19 17:50:41]   Paradigm:       SSVEP
[2026-04-19 17:50:41]   Subject IDs:    [51]
[2026-04-19 17:50:41]   Dataset kwargs: {'train_run': True, 'test_run': False}
[2026-04-19 17:50:50]   Recordings loaded: 2
[2026-04-19 17:50:50] Discovered annotation descriptions (first recording): [np.str_('12.0'), np.str_('5.45'), np.str_('6.67'), np.str_('8.57')]
[2026-04-19 17:50:50] Dataset event_id mapping: {'12.0': 1, '8.57': 2, '6.67': 3, '5.45': 4}
[2026-04-19 17:50:50] Label map (event_code -> class_index): {1: 0, 2: 1, 3: 2, 4: 3}
[2026-04-19 17:50:50] Applying Braindecode preprocessors to MOABBDataset...
[2026-04-19 17:50:50] Preprocessing order: pick_eeg -> set_standard_montage -> resample -> filter_iir -> set_average_reference -> convert_volts_to_microvolts
[2026-04-19 17:50:50] Filter method: iir
[2026-04-19 17:50:50] Average reference enabled: True
[2026-04-19 17:50:50] Microvolt scaling factor: 1000000.0
[2026-04-19 17:50:54] Preprocessing complete.

[2026-04-19 17:50:54] Post-preprocessing validation
[2026-04-19 17:50:54]   Recordings in DATASET: 2
[2026-04-19 17:50:54]   Unique subject IDs:    ['51']
[2026-04-19 17:50:54]   sfreq (first rec):     128.0 Hz
[2026-04-19 17:50:54]   EEG channel count:     62
[2026-04-19 17:50:54]   First 10 channels:     ['Fp1', 'Fp2', 'F7', 'F3', 'Fz', 'F4', 'F8', 'FC5', 'FC1', 'FC2']
[2026-04-19 17:50:54] EEG channel #: 62
[2026-04-19 17:50:54] First 10 EEG channels: ['Fp1', 'Fp2', 'F7', 'F3', 'Fz', 'F4', 'F8', 'FC5', 'FC1', 'FC2']
[2026-04-19 17:50:54] Channel-location ranges (x, y, z):
[2026-04-19 17:50:54]   x: min=-0.087556, max=0.084222, span=0.171778
[2026-04-19 17:50:54]   y: min=-0.082783, max=0.115346, span=0.198129
[2026-04-19 17:50:54]   z: min=-0.013156, max=0.141549, span=0.154705
[2026-04-19 17:50:54] Requested window duration:     4.200000 s
[2026-04-19 17:50:54] Effective window duration:     4.195312 s
[2026-04-19 17:50:54] Expected window samples:       537
[2026-04-19 17:50:54] Fallback stop offset samples:  25
[2026-04-19 17:50:54] Annotation durations updated:  200
[2026-04-19 17:50:54] Windowing path:                annotation_duration
[2026-04-19 17:50:54] Actual window shape:           (62, 537)
[2026-04-19 17:50:54] Global class counts: [50, 50, 50, 50]
[2026-04-19 17:50:54] Chance level (4-class): 0.25
[2026-04-19 17:50:54] One window shape: (62, 537)
[2026-04-19 17:50:54] One window label: 2
[2026-04-19 17:50:54] Window sample length expected=537, got=537
[2026-04-19 17:50:54] Subjects in window split: [51]
[2026-04-19 17:50:54] Summarizing per-subject windows...
[2026-04-19 17:50:54]   Subject 51: n_windows=200, window_shape=(62, 537), class_counts=[50, 50, 50, 50]
[2026-04-19 17:50:54]    subject_id  n_windows  n_channels  n_times      class_counts
0          51        200          62      537  [50, 50, 50, 50]
[2026-04-19 17:50:54] Window validation summary:
[2026-04-19 17:50:54]   Subject 51: n_windows=200 class_counts=[50, 50, 50, 50]

[2026-04-19 17:50:54] Validated sampling rate target: 128 Hz
[2026-04-19 17:50:54] Validated window sample count:   537
[2026-04-19 17:50:54] Validated channel count:         62
[2026-04-19 17:50:54] Total windows retained:          200
[2026-04-19 17:50:54] Preprocessing sanity checks:
[2026-04-19 17:50:54]   One sample label: 2
[2026-04-19 17:50:54]   One sample shape: (62, 537)
[2026-04-19 17:50:54]   Mean(abs(signal)): 4.864969e+00
[2026-04-19 17:50:54]   Mean(signal):      -9.166089e-09
[2026-04-19 17:50:54]   Std(signal):       7.131895e+00
[2026-04-19 17:50:54] SignalJEPA_PreLocal instantiated successfully.
[2026-04-19 17:50:54]   Total parameters:     18,192
[2026-04-19 17:50:54]   Trainable parameters: 18,192
[2026-04-19 17:50:54] Pretrained loading configuration:
[2026-04-19 17:50:54]   Pretrained loading path: legacy_state_dict
[2026-04-19 17:50:54]   Checkpoint URL:          https://huggingface.co/braindecode/SignalJEPA/resolve/main/signal-jepa_16s-60_adeuwv4s.pth
[2026-04-19 17:50:54] ======================================================================
[2026-04-19 17:50:54] STARTING CROSS-VALIDATION
[2026-04-19 17:50:54] ======================================================================
[2026-04-19 17:50:54] Subjects:      [51]
[2026-04-19 17:50:54] Paradigm:      SSVEP
[2026-04-19 17:50:54] Model:         SignalJEPA_PreLocal
[2026-04-19 17:50:54] Strategy:      new
[2026-04-19 17:50:54] Warm-up epochs:10
[2026-04-19 17:50:54] CV folds:      5
[2026-04-19 17:50:54] Batch size:    32
[2026-04-19 17:50:54] Learning rate: 0.001
[2026-04-19 17:50:54] Max epochs:    5000
[2026-04-19 17:50:54] Device:        cpu
[2026-04-19 17:50:54] Seed control:  True
[2026-04-19 17:50:54] CV seed:       12
[2026-04-19 17:50:54] ======================================================================

[2026-04-19 17:50:54] Subject 51: 200 windows | class_counts=[50, 50, 50, 50]
[2026-04-19 17:50:54] Initializing pretrained checkpoint download:
[2026-04-19 17:50:54]   https://huggingface.co/braindecode/SignalJEPA/resolve/main/signal-jepa_16s-60_adeuwv4s.pth
[2026-04-19 17:50:54]   Downloaded 179 keys
[2026-04-19 17:50:54]     Downstream model:        SignalJEPA_PreLocal
[2026-04-19 17:50:54]     Fine-tune strategy:      new
[2026-04-19 17:50:54]     Warm-up active:          False
[2026-04-19 17:50:54]     Warm-up epochs:          10
[2026-04-19 17:50:54]     Pretrained loading path: legacy_state_dict
[2026-04-19 17:50:54]     Pretrained loading path: legacy_state_dict
[2026-04-19 17:50:54]     Fallback triggered:      False
[2026-04-19 17:50:54]     Missing keys:            ['spatial_conv.1.weight', 'spatial_conv.1.bias', 'final_layer.1.weight', 'final_layer.1.bias']
[2026-04-19 17:50:54]     Unexpected keys:         []
[2026-04-19 17:50:54]     Phase 1 (new):
[2026-04-19 17:50:54]       Trainable groups: ['spatial_conv.', 'final_layer.']
[2026-04-19 17:50:54]       Total params:     18,192
[2026-04-19 17:50:54]       Trainable params: 4,352
[2026-04-19 17:50:54]       Trainable pct:    23.92%
[2026-04-19 17:50:54]       Trainable parameter names: ['spatial_conv.1.weight', 'spatial_conv.1.bias', 'final_layer.1.weight', 'final_layer.1.bias']
[2026-04-19 17:50:54]     Sanity check passed: finite logits/loss on one training batch for SignalJEPA_PreLocal.
[2026-04-19 17:51:13]   Fold 1/5 | best_epoch=1072 | stop=1122 | val_loss=0.6904 | acc=0.6250 | bal_acc=0.6250 | roc_auc=N/A
[2026-04-19 17:51:13]     Downstream model:        SignalJEPA_PreLocal
[2026-04-19 17:51:13]     Fine-tune strategy:      new
[2026-04-19 17:51:13]     Warm-up active:          False
[2026-04-19 17:51:13]     Warm-up epochs:          10
[2026-04-19 17:51:13]     Pretrained loading path: legacy_state_dict
[2026-04-19 17:51:13]     Pretrained loading path: legacy_state_dict
[2026-04-19 17:51:13]     Fallback triggered:      False
[2026-04-19 17:51:13]     Missing keys:            ['spatial_conv.1.weight', 'spatial_conv.1.bias', 'final_layer.1.weight', 'final_layer.1.bias']
[2026-04-19 17:51:13]     Unexpected keys:         []
[2026-04-19 17:51:13]     Phase 1 (new):
[2026-04-19 17:51:13]       Trainable groups: ['spatial_conv.', 'final_layer.']
[2026-04-19 17:51:13]       Total params:     18,192
[2026-04-19 17:51:13]       Trainable params: 4,352
[2026-04-19 17:51:13]       Trainable pct:    23.92%
[2026-04-19 17:51:13]       Trainable parameter names: ['spatial_conv.1.weight', 'spatial_conv.1.bias', 'final_layer.1.weight', 'final_layer.1.bias']
[2026-04-19 17:51:13]     Sanity check passed: finite logits/loss on one training batch for SignalJEPA_PreLocal.
[2026-04-19 17:51:29]   Fold 2/5 | best_epoch=907 | stop=957 | val_loss=0.7024 | acc=0.6750 | bal_acc=0.6750 | roc_auc=N/A
[2026-04-19 17:51:29]     Downstream model:        SignalJEPA_PreLocal
[2026-04-19 17:51:29]     Fine-tune strategy:      new
[2026-04-19 17:51:29]     Warm-up active:          False
[2026-04-19 17:51:29]     Warm-up epochs:          10
[2026-04-19 17:51:29]     Pretrained loading path: legacy_state_dict
[2026-04-19 17:51:29]     Pretrained loading path: legacy_state_dict
[2026-04-19 17:51:29]     Fallback triggered:      False
[2026-04-19 17:51:29]     Missing keys:            ['spatial_conv.1.weight', 'spatial_conv.1.bias', 'final_layer.1.weight', 'final_layer.1.bias']
[2026-04-19 17:51:29]     Unexpected keys:         []
[2026-04-19 17:51:29]     Phase 1 (new):
[2026-04-19 17:51:29]       Trainable groups: ['spatial_conv.', 'final_layer.']
[2026-04-19 17:51:29]       Total params:     18,192
[2026-04-19 17:51:29]       Trainable params: 4,352
[2026-04-19 17:51:29]       Trainable pct:    23.92%
[2026-04-19 17:51:29]       Trainable parameter names: ['spatial_conv.1.weight', 'spatial_conv.1.bias', 'final_layer.1.weight', 'final_layer.1.bias']
[2026-04-19 17:51:29]     Sanity check passed: finite logits/loss on one training batch for SignalJEPA_PreLocal.
[2026-04-19 17:51:37]   Fold 3/5 | best_epoch=466 | stop=516 | val_loss=0.9162 | acc=0.7000 | bal_acc=0.7000 | roc_auc=N/A
[2026-04-19 17:51:37]     Downstream model:        SignalJEPA_PreLocal
[2026-04-19 17:51:37]     Fine-tune strategy:      new
[2026-04-19 17:51:37]     Warm-up active:          False
[2026-04-19 17:51:37]     Warm-up epochs:          10
[2026-04-19 17:51:37]     Pretrained loading path: legacy_state_dict
[2026-04-19 17:51:37]     Pretrained loading path: legacy_state_dict
[2026-04-19 17:51:37]     Fallback triggered:      False
[2026-04-19 17:51:37]     Missing keys:            ['spatial_conv.1.weight', 'spatial_conv.1.bias', 'final_layer.1.weight', 'final_layer.1.bias']
[2026-04-19 17:51:37]     Unexpected keys:         []
[2026-04-19 17:51:37]     Phase 1 (new):
[2026-04-19 17:51:37]       Trainable groups: ['spatial_conv.', 'final_layer.']
[2026-04-19 17:51:37]       Total params:     18,192
[2026-04-19 17:51:37]       Trainable params: 4,352
[2026-04-19 17:51:37]       Trainable pct:    23.92%
[2026-04-19 17:51:37]       Trainable parameter names: ['spatial_conv.1.weight', 'spatial_conv.1.bias', 'final_layer.1.weight', 'final_layer.1.bias']
[2026-04-19 17:51:37]     Sanity check passed: finite logits/loss on one training batch for SignalJEPA_PreLocal.
[2026-04-19 17:51:47]   Fold 4/5 | best_epoch=553 | stop=603 | val_loss=0.9625 | acc=0.6250 | bal_acc=0.6250 | roc_auc=N/A
[2026-04-19 17:51:47]     Downstream model:        SignalJEPA_PreLocal
[2026-04-19 17:51:47]     Fine-tune strategy:      new
[2026-04-19 17:51:47]     Warm-up active:          False
[2026-04-19 17:51:47]     Warm-up epochs:          10
[2026-04-19 17:51:47]     Pretrained loading path: legacy_state_dict
[2026-04-19 17:51:47]     Pretrained loading path: legacy_state_dict
[2026-04-19 17:51:47]     Fallback triggered:      False
[2026-04-19 17:51:47]     Missing keys:            ['spatial_conv.1.weight', 'spatial_conv.1.bias', 'final_layer.1.weight', 'final_layer.1.bias']
[2026-04-19 17:51:47]     Unexpected keys:         []
[2026-04-19 17:51:47]     Phase 1 (new):
[2026-04-19 17:51:47]       Trainable groups: ['spatial_conv.', 'final_layer.']
[2026-04-19 17:51:47]       Total params:     18,192
[2026-04-19 17:51:47]       Trainable params: 4,352
[2026-04-19 17:51:47]       Trainable pct:    23.92%
[2026-04-19 17:51:47]       Trainable parameter names: ['spatial_conv.1.weight', 'spatial_conv.1.bias', 'final_layer.1.weight', 'final_layer.1.bias']
[2026-04-19 17:51:47]     Sanity check passed: finite logits/loss on one training batch for SignalJEPA_PreLocal.
[2026-04-19 17:52:04]   Fold 5/5 | best_epoch=962 | stop=1012 | val_loss=0.7903 | acc=0.7250 | bal_acc=0.7250 | roc_auc=N/A
[2026-04-19 17:52:04]   Subject 51 summary: acc=0.6700±0.0400  bal_acc=0.6700±0.0400  roc_auc=N/A

[2026-04-19 17:52:04] Total folds completed: 5
[2026-04-19 17:52:04] ======================================================================
[2026-04-19 17:52:04] AGGREGATED RESULTS
[2026-04-19 17:52:04] ======================================================================
[2026-04-19 17:52:04]   Subject 51:  acc=0.6700±0.0400  bal_acc=0.6700±0.0400  roc_auc=N/A 
[2026-04-19 17:52:04] ----------------------------------------------------------------------
[2026-04-19 17:52:04]   OVERALL:      acc=0.6700±0.0400  bal_acc=0.6700±0.0400  roc_auc=N/A
[2026-04-19 17:52:04] ======================================================================
[2026-04-19 17:52:04] CV results saved to:      /home/vegorov/Repos/eeg_jepa_research/artifacts/lee-2019-fine-tuning/SSVEP/20260419_1750_c9044994/cv_results.json
[2026-04-19 17:52:04] Subject metrics saved to: /home/vegorov/Repos/eeg_jepa_research/artifacts/lee-2019-fine-tuning/SSVEP/20260419_1750_c9044994/subject_metrics.json
[2026-04-19 17:52:04] Global metrics saved to:  /home/vegorov/Repos/eeg_jepa_research/artifacts/lee-2019-fine-tuning/SSVEP/20260419_1750_c9044994/global_metrics.json
[2026-04-19 17:52:04] Run metadata saved to:    /home/vegorov/Repos/eeg_jepa_research/artifacts/lee-2019-fine-tuning/SSVEP/20260419_1750_c9044994/run_metadata.json

[2026-04-19 17:52:04] All artifacts in: /home/vegorov/Repos/eeg_jepa_research/artifacts/lee-2019-fine-tuning/SSVEP/20260419_1750_c9044994

[2026-04-19 17:52:04] ======================================================================
[2026-04-19 17:52:04] EXPERIMENT SUMMARY
[2026-04-19 17:52:04] ======================================================================
[2026-04-19 17:52:04] Run ID:    20260419_1750_c9044994
[2026-04-19 17:52:04] Artifacts: /home/vegorov/Repos/eeg_jepa_research/artifacts/lee-2019-fine-tuning/SSVEP/20260419_1750_c9044994

[2026-04-19 17:52:04] Configuration:
[2026-04-19 17:52:04]   Subjects:              [51]
[2026-04-19 17:52:04]   Paradigm:              SSVEP
[2026-04-19 17:52:04]   Model:                 SignalJEPA_PreLocal
[2026-04-19 17:52:04]   Strategy:              new
[2026-04-19 17:52:04]   Warm-up epochs:        10
[2026-04-19 17:52:04]   Bandpass:              0.5-40.0 Hz
[2026-04-19 17:52:04]   Resample:              128 Hz
[2026-04-19 17:52:04]   CV folds:              5
[2026-04-19 17:52:04]   Validation split:      0.2
[2026-04-19 17:52:04]   Learning rate:         0.001
[2026-04-19 17:52:04]   Batch size:            32
[2026-04-19 17:52:04]   Max epochs:            5000
[2026-04-19 17:52:04]   CV seed:               12
[2026-04-19 17:52:04]   Pretrained loading:    legacy_state_dict

[2026-04-19 17:52:04] Results:
[2026-04-19 17:52:04]   Mean Accuracy:          0.6700 ± 0.0400
[2026-04-19 17:52:04]   Mean Balanced Accuracy: 0.6700 ± 0.0400
[2026-04-19 17:52:04]   Mean ROC-AUC:           N/A
