[2026-04-19 17:50:24] Using device: cpu
[2026-04-19 17:50:25] Seed control enabled: True
[2026-04-19 17:50:25] Base seed: 12
[2026-04-19 17:50:25] Seed initialized: 12
[2026-04-19 17:50:25] ======================================================================
[2026-04-19 17:50:25] CONFIGURATION
[2026-04-19 17:50:25] ======================================================================
[2026-04-19 17:50:25]   artifact_dir: /home/vegorov/Repos/eeg_jepa_research/artifacts/lee-2019-fine-tuning
[2026-04-19 17:50:25]   bandpass_high: 40.0
[2026-04-19 17:50:25]   bandpass_low: 0.5
[2026-04-19 17:50:25]   batch_size: 32
[2026-04-19 17:50:25]   cv_folds: 5
[2026-04-19 17:50:25]   early_stopping_patience: 50
[2026-04-19 17:50:25]   learning_rate: 0.001
[2026-04-19 17:50:25]   model_name: SignalJEPA_PreLocal
[2026-04-19 17:50:25]   n_epochs: 5000
[2026-04-19 17:50:25]   paradigm: SSVEP
[2026-04-19 17:50:25]   pretrained_url: https://huggingface.co/braindecode/SignalJEPA/resolve/main/signal-jepa_16s-60_adeuwv4s.pth
[2026-04-19 17:50:25]   seed: 12
[2026-04-19 17:50:25]   set_seed: True
[2026-04-19 17:50:25]   sfreq: 128
[2026-04-19 17:50:25]   strategy: new
[2026-04-19 17:50:25]   subjects_to_use: None
[2026-04-19 17:50:25]   val_split: 0.2
[2026-04-19 17:50:25]   warmup_epochs: 10
[2026-04-19 17:50:25]   primary_metric_name: accuracy
[2026-04-19 17:50:25] ======================================================================
[2026-04-19 17:50:25] Config saved to: /home/vegorov/Repos/eeg_jepa_research/artifacts/lee-2019-fine-tuning/SSVEP/20260419_1750_8aeecf07/config.json
[2026-04-19 17:50:25] Epoch window configuration:
[2026-04-19 17:50:25]   Target sfreq:                128 Hz
[2026-04-19 17:50:25]   Requested duration:          4.200000 s
[2026-04-19 17:50:25]   Expected window samples:     537
[2026-04-19 17:50:25]   Effective window duration:   4.195312 s
[2026-04-19 17:50:25]   Base trial samples:          512
[2026-04-19 17:50:25]   Fallback stop offset:        25
[2026-04-19 17:50:25] Dataset code: Lee2019-SSVEP
[2026-04-19 17:50:25] Subjects Total: 54
[2026-04-19 17:50:25] Events: {'12.0': 1, '8.57': 2, '6.67': 3, '5.45': 4}
[2026-04-19 17:50:25] Interval: [0.0, 4.0]
[2026-04-19 17:50:25] Paradigm: ssvep
[2026-04-19 17:50:25] Selected subjects: [48, 49, 50, 51, 52, 53, 54]
[2026-04-19 17:50:25] Expected evaluation folds: 35

[2026-04-19 17:50:25] Building MOABBDataset for Lee2019_SSVEP...
[2026-04-19 17:50:25]   Paradigm:       SSVEP
[2026-04-19 17:50:25]   Subject IDs:    [48, 49, 50, 51, 52, 53, 54]
[2026-04-19 17:50:25]   Dataset kwargs: {'train_run': True, 'test_run': False}
