[2026-05-07 11:14:32] Using device: cuda
[2026-05-07 11:14:32] Seed initialized: 12
[2026-05-07 11:14:32] ======================================================================
[2026-05-07 11:14:32] CONFIGURATION
[2026-05-07 11:14:32] ======================================================================
[2026-05-07 11:14:32]   artifact_dir: c:\Repos\eeg-jepa-research\artifacts\moabb-mi-sjepa
[2026-05-07 11:14:32]   bandpass_high: 40.0
[2026-05-07 11:14:32]   bandpass_low: 0.5
[2026-05-07 11:14:32]   batch_size: 32
[2026-05-07 11:14:32]   collapse_threshold: 0.9
[2026-05-07 11:14:32]   cv_folds: 5
[2026-05-07 11:14:32]   dataset_name: Weibo2014
[2026-05-07 11:14:32]   dataset_source: moabb
[2026-05-07 11:14:32]   early_stopping_patience: None
[2026-05-07 11:14:32]   exclude_subjects: []
[2026-05-07 11:14:32]   extract_spatial_conv_weights: True
[2026-05-07 11:14:32]   labels_to_keep: ['left_hand', 'right_hand']
[2026-05-07 11:14:32]   learning_rate: 0.001
[2026-05-07 11:14:32]   log_probability_diagnostics: True
[2026-05-07 11:14:32]   log_spatial_update_stats: True
[2026-05-07 11:14:32]   max_spatial_filters_to_plot: 8
[2026-05-07 11:14:32]   moabb_dataset_kwargs: {}
[2026-05-07 11:14:32]   model_name: SignalJEPA_PreLocal
[2026-05-07 11:14:32]   n_epochs: 50
[2026-05-07 11:14:32]   plot_individual_spatial_filters: True
[2026-05-07 11:14:32]   preprocessed_concat_dir: None
[2026-05-07 11:14:32]   pretrained_mode: from_pretrained
[2026-05-07 11:14:32]   save_spatial_weight_plots: True
[2026-05-07 11:14:32]   seed: 12
[2026-05-07 11:14:32]   set_seed: True
[2026-05-07 11:14:32]   sfreq: 128
[2026-05-07 11:14:32]   strategy: new
[2026-05-07 11:14:32]   subjects_to_use: None
[2026-05-07 11:14:32]   target_window_duration_s: 4.2
[2026-05-07 11:14:32]   topomap_dpi: 160
[2026-05-07 11:14:32]   val_split: 0.2
[2026-05-07 11:14:32]   warmup_epochs: 10
[2026-05-07 11:14:32] ======================================================================
[2026-05-07 11:14:32] Config saved to: c:\Repos\eeg-jepa-research\artifacts\moabb-mi-sjepa\Weibo2014\20260507_1114_ab1adb8b\config.json
[2026-05-07 11:14:32] Epoch window configuration:
[2026-05-07 11:14:32]   Target sfreq:            128 Hz
[2026-05-07 11:14:32]   Requested duration:      4.200 s
[2026-05-07 11:14:32]   Expected window samples: 537

[2026-05-07 11:14:32] Preprocessed concat dataset exists: False at c:\Repos\eeg-jepa-research\preprocessed_concat_datasets\Weibo2014_048eba1d_w8653d5_subjects_98eacc98

[2026-05-07 11:14:32] Building MOABBDataset for Weibo2014...
[2026-05-07 11:14:32]   Subject IDs:     [1, 2, 3, 4, 5, 6, 7, 8, 9]
[2026-05-07 11:14:32]   Dataset kwargs:  {}
[2026-05-07 11:14:55]   Recordings loaded: 9
[2026-05-07 11:14:55]   Raw labels:        ['feet', 'hands', 'left_hand', 'left_hand_right_foot', 'rest', 'right_hand', 'right_hand_left_foot']
[2026-05-07 11:14:55] Applying preprocessing...
[2026-05-07 11:15:27] Saved preprocessed raw concat dataset to: c:\Repos\eeg-jepa-research\preprocessed_concat_datasets\Weibo2014_048eba1d_w8653d5_subjects_98eacc98

[2026-05-07 11:15:29] Post-load raw validation
[2026-05-07 11:15:29]   Recordings:          9
[2026-05-07 11:15:29]   Subjects loaded:     ['1', '2', '3', '4', '5', '6', '7', '8', '9']
[2026-05-07 11:15:29]   sfreq first rec:     128.0 Hz
[2026-05-07 11:15:29]   EEG channel count:   60
[2026-05-07 11:15:29]   Labels present:      ['feet', 'hands', 'left_hand', 'left_hand_right_foot', 'rest', 'right_hand', 'right_hand_left_foot']
[2026-05-07 11:15:29]   Labels selected:     ['left_hand', 'right_hand']
[2026-05-07 11:15:29] Annotation counts before filtering: {np.str_('feet'): 710, np.str_('hands'): 710, np.str_('left_hand'): 710, np.str_('left_hand_right_foot'): 710, np.str_('rest'): 720, np.str_('right_hand'): 710, np.str_('right_hand_left_foot'): 710}
[2026-05-07 11:15:29] Filtered annotations: kept 1420 / 4980
[2026-05-07 11:15:29] Annotation counts after filtering:  {np.str_('left_hand'): 710, np.str_('right_hand'): 710}
[2026-05-07 11:15:29] Updated annotation durations:       1420
[2026-05-07 11:15:29] Window shape: (60, 537)
[2026-05-07 11:15:29] Window sample length expected=537, got=537
[2026-05-07 11:15:29] Class mapping: {'left_hand': 0, 'right_hand': 1}
[2026-05-07 11:15:29] Global class counts: [710, 710]
[2026-05-07 11:15:29] Chance level: 0.50
[2026-05-07 11:15:29] Summarizing per-subject windows...
[2026-05-07 11:15:29]   Subject 1: n_windows=160, window_shape=(60, 537), class_counts=[80, 80]
[2026-05-07 11:15:29]   Subject 2: n_windows=160, window_shape=(60, 537), class_counts=[80, 80]
[2026-05-07 11:15:29]   Subject 3: n_windows=160, window_shape=(60, 537), class_counts=[80, 80]
[2026-05-07 11:15:29]   Subject 4: n_windows=160, window_shape=(60, 537), class_counts=[80, 80]
[2026-05-07 11:15:29]   Subject 5: n_windows=160, window_shape=(60, 537), class_counts=[80, 80]
[2026-05-07 11:15:29]   Subject 6: n_windows=140, window_shape=(60, 537), class_counts=[70, 70]
[2026-05-07 11:15:29]   Subject 7: n_windows=160, window_shape=(60, 537), class_counts=[80, 80]
[2026-05-07 11:15:29]   Subject 8: n_windows=160, window_shape=(60, 537), class_counts=[80, 80]
[2026-05-07 11:15:29]   Subject 9: n_windows=160, window_shape=(60, 537), class_counts=[80, 80]
[2026-05-07 11:15:30] SignalJEPA_PreLocal instantiated successfully.
[2026-05-07 11:15:30]   Loading mode:          from_pretrained
[2026-05-07 11:15:30]   Repo:                  braindecode/signal-jepa_without-chans
[2026-05-07 11:15:30]   Total parameters:      16,134
[2026-05-07 11:15:30]   Trainable parameters:  16,134
[2026-05-07 11:15:30] ======================================================================================================================================================
Layer (type (var_name):depth-idx)                  Input Shape               Output Shape              Param #                   Kernel Shape
======================================================================================================================================================
SignalJEPA_PreLocal (SignalJEPA_PreLocal)          [1, 60, 537]              [1, 2]                    --                        --
├─Sequential (spatial_conv): 1-1                   [1, 60, 537]              [1, 4, 537]               --                        --
│    └─Rearrange (0): 2-1                          [1, 60, 537]              [1, 1, 60, 537]           --                        --
│    └─Conv2d (1): 2-2                             [1, 1, 60, 537]           [1, 4, 1, 537]            244                       [60, 1]
│    └─Rearrange (2): 2-3                          [1, 4, 1, 537]            [1, 4, 537]               --                        --
├─_ConvFeatureEncoder (feature_encoder): 1-2       [1, 4, 537]               [1, 16, 64]               --                        --
│    └─Rearrange (0): 2-4                          [1, 4, 537]               [4, 1, 537]               --                        --
│    └─Sequential (1): 2-5                         [4, 1, 537]               [4, 8, 64]                --                        --
│    │    └─Conv1d (0): 3-1                        [4, 1, 537]               [4, 8, 64]                256                       [32]
│    │    └─Dropout (1): 3-2                       [4, 8, 64]                [4, 8, 64]                --                        --
│    │    └─GroupNorm (2): 3-3                     [4, 8, 64]                [4, 8, 64]                16                        --
│    │    └─GELU (3): 3-4                          [4, 8, 64]                [4, 8, 64]                --                        --
│    └─Sequential (2): 2-6                         [4, 8, 64]                [4, 16, 32]               --                        --
│    │    └─Conv1d (0): 3-5                        [4, 8, 64]                [4, 16, 32]               256                       [2]
│    │    └─Dropout (1): 3-6                       [4, 16, 32]               [4, 16, 32]               --                        --
│    │    └─GELU (2): 3-7                          [4, 16, 32]               [4, 16, 32]               --                        --
│    └─Sequential (3): 2-7                         [4, 16, 32]               [4, 32, 16]               --                        --
│    │    └─Conv1d (0): 3-8                        [4, 16, 32]               [4, 32, 16]               1,024                     [2]
│    │    └─Dropout (1): 3-9                       [4, 32, 16]               [4, 32, 16]               --                        --
│    │    └─GELU (2): 3-10                         [4, 32, 16]               [4, 32, 16]               --                        --
│    └─Sequential (4): 2-8                         [4, 32, 16]               [4, 64, 8]                --                        --
│    │    └─Conv1d (0): 3-11                       [4, 32, 16]               [4, 64, 8]                4,096                     [2]
│    │    └─Dropout (1): 3-12                      [4, 64, 8]                [4, 64, 8]                --                        --
│    │    └─GELU (2): 3-13                         [4, 64, 8]                [4, 64, 8]                --                        --
│    └─Sequential (5): 2-9                         [4, 64, 8]                [4, 64, 4]                --                        --
│    │    └─Conv1d (0): 3-14                       [4, 64, 8]                [4, 64, 4]                8,192                     [2]
│    │    └─Dropout (1): 3-15                      [4, 64, 4]                [4, 64, 4]                --                        --
│    │    └─GELU (2): 3-16                         [4, 64, 4]                [4, 64, 4]                --                        --
│    └─Rearrange (6): 2-10                         [4, 64, 4]                [1, 16, 64]               --                        --
├─Sequential (final_layer): 1-3                    [1, 16, 64]               [1, 2]                    --                        --
│    └─Flatten (0): 2-11                           [1, 16, 64]               [1, 1024]                 --                        --
│    └─Linear (1): 2-12                            [1, 1024]                 [1, 2]                    2,050                     --
======================================================================================================================================================
Total params: 16,134
Trainable params: 16,134
Non-trainable params: 0
Total mult-adds (Units.MEGABYTES): 0.56
======================================================================================================================================================
Input size (MB): 0.13
Forward/backward pass size (MB): 0.11
Params size (MB): 0.06
Estimated Total Size (MB): 0.30
======================================================================================================================================================
[2026-05-07 11:15:31] ======================================================================
[2026-05-07 11:15:31] STARTING WITHIN-SUBJECT CROSS-VALIDATION
[2026-05-07 11:15:31] ======================================================================
[2026-05-07 11:15:31] Dataset:       Weibo2014
[2026-05-07 11:15:31] Subjects:      ['1', '2', '3', '4', '5', '6', '7', '8', '9']
[2026-05-07 11:15:31] Model:         SignalJEPA_PreLocal
[2026-05-07 11:15:31] Pretrained:    from_pretrained
[2026-05-07 11:15:31] Strategy:      new
[2026-05-07 11:15:31] CV folds:      5
[2026-05-07 11:15:31] Val split:     0.2
[2026-05-07 11:15:31] Max epochs:    50
[2026-05-07 11:15:31] Device:        cuda
[2026-05-07 11:15:31] ======================================================================

[2026-05-07 11:15:31] Subject 1: 160 windows | class_counts=[80, 80]

[2026-05-07 11:15:31] Fold 1/5 | subject=1
[2026-05-07 11:15:31]     Train windows:           128 | counts=[64, 64]
[2026-05-07 11:15:31]     Test windows:            32 | counts=[16, 16]
[2026-05-07 11:15:31]     Downstream model:        SignalJEPA_PreLocal
[2026-05-07 11:15:31]     Fine-tune strategy:      new
[2026-05-07 11:15:31]     Pretrained loading path: from_pretrained
[2026-05-07 11:15:31]     Pretrained repo:         braindecode/signal-jepa_without-chans
[2026-05-07 11:15:31]     Phase 1 (new):
[2026-05-07 11:15:31]       Trainable groups: ['spatial_conv.', 'final_layer.']
[2026-05-07 11:15:31]       Total params:     16,134
[2026-05-07 11:15:31]       Trainable params: 2,294
[2026-05-07 11:15:31]       Trainable pct:    14.22%
[2026-05-07 11:15:31]       Trainable parameter names: ['spatial_conv.1.weight', 'spatial_conv.1.bias', 'final_layer.1.weight', 'final_layer.1.bias']
[2026-05-07 11:15:31]     Sanity check passed: finite logits/loss on one training batch for SignalJEPA_PreLocal.
[2026-05-07 11:15:32]     Result | best_epoch=1 | stop=50 | acc=0.5938 | bal_acc=0.5938 | pred_hist=[19, 13] | collapse_ratio=0.5938 | collapse=False
[2026-05-07 11:15:32]     spatial_conv=[4, 60] top_abs_channels=[('AF3', 0.12287492), ('P6', 0.11091026), ('POz', 0.10994774), ('P4', 0.10478219), ('O1', 0.10260122), ('FC2', 0.10023014), ('AF4', 0.09224253), ('Pz', 0.09107663)]
[2026-05-07 11:15:32]     spatial_update=delta_l2=0.67059356 max_abs=0.14147928 relative=0.58849797 changed=True

[2026-05-07 11:15:33] Fold 2/5 | subject=1
[2026-05-07 11:15:33]     Train windows:           128 | counts=[64, 64]
[2026-05-07 11:15:33]     Test windows:            32 | counts=[16, 16]
[2026-05-07 11:15:33]     Downstream model:        SignalJEPA_PreLocal
[2026-05-07 11:15:33]     Fine-tune strategy:      new
[2026-05-07 11:15:33]     Pretrained loading path: from_pretrained
[2026-05-07 11:15:33]     Pretrained repo:         braindecode/signal-jepa_without-chans
[2026-05-07 11:15:33]     Phase 1 (new):
[2026-05-07 11:15:33]       Trainable groups: ['spatial_conv.', 'final_layer.']
[2026-05-07 11:15:33]       Total params:     16,134
[2026-05-07 11:15:33]       Trainable params: 2,294
[2026-05-07 11:15:33]       Trainable pct:    14.22%
[2026-05-07 11:15:33]       Trainable parameter names: ['spatial_conv.1.weight', 'spatial_conv.1.bias', 'final_layer.1.weight', 'final_layer.1.bias']
[2026-05-07 11:15:33]     Sanity check passed: finite logits/loss on one training batch for SignalJEPA_PreLocal.
[2026-05-07 11:15:33]     Result | best_epoch=11 | stop=50 | acc=0.4375 | bal_acc=0.4375 | pred_hist=[12, 20] | collapse_ratio=0.6250 | collapse=False
[2026-05-07 11:15:33]     spatial_conv=[4, 60] top_abs_channels=[('AF3', 0.13126184), ('C6', 0.12728971), ('CPz', 0.1137737), ('CP3', 0.10779604), ('PO5', 0.10593916), ('Pz', 0.10205064), ('P6', 0.09894647), ('P3', 0.09604626)]
[2026-05-07 11:15:33]     spatial_update=delta_l2=0.63958208 max_abs=0.14553453 relative=0.56128299 changed=True

[2026-05-07 11:15:34] Fold 3/5 | subject=1
[2026-05-07 11:15:34]     Train windows:           128 | counts=[64, 64]
[2026-05-07 11:15:34]     Test windows:            32 | counts=[16, 16]
[2026-05-07 11:15:34]     Downstream model:        SignalJEPA_PreLocal
[2026-05-07 11:15:34]     Fine-tune strategy:      new
[2026-05-07 11:15:34]     Pretrained loading path: from_pretrained
[2026-05-07 11:15:34]     Pretrained repo:         braindecode/signal-jepa_without-chans
[2026-05-07 11:15:34]     Phase 1 (new):
[2026-05-07 11:15:34]       Trainable groups: ['spatial_conv.', 'final_layer.']
[2026-05-07 11:15:34]       Total params:     16,134
[2026-05-07 11:15:34]       Trainable params: 2,294
[2026-05-07 11:15:34]       Trainable pct:    14.22%
[2026-05-07 11:15:34]       Trainable parameter names: ['spatial_conv.1.weight', 'spatial_conv.1.bias', 'final_layer.1.weight', 'final_layer.1.bias']
[2026-05-07 11:15:34]     Sanity check passed: finite logits/loss on one training batch for SignalJEPA_PreLocal.
[2026-05-07 11:15:35]     Result | best_epoch=22 | stop=50 | acc=0.5625 | bal_acc=0.5625 | pred_hist=[10, 22] | collapse_ratio=0.6875 | collapse=False
[2026-05-07 11:15:35]     spatial_conv=[4, 60] top_abs_channels=[('CP3', 0.12799481), ('Oz', 0.12768622), ('AF3', 0.10732865), ('FC5', 0.1030483), ('FC1', 0.10134985), ('Fz', 0.09754381), ('C6', 0.09458451), ('C1', 0.09378777)]
[2026-05-07 11:15:35]     spatial_update=delta_l2=0.69325642 max_abs=0.15213752 relative=0.60838640 changed=True

[2026-05-07 11:15:35] Fold 4/5 | subject=1
[2026-05-07 11:15:35]     Train windows:           128 | counts=[64, 64]
[2026-05-07 11:15:35]     Test windows:            32 | counts=[16, 16]
[2026-05-07 11:15:35]     Downstream model:        SignalJEPA_PreLocal
[2026-05-07 11:15:35]     Fine-tune strategy:      new
[2026-05-07 11:15:35]     Pretrained loading path: from_pretrained
[2026-05-07 11:15:35]     Pretrained repo:         braindecode/signal-jepa_without-chans
[2026-05-07 11:15:35]     Phase 1 (new):
[2026-05-07 11:15:35]       Trainable groups: ['spatial_conv.', 'final_layer.']
[2026-05-07 11:15:35]       Total params:     16,134
[2026-05-07 11:15:35]       Trainable params: 2,294
[2026-05-07 11:15:35]       Trainable pct:    14.22%
[2026-05-07 11:15:35]       Trainable parameter names: ['spatial_conv.1.weight', 'spatial_conv.1.bias', 'final_layer.1.weight', 'final_layer.1.bias']
[2026-05-07 11:15:35]     Sanity check passed: finite logits/loss on one training batch for SignalJEPA_PreLocal.
[2026-05-07 11:15:36]     Result | best_epoch=10 | stop=50 | acc=0.5312 | bal_acc=0.5312 | pred_hist=[21, 11] | collapse_ratio=0.6562 | collapse=False
[2026-05-07 11:15:36]     spatial_conv=[4, 60] top_abs_channels=[('AF3', 0.11897284), ('Oz', 0.11677684), ('FT7', 0.11612047), ('P8', 0.10447805), ('Fz', 0.10337441), ('CP3', 0.10077432), ('F1', 0.10033742), ('P2', 0.10005558)]
[2026-05-07 11:15:36]     spatial_update=delta_l2=0.75776024 max_abs=0.14648271 relative=0.66499352 changed=True

[2026-05-07 11:15:36] Fold 5/5 | subject=1
[2026-05-07 11:15:36]     Train windows:           128 | counts=[64, 64]
[2026-05-07 11:15:36]     Test windows:            32 | counts=[16, 16]
[2026-05-07 11:15:36]     Downstream model:        SignalJEPA_PreLocal
[2026-05-07 11:15:36]     Fine-tune strategy:      new
[2026-05-07 11:15:36]     Pretrained loading path: from_pretrained
[2026-05-07 11:15:36]     Pretrained repo:         braindecode/signal-jepa_without-chans
[2026-05-07 11:15:36]     Phase 1 (new):
[2026-05-07 11:15:36]       Trainable groups: ['spatial_conv.', 'final_layer.']
[2026-05-07 11:15:36]       Total params:     16,134
[2026-05-07 11:15:36]       Trainable params: 2,294
[2026-05-07 11:15:36]       Trainable pct:    14.22%
[2026-05-07 11:15:36]       Trainable parameter names: ['spatial_conv.1.weight', 'spatial_conv.1.bias', 'final_layer.1.weight', 'final_layer.1.bias']
[2026-05-07 11:15:36]     Sanity check passed: finite logits/loss on one training batch for SignalJEPA_PreLocal.
[2026-05-07 11:15:38]     Result | best_epoch=21 | stop=50 | acc=0.6562 | bal_acc=0.6562 | pred_hist=[13, 19] | collapse_ratio=0.5938 | collapse=False
[2026-05-07 11:15:38]     spatial_conv=[4, 60] top_abs_channels=[('AF3', 0.13762268), ('P6', 0.12733139), ('CPz', 0.11282379), ('FT7', 0.11128712), ('F8', 0.1034807), ('POz', 0.09531711), ('FC2', 0.09450075), ('Pz', 0.08768982)]
[2026-05-07 11:15:38]     spatial_update=delta_l2=0.65484615 max_abs=0.13738826 relative=0.57467840 changed=True
[2026-05-07 11:15:38]   Subject 1 summary: acc=0.5563±0.0723  bal_acc=0.5563±0.0723

[2026-05-07 11:15:38] Subject 2: 160 windows | class_counts=[80, 80]

[2026-05-07 11:15:38] Fold 1/5 | subject=2
[2026-05-07 11:15:38]     Train windows:           128 | counts=[64, 64]
[2026-05-07 11:15:38]     Test windows:            32 | counts=[16, 16]
[2026-05-07 11:15:38]     Downstream model:        SignalJEPA_PreLocal
[2026-05-07 11:15:38]     Fine-tune strategy:      new
[2026-05-07 11:15:38]     Pretrained loading path: from_pretrained
[2026-05-07 11:15:38]     Pretrained repo:         braindecode/signal-jepa_without-chans
[2026-05-07 11:15:38]     Phase 1 (new):
[2026-05-07 11:15:38]       Trainable groups: ['spatial_conv.', 'final_layer.']
[2026-05-07 11:15:38]       Total params:     16,134
[2026-05-07 11:15:38]       Trainable params: 2,294
[2026-05-07 11:15:38]       Trainable pct:    14.22%
[2026-05-07 11:15:38]       Trainable parameter names: ['spatial_conv.1.weight', 'spatial_conv.1.bias', 'final_layer.1.weight', 'final_layer.1.bias']
[2026-05-07 11:15:38]     Sanity check passed: finite logits/loss on one training batch for SignalJEPA_PreLocal.
[2026-05-07 11:15:40]     Result | best_epoch=46 | stop=50 | acc=0.5312 | bal_acc=0.5312 | pred_hist=[15, 17] | collapse_ratio=0.5312 | collapse=False
[2026-05-07 11:15:40]     spatial_conv=[4, 60] top_abs_channels=[('POz', 0.11225994), ('AF3', 0.10804471), ('FC6', 0.10756935), ('P3', 0.10646681), ('CPz', 0.10464504), ('F6', 0.09535594), ('F1', 0.09530571), ('F4', 0.09421296)]
[2026-05-07 11:15:40]     spatial_update=delta_l2=0.66427006 max_abs=0.11064325 relative=0.58294861 changed=True

[2026-05-07 11:15:40] Fold 2/5 | subject=2
[2026-05-07 11:15:40]     Train windows:           128 | counts=[64, 64]
[2026-05-07 11:15:40]     Test windows:            32 | counts=[16, 16]
[2026-05-07 11:15:40]     Downstream model:        SignalJEPA_PreLocal
[2026-05-07 11:15:40]     Fine-tune strategy:      new
[2026-05-07 11:15:40]     Pretrained loading path: from_pretrained
[2026-05-07 11:15:40]     Pretrained repo:         braindecode/signal-jepa_without-chans
[2026-05-07 11:15:40]     Phase 1 (new):
[2026-05-07 11:15:40]       Trainable groups: ['spatial_conv.', 'final_layer.']
[2026-05-07 11:15:40]       Total params:     16,134
[2026-05-07 11:15:40]       Trainable params: 2,294
[2026-05-07 11:15:40]       Trainable pct:    14.22%
[2026-05-07 11:15:40]       Trainable parameter names: ['spatial_conv.1.weight', 'spatial_conv.1.bias', 'final_layer.1.weight', 'final_layer.1.bias']
[2026-05-07 11:15:40]     Sanity check passed: finite logits/loss on one training batch for SignalJEPA_PreLocal.
[2026-05-07 11:15:42]     Result | best_epoch=48 | stop=50 | acc=0.5312 | bal_acc=0.5312 | pred_hist=[19, 13] | collapse_ratio=0.5938 | collapse=False
[2026-05-07 11:15:42]     spatial_conv=[4, 60] top_abs_channels=[('F3', 0.11926651), ('CP3', 0.10610972), ('F4', 0.10270838), ('CP6', 0.09885751), ('P3', 0.09742504), ('CPz', 0.09528372), ('Pz', 0.09459152), ('P7', 0.09285115)]
[2026-05-07 11:15:42]     spatial_update=delta_l2=0.64522492 max_abs=0.11651149 relative=0.56623502 changed=True

[2026-05-07 11:15:43] Fold 3/5 | subject=2
[2026-05-07 11:15:43]     Train windows:           128 | counts=[64, 64]
[2026-05-07 11:15:43]     Test windows:            32 | counts=[16, 16]
[2026-05-07 11:15:43]     Downstream model:        SignalJEPA_PreLocal
[2026-05-07 11:15:43]     Fine-tune strategy:      new
[2026-05-07 11:15:43]     Pretrained loading path: from_pretrained
[2026-05-07 11:15:43]     Pretrained repo:         braindecode/signal-jepa_without-chans
[2026-05-07 11:15:43]     Phase 1 (new):
[2026-05-07 11:15:43]       Trainable groups: ['spatial_conv.', 'final_layer.']
[2026-05-07 11:15:43]       Total params:     16,134
[2026-05-07 11:15:43]       Trainable params: 2,294
[2026-05-07 11:15:43]       Trainable pct:    14.22%
[2026-05-07 11:15:43]       Trainable parameter names: ['spatial_conv.1.weight', 'spatial_conv.1.bias', 'final_layer.1.weight', 'final_layer.1.bias']
[2026-05-07 11:15:43]     Sanity check passed: finite logits/loss on one training batch for SignalJEPA_PreLocal.
[2026-05-07 11:15:45]     Result | best_epoch=33 | stop=50 | acc=0.5000 | bal_acc=0.5000 | pred_hist=[22, 10] | collapse_ratio=0.6875 | collapse=False
[2026-05-07 11:15:45]     spatial_conv=[4, 60] top_abs_channels=[('P3', 0.12504068), ('Oz', 0.12265079), ('P5', 0.10808244), ('F1', 0.09200908), ('P6', 0.08880526), ('PO5', 0.08626458), ('AF3', 0.08528733), ('Fp2', 0.08434043)]
[2026-05-07 11:15:45]     spatial_update=delta_l2=0.66887764 max_abs=0.15221854 relative=0.58699212 changed=True

[2026-05-07 11:15:45] Fold 4/5 | subject=2
[2026-05-07 11:15:45]     Train windows:           128 | counts=[64, 64]
[2026-05-07 11:15:45]     Test windows:            32 | counts=[16, 16]
[2026-05-07 11:15:45]     Downstream model:        SignalJEPA_PreLocal
[2026-05-07 11:15:45]     Fine-tune strategy:      new
[2026-05-07 11:15:45]     Pretrained loading path: from_pretrained
[2026-05-07 11:15:45]     Pretrained repo:         braindecode/signal-jepa_without-chans
[2026-05-07 11:15:45]     Phase 1 (new):
[2026-05-07 11:15:45]       Trainable groups: ['spatial_conv.', 'final_layer.']
[2026-05-07 11:15:45]       Total params:     16,134
[2026-05-07 11:15:45]       Trainable params: 2,294
[2026-05-07 11:15:45]       Trainable pct:    14.22%
[2026-05-07 11:15:45]       Trainable parameter names: ['spatial_conv.1.weight', 'spatial_conv.1.bias', 'final_layer.1.weight', 'final_layer.1.bias']
[2026-05-07 11:15:45]     Sanity check passed: finite logits/loss on one training batch for SignalJEPA_PreLocal.
[2026-05-07 11:15:47]     Result | best_epoch=1 | stop=50 | acc=0.4375 | bal_acc=0.4375 | pred_hist=[20, 12] | collapse_ratio=0.6250 | collapse=False
[2026-05-07 11:15:47]     spatial_conv=[4, 60] top_abs_channels=[('P3', 0.12820043), ('F4', 0.11911909), ('AF3', 0.1037609), ('P6', 0.09671551), ('Pz', 0.09567028), ('POz', 0.09456903), ('Oz', 0.09369328), ('CP3', 0.08948295)]
[2026-05-07 11:15:47]     spatial_update=delta_l2=0.69797603 max_abs=0.12655792 relative=0.61252823 changed=True

[2026-05-07 11:15:48] Fold 5/5 | subject=2
[2026-05-07 11:15:48]     Train windows:           128 | counts=[64, 64]
[2026-05-07 11:15:48]     Test windows:            32 | counts=[16, 16]
[2026-05-07 11:15:48]     Downstream model:        SignalJEPA_PreLocal
[2026-05-07 11:15:48]     Fine-tune strategy:      new
[2026-05-07 11:15:48]     Pretrained loading path: from_pretrained
[2026-05-07 11:15:48]     Pretrained repo:         braindecode/signal-jepa_without-chans
[2026-05-07 11:15:48]     Phase 1 (new):
[2026-05-07 11:15:48]       Trainable groups: ['spatial_conv.', 'final_layer.']
[2026-05-07 11:15:48]       Total params:     16,134
[2026-05-07 11:15:48]       Trainable params: 2,294
[2026-05-07 11:15:48]       Trainable pct:    14.22%
[2026-05-07 11:15:48]       Trainable parameter names: ['spatial_conv.1.weight', 'spatial_conv.1.bias', 'final_layer.1.weight', 'final_layer.1.bias']
[2026-05-07 11:15:48]     Sanity check passed: finite logits/loss on one training batch for SignalJEPA_PreLocal.
[2026-05-07 11:15:49]     Result | best_epoch=1 | stop=50 | acc=0.5000 | bal_acc=0.5000 | pred_hist=[12, 20] | collapse_ratio=0.6250 | collapse=False
[2026-05-07 11:15:49]     spatial_conv=[4, 60] top_abs_channels=[('P6', 0.11420697), ('T8', 0.11123667), ('C2', 0.09978087), ('Fz', 0.09957401), ('CP3', 0.0946273), ('O2', 0.09291659), ('Fp1', 0.09108288), ('F5', 0.0875031)]
[2026-05-07 11:15:49]     spatial_update=delta_l2=0.74973886 max_abs=0.14630306 relative=0.65795413 changed=True
[2026-05-07 11:15:49]   Subject 2 summary: acc=0.5000±0.0342  bal_acc=0.5000±0.0342

[2026-05-07 11:15:49] Subject 3: 160 windows | class_counts=[80, 80]

[2026-05-07 11:15:50] Fold 1/5 | subject=3
[2026-05-07 11:15:50]     Train windows:           128 | counts=[64, 64]
[2026-05-07 11:15:50]     Test windows:            32 | counts=[16, 16]
[2026-05-07 11:15:50]     Downstream model:        SignalJEPA_PreLocal
[2026-05-07 11:15:50]     Fine-tune strategy:      new
[2026-05-07 11:15:50]     Pretrained loading path: from_pretrained
[2026-05-07 11:15:50]     Pretrained repo:         braindecode/signal-jepa_without-chans
[2026-05-07 11:15:50]     Phase 1 (new):
[2026-05-07 11:15:50]       Trainable groups: ['spatial_conv.', 'final_layer.']
[2026-05-07 11:15:50]       Total params:     16,134
[2026-05-07 11:15:50]       Trainable params: 2,294
[2026-05-07 11:15:50]       Trainable pct:    14.22%
[2026-05-07 11:15:50]       Trainable parameter names: ['spatial_conv.1.weight', 'spatial_conv.1.bias', 'final_layer.1.weight', 'final_layer.1.bias']
[2026-05-07 11:15:50]     Sanity check passed: finite logits/loss on one training batch for SignalJEPA_PreLocal.
[2026-05-07 11:15:52]     Result | best_epoch=27 | stop=50 | acc=0.5312 | bal_acc=0.5312 | pred_hist=[15, 17] | collapse_ratio=0.5312 | collapse=False
[2026-05-07 11:15:52]     spatial_conv=[4, 60] top_abs_channels=[('Oz', 0.1404388), ('CP6', 0.1389503), ('FC4', 0.12918487), ('AF3', 0.10108349), ('FC6', 0.09720644), ('T8', 0.09686634), ('AF4', 0.09562509), ('P7', 0.08880645)]
[2026-05-07 11:15:52]     spatial_update=delta_l2=0.75676766 max_abs=0.12752799 relative=0.66412245 changed=True

[2026-05-07 11:15:52] Fold 2/5 | subject=3
[2026-05-07 11:15:52]     Train windows:           128 | counts=[64, 64]
[2026-05-07 11:15:52]     Test windows:            32 | counts=[16, 16]
[2026-05-07 11:15:52]     Downstream model:        SignalJEPA_PreLocal
[2026-05-07 11:15:52]     Fine-tune strategy:      new
[2026-05-07 11:15:52]     Pretrained loading path: from_pretrained
[2026-05-07 11:15:52]     Pretrained repo:         braindecode/signal-jepa_without-chans
[2026-05-07 11:15:52]     Phase 1 (new):
[2026-05-07 11:15:52]       Trainable groups: ['spatial_conv.', 'final_layer.']
[2026-05-07 11:15:52]       Total params:     16,134
[2026-05-07 11:15:52]       Trainable params: 2,294
[2026-05-07 11:15:52]       Trainable pct:    14.22%
[2026-05-07 11:15:52]       Trainable parameter names: ['spatial_conv.1.weight', 'spatial_conv.1.bias', 'final_layer.1.weight', 'final_layer.1.bias']
[2026-05-07 11:15:52]     Sanity check passed: finite logits/loss on one training batch for SignalJEPA_PreLocal.
[2026-05-07 11:15:54]     Result | best_epoch=39 | stop=50 | acc=0.4062 | bal_acc=0.4062 | pred_hist=[17, 15] | collapse_ratio=0.5312 | collapse=False
[2026-05-07 11:15:54]     spatial_conv=[4, 60] top_abs_channels=[('Oz', 0.14929511), ('P3', 0.11362587), ('PO4', 0.10054109), ('PO5', 0.09469904), ('Pz', 0.09422704), ('FC2', 0.08753965), ('FT8', 0.08709427), ('T7', 0.08673446)]
[2026-05-07 11:15:54]     spatial_update=delta_l2=0.69414007 max_abs=0.13208480 relative=0.60916187 changed=True

[2026-05-07 11:15:55] Fold 3/5 | subject=3
[2026-05-07 11:15:55]     Train windows:           128 | counts=[64, 64]
[2026-05-07 11:15:55]     Test windows:            32 | counts=[16, 16]
[2026-05-07 11:15:55]     Downstream model:        SignalJEPA_PreLocal
[2026-05-07 11:15:55]     Fine-tune strategy:      new
[2026-05-07 11:15:55]     Pretrained loading path: from_pretrained
[2026-05-07 11:15:55]     Pretrained repo:         braindecode/signal-jepa_without-chans
[2026-05-07 11:15:55]     Phase 1 (new):
[2026-05-07 11:15:55]       Trainable groups: ['spatial_conv.', 'final_layer.']
[2026-05-07 11:15:55]       Total params:     16,134
[2026-05-07 11:15:55]       Trainable params: 2,294
[2026-05-07 11:15:55]       Trainable pct:    14.22%
[2026-05-07 11:15:55]       Trainable parameter names: ['spatial_conv.1.weight', 'spatial_conv.1.bias', 'final_layer.1.weight', 'final_layer.1.bias']
[2026-05-07 11:15:55]     Sanity check passed: finite logits/loss on one training batch for SignalJEPA_PreLocal.
[2026-05-07 11:15:57]     Result | best_epoch=37 | stop=50 | acc=0.5000 | bal_acc=0.5000 | pred_hist=[20, 12] | collapse_ratio=0.6250 | collapse=False
[2026-05-07 11:15:57]     spatial_conv=[4, 60] top_abs_channels=[('FC6', 0.12481923), ('Fz', 0.12315658), ('TP8', 0.11912411), ('FC4', 0.10667048), ('Oz', 0.10097414), ('CP2', 0.09706351), ('F8', 0.09252393), ('CP6', 0.09243275)]
[2026-05-07 11:15:57]     spatial_update=delta_l2=0.71771198 max_abs=0.15157130 relative=0.62984805 changed=True

[2026-05-07 11:15:57] Fold 4/5 | subject=3
[2026-05-07 11:15:57]     Train windows:           128 | counts=[64, 64]
[2026-05-07 11:15:57]     Test windows:            32 | counts=[16, 16]
[2026-05-07 11:15:57]     Downstream model:        SignalJEPA_PreLocal
[2026-05-07 11:15:57]     Fine-tune strategy:      new
[2026-05-07 11:15:57]     Pretrained loading path: from_pretrained
[2026-05-07 11:15:57]     Pretrained repo:         braindecode/signal-jepa_without-chans
[2026-05-07 11:15:57]     Phase 1 (new):
[2026-05-07 11:15:57]       Trainable groups: ['spatial_conv.', 'final_layer.']
[2026-05-07 11:15:57]       Total params:     16,134
[2026-05-07 11:15:57]       Trainable params: 2,294
[2026-05-07 11:15:57]       Trainable pct:    14.22%
[2026-05-07 11:15:57]       Trainable parameter names: ['spatial_conv.1.weight', 'spatial_conv.1.bias', 'final_layer.1.weight', 'final_layer.1.bias']
[2026-05-07 11:15:57]     Sanity check passed: finite logits/loss on one training batch for SignalJEPA_PreLocal.
[2026-05-07 11:15:59]     Result | best_epoch=49 | stop=50 | acc=0.5938 | bal_acc=0.5938 | pred_hist=[13, 19] | collapse_ratio=0.5938 | collapse=False
[2026-05-07 11:15:59]     spatial_conv=[4, 60] top_abs_channels=[('T8', 0.12418453), ('F7', 0.11279707), ('Oz', 0.11101623), ('Fz', 0.10717447), ('TP8', 0.10705061), ('POz', 0.09325221), ('FC6', 0.08957102), ('AF3', 0.0855543)]
[2026-05-07 11:15:59]     spatial_update=delta_l2=0.67083626 max_abs=0.14636056 relative=0.58871096 changed=True

[2026-05-07 11:16:00] Fold 5/5 | subject=3
[2026-05-07 11:16:00]     Train windows:           128 | counts=[64, 64]
[2026-05-07 11:16:00]     Test windows:            32 | counts=[16, 16]
[2026-05-07 11:16:00]     Downstream model:        SignalJEPA_PreLocal
[2026-05-07 11:16:00]     Fine-tune strategy:      new
[2026-05-07 11:16:00]     Pretrained loading path: from_pretrained
[2026-05-07 11:16:00]     Pretrained repo:         braindecode/signal-jepa_without-chans
[2026-05-07 11:16:00]     Phase 1 (new):
[2026-05-07 11:16:00]       Trainable groups: ['spatial_conv.', 'final_layer.']
[2026-05-07 11:16:00]       Total params:     16,134
[2026-05-07 11:16:00]       Trainable params: 2,294
[2026-05-07 11:16:00]       Trainable pct:    14.22%
[2026-05-07 11:16:00]       Trainable parameter names: ['spatial_conv.1.weight', 'spatial_conv.1.bias', 'final_layer.1.weight', 'final_layer.1.bias']
[2026-05-07 11:16:00]     Sanity check passed: finite logits/loss on one training batch for SignalJEPA_PreLocal.
[2026-05-07 11:16:02]     Result | best_epoch=47 | stop=50 | acc=0.4062 | bal_acc=0.4062 | pred_hist=[17, 15] | collapse_ratio=0.5312 | collapse=False
[2026-05-07 11:16:02]     spatial_conv=[4, 60] top_abs_channels=[('Oz', 0.13348907), ('TP8', 0.12388905), ('T8', 0.11662022), ('CP6', 0.11451783), ('POz', 0.10596175), ('P7', 0.09332493), ('P3', 0.09229912), ('P4', 0.09078801)]
[2026-05-07 11:16:02]     spatial_update=delta_l2=0.73736490 max_abs=0.12951569 relative=0.64709501 changed=True
[2026-05-07 11:16:02]   Subject 3 summary: acc=0.4875±0.0729  bal_acc=0.4875±0.0729

[2026-05-07 11:16:02] Subject 4: 160 windows | class_counts=[80, 80]

[2026-05-07 11:16:02] Fold 1/5 | subject=4
[2026-05-07 11:16:02]     Train windows:           128 | counts=[64, 64]
[2026-05-07 11:16:02]     Test windows:            32 | counts=[16, 16]
[2026-05-07 11:16:02]     Downstream model:        SignalJEPA_PreLocal
[2026-05-07 11:16:02]     Fine-tune strategy:      new
[2026-05-07 11:16:02]     Pretrained loading path: from_pretrained
[2026-05-07 11:16:02]     Pretrained repo:         braindecode/signal-jepa_without-chans
[2026-05-07 11:16:02]     Phase 1 (new):
[2026-05-07 11:16:02]       Trainable groups: ['spatial_conv.', 'final_layer.']
[2026-05-07 11:16:02]       Total params:     16,134
[2026-05-07 11:16:02]       Trainable params: 2,294
[2026-05-07 11:16:02]       Trainable pct:    14.22%
[2026-05-07 11:16:02]       Trainable parameter names: ['spatial_conv.1.weight', 'spatial_conv.1.bias', 'final_layer.1.weight', 'final_layer.1.bias']
[2026-05-07 11:16:03]     Sanity check passed: finite logits/loss on one training batch for SignalJEPA_PreLocal.
[2026-05-07 11:16:05]     Result | best_epoch=50 | stop=50 | acc=0.7188 | bal_acc=0.7188 | pred_hist=[19, 13] | collapse_ratio=0.5938 | collapse=False
[2026-05-07 11:16:05]     spatial_conv=[4, 60] top_abs_channels=[('FC2', 0.1166729), ('FC4', 0.11513823), ('FC5', 0.10105927), ('CP6', 0.09712909), ('P3', 0.09530526), ('Oz', 0.09424551), ('FC1', 0.09345887), ('P5', 0.09244892)]
[2026-05-07 11:16:05]     spatial_update=delta_l2=0.67301379 max_abs=0.16784436 relative=0.59062191 changed=True

[2026-05-07 11:16:05] Fold 2/5 | subject=4
[2026-05-07 11:16:05]     Train windows:           128 | counts=[64, 64]
[2026-05-07 11:16:05]     Test windows:            32 | counts=[16, 16]
[2026-05-07 11:16:05]     Downstream model:        SignalJEPA_PreLocal
[2026-05-07 11:16:05]     Fine-tune strategy:      new
[2026-05-07 11:16:05]     Pretrained loading path: from_pretrained
[2026-05-07 11:16:05]     Pretrained repo:         braindecode/signal-jepa_without-chans
[2026-05-07 11:16:05]     Phase 1 (new):
[2026-05-07 11:16:05]       Trainable groups: ['spatial_conv.', 'final_layer.']
[2026-05-07 11:16:05]       Total params:     16,134
[2026-05-07 11:16:05]       Trainable params: 2,294
[2026-05-07 11:16:05]       Trainable pct:    14.22%
[2026-05-07 11:16:05]       Trainable parameter names: ['spatial_conv.1.weight', 'spatial_conv.1.bias', 'final_layer.1.weight', 'final_layer.1.bias']
[2026-05-07 11:16:05]     Sanity check passed: finite logits/loss on one training batch for SignalJEPA_PreLocal.
[2026-05-07 11:16:07]     Result | best_epoch=1 | stop=50 | acc=0.7500 | bal_acc=0.7500 | pred_hist=[14, 18] | collapse_ratio=0.5625 | collapse=False
[2026-05-07 11:16:07]     spatial_conv=[4, 60] top_abs_channels=[('P7', 0.10798785), ('FC4', 0.10766144), ('FC5', 0.10369639), ('CP6', 0.10150918), ('FC6', 0.09794968), ('C2', 0.09378459), ('P3', 0.09254838), ('FC2', 0.09189828)]
[2026-05-07 11:16:07]     spatial_update=delta_l2=0.70367205 max_abs=0.11602259 relative=0.61752692 changed=True

[2026-05-07 11:16:08] Fold 3/5 | subject=4
[2026-05-07 11:16:08]     Train windows:           128 | counts=[64, 64]
[2026-05-07 11:16:08]     Test windows:            32 | counts=[16, 16]
[2026-05-07 11:16:08]     Downstream model:        SignalJEPA_PreLocal
[2026-05-07 11:16:08]     Fine-tune strategy:      new
[2026-05-07 11:16:08]     Pretrained loading path: from_pretrained
[2026-05-07 11:16:08]     Pretrained repo:         braindecode/signal-jepa_without-chans
[2026-05-07 11:16:08]     Phase 1 (new):
[2026-05-07 11:16:08]       Trainable groups: ['spatial_conv.', 'final_layer.']
[2026-05-07 11:16:08]       Total params:     16,134
[2026-05-07 11:16:08]       Trainable params: 2,294
[2026-05-07 11:16:08]       Trainable pct:    14.22%
[2026-05-07 11:16:08]       Trainable parameter names: ['spatial_conv.1.weight', 'spatial_conv.1.bias', 'final_layer.1.weight', 'final_layer.1.bias']
[2026-05-07 11:16:08]     Sanity check passed: finite logits/loss on one training batch for SignalJEPA_PreLocal.
[2026-05-07 11:16:10]     Result | best_epoch=1 | stop=50 | acc=0.5312 | bal_acc=0.5312 | pred_hist=[17, 15] | collapse_ratio=0.5312 | collapse=False
[2026-05-07 11:16:10]     spatial_conv=[4, 60] top_abs_channels=[('C3', 0.1313242), ('P3', 0.10910568), ('FC4', 0.10164392), ('FC5', 0.09351949), ('P8', 0.09319703), ('P6', 0.09256884), ('CP3', 0.09225421), ('PO5', 0.09129209)]
[2026-05-07 11:16:10]     spatial_update=delta_l2=0.68480219 max_abs=0.13379920 relative=0.60096715 changed=True

[2026-05-07 11:16:10] Fold 4/5 | subject=4
[2026-05-07 11:16:10]     Train windows:           128 | counts=[64, 64]
[2026-05-07 11:16:10]     Test windows:            32 | counts=[16, 16]
[2026-05-07 11:16:10]     Downstream model:        SignalJEPA_PreLocal
[2026-05-07 11:16:10]     Fine-tune strategy:      new
[2026-05-07 11:16:10]     Pretrained loading path: from_pretrained
[2026-05-07 11:16:10]     Pretrained repo:         braindecode/signal-jepa_without-chans
[2026-05-07 11:16:10]     Phase 1 (new):
[2026-05-07 11:16:10]       Trainable groups: ['spatial_conv.', 'final_layer.']
[2026-05-07 11:16:10]       Total params:     16,134
[2026-05-07 11:16:10]       Trainable params: 2,294
[2026-05-07 11:16:10]       Trainable pct:    14.22%
[2026-05-07 11:16:10]       Trainable parameter names: ['spatial_conv.1.weight', 'spatial_conv.1.bias', 'final_layer.1.weight', 'final_layer.1.bias']
[2026-05-07 11:16:10]     Sanity check passed: finite logits/loss on one training batch for SignalJEPA_PreLocal.
[2026-05-07 11:16:12]     Result | best_epoch=1 | stop=50 | acc=0.5000 | bal_acc=0.5000 | pred_hist=[24, 8] | collapse_ratio=0.7500 | collapse=False
[2026-05-07 11:16:12]     spatial_conv=[4, 60] top_abs_channels=[('P3', 0.11270351), ('FT8', 0.09954943), ('P7', 0.09873462), ('C1', 0.09555113), ('P5', 0.09176017), ('P4', 0.09023637), ('P8', 0.08924843), ('C2', 0.08910199)]
[2026-05-07 11:16:12]     spatial_update=delta_l2=0.67270804 max_abs=0.12331474 relative=0.59035360 changed=True

[2026-05-07 11:16:13] Fold 5/5 | subject=4
[2026-05-07 11:16:13]     Train windows:           128 | counts=[64, 64]
[2026-05-07 11:16:13]     Test windows:            32 | counts=[16, 16]
[2026-05-07 11:16:13]     Downstream model:        SignalJEPA_PreLocal
[2026-05-07 11:16:13]     Fine-tune strategy:      new
[2026-05-07 11:16:13]     Pretrained loading path: from_pretrained
[2026-05-07 11:16:13]     Pretrained repo:         braindecode/signal-jepa_without-chans
[2026-05-07 11:16:13]     Phase 1 (new):
[2026-05-07 11:16:13]       Trainable groups: ['spatial_conv.', 'final_layer.']
[2026-05-07 11:16:13]       Total params:     16,134
[2026-05-07 11:16:13]       Trainable params: 2,294
[2026-05-07 11:16:13]       Trainable pct:    14.22%
[2026-05-07 11:16:13]       Trainable parameter names: ['spatial_conv.1.weight', 'spatial_conv.1.bias', 'final_layer.1.weight', 'final_layer.1.bias']
[2026-05-07 11:16:13]     Sanity check passed: finite logits/loss on one training batch for SignalJEPA_PreLocal.
[2026-05-07 11:16:14]     Result | best_epoch=42 | stop=50 | acc=0.5625 | bal_acc=0.5625 | pred_hist=[18, 14] | collapse_ratio=0.5625 | collapse=False
[2026-05-07 11:16:14]     spatial_conv=[4, 60] top_abs_channels=[('FC4', 0.11530083), ('P3', 0.10810022), ('FC2', 0.10809927), ('FC3', 0.10598871), ('F4', 0.09626153), ('CP6', 0.0947265), ('C3', 0.08937947), ('POz', 0.0863011)]
[2026-05-07 11:16:14]     spatial_update=delta_l2=0.68255646 max_abs=0.11141317 relative=0.59899635 changed=True
[2026-05-07 11:16:14]   Subject 4 summary: acc=0.6125±0.1019  bal_acc=0.6125±0.1019

[2026-05-07 11:16:14] Subject 5: 160 windows | class_counts=[80, 80]

[2026-05-07 11:16:15] Fold 1/5 | subject=5
[2026-05-07 11:16:15]     Train windows:           128 | counts=[64, 64]
[2026-05-07 11:16:15]     Test windows:            32 | counts=[16, 16]
[2026-05-07 11:16:15]     Downstream model:        SignalJEPA_PreLocal
[2026-05-07 11:16:15]     Fine-tune strategy:      new
[2026-05-07 11:16:15]     Pretrained loading path: from_pretrained
[2026-05-07 11:16:15]     Pretrained repo:         braindecode/signal-jepa_without-chans
[2026-05-07 11:16:15]     Phase 1 (new):
[2026-05-07 11:16:15]       Trainable groups: ['spatial_conv.', 'final_layer.']
[2026-05-07 11:16:15]       Total params:     16,134
[2026-05-07 11:16:15]       Trainable params: 2,294
[2026-05-07 11:16:15]       Trainable pct:    14.22%
[2026-05-07 11:16:15]       Trainable parameter names: ['spatial_conv.1.weight', 'spatial_conv.1.bias', 'final_layer.1.weight', 'final_layer.1.bias']
[2026-05-07 11:16:15]     Sanity check passed: finite logits/loss on one training batch for SignalJEPA_PreLocal.
[2026-05-07 11:16:17]     Result | best_epoch=1 | stop=50 | acc=0.5312 | bal_acc=0.5312 | pred_hist=[7, 25] | collapse_ratio=0.7812 | collapse=False
[2026-05-07 11:16:17]     spatial_conv=[4, 60] top_abs_channels=[('FC6', 0.14378707), ('Oz', 0.10714836), ('F1', 0.10696041), ('P3', 0.10492454), ('T8', 0.09623897), ('AF3', 0.09408374), ('F8', 0.0914131), ('C1', 0.09092696)]
[2026-05-07 11:16:17]     spatial_update=delta_l2=0.59154602 max_abs=0.11859737 relative=0.51912761 changed=True

[2026-05-07 11:16:17] Fold 2/5 | subject=5
[2026-05-07 11:16:17]     Train windows:           128 | counts=[64, 64]
[2026-05-07 11:16:17]     Test windows:            32 | counts=[16, 16]
[2026-05-07 11:16:17]     Downstream model:        SignalJEPA_PreLocal
[2026-05-07 11:16:17]     Fine-tune strategy:      new
[2026-05-07 11:16:17]     Pretrained loading path: from_pretrained
[2026-05-07 11:16:17]     Pretrained repo:         braindecode/signal-jepa_without-chans
[2026-05-07 11:16:17]     Phase 1 (new):
[2026-05-07 11:16:17]       Trainable groups: ['spatial_conv.', 'final_layer.']
[2026-05-07 11:16:17]       Total params:     16,134
[2026-05-07 11:16:17]       Trainable params: 2,294
[2026-05-07 11:16:17]       Trainable pct:    14.22%
[2026-05-07 11:16:17]       Trainable parameter names: ['spatial_conv.1.weight', 'spatial_conv.1.bias', 'final_layer.1.weight', 'final_layer.1.bias']
[2026-05-07 11:16:17]     Sanity check passed: finite logits/loss on one training batch for SignalJEPA_PreLocal.
[2026-05-07 11:16:19]     Result | best_epoch=1 | stop=50 | acc=0.6250 | bal_acc=0.6250 | pred_hist=[12, 20] | collapse_ratio=0.6250 | collapse=False
[2026-05-07 11:16:19]     spatial_conv=[4, 60] top_abs_channels=[('FC3', 0.12147385), ('CP6', 0.11887068), ('FC2', 0.10531185), ('AF4', 0.09851883), ('P3', 0.09765498), ('CP3', 0.09330883), ('CP1', 0.09247985), ('PO8', 0.09194337)]
[2026-05-07 11:16:19]     spatial_update=delta_l2=0.57399367 max_abs=0.10737017 relative=0.50372406 changed=True

[2026-05-07 11:16:20] Fold 3/5 | subject=5
[2026-05-07 11:16:20]     Train windows:           128 | counts=[64, 64]
[2026-05-07 11:16:20]     Test windows:            32 | counts=[16, 16]
[2026-05-07 11:16:20]     Downstream model:        SignalJEPA_PreLocal
[2026-05-07 11:16:20]     Fine-tune strategy:      new
[2026-05-07 11:16:20]     Pretrained loading path: from_pretrained
[2026-05-07 11:16:20]     Pretrained repo:         braindecode/signal-jepa_without-chans
[2026-05-07 11:16:20]     Phase 1 (new):
[2026-05-07 11:16:20]       Trainable groups: ['spatial_conv.', 'final_layer.']
[2026-05-07 11:16:20]       Total params:     16,134
[2026-05-07 11:16:20]       Trainable params: 2,294
[2026-05-07 11:16:20]       Trainable pct:    14.22%
[2026-05-07 11:16:20]       Trainable parameter names: ['spatial_conv.1.weight', 'spatial_conv.1.bias', 'final_layer.1.weight', 'final_layer.1.bias']
[2026-05-07 11:16:20]     Sanity check passed: finite logits/loss on one training batch for SignalJEPA_PreLocal.
[2026-05-07 11:16:21]     Result | best_epoch=50 | stop=50 | acc=0.4688 | bal_acc=0.4688 | pred_hist=[17, 15] | collapse_ratio=0.5312 | collapse=False
[2026-05-07 11:16:21]     spatial_conv=[4, 60] top_abs_channels=[('FC6', 0.11969313), ('P3', 0.11726047), ('FC3', 0.11126153), ('FC2', 0.10757463), ('F1', 0.10104732), ('F8', 0.09873254), ('AF3', 0.09583689), ('O2', 0.09189661)]
[2026-05-07 11:16:21]     spatial_update=delta_l2=0.56920558 max_abs=0.12668845 relative=0.49952214 changed=True

[2026-05-07 11:16:22] Fold 4/5 | subject=5
[2026-05-07 11:16:22]     Train windows:           128 | counts=[64, 64]
[2026-05-07 11:16:22]     Test windows:            32 | counts=[16, 16]
[2026-05-07 11:16:22]     Downstream model:        SignalJEPA_PreLocal
[2026-05-07 11:16:22]     Fine-tune strategy:      new
[2026-05-07 11:16:22]     Pretrained loading path: from_pretrained
[2026-05-07 11:16:22]     Pretrained repo:         braindecode/signal-jepa_without-chans
[2026-05-07 11:16:22]     Phase 1 (new):
[2026-05-07 11:16:22]       Trainable groups: ['spatial_conv.', 'final_layer.']
[2026-05-07 11:16:22]       Total params:     16,134
[2026-05-07 11:16:22]       Trainable params: 2,294
[2026-05-07 11:16:22]       Trainable pct:    14.22%
[2026-05-07 11:16:22]       Trainable parameter names: ['spatial_conv.1.weight', 'spatial_conv.1.bias', 'final_layer.1.weight', 'final_layer.1.bias']
[2026-05-07 11:16:22]     Sanity check passed: finite logits/loss on one training batch for SignalJEPA_PreLocal.
[2026-05-07 11:16:24]     Result | best_epoch=1 | stop=50 | acc=0.4688 | bal_acc=0.4688 | pred_hist=[15, 17] | collapse_ratio=0.5312 | collapse=False
[2026-05-07 11:16:24]     spatial_conv=[4, 60] top_abs_channels=[('FC6', 0.12407142), ('FC2', 0.11356925), ('F1', 0.10673875), ('POz', 0.10030161), ('C3', 0.09955708), ('FC3', 0.09806973), ('P3', 0.09074627), ('CP4', 0.08949295)]
[2026-05-07 11:16:24]     spatial_update=delta_l2=0.59331591 max_abs=0.10668246 relative=0.52068083 changed=True

[2026-05-07 11:16:24] Fold 5/5 | subject=5
[2026-05-07 11:16:24]     Train windows:           128 | counts=[64, 64]
[2026-05-07 11:16:24]     Test windows:            32 | counts=[16, 16]
[2026-05-07 11:16:24]     Downstream model:        SignalJEPA_PreLocal
[2026-05-07 11:16:24]     Fine-tune strategy:      new
[2026-05-07 11:16:24]     Pretrained loading path: from_pretrained
[2026-05-07 11:16:24]     Pretrained repo:         braindecode/signal-jepa_without-chans
[2026-05-07 11:16:24]     Phase 1 (new):
[2026-05-07 11:16:24]       Trainable groups: ['spatial_conv.', 'final_layer.']
[2026-05-07 11:16:24]       Total params:     16,134
[2026-05-07 11:16:24]       Trainable params: 2,294
[2026-05-07 11:16:24]       Trainable pct:    14.22%
[2026-05-07 11:16:24]       Trainable parameter names: ['spatial_conv.1.weight', 'spatial_conv.1.bias', 'final_layer.1.weight', 'final_layer.1.bias']
[2026-05-07 11:16:24]     Sanity check passed: finite logits/loss on one training batch for SignalJEPA_PreLocal.
[2026-05-07 11:16:26]     Result | best_epoch=1 | stop=50 | acc=0.5938 | bal_acc=0.5938 | pred_hist=[11, 21] | collapse_ratio=0.6562 | collapse=False
[2026-05-07 11:16:26]     spatial_conv=[4, 60] top_abs_channels=[('FC6', 0.11561143), ('F1', 0.10705854), ('P3', 0.10531187), ('FC3', 0.10333876), ('PO8', 0.10218235), ('FC2', 0.10093171), ('Pz', 0.09789906), ('P6', 0.09467334)]
[2026-05-07 11:16:26]     spatial_update=delta_l2=0.51163461 max_abs=0.10336207 relative=0.44899914 changed=True
[2026-05-07 11:16:26]   Subject 5 summary: acc=0.5375±0.0637  bal_acc=0.5375±0.0637

[2026-05-07 11:16:26] Subject 6: 140 windows | class_counts=[70, 70]

[2026-05-07 11:16:27] Fold 1/5 | subject=6
[2026-05-07 11:16:27]     Train windows:           112 | counts=[56, 56]
[2026-05-07 11:16:27]     Test windows:            28 | counts=[14, 14]
[2026-05-07 11:16:27]     Downstream model:        SignalJEPA_PreLocal
[2026-05-07 11:16:27]     Fine-tune strategy:      new
[2026-05-07 11:16:27]     Pretrained loading path: from_pretrained
[2026-05-07 11:16:27]     Pretrained repo:         braindecode/signal-jepa_without-chans
[2026-05-07 11:16:27]     Phase 1 (new):
[2026-05-07 11:16:27]       Trainable groups: ['spatial_conv.', 'final_layer.']
[2026-05-07 11:16:27]       Total params:     16,134
[2026-05-07 11:16:27]       Trainable params: 2,294
[2026-05-07 11:16:27]       Trainable pct:    14.22%
[2026-05-07 11:16:27]       Trainable parameter names: ['spatial_conv.1.weight', 'spatial_conv.1.bias', 'final_layer.1.weight', 'final_layer.1.bias']
[2026-05-07 11:16:27]     Sanity check passed: finite logits/loss on one training batch for SignalJEPA_PreLocal.
[2026-05-07 11:16:29]     Result | best_epoch=2 | stop=50 | acc=0.6429 | bal_acc=0.6429 | pred_hist=[10, 18] | collapse_ratio=0.6429 | collapse=False
[2026-05-07 11:16:29]     spatial_conv=[4, 60] top_abs_channels=[('P6', 0.12442672), ('CP4', 0.10446712), ('P2', 0.09661923), ('F7', 0.09636217), ('FC2', 0.09325534), ('AF3', 0.08833607), ('P3', 0.08768263), ('Fz', 0.08579291)]
[2026-05-07 11:16:29]     spatial_update=delta_l2=0.46881341 max_abs=0.07460818 relative=0.41142021 changed=True

[2026-05-07 11:16:29] Fold 2/5 | subject=6
[2026-05-07 11:16:29]     Train windows:           112 | counts=[56, 56]
[2026-05-07 11:16:29]     Test windows:            28 | counts=[14, 14]
[2026-05-07 11:16:29]     Downstream model:        SignalJEPA_PreLocal
[2026-05-07 11:16:29]     Fine-tune strategy:      new
[2026-05-07 11:16:29]     Pretrained loading path: from_pretrained
[2026-05-07 11:16:29]     Pretrained repo:         braindecode/signal-jepa_without-chans
[2026-05-07 11:16:29]     Phase 1 (new):
[2026-05-07 11:16:29]       Trainable groups: ['spatial_conv.', 'final_layer.']
[2026-05-07 11:16:29]       Total params:     16,134
[2026-05-07 11:16:29]       Trainable params: 2,294
[2026-05-07 11:16:29]       Trainable pct:    14.22%
[2026-05-07 11:16:29]       Trainable parameter names: ['spatial_conv.1.weight', 'spatial_conv.1.bias', 'final_layer.1.weight', 'final_layer.1.bias']
[2026-05-07 11:16:29]     Sanity check passed: finite logits/loss on one training batch for SignalJEPA_PreLocal.
[2026-05-07 11:16:31]     Result | best_epoch=50 | stop=50 | acc=0.6071 | bal_acc=0.6071 | pred_hist=[11, 17] | collapse_ratio=0.6071 | collapse=False
[2026-05-07 11:16:31]     spatial_conv=[4, 60] top_abs_channels=[('F5', 0.10305476), ('F7', 0.10037268), ('P2', 0.09323683), ('P6', 0.09157515), ('Oz', 0.08891822), ('P4', 0.08701004), ('P8', 0.0867006), ('AF3', 0.08658706)]
[2026-05-07 11:16:31]     spatial_update=delta_l2=0.47493624 max_abs=0.09153402 relative=0.41679347 changed=True

[2026-05-07 11:16:32] Fold 3/5 | subject=6
[2026-05-07 11:16:32]     Train windows:           112 | counts=[56, 56]
[2026-05-07 11:16:32]     Test windows:            28 | counts=[14, 14]
[2026-05-07 11:16:32]     Downstream model:        SignalJEPA_PreLocal
[2026-05-07 11:16:32]     Fine-tune strategy:      new
[2026-05-07 11:16:32]     Pretrained loading path: from_pretrained
[2026-05-07 11:16:32]     Pretrained repo:         braindecode/signal-jepa_without-chans
[2026-05-07 11:16:32]     Phase 1 (new):
[2026-05-07 11:16:32]       Trainable groups: ['spatial_conv.', 'final_layer.']
[2026-05-07 11:16:32]       Total params:     16,134
[2026-05-07 11:16:32]       Trainable params: 2,294
[2026-05-07 11:16:32]       Trainable pct:    14.22%
[2026-05-07 11:16:32]       Trainable parameter names: ['spatial_conv.1.weight', 'spatial_conv.1.bias', 'final_layer.1.weight', 'final_layer.1.bias']
[2026-05-07 11:16:32]     Sanity check passed: finite logits/loss on one training batch for SignalJEPA_PreLocal.
[2026-05-07 11:16:33]     Result | best_epoch=50 | stop=50 | acc=0.6429 | bal_acc=0.6429 | pred_hist=[12, 16] | collapse_ratio=0.5714 | collapse=False
[2026-05-07 11:16:33]     spatial_conv=[4, 60] top_abs_channels=[('P6', 0.1043068), ('F7', 0.09718474), ('FC2', 0.09611335), ('P2', 0.0939454), ('Oz', 0.0909373), ('FC6', 0.08890191), ('PO5', 0.08747914), ('C6', 0.08747193)]
[2026-05-07 11:16:33]     spatial_update=delta_l2=0.46040686 max_abs=0.09748592 relative=0.40404281 changed=True

[2026-05-07 11:16:34] Fold 4/5 | subject=6
[2026-05-07 11:16:34]     Train windows:           112 | counts=[56, 56]
[2026-05-07 11:16:34]     Test windows:            28 | counts=[14, 14]
[2026-05-07 11:16:34]     Downstream model:        SignalJEPA_PreLocal
[2026-05-07 11:16:34]     Fine-tune strategy:      new
[2026-05-07 11:16:34]     Pretrained loading path: from_pretrained
[2026-05-07 11:16:34]     Pretrained repo:         braindecode/signal-jepa_without-chans
[2026-05-07 11:16:34]     Phase 1 (new):
[2026-05-07 11:16:34]       Trainable groups: ['spatial_conv.', 'final_layer.']
[2026-05-07 11:16:34]       Total params:     16,134
[2026-05-07 11:16:34]       Trainable params: 2,294
[2026-05-07 11:16:34]       Trainable pct:    14.22%
[2026-05-07 11:16:34]       Trainable parameter names: ['spatial_conv.1.weight', 'spatial_conv.1.bias', 'final_layer.1.weight', 'final_layer.1.bias']
[2026-05-07 11:16:34]     Sanity check passed: finite logits/loss on one training batch for SignalJEPA_PreLocal.
[2026-05-07 11:16:35]     Result | best_epoch=46 | stop=50 | acc=0.5357 | bal_acc=0.5357 | pred_hist=[9, 19] | collapse_ratio=0.6786 | collapse=False
[2026-05-07 11:16:35]     spatial_conv=[4, 60] top_abs_channels=[('P6', 0.12785244), ('PO8', 0.09482635), ('P3', 0.09113099), ('P2', 0.09041731), ('P8', 0.09036657), ('FC6', 0.08329113), ('F5', 0.08288566), ('Oz', 0.08280837)]
[2026-05-07 11:16:35]     spatial_update=delta_l2=0.43356480 max_abs=0.09174280 relative=0.38048682 changed=True

[2026-05-07 11:16:36] Fold 5/5 | subject=6
[2026-05-07 11:16:36]     Train windows:           112 | counts=[56, 56]
[2026-05-07 11:16:36]     Test windows:            28 | counts=[14, 14]
[2026-05-07 11:16:36]     Downstream model:        SignalJEPA_PreLocal
[2026-05-07 11:16:36]     Fine-tune strategy:      new
[2026-05-07 11:16:36]     Pretrained loading path: from_pretrained
[2026-05-07 11:16:36]     Pretrained repo:         braindecode/signal-jepa_without-chans
[2026-05-07 11:16:36]     Phase 1 (new):
[2026-05-07 11:16:36]       Trainable groups: ['spatial_conv.', 'final_layer.']
[2026-05-07 11:16:36]       Total params:     16,134
[2026-05-07 11:16:36]       Trainable params: 2,294
[2026-05-07 11:16:36]       Trainable pct:    14.22%
[2026-05-07 11:16:36]       Trainable parameter names: ['spatial_conv.1.weight', 'spatial_conv.1.bias', 'final_layer.1.weight', 'final_layer.1.bias']
[2026-05-07 11:16:36]     Sanity check passed: finite logits/loss on one training batch for SignalJEPA_PreLocal.
[2026-05-07 11:16:37]     Result | best_epoch=49 | stop=50 | acc=0.3571 | bal_acc=0.3571 | pred_hist=[12, 16] | collapse_ratio=0.5714 | collapse=False
[2026-05-07 11:16:37]     spatial_conv=[4, 60] top_abs_channels=[('F1', 0.09508522), ('P2', 0.09470761), ('Oz', 0.0925256), ('P6', 0.09245148), ('PO5', 0.09030131), ('FC2', 0.08903818), ('P4', 0.08814859), ('C1', 0.08623278)]
[2026-05-07 11:16:37]     spatial_update=delta_l2=0.46817262 max_abs=0.09196923 relative=0.41085787 changed=True
[2026-05-07 11:16:37]   Subject 6 summary: acc=0.5571±0.1074  bal_acc=0.5571±0.1074

[2026-05-07 11:16:37] Subject 7: 160 windows | class_counts=[80, 80]

[2026-05-07 11:16:38] Fold 1/5 | subject=7
[2026-05-07 11:16:38]     Train windows:           128 | counts=[64, 64]
[2026-05-07 11:16:38]     Test windows:            32 | counts=[16, 16]
[2026-05-07 11:16:38]     Downstream model:        SignalJEPA_PreLocal
[2026-05-07 11:16:38]     Fine-tune strategy:      new
[2026-05-07 11:16:38]     Pretrained loading path: from_pretrained
[2026-05-07 11:16:38]     Pretrained repo:         braindecode/signal-jepa_without-chans
[2026-05-07 11:16:38]     Phase 1 (new):
[2026-05-07 11:16:38]       Trainable groups: ['spatial_conv.', 'final_layer.']
[2026-05-07 11:16:38]       Total params:     16,134
[2026-05-07 11:16:38]       Trainable params: 2,294
[2026-05-07 11:16:38]       Trainable pct:    14.22%
[2026-05-07 11:16:38]       Trainable parameter names: ['spatial_conv.1.weight', 'spatial_conv.1.bias', 'final_layer.1.weight', 'final_layer.1.bias']
[2026-05-07 11:16:38]     Sanity check passed: finite logits/loss on one training batch for SignalJEPA_PreLocal.
[2026-05-07 11:16:40]     Result | best_epoch=50 | stop=50 | acc=0.4375 | bal_acc=0.4375 | pred_hist=[20, 12] | collapse_ratio=0.6250 | collapse=False
[2026-05-07 11:16:40]     spatial_conv=[4, 60] top_abs_channels=[('F5', 0.10486078), ('C2', 0.10424541), ('F1', 0.10402301), ('P3', 0.10027862), ('CP6', 0.098755), ('CP3', 0.09750575), ('Pz', 0.08864278), ('P7', 0.08714765)]
[2026-05-07 11:16:40]     spatial_update=delta_l2=0.58564847 max_abs=0.10116235 relative=0.51395206 changed=True

[2026-05-07 11:16:40] Fold 2/5 | subject=7
[2026-05-07 11:16:40]     Train windows:           128 | counts=[64, 64]
[2026-05-07 11:16:40]     Test windows:            32 | counts=[16, 16]
[2026-05-07 11:16:40]     Downstream model:        SignalJEPA_PreLocal
[2026-05-07 11:16:40]     Fine-tune strategy:      new
[2026-05-07 11:16:40]     Pretrained loading path: from_pretrained
[2026-05-07 11:16:40]     Pretrained repo:         braindecode/signal-jepa_without-chans
[2026-05-07 11:16:40]     Phase 1 (new):
[2026-05-07 11:16:40]       Trainable groups: ['spatial_conv.', 'final_layer.']
[2026-05-07 11:16:40]       Total params:     16,134
[2026-05-07 11:16:40]       Trainable params: 2,294
[2026-05-07 11:16:40]       Trainable pct:    14.22%
[2026-05-07 11:16:40]       Trainable parameter names: ['spatial_conv.1.weight', 'spatial_conv.1.bias', 'final_layer.1.weight', 'final_layer.1.bias']
[2026-05-07 11:16:40]     Sanity check passed: finite logits/loss on one training batch for SignalJEPA_PreLocal.
[2026-05-07 11:16:42]     Result | best_epoch=42 | stop=50 | acc=0.6250 | bal_acc=0.6250 | pred_hist=[16, 16] | collapse_ratio=0.5000 | collapse=False
[2026-05-07 11:16:42]     spatial_conv=[4, 60] top_abs_channels=[('F1', 0.14435923), ('P3', 0.12331584), ('P6', 0.12035156), ('FC6', 0.11724442), ('FC2', 0.11210297), ('CP4', 0.10970552), ('F5', 0.09610116), ('PO5', 0.09456771)]
[2026-05-07 11:16:42]     spatial_update=delta_l2=0.68454257 max_abs=0.16397480 relative=0.60073932 changed=True

[2026-05-07 11:16:43] Fold 3/5 | subject=7
[2026-05-07 11:16:43]     Train windows:           128 | counts=[64, 64]
[2026-05-07 11:16:43]     Test windows:            32 | counts=[16, 16]
[2026-05-07 11:16:43]     Downstream model:        SignalJEPA_PreLocal
[2026-05-07 11:16:43]     Fine-tune strategy:      new
[2026-05-07 11:16:43]     Pretrained loading path: from_pretrained
[2026-05-07 11:16:43]     Pretrained repo:         braindecode/signal-jepa_without-chans
[2026-05-07 11:16:43]     Phase 1 (new):
[2026-05-07 11:16:43]       Trainable groups: ['spatial_conv.', 'final_layer.']
[2026-05-07 11:16:43]       Total params:     16,134
[2026-05-07 11:16:43]       Trainable params: 2,294
[2026-05-07 11:16:43]       Trainable pct:    14.22%
[2026-05-07 11:16:43]       Trainable parameter names: ['spatial_conv.1.weight', 'spatial_conv.1.bias', 'final_layer.1.weight', 'final_layer.1.bias']
[2026-05-07 11:16:43]     Sanity check passed: finite logits/loss on one training batch for SignalJEPA_PreLocal.
[2026-05-07 11:16:45]     Result | best_epoch=11 | stop=50 | acc=0.5625 | bal_acc=0.5625 | pred_hist=[20, 12] | collapse_ratio=0.6250 | collapse=False
[2026-05-07 11:16:45]     spatial_conv=[4, 60] top_abs_channels=[('F5', 0.13402902), ('C2', 0.12405261), ('P3', 0.11891127), ('CP6', 0.10882685), ('F1', 0.10695209), ('Pz', 0.10082796), ('PO5', 0.09573065), ('Oz', 0.09300932)]
[2026-05-07 11:16:45]     spatial_update=delta_l2=0.68126343 max_abs=0.13988813 relative=0.59786162 changed=True

[2026-05-07 11:16:45] Fold 4/5 | subject=7
[2026-05-07 11:16:45]     Train windows:           128 | counts=[64, 64]
[2026-05-07 11:16:45]     Test windows:            32 | counts=[16, 16]
[2026-05-07 11:16:45]     Downstream model:        SignalJEPA_PreLocal
[2026-05-07 11:16:45]     Fine-tune strategy:      new
[2026-05-07 11:16:45]     Pretrained loading path: from_pretrained
[2026-05-07 11:16:45]     Pretrained repo:         braindecode/signal-jepa_without-chans
[2026-05-07 11:16:45]     Phase 1 (new):
[2026-05-07 11:16:45]       Trainable groups: ['spatial_conv.', 'final_layer.']
[2026-05-07 11:16:45]       Total params:     16,134
[2026-05-07 11:16:45]       Trainable params: 2,294
[2026-05-07 11:16:45]       Trainable pct:    14.22%
[2026-05-07 11:16:45]       Trainable parameter names: ['spatial_conv.1.weight', 'spatial_conv.1.bias', 'final_layer.1.weight', 'final_layer.1.bias']
[2026-05-07 11:16:45]     Sanity check passed: finite logits/loss on one training batch for SignalJEPA_PreLocal.
[2026-05-07 11:16:47]     Result | best_epoch=1 | stop=50 | acc=0.4375 | bal_acc=0.4375 | pred_hist=[16, 16] | collapse_ratio=0.5000 | collapse=False
[2026-05-07 11:16:47]     spatial_conv=[4, 60] top_abs_channels=[('F1', 0.12111253), ('P3', 0.10113102), ('AF3', 0.10035042), ('F5', 0.09657354), ('FC2', 0.09489828), ('Pz', 0.09405805), ('C2', 0.09361432), ('FC1', 0.08965649)]
[2026-05-07 11:16:47]     spatial_update=delta_l2=0.68874844 max_abs=0.12258664 relative=0.60443030 changed=True

[2026-05-07 11:16:48] Fold 5/5 | subject=7
[2026-05-07 11:16:48]     Train windows:           128 | counts=[64, 64]
[2026-05-07 11:16:48]     Test windows:            32 | counts=[16, 16]
[2026-05-07 11:16:48]     Downstream model:        SignalJEPA_PreLocal
[2026-05-07 11:16:48]     Fine-tune strategy:      new
[2026-05-07 11:16:48]     Pretrained loading path: from_pretrained
[2026-05-07 11:16:48]     Pretrained repo:         braindecode/signal-jepa_without-chans
[2026-05-07 11:16:48]     Phase 1 (new):
[2026-05-07 11:16:48]       Trainable groups: ['spatial_conv.', 'final_layer.']
[2026-05-07 11:16:48]       Total params:     16,134
[2026-05-07 11:16:48]       Trainable params: 2,294
[2026-05-07 11:16:48]       Trainable pct:    14.22%
[2026-05-07 11:16:48]       Trainable parameter names: ['spatial_conv.1.weight', 'spatial_conv.1.bias', 'final_layer.1.weight', 'final_layer.1.bias']
[2026-05-07 11:16:48]     Sanity check passed: finite logits/loss on one training batch for SignalJEPA_PreLocal.
[2026-05-07 11:16:50]     Result | best_epoch=1 | stop=50 | acc=0.4375 | bal_acc=0.4375 | pred_hist=[14, 18] | collapse_ratio=0.5625 | collapse=False
[2026-05-07 11:16:50]     spatial_conv=[4, 60] top_abs_channels=[('P6', 0.1170459), ('Pz', 0.10763163), ('Oz', 0.10547943), ('P3', 0.10248695), ('CP3', 0.10007441), ('C2', 0.09766015), ('F8', 0.09403126), ('FC2', 0.09014766)]
[2026-05-07 11:16:50]     spatial_update=delta_l2=0.64586936 max_abs=0.14431461 relative=0.56680057 changed=True
[2026-05-07 11:16:50]   Subject 7 summary: acc=0.5000±0.0791  bal_acc=0.5000±0.0791

[2026-05-07 11:16:50] Subject 8: 160 windows | class_counts=[80, 80]

[2026-05-07 11:16:50] Fold 1/5 | subject=8
[2026-05-07 11:16:50]     Train windows:           128 | counts=[64, 64]
[2026-05-07 11:16:50]     Test windows:            32 | counts=[16, 16]
[2026-05-07 11:16:50]     Downstream model:        SignalJEPA_PreLocal
[2026-05-07 11:16:50]     Fine-tune strategy:      new
[2026-05-07 11:16:50]     Pretrained loading path: from_pretrained
[2026-05-07 11:16:50]     Pretrained repo:         braindecode/signal-jepa_without-chans
[2026-05-07 11:16:50]     Phase 1 (new):
[2026-05-07 11:16:50]       Trainable groups: ['spatial_conv.', 'final_layer.']
[2026-05-07 11:16:50]       Total params:     16,134
[2026-05-07 11:16:50]       Trainable params: 2,294
[2026-05-07 11:16:50]       Trainable pct:    14.22%
[2026-05-07 11:16:50]       Trainable parameter names: ['spatial_conv.1.weight', 'spatial_conv.1.bias', 'final_layer.1.weight', 'final_layer.1.bias']
[2026-05-07 11:16:50]     Sanity check passed: finite logits/loss on one training batch for SignalJEPA_PreLocal.
[2026-05-07 11:16:53]     Result | best_epoch=1 | stop=50 | acc=0.5938 | bal_acc=0.5938 | pred_hist=[19, 13] | collapse_ratio=0.5938 | collapse=False
[2026-05-07 11:16:53]     spatial_conv=[4, 60] top_abs_channels=[('PO5', 0.17698547), ('P3', 0.12461038), ('PO4', 0.1169766), ('TP8', 0.1133738), ('F8', 0.11319865), ('T8', 0.11231306), ('Oz', 0.10727967), ('CP6', 0.10579241)]
[2026-05-07 11:16:53]     spatial_update=delta_l2=0.81595228 max_abs=0.14344922 relative=0.71606155 changed=True

[2026-05-07 11:16:53] Fold 2/5 | subject=8
[2026-05-07 11:16:53]     Train windows:           128 | counts=[64, 64]
[2026-05-07 11:16:53]     Test windows:            32 | counts=[16, 16]
[2026-05-07 11:16:53]     Downstream model:        SignalJEPA_PreLocal
[2026-05-07 11:16:53]     Fine-tune strategy:      new
[2026-05-07 11:16:53]     Pretrained loading path: from_pretrained
[2026-05-07 11:16:53]     Pretrained repo:         braindecode/signal-jepa_without-chans
[2026-05-07 11:16:53]     Phase 1 (new):
[2026-05-07 11:16:53]       Trainable groups: ['spatial_conv.', 'final_layer.']
[2026-05-07 11:16:53]       Total params:     16,134
[2026-05-07 11:16:53]       Trainable params: 2,294
[2026-05-07 11:16:53]       Trainable pct:    14.22%
[2026-05-07 11:16:53]       Trainable parameter names: ['spatial_conv.1.weight', 'spatial_conv.1.bias', 'final_layer.1.weight', 'final_layer.1.bias']
[2026-05-07 11:16:53]     Sanity check passed: finite logits/loss on one training batch for SignalJEPA_PreLocal.
[2026-05-07 11:16:55]     Result | best_epoch=49 | stop=50 | acc=0.4062 | bal_acc=0.4062 | pred_hist=[13, 19] | collapse_ratio=0.5938 | collapse=False
[2026-05-07 11:16:55]     spatial_conv=[4, 60] top_abs_channels=[('C1', 0.12534307), ('CPz', 0.11806845), ('P3', 0.11799186), ('C3', 0.10892517), ('Pz', 0.10513094), ('FC6', 0.10436289), ('CP1', 0.09906748), ('PO4', 0.0961118)]
[2026-05-07 11:16:55]     spatial_update=delta_l2=0.68014423 max_abs=0.13197676 relative=0.59687943 changed=True

[2026-05-07 11:16:56] Fold 3/5 | subject=8
[2026-05-07 11:16:56]     Train windows:           128 | counts=[64, 64]
[2026-05-07 11:16:56]     Test windows:            32 | counts=[16, 16]
[2026-05-07 11:16:56]     Downstream model:        SignalJEPA_PreLocal
[2026-05-07 11:16:56]     Fine-tune strategy:      new
[2026-05-07 11:16:56]     Pretrained loading path: from_pretrained
[2026-05-07 11:16:56]     Pretrained repo:         braindecode/signal-jepa_without-chans
[2026-05-07 11:16:56]     Phase 1 (new):
[2026-05-07 11:16:56]       Trainable groups: ['spatial_conv.', 'final_layer.']
[2026-05-07 11:16:56]       Total params:     16,134
[2026-05-07 11:16:56]       Trainable params: 2,294
[2026-05-07 11:16:56]       Trainable pct:    14.22%
[2026-05-07 11:16:56]       Trainable parameter names: ['spatial_conv.1.weight', 'spatial_conv.1.bias', 'final_layer.1.weight', 'final_layer.1.bias']
[2026-05-07 11:16:56]     Sanity check passed: finite logits/loss on one training batch for SignalJEPA_PreLocal.
[2026-05-07 11:16:57]     Result | best_epoch=50 | stop=50 | acc=0.4688 | bal_acc=0.4688 | pred_hist=[19, 13] | collapse_ratio=0.5938 | collapse=False
[2026-05-07 11:16:57]     spatial_conv=[4, 60] top_abs_channels=[('Oz', 0.14631414), ('P3', 0.13849628), ('C1', 0.12797901), ('FC3', 0.11224447), ('P6', 0.11193982), ('PO5', 0.10398038), ('FC6', 0.09435382), ('FC1', 0.0940973)]
[2026-05-07 11:16:57]     spatial_update=delta_l2=0.76883454 max_abs=0.12514507 relative=0.67471207 changed=True

[2026-05-07 11:16:58] Fold 4/5 | subject=8
[2026-05-07 11:16:58]     Train windows:           128 | counts=[64, 64]
[2026-05-07 11:16:58]     Test windows:            32 | counts=[16, 16]
[2026-05-07 11:16:58]     Downstream model:        SignalJEPA_PreLocal
[2026-05-07 11:16:58]     Fine-tune strategy:      new
[2026-05-07 11:16:58]     Pretrained loading path: from_pretrained
[2026-05-07 11:16:58]     Pretrained repo:         braindecode/signal-jepa_without-chans
[2026-05-07 11:16:58]     Phase 1 (new):
[2026-05-07 11:16:58]       Trainable groups: ['spatial_conv.', 'final_layer.']
[2026-05-07 11:16:58]       Total params:     16,134
[2026-05-07 11:16:58]       Trainable params: 2,294
[2026-05-07 11:16:58]       Trainable pct:    14.22%
[2026-05-07 11:16:58]       Trainable parameter names: ['spatial_conv.1.weight', 'spatial_conv.1.bias', 'final_layer.1.weight', 'final_layer.1.bias']
[2026-05-07 11:16:58]     Sanity check passed: finite logits/loss on one training batch for SignalJEPA_PreLocal.
[2026-05-07 11:17:00]     Result | best_epoch=50 | stop=50 | acc=0.6250 | bal_acc=0.6250 | pred_hist=[18, 14] | collapse_ratio=0.5625 | collapse=False
[2026-05-07 11:17:00]     spatial_conv=[4, 60] top_abs_channels=[('CP3', 0.12423252), ('C3', 0.11600423), ('F8', 0.10624177), ('PO4', 0.10135007), ('AF4', 0.09919561), ('P8', 0.09858822), ('AF3', 0.09790938), ('POz', 0.09748223)]
[2026-05-07 11:17:00]     spatial_update=delta_l2=0.61821335 max_abs=0.13841707 relative=0.54253027 changed=True

[2026-05-07 11:17:00] Fold 5/5 | subject=8
[2026-05-07 11:17:00]     Train windows:           128 | counts=[64, 64]
[2026-05-07 11:17:00]     Test windows:            32 | counts=[16, 16]
[2026-05-07 11:17:00]     Downstream model:        SignalJEPA_PreLocal
[2026-05-07 11:17:00]     Fine-tune strategy:      new
[2026-05-07 11:17:00]     Pretrained loading path: from_pretrained
[2026-05-07 11:17:00]     Pretrained repo:         braindecode/signal-jepa_without-chans
[2026-05-07 11:17:00]     Phase 1 (new):
[2026-05-07 11:17:00]       Trainable groups: ['spatial_conv.', 'final_layer.']
[2026-05-07 11:17:00]       Total params:     16,134
[2026-05-07 11:17:00]       Trainable params: 2,294
[2026-05-07 11:17:00]       Trainable pct:    14.22%
[2026-05-07 11:17:00]       Trainable parameter names: ['spatial_conv.1.weight', 'spatial_conv.1.bias', 'final_layer.1.weight', 'final_layer.1.bias']
[2026-05-07 11:17:00]     Sanity check passed: finite logits/loss on one training batch for SignalJEPA_PreLocal.
[2026-05-07 11:17:02]     Result | best_epoch=46 | stop=50 | acc=0.3750 | bal_acc=0.3750 | pred_hist=[16, 16] | collapse_ratio=0.5000 | collapse=False
[2026-05-07 11:17:02]     spatial_conv=[4, 60] top_abs_channels=[('Oz', 0.13354303), ('C1', 0.12331126), ('FT8', 0.12310631), ('CPz', 0.12112765), ('P8', 0.1136636), ('P4', 0.10506172), ('P3', 0.10200067), ('F8', 0.10184021)]
[2026-05-07 11:17:02]     spatial_update=delta_l2=0.68294679 max_abs=0.12529767 relative=0.59933889 changed=True
[2026-05-07 11:17:02]   Subject 8 summary: acc=0.4938±0.0996  bal_acc=0.4938±0.0996

[2026-05-07 11:17:02] Subject 9: 160 windows | class_counts=[80, 80]

[2026-05-07 11:17:02] Fold 1/5 | subject=9
[2026-05-07 11:17:02]     Train windows:           128 | counts=[64, 64]
[2026-05-07 11:17:02]     Test windows:            32 | counts=[16, 16]
[2026-05-07 11:17:02]     Downstream model:        SignalJEPA_PreLocal
[2026-05-07 11:17:02]     Fine-tune strategy:      new
[2026-05-07 11:17:02]     Pretrained loading path: from_pretrained
[2026-05-07 11:17:02]     Pretrained repo:         braindecode/signal-jepa_without-chans
[2026-05-07 11:17:02]     Phase 1 (new):
[2026-05-07 11:17:02]       Trainable groups: ['spatial_conv.', 'final_layer.']
[2026-05-07 11:17:02]       Total params:     16,134
[2026-05-07 11:17:02]       Trainable params: 2,294
[2026-05-07 11:17:02]       Trainable pct:    14.22%
[2026-05-07 11:17:02]       Trainable parameter names: ['spatial_conv.1.weight', 'spatial_conv.1.bias', 'final_layer.1.weight', 'final_layer.1.bias']
[2026-05-07 11:17:02]     Sanity check passed: finite logits/loss on one training batch for SignalJEPA_PreLocal.
[2026-05-07 11:17:04]     Result | best_epoch=50 | stop=50 | acc=0.5000 | bal_acc=0.5000 | pred_hist=[16, 16] | collapse_ratio=0.5000 | collapse=False
[2026-05-07 11:17:04]     spatial_conv=[4, 60] top_abs_channels=[('C6', 0.13447207), ('CP4', 0.12157317), ('Oz', 0.11518881), ('P3', 0.10574798), ('Pz', 0.09499047), ('P6', 0.0946259), ('TP8', 0.09100111), ('AF4', 0.08821112)]
[2026-05-07 11:17:04]     spatial_update=delta_l2=0.54781815 max_abs=0.11355191 relative=0.48075301 changed=True

[2026-05-07 11:17:05] Fold 2/5 | subject=9
[2026-05-07 11:17:05]     Train windows:           128 | counts=[64, 64]
[2026-05-07 11:17:05]     Test windows:            32 | counts=[16, 16]
[2026-05-07 11:17:05]     Downstream model:        SignalJEPA_PreLocal
[2026-05-07 11:17:05]     Fine-tune strategy:      new
[2026-05-07 11:17:05]     Pretrained loading path: from_pretrained
[2026-05-07 11:17:05]     Pretrained repo:         braindecode/signal-jepa_without-chans
[2026-05-07 11:17:05]     Phase 1 (new):
[2026-05-07 11:17:05]       Trainable groups: ['spatial_conv.', 'final_layer.']
[2026-05-07 11:17:05]       Total params:     16,134
[2026-05-07 11:17:05]       Trainable params: 2,294
[2026-05-07 11:17:05]       Trainable pct:    14.22%
[2026-05-07 11:17:05]       Trainable parameter names: ['spatial_conv.1.weight', 'spatial_conv.1.bias', 'final_layer.1.weight', 'final_layer.1.bias']
[2026-05-07 11:17:05]     Sanity check passed: finite logits/loss on one training batch for SignalJEPA_PreLocal.
[2026-05-07 11:17:06]     Result | best_epoch=28 | stop=50 | acc=0.5000 | bal_acc=0.5000 | pred_hist=[20, 12] | collapse_ratio=0.6250 | collapse=False
[2026-05-07 11:17:06]     spatial_conv=[4, 60] top_abs_channels=[('C6', 0.1130774), ('Oz', 0.11209007), ('CP4', 0.1007091), ('P3', 0.09494688), ('P2', 0.09152821), ('P4', 0.09125201), ('PO5', 0.08828884), ('PO8', 0.08746771)]
[2026-05-07 11:17:06]     spatial_update=delta_l2=0.56636757 max_abs=0.11943716 relative=0.49703157 changed=True

[2026-05-07 11:17:07] Fold 3/5 | subject=9
[2026-05-07 11:17:07]     Train windows:           128 | counts=[64, 64]
[2026-05-07 11:17:07]     Test windows:            32 | counts=[16, 16]
[2026-05-07 11:17:07]     Downstream model:        SignalJEPA_PreLocal
[2026-05-07 11:17:07]     Fine-tune strategy:      new
[2026-05-07 11:17:07]     Pretrained loading path: from_pretrained
[2026-05-07 11:17:07]     Pretrained repo:         braindecode/signal-jepa_without-chans
[2026-05-07 11:17:07]     Phase 1 (new):
[2026-05-07 11:17:07]       Trainable groups: ['spatial_conv.', 'final_layer.']
[2026-05-07 11:17:07]       Total params:     16,134
[2026-05-07 11:17:07]       Trainable params: 2,294
[2026-05-07 11:17:07]       Trainable pct:    14.22%
[2026-05-07 11:17:07]       Trainable parameter names: ['spatial_conv.1.weight', 'spatial_conv.1.bias', 'final_layer.1.weight', 'final_layer.1.bias']
[2026-05-07 11:17:07]     Sanity check passed: finite logits/loss on one training batch for SignalJEPA_PreLocal.
[2026-05-07 11:17:09]     Result | best_epoch=50 | stop=50 | acc=0.6250 | bal_acc=0.6250 | pred_hist=[14, 18] | collapse_ratio=0.5625 | collapse=False
[2026-05-07 11:17:09]     spatial_conv=[4, 60] top_abs_channels=[('C6', 0.11117399), ('CP3', 0.10965185), ('Oz', 0.10773653), ('P3', 0.09869654), ('Pz', 0.09423355), ('FC6', 0.09264632), ('Fz', 0.0919878), ('F7', 0.0911915)]
[2026-05-07 11:17:09]     spatial_update=delta_l2=0.55001125 max_abs=0.14045731 relative=0.48267762 changed=True

[2026-05-07 11:17:09] Fold 4/5 | subject=9
[2026-05-07 11:17:09]     Train windows:           128 | counts=[64, 64]
[2026-05-07 11:17:09]     Test windows:            32 | counts=[16, 16]
[2026-05-07 11:17:09]     Downstream model:        SignalJEPA_PreLocal
[2026-05-07 11:17:09]     Fine-tune strategy:      new
[2026-05-07 11:17:09]     Pretrained loading path: from_pretrained
[2026-05-07 11:17:09]     Pretrained repo:         braindecode/signal-jepa_without-chans
[2026-05-07 11:17:09]     Phase 1 (new):
[2026-05-07 11:17:09]       Trainable groups: ['spatial_conv.', 'final_layer.']
[2026-05-07 11:17:09]       Total params:     16,134
[2026-05-07 11:17:09]       Trainable params: 2,294
[2026-05-07 11:17:09]       Trainable pct:    14.22%
[2026-05-07 11:17:09]       Trainable parameter names: ['spatial_conv.1.weight', 'spatial_conv.1.bias', 'final_layer.1.weight', 'final_layer.1.bias']
[2026-05-07 11:17:09]     Sanity check passed: finite logits/loss on one training batch for SignalJEPA_PreLocal.
[2026-05-07 11:17:11]     Result | best_epoch=1 | stop=50 | acc=0.6250 | bal_acc=0.6250 | pred_hist=[16, 16] | collapse_ratio=0.5000 | collapse=False
[2026-05-07 11:17:11]     spatial_conv=[4, 60] top_abs_channels=[('C6', 0.12415422), ('P3', 0.11192188), ('CP3', 0.10461085), ('F7', 0.10207781), ('F4', 0.09900916), ('FC6', 0.09721088), ('AF3', 0.09712974), ('AF4', 0.09589802)]
[2026-05-07 11:17:11]     spatial_update=delta_l2=0.61080930 max_abs=0.13143945 relative=0.53603264 changed=True

[2026-05-07 11:17:12] Fold 5/5 | subject=9
[2026-05-07 11:17:12]     Train windows:           128 | counts=[64, 64]
[2026-05-07 11:17:12]     Test windows:            32 | counts=[16, 16]
[2026-05-07 11:17:12]     Downstream model:        SignalJEPA_PreLocal
[2026-05-07 11:17:12]     Fine-tune strategy:      new
[2026-05-07 11:17:12]     Pretrained loading path: from_pretrained
[2026-05-07 11:17:12]     Pretrained repo:         braindecode/signal-jepa_without-chans
[2026-05-07 11:17:12]     Phase 1 (new):
[2026-05-07 11:17:12]       Trainable groups: ['spatial_conv.', 'final_layer.']
[2026-05-07 11:17:12]       Total params:     16,134
[2026-05-07 11:17:12]       Trainable params: 2,294
[2026-05-07 11:17:12]       Trainable pct:    14.22%
[2026-05-07 11:17:12]       Trainable parameter names: ['spatial_conv.1.weight', 'spatial_conv.1.bias', 'final_layer.1.weight', 'final_layer.1.bias']
[2026-05-07 11:17:12]     Sanity check passed: finite logits/loss on one training batch for SignalJEPA_PreLocal.
[2026-05-07 11:17:14]     Result | best_epoch=1 | stop=50 | acc=0.5938 | bal_acc=0.5938 | pred_hist=[11, 21] | collapse_ratio=0.6562 | collapse=False
[2026-05-07 11:17:14]     spatial_conv=[4, 60] top_abs_channels=[('FC2', 0.11557354), ('Oz', 0.11245687), ('CP3', 0.1067348), ('CP4', 0.10398123), ('C6', 0.10349318), ('P2', 0.09139226), ('P6', 0.09122465), ('FC4', 0.0888535)]
[2026-05-07 11:17:14]     spatial_update=delta_l2=0.55715294 max_abs=0.14704370 relative=0.48894501 changed=True
[2026-05-07 11:17:14]   Subject 9 summary: acc=0.5687±0.0573  bal_acc=0.5687±0.0573

[2026-05-07 11:17:14] Total folds completed: 45
[2026-05-07 11:17:14] ======================================================================
[2026-05-07 11:17:14] AGGREGATED RESULTS
[2026-05-07 11:17:14] ======================================================================
[2026-05-07 11:17:14]   1: acc=0.5563±0.0723  bal_acc=0.5563±0.0723
[2026-05-07 11:17:14]   2: acc=0.5000±0.0342  bal_acc=0.5000±0.0342
[2026-05-07 11:17:14]   3: acc=0.4875±0.0729  bal_acc=0.4875±0.0729
[2026-05-07 11:17:14]   4: acc=0.6125±0.1019  bal_acc=0.6125±0.1019
[2026-05-07 11:17:14]   5: acc=0.5375±0.0637  bal_acc=0.5375±0.0637
[2026-05-07 11:17:14]   6: acc=0.5571±0.1074  bal_acc=0.5571±0.1074
[2026-05-07 11:17:14]   7: acc=0.5000±0.0791  bal_acc=0.5000±0.0791
[2026-05-07 11:17:14]   8: acc=0.4938±0.0996  bal_acc=0.4938±0.0996
[2026-05-07 11:17:14]   9: acc=0.5687±0.0573  bal_acc=0.5687±0.0573
[2026-05-07 11:17:14] ----------------------------------------------------------------------
[2026-05-07 11:17:14]   OVERALL: acc=0.5348±0.0892  bal_acc=0.5348±0.0892
[2026-05-07 11:17:14] ======================================================================

[2026-05-07 11:17:14] ======================================================================
[2026-05-07 11:17:14] EXPERIMENT SUMMARY
[2026-05-07 11:17:14] ======================================================================
[2026-05-07 11:17:14] Run ID:                 20260507_1114_ab1adb8b
[2026-05-07 11:17:14] Dataset:                Weibo2014
[2026-05-07 11:17:14] Labels kept:            ['left_hand', 'right_hand']
[2026-05-07 11:17:14] Model:                  SignalJEPA_PreLocal
[2026-05-07 11:17:14] Pretrained mode:        from_pretrained
[2026-05-07 11:17:14] Strategy:               new
[2026-05-07 11:17:14] Window:                 4.200s / 537 samples
[2026-05-07 11:17:14] Artifacts:              c:\Repos\eeg-jepa-research\artifacts\moabb-mi-sjepa\Weibo2014\20260507_1114_ab1adb8b
[2026-05-07 11:17:14] Mean Accuracy:          0.5348 ± 0.0892
[2026-05-07 11:17:14] Mean Balanced Accuracy: 0.5348 ± 0.0892
[2026-05-07 11:17:14] ======================================================================

[2026-05-07 11:17:14] Spatial convolution analysis saved:
[2026-05-07 11:17:14]   Long channel CSV:        c:\Repos\eeg-jepa-research\artifacts\moabb-mi-sjepa\Weibo2014\20260507_1114_ab1adb8b\spatial_conv_analysis\spatial_channel_importance_long.csv
[2026-05-07 11:17:14]   Fold diagnostics CSV:    c:\Repos\eeg-jepa-research\artifacts\moabb-mi-sjepa\Weibo2014\20260507_1114_ab1adb8b\spatial_conv_analysis\fold_diagnostics.csv
[2026-05-07 11:17:14]   Fold weight JSON:        c:\Repos\eeg-jepa-research\artifacts\moabb-mi-sjepa\Weibo2014\20260507_1114_ab1adb8b\spatial_conv_analysis\spatial_conv_weights_by_fold.json
[2026-05-07 11:17:14]   Global importance CSV:   c:\Repos\eeg-jepa-research\artifacts\moabb-mi-sjepa\Weibo2014\20260507_1114_ab1adb8b\spatial_conv_analysis\spatial_channel_importance_global.csv
[2026-05-07 11:17:14]   Subject importance CSV:  c:\Repos\eeg-jepa-research\artifacts\moabb-mi-sjepa\Weibo2014\20260507_1114_ab1adb8b\spatial_conv_analysis\spatial_channel_importance_by_subject.csv
[2026-05-07 11:17:14]   Diagnostic summary JSON: c:\Repos\eeg-jepa-research\artifacts\moabb-mi-sjepa\Weibo2014\20260507_1114_ab1adb8b\spatial_conv_analysis\diagnostic_summary.json

[2026-05-07 11:17:14] Diagnostic summary:
[2026-05-07 11:17:14] {
  "n_folds": 45,
  "collapse_rate": 0.0,
  "mean_collapse_ratio": 0.5939484126666668,
  "mean_spatial_delta_l2": 0.6370135944444445,
  "mean_spatial_relative_delta": 0.5590289455555555,
  "spatial_changed_rate": 1.0,
  "mean_confidence": 0.5447884762222222,
  "mean_normalized_prediction_entropy": 0.9895338773333334
}

[2026-05-07 11:17:14] Top global channels by mean absolute spatial weight:
[2026-05-07 11:17:14]   Global topomap:          c:\Repos\eeg-jepa-research\artifacts\moabb-mi-sjepa\Weibo2014\20260507_1114_ab1adb8b\spatial_conv_analysis\global_mean_abs_spatial_weight_topomap.png
[2026-05-07 11:17:14]   Global filter grid:      c:\Repos\eeg-jepa-research\artifacts\moabb-mi-sjepa\Weibo2014\20260507_1114_ab1adb8b\spatial_conv_analysis\global_mean_spatial_filters_topomap_grid.png
[2026-05-07 11:17:15]   Subject topomaps saved in: c:\Repos\eeg-jepa-research\artifacts\moabb-mi-sjepa\Weibo2014\20260507_1114_ab1adb8b\spatial_conv_analysis
[2026-05-07 11:17:15] CV results saved to:      c:\Repos\eeg-jepa-research\artifacts\moabb-mi-sjepa\Weibo2014\20260507_1114_ab1adb8b\cv_results.json
[2026-05-07 11:17:15] Subject metrics saved to: c:\Repos\eeg-jepa-research\artifacts\moabb-mi-sjepa\Weibo2014\20260507_1114_ab1adb8b\subject_metrics.json
[2026-05-07 11:17:15] Global metrics saved to:  c:\Repos\eeg-jepa-research\artifacts\moabb-mi-sjepa\Weibo2014\20260507_1114_ab1adb8b\global_metrics.json
[2026-05-07 11:17:15] Run metadata saved to:    c:\Repos\eeg-jepa-research\artifacts\moabb-mi-sjepa\Weibo2014\20260507_1114_ab1adb8b\run_metadata.json

[2026-05-07 11:17:15] All artifacts in: c:\Repos\eeg-jepa-research\artifacts\moabb-mi-sjepa\Weibo2014\20260507_1114_ab1adb8b
