[2026-04-22 13:00:40] Using device: cpu
[2026-04-22 13:00:40] Seed control disabled (CONFIG['set_seed'] = False)
[2026-04-22 13:00:40] ======================================================================
[2026-04-22 13:00:40] CONFIGURATION
[2026-04-22 13:00:40] ======================================================================
[2026-04-22 13:00:40]   artifact_dir: /home/vegorov/Repos/eeg_jepa_research/artifacts/lee-2019-fine-tuning
[2026-04-22 13:00:40]   bandpass_high: 40.0
[2026-04-22 13:00:40]   bandpass_low: 0.5
[2026-04-22 13:00:40]   batch_size: 32
[2026-04-22 13:00:40]   cv_folds: 5
[2026-04-22 13:00:40]   early_stopping_patience: 50
[2026-04-22 13:00:40]   learning_rate: 0.001
[2026-04-22 13:00:40]   model_name: SignalJEPA_PreLocal
[2026-04-22 13:00:40]   n_epochs: 5000
[2026-04-22 13:00:40]   paradigm: MI
[2026-04-22 13:00:40]   seed: 12
[2026-04-22 13:00:40]   set_seed: False
[2026-04-22 13:00:40]   sfreq: 128
[2026-04-22 13:00:40]   strategy: new
[2026-04-22 13:00:40]   subjects_to_use: None
[2026-04-22 13:00:40]   val_split: 0.2
[2026-04-22 13:00:40]   warmup_epochs: 10
[2026-04-22 13:00:40] ======================================================================
[2026-04-22 13:00:40] Config saved to: /home/vegorov/Repos/eeg_jepa_research/artifacts/lee-2019-fine-tuning/MI/20260422_1300_5f2d062a/config.json
[2026-04-22 13:00:40] Epoch window configuration:
[2026-04-22 13:00:40]   Target sfreq:                128 Hz
[2026-04-22 13:00:40]   Requested duration:          4.20 s
[2026-04-22 13:00:40]   Expected window samples:     537

[2026-04-22 13:00:40] Preprocessed concat dataset exists: False (checked at: /home/vegorov/Repos/eeg_jepa_research/preprocessed_concat_datasets/MI_subjects_48_49_50_51_52_53_54)

[2026-04-22 13:00:40] Building MOABBDataset for Lee2019_MI...
[2026-04-22 13:00:40]   Paradigm:       MI
[2026-04-22 13:00:40]   Subject IDs:    [48, 49, 50, 51, 52, 53, 54]
[2026-04-22 13:01:57]   Recordings loaded: 14
[2026-04-22 13:01:57]   Labels: [np.str_('left_hand'), np.str_('right_hand')]
[2026-04-22 13:02:04] Applying Braindecode preprocessors to MOABBDataset...
[2026-04-22 13:02:32] Saved preprocessed raw concat dataset to: /home/vegorov/Repos/eeg_jepa_research/preprocessed_concat_datasets/MI_subjects_48_49_50_51_52_53_54
[2026-04-22 13:02:32] Saved preprocessed raw concat dataset to: /home/vegorov/Repos/eeg_jepa_research/preprocessed_concat_datasets/MI_subjects_48_49_50_51_52_53_54
[2026-04-22 13:02:33] Loaded raw concat dataset from: /home/vegorov/Repos/eeg_jepa_research/preprocessed_concat_datasets/MI_subjects_48_49_50_51_52_53_54

[2026-04-22 13:02:33] Post-load raw validation
[2026-04-22 13:02:33]   Recordings in LOADED_DATASET:   14
[2026-04-22 13:02:33]   Unique subject IDs:             ['48', '49', '50', '51', '52', '53', '54']
[2026-04-22 13:02:33]   sfreq (first rec):              128.0 Hz
[2026-04-22 13:02:33]   EEG channel count:              62
[2026-04-22 13:02:33] Window shape: (62, 537)
[2026-04-22 13:02:33] Window sample length expected=537, got=537
[2026-04-22 13:02:33] Global class counts: [700, 700]
[2026-04-22 13:02:33] Chance level (2-class): 0.50
[2026-04-22 13:02:33] Summarizing per-subject windows...
[2026-04-22 13:02:33]   Subject 48: n_windows=200, window_shape=(62, 537), class_counts=[100, 100]
[2026-04-22 13:02:33]   Subject 49: n_windows=200, window_shape=(62, 537), class_counts=[100, 100]
[2026-04-22 13:02:33]   Subject 50: n_windows=200, window_shape=(62, 537), class_counts=[100, 100]
[2026-04-22 13:02:33]   Subject 51: n_windows=200, window_shape=(62, 537), class_counts=[100, 100]
[2026-04-22 13:02:33]   Subject 52: n_windows=200, window_shape=(62, 537), class_counts=[100, 100]
[2026-04-22 13:02:33]   Subject 53: n_windows=200, window_shape=(62, 537), class_counts=[100, 100]
[2026-04-22 13:02:33]   Subject 54: n_windows=200, window_shape=(62, 537), class_counts=[100, 100]
[2026-04-22 13:02:34] SignalJEPA_PreLocal instantiated successfully from braindecode/signal-jepa_without-chans.
[2026-04-22 13:02:34]   Total parameters:     16,142
[2026-04-22 13:02:34]   Trainable parameters: 16,142
[2026-04-22 13:02:34] ======================================================================
[2026-04-22 13:02:34] STARTING CROSS-VALIDATION
[2026-04-22 13:02:34] ======================================================================
[2026-04-22 13:02:34] Subjects:      [48, 49, 50, 51, 52, 53, 54]
[2026-04-22 13:02:34] Paradigm:      MI
[2026-04-22 13:02:34] Model:         SignalJEPA_PreLocal
[2026-04-22 13:02:34] Strategy:      new
[2026-04-22 13:02:34] Warm-up epochs:10
[2026-04-22 13:02:34] CV folds:      5
[2026-04-22 13:02:34] Batch size:    32
[2026-04-22 13:02:34] Learning rate: 0.001
[2026-04-22 13:02:34] Max epochs:    5000
[2026-04-22 13:02:34] Device:        cpu
[2026-04-22 13:02:34] Seed control:  False
[2026-04-22 13:02:34] CV seed:       12
[2026-04-22 13:02:34] ======================================================================

[2026-04-22 13:02:34] Subject 48: 200 windows | class_counts=[100, 100]
[2026-04-22 13:02:35]     Downstream model:        SignalJEPA_PreLocal
[2026-04-22 13:02:35]     Fine-tune strategy:      new
[2026-04-22 13:02:35]     Pretrained loading path: from_pretrained
[2026-04-22 13:02:35]     Pretrained repo:         braindecode/signal-jepa_without-chans
[2026-04-22 13:02:35]       Trainable groups: ['spatial_conv.', 'final_layer.']
[2026-04-22 13:02:35]       Total params:     16,142
[2026-04-22 13:02:35]       Trainable params: 2,302
[2026-04-22 13:02:35]       Trainable pct:    14.26%
[2026-04-22 13:02:35]       Trainable parameter names: ['spatial_conv.1.weight', 'spatial_conv.1.bias', 'final_layer.1.weight', 'final_layer.1.bias']
[2026-04-22 13:02:39]   Fold 1/5 | best_epoch=171 | stop=221 | val_loss=0.5577 | acc=0.5500 | bal_acc=0.5500 | roc_auc=N/A
[2026-04-22 13:02:39]     Downstream model:        SignalJEPA_PreLocal
[2026-04-22 13:02:39]     Fine-tune strategy:      new
[2026-04-22 13:02:39]     Pretrained loading path: from_pretrained
[2026-04-22 13:02:39]     Pretrained repo:         braindecode/signal-jepa_without-chans
[2026-04-22 13:02:39]       Trainable groups: ['spatial_conv.', 'final_layer.']
[2026-04-22 13:02:39]       Total params:     16,142
[2026-04-22 13:02:39]       Trainable params: 2,302
[2026-04-22 13:02:39]       Trainable pct:    14.26%
[2026-04-22 13:02:39]       Trainable parameter names: ['spatial_conv.1.weight', 'spatial_conv.1.bias', 'final_layer.1.weight', 'final_layer.1.bias']
[2026-04-22 13:02:41]   Fold 2/5 | best_epoch=42 | stop=92 | val_loss=0.6749 | acc=0.5250 | bal_acc=0.5250 | roc_auc=N/A
[2026-04-22 13:02:41]     Downstream model:        SignalJEPA_PreLocal
[2026-04-22 13:02:41]     Fine-tune strategy:      new
[2026-04-22 13:02:41]     Pretrained loading path: from_pretrained
[2026-04-22 13:02:41]     Pretrained repo:         braindecode/signal-jepa_without-chans
[2026-04-22 13:02:41]       Trainable groups: ['spatial_conv.', 'final_layer.']
[2026-04-22 13:02:41]       Total params:     16,142
[2026-04-22 13:02:41]       Trainable params: 2,302
[2026-04-22 13:02:41]       Trainable pct:    14.26%
[2026-04-22 13:02:41]       Trainable parameter names: ['spatial_conv.1.weight', 'spatial_conv.1.bias', 'final_layer.1.weight', 'final_layer.1.bias']
[2026-04-22 13:02:42]   Fold 3/5 | best_epoch=19 | stop=69 | val_loss=0.6917 | acc=0.4750 | bal_acc=0.4750 | roc_auc=N/A
[2026-04-22 13:02:43]     Downstream model:        SignalJEPA_PreLocal
[2026-04-22 13:02:43]     Fine-tune strategy:      new
[2026-04-22 13:02:43]     Pretrained loading path: from_pretrained
[2026-04-22 13:02:43]     Pretrained repo:         braindecode/signal-jepa_without-chans
[2026-04-22 13:02:43]       Trainable groups: ['spatial_conv.', 'final_layer.']
[2026-04-22 13:02:43]       Total params:     16,142
[2026-04-22 13:02:43]       Trainable params: 2,302
[2026-04-22 13:02:43]       Trainable pct:    14.26%
[2026-04-22 13:02:43]       Trainable parameter names: ['spatial_conv.1.weight', 'spatial_conv.1.bias', 'final_layer.1.weight', 'final_layer.1.bias']
[2026-04-22 13:02:44]   Fold 4/5 | best_epoch=56 | stop=106 | val_loss=0.6577 | acc=0.6000 | bal_acc=0.6000 | roc_auc=N/A
[2026-04-22 13:02:45]     Downstream model:        SignalJEPA_PreLocal
[2026-04-22 13:02:45]     Fine-tune strategy:      new
[2026-04-22 13:02:45]     Pretrained loading path: from_pretrained
[2026-04-22 13:02:45]     Pretrained repo:         braindecode/signal-jepa_without-chans
[2026-04-22 13:02:45]       Trainable groups: ['spatial_conv.', 'final_layer.']
[2026-04-22 13:02:45]       Total params:     16,142
[2026-04-22 13:02:45]       Trainable params: 2,302
[2026-04-22 13:02:45]       Trainable pct:    14.26%
[2026-04-22 13:02:45]       Trainable parameter names: ['spatial_conv.1.weight', 'spatial_conv.1.bias', 'final_layer.1.weight', 'final_layer.1.bias']
[2026-04-22 13:02:46]   Fold 5/5 | best_epoch=10 | stop=58 | val_loss=0.6900 | acc=0.6000 | bal_acc=0.6000 | roc_auc=N/A
[2026-04-22 13:02:46]   Subject 48 summary: acc=0.5500±0.0474  bal_acc=0.5500±0.0474  roc_auc=N/A

[2026-04-22 13:02:46] Subject 49: 200 windows | class_counts=[100, 100]
[2026-04-22 13:02:46]     Downstream model:        SignalJEPA_PreLocal
[2026-04-22 13:02:46]     Fine-tune strategy:      new
[2026-04-22 13:02:46]     Pretrained loading path: from_pretrained
[2026-04-22 13:02:46]     Pretrained repo:         braindecode/signal-jepa_without-chans
[2026-04-22 13:02:46]       Trainable groups: ['spatial_conv.', 'final_layer.']
[2026-04-22 13:02:46]       Total params:     16,142
[2026-04-22 13:02:46]       Trainable params: 2,302
[2026-04-22 13:02:46]       Trainable pct:    14.26%
[2026-04-22 13:02:46]       Trainable parameter names: ['spatial_conv.1.weight', 'spatial_conv.1.bias', 'final_layer.1.weight', 'final_layer.1.bias']
[2026-04-22 13:02:51]   Fold 1/5 | best_epoch=201 | stop=251 | val_loss=0.4460 | acc=0.6250 | bal_acc=0.6250 | roc_auc=N/A
[2026-04-22 13:02:51]     Downstream model:        SignalJEPA_PreLocal
[2026-04-22 13:02:51]     Fine-tune strategy:      new
[2026-04-22 13:02:51]     Pretrained loading path: from_pretrained
[2026-04-22 13:02:51]     Pretrained repo:         braindecode/signal-jepa_without-chans
[2026-04-22 13:02:51]       Trainable groups: ['spatial_conv.', 'final_layer.']
[2026-04-22 13:02:51]       Total params:     16,142
[2026-04-22 13:02:51]       Trainable params: 2,302
[2026-04-22 13:02:51]       Trainable pct:    14.26%
[2026-04-22 13:02:51]       Trainable parameter names: ['spatial_conv.1.weight', 'spatial_conv.1.bias', 'final_layer.1.weight', 'final_layer.1.bias']
[2026-04-22 13:02:53]   Fold 2/5 | best_epoch=80 | stop=130 | val_loss=0.6096 | acc=0.7250 | bal_acc=0.7250 | roc_auc=N/A
[2026-04-22 13:02:54]     Downstream model:        SignalJEPA_PreLocal
[2026-04-22 13:02:54]     Fine-tune strategy:      new
[2026-04-22 13:02:54]     Pretrained loading path: from_pretrained
[2026-04-22 13:02:54]     Pretrained repo:         braindecode/signal-jepa_without-chans
[2026-04-22 13:02:54]       Trainable groups: ['spatial_conv.', 'final_layer.']
[2026-04-22 13:02:54]       Total params:     16,142
[2026-04-22 13:02:54]       Trainable params: 2,302
[2026-04-22 13:02:54]       Trainable pct:    14.26%
[2026-04-22 13:02:54]       Trainable parameter names: ['spatial_conv.1.weight', 'spatial_conv.1.bias', 'final_layer.1.weight', 'final_layer.1.bias']
[2026-04-22 13:02:56]   Fold 3/5 | best_epoch=73 | stop=123 | val_loss=0.6174 | acc=0.6250 | bal_acc=0.6250 | roc_auc=N/A
[2026-04-22 13:02:56]     Downstream model:        SignalJEPA_PreLocal
[2026-04-22 13:02:56]     Fine-tune strategy:      new
[2026-04-22 13:02:56]     Pretrained loading path: from_pretrained
[2026-04-22 13:02:56]     Pretrained repo:         braindecode/signal-jepa_without-chans
[2026-04-22 13:02:56]       Trainable groups: ['spatial_conv.', 'final_layer.']
[2026-04-22 13:02:56]       Total params:     16,142
[2026-04-22 13:02:56]       Trainable params: 2,302
[2026-04-22 13:02:56]       Trainable pct:    14.26%
[2026-04-22 13:02:56]       Trainable parameter names: ['spatial_conv.1.weight', 'spatial_conv.1.bias', 'final_layer.1.weight', 'final_layer.1.bias']
[2026-04-22 13:02:59]   Fold 4/5 | best_epoch=119 | stop=169 | val_loss=0.6305 | acc=0.6750 | bal_acc=0.6750 | roc_auc=N/A
[2026-04-22 13:03:00]     Downstream model:        SignalJEPA_PreLocal
[2026-04-22 13:03:00]     Fine-tune strategy:      new
[2026-04-22 13:03:00]     Pretrained loading path: from_pretrained
[2026-04-22 13:03:00]     Pretrained repo:         braindecode/signal-jepa_without-chans
[2026-04-22 13:03:00]       Trainable groups: ['spatial_conv.', 'final_layer.']
[2026-04-22 13:03:00]       Total params:     16,142
[2026-04-22 13:03:00]       Trainable params: 2,302
[2026-04-22 13:03:00]       Trainable pct:    14.26%
[2026-04-22 13:03:00]       Trainable parameter names: ['spatial_conv.1.weight', 'spatial_conv.1.bias', 'final_layer.1.weight', 'final_layer.1.bias']
[2026-04-22 13:03:02]   Fold 5/5 | best_epoch=80 | stop=130 | val_loss=0.5582 | acc=0.7250 | bal_acc=0.7250 | roc_auc=N/A
[2026-04-22 13:03:02]   Subject 49 summary: acc=0.6750±0.0447  bal_acc=0.6750±0.0447  roc_auc=N/A

[2026-04-22 13:03:02] Subject 50: 200 windows | class_counts=[100, 100]
[2026-04-22 13:03:03]     Downstream model:        SignalJEPA_PreLocal
[2026-04-22 13:03:03]     Fine-tune strategy:      new
[2026-04-22 13:03:03]     Pretrained loading path: from_pretrained
[2026-04-22 13:03:03]     Pretrained repo:         braindecode/signal-jepa_without-chans
[2026-04-22 13:03:03]       Trainable groups: ['spatial_conv.', 'final_layer.']
[2026-04-22 13:03:03]       Total params:     16,142
[2026-04-22 13:03:03]       Trainable params: 2,302
[2026-04-22 13:03:03]       Trainable pct:    14.26%
[2026-04-22 13:03:03]       Trainable parameter names: ['spatial_conv.1.weight', 'spatial_conv.1.bias', 'final_layer.1.weight', 'final_layer.1.bias']
[2026-04-22 13:03:05]   Fold 1/5 | best_epoch=92 | stop=142 | val_loss=0.6732 | acc=0.5250 | bal_acc=0.5250 | roc_auc=N/A
[2026-04-22 13:03:05]     Downstream model:        SignalJEPA_PreLocal
[2026-04-22 13:03:05]     Fine-tune strategy:      new
[2026-04-22 13:03:05]     Pretrained loading path: from_pretrained
[2026-04-22 13:03:05]     Pretrained repo:         braindecode/signal-jepa_without-chans
[2026-04-22 13:03:05]       Trainable groups: ['spatial_conv.', 'final_layer.']
[2026-04-22 13:03:05]       Total params:     16,142
[2026-04-22 13:03:05]       Trainable params: 2,302
[2026-04-22 13:03:05]       Trainable pct:    14.26%
[2026-04-22 13:03:05]       Trainable parameter names: ['spatial_conv.1.weight', 'spatial_conv.1.bias', 'final_layer.1.weight', 'final_layer.1.bias']
[2026-04-22 13:03:06]   Fold 2/5 | best_epoch=1 | stop=51 | val_loss=0.6925 | acc=0.5000 | bal_acc=0.5000 | roc_auc=N/A
[2026-04-22 13:03:07]     Downstream model:        SignalJEPA_PreLocal
[2026-04-22 13:03:07]     Fine-tune strategy:      new
[2026-04-22 13:03:07]     Pretrained loading path: from_pretrained
[2026-04-22 13:03:07]     Pretrained repo:         braindecode/signal-jepa_without-chans
[2026-04-22 13:03:07]       Trainable groups: ['spatial_conv.', 'final_layer.']
[2026-04-22 13:03:07]       Total params:     16,142
[2026-04-22 13:03:07]       Trainable params: 2,302
[2026-04-22 13:03:07]       Trainable pct:    14.26%
[2026-04-22 13:03:07]       Trainable parameter names: ['spatial_conv.1.weight', 'spatial_conv.1.bias', 'final_layer.1.weight', 'final_layer.1.bias']
[2026-04-22 13:03:09]   Fold 3/5 | best_epoch=75 | stop=125 | val_loss=0.6786 | acc=0.6250 | bal_acc=0.6250 | roc_auc=N/A
[2026-04-22 13:03:09]     Downstream model:        SignalJEPA_PreLocal
[2026-04-22 13:03:09]     Fine-tune strategy:      new
[2026-04-22 13:03:09]     Pretrained loading path: from_pretrained
[2026-04-22 13:03:09]     Pretrained repo:         braindecode/signal-jepa_without-chans
[2026-04-22 13:03:09]       Trainable groups: ['spatial_conv.', 'final_layer.']
[2026-04-22 13:03:09]       Total params:     16,142
[2026-04-22 13:03:09]       Trainable params: 2,302
[2026-04-22 13:03:09]       Trainable pct:    14.26%
[2026-04-22 13:03:09]       Trainable parameter names: ['spatial_conv.1.weight', 'spatial_conv.1.bias', 'final_layer.1.weight', 'final_layer.1.bias']
[2026-04-22 13:03:10]   Fold 4/5 | best_epoch=4 | stop=51 | val_loss=0.6926 | acc=0.4250 | bal_acc=0.4250 | roc_auc=N/A
[2026-04-22 13:03:11]     Downstream model:        SignalJEPA_PreLocal
[2026-04-22 13:03:11]     Fine-tune strategy:      new
[2026-04-22 13:03:11]     Pretrained loading path: from_pretrained
[2026-04-22 13:03:11]     Pretrained repo:         braindecode/signal-jepa_without-chans
[2026-04-22 13:03:11]       Trainable groups: ['spatial_conv.', 'final_layer.']
[2026-04-22 13:03:11]       Total params:     16,142
[2026-04-22 13:03:11]       Trainable params: 2,302
[2026-04-22 13:03:11]       Trainable pct:    14.26%
[2026-04-22 13:03:11]       Trainable parameter names: ['spatial_conv.1.weight', 'spatial_conv.1.bias', 'final_layer.1.weight', 'final_layer.1.bias']
[2026-04-22 13:03:11]   Fold 5/5 | best_epoch=1 | stop=51 | val_loss=0.6929 | acc=0.5000 | bal_acc=0.5000 | roc_auc=N/A
[2026-04-22 13:03:11]   Subject 50 summary: acc=0.5150±0.0644  bal_acc=0.5150±0.0644  roc_auc=N/A

[2026-04-22 13:03:11] Subject 51: 200 windows | class_counts=[100, 100]
[2026-04-22 13:03:12]     Downstream model:        SignalJEPA_PreLocal
[2026-04-22 13:03:12]     Fine-tune strategy:      new
[2026-04-22 13:03:12]     Pretrained loading path: from_pretrained
[2026-04-22 13:03:12]     Pretrained repo:         braindecode/signal-jepa_without-chans
[2026-04-22 13:03:12]       Trainable groups: ['spatial_conv.', 'final_layer.']
[2026-04-22 13:03:12]       Total params:     16,142
[2026-04-22 13:03:12]       Trainable params: 2,302
[2026-04-22 13:03:12]       Trainable pct:    14.26%
[2026-04-22 13:03:12]       Trainable parameter names: ['spatial_conv.1.weight', 'spatial_conv.1.bias', 'final_layer.1.weight', 'final_layer.1.bias']
[2026-04-22 13:03:14]   Fold 1/5 | best_epoch=70 | stop=120 | val_loss=0.6356 | acc=0.6250 | bal_acc=0.6250 | roc_auc=N/A
[2026-04-22 13:03:14]     Downstream model:        SignalJEPA_PreLocal
[2026-04-22 13:03:14]     Fine-tune strategy:      new
[2026-04-22 13:03:14]     Pretrained loading path: from_pretrained
[2026-04-22 13:03:14]     Pretrained repo:         braindecode/signal-jepa_without-chans
[2026-04-22 13:03:14]       Trainable groups: ['spatial_conv.', 'final_layer.']
[2026-04-22 13:03:14]       Total params:     16,142
[2026-04-22 13:03:14]       Trainable params: 2,302
[2026-04-22 13:03:14]       Trainable pct:    14.26%
[2026-04-22 13:03:14]       Trainable parameter names: ['spatial_conv.1.weight', 'spatial_conv.1.bias', 'final_layer.1.weight', 'final_layer.1.bias']
[2026-04-22 13:03:16]   Fold 2/5 | best_epoch=37 | stop=87 | val_loss=0.6826 | acc=0.4500 | bal_acc=0.4500 | roc_auc=N/A
[2026-04-22 13:03:16]     Downstream model:        SignalJEPA_PreLocal
[2026-04-22 13:03:16]     Fine-tune strategy:      new
[2026-04-22 13:03:16]     Pretrained loading path: from_pretrained
[2026-04-22 13:03:16]     Pretrained repo:         braindecode/signal-jepa_without-chans
[2026-04-22 13:03:16]       Trainable groups: ['spatial_conv.', 'final_layer.']
[2026-04-22 13:03:16]       Total params:     16,142
[2026-04-22 13:03:16]       Trainable params: 2,302
[2026-04-22 13:03:16]       Trainable pct:    14.26%
[2026-04-22 13:03:16]       Trainable parameter names: ['spatial_conv.1.weight', 'spatial_conv.1.bias', 'final_layer.1.weight', 'final_layer.1.bias']
[2026-04-22 13:03:17]   Fold 3/5 | best_epoch=1 | stop=51 | val_loss=0.6938 | acc=0.4750 | bal_acc=0.4750 | roc_auc=N/A
[2026-04-22 13:03:18]     Downstream model:        SignalJEPA_PreLocal
[2026-04-22 13:03:18]     Fine-tune strategy:      new
[2026-04-22 13:03:18]     Pretrained loading path: from_pretrained
[2026-04-22 13:03:18]     Pretrained repo:         braindecode/signal-jepa_without-chans
[2026-04-22 13:03:18]       Trainable groups: ['spatial_conv.', 'final_layer.']
[2026-04-22 13:03:18]       Total params:     16,142
[2026-04-22 13:03:18]       Trainable params: 2,302
[2026-04-22 13:03:18]       Trainable pct:    14.26%
[2026-04-22 13:03:18]       Trainable parameter names: ['spatial_conv.1.weight', 'spatial_conv.1.bias', 'final_layer.1.weight', 'final_layer.1.bias']
[2026-04-22 13:03:19]   Fold 4/5 | best_epoch=36 | stop=86 | val_loss=0.6795 | acc=0.5000 | bal_acc=0.5000 | roc_auc=N/A
[2026-04-22 13:03:20]     Downstream model:        SignalJEPA_PreLocal
[2026-04-22 13:03:20]     Fine-tune strategy:      new
[2026-04-22 13:03:20]     Pretrained loading path: from_pretrained
[2026-04-22 13:03:20]     Pretrained repo:         braindecode/signal-jepa_without-chans
[2026-04-22 13:03:20]       Trainable groups: ['spatial_conv.', 'final_layer.']
[2026-04-22 13:03:20]       Total params:     16,142
[2026-04-22 13:03:20]       Trainable params: 2,302
[2026-04-22 13:03:20]       Trainable pct:    14.26%
[2026-04-22 13:03:20]       Trainable parameter names: ['spatial_conv.1.weight', 'spatial_conv.1.bias', 'final_layer.1.weight', 'final_layer.1.bias']
[2026-04-22 13:03:20]   Fold 5/5 | best_epoch=4 | stop=54 | val_loss=0.6947 | acc=0.5250 | bal_acc=0.5250 | roc_auc=N/A
[2026-04-22 13:03:20]   Subject 51 summary: acc=0.5150±0.0604  bal_acc=0.5150±0.0604  roc_auc=N/A

[2026-04-22 13:03:20] Subject 52: 200 windows | class_counts=[100, 100]
[2026-04-22 13:03:21]     Downstream model:        SignalJEPA_PreLocal
[2026-04-22 13:03:21]     Fine-tune strategy:      new
[2026-04-22 13:03:21]     Pretrained loading path: from_pretrained
[2026-04-22 13:03:21]     Pretrained repo:         braindecode/signal-jepa_without-chans
[2026-04-22 13:03:21]       Trainable groups: ['spatial_conv.', 'final_layer.']
[2026-04-22 13:03:21]       Total params:     16,142
[2026-04-22 13:03:21]       Trainable params: 2,302
[2026-04-22 13:03:21]       Trainable pct:    14.26%
[2026-04-22 13:03:21]       Trainable parameter names: ['spatial_conv.1.weight', 'spatial_conv.1.bias', 'final_layer.1.weight', 'final_layer.1.bias']
[2026-04-22 13:03:25]   Fold 1/5 | best_epoch=183 | stop=233 | val_loss=0.5675 | acc=0.6000 | bal_acc=0.6000 | roc_auc=N/A
[2026-04-22 13:03:25]     Downstream model:        SignalJEPA_PreLocal
[2026-04-22 13:03:25]     Fine-tune strategy:      new
[2026-04-22 13:03:25]     Pretrained loading path: from_pretrained
[2026-04-22 13:03:25]     Pretrained repo:         braindecode/signal-jepa_without-chans
[2026-04-22 13:03:25]       Trainable groups: ['spatial_conv.', 'final_layer.']
[2026-04-22 13:03:25]       Total params:     16,142
[2026-04-22 13:03:25]       Trainable params: 2,302
[2026-04-22 13:03:25]       Trainable pct:    14.26%
[2026-04-22 13:03:25]       Trainable parameter names: ['spatial_conv.1.weight', 'spatial_conv.1.bias', 'final_layer.1.weight', 'final_layer.1.bias']
[2026-04-22 13:03:27]   Fold 2/5 | best_epoch=51 | stop=101 | val_loss=0.6681 | acc=0.6750 | bal_acc=0.6750 | roc_auc=N/A
[2026-04-22 13:03:28]     Downstream model:        SignalJEPA_PreLocal
[2026-04-22 13:03:28]     Fine-tune strategy:      new
[2026-04-22 13:03:28]     Pretrained loading path: from_pretrained
[2026-04-22 13:03:28]     Pretrained repo:         braindecode/signal-jepa_without-chans
[2026-04-22 13:03:28]       Trainable groups: ['spatial_conv.', 'final_layer.']
[2026-04-22 13:03:28]       Total params:     16,142
[2026-04-22 13:03:28]       Trainable params: 2,302
[2026-04-22 13:03:28]       Trainable pct:    14.26%
[2026-04-22 13:03:28]       Trainable parameter names: ['spatial_conv.1.weight', 'spatial_conv.1.bias', 'final_layer.1.weight', 'final_layer.1.bias']
[2026-04-22 13:03:29]   Fold 3/5 | best_epoch=52 | stop=102 | val_loss=0.6352 | acc=0.6000 | bal_acc=0.6000 | roc_auc=N/A
[2026-04-22 13:03:30]     Downstream model:        SignalJEPA_PreLocal
[2026-04-22 13:03:30]     Fine-tune strategy:      new
[2026-04-22 13:03:30]     Pretrained loading path: from_pretrained
[2026-04-22 13:03:30]     Pretrained repo:         braindecode/signal-jepa_without-chans
[2026-04-22 13:03:30]       Trainable groups: ['spatial_conv.', 'final_layer.']
[2026-04-22 13:03:30]       Total params:     16,142
[2026-04-22 13:03:30]       Trainable params: 2,302
[2026-04-22 13:03:30]       Trainable pct:    14.26%
[2026-04-22 13:03:30]       Trainable parameter names: ['spatial_conv.1.weight', 'spatial_conv.1.bias', 'final_layer.1.weight', 'final_layer.1.bias']
[2026-04-22 13:03:33]   Fold 4/5 | best_epoch=176 | stop=226 | val_loss=0.5212 | acc=0.7500 | bal_acc=0.7500 | roc_auc=N/A
[2026-04-22 13:03:34]     Downstream model:        SignalJEPA_PreLocal
[2026-04-22 13:03:34]     Fine-tune strategy:      new
[2026-04-22 13:03:34]     Pretrained loading path: from_pretrained
[2026-04-22 13:03:34]     Pretrained repo:         braindecode/signal-jepa_without-chans
[2026-04-22 13:03:34]       Trainable groups: ['spatial_conv.', 'final_layer.']
[2026-04-22 13:03:34]       Total params:     16,142
[2026-04-22 13:03:34]       Trainable params: 2,302
[2026-04-22 13:03:34]       Trainable pct:    14.26%
[2026-04-22 13:03:34]       Trainable parameter names: ['spatial_conv.1.weight', 'spatial_conv.1.bias', 'final_layer.1.weight', 'final_layer.1.bias']
[2026-04-22 13:03:35]   Fold 5/5 | best_epoch=1 | stop=51 | val_loss=0.6932 | acc=0.5000 | bal_acc=0.5000 | roc_auc=N/A
[2026-04-22 13:03:35]   Subject 52 summary: acc=0.6250±0.0837  bal_acc=0.6250±0.0837  roc_auc=N/A

[2026-04-22 13:03:35] Subject 53: 200 windows | class_counts=[100, 100]
[2026-04-22 13:03:35]     Downstream model:        SignalJEPA_PreLocal
[2026-04-22 13:03:35]     Fine-tune strategy:      new
[2026-04-22 13:03:35]     Pretrained loading path: from_pretrained
[2026-04-22 13:03:35]     Pretrained repo:         braindecode/signal-jepa_without-chans
[2026-04-22 13:03:35]       Trainable groups: ['spatial_conv.', 'final_layer.']
[2026-04-22 13:03:35]       Total params:     16,142
[2026-04-22 13:03:35]       Trainable params: 2,302
[2026-04-22 13:03:35]       Trainable pct:    14.26%
[2026-04-22 13:03:35]       Trainable parameter names: ['spatial_conv.1.weight', 'spatial_conv.1.bias', 'final_layer.1.weight', 'final_layer.1.bias']
[2026-04-22 13:03:37]   Fold 1/5 | best_epoch=69 | stop=118 | val_loss=0.6605 | acc=0.7000 | bal_acc=0.7000 | roc_auc=N/A
[2026-04-22 13:03:38]     Downstream model:        SignalJEPA_PreLocal
[2026-04-22 13:03:38]     Fine-tune strategy:      new
[2026-04-22 13:03:38]     Pretrained loading path: from_pretrained
[2026-04-22 13:03:38]     Pretrained repo:         braindecode/signal-jepa_without-chans
[2026-04-22 13:03:38]       Trainable groups: ['spatial_conv.', 'final_layer.']
[2026-04-22 13:03:38]       Total params:     16,142
[2026-04-22 13:03:38]       Trainable params: 2,302
[2026-04-22 13:03:38]       Trainable pct:    14.26%
[2026-04-22 13:03:38]       Trainable parameter names: ['spatial_conv.1.weight', 'spatial_conv.1.bias', 'final_layer.1.weight', 'final_layer.1.bias']
[2026-04-22 13:03:40]   Fold 2/5 | best_epoch=123 | stop=173 | val_loss=0.6313 | acc=0.7500 | bal_acc=0.7500 | roc_auc=N/A
[2026-04-22 13:03:41]     Downstream model:        SignalJEPA_PreLocal
[2026-04-22 13:03:41]     Fine-tune strategy:      new
[2026-04-22 13:03:41]     Pretrained loading path: from_pretrained
[2026-04-22 13:03:41]     Pretrained repo:         braindecode/signal-jepa_without-chans
[2026-04-22 13:03:41]       Trainable groups: ['spatial_conv.', 'final_layer.']
[2026-04-22 13:03:41]       Total params:     16,142
[2026-04-22 13:03:41]       Trainable params: 2,302
[2026-04-22 13:03:41]       Trainable pct:    14.26%
[2026-04-22 13:03:41]       Trainable parameter names: ['spatial_conv.1.weight', 'spatial_conv.1.bias', 'final_layer.1.weight', 'final_layer.1.bias']
[2026-04-22 13:03:46]   Fold 3/5 | best_epoch=260 | stop=310 | val_loss=0.5711 | acc=0.5750 | bal_acc=0.5750 | roc_auc=N/A
[2026-04-22 13:03:46]     Downstream model:        SignalJEPA_PreLocal
[2026-04-22 13:03:46]     Fine-tune strategy:      new
[2026-04-22 13:03:46]     Pretrained loading path: from_pretrained
[2026-04-22 13:03:46]     Pretrained repo:         braindecode/signal-jepa_without-chans
[2026-04-22 13:03:46]       Trainable groups: ['spatial_conv.', 'final_layer.']
[2026-04-22 13:03:46]       Total params:     16,142
[2026-04-22 13:03:46]       Trainable params: 2,302
[2026-04-22 13:03:46]       Trainable pct:    14.26%
[2026-04-22 13:03:46]       Trainable parameter names: ['spatial_conv.1.weight', 'spatial_conv.1.bias', 'final_layer.1.weight', 'final_layer.1.bias']
[2026-04-22 13:03:48]   Fold 4/5 | best_epoch=66 | stop=116 | val_loss=0.6543 | acc=0.7750 | bal_acc=0.7750 | roc_auc=N/A
[2026-04-22 13:03:49]     Downstream model:        SignalJEPA_PreLocal
[2026-04-22 13:03:49]     Fine-tune strategy:      new
[2026-04-22 13:03:49]     Pretrained loading path: from_pretrained
[2026-04-22 13:03:49]     Pretrained repo:         braindecode/signal-jepa_without-chans
[2026-04-22 13:03:49]       Trainable groups: ['spatial_conv.', 'final_layer.']
[2026-04-22 13:03:49]       Total params:     16,142
[2026-04-22 13:03:49]       Trainable params: 2,302
[2026-04-22 13:03:49]       Trainable pct:    14.26%
[2026-04-22 13:03:49]       Trainable parameter names: ['spatial_conv.1.weight', 'spatial_conv.1.bias', 'final_layer.1.weight', 'final_layer.1.bias']
[2026-04-22 13:03:54]   Fold 5/5 | best_epoch=290 | stop=340 | val_loss=0.4982 | acc=0.6250 | bal_acc=0.6250 | roc_auc=N/A
[2026-04-22 13:03:54]   Subject 53 summary: acc=0.6850±0.0752  bal_acc=0.6850±0.0752  roc_auc=N/A

[2026-04-22 13:03:54] Subject 54: 200 windows | class_counts=[100, 100]
[2026-04-22 13:03:55]     Downstream model:        SignalJEPA_PreLocal
[2026-04-22 13:03:55]     Fine-tune strategy:      new
[2026-04-22 13:03:55]     Pretrained loading path: from_pretrained
[2026-04-22 13:03:55]     Pretrained repo:         braindecode/signal-jepa_without-chans
[2026-04-22 13:03:55]       Trainable groups: ['spatial_conv.', 'final_layer.']
[2026-04-22 13:03:55]       Total params:     16,142
[2026-04-22 13:03:55]       Trainable params: 2,302
[2026-04-22 13:03:55]       Trainable pct:    14.26%
[2026-04-22 13:03:55]       Trainable parameter names: ['spatial_conv.1.weight', 'spatial_conv.1.bias', 'final_layer.1.weight', 'final_layer.1.bias']
[2026-04-22 13:03:56]   Fold 1/5 | best_epoch=17 | stop=67 | val_loss=0.6876 | acc=0.5250 | bal_acc=0.5250 | roc_auc=N/A
[2026-04-22 13:03:56]     Downstream model:        SignalJEPA_PreLocal
[2026-04-22 13:03:56]     Fine-tune strategy:      new
[2026-04-22 13:03:56]     Pretrained loading path: from_pretrained
[2026-04-22 13:03:56]     Pretrained repo:         braindecode/signal-jepa_without-chans
[2026-04-22 13:03:56]       Trainable groups: ['spatial_conv.', 'final_layer.']
[2026-04-22 13:03:56]       Total params:     16,142
[2026-04-22 13:03:56]       Trainable params: 2,302
[2026-04-22 13:03:56]       Trainable pct:    14.26%
[2026-04-22 13:03:56]       Trainable parameter names: ['spatial_conv.1.weight', 'spatial_conv.1.bias', 'final_layer.1.weight', 'final_layer.1.bias']
[2026-04-22 13:03:57]   Fold 2/5 | best_epoch=15 | stop=65 | val_loss=0.6920 | acc=0.5250 | bal_acc=0.5250 | roc_auc=N/A
[2026-04-22 13:03:58]     Downstream model:        SignalJEPA_PreLocal
[2026-04-22 13:03:58]     Fine-tune strategy:      new
[2026-04-22 13:03:58]     Pretrained loading path: from_pretrained
[2026-04-22 13:03:58]     Pretrained repo:         braindecode/signal-jepa_without-chans
[2026-04-22 13:03:58]       Trainable groups: ['spatial_conv.', 'final_layer.']
[2026-04-22 13:03:58]       Total params:     16,142
[2026-04-22 13:03:58]       Trainable params: 2,302
[2026-04-22 13:03:58]       Trainable pct:    14.26%
[2026-04-22 13:03:58]       Trainable parameter names: ['spatial_conv.1.weight', 'spatial_conv.1.bias', 'final_layer.1.weight', 'final_layer.1.bias']
[2026-04-22 13:03:59]   Fold 3/5 | best_epoch=46 | stop=96 | val_loss=0.6440 | acc=0.5750 | bal_acc=0.5750 | roc_auc=N/A
[2026-04-22 13:04:00]     Downstream model:        SignalJEPA_PreLocal
[2026-04-22 13:04:00]     Fine-tune strategy:      new
[2026-04-22 13:04:00]     Pretrained loading path: from_pretrained
[2026-04-22 13:04:00]     Pretrained repo:         braindecode/signal-jepa_without-chans
[2026-04-22 13:04:00]       Trainable groups: ['spatial_conv.', 'final_layer.']
[2026-04-22 13:04:00]       Total params:     16,142
[2026-04-22 13:04:00]       Trainable params: 2,302
[2026-04-22 13:04:00]       Trainable pct:    14.26%
[2026-04-22 13:04:00]       Trainable parameter names: ['spatial_conv.1.weight', 'spatial_conv.1.bias', 'final_layer.1.weight', 'final_layer.1.bias']
[2026-04-22 13:04:02]   Fold 4/5 | best_epoch=105 | stop=155 | val_loss=0.6290 | acc=0.7000 | bal_acc=0.7000 | roc_auc=N/A
[2026-04-22 13:04:10] Using device: cpu
[2026-04-22 13:04:10] Seed control disabled (CONFIG['set_seed'] = False)
[2026-04-22 13:04:10] ======================================================================
[2026-04-22 13:04:10] CONFIGURATION
[2026-04-22 13:04:10] ======================================================================
[2026-04-22 13:04:10]   artifact_dir: /home/vegorov/Repos/eeg_jepa_research/artifacts/lee-2019-fine-tuning
[2026-04-22 13:04:10]   bandpass_high: 40.0
[2026-04-22 13:04:10]   bandpass_low: 0.5
[2026-04-22 13:04:10]   batch_size: 32
[2026-04-22 13:04:10]   cv_folds: 5
[2026-04-22 13:04:10]   early_stopping_patience: 50
[2026-04-22 13:04:10]   learning_rate: 0.001
[2026-04-22 13:04:10]   model_name: SignalJEPA_PostLocal
[2026-04-22 13:04:10]   n_epochs: 5000
[2026-04-22 13:04:10]   paradigm: MI
[2026-04-22 13:04:10]   seed: 12
[2026-04-22 13:04:10]   set_seed: False
[2026-04-22 13:04:10]   sfreq: 128
[2026-04-22 13:04:10]   strategy: new
[2026-04-22 13:04:10]   subjects_to_use: None
[2026-04-22 13:04:10]   val_split: 0.2
[2026-04-22 13:04:10]   warmup_epochs: 10
[2026-04-22 13:04:10] ======================================================================
[2026-04-22 13:04:10] Config saved to: /home/vegorov/Repos/eeg_jepa_research/artifacts/lee-2019-fine-tuning/MI/20260422_1304_fb28aca9/config.json
[2026-04-22 13:04:10] Epoch window configuration:
[2026-04-22 13:04:10]   Target sfreq:                128 Hz
[2026-04-22 13:04:10]   Requested duration:          4.20 s
[2026-04-22 13:04:10]   Expected window samples:     537

[2026-04-22 13:04:10] Preprocessed concat dataset exists: True (checked at: /home/vegorov/Repos/eeg_jepa_research/preprocessed_concat_datasets/MI_subjects_48_49_50_51_52_53_54)
[2026-04-22 13:04:10] Loaded raw concat dataset from: /home/vegorov/Repos/eeg_jepa_research/preprocessed_concat_datasets/MI_subjects_48_49_50_51_52_53_54

[2026-04-22 13:04:10] Post-load raw validation
[2026-04-22 13:04:10]   Recordings in LOADED_DATASET:   14
[2026-04-22 13:04:10]   Unique subject IDs:             ['48', '49', '50', '51', '52', '53', '54']
[2026-04-22 13:04:10]   sfreq (first rec):              128.0 Hz
[2026-04-22 13:04:10]   EEG channel count:              62
[2026-04-22 13:04:11] Window shape: (62, 537)
[2026-04-22 13:04:11] Window sample length expected=537, got=537
[2026-04-22 13:04:11] Global class counts: [700, 700]
[2026-04-22 13:04:11] Chance level (2-class): 0.50
[2026-04-22 13:04:11] Summarizing per-subject windows...
[2026-04-22 13:04:11]   Subject 48: n_windows=200, window_shape=(62, 537), class_counts=[100, 100]
[2026-04-22 13:04:11]   Subject 49: n_windows=200, window_shape=(62, 537), class_counts=[100, 100]
[2026-04-22 13:04:11]   Subject 50: n_windows=200, window_shape=(62, 537), class_counts=[100, 100]
[2026-04-22 13:04:11]   Subject 51: n_windows=200, window_shape=(62, 537), class_counts=[100, 100]
[2026-04-22 13:04:11]   Subject 52: n_windows=200, window_shape=(62, 537), class_counts=[100, 100]
[2026-04-22 13:04:11]   Subject 53: n_windows=200, window_shape=(62, 537), class_counts=[100, 100]
[2026-04-22 13:04:11]   Subject 54: n_windows=200, window_shape=(62, 537), class_counts=[100, 100]
[2026-04-22 13:04:11] SignalJEPA_PostLocal instantiated successfully from braindecode/signal-jepa_without-chans.
[2026-04-22 13:04:11]   Total parameters:     16,142
[2026-04-22 13:04:11]   Trainable parameters: 16,142
[2026-04-22 13:04:11] ======================================================================
[2026-04-22 13:04:11] STARTING CROSS-VALIDATION
[2026-04-22 13:04:11] ======================================================================
[2026-04-22 13:04:11] Subjects:      [48, 49, 50, 51, 52, 53, 54]
[2026-04-22 13:04:11] Paradigm:      MI
[2026-04-22 13:04:11] Model:         SignalJEPA_PostLocal
[2026-04-22 13:04:11] Strategy:      new
[2026-04-22 13:04:11] Warm-up epochs:10
[2026-04-22 13:04:11] CV folds:      5
[2026-04-22 13:04:11] Batch size:    32
[2026-04-22 13:04:11] Learning rate: 0.001
[2026-04-22 13:04:11] Max epochs:    5000
[2026-04-22 13:04:11] Device:        cpu
[2026-04-22 13:04:11] Seed control:  False
[2026-04-22 13:04:11] CV seed:       12
[2026-04-22 13:04:11] ======================================================================

[2026-04-22 13:04:11] Subject 48: 200 windows | class_counts=[100, 100]
[2026-04-22 13:04:12]     Downstream model:        SignalJEPA_PostLocal
[2026-04-22 13:04:12]     Fine-tune strategy:      new
[2026-04-22 13:04:12]     Pretrained loading path: from_pretrained
[2026-04-22 13:04:12]     Pretrained repo:         braindecode/signal-jepa_without-chans
[2026-04-22 13:04:12]       Trainable groups: ['final_layer.']
[2026-04-22 13:04:12]       Total params:     16,142
[2026-04-22 13:04:12]       Trainable params: 2,302
[2026-04-22 13:04:12]       Trainable pct:    14.26%
[2026-04-22 13:04:12]       Trainable parameter names: ['final_layer.spat_conv.weight', 'final_layer.spat_conv.bias', 'final_layer.linear.weight', 'final_layer.linear.bias']
[2026-04-22 13:04:17]   Fold 1/5 | best_epoch=105 | stop=155 | val_loss=0.5999 | acc=0.6500 | bal_acc=0.6500 | roc_auc=N/A
[2026-04-22 13:04:17]     Downstream model:        SignalJEPA_PostLocal
[2026-04-22 13:04:17]     Fine-tune strategy:      new
[2026-04-22 13:04:17]     Pretrained loading path: from_pretrained
[2026-04-22 13:04:17]     Pretrained repo:         braindecode/signal-jepa_without-chans
[2026-04-22 13:04:17]       Trainable groups: ['final_layer.']
[2026-04-22 13:04:17]       Total params:     16,142
[2026-04-22 13:04:17]       Trainable params: 2,302
[2026-04-22 13:04:17]       Trainable pct:    14.26%
[2026-04-22 13:04:17]       Trainable parameter names: ['final_layer.spat_conv.weight', 'final_layer.spat_conv.bias', 'final_layer.linear.weight', 'final_layer.linear.bias']
[2026-04-22 13:04:19]   Fold 2/5 | best_epoch=25 | stop=75 | val_loss=0.6865 | acc=0.4000 | bal_acc=0.4000 | roc_auc=N/A
[2026-04-22 13:04:20]     Downstream model:        SignalJEPA_PostLocal
[2026-04-22 13:04:20]     Fine-tune strategy:      new
[2026-04-22 13:04:20]     Pretrained loading path: from_pretrained
[2026-04-22 13:04:20]     Pretrained repo:         braindecode/signal-jepa_without-chans
[2026-04-22 13:04:20]       Trainable groups: ['final_layer.']
[2026-04-22 13:04:20]       Total params:     16,142
[2026-04-22 13:04:20]       Trainable params: 2,302
[2026-04-22 13:04:20]       Trainable pct:    14.26%
[2026-04-22 13:04:20]       Trainable parameter names: ['final_layer.spat_conv.weight', 'final_layer.spat_conv.bias', 'final_layer.linear.weight', 'final_layer.linear.bias']
[2026-04-22 13:04:21]   Fold 3/5 | best_epoch=2 | stop=52 | val_loss=0.6934 | acc=0.5000 | bal_acc=0.5000 | roc_auc=N/A
[2026-04-22 13:04:22]     Downstream model:        SignalJEPA_PostLocal
[2026-04-22 13:04:22]     Fine-tune strategy:      new
[2026-04-22 13:04:22]     Pretrained loading path: from_pretrained
[2026-04-22 13:04:22]     Pretrained repo:         braindecode/signal-jepa_without-chans
[2026-04-22 13:04:22]       Trainable groups: ['final_layer.']
[2026-04-22 13:04:22]       Total params:     16,142
[2026-04-22 13:04:22]       Trainable params: 2,302
[2026-04-22 13:04:22]       Trainable pct:    14.26%
[2026-04-22 13:04:22]       Trainable parameter names: ['final_layer.spat_conv.weight', 'final_layer.spat_conv.bias', 'final_layer.linear.weight', 'final_layer.linear.bias']
[2026-04-22 13:04:25]   Fold 4/5 | best_epoch=57 | stop=102 | val_loss=0.6713 | acc=0.5250 | bal_acc=0.5250 | roc_auc=N/A
[2026-04-22 13:04:25]     Downstream model:        SignalJEPA_PostLocal
[2026-04-22 13:04:25]     Fine-tune strategy:      new
[2026-04-22 13:04:25]     Pretrained loading path: from_pretrained
[2026-04-22 13:04:25]     Pretrained repo:         braindecode/signal-jepa_without-chans
[2026-04-22 13:04:25]       Trainable groups: ['final_layer.']
[2026-04-22 13:04:25]       Total params:     16,142
[2026-04-22 13:04:25]       Trainable params: 2,302
[2026-04-22 13:04:25]       Trainable pct:    14.26%
[2026-04-22 13:04:25]       Trainable parameter names: ['final_layer.spat_conv.weight', 'final_layer.spat_conv.bias', 'final_layer.linear.weight', 'final_layer.linear.bias']
[2026-04-22 13:04:27]   Fold 5/5 | best_epoch=1 | stop=51 | val_loss=0.6922 | acc=0.5000 | bal_acc=0.5000 | roc_auc=N/A
[2026-04-22 13:04:27]   Subject 48 summary: acc=0.5150±0.0800  bal_acc=0.5150±0.0800  roc_auc=N/A

[2026-04-22 13:04:27] Subject 49: 200 windows | class_counts=[100, 100]
[2026-04-22 13:04:27]     Downstream model:        SignalJEPA_PostLocal
[2026-04-22 13:04:27]     Fine-tune strategy:      new
[2026-04-22 13:04:27]     Pretrained loading path: from_pretrained
[2026-04-22 13:04:27]     Pretrained repo:         braindecode/signal-jepa_without-chans
[2026-04-22 13:04:27]       Trainable groups: ['final_layer.']
[2026-04-22 13:04:27]       Total params:     16,142
[2026-04-22 13:04:27]       Trainable params: 2,302
[2026-04-22 13:04:27]       Trainable pct:    14.26%
[2026-04-22 13:04:27]       Trainable parameter names: ['final_layer.spat_conv.weight', 'final_layer.spat_conv.bias', 'final_layer.linear.weight', 'final_layer.linear.bias']
[2026-04-22 13:04:30]   Fold 1/5 | best_epoch=48 | stop=98 | val_loss=0.5803 | acc=0.5000 | bal_acc=0.5000 | roc_auc=N/A
[2026-04-22 13:04:30]     Downstream model:        SignalJEPA_PostLocal
[2026-04-22 13:04:30]     Fine-tune strategy:      new
[2026-04-22 13:04:30]     Pretrained loading path: from_pretrained
[2026-04-22 13:04:30]     Pretrained repo:         braindecode/signal-jepa_without-chans
[2026-04-22 13:04:30]       Trainable groups: ['final_layer.']
[2026-04-22 13:04:30]       Total params:     16,142
[2026-04-22 13:04:30]       Trainable params: 2,302
[2026-04-22 13:04:30]       Trainable pct:    14.26%
[2026-04-22 13:04:30]       Trainable parameter names: ['final_layer.spat_conv.weight', 'final_layer.spat_conv.bias', 'final_layer.linear.weight', 'final_layer.linear.bias']
[2026-04-22 13:04:33]   Fold 2/5 | best_epoch=58 | stop=108 | val_loss=0.5942 | acc=0.7250 | bal_acc=0.7250 | roc_auc=N/A
[2026-04-22 13:04:34]     Downstream model:        SignalJEPA_PostLocal
[2026-04-22 13:04:34]     Fine-tune strategy:      new
[2026-04-22 13:04:34]     Pretrained loading path: from_pretrained
[2026-04-22 13:04:34]     Pretrained repo:         braindecode/signal-jepa_without-chans
[2026-04-22 13:04:34]       Trainable groups: ['final_layer.']
[2026-04-22 13:04:34]       Total params:     16,142
[2026-04-22 13:04:34]       Trainable params: 2,302
[2026-04-22 13:04:34]       Trainable pct:    14.26%
[2026-04-22 13:04:34]       Trainable parameter names: ['final_layer.spat_conv.weight', 'final_layer.spat_conv.bias', 'final_layer.linear.weight', 'final_layer.linear.bias']
[2026-04-22 13:04:37]   Fold 3/5 | best_epoch=49 | stop=99 | val_loss=0.6193 | acc=0.5500 | bal_acc=0.5500 | roc_auc=N/A
[2026-04-22 13:04:37]     Downstream model:        SignalJEPA_PostLocal
[2026-04-22 13:04:37]     Fine-tune strategy:      new
[2026-04-22 13:04:37]     Pretrained loading path: from_pretrained
[2026-04-22 13:04:37]     Pretrained repo:         braindecode/signal-jepa_without-chans
[2026-04-22 13:04:37]       Trainable groups: ['final_layer.']
[2026-04-22 13:04:37]       Total params:     16,142
[2026-04-22 13:04:37]       Trainable params: 2,302
[2026-04-22 13:04:37]       Trainable pct:    14.26%
[2026-04-22 13:04:37]       Trainable parameter names: ['final_layer.spat_conv.weight', 'final_layer.spat_conv.bias', 'final_layer.linear.weight', 'final_layer.linear.bias']
[2026-04-22 13:04:41]   Fold 4/5 | best_epoch=96 | stop=146 | val_loss=0.5142 | acc=0.7000 | bal_acc=0.7000 | roc_auc=N/A
[2026-04-22 13:04:42]     Downstream model:        SignalJEPA_PostLocal
[2026-04-22 13:04:42]     Fine-tune strategy:      new
[2026-04-22 13:04:42]     Pretrained loading path: from_pretrained
[2026-04-22 13:04:42]     Pretrained repo:         braindecode/signal-jepa_without-chans
[2026-04-22 13:04:42]       Trainable groups: ['final_layer.']
[2026-04-22 13:04:42]       Total params:     16,142
[2026-04-22 13:04:42]       Trainable params: 2,302
[2026-04-22 13:04:42]       Trainable pct:    14.26%
[2026-04-22 13:04:42]       Trainable parameter names: ['final_layer.spat_conv.weight', 'final_layer.spat_conv.bias', 'final_layer.linear.weight', 'final_layer.linear.bias']
[2026-04-22 13:04:45]   Fold 5/5 | best_epoch=50 | stop=100 | val_loss=0.6711 | acc=0.6500 | bal_acc=0.6500 | roc_auc=N/A
[2026-04-22 13:04:45]   Subject 49 summary: acc=0.6250±0.0866  bal_acc=0.6250±0.0866  roc_auc=N/A

[2026-04-22 13:04:45] Subject 50: 200 windows | class_counts=[100, 100]
[2026-04-22 13:04:45]     Downstream model:        SignalJEPA_PostLocal
[2026-04-22 13:04:45]     Fine-tune strategy:      new
[2026-04-22 13:04:45]     Pretrained loading path: from_pretrained
[2026-04-22 13:04:45]     Pretrained repo:         braindecode/signal-jepa_without-chans
[2026-04-22 13:04:45]       Trainable groups: ['final_layer.']
[2026-04-22 13:04:45]       Total params:     16,142
[2026-04-22 13:04:45]       Trainable params: 2,302
[2026-04-22 13:04:45]       Trainable pct:    14.26%
[2026-04-22 13:04:45]       Trainable parameter names: ['final_layer.spat_conv.weight', 'final_layer.spat_conv.bias', 'final_layer.linear.weight', 'final_layer.linear.bias']
[2026-04-22 13:04:47]   Fold 1/5 | best_epoch=2 | stop=52 | val_loss=0.6936 | acc=0.5000 | bal_acc=0.5000 | roc_auc=N/A
[2026-04-22 13:04:47]     Downstream model:        SignalJEPA_PostLocal
[2026-04-22 13:04:47]     Fine-tune strategy:      new
[2026-04-22 13:04:47]     Pretrained loading path: from_pretrained
[2026-04-22 13:04:47]     Pretrained repo:         braindecode/signal-jepa_without-chans
[2026-04-22 13:04:47]       Trainable groups: ['final_layer.']
[2026-04-22 13:04:47]       Total params:     16,142
[2026-04-22 13:04:47]       Trainable params: 2,302
[2026-04-22 13:04:47]       Trainable pct:    14.26%
[2026-04-22 13:04:47]       Trainable parameter names: ['final_layer.spat_conv.weight', 'final_layer.spat_conv.bias', 'final_layer.linear.weight', 'final_layer.linear.bias']
[2026-04-22 13:04:50]   Fold 2/5 | best_epoch=57 | stop=107 | val_loss=0.6629 | acc=0.5000 | bal_acc=0.5000 | roc_auc=N/A
[2026-04-22 13:04:51]     Downstream model:        SignalJEPA_PostLocal
[2026-04-22 13:04:51]     Fine-tune strategy:      new
[2026-04-22 13:04:51]     Pretrained loading path: from_pretrained
[2026-04-22 13:04:51]     Pretrained repo:         braindecode/signal-jepa_without-chans
[2026-04-22 13:04:51]       Trainable groups: ['final_layer.']
[2026-04-22 13:04:51]       Total params:     16,142
[2026-04-22 13:04:51]       Trainable params: 2,302
[2026-04-22 13:04:51]       Trainable pct:    14.26%
[2026-04-22 13:04:51]       Trainable parameter names: ['final_layer.spat_conv.weight', 'final_layer.spat_conv.bias', 'final_layer.linear.weight', 'final_layer.linear.bias']
[2026-04-22 13:04:53]   Fold 3/5 | best_epoch=33 | stop=83 | val_loss=0.6908 | acc=0.7250 | bal_acc=0.7250 | roc_auc=N/A
[2026-04-22 13:04:54]     Downstream model:        SignalJEPA_PostLocal
[2026-04-22 13:04:54]     Fine-tune strategy:      new
[2026-04-22 13:04:54]     Pretrained loading path: from_pretrained
[2026-04-22 13:04:54]     Pretrained repo:         braindecode/signal-jepa_without-chans
[2026-04-22 13:04:54]       Trainable groups: ['final_layer.']
[2026-04-22 13:04:54]       Total params:     16,142
[2026-04-22 13:04:54]       Trainable params: 2,302
[2026-04-22 13:04:54]       Trainable pct:    14.26%
[2026-04-22 13:04:54]       Trainable parameter names: ['final_layer.spat_conv.weight', 'final_layer.spat_conv.bias', 'final_layer.linear.weight', 'final_layer.linear.bias']
[2026-04-22 13:04:56]   Fold 4/5 | best_epoch=27 | stop=77 | val_loss=0.6905 | acc=0.5000 | bal_acc=0.5000 | roc_auc=N/A
[2026-04-22 13:04:56]     Downstream model:        SignalJEPA_PostLocal
[2026-04-22 13:04:56]     Fine-tune strategy:      new
[2026-04-22 13:04:56]     Pretrained loading path: from_pretrained
[2026-04-22 13:04:56]     Pretrained repo:         braindecode/signal-jepa_without-chans
[2026-04-22 13:04:56]       Trainable groups: ['final_layer.']
[2026-04-22 13:04:56]       Total params:     16,142
[2026-04-22 13:04:56]       Trainable params: 2,302
[2026-04-22 13:04:56]       Trainable pct:    14.26%
[2026-04-22 13:04:56]       Trainable parameter names: ['final_layer.spat_conv.weight', 'final_layer.spat_conv.bias', 'final_layer.linear.weight', 'final_layer.linear.bias']
[2026-04-22 13:04:58]   Fold 5/5 | best_epoch=5 | stop=54 | val_loss=0.6929 | acc=0.5000 | bal_acc=0.5000 | roc_auc=N/A
[2026-04-22 13:04:58]   Subject 50 summary: acc=0.5450±0.0900  bal_acc=0.5450±0.0900  roc_auc=N/A

[2026-04-22 13:04:58] Subject 51: 200 windows | class_counts=[100, 100]
[2026-04-22 13:04:59]     Downstream model:        SignalJEPA_PostLocal
[2026-04-22 13:04:59]     Fine-tune strategy:      new
[2026-04-22 13:04:59]     Pretrained loading path: from_pretrained
[2026-04-22 13:04:59]     Pretrained repo:         braindecode/signal-jepa_without-chans
[2026-04-22 13:04:59]       Trainable groups: ['final_layer.']
[2026-04-22 13:04:59]       Total params:     16,142
[2026-04-22 13:04:59]       Trainable params: 2,302
[2026-04-22 13:04:59]       Trainable pct:    14.26%
[2026-04-22 13:04:59]       Trainable parameter names: ['final_layer.spat_conv.weight', 'final_layer.spat_conv.bias', 'final_layer.linear.weight', 'final_layer.linear.bias']
[2026-04-22 13:05:02]   Fold 1/5 | best_epoch=73 | stop=123 | val_loss=0.6309 | acc=0.4750 | bal_acc=0.4750 | roc_auc=N/A
[2026-04-22 13:05:03]     Downstream model:        SignalJEPA_PostLocal
[2026-04-22 13:05:03]     Fine-tune strategy:      new
[2026-04-22 13:05:03]     Pretrained loading path: from_pretrained
[2026-04-22 13:05:03]     Pretrained repo:         braindecode/signal-jepa_without-chans
[2026-04-22 13:05:03]       Trainable groups: ['final_layer.']
[2026-04-22 13:05:03]       Total params:     16,142
[2026-04-22 13:05:03]       Trainable params: 2,302
[2026-04-22 13:05:03]       Trainable pct:    14.26%
[2026-04-22 13:05:03]       Trainable parameter names: ['final_layer.spat_conv.weight', 'final_layer.spat_conv.bias', 'final_layer.linear.weight', 'final_layer.linear.bias']
[2026-04-22 13:05:05]   Fold 2/5 | best_epoch=18 | stop=66 | val_loss=0.6919 | acc=0.4500 | bal_acc=0.4500 | roc_auc=N/A
[2026-04-22 13:05:05]     Downstream model:        SignalJEPA_PostLocal
[2026-04-22 13:05:05]     Fine-tune strategy:      new
[2026-04-22 13:05:05]     Pretrained loading path: from_pretrained
[2026-04-22 13:05:05]     Pretrained repo:         braindecode/signal-jepa_without-chans
[2026-04-22 13:05:05]       Trainable groups: ['final_layer.']
[2026-04-22 13:05:05]       Total params:     16,142
[2026-04-22 13:05:05]       Trainable params: 2,302
[2026-04-22 13:05:05]       Trainable pct:    14.26%
[2026-04-22 13:05:05]       Trainable parameter names: ['final_layer.spat_conv.weight', 'final_layer.spat_conv.bias', 'final_layer.linear.weight', 'final_layer.linear.bias']
[2026-04-22 13:05:08]   Fold 3/5 | best_epoch=32 | stop=82 | val_loss=0.6815 | acc=0.5250 | bal_acc=0.5250 | roc_auc=N/A
[2026-04-22 13:05:08]     Downstream model:        SignalJEPA_PostLocal
[2026-04-22 13:05:08]     Fine-tune strategy:      new
[2026-04-22 13:05:08]     Pretrained loading path: from_pretrained
[2026-04-22 13:05:08]     Pretrained repo:         braindecode/signal-jepa_without-chans
[2026-04-22 13:05:08]       Trainable groups: ['final_layer.']
[2026-04-22 13:05:08]       Total params:     16,142
[2026-04-22 13:05:08]       Trainable params: 2,302
[2026-04-22 13:05:08]       Trainable pct:    14.26%
[2026-04-22 13:05:08]       Trainable parameter names: ['final_layer.spat_conv.weight', 'final_layer.spat_conv.bias', 'final_layer.linear.weight', 'final_layer.linear.bias']
[2026-04-22 13:05:11]   Fold 4/5 | best_epoch=39 | stop=87 | val_loss=0.6727 | acc=0.4750 | bal_acc=0.4750 | roc_auc=N/A
[2026-04-22 13:05:11]     Downstream model:        SignalJEPA_PostLocal
[2026-04-22 13:05:11]     Fine-tune strategy:      new
[2026-04-22 13:05:11]     Pretrained loading path: from_pretrained
[2026-04-22 13:05:11]     Pretrained repo:         braindecode/signal-jepa_without-chans
[2026-04-22 13:05:11]       Trainable groups: ['final_layer.']
[2026-04-22 13:05:11]       Total params:     16,142
[2026-04-22 13:05:11]       Trainable params: 2,302
[2026-04-22 13:05:11]       Trainable pct:    14.26%
[2026-04-22 13:05:11]       Trainable parameter names: ['final_layer.spat_conv.weight', 'final_layer.spat_conv.bias', 'final_layer.linear.weight', 'final_layer.linear.bias']
[2026-04-22 13:05:13]   Fold 5/5 | best_epoch=4 | stop=54 | val_loss=0.6934 | acc=0.5500 | bal_acc=0.5500 | roc_auc=N/A
[2026-04-22 13:05:13]   Subject 51 summary: acc=0.4950±0.0367  bal_acc=0.4950±0.0367  roc_auc=N/A

[2026-04-22 13:05:13] Subject 52: 200 windows | class_counts=[100, 100]
[2026-04-22 13:05:13]     Downstream model:        SignalJEPA_PostLocal
[2026-04-22 13:05:13]     Fine-tune strategy:      new
[2026-04-22 13:05:13]     Pretrained loading path: from_pretrained
[2026-04-22 13:05:13]     Pretrained repo:         braindecode/signal-jepa_without-chans
[2026-04-22 13:05:13]       Trainable groups: ['final_layer.']
[2026-04-22 13:05:13]       Total params:     16,142
[2026-04-22 13:05:13]       Trainable params: 2,302
[2026-04-22 13:05:13]       Trainable pct:    14.26%
[2026-04-22 13:05:13]       Trainable parameter names: ['final_layer.spat_conv.weight', 'final_layer.spat_conv.bias', 'final_layer.linear.weight', 'final_layer.linear.bias']
[2026-04-22 13:05:17]   Fold 1/5 | best_epoch=88 | stop=137 | val_loss=0.4668 | acc=0.5000 | bal_acc=0.5000 | roc_auc=N/A
[2026-04-22 13:05:18]     Downstream model:        SignalJEPA_PostLocal
[2026-04-22 13:05:18]     Fine-tune strategy:      new
[2026-04-22 13:05:18]     Pretrained loading path: from_pretrained
[2026-04-22 13:05:18]     Pretrained repo:         braindecode/signal-jepa_without-chans
[2026-04-22 13:05:18]       Trainable groups: ['final_layer.']
[2026-04-22 13:05:18]       Total params:     16,142
[2026-04-22 13:05:18]       Trainable params: 2,302
[2026-04-22 13:05:18]       Trainable pct:    14.26%
[2026-04-22 13:05:18]       Trainable parameter names: ['final_layer.spat_conv.weight', 'final_layer.spat_conv.bias', 'final_layer.linear.weight', 'final_layer.linear.bias']
[2026-04-22 13:05:20]   Fold 2/5 | best_epoch=35 | stop=85 | val_loss=0.6721 | acc=0.6000 | bal_acc=0.6000 | roc_auc=N/A
[2026-04-22 13:05:21]     Downstream model:        SignalJEPA_PostLocal
[2026-04-22 13:05:21]     Fine-tune strategy:      new
[2026-04-22 13:05:21]     Pretrained loading path: from_pretrained
[2026-04-22 13:05:21]     Pretrained repo:         braindecode/signal-jepa_without-chans
[2026-04-22 13:05:21]       Trainable groups: ['final_layer.']
[2026-04-22 13:05:21]       Total params:     16,142
[2026-04-22 13:05:21]       Trainable params: 2,302
[2026-04-22 13:05:21]       Trainable pct:    14.26%
[2026-04-22 13:05:21]       Trainable parameter names: ['final_layer.spat_conv.weight', 'final_layer.spat_conv.bias', 'final_layer.linear.weight', 'final_layer.linear.bias']
[2026-04-22 13:05:24]   Fold 3/5 | best_epoch=46 | stop=96 | val_loss=0.6463 | acc=0.7000 | bal_acc=0.7000 | roc_auc=N/A
[2026-04-22 13:05:24]     Downstream model:        SignalJEPA_PostLocal
[2026-04-22 13:05:24]     Fine-tune strategy:      new
[2026-04-22 13:05:24]     Pretrained loading path: from_pretrained
[2026-04-22 13:05:24]     Pretrained repo:         braindecode/signal-jepa_without-chans
[2026-04-22 13:05:24]       Trainable groups: ['final_layer.']
[2026-04-22 13:05:24]       Total params:     16,142
[2026-04-22 13:05:24]       Trainable params: 2,302
[2026-04-22 13:05:24]       Trainable pct:    14.26%
[2026-04-22 13:05:24]       Trainable parameter names: ['final_layer.spat_conv.weight', 'final_layer.spat_conv.bias', 'final_layer.linear.weight', 'final_layer.linear.bias']
[2026-04-22 13:05:26]   Fold 4/5 | best_epoch=34 | stop=84 | val_loss=0.6731 | acc=0.6500 | bal_acc=0.6500 | roc_auc=N/A
[2026-04-22 13:05:27]     Downstream model:        SignalJEPA_PostLocal
[2026-04-22 13:05:27]     Fine-tune strategy:      new
[2026-04-22 13:05:27]     Pretrained loading path: from_pretrained
[2026-04-22 13:05:27]     Pretrained repo:         braindecode/signal-jepa_without-chans
[2026-04-22 13:05:27]       Trainable groups: ['final_layer.']
[2026-04-22 13:05:27]       Total params:     16,142
[2026-04-22 13:05:27]       Trainable params: 2,302
[2026-04-22 13:05:27]       Trainable pct:    14.26%
[2026-04-22 13:05:27]       Trainable parameter names: ['final_layer.spat_conv.weight', 'final_layer.spat_conv.bias', 'final_layer.linear.weight', 'final_layer.linear.bias']
[2026-04-22 13:05:28]   Fold 5/5 | best_epoch=2 | stop=52 | val_loss=0.6936 | acc=0.5250 | bal_acc=0.5250 | roc_auc=N/A
[2026-04-22 13:05:28]   Subject 52 summary: acc=0.5950±0.0748  bal_acc=0.5950±0.0748  roc_auc=N/A

[2026-04-22 13:05:29] Subject 53: 200 windows | class_counts=[100, 100]
[2026-04-22 13:05:29]     Downstream model:        SignalJEPA_PostLocal
[2026-04-22 13:05:29]     Fine-tune strategy:      new
[2026-04-22 13:05:29]     Pretrained loading path: from_pretrained
[2026-04-22 13:05:29]     Pretrained repo:         braindecode/signal-jepa_without-chans
[2026-04-22 13:05:29]       Trainable groups: ['final_layer.']
[2026-04-22 13:05:29]       Total params:     16,142
[2026-04-22 13:05:29]       Trainable params: 2,302
[2026-04-22 13:05:29]       Trainable pct:    14.26%
[2026-04-22 13:05:29]       Trainable parameter names: ['final_layer.spat_conv.weight', 'final_layer.spat_conv.bias', 'final_layer.linear.weight', 'final_layer.linear.bias']
[2026-04-22 13:05:32]   Fold 1/5 | best_epoch=38 | stop=88 | val_loss=0.6777 | acc=0.6250 | bal_acc=0.6250 | roc_auc=N/A
[2026-04-22 13:05:32]     Downstream model:        SignalJEPA_PostLocal
[2026-04-22 13:05:32]     Fine-tune strategy:      new
[2026-04-22 13:05:32]     Pretrained loading path: from_pretrained
[2026-04-22 13:05:32]     Pretrained repo:         braindecode/signal-jepa_without-chans
[2026-04-22 13:05:32]       Trainable groups: ['final_layer.']
[2026-04-22 13:05:32]       Total params:     16,142
[2026-04-22 13:05:32]       Trainable params: 2,302
[2026-04-22 13:05:32]       Trainable pct:    14.26%
[2026-04-22 13:05:32]       Trainable parameter names: ['final_layer.spat_conv.weight', 'final_layer.spat_conv.bias', 'final_layer.linear.weight', 'final_layer.linear.bias']
[2026-04-22 13:05:34]   Fold 2/5 | best_epoch=35 | stop=85 | val_loss=0.6806 | acc=0.6500 | bal_acc=0.6500 | roc_auc=N/A
[2026-04-22 13:05:35]     Downstream model:        SignalJEPA_PostLocal
[2026-04-22 13:05:35]     Fine-tune strategy:      new
[2026-04-22 13:05:35]     Pretrained loading path: from_pretrained
[2026-04-22 13:05:35]     Pretrained repo:         braindecode/signal-jepa_without-chans
[2026-04-22 13:05:35]       Trainable groups: ['final_layer.']
[2026-04-22 13:05:35]       Total params:     16,142
[2026-04-22 13:05:35]       Trainable params: 2,302
[2026-04-22 13:05:35]       Trainable pct:    14.26%
[2026-04-22 13:05:35]       Trainable parameter names: ['final_layer.spat_conv.weight', 'final_layer.spat_conv.bias', 'final_layer.linear.weight', 'final_layer.linear.bias']
[2026-04-22 13:05:38]   Fold 3/5 | best_epoch=66 | stop=116 | val_loss=0.5745 | acc=0.6000 | bal_acc=0.6000 | roc_auc=N/A
[2026-04-22 13:05:39]     Downstream model:        SignalJEPA_PostLocal
[2026-04-22 13:05:39]     Fine-tune strategy:      new
[2026-04-22 13:05:39]     Pretrained loading path: from_pretrained
[2026-04-22 13:05:39]     Pretrained repo:         braindecode/signal-jepa_without-chans
[2026-04-22 13:05:39]       Trainable groups: ['final_layer.']
[2026-04-22 13:05:39]       Total params:     16,142
[2026-04-22 13:05:39]       Trainable params: 2,302
[2026-04-22 13:05:39]       Trainable pct:    14.26%
[2026-04-22 13:05:39]       Trainable parameter names: ['final_layer.spat_conv.weight', 'final_layer.spat_conv.bias', 'final_layer.linear.weight', 'final_layer.linear.bias']
[2026-04-22 13:05:42]   Fold 4/5 | best_epoch=52 | stop=102 | val_loss=0.6655 | acc=0.6000 | bal_acc=0.6000 | roc_auc=N/A
[2026-04-22 13:05:42]     Downstream model:        SignalJEPA_PostLocal
[2026-04-22 13:05:42]     Fine-tune strategy:      new
[2026-04-22 13:05:42]     Pretrained loading path: from_pretrained
[2026-04-22 13:05:42]     Pretrained repo:         braindecode/signal-jepa_without-chans
[2026-04-22 13:05:42]       Trainable groups: ['final_layer.']
[2026-04-22 13:05:42]       Total params:     16,142
[2026-04-22 13:05:42]       Trainable params: 2,302
[2026-04-22 13:05:42]       Trainable pct:    14.26%
[2026-04-22 13:05:42]       Trainable parameter names: ['final_layer.spat_conv.weight', 'final_layer.spat_conv.bias', 'final_layer.linear.weight', 'final_layer.linear.bias']
[2026-04-22 13:05:45]   Fold 5/5 | best_epoch=40 | stop=90 | val_loss=0.6594 | acc=0.5250 | bal_acc=0.5250 | roc_auc=N/A
[2026-04-22 13:05:45]   Subject 53 summary: acc=0.6000±0.0418  bal_acc=0.6000±0.0418  roc_auc=N/A

[2026-04-22 13:05:45] Subject 54: 200 windows | class_counts=[100, 100]
[2026-04-22 13:05:45]     Downstream model:        SignalJEPA_PostLocal
[2026-04-22 13:05:45]     Fine-tune strategy:      new
[2026-04-22 13:05:45]     Pretrained loading path: from_pretrained
[2026-04-22 13:05:45]     Pretrained repo:         braindecode/signal-jepa_without-chans
[2026-04-22 13:05:45]       Trainable groups: ['final_layer.']
[2026-04-22 13:05:45]       Total params:     16,142
[2026-04-22 13:05:45]       Trainable params: 2,302
[2026-04-22 13:05:45]       Trainable pct:    14.26%
[2026-04-22 13:05:45]       Trainable parameter names: ['final_layer.spat_conv.weight', 'final_layer.spat_conv.bias', 'final_layer.linear.weight', 'final_layer.linear.bias']
[2026-04-22 13:05:47]   Fold 1/5 | best_epoch=25 | stop=75 | val_loss=0.6760 | acc=0.4250 | bal_acc=0.4250 | roc_auc=N/A
[2026-04-22 13:05:48]     Downstream model:        SignalJEPA_PostLocal
[2026-04-22 13:05:48]     Fine-tune strategy:      new
[2026-04-22 13:05:48]     Pretrained loading path: from_pretrained
[2026-04-22 13:05:48]     Pretrained repo:         braindecode/signal-jepa_without-chans
[2026-04-22 13:05:48]       Trainable groups: ['final_layer.']
[2026-04-22 13:05:48]       Total params:     16,142
[2026-04-22 13:05:48]       Trainable params: 2,302
[2026-04-22 13:05:48]       Trainable pct:    14.26%
[2026-04-22 13:05:48]       Trainable parameter names: ['final_layer.spat_conv.weight', 'final_layer.spat_conv.bias', 'final_layer.linear.weight', 'final_layer.linear.bias']
[2026-04-22 13:05:49]   Fold 2/5 | best_epoch=3 | stop=53 | val_loss=0.6931 | acc=0.5750 | bal_acc=0.5750 | roc_auc=N/A
[2026-04-22 13:05:50]     Downstream model:        SignalJEPA_PostLocal
[2026-04-22 13:05:50]     Fine-tune strategy:      new
[2026-04-22 13:05:50]     Pretrained loading path: from_pretrained
[2026-04-22 13:05:50]     Pretrained repo:         braindecode/signal-jepa_without-chans
[2026-04-22 13:05:50]       Trainable groups: ['final_layer.']
[2026-04-22 13:05:50]       Total params:     16,142
[2026-04-22 13:05:50]       Trainable params: 2,302
[2026-04-22 13:05:50]       Trainable pct:    14.26%
[2026-04-22 13:05:50]       Trainable parameter names: ['final_layer.spat_conv.weight', 'final_layer.spat_conv.bias', 'final_layer.linear.weight', 'final_layer.linear.bias']
[2026-04-22 13:05:52]   Fold 3/5 | best_epoch=20 | stop=68 | val_loss=0.6883 | acc=0.6000 | bal_acc=0.6000 | roc_auc=N/A
[2026-04-22 13:05:52]     Downstream model:        SignalJEPA_PostLocal
[2026-04-22 13:05:52]     Fine-tune strategy:      new
[2026-04-22 13:05:52]     Pretrained loading path: from_pretrained
[2026-04-22 13:05:52]     Pretrained repo:         braindecode/signal-jepa_without-chans
[2026-04-22 13:05:52]       Trainable groups: ['final_layer.']
[2026-04-22 13:05:52]       Total params:     16,142
[2026-04-22 13:05:52]       Trainable params: 2,302
[2026-04-22 13:05:52]       Trainable pct:    14.26%
[2026-04-22 13:05:52]       Trainable parameter names: ['final_layer.spat_conv.weight', 'final_layer.spat_conv.bias', 'final_layer.linear.weight', 'final_layer.linear.bias']
[2026-04-22 13:05:55]   Fold 4/5 | best_epoch=56 | stop=106 | val_loss=0.6390 | acc=0.6750 | bal_acc=0.6750 | roc_auc=N/A
[2026-04-22 13:05:56]     Downstream model:        SignalJEPA_PostLocal
[2026-04-22 13:05:56]     Fine-tune strategy:      new
[2026-04-22 13:05:56]     Pretrained loading path: from_pretrained
[2026-04-22 13:05:56]     Pretrained repo:         braindecode/signal-jepa_without-chans
[2026-04-22 13:05:56]       Trainable groups: ['final_layer.']
[2026-04-22 13:05:56]       Total params:     16,142
[2026-04-22 13:05:56]       Trainable params: 2,302
[2026-04-22 13:05:56]       Trainable pct:    14.26%
[2026-04-22 13:05:56]       Trainable parameter names: ['final_layer.spat_conv.weight', 'final_layer.spat_conv.bias', 'final_layer.linear.weight', 'final_layer.linear.bias']
[2026-04-22 13:06:03] Using device: cpu
[2026-04-22 13:06:03] Seed control disabled (CONFIG['set_seed'] = False)
[2026-04-22 13:06:03] ======================================================================
[2026-04-22 13:06:03] CONFIGURATION
[2026-04-22 13:06:03] ======================================================================
[2026-04-22 13:06:03]   artifact_dir: /home/vegorov/Repos/eeg_jepa_research/artifacts/lee-2019-fine-tuning
[2026-04-22 13:06:03]   bandpass_high: 40.0
[2026-04-22 13:06:03]   bandpass_low: 0.5
[2026-04-22 13:06:03]   batch_size: 32
[2026-04-22 13:06:03]   cv_folds: 5
[2026-04-22 13:06:03]   early_stopping_patience: 50
[2026-04-22 13:06:03]   learning_rate: 0.001
[2026-04-22 13:06:03]   model_name: SignalJEPA_Contextual
[2026-04-22 13:06:03]   n_epochs: 5000
[2026-04-22 13:06:03]   paradigm: MI
[2026-04-22 13:06:03]   seed: 12
[2026-04-22 13:06:03]   set_seed: False
[2026-04-22 13:06:03]   sfreq: 128
[2026-04-22 13:06:03]   strategy: new
[2026-04-22 13:06:03]   subjects_to_use: None
[2026-04-22 13:06:03]   val_split: 0.2
[2026-04-22 13:06:03]   warmup_epochs: 10
[2026-04-22 13:06:03] ======================================================================
[2026-04-22 13:06:03] Config saved to: /home/vegorov/Repos/eeg_jepa_research/artifacts/lee-2019-fine-tuning/MI/20260422_1306_bf7b511a/config.json
[2026-04-22 13:06:03] Epoch window configuration:
[2026-04-22 13:06:03]   Target sfreq:                128 Hz
[2026-04-22 13:06:03]   Requested duration:          4.20 s
[2026-04-22 13:06:03]   Expected window samples:     537

[2026-04-22 13:06:03] Preprocessed concat dataset exists: True (checked at: /home/vegorov/Repos/eeg_jepa_research/preprocessed_concat_datasets/MI_subjects_48_49_50_51_52_53_54)
[2026-04-22 13:06:03] Loaded raw concat dataset from: /home/vegorov/Repos/eeg_jepa_research/preprocessed_concat_datasets/MI_subjects_48_49_50_51_52_53_54

[2026-04-22 13:06:03] Post-load raw validation
[2026-04-22 13:06:03]   Recordings in LOADED_DATASET:   14
[2026-04-22 13:06:03]   Unique subject IDs:             ['48', '49', '50', '51', '52', '53', '54']
[2026-04-22 13:06:03]   sfreq (first rec):              128.0 Hz
[2026-04-22 13:06:03]   EEG channel count:              62
[2026-04-22 13:06:04] Window shape: (62, 537)
[2026-04-22 13:06:04] Window sample length expected=537, got=537
[2026-04-22 13:06:04] Global class counts: [700, 700]
[2026-04-22 13:06:04] Chance level (2-class): 0.50
[2026-04-22 13:06:04] Summarizing per-subject windows...
[2026-04-22 13:06:04]   Subject 48: n_windows=200, window_shape=(62, 537), class_counts=[100, 100]
[2026-04-22 13:06:04]   Subject 49: n_windows=200, window_shape=(62, 537), class_counts=[100, 100]
[2026-04-22 13:06:04]   Subject 50: n_windows=200, window_shape=(62, 537), class_counts=[100, 100]
[2026-04-22 13:06:04]   Subject 51: n_windows=200, window_shape=(62, 537), class_counts=[100, 100]
[2026-04-22 13:06:04]   Subject 52: n_windows=200, window_shape=(62, 537), class_counts=[100, 100]
[2026-04-22 13:06:04]   Subject 53: n_windows=200, window_shape=(62, 537), class_counts=[100, 100]
[2026-04-22 13:06:04]   Subject 54: n_windows=200, window_shape=(62, 537), class_counts=[100, 100]
[2026-04-22 13:06:05] SignalJEPA_Contextual instantiated successfully from braindecode/signal-jepa.
[2026-04-22 13:06:05]   Total parameters:     3,459,154
[2026-04-22 13:06:05]   Trainable parameters: 3,459,154
[2026-04-22 13:06:05] ======================================================================
[2026-04-22 13:06:05] STARTING CROSS-VALIDATION
[2026-04-22 13:06:05] ======================================================================
[2026-04-22 13:06:05] Subjects:      [48, 49, 50, 51, 52, 53, 54]
[2026-04-22 13:06:05] Paradigm:      MI
[2026-04-22 13:06:05] Model:         SignalJEPA_Contextual
[2026-04-22 13:06:05] Strategy:      new
[2026-04-22 13:06:05] Warm-up epochs:10
[2026-04-22 13:06:05] CV folds:      5
[2026-04-22 13:06:05] Batch size:    32
[2026-04-22 13:06:05] Learning rate: 0.001
[2026-04-22 13:06:05] Max epochs:    5000
[2026-04-22 13:06:05] Device:        cpu
[2026-04-22 13:06:05] Seed control:  False
[2026-04-22 13:06:05] CV seed:       12
[2026-04-22 13:06:05] ======================================================================

[2026-04-22 13:06:05] Subject 48: 200 windows | class_counts=[100, 100]
[2026-04-22 13:06:05]     Downstream model:        SignalJEPA_Contextual
[2026-04-22 13:06:05]     Fine-tune strategy:      new
[2026-04-22 13:06:05]     Pretrained loading path: from_pretrained
[2026-04-22 13:06:05]     Pretrained repo:         braindecode/signal-jepa
[2026-04-22 13:06:05]       Trainable groups: ['pos_encoder.', 'final_layer.']
[2026-04-22 13:06:05]       Total params:     3,459,154
[2026-04-22 13:06:05]       Trainable params: 4,162
[2026-04-22 13:06:05]       Trainable pct:    0.12%
[2026-04-22 13:06:05]       Trainable parameter names: ['pos_encoder.pos_encoder_spat.weight', 'final_layer.spat_conv.weight', 'final_layer.spat_conv.bias', 'final_layer.linear.weight', 'final_layer.linear.bias']
[2026-04-22 13:13:14]   Fold 1/5 | best_epoch=4 | stop=54 | val_loss=0.6931 | acc=0.5000 | bal_acc=0.5000 | roc_auc=N/A
[2026-04-22 13:13:15]     Downstream model:        SignalJEPA_Contextual
[2026-04-22 13:13:15]     Fine-tune strategy:      new
[2026-04-22 13:13:15]     Pretrained loading path: from_pretrained
[2026-04-22 13:13:15]     Pretrained repo:         braindecode/signal-jepa
[2026-04-22 13:13:15]       Trainable groups: ['pos_encoder.', 'final_layer.']
[2026-04-22 13:13:15]       Total params:     3,459,154
[2026-04-22 13:13:15]       Trainable params: 4,162
[2026-04-22 13:13:15]       Trainable pct:    0.12%
[2026-04-22 13:13:15]       Trainable parameter names: ['pos_encoder.pos_encoder_spat.weight', 'final_layer.spat_conv.weight', 'final_layer.spat_conv.bias', 'final_layer.linear.weight', 'final_layer.linear.bias']
[2026-04-22 13:20:01]   Fold 2/5 | best_epoch=50 | stop=51 | val_loss=0.6931 | acc=0.5000 | bal_acc=0.5000 | roc_auc=N/A
[2026-04-22 13:20:01]     Downstream model:        SignalJEPA_Contextual
[2026-04-22 13:20:01]     Fine-tune strategy:      new
[2026-04-22 13:20:01]     Pretrained loading path: from_pretrained
[2026-04-22 13:20:01]     Pretrained repo:         braindecode/signal-jepa
[2026-04-22 13:20:01]       Trainable groups: ['pos_encoder.', 'final_layer.']
[2026-04-22 13:20:01]       Total params:     3,459,154
[2026-04-22 13:20:01]       Trainable params: 4,162
[2026-04-22 13:20:01]       Trainable pct:    0.12%
[2026-04-22 13:20:01]       Trainable parameter names: ['pos_encoder.pos_encoder_spat.weight', 'final_layer.spat_conv.weight', 'final_layer.spat_conv.bias', 'final_layer.linear.weight', 'final_layer.linear.bias']
[2026-04-22 13:28:22]   Fold 3/5 | best_epoch=28 | stop=63 | val_loss=0.6931 | acc=0.5000 | bal_acc=0.5000 | roc_auc=N/A
[2026-04-22 13:28:23]     Downstream model:        SignalJEPA_Contextual
[2026-04-22 13:28:23]     Fine-tune strategy:      new
[2026-04-22 13:28:23]     Pretrained loading path: from_pretrained
[2026-04-22 13:28:23]     Pretrained repo:         braindecode/signal-jepa
[2026-04-22 13:28:23]       Trainable groups: ['pos_encoder.', 'final_layer.']
[2026-04-22 13:28:23]       Total params:     3,459,154
[2026-04-22 13:28:23]       Trainable params: 4,162
[2026-04-22 13:28:23]       Trainable pct:    0.12%
[2026-04-22 13:28:23]       Trainable parameter names: ['pos_encoder.pos_encoder_spat.weight', 'final_layer.spat_conv.weight', 'final_layer.spat_conv.bias', 'final_layer.linear.weight', 'final_layer.linear.bias']
[2026-04-22 13:36:14]   Fold 4/5 | best_epoch=26 | stop=59 | val_loss=0.6931 | acc=0.5000 | bal_acc=0.5000 | roc_auc=N/A
[2026-04-22 13:36:15]     Downstream model:        SignalJEPA_Contextual
[2026-04-22 13:36:15]     Fine-tune strategy:      new
[2026-04-22 13:36:15]     Pretrained loading path: from_pretrained
[2026-04-22 13:36:15]     Pretrained repo:         braindecode/signal-jepa
[2026-04-22 13:36:15]       Trainable groups: ['pos_encoder.', 'final_layer.']
[2026-04-22 13:36:15]       Total params:     3,459,154
[2026-04-22 13:36:15]       Trainable params: 4,162
[2026-04-22 13:36:15]       Trainable pct:    0.12%
[2026-04-22 13:36:15]       Trainable parameter names: ['pos_encoder.pos_encoder_spat.weight', 'final_layer.spat_conv.weight', 'final_layer.spat_conv.bias', 'final_layer.linear.weight', 'final_layer.linear.bias']
[2026-04-22 13:46:47]   Fold 5/5 | best_epoch=51 | stop=80 | val_loss=0.6931 | acc=0.5000 | bal_acc=0.5000 | roc_auc=N/A
[2026-04-22 13:46:47]   Subject 48 summary: acc=0.5000±0.0000  bal_acc=0.5000±0.0000  roc_auc=N/A

[2026-04-22 13:46:47] Subject 49: 200 windows | class_counts=[100, 100]
[2026-04-22 13:46:48]     Downstream model:        SignalJEPA_Contextual
[2026-04-22 13:46:48]     Fine-tune strategy:      new
[2026-04-22 13:46:48]     Pretrained loading path: from_pretrained
[2026-04-22 13:46:48]     Pretrained repo:         braindecode/signal-jepa
[2026-04-22 13:46:48]       Trainable groups: ['pos_encoder.', 'final_layer.']
[2026-04-22 13:46:48]       Total params:     3,459,154
[2026-04-22 13:46:48]       Trainable params: 4,162
[2026-04-22 13:46:48]       Trainable pct:    0.12%
[2026-04-22 13:46:48]       Trainable parameter names: ['pos_encoder.pos_encoder_spat.weight', 'final_layer.spat_conv.weight', 'final_layer.spat_conv.bias', 'final_layer.linear.weight', 'final_layer.linear.bias']
[2026-04-22 13:53:30]   Fold 1/5 | best_epoch=5 | stop=51 | val_loss=0.6931 | acc=0.5000 | bal_acc=0.5000 | roc_auc=N/A
[2026-04-22 13:53:31]     Downstream model:        SignalJEPA_Contextual
[2026-04-22 13:53:31]     Fine-tune strategy:      new
[2026-04-22 13:53:31]     Pretrained loading path: from_pretrained
[2026-04-22 13:53:31]     Pretrained repo:         braindecode/signal-jepa
[2026-04-22 13:53:31]       Trainable groups: ['pos_encoder.', 'final_layer.']
[2026-04-22 13:53:31]       Total params:     3,459,154
[2026-04-22 13:53:31]       Trainable params: 4,162
[2026-04-22 13:53:31]       Trainable pct:    0.12%
[2026-04-22 13:53:31]       Trainable parameter names: ['pos_encoder.pos_encoder_spat.weight', 'final_layer.spat_conv.weight', 'final_layer.spat_conv.bias', 'final_layer.linear.weight', 'final_layer.linear.bias']
[2026-04-22 14:01:47]   Fold 2/5 | best_epoch=24 | stop=63 | val_loss=0.6931 | acc=0.5000 | bal_acc=0.5000 | roc_auc=N/A
[2026-04-22 14:01:47]     Downstream model:        SignalJEPA_Contextual
[2026-04-22 14:01:47]     Fine-tune strategy:      new
[2026-04-22 14:01:47]     Pretrained loading path: from_pretrained
[2026-04-22 14:01:47]     Pretrained repo:         braindecode/signal-jepa
[2026-04-22 14:01:47]       Trainable groups: ['pos_encoder.', 'final_layer.']
[2026-04-22 14:01:47]       Total params:     3,459,154
[2026-04-22 14:01:47]       Trainable params: 4,162
[2026-04-22 14:01:47]       Trainable pct:    0.12%
[2026-04-22 14:01:47]       Trainable parameter names: ['pos_encoder.pos_encoder_spat.weight', 'final_layer.spat_conv.weight', 'final_layer.spat_conv.bias', 'final_layer.linear.weight', 'final_layer.linear.bias']
[2026-04-22 14:08:53]   Fold 3/5 | best_epoch=11 | stop=54 | val_loss=0.6931 | acc=0.5000 | bal_acc=0.5000 | roc_auc=N/A
[2026-04-22 14:08:54]     Downstream model:        SignalJEPA_Contextual
[2026-04-22 14:08:54]     Fine-tune strategy:      new
[2026-04-22 14:08:54]     Pretrained loading path: from_pretrained
[2026-04-22 14:08:54]     Pretrained repo:         braindecode/signal-jepa
[2026-04-22 14:08:54]       Trainable groups: ['pos_encoder.', 'final_layer.']
[2026-04-22 14:08:54]       Total params:     3,459,154
[2026-04-22 14:08:54]       Trainable params: 4,162
[2026-04-22 14:08:54]       Trainable pct:    0.12%
[2026-04-22 14:08:54]       Trainable parameter names: ['pos_encoder.pos_encoder_spat.weight', 'final_layer.spat_conv.weight', 'final_layer.spat_conv.bias', 'final_layer.linear.weight', 'final_layer.linear.bias']
[2026-04-22 14:19:40]   Fold 4/5 | best_epoch=37 | stop=82 | val_loss=0.6931 | acc=0.5000 | bal_acc=0.5000 | roc_auc=N/A
[2026-04-22 14:19:41]     Downstream model:        SignalJEPA_Contextual
[2026-04-22 14:19:41]     Fine-tune strategy:      new
[2026-04-22 14:19:41]     Pretrained loading path: from_pretrained
[2026-04-22 14:19:41]     Pretrained repo:         braindecode/signal-jepa
[2026-04-22 14:19:41]       Trainable groups: ['pos_encoder.', 'final_layer.']
[2026-04-22 14:19:41]       Total params:     3,459,154
[2026-04-22 14:19:41]       Trainable params: 4,162
[2026-04-22 14:19:41]       Trainable pct:    0.12%
[2026-04-22 14:19:41]       Trainable parameter names: ['pos_encoder.pos_encoder_spat.weight', 'final_layer.spat_conv.weight', 'final_layer.spat_conv.bias', 'final_layer.linear.weight', 'final_layer.linear.bias']
[2026-04-22 14:26:23]   Fold 5/5 | best_epoch=4 | stop=51 | val_loss=0.6931 | acc=0.5000 | bal_acc=0.5000 | roc_auc=N/A
[2026-04-22 14:26:23]   Subject 49 summary: acc=0.5000±0.0000  bal_acc=0.5000±0.0000  roc_auc=N/A

[2026-04-22 14:26:23] Subject 50: 200 windows | class_counts=[100, 100]
[2026-04-22 14:26:24]     Downstream model:        SignalJEPA_Contextual
[2026-04-22 14:26:24]     Fine-tune strategy:      new
[2026-04-22 14:26:24]     Pretrained loading path: from_pretrained
[2026-04-22 14:26:24]     Pretrained repo:         braindecode/signal-jepa
[2026-04-22 14:26:24]       Trainable groups: ['pos_encoder.', 'final_layer.']
[2026-04-22 14:26:24]       Total params:     3,459,154
[2026-04-22 14:26:24]       Trainable params: 4,162
[2026-04-22 14:26:24]       Trainable pct:    0.12%
[2026-04-22 14:26:24]       Trainable parameter names: ['pos_encoder.pos_encoder_spat.weight', 'final_layer.spat_conv.weight', 'final_layer.spat_conv.bias', 'final_layer.linear.weight', 'final_layer.linear.bias']
[2026-04-22 14:33:22]   Fold 1/5 | best_epoch=3 | stop=53 | val_loss=0.6931 | acc=0.5000 | bal_acc=0.5000 | roc_auc=N/A
[2026-04-22 14:33:23]     Downstream model:        SignalJEPA_Contextual
[2026-04-22 14:33:23]     Fine-tune strategy:      new
[2026-04-22 14:33:23]     Pretrained loading path: from_pretrained
[2026-04-22 14:33:23]     Pretrained repo:         braindecode/signal-jepa
[2026-04-22 14:33:23]       Trainable groups: ['pos_encoder.', 'final_layer.']
[2026-04-22 14:33:23]       Total params:     3,459,154
[2026-04-22 14:33:23]       Trainable params: 4,162
[2026-04-22 14:33:23]       Trainable pct:    0.12%
[2026-04-22 14:33:23]       Trainable parameter names: ['pos_encoder.pos_encoder_spat.weight', 'final_layer.spat_conv.weight', 'final_layer.spat_conv.bias', 'final_layer.linear.weight', 'final_layer.linear.bias']
[2026-04-22 14:40:36]   Fold 2/5 | best_epoch=8 | stop=55 | val_loss=0.6931 | acc=0.5000 | bal_acc=0.5000 | roc_auc=N/A
[2026-04-22 14:40:37]     Downstream model:        SignalJEPA_Contextual
[2026-04-22 14:40:37]     Fine-tune strategy:      new
[2026-04-22 14:40:37]     Pretrained loading path: from_pretrained
[2026-04-22 14:40:37]     Pretrained repo:         braindecode/signal-jepa
[2026-04-22 14:40:37]       Trainable groups: ['pos_encoder.', 'final_layer.']
[2026-04-22 14:40:37]       Total params:     3,459,154
[2026-04-22 14:40:37]       Trainable params: 4,162
[2026-04-22 14:40:37]       Trainable pct:    0.12%
[2026-04-22 14:40:37]       Trainable parameter names: ['pos_encoder.pos_encoder_spat.weight', 'final_layer.spat_conv.weight', 'final_layer.spat_conv.bias', 'final_layer.linear.weight', 'final_layer.linear.bias']
[2026-04-22 14:47:19]   Fold 3/5 | best_epoch=1 | stop=51 | val_loss=0.6932 | acc=0.5000 | bal_acc=0.5000 | roc_auc=N/A
[2026-04-22 14:47:19]     Downstream model:        SignalJEPA_Contextual
[2026-04-22 14:47:19]     Fine-tune strategy:      new
[2026-04-22 14:47:19]     Pretrained loading path: from_pretrained
[2026-04-22 14:47:19]     Pretrained repo:         braindecode/signal-jepa
[2026-04-22 14:47:19]       Trainable groups: ['pos_encoder.', 'final_layer.']
[2026-04-22 14:47:19]       Total params:     3,459,154
[2026-04-22 14:47:19]       Trainable params: 4,162
[2026-04-22 14:47:19]       Trainable pct:    0.12%
[2026-04-22 14:47:19]       Trainable parameter names: ['pos_encoder.pos_encoder_spat.weight', 'final_layer.spat_conv.weight', 'final_layer.spat_conv.bias', 'final_layer.linear.weight', 'final_layer.linear.bias']
[2026-04-22 14:54:31]   Fold 4/5 | best_epoch=35 | stop=55 | val_loss=0.6931 | acc=0.5000 | bal_acc=0.5000 | roc_auc=N/A
[2026-04-22 14:54:32]     Downstream model:        SignalJEPA_Contextual
[2026-04-22 14:54:32]     Fine-tune strategy:      new
[2026-04-22 14:54:32]     Pretrained loading path: from_pretrained
[2026-04-22 14:54:32]     Pretrained repo:         braindecode/signal-jepa
[2026-04-22 14:54:32]       Trainable groups: ['pos_encoder.', 'final_layer.']
[2026-04-22 14:54:32]       Total params:     3,459,154
[2026-04-22 14:54:32]       Trainable params: 4,162
[2026-04-22 14:54:32]       Trainable pct:    0.12%
[2026-04-22 14:54:32]       Trainable parameter names: ['pos_encoder.pos_encoder_spat.weight', 'final_layer.spat_conv.weight', 'final_layer.spat_conv.bias', 'final_layer.linear.weight', 'final_layer.linear.bias']
[2026-04-22 15:02:14]   Fold 5/5 | best_epoch=27 | stop=59 | val_loss=0.6931 | acc=0.5000 | bal_acc=0.5000 | roc_auc=N/A
[2026-04-22 15:02:14]   Subject 50 summary: acc=0.5000±0.0000  bal_acc=0.5000±0.0000  roc_auc=N/A

[2026-04-22 15:02:14] Subject 51: 200 windows | class_counts=[100, 100]
[2026-04-22 15:02:15]     Downstream model:        SignalJEPA_Contextual
[2026-04-22 15:02:15]     Fine-tune strategy:      new
[2026-04-22 15:02:15]     Pretrained loading path: from_pretrained
[2026-04-22 15:02:15]     Pretrained repo:         braindecode/signal-jepa
[2026-04-22 15:02:15]       Trainable groups: ['pos_encoder.', 'final_layer.']
[2026-04-22 15:02:15]       Total params:     3,459,154
[2026-04-22 15:02:15]       Trainable params: 4,162
[2026-04-22 15:02:15]       Trainable pct:    0.12%
[2026-04-22 15:02:15]       Trainable parameter names: ['pos_encoder.pos_encoder_spat.weight', 'final_layer.spat_conv.weight', 'final_layer.spat_conv.bias', 'final_layer.linear.weight', 'final_layer.linear.bias']
[2026-04-22 15:10:41]   Fold 1/5 | best_epoch=15 | stop=64 | val_loss=0.6931 | acc=0.5000 | bal_acc=0.5000 | roc_auc=N/A
[2026-04-22 15:10:42]     Downstream model:        SignalJEPA_Contextual
[2026-04-22 15:10:42]     Fine-tune strategy:      new
[2026-04-22 15:10:42]     Pretrained loading path: from_pretrained
[2026-04-22 15:10:42]     Pretrained repo:         braindecode/signal-jepa
[2026-04-22 15:10:42]       Trainable groups: ['pos_encoder.', 'final_layer.']
[2026-04-22 15:10:42]       Total params:     3,459,154
[2026-04-22 15:10:42]       Trainable params: 4,162
[2026-04-22 15:10:42]       Trainable pct:    0.12%
[2026-04-22 15:10:42]       Trainable parameter names: ['pos_encoder.pos_encoder_spat.weight', 'final_layer.spat_conv.weight', 'final_layer.spat_conv.bias', 'final_layer.linear.weight', 'final_layer.linear.bias']
[2026-04-22 15:21:35]   Fold 2/5 | best_epoch=52 | stop=82 | val_loss=0.6931 | acc=0.5000 | bal_acc=0.5000 | roc_auc=N/A
[2026-04-22 15:21:35]     Downstream model:        SignalJEPA_Contextual
[2026-04-22 15:21:35]     Fine-tune strategy:      new
[2026-04-22 15:21:35]     Pretrained loading path: from_pretrained
[2026-04-22 15:21:35]     Pretrained repo:         braindecode/signal-jepa
[2026-04-22 15:21:35]       Trainable groups: ['pos_encoder.', 'final_layer.']
[2026-04-22 15:21:35]       Total params:     3,459,154
[2026-04-22 15:21:35]       Trainable params: 4,162
[2026-04-22 15:21:35]       Trainable pct:    0.12%
[2026-04-22 15:21:35]       Trainable parameter names: ['pos_encoder.pos_encoder_spat.weight', 'final_layer.spat_conv.weight', 'final_layer.spat_conv.bias', 'final_layer.linear.weight', 'final_layer.linear.bias']
[2026-04-22 15:28:45]   Fold 3/5 | best_epoch=40 | stop=54 | val_loss=0.6931 | acc=0.5000 | bal_acc=0.5000 | roc_auc=N/A
[2026-04-22 15:28:45]     Downstream model:        SignalJEPA_Contextual
[2026-04-22 15:28:45]     Fine-tune strategy:      new
[2026-04-22 15:28:45]     Pretrained loading path: from_pretrained
[2026-04-22 15:28:45]     Pretrained repo:         braindecode/signal-jepa
[2026-04-22 15:28:45]       Trainable groups: ['pos_encoder.', 'final_layer.']
[2026-04-22 15:28:45]       Total params:     3,459,154
[2026-04-22 15:28:45]       Trainable params: 4,162
[2026-04-22 15:28:45]       Trainable pct:    0.12%
[2026-04-22 15:28:45]       Trainable parameter names: ['pos_encoder.pos_encoder_spat.weight', 'final_layer.spat_conv.weight', 'final_layer.spat_conv.bias', 'final_layer.linear.weight', 'final_layer.linear.bias']
[2026-04-22 15:35:44]   Fold 4/5 | best_epoch=41 | stop=53 | val_loss=0.6931 | acc=0.5000 | bal_acc=0.5000 | roc_auc=N/A
[2026-04-22 15:35:44]     Downstream model:        SignalJEPA_Contextual
[2026-04-22 15:35:44]     Fine-tune strategy:      new
[2026-04-22 15:35:44]     Pretrained loading path: from_pretrained
[2026-04-22 15:35:44]     Pretrained repo:         braindecode/signal-jepa
[2026-04-22 15:35:44]       Trainable groups: ['pos_encoder.', 'final_layer.']
[2026-04-22 15:35:44]       Total params:     3,459,154
[2026-04-22 15:35:44]       Trainable params: 4,162
[2026-04-22 15:35:44]       Trainable pct:    0.12%
[2026-04-22 15:35:44]       Trainable parameter names: ['pos_encoder.pos_encoder_spat.weight', 'final_layer.spat_conv.weight', 'final_layer.spat_conv.bias', 'final_layer.linear.weight', 'final_layer.linear.bias']
[2026-04-22 15:43:58]   Fold 5/5 | best_epoch=12 | stop=62 | val_loss=0.6932 | acc=0.5000 | bal_acc=0.5000 | roc_auc=N/A
[2026-04-22 15:43:58]   Subject 51 summary: acc=0.5000±0.0000  bal_acc=0.5000±0.0000  roc_auc=N/A

[2026-04-22 15:43:58] Subject 52: 200 windows | class_counts=[100, 100]
[2026-04-22 15:43:58]     Downstream model:        SignalJEPA_Contextual
[2026-04-22 15:43:58]     Fine-tune strategy:      new
[2026-04-22 15:43:58]     Pretrained loading path: from_pretrained
[2026-04-22 15:43:58]     Pretrained repo:         braindecode/signal-jepa
[2026-04-22 15:43:58]       Trainable groups: ['pos_encoder.', 'final_layer.']
[2026-04-22 15:43:58]       Total params:     3,459,154
[2026-04-22 15:43:58]       Trainable params: 4,162
[2026-04-22 15:43:58]       Trainable pct:    0.12%
[2026-04-22 15:43:58]       Trainable parameter names: ['pos_encoder.pos_encoder_spat.weight', 'final_layer.spat_conv.weight', 'final_layer.spat_conv.bias', 'final_layer.linear.weight', 'final_layer.linear.bias']
[2026-04-22 15:51:45]   Fold 1/5 | best_epoch=16 | stop=59 | val_loss=0.6931 | acc=0.5000 | bal_acc=0.5000 | roc_auc=N/A
[2026-04-22 15:51:46]     Downstream model:        SignalJEPA_Contextual
[2026-04-22 15:51:46]     Fine-tune strategy:      new
[2026-04-22 15:51:46]     Pretrained loading path: from_pretrained
[2026-04-22 15:51:46]     Pretrained repo:         braindecode/signal-jepa
[2026-04-22 15:51:46]       Trainable groups: ['pos_encoder.', 'final_layer.']
[2026-04-22 15:51:46]       Total params:     3,459,154
[2026-04-22 15:51:46]       Trainable params: 4,162
[2026-04-22 15:51:46]       Trainable pct:    0.12%
[2026-04-22 15:51:46]       Trainable parameter names: ['pos_encoder.pos_encoder_spat.weight', 'final_layer.spat_conv.weight', 'final_layer.spat_conv.bias', 'final_layer.linear.weight', 'final_layer.linear.bias']
[2026-04-22 15:58:35]   Fold 2/5 | best_epoch=43 | stop=52 | val_loss=0.6931 | acc=0.5000 | bal_acc=0.5000 | roc_auc=N/A
[2026-04-22 15:58:36]     Downstream model:        SignalJEPA_Contextual
[2026-04-22 15:58:36]     Fine-tune strategy:      new
[2026-04-22 15:58:36]     Pretrained loading path: from_pretrained
[2026-04-22 15:58:36]     Pretrained repo:         braindecode/signal-jepa
[2026-04-22 15:58:36]       Trainable groups: ['pos_encoder.', 'final_layer.']
[2026-04-22 15:58:36]       Total params:     3,459,154
[2026-04-22 15:58:36]       Trainable params: 4,162
[2026-04-22 15:58:36]       Trainable pct:    0.12%
[2026-04-22 15:58:36]       Trainable parameter names: ['pos_encoder.pos_encoder_spat.weight', 'final_layer.spat_conv.weight', 'final_layer.spat_conv.bias', 'final_layer.linear.weight', 'final_layer.linear.bias']
[2026-04-22 16:06:14]   Fold 3/5 | best_epoch=15 | stop=58 | val_loss=0.6931 | acc=0.5000 | bal_acc=0.5000 | roc_auc=N/A
[2026-04-22 16:06:14]     Downstream model:        SignalJEPA_Contextual
[2026-04-22 16:06:14]     Fine-tune strategy:      new
[2026-04-22 16:06:14]     Pretrained loading path: from_pretrained
[2026-04-22 16:06:14]     Pretrained repo:         braindecode/signal-jepa
Notebook:       /home/vegorov/Repos/eeg_jepa_research/src/lee2019_finetune_sjepa.ipynb
Configurations: /home/vegorov/Repos/eeg_jepa_research/src/utils/experiments/configs/new_mi_sweep.json
Total configs:  3

[1/3] Running config override:
{
  "paradigm": "MI",
  "model_name": "SignalJEPA_PreLocal",
  "strategy": "new"
}
  status:       completed
  elapsed_sec:  209.548
  run_id:       20260422_1300_5f2d062a
  artifact_dir: /home/vegorov/Repos/eeg_jepa_research/artifacts/lee-2019-fine-tuning/MI/20260422_1300_5f2d062a

[2/3] Running config override:
{
  "paradigm": "MI",
  "model_name": "SignalJEPA_PostLocal",
  "strategy": "new"
}
  status:       completed
  elapsed_sec:  113.067
  run_id:       20260422_1304_fb28aca9
  artifact_dir: /home/vegorov/Repos/eeg_jepa_research/artifacts/lee-2019-fine-tuning/MI/20260422_1304_fb28aca9

[3/3] Running config override:
{
  "paradigm": "MI",
  "model_name": "SignalJEPA_Contextual",
  "strategy": "new"
}
Traceback (most recent call last):
  File "/home/vegorov/Repos/eeg_jepa_research/src/utils/experiments/experiments.py", line 536, in <module>
    raise SystemExit(main())
                     ^^^^^^
  File "/home/vegorov/Repos/eeg_jepa_research/src/utils/experiments/experiments.py", line 456, in main
    result = execute_one(
             ^^^^^^^^^^^^
  File "/home/vegorov/Repos/eeg_jepa_research/src/utils/experiments/experiments.py", line 356, in execute_one
    client.execute()
  File "/home/vegorov/Repos/eeg_jepa_research/.venv/lib/python3.11/site-packages/jupyter_core/utils/__init__.py", line 165, in wrapped
    return loop.run_until_complete(inner)
           ^^^^^^^^^^^^^^^^^^^^^^^^^^^^^^
  File "/home/vegorov/snap/code/233/.local/share/uv/python/cpython-3.11.15-linux-x86_64-gnu/lib/python3.11/asyncio/base_events.py", line 654, in run_until_complete
    return future.result()
           ^^^^^^^^^^^^^^^
  File "/home/vegorov/Repos/eeg_jepa_research/.venv/lib/python3.11/site-packages/nbclient/client.py", line 709, in async_execute
    await self.async_execute_cell(
  File "/home/vegorov/Repos/eeg_jepa_research/.venv/lib/python3.11/site-packages/nbclient/client.py", line 1009, in async_execute_cell
    raise DeadKernelError("Kernel died") from None
nbclient.exceptions.DeadKernelError: Kernel died
