[2026-04-02 13:30:23] Using device: cpu
[2026-04-02 13:30:23] Seed control enabled: True
[2026-04-02 13:30:23] Base seed: 46
[2026-04-02 13:30:23] Seed initialized: 46
[2026-04-02 13:30:23] ======================================================================
[2026-04-02 13:30:23] CONFIGURATION
[2026-04-02 13:30:23] ======================================================================
[2026-04-02 13:30:23]   artifact_dir: /home/vegorov/Repos/eeg_jepa_research/artifacts/lee-2019-fine-tuning
[2026-04-02 13:30:23]   bandpass_high: 40.0
[2026-04-02 13:30:23]   bandpass_low: 0.5
[2026-04-02 13:30:23]   batch_size: 32
[2026-04-02 13:30:23]   convert_to_uV: True
[2026-04-02 13:30:23]   cv_folds: 5
[2026-04-02 13:30:23]   device: auto
[2026-04-02 13:30:23]   early_stopping_patience: 50
[2026-04-02 13:30:23]   learning_rate: None
[2026-04-02 13:30:23]   n_epochs: 5000
[2026-04-02 13:30:23]   normalization_method: None
[2026-04-02 13:30:23]   normalize: False
[2026-04-02 13:30:23]   paradigm: SSVEP
[2026-04-02 13:30:23]   pretrained_url: https://huggingface.co/braindecode/SignalJEPA/resolve/main/signal-jepa_16s-60_adeuwv4s.pth
[2026-04-02 13:30:23]   seed: 46
[2026-04-02 13:30:23]   set_seed: True
[2026-04-02 13:30:23]   sfreq: 128
[2026-04-02 13:30:23]   subjects_to_use: None
[2026-04-02 13:30:23]   val_split: 0.2
[2026-04-02 13:30:23] ======================================================================
[2026-04-02 13:30:23] Config saved to: /home/vegorov/Repos/eeg_jepa_research/artifacts/lee-2019-fine-tuning/SSVEP/20260402_1330_b1b682e6/config.json
[2026-04-02 13:30:23] Epoch window configuration:
[2026-04-02 13:30:23]   Target sfreq:                128 Hz
[2026-04-02 13:30:23]   Target duration:             4.190000 s
[2026-04-02 13:30:23]   Window samples (rounded):    536
[2026-04-02 13:30:23]   Base trial samples (4.0 s):  512
[2026-04-02 13:30:23]   Trial stop offset samples:   24
[2026-04-02 13:30:23]   Effective window duration:   4.187500 s
[2026-04-02 13:30:23] Dataset code: Lee2019-SSVEP
[2026-04-02 13:30:23] Subjects Total: 54
[2026-04-02 13:30:23] Events: {'12.0': 1, '8.57': 2, '6.67': 3, '5.45': 4}
[2026-04-02 13:30:23] Interval: [0.0, 4.0]
[2026-04-02 13:30:23] Paradigm: ssvep
[2026-04-02 13:30:23] Selected subjects: [48, 49, 50, 51, 52, 53, 54]
[2026-04-02 13:30:23] Expected evaluation folds: 35

[2026-04-02 13:30:23] Building MOABBDataset for Lee2019_SSVEP...
[2026-04-02 13:31:25] MOABBDataset recordings loaded: 7
[2026-04-02 13:31:25] Discovered annotation descriptions (first recording): [np.str_('12.0'), np.str_('5.45'), np.str_('6.67'), np.str_('8.57')]
[2026-04-02 13:31:25] Dataset event_id mapping: {'12.0': 1, '8.57': 2, '6.67': 3, '5.45': 4}
[2026-04-02 13:31:25] Label map (event_code -> class_index): {1: 0, 2: 1, 3: 2, 4: 3}
[2026-04-02 13:31:25] Applying Braindecode preprocessors to MOABBDataset...
[2026-04-02 13:31:45] Preprocessing complete.

[2026-04-02 13:31:45] Post-preprocessing validation
[2026-04-02 13:31:45]   Recordings in DATASET: 7
[2026-04-02 13:31:45]   Unique subject IDs:    ['48', '49', '50', '51', '52', '53', '54']
[2026-04-02 13:31:45]   sfreq (first rec):     128.0 Hz
[2026-04-02 13:31:45]   EEG channel count:     62
[2026-04-02 13:31:45]   First 10 channels:     ['Fp1', 'Fp2', 'F7', 'F3', 'Fz', 'F4', 'F8', 'FC5', 'FC1', 'FC2']
[2026-04-02 13:31:45] Channel consistency summary:
[2026-04-02 13:31:45]   Checked runs: 7
[2026-04-02 13:31:45]   Unique channel counts: [62]
[2026-04-02 13:31:45]   Channel order consistent: True
[2026-04-02 13:31:45] Validated EEG channels: 62
[2026-04-02 13:31:45] First 10 EEG channels: ['Fp1', 'Fp2', 'F7', 'F3', 'Fz', 'F4', 'F8', 'FC5', 'FC1', 'FC2']
[2026-04-02 13:31:45] raw mean_abs=6.566995e+00
[2026-04-02 13:31:45] raw std=1.148469e+01
[2026-04-02 13:31:45] raw first5 channel std= [25.05396238 36.02502646  9.59456342  7.25560171  7.19880537]
[2026-04-02 13:31:45] Requested window samples: 536
[2026-04-02 13:31:45] Base trial samples:       512
[2026-04-02 13:31:45] Stop offset samples:      24
[2026-04-02 13:31:45] Global class counts: [175, 175, 175, 175]
[2026-04-02 13:31:45] Chance level (4-class): 0.25
[2026-04-02 13:31:45] One window shape: (62, 536)
[2026-04-02 13:31:45] One window label: 1
[2026-04-02 13:31:45] Window sample length expected=536, got=536
[2026-04-02 13:31:45] Subjects in window split: [48, 49, 50, 51, 52, 53, 54]
[2026-04-02 13:31:45] Summarizing per-subject windows...
[2026-04-02 13:31:45]   Subject 48: n_windows=100, window_shape=(62, 536), class_counts=[25, 25, 25, 25]
[2026-04-02 13:31:45]   Subject 49: n_windows=100, window_shape=(62, 536), class_counts=[25, 25, 25, 25]
[2026-04-02 13:31:45]   Subject 50: n_windows=100, window_shape=(62, 536), class_counts=[25, 25, 25, 25]
[2026-04-02 13:31:45]   Subject 51: n_windows=100, window_shape=(62, 536), class_counts=[25, 25, 25, 25]
[2026-04-02 13:31:45]   Subject 52: n_windows=100, window_shape=(62, 536), class_counts=[25, 25, 25, 25]
[2026-04-02 13:31:45]   Subject 53: n_windows=100, window_shape=(62, 536), class_counts=[25, 25, 25, 25]
[2026-04-02 13:31:45]   Subject 54: n_windows=100, window_shape=(62, 536), class_counts=[25, 25, 25, 25]
[2026-04-02 13:31:46]    subject_id  n_windows  n_channels  n_times      class_counts
0          48        100          62      536  [25, 25, 25, 25]
1          49        100          62      536  [25, 25, 25, 25]
2          50        100          62      536  [25, 25, 25, 25]
3          51        100          62      536  [25, 25, 25, 25]
4          52        100          62      536  [25, 25, 25, 25]
5          53        100          62      536  [25, 25, 25, 25]
6          54        100          62      536  [25, 25, 25, 25]
[2026-04-02 13:31:46] Window validation summary:
[2026-04-02 13:31:46]   Subject 48: n_windows=100 class_counts=[25, 25, 25, 25]
[2026-04-02 13:31:46]   Subject 49: n_windows=100 class_counts=[25, 25, 25, 25]
[2026-04-02 13:31:46]   Subject 50: n_windows=100 class_counts=[25, 25, 25, 25]
[2026-04-02 13:31:46]   Subject 51: n_windows=100 class_counts=[25, 25, 25, 25]
[2026-04-02 13:31:46]   Subject 52: n_windows=100 class_counts=[25, 25, 25, 25]
[2026-04-02 13:31:46]   Subject 53: n_windows=100 class_counts=[25, 25, 25, 25]
[2026-04-02 13:31:46]   Subject 54: n_windows=100 class_counts=[25, 25, 25, 25]

[2026-04-02 13:31:46] Validated sampling rate target: 128 Hz
[2026-04-02 13:31:46] Validated window sample count:   536
[2026-04-02 13:31:46] Validated window duration:       4.1875 s
[2026-04-02 13:31:46] Validated channel count:         62
[2026-04-02 13:31:46] Total windows retained:          700
[2026-04-02 13:31:46] Preprocessing sanity checks:
[2026-04-02 13:31:46]   One sample label: 1
[2026-04-02 13:31:46]   One sample shape: (62, 536)
[2026-04-02 13:31:46]   Mean(abs(signal)): 3.430332e+00
[2026-04-02 13:31:46]   Mean(signal):      7.346552e-09
[2026-04-02 13:31:46]   Std(signal):       4.442559e+00
[2026-04-02 13:31:46] Building model with input window duration: 4.1875 s
[2026-04-02 13:31:46] SignalJEPA_PreLocal instantiated successfully.
[2026-04-02 13:31:46]   Total parameters:     18,192
[2026-04-02 13:31:46]   Trainable parameters: 18,192
[2026-04-02 13:31:46] ======================================================================================================================================================
Layer (type (var_name):depth-idx)                  Input Shape               Output Shape              Param #                   Kernel Shape
======================================================================================================================================================
SignalJEPA_PreLocal (SignalJEPA_PreLocal)          [1, 62, 536]              [1, 4]                    --                        --
├─Sequential (spatial_conv): 1-1                   [1, 62, 536]              [1, 4, 536]               --                        --
│    └─Rearrange (0): 2-1                          [1, 62, 536]              [1, 1, 62, 536]           --                        --
│    └─Conv2d (1): 2-2                             [1, 1, 62, 536]           [1, 4, 1, 536]            252                       [62, 1]
│    └─Rearrange (2): 2-3                          [1, 4, 1, 536]            [1, 4, 536]               --                        --
├─_ConvFeatureEncoder (feature_encoder): 1-2       [1, 4, 536]               [1, 16, 64]               --                        --
│    └─Rearrange (0): 2-4                          [1, 4, 536]               [4, 1, 536]               --                        --
│    └─Sequential (1): 2-5                         [4, 1, 536]               [4, 8, 64]                --                        --
│    │    └─Conv1d (0): 3-1                        [4, 1, 536]               [4, 8, 64]                256                       [32]
│    │    └─Dropout (1): 3-2                       [4, 8, 64]                [4, 8, 64]                --                        --
│    │    └─GroupNorm (2): 3-3                     [4, 8, 64]                [4, 8, 64]                16                        --
│    │    └─GELU (3): 3-4                          [4, 8, 64]                [4, 8, 64]                --                        --
│    └─Sequential (2): 2-6                         [4, 8, 64]                [4, 16, 32]               --                        --
│    │    └─Conv1d (0): 3-5                        [4, 8, 64]                [4, 16, 32]               256                       [2]
│    │    └─Dropout (1): 3-6                       [4, 16, 32]               [4, 16, 32]               --                        --
│    │    └─GELU (2): 3-7                          [4, 16, 32]               [4, 16, 32]               --                        --
│    └─Sequential (3): 2-7                         [4, 16, 32]               [4, 32, 16]               --                        --
│    │    └─Conv1d (0): 3-8                        [4, 16, 32]               [4, 32, 16]               1,024                     [2]
│    │    └─Dropout (1): 3-9                       [4, 32, 16]               [4, 32, 16]               --                        --
│    │    └─GELU (2): 3-10                         [4, 32, 16]               [4, 32, 16]               --                        --
│    └─Sequential (4): 2-8                         [4, 32, 16]               [4, 64, 8]                --                        --
│    │    └─Conv1d (0): 3-11                       [4, 32, 16]               [4, 64, 8]                4,096                     [2]
│    │    └─Dropout (1): 3-12                      [4, 64, 8]                [4, 64, 8]                --                        --
│    │    └─GELU (2): 3-13                         [4, 64, 8]                [4, 64, 8]                --                        --
│    └─Sequential (5): 2-9                         [4, 64, 8]                [4, 64, 4]                --                        --
│    │    └─Conv1d (0): 3-14                       [4, 64, 8]                [4, 64, 4]                8,192                     [2]
│    │    └─Dropout (1): 3-15                      [4, 64, 4]                [4, 64, 4]                --                        --
│    │    └─GELU (2): 3-16                         [4, 64, 4]                [4, 64, 4]                --                        --
│    └─Rearrange (6): 2-10                         [4, 64, 4]                [1, 16, 64]               --                        --
├─Sequential (final_layer): 1-3                    [1, 16, 64]               [1, 4]                    --                        --
│    └─Flatten (0): 2-11                           [1, 16, 64]               [1, 1024]                 --                        --
│    └─Linear (1): 2-12                            [1, 1024]                 [1, 4]                    4,100                     --
======================================================================================================================================================
Total params: 18,192
Trainable params: 18,192
Non-trainable params: 0
Total mult-adds (Units.MEGABYTES): 0.57
======================================================================================================================================================
Input size (MB): 0.13
Forward/backward pass size (MB): 0.11
Params size (MB): 0.07
Estimated Total Size (MB): 0.31
======================================================================================================================================================
[2026-04-02 13:31:46] Initializing from 16s-60 pretrained checkpoint (Hugging Face):
[2026-04-02 13:31:46]   https://huggingface.co/braindecode/SignalJEPA/resolve/main/signal-jepa_16s-60_adeuwv4s.pth
[2026-04-02 13:31:46]   Downloaded 179 keys
[2026-04-02 13:31:46] ======================================================================
[2026-04-02 13:31:46] STARTING CROSS-VALIDATION
[2026-04-02 13:31:46] ======================================================================
[2026-04-02 13:31:46] Subjects:      [48, 49, 50, 51, 52, 53, 54]
[2026-04-02 13:31:46] CV folds:      5
[2026-04-02 13:31:46] Batch size:    32
[2026-04-02 13:31:46] Max epochs:    5000
[2026-04-02 13:31:46] Device:        cpu
[2026-04-02 13:31:46] Seed control:  True
[2026-04-02 13:31:46] Base seed:     46
[2026-04-02 13:31:46] ======================================================================

[2026-04-02 13:31:46] Subject 48: 100 windows class_counts=[25, 25, 25, 25]
[2026-04-02 13:31:46]   Fold 1 split seed: 47
[2026-04-02 13:31:46]   Fold 1 split class counts:
[2026-04-02 13:31:46]     train=[16, 16, 16, 16] val=[4, 4, 4, 4] test=[5, 5, 5, 5]
[2026-04-02 13:31:46]   Fold 2 split seed: 48
[2026-04-02 13:31:46]   Fold 2 split class counts:
[2026-04-02 13:31:46]     train=[16, 16, 16, 16] val=[4, 4, 4, 4] test=[5, 5, 5, 5]
[2026-04-02 13:31:46]   Fold 3 split seed: 49
[2026-04-02 13:31:46]   Fold 3 split class counts:
[2026-04-02 13:31:46]     train=[16, 16, 16, 16] val=[4, 4, 4, 4] test=[5, 5, 5, 5]
[2026-04-02 13:31:46]   Fold 4 split seed: 50
[2026-04-02 13:31:46]   Fold 4 split class counts:
[2026-04-02 13:31:46]     train=[16, 16, 16, 16] val=[4, 4, 4, 4] test=[5, 5, 5, 5]
[2026-04-02 13:31:46]   Fold 5 split seed: 51
[2026-04-02 13:31:46]   Fold 5 split class counts:
[2026-04-02 13:31:46]     train=[16, 16, 16, 16] val=[4, 4, 4, 4] test=[5, 5, 5, 5]
[2026-04-02 13:31:46]   Subject 48 Fold 1 seed: 4847
[2026-04-02 13:31:46]   Subject 48 Fold 1: n_train=64 n_val=16 n_test=20
[2026-04-02 13:31:46]     Train class counts: [16, 16, 16, 16]
[2026-04-02 13:31:46]     Val class counts:   [4, 4, 4, 4]
[2026-04-02 13:31:46]     Test class counts:  [5, 5, 5, 5]
[2026-04-02 13:31:46] Building model with input window duration: 4.1875 s
[2026-04-02 13:31:46] Pretrained weight loading:
[2026-04-02 13:31:46]   Downloaded keys:        179
[2026-04-02 13:31:46]   Filtered (transformer): 172
[2026-04-02 13:31:46]   Filtered (pos_encoder): 0
[2026-04-02 13:31:46]   Keys to load:           7
[2026-04-02 13:31:46]   Missing keys:           4
[2026-04-02 13:31:46]   Unexpected keys:        0
[2026-04-02 13:31:46]   Missing preview:        ['spatial_conv.1.weight', 'spatial_conv.1.bias', 'final_layer.1.weight', 'final_layer.1.bias']
[2026-04-02 13:31:46]   Unexpected preview:     []
[2026-04-02 13:31:46] Encoder freeze configuration:
[2026-04-02 13:31:46]   Total parameters:        18,192
[2026-04-02 13:31:46]   Trainable parameters:    4,352
[2026-04-02 13:31:46]   Training percentage:     23.9%
[2026-04-02 13:31:46]   Trainable layers: 4
[2026-04-02 13:31:46]     - final_layer.1.bias
[2026-04-02 13:31:46]     - final_layer.1.weight
[2026-04-02 13:31:46]     - spatial_conv.1.bias
[2026-04-02 13:31:46]     - spatial_conv.1.weight
[2026-04-02 13:31:46]     Train generator seeded: True
[2026-04-02 13:52:58] ======================================================================
[2026-04-02 13:52:58] STARTING CROSS-VALIDATION
[2026-04-02 13:52:58] ======================================================================
[2026-04-02 13:52:58] Subjects:      [48, 49, 50, 51, 52, 53, 54]
[2026-04-02 13:52:58] CV folds:      5
[2026-04-02 13:52:58] Batch size:    32
[2026-04-02 13:52:58] Max epochs:    5000
[2026-04-02 13:52:58] Device:        cpu
[2026-04-02 13:52:58] Seed control:  True
[2026-04-02 13:52:58] Base seed:     46
[2026-04-02 13:52:58] ======================================================================

[2026-04-02 13:52:58] Subject 48: 100 windows class_counts=[25, 25, 25, 25]
[2026-04-02 13:52:58]   Fold 1 split seed: 47
[2026-04-02 13:52:58]   Fold 1 split class counts:
[2026-04-02 13:52:58]     train=[16, 16, 16, 16] val=[4, 4, 4, 4] test=[5, 5, 5, 5]
[2026-04-02 13:52:58]   Fold 2 split seed: 48
[2026-04-02 13:52:58]   Fold 2 split class counts:
[2026-04-02 13:52:58]     train=[16, 16, 16, 16] val=[4, 4, 4, 4] test=[5, 5, 5, 5]
[2026-04-02 13:52:58]   Fold 3 split seed: 49
[2026-04-02 13:52:58]   Fold 3 split class counts:
[2026-04-02 13:52:58]     train=[16, 16, 16, 16] val=[4, 4, 4, 4] test=[5, 5, 5, 5]
[2026-04-02 13:52:58]   Fold 4 split seed: 50
[2026-04-02 13:52:58]   Fold 4 split class counts:
[2026-04-02 13:52:58]     train=[16, 16, 16, 16] val=[4, 4, 4, 4] test=[5, 5, 5, 5]
[2026-04-02 13:52:58]   Fold 5 split seed: 51
[2026-04-02 13:52:58]   Fold 5 split class counts:
[2026-04-02 13:52:58]     train=[16, 16, 16, 16] val=[4, 4, 4, 4] test=[5, 5, 5, 5]
[2026-04-02 13:52:58]   Subject 48 Fold 1 seed: 4847
[2026-04-02 13:52:58]   Subject 48 Fold 1: n_train=64 n_val=16 n_test=20
[2026-04-02 13:52:58]     Train class counts: [16, 16, 16, 16]
[2026-04-02 13:52:58]     Val class counts:   [4, 4, 4, 4]
[2026-04-02 13:52:58]     Test class counts:  [5, 5, 5, 5]
[2026-04-02 13:52:58] Building model with input window duration: 4.1875 s
[2026-04-02 13:52:58] Pretrained weight loading:
[2026-04-02 13:52:58]   Downloaded keys:        179
[2026-04-02 13:52:58]   Filtered (transformer): 172
[2026-04-02 13:52:58]   Filtered (pos_encoder): 0
[2026-04-02 13:52:58]   Keys to load:           7
[2026-04-02 13:52:58]   Missing keys:           4
[2026-04-02 13:52:58]   Unexpected keys:        0
[2026-04-02 13:52:58]   Missing preview:        ['spatial_conv.1.weight', 'spatial_conv.1.bias', 'final_layer.1.weight', 'final_layer.1.bias']
[2026-04-02 13:52:58]   Unexpected preview:     []
[2026-04-02 13:52:58] Encoder freeze configuration:
[2026-04-02 13:52:58]   Total parameters:        18,192
[2026-04-02 13:52:58]   Trainable parameters:    4,352
[2026-04-02 13:52:58]   Training percentage:     23.9%
[2026-04-02 13:52:58]   Trainable layers: 4
[2026-04-02 13:52:58]     - final_layer.1.bias
[2026-04-02 13:52:58]     - final_layer.1.weight
[2026-04-02 13:52:58]     - spatial_conv.1.bias
[2026-04-02 13:52:58]     - spatial_conv.1.weight
[2026-04-02 13:52:58]     Train generator seeded: True
[2026-04-02 13:53:04]     Stopped epoch:            595
[2026-04-02 13:53:04]     Best epoch (valid_loss):  545
[2026-04-02 13:53:04]     Best valid_loss:          0.16623057425022125
[2026-04-02 13:53:04]     Test accuracy (primary):  0.9500
[2026-04-02 13:53:04]     Test balanced acc:        0.9500
[2026-04-02 13:53:04]     Confusion matrix:         [[5, 0, 0, 0], [0, 5, 0, 0], [0, 0, 4, 1], [0, 0, 0, 5]]
[2026-04-02 13:53:04]     Prediction histogram:     [5, 5, 4, 6]
[2026-04-02 13:53:04]     fold_acc=0.9500 fold_bal_acc=0.9500 cm=[[5, 0, 0, 0], [0, 5, 0, 0], [0, 0, 4, 1], [0, 0, 0, 5]]
[2026-04-02 13:53:04]   Subject 48 Fold 2 seed: 4848
[2026-04-02 13:53:04]   Subject 48 Fold 2: n_train=64 n_val=16 n_test=20
[2026-04-02 13:53:04]     Train class counts: [16, 16, 16, 16]
[2026-04-02 13:53:04]     Val class counts:   [4, 4, 4, 4]
[2026-04-02 13:53:04]     Test class counts:  [5, 5, 5, 5]
[2026-04-02 13:53:04] Building model with input window duration: 4.1875 s
[2026-04-02 13:53:04] Pretrained weight loading:
[2026-04-02 13:53:04]   Downloaded keys:        179
[2026-04-02 13:53:04]   Filtered (transformer): 172
[2026-04-02 13:53:04]   Filtered (pos_encoder): 0
[2026-04-02 13:53:04]   Keys to load:           7
[2026-04-02 13:53:04]   Missing keys:           4
[2026-04-02 13:53:04]   Unexpected keys:        0
[2026-04-02 13:53:04]   Missing preview:        ['spatial_conv.1.weight', 'spatial_conv.1.bias', 'final_layer.1.weight', 'final_layer.1.bias']
[2026-04-02 13:53:04]   Unexpected preview:     []
[2026-04-02 13:53:04] Encoder freeze configuration:
[2026-04-02 13:53:04]   Total parameters:        18,192
[2026-04-02 13:53:04]   Trainable parameters:    4,352
[2026-04-02 13:53:04]   Training percentage:     23.9%
[2026-04-02 13:53:04]   Trainable layers: 4
[2026-04-02 13:53:04]     - final_layer.1.bias
[2026-04-02 13:53:04]     - final_layer.1.weight
[2026-04-02 13:53:04]     - spatial_conv.1.bias
[2026-04-02 13:53:04]     - spatial_conv.1.weight
[2026-04-02 13:53:04]     Train generator seeded: True
[2026-04-02 13:53:15]     Stopped epoch:            1170
[2026-04-02 13:53:15]     Best epoch (valid_loss):  1120
[2026-04-02 13:53:15]     Best valid_loss:          0.12406239658594131
[2026-04-02 13:53:15]     Test accuracy (primary):  1.0000
[2026-04-02 13:53:15]     Test balanced acc:        1.0000
[2026-04-02 13:53:15]     Confusion matrix:         [[5, 0, 0, 0], [0, 5, 0, 0], [0, 0, 5, 0], [0, 0, 0, 5]]
[2026-04-02 13:53:15]     Prediction histogram:     [5, 5, 5, 5]
[2026-04-02 13:53:15]     fold_acc=1.0000 fold_bal_acc=1.0000 cm=[[5, 0, 0, 0], [0, 5, 0, 0], [0, 0, 5, 0], [0, 0, 0, 5]]
[2026-04-02 13:53:15]   Subject 48 Fold 3 seed: 4849
[2026-04-02 13:53:15]   Subject 48 Fold 3: n_train=64 n_val=16 n_test=20
[2026-04-02 13:53:15]     Train class counts: [16, 16, 16, 16]
[2026-04-02 13:53:15]     Val class counts:   [4, 4, 4, 4]
[2026-04-02 13:53:15]     Test class counts:  [5, 5, 5, 5]
[2026-04-02 13:53:15] Building model with input window duration: 4.1875 s
[2026-04-02 13:53:15] Pretrained weight loading:
[2026-04-02 13:53:15]   Downloaded keys:        179
[2026-04-02 13:53:15]   Filtered (transformer): 172
[2026-04-02 13:53:15]   Filtered (pos_encoder): 0
[2026-04-02 13:53:15]   Keys to load:           7
[2026-04-02 13:53:15]   Missing keys:           4
[2026-04-02 13:53:15]   Unexpected keys:        0
[2026-04-02 13:53:15]   Missing preview:        ['spatial_conv.1.weight', 'spatial_conv.1.bias', 'final_layer.1.weight', 'final_layer.1.bias']
[2026-04-02 13:53:15]   Unexpected preview:     []
[2026-04-02 13:53:15] Encoder freeze configuration:
[2026-04-02 13:53:15]   Total parameters:        18,192
[2026-04-02 13:53:15]   Trainable parameters:    4,352
[2026-04-02 13:53:15]   Training percentage:     23.9%
[2026-04-02 13:53:15]   Trainable layers: 4
[2026-04-02 13:53:15]     - final_layer.1.bias
[2026-04-02 13:53:15]     - final_layer.1.weight
[2026-04-02 13:53:15]     - spatial_conv.1.bias
[2026-04-02 13:53:15]     - spatial_conv.1.weight
[2026-04-02 13:53:15]     Train generator seeded: True
[2026-04-02 13:53:20]     Stopped epoch:            560
[2026-04-02 13:53:20]     Best epoch (valid_loss):  510
[2026-04-02 13:53:20]     Best valid_loss:          0.16066740453243256
[2026-04-02 13:53:20]     Test accuracy (primary):  1.0000
[2026-04-02 13:53:20]     Test balanced acc:        1.0000
[2026-04-02 13:53:20]     Confusion matrix:         [[5, 0, 0, 0], [0, 5, 0, 0], [0, 0, 5, 0], [0, 0, 0, 5]]
[2026-04-02 13:53:20]     Prediction histogram:     [5, 5, 5, 5]
[2026-04-02 13:53:20]     fold_acc=1.0000 fold_bal_acc=1.0000 cm=[[5, 0, 0, 0], [0, 5, 0, 0], [0, 0, 5, 0], [0, 0, 0, 5]]
[2026-04-02 13:53:20]   Subject 48 Fold 4 seed: 4850
[2026-04-02 13:53:20]   Subject 48 Fold 4: n_train=64 n_val=16 n_test=20
[2026-04-02 13:53:20]     Train class counts: [16, 16, 16, 16]
[2026-04-02 13:53:20]     Val class counts:   [4, 4, 4, 4]
[2026-04-02 13:53:20]     Test class counts:  [5, 5, 5, 5]
[2026-04-02 13:53:20] Building model with input window duration: 4.1875 s
[2026-04-02 13:53:20] Pretrained weight loading:
[2026-04-02 13:53:20]   Downloaded keys:        179
[2026-04-02 13:53:20]   Filtered (transformer): 172
[2026-04-02 13:53:20]   Filtered (pos_encoder): 0
[2026-04-02 13:53:20]   Keys to load:           7
[2026-04-02 13:53:20]   Missing keys:           4
[2026-04-02 13:53:20]   Unexpected keys:        0
[2026-04-02 13:53:20]   Missing preview:        ['spatial_conv.1.weight', 'spatial_conv.1.bias', 'final_layer.1.weight', 'final_layer.1.bias']
[2026-04-02 13:53:20]   Unexpected preview:     []
[2026-04-02 13:53:20] Encoder freeze configuration:
[2026-04-02 13:53:20]   Total parameters:        18,192
[2026-04-02 13:53:20]   Trainable parameters:    4,352
[2026-04-02 13:53:20]   Training percentage:     23.9%
[2026-04-02 13:53:20]   Trainable layers: 4
[2026-04-02 13:53:20]     - final_layer.1.bias
[2026-04-02 13:53:20]     - final_layer.1.weight
[2026-04-02 13:53:20]     - spatial_conv.1.bias
[2026-04-02 13:53:20]     - spatial_conv.1.weight
[2026-04-02 13:53:20]     Train generator seeded: True
[2026-04-02 13:53:49]     Stopped epoch:            3107
[2026-04-02 13:53:49]     Best epoch (valid_loss):  3057
[2026-04-02 13:53:49]     Best valid_loss:          0.014264527708292007
[2026-04-02 13:53:49]     Test accuracy (primary):  0.9000
[2026-04-02 13:53:49]     Test balanced acc:        0.9000
[2026-04-02 13:53:49]     Confusion matrix:         [[4, 0, 0, 1], [0, 5, 0, 0], [0, 0, 5, 0], [0, 0, 1, 4]]
[2026-04-02 13:53:49]     Prediction histogram:     [4, 5, 6, 5]
[2026-04-02 13:53:49]     fold_acc=0.9000 fold_bal_acc=0.9000 cm=[[4, 0, 0, 1], [0, 5, 0, 0], [0, 0, 5, 0], [0, 0, 1, 4]]
[2026-04-02 13:53:49]   Subject 48 Fold 5 seed: 4851
[2026-04-02 13:53:49]   Subject 48 Fold 5: n_train=64 n_val=16 n_test=20
[2026-04-02 13:53:49]     Train class counts: [16, 16, 16, 16]
[2026-04-02 13:53:49]     Val class counts:   [4, 4, 4, 4]
[2026-04-02 13:53:49]     Test class counts:  [5, 5, 5, 5]
[2026-04-02 13:53:49] Building model with input window duration: 4.1875 s
[2026-04-02 13:53:49] Pretrained weight loading:
[2026-04-02 13:53:49]   Downloaded keys:        179
[2026-04-02 13:53:49]   Filtered (transformer): 172
[2026-04-02 13:53:49]   Filtered (pos_encoder): 0
[2026-04-02 13:53:49]   Keys to load:           7
[2026-04-02 13:53:49]   Missing keys:           4
[2026-04-02 13:53:49]   Unexpected keys:        0
[2026-04-02 13:53:49]   Missing preview:        ['spatial_conv.1.weight', 'spatial_conv.1.bias', 'final_layer.1.weight', 'final_layer.1.bias']
[2026-04-02 13:53:49]   Unexpected preview:     []
[2026-04-02 13:53:49] Encoder freeze configuration:
[2026-04-02 13:53:49]   Total parameters:        18,192
[2026-04-02 13:53:49]   Trainable parameters:    4,352
[2026-04-02 13:53:49]   Training percentage:     23.9%
[2026-04-02 13:53:49]   Trainable layers: 4
[2026-04-02 13:53:49]     - final_layer.1.bias
[2026-04-02 13:53:49]     - final_layer.1.weight
[2026-04-02 13:53:49]     - spatial_conv.1.bias
[2026-04-02 13:53:49]     - spatial_conv.1.weight
[2026-04-02 13:53:49]     Train generator seeded: True
[2026-04-02 13:54:01]     Stopped epoch:            1386
[2026-04-02 13:54:01]     Best epoch (valid_loss):  1336
[2026-04-02 13:54:01]     Best valid_loss:          0.05621568113565445
[2026-04-02 13:54:01]     Test accuracy (primary):  0.9000
[2026-04-02 13:54:01]     Test balanced acc:        0.9000
[2026-04-02 13:54:01]     Confusion matrix:         [[5, 0, 0, 0], [0, 4, 0, 1], [0, 0, 4, 1], [0, 0, 0, 5]]
[2026-04-02 13:54:01]     Prediction histogram:     [5, 4, 4, 7]
[2026-04-02 13:54:01]     fold_acc=0.9000 fold_bal_acc=0.9000 cm=[[5, 0, 0, 0], [0, 4, 0, 1], [0, 0, 4, 1], [0, 0, 0, 5]]
[2026-04-02 13:54:01]   Subject 48 mean accuracy: 0.9500

[2026-04-02 13:54:01] Subject 49: 100 windows class_counts=[25, 25, 25, 25]
[2026-04-02 13:54:01]   Fold 1 split seed: 47
[2026-04-02 13:54:01]   Fold 1 split class counts:
[2026-04-02 13:54:01]     train=[16, 16, 16, 16] val=[4, 4, 4, 4] test=[5, 5, 5, 5]
[2026-04-02 13:54:01]   Fold 2 split seed: 48
[2026-04-02 13:54:01]   Fold 2 split class counts:
[2026-04-02 13:54:01]     train=[16, 16, 16, 16] val=[4, 4, 4, 4] test=[5, 5, 5, 5]
[2026-04-02 13:54:01]   Fold 3 split seed: 49
[2026-04-02 13:54:01]   Fold 3 split class counts:
[2026-04-02 13:54:01]     train=[16, 16, 16, 16] val=[4, 4, 4, 4] test=[5, 5, 5, 5]
[2026-04-02 13:54:01]   Fold 4 split seed: 50
[2026-04-02 13:54:01]   Fold 4 split class counts:
[2026-04-02 13:54:01]     train=[16, 16, 16, 16] val=[4, 4, 4, 4] test=[5, 5, 5, 5]
[2026-04-02 13:54:01]   Fold 5 split seed: 51
[2026-04-02 13:54:01]   Fold 5 split class counts:
[2026-04-02 13:54:01]     train=[16, 16, 16, 16] val=[4, 4, 4, 4] test=[5, 5, 5, 5]
[2026-04-02 13:54:01]   Subject 49 Fold 1 seed: 4947
[2026-04-02 13:54:01]   Subject 49 Fold 1: n_train=64 n_val=16 n_test=20
[2026-04-02 13:54:01]     Train class counts: [16, 16, 16, 16]
[2026-04-02 13:54:01]     Val class counts:   [4, 4, 4, 4]
[2026-04-02 13:54:01]     Test class counts:  [5, 5, 5, 5]
[2026-04-02 13:54:01] Building model with input window duration: 4.1875 s
[2026-04-02 13:54:01] Pretrained weight loading:
[2026-04-02 13:54:01]   Downloaded keys:        179
[2026-04-02 13:54:01]   Filtered (transformer): 172
[2026-04-02 13:54:01]   Filtered (pos_encoder): 0
[2026-04-02 13:54:01]   Keys to load:           7
[2026-04-02 13:54:01]   Missing keys:           4
[2026-04-02 13:54:01]   Unexpected keys:        0
[2026-04-02 13:54:01]   Missing preview:        ['spatial_conv.1.weight', 'spatial_conv.1.bias', 'final_layer.1.weight', 'final_layer.1.bias']
[2026-04-02 13:54:01]   Unexpected preview:     []
[2026-04-02 13:54:01] Encoder freeze configuration:
[2026-04-02 13:54:01]   Total parameters:        18,192
[2026-04-02 13:54:01]   Trainable parameters:    4,352
[2026-04-02 13:54:01]   Training percentage:     23.9%
[2026-04-02 13:54:01]   Trainable layers: 4
[2026-04-02 13:54:01]     - final_layer.1.bias
[2026-04-02 13:54:01]     - final_layer.1.weight
[2026-04-02 13:54:01]     - spatial_conv.1.bias
[2026-04-02 13:54:01]     - spatial_conv.1.weight
[2026-04-02 13:54:01]     Train generator seeded: True
[2026-04-02 13:54:03]     Stopped epoch:            177
[2026-04-02 13:54:03]     Best epoch (valid_loss):  127
[2026-04-02 13:54:03]     Best valid_loss:          0.7001471519470215
[2026-04-02 13:54:03]     Test accuracy (primary):  0.9500
[2026-04-02 13:54:03]     Test balanced acc:        0.9500
[2026-04-02 13:54:03]     Confusion matrix:         [[5, 0, 0, 0], [1, 4, 0, 0], [0, 0, 5, 0], [0, 0, 0, 5]]
[2026-04-02 13:54:03]     Prediction histogram:     [6, 4, 5, 5]
[2026-04-02 13:54:03]     fold_acc=0.9500 fold_bal_acc=0.9500 cm=[[5, 0, 0, 0], [1, 4, 0, 0], [0, 0, 5, 0], [0, 0, 0, 5]]
[2026-04-02 13:54:03]   Subject 49 Fold 2 seed: 4948
[2026-04-02 13:54:03]   Subject 49 Fold 2: n_train=64 n_val=16 n_test=20
[2026-04-02 13:54:03]     Train class counts: [16, 16, 16, 16]
[2026-04-02 13:54:03]     Val class counts:   [4, 4, 4, 4]
[2026-04-02 13:54:03]     Test class counts:  [5, 5, 5, 5]
[2026-04-02 13:54:03] Building model with input window duration: 4.1875 s
[2026-04-02 13:54:03] Pretrained weight loading:
[2026-04-02 13:54:03]   Downloaded keys:        179
[2026-04-02 13:54:03]   Filtered (transformer): 172
[2026-04-02 13:54:03]   Filtered (pos_encoder): 0
[2026-04-02 13:54:03]   Keys to load:           7
[2026-04-02 13:54:03]   Missing keys:           4
[2026-04-02 13:54:03]   Unexpected keys:        0
[2026-04-02 13:54:03]   Missing preview:        ['spatial_conv.1.weight', 'spatial_conv.1.bias', 'final_layer.1.weight', 'final_layer.1.bias']
[2026-04-02 13:54:03]   Unexpected preview:     []
[2026-04-02 13:54:03] Encoder freeze configuration:
[2026-04-02 13:54:03]   Total parameters:        18,192
[2026-04-02 13:54:03]   Trainable parameters:    4,352
[2026-04-02 13:54:03]   Training percentage:     23.9%
[2026-04-02 13:54:03]   Trainable layers: 4
[2026-04-02 13:54:03]     - final_layer.1.bias
[2026-04-02 13:54:03]     - final_layer.1.weight
[2026-04-02 13:54:03]     - spatial_conv.1.bias
[2026-04-02 13:54:03]     - spatial_conv.1.weight
[2026-04-02 13:54:03]     Train generator seeded: True
[2026-04-02 13:54:05]     Stopped epoch:            204
[2026-04-02 13:54:05]     Best epoch (valid_loss):  154
[2026-04-02 13:54:05]     Best valid_loss:          0.7111215591430664
[2026-04-02 13:54:05]     Test accuracy (primary):  0.8000
[2026-04-02 13:54:05]     Test balanced acc:        0.8000
[2026-04-02 13:54:05]     Confusion matrix:         [[1, 0, 1, 3], [0, 5, 0, 0], [0, 0, 5, 0], [0, 0, 0, 5]]
[2026-04-02 13:54:05]     Prediction histogram:     [1, 5, 6, 8]
[2026-04-02 13:54:05]     fold_acc=0.8000 fold_bal_acc=0.8000 cm=[[1, 0, 1, 3], [0, 5, 0, 0], [0, 0, 5, 0], [0, 0, 0, 5]]
[2026-04-02 13:54:05]   Subject 49 Fold 3 seed: 4949
[2026-04-02 13:54:05]   Subject 49 Fold 3: n_train=64 n_val=16 n_test=20
[2026-04-02 13:54:05]     Train class counts: [16, 16, 16, 16]
[2026-04-02 13:54:05]     Val class counts:   [4, 4, 4, 4]
[2026-04-02 13:54:05]     Test class counts:  [5, 5, 5, 5]
[2026-04-02 13:54:05] Building model with input window duration: 4.1875 s
[2026-04-02 13:54:05] Pretrained weight loading:
[2026-04-02 13:54:05]   Downloaded keys:        179
[2026-04-02 13:54:05]   Filtered (transformer): 172
[2026-04-02 13:54:05]   Filtered (pos_encoder): 0
[2026-04-02 13:54:05]   Keys to load:           7
[2026-04-02 13:54:05]   Missing keys:           4
[2026-04-02 13:54:05]   Unexpected keys:        0
[2026-04-02 13:54:05]   Missing preview:        ['spatial_conv.1.weight', 'spatial_conv.1.bias', 'final_layer.1.weight', 'final_layer.1.bias']
[2026-04-02 13:54:05]   Unexpected preview:     []
[2026-04-02 13:54:05] Encoder freeze configuration:
[2026-04-02 13:54:05]   Total parameters:        18,192
[2026-04-02 13:54:05]   Trainable parameters:    4,352
[2026-04-02 13:54:05]   Training percentage:     23.9%
[2026-04-02 13:54:05]   Trainable layers: 4
[2026-04-02 13:54:05]     - final_layer.1.bias
[2026-04-02 13:54:05]     - final_layer.1.weight
[2026-04-02 13:54:05]     - spatial_conv.1.bias
[2026-04-02 13:54:05]     - spatial_conv.1.weight
[2026-04-02 13:54:05]     Train generator seeded: True
[2026-04-02 13:54:08]     Stopped epoch:            291
[2026-04-02 13:54:08]     Best epoch (valid_loss):  241
[2026-04-02 13:54:08]     Best valid_loss:          1.0793102979660034
[2026-04-02 13:54:08]     Test accuracy (primary):  0.8000
[2026-04-02 13:54:08]     Test balanced acc:        0.8000
[2026-04-02 13:54:08]     Confusion matrix:         [[4, 0, 1, 0], [1, 4, 0, 0], [1, 0, 3, 1], [0, 0, 0, 5]]
[2026-04-02 13:54:08]     Prediction histogram:     [6, 4, 4, 6]
[2026-04-02 13:54:08]     fold_acc=0.8000 fold_bal_acc=0.8000 cm=[[4, 0, 1, 0], [1, 4, 0, 0], [1, 0, 3, 1], [0, 0, 0, 5]]
[2026-04-02 13:54:08]   Subject 49 Fold 4 seed: 4950
[2026-04-02 13:54:08]   Subject 49 Fold 4: n_train=64 n_val=16 n_test=20
[2026-04-02 13:54:08]     Train class counts: [16, 16, 16, 16]
[2026-04-02 13:54:08]     Val class counts:   [4, 4, 4, 4]
[2026-04-02 13:54:08]     Test class counts:  [5, 5, 5, 5]
[2026-04-02 13:54:08] Building model with input window duration: 4.1875 s
[2026-04-02 13:54:08] Pretrained weight loading:
[2026-04-02 13:54:08]   Downloaded keys:        179
[2026-04-02 13:54:08]   Filtered (transformer): 172
[2026-04-02 13:54:08]   Filtered (pos_encoder): 0
[2026-04-02 13:54:08]   Keys to load:           7
[2026-04-02 13:54:08]   Missing keys:           4
[2026-04-02 13:54:08]   Unexpected keys:        0
[2026-04-02 13:54:08]   Missing preview:        ['spatial_conv.1.weight', 'spatial_conv.1.bias', 'final_layer.1.weight', 'final_layer.1.bias']
[2026-04-02 13:54:08]   Unexpected preview:     []
[2026-04-02 13:54:08] Encoder freeze configuration:
[2026-04-02 13:54:08]   Total parameters:        18,192
[2026-04-02 13:54:08]   Trainable parameters:    4,352
[2026-04-02 13:54:08]   Training percentage:     23.9%
[2026-04-02 13:54:08]   Trainable layers: 4
[2026-04-02 13:54:08]     - final_layer.1.bias
[2026-04-02 13:54:08]     - final_layer.1.weight
[2026-04-02 13:54:08]     - spatial_conv.1.bias
[2026-04-02 13:54:08]     - spatial_conv.1.weight
[2026-04-02 13:54:08]     Train generator seeded: True
[2026-04-02 13:54:11]     Stopped epoch:            400
[2026-04-02 13:54:11]     Best epoch (valid_loss):  350
[2026-04-02 13:54:11]     Best valid_loss:          0.346198707818985
[2026-04-02 13:54:11]     Test accuracy (primary):  0.9000
[2026-04-02 13:54:11]     Test balanced acc:        0.9000
[2026-04-02 13:54:11]     Confusion matrix:         [[3, 1, 1, 0], [0, 5, 0, 0], [0, 0, 5, 0], [0, 0, 0, 5]]
[2026-04-02 13:54:11]     Prediction histogram:     [3, 6, 6, 5]
[2026-04-02 13:54:11]     fold_acc=0.9000 fold_bal_acc=0.9000 cm=[[3, 1, 1, 0], [0, 5, 0, 0], [0, 0, 5, 0], [0, 0, 0, 5]]
[2026-04-02 13:54:11]   Subject 49 Fold 5 seed: 4951
[2026-04-02 13:54:11]   Subject 49 Fold 5: n_train=64 n_val=16 n_test=20
[2026-04-02 13:54:11]     Train class counts: [16, 16, 16, 16]
[2026-04-02 13:54:11]     Val class counts:   [4, 4, 4, 4]
[2026-04-02 13:54:11]     Test class counts:  [5, 5, 5, 5]
[2026-04-02 13:54:11] Building model with input window duration: 4.1875 s
[2026-04-02 13:54:11] Pretrained weight loading:
[2026-04-02 13:54:11]   Downloaded keys:        179
[2026-04-02 13:54:11]   Filtered (transformer): 172
[2026-04-02 13:54:11]   Filtered (pos_encoder): 0
[2026-04-02 13:54:11]   Keys to load:           7
[2026-04-02 13:54:11]   Missing keys:           4
[2026-04-02 13:54:11]   Unexpected keys:        0
[2026-04-02 13:54:11]   Missing preview:        ['spatial_conv.1.weight', 'spatial_conv.1.bias', 'final_layer.1.weight', 'final_layer.1.bias']
[2026-04-02 13:54:11]   Unexpected preview:     []
[2026-04-02 13:54:11] Encoder freeze configuration:
[2026-04-02 13:54:11]   Total parameters:        18,192
[2026-04-02 13:54:11]   Trainable parameters:    4,352
[2026-04-02 13:54:11]   Training percentage:     23.9%
[2026-04-02 13:54:11]   Trainable layers: 4
[2026-04-02 13:54:11]     - final_layer.1.bias
[2026-04-02 13:54:11]     - final_layer.1.weight
[2026-04-02 13:54:11]     - spatial_conv.1.bias
[2026-04-02 13:54:11]     - spatial_conv.1.weight
[2026-04-02 13:54:11]     Train generator seeded: True
[2026-04-02 13:54:19]     Stopped epoch:            935
[2026-04-02 13:54:19]     Best epoch (valid_loss):  885
[2026-04-02 13:54:19]     Best valid_loss:          0.6086185574531555
[2026-04-02 13:54:19]     Test accuracy (primary):  0.8000
[2026-04-02 13:54:19]     Test balanced acc:        0.8000
[2026-04-02 13:54:19]     Confusion matrix:         [[3, 0, 0, 2], [0, 4, 1, 0], [0, 0, 4, 1], [0, 0, 0, 5]]
[2026-04-02 13:54:19]     Prediction histogram:     [3, 4, 5, 8]
[2026-04-02 13:54:19]     fold_acc=0.8000 fold_bal_acc=0.8000 cm=[[3, 0, 0, 2], [0, 4, 1, 0], [0, 0, 4, 1], [0, 0, 0, 5]]
[2026-04-02 13:54:19]   Subject 49 mean accuracy: 0.8500

[2026-04-02 13:54:19] Subject 50: 100 windows class_counts=[25, 25, 25, 25]
[2026-04-02 13:54:19]   Fold 1 split seed: 47
[2026-04-02 13:54:19]   Fold 1 split class counts:
[2026-04-02 13:54:19]     train=[16, 16, 16, 16] val=[4, 4, 4, 4] test=[5, 5, 5, 5]
[2026-04-02 13:54:19]   Fold 2 split seed: 48
[2026-04-02 13:54:19]   Fold 2 split class counts:
[2026-04-02 13:54:19]     train=[16, 16, 16, 16] val=[4, 4, 4, 4] test=[5, 5, 5, 5]
[2026-04-02 13:54:19]   Fold 3 split seed: 49
[2026-04-02 13:54:19]   Fold 3 split class counts:
[2026-04-02 13:54:19]     train=[16, 16, 16, 16] val=[4, 4, 4, 4] test=[5, 5, 5, 5]
[2026-04-02 13:54:19]   Fold 4 split seed: 50
[2026-04-02 13:54:19]   Fold 4 split class counts:
[2026-04-02 13:54:19]     train=[16, 16, 16, 16] val=[4, 4, 4, 4] test=[5, 5, 5, 5]
[2026-04-02 13:54:19]   Fold 5 split seed: 51
[2026-04-02 13:54:19]   Fold 5 split class counts:
[2026-04-02 13:54:19]     train=[16, 16, 16, 16] val=[4, 4, 4, 4] test=[5, 5, 5, 5]
[2026-04-02 13:54:19]   Subject 50 Fold 1 seed: 5047
[2026-04-02 13:54:19]   Subject 50 Fold 1: n_train=64 n_val=16 n_test=20
[2026-04-02 13:54:19]     Train class counts: [16, 16, 16, 16]
[2026-04-02 13:54:19]     Val class counts:   [4, 4, 4, 4]
[2026-04-02 13:54:19]     Test class counts:  [5, 5, 5, 5]
[2026-04-02 13:54:19] Building model with input window duration: 4.1875 s
[2026-04-02 13:54:19] Pretrained weight loading:
[2026-04-02 13:54:19]   Downloaded keys:        179
[2026-04-02 13:54:19]   Filtered (transformer): 172
[2026-04-02 13:54:19]   Filtered (pos_encoder): 0
[2026-04-02 13:54:19]   Keys to load:           7
[2026-04-02 13:54:19]   Missing keys:           4
[2026-04-02 13:54:19]   Unexpected keys:        0
[2026-04-02 13:54:19]   Missing preview:        ['spatial_conv.1.weight', 'spatial_conv.1.bias', 'final_layer.1.weight', 'final_layer.1.bias']
[2026-04-02 13:54:19]   Unexpected preview:     []
[2026-04-02 13:54:19] Encoder freeze configuration:
[2026-04-02 13:54:19]   Total parameters:        18,192
[2026-04-02 13:54:19]   Trainable parameters:    4,352
[2026-04-02 13:54:19]   Training percentage:     23.9%
[2026-04-02 13:54:19]   Trainable layers: 4
[2026-04-02 13:54:19]     - final_layer.1.bias
[2026-04-02 13:54:19]     - final_layer.1.weight
[2026-04-02 13:54:19]     - spatial_conv.1.bias
[2026-04-02 13:54:19]     - spatial_conv.1.weight
[2026-04-02 13:54:19]     Train generator seeded: True
[2026-04-02 13:54:37]     Stopped epoch:            1984
[2026-04-02 13:54:37]     Best epoch (valid_loss):  1934
[2026-04-02 13:54:37]     Best valid_loss:          0.06510744243860245
[2026-04-02 13:54:37]     Test accuracy (primary):  1.0000
[2026-04-02 13:54:37]     Test balanced acc:        1.0000
[2026-04-02 13:54:37]     Confusion matrix:         [[5, 0, 0, 0], [0, 5, 0, 0], [0, 0, 5, 0], [0, 0, 0, 5]]
[2026-04-02 13:54:37]     Prediction histogram:     [5, 5, 5, 5]
[2026-04-02 13:54:37]     fold_acc=1.0000 fold_bal_acc=1.0000 cm=[[5, 0, 0, 0], [0, 5, 0, 0], [0, 0, 5, 0], [0, 0, 0, 5]]
[2026-04-02 13:54:37]   Subject 50 Fold 2 seed: 5048
[2026-04-02 13:54:37]   Subject 50 Fold 2: n_train=64 n_val=16 n_test=20
[2026-04-02 13:54:37]     Train class counts: [16, 16, 16, 16]
[2026-04-02 13:54:37]     Val class counts:   [4, 4, 4, 4]
[2026-04-02 13:54:37]     Test class counts:  [5, 5, 5, 5]
[2026-04-02 13:54:37] Building model with input window duration: 4.1875 s
[2026-04-02 13:54:37] Pretrained weight loading:
[2026-04-02 13:54:37]   Downloaded keys:        179
[2026-04-02 13:54:37]   Filtered (transformer): 172
[2026-04-02 13:54:37]   Filtered (pos_encoder): 0
[2026-04-02 13:54:37]   Keys to load:           7
[2026-04-02 13:54:37]   Missing keys:           4
[2026-04-02 13:54:37]   Unexpected keys:        0
[2026-04-02 13:54:37]   Missing preview:        ['spatial_conv.1.weight', 'spatial_conv.1.bias', 'final_layer.1.weight', 'final_layer.1.bias']
[2026-04-02 13:54:37]   Unexpected preview:     []
[2026-04-02 13:54:37] Encoder freeze configuration:
[2026-04-02 13:54:37]   Total parameters:        18,192
[2026-04-02 13:54:37]   Trainable parameters:    4,352
[2026-04-02 13:54:37]   Training percentage:     23.9%
[2026-04-02 13:54:37]   Trainable layers: 4
[2026-04-02 13:54:37]     - final_layer.1.bias
[2026-04-02 13:54:37]     - final_layer.1.weight
[2026-04-02 13:54:37]     - spatial_conv.1.bias
[2026-04-02 13:54:37]     - spatial_conv.1.weight
[2026-04-02 13:54:37]     Train generator seeded: True
[2026-04-02 13:54:43]     Stopped epoch:            667
[2026-04-02 13:54:43]     Best epoch (valid_loss):  617
[2026-04-02 13:54:43]     Best valid_loss:          0.37827828526496887
[2026-04-02 13:54:43]     Test accuracy (primary):  0.9500
[2026-04-02 13:54:43]     Test balanced acc:        0.9500
[2026-04-02 13:54:43]     Confusion matrix:         [[4, 0, 1, 0], [0, 5, 0, 0], [0, 0, 5, 0], [0, 0, 0, 5]]
[2026-04-02 13:54:43]     Prediction histogram:     [4, 5, 6, 5]
[2026-04-02 13:54:43]     fold_acc=0.9500 fold_bal_acc=0.9500 cm=[[4, 0, 1, 0], [0, 5, 0, 0], [0, 0, 5, 0], [0, 0, 0, 5]]
[2026-04-02 13:54:43]   Subject 50 Fold 3 seed: 5049
[2026-04-02 13:54:43]   Subject 50 Fold 3: n_train=64 n_val=16 n_test=20
[2026-04-02 13:54:43]     Train class counts: [16, 16, 16, 16]
[2026-04-02 13:54:43]     Val class counts:   [4, 4, 4, 4]
[2026-04-02 13:54:43]     Test class counts:  [5, 5, 5, 5]
[2026-04-02 13:54:43] Building model with input window duration: 4.1875 s
[2026-04-02 13:54:43] Pretrained weight loading:
[2026-04-02 13:54:43]   Downloaded keys:        179
[2026-04-02 13:54:43]   Filtered (transformer): 172
[2026-04-02 13:54:43]   Filtered (pos_encoder): 0
[2026-04-02 13:54:43]   Keys to load:           7
[2026-04-02 13:54:43]   Missing keys:           4
[2026-04-02 13:54:43]   Unexpected keys:        0
[2026-04-02 13:54:43]   Missing preview:        ['spatial_conv.1.weight', 'spatial_conv.1.bias', 'final_layer.1.weight', 'final_layer.1.bias']
[2026-04-02 13:54:43]   Unexpected preview:     []
[2026-04-02 13:54:43] Encoder freeze configuration:
[2026-04-02 13:54:43]   Total parameters:        18,192
[2026-04-02 13:54:43]   Trainable parameters:    4,352
[2026-04-02 13:54:43]   Training percentage:     23.9%
[2026-04-02 13:54:43]   Trainable layers: 4
[2026-04-02 13:54:43]     - final_layer.1.bias
[2026-04-02 13:54:43]     - final_layer.1.weight
[2026-04-02 13:54:43]     - spatial_conv.1.bias
[2026-04-02 13:54:43]     - spatial_conv.1.weight
[2026-04-02 13:54:43]     Train generator seeded: True
[2026-04-02 13:54:51]     Stopped epoch:            925
[2026-04-02 13:54:51]     Best epoch (valid_loss):  875
[2026-04-02 13:54:51]     Best valid_loss:          0.2185988575220108
[2026-04-02 13:54:51]     Test accuracy (primary):  0.9000
[2026-04-02 13:54:51]     Test balanced acc:        0.9000
[2026-04-02 13:54:51]     Confusion matrix:         [[5, 0, 0, 0], [0, 4, 1, 0], [0, 0, 5, 0], [0, 0, 1, 4]]
[2026-04-02 13:54:51]     Prediction histogram:     [5, 4, 7, 4]
[2026-04-02 13:54:51]     fold_acc=0.9000 fold_bal_acc=0.9000 cm=[[5, 0, 0, 0], [0, 4, 1, 0], [0, 0, 5, 0], [0, 0, 1, 4]]
[2026-04-02 13:54:51]   Subject 50 Fold 4 seed: 5050
[2026-04-02 13:54:51]   Subject 50 Fold 4: n_train=64 n_val=16 n_test=20
[2026-04-02 13:54:51]     Train class counts: [16, 16, 16, 16]
[2026-04-02 13:54:51]     Val class counts:   [4, 4, 4, 4]
[2026-04-02 13:54:51]     Test class counts:  [5, 5, 5, 5]
[2026-04-02 13:54:51] Building model with input window duration: 4.1875 s
[2026-04-02 13:54:51] Pretrained weight loading:
[2026-04-02 13:54:51]   Downloaded keys:        179
[2026-04-02 13:54:51]   Filtered (transformer): 172
[2026-04-02 13:54:51]   Filtered (pos_encoder): 0
[2026-04-02 13:54:51]   Keys to load:           7
[2026-04-02 13:54:51]   Missing keys:           4
[2026-04-02 13:54:51]   Unexpected keys:        0
[2026-04-02 13:54:51]   Missing preview:        ['spatial_conv.1.weight', 'spatial_conv.1.bias', 'final_layer.1.weight', 'final_layer.1.bias']
[2026-04-02 13:54:51]   Unexpected preview:     []
[2026-04-02 13:54:51] Encoder freeze configuration:
[2026-04-02 13:54:51]   Total parameters:        18,192
[2026-04-02 13:54:51]   Trainable parameters:    4,352
[2026-04-02 13:54:51]   Training percentage:     23.9%
[2026-04-02 13:54:51]   Trainable layers: 4
[2026-04-02 13:54:51]     - final_layer.1.bias
[2026-04-02 13:54:51]     - final_layer.1.weight
[2026-04-02 13:54:51]     - spatial_conv.1.bias
[2026-04-02 13:54:51]     - spatial_conv.1.weight
[2026-04-02 13:54:51]     Train generator seeded: True
[2026-04-02 13:54:58]     Stopped epoch:            700
[2026-04-02 13:54:58]     Best epoch (valid_loss):  650
[2026-04-02 13:54:58]     Best valid_loss:          0.2976371943950653
[2026-04-02 13:54:58]     Test accuracy (primary):  0.9000
[2026-04-02 13:54:58]     Test balanced acc:        0.9000
[2026-04-02 13:54:58]     Confusion matrix:         [[4, 0, 0, 1], [0, 5, 0, 0], [0, 0, 5, 0], [0, 0, 1, 4]]
[2026-04-02 13:54:58]     Prediction histogram:     [4, 5, 6, 5]
[2026-04-02 13:54:58]     fold_acc=0.9000 fold_bal_acc=0.9000 cm=[[4, 0, 0, 1], [0, 5, 0, 0], [0, 0, 5, 0], [0, 0, 1, 4]]
[2026-04-02 13:54:58]   Subject 50 Fold 5 seed: 5051
[2026-04-02 13:54:58]   Subject 50 Fold 5: n_train=64 n_val=16 n_test=20
[2026-04-02 13:54:58]     Train class counts: [16, 16, 16, 16]
[2026-04-02 13:54:58]     Val class counts:   [4, 4, 4, 4]
[2026-04-02 13:54:58]     Test class counts:  [5, 5, 5, 5]
[2026-04-02 13:54:58] Building model with input window duration: 4.1875 s
[2026-04-02 13:54:58] Pretrained weight loading:
[2026-04-02 13:54:58]   Downloaded keys:        179
[2026-04-02 13:54:58]   Filtered (transformer): 172
[2026-04-02 13:54:58]   Filtered (pos_encoder): 0
[2026-04-02 13:54:58]   Keys to load:           7
[2026-04-02 13:54:58]   Missing keys:           4
[2026-04-02 13:54:58]   Unexpected keys:        0
[2026-04-02 13:54:58]   Missing preview:        ['spatial_conv.1.weight', 'spatial_conv.1.bias', 'final_layer.1.weight', 'final_layer.1.bias']
[2026-04-02 13:54:58]   Unexpected preview:     []
[2026-04-02 13:54:58] Encoder freeze configuration:
[2026-04-02 13:54:58]   Total parameters:        18,192
[2026-04-02 13:54:58]   Trainable parameters:    4,352
[2026-04-02 13:54:58]   Training percentage:     23.9%
[2026-04-02 13:54:58]   Trainable layers: 4
[2026-04-02 13:54:58]     - final_layer.1.bias
[2026-04-02 13:54:58]     - final_layer.1.weight
[2026-04-02 13:54:58]     - spatial_conv.1.bias
[2026-04-02 13:54:58]     - spatial_conv.1.weight
[2026-04-02 13:54:58]     Train generator seeded: True
[2026-04-02 13:55:06]     Stopped epoch:            968
[2026-04-02 13:55:06]     Best epoch (valid_loss):  918
[2026-04-02 13:55:06]     Best valid_loss:          0.09190978109836578
[2026-04-02 13:55:06]     Test accuracy (primary):  0.9000
[2026-04-02 13:55:06]     Test balanced acc:        0.9000
[2026-04-02 13:55:06]     Confusion matrix:         [[4, 0, 0, 1], [1, 4, 0, 0], [0, 0, 5, 0], [0, 0, 0, 5]]
[2026-04-02 13:55:06]     Prediction histogram:     [5, 4, 5, 6]
[2026-04-02 13:55:06]     fold_acc=0.9000 fold_bal_acc=0.9000 cm=[[4, 0, 0, 1], [1, 4, 0, 0], [0, 0, 5, 0], [0, 0, 0, 5]]
[2026-04-02 13:55:06]   Subject 50 mean accuracy: 0.9300

[2026-04-02 13:55:06] Subject 51: 100 windows class_counts=[25, 25, 25, 25]
[2026-04-02 13:55:06]   Fold 1 split seed: 47
[2026-04-02 13:55:06]   Fold 1 split class counts:
[2026-04-02 13:55:06]     train=[16, 16, 16, 16] val=[4, 4, 4, 4] test=[5, 5, 5, 5]
[2026-04-02 13:55:06]   Fold 2 split seed: 48
[2026-04-02 13:55:06]   Fold 2 split class counts:
[2026-04-02 13:55:06]     train=[16, 16, 16, 16] val=[4, 4, 4, 4] test=[5, 5, 5, 5]
[2026-04-02 13:55:06]   Fold 3 split seed: 49
[2026-04-02 13:55:06]   Fold 3 split class counts:
[2026-04-02 13:55:06]     train=[16, 16, 16, 16] val=[4, 4, 4, 4] test=[5, 5, 5, 5]
[2026-04-02 13:55:06]   Fold 4 split seed: 50
[2026-04-02 13:55:06]   Fold 4 split class counts:
[2026-04-02 13:55:06]     train=[16, 16, 16, 16] val=[4, 4, 4, 4] test=[5, 5, 5, 5]
[2026-04-02 13:55:06]   Fold 5 split seed: 51
[2026-04-02 13:55:06]   Fold 5 split class counts:
[2026-04-02 13:55:06]     train=[16, 16, 16, 16] val=[4, 4, 4, 4] test=[5, 5, 5, 5]
[2026-04-02 13:55:06]   Subject 51 Fold 1 seed: 5147
[2026-04-02 13:55:06]   Subject 51 Fold 1: n_train=64 n_val=16 n_test=20
[2026-04-02 13:55:06]     Train class counts: [16, 16, 16, 16]
[2026-04-02 13:55:06]     Val class counts:   [4, 4, 4, 4]
[2026-04-02 13:55:06]     Test class counts:  [5, 5, 5, 5]
[2026-04-02 13:55:06] Building model with input window duration: 4.1875 s
[2026-04-02 13:55:06] Pretrained weight loading:
[2026-04-02 13:55:06]   Downloaded keys:        179
[2026-04-02 13:55:06]   Filtered (transformer): 172
[2026-04-02 13:55:06]   Filtered (pos_encoder): 0
[2026-04-02 13:55:06]   Keys to load:           7
[2026-04-02 13:55:06]   Missing keys:           4
[2026-04-02 13:55:06]   Unexpected keys:        0
[2026-04-02 13:55:06]   Missing preview:        ['spatial_conv.1.weight', 'spatial_conv.1.bias', 'final_layer.1.weight', 'final_layer.1.bias']
[2026-04-02 13:55:06]   Unexpected preview:     []
[2026-04-02 13:55:06] Encoder freeze configuration:
[2026-04-02 13:55:06]   Total parameters:        18,192
[2026-04-02 13:55:06]   Trainable parameters:    4,352
[2026-04-02 13:55:06]   Training percentage:     23.9%
[2026-04-02 13:55:06]   Trainable layers: 4
[2026-04-02 13:55:06]     - final_layer.1.bias
[2026-04-02 13:55:06]     - final_layer.1.weight
[2026-04-02 13:55:06]     - spatial_conv.1.bias
[2026-04-02 13:55:06]     - spatial_conv.1.weight
[2026-04-02 13:55:06]     Train generator seeded: True
[2026-04-02 13:55:07]     Stopped epoch:            57
[2026-04-02 13:55:07]     Best epoch (valid_loss):  7
[2026-04-02 13:55:07]     Best valid_loss:          1.3688929080963135
[2026-04-02 13:55:07]     Test accuracy (primary):  0.2500
[2026-04-02 13:55:07]     Test balanced acc:        0.2500
[2026-04-02 13:55:07]     Confusion matrix:         [[1, 2, 1, 1], [3, 1, 0, 1], [1, 2, 0, 2], [0, 0, 2, 3]]
[2026-04-02 13:55:07]     Prediction histogram:     [5, 5, 3, 7]
[2026-04-02 13:55:07]     fold_acc=0.2500 fold_bal_acc=0.2500 cm=[[1, 2, 1, 1], [3, 1, 0, 1], [1, 2, 0, 2], [0, 0, 2, 3]]
[2026-04-02 13:55:07]   Subject 51 Fold 2 seed: 5148
[2026-04-02 13:55:07]   Subject 51 Fold 2: n_train=64 n_val=16 n_test=20
[2026-04-02 13:55:07]     Train class counts: [16, 16, 16, 16]
[2026-04-02 13:55:07]     Val class counts:   [4, 4, 4, 4]
[2026-04-02 13:55:07]     Test class counts:  [5, 5, 5, 5]
[2026-04-02 13:55:07] Building model with input window duration: 4.1875 s
[2026-04-02 13:55:07] Pretrained weight loading:
[2026-04-02 13:55:07]   Downloaded keys:        179
[2026-04-02 13:55:07]   Filtered (transformer): 172
[2026-04-02 13:55:07]   Filtered (pos_encoder): 0
[2026-04-02 13:55:07]   Keys to load:           7
[2026-04-02 13:55:07]   Missing keys:           4
[2026-04-02 13:55:07]   Unexpected keys:        0
[2026-04-02 13:55:07]   Missing preview:        ['spatial_conv.1.weight', 'spatial_conv.1.bias', 'final_layer.1.weight', 'final_layer.1.bias']
[2026-04-02 13:55:07]   Unexpected preview:     []
[2026-04-02 13:55:07] Encoder freeze configuration:
[2026-04-02 13:55:07]   Total parameters:        18,192
[2026-04-02 13:55:07]   Trainable parameters:    4,352
[2026-04-02 13:55:07]   Training percentage:     23.9%
[2026-04-02 13:55:07]   Trainable layers: 4
[2026-04-02 13:55:07]     - final_layer.1.bias
[2026-04-02 13:55:07]     - final_layer.1.weight
[2026-04-02 13:55:07]     - spatial_conv.1.bias
[2026-04-02 13:55:07]     - spatial_conv.1.weight
[2026-04-02 13:55:07]     Train generator seeded: True
[2026-04-02 13:55:08]     Stopped epoch:            78
[2026-04-02 13:55:08]     Best epoch (valid_loss):  28
[2026-04-02 13:55:08]     Best valid_loss:          1.2925667762756348
[2026-04-02 13:55:08]     Test accuracy (primary):  0.2000
[2026-04-02 13:55:08]     Test balanced acc:        0.2000
[2026-04-02 13:55:08]     Confusion matrix:         [[0, 0, 0, 5], [1, 1, 0, 3], [2, 0, 1, 2], [2, 1, 0, 2]]
[2026-04-02 13:55:08]     Prediction histogram:     [5, 2, 1, 12]
[2026-04-02 13:55:08]     fold_acc=0.2000 fold_bal_acc=0.2000 cm=[[0, 0, 0, 5], [1, 1, 0, 3], [2, 0, 1, 2], [2, 1, 0, 2]]
[2026-04-02 13:55:08]   Subject 51 Fold 3 seed: 5149
[2026-04-02 13:55:08]   Subject 51 Fold 3: n_train=64 n_val=16 n_test=20
[2026-04-02 13:55:08]     Train class counts: [16, 16, 16, 16]
[2026-04-02 13:55:08]     Val class counts:   [4, 4, 4, 4]
[2026-04-02 13:55:08]     Test class counts:  [5, 5, 5, 5]
[2026-04-02 13:55:08] Building model with input window duration: 4.1875 s
[2026-04-02 13:55:08] Pretrained weight loading:
[2026-04-02 13:55:08]   Downloaded keys:        179
[2026-04-02 13:55:08]   Filtered (transformer): 172
[2026-04-02 13:55:08]   Filtered (pos_encoder): 0
[2026-04-02 13:55:08]   Keys to load:           7
[2026-04-02 13:55:08]   Missing keys:           4
[2026-04-02 13:55:08]   Unexpected keys:        0
[2026-04-02 13:55:08]   Missing preview:        ['spatial_conv.1.weight', 'spatial_conv.1.bias', 'final_layer.1.weight', 'final_layer.1.bias']
[2026-04-02 13:55:08]   Unexpected preview:     []
[2026-04-02 13:55:08] Encoder freeze configuration:
[2026-04-02 13:55:08]   Total parameters:        18,192
[2026-04-02 13:55:08]   Trainable parameters:    4,352
[2026-04-02 13:55:08]   Training percentage:     23.9%
[2026-04-02 13:55:08]   Trainable layers: 4
[2026-04-02 13:55:08]     - final_layer.1.bias
[2026-04-02 13:55:08]     - final_layer.1.weight
[2026-04-02 13:55:08]     - spatial_conv.1.bias
[2026-04-02 13:55:08]     - spatial_conv.1.weight
[2026-04-02 13:55:08]     Train generator seeded: True
[2026-04-02 13:55:08]     Stopped epoch:            60
[2026-04-02 13:55:08]     Best epoch (valid_loss):  17
[2026-04-02 13:55:08]     Best valid_loss:          1.3779691457748413
[2026-04-02 13:55:08]     Test accuracy (primary):  0.3000
[2026-04-02 13:55:08]     Test balanced acc:        0.3000
[2026-04-02 13:55:08]     Confusion matrix:         [[1, 1, 1, 2], [1, 1, 2, 1], [1, 1, 2, 1], [1, 2, 0, 2]]
[2026-04-02 13:55:08]     Prediction histogram:     [4, 5, 5, 6]
[2026-04-02 13:55:08]     fold_acc=0.3000 fold_bal_acc=0.3000 cm=[[1, 1, 1, 2], [1, 1, 2, 1], [1, 1, 2, 1], [1, 2, 0, 2]]
[2026-04-02 13:55:08]   Subject 51 Fold 4 seed: 5150
[2026-04-02 13:55:08]   Subject 51 Fold 4: n_train=64 n_val=16 n_test=20
[2026-04-02 13:55:08]     Train class counts: [16, 16, 16, 16]
[2026-04-02 13:55:08]     Val class counts:   [4, 4, 4, 4]
[2026-04-02 13:55:08]     Test class counts:  [5, 5, 5, 5]
[2026-04-02 13:55:08] Building model with input window duration: 4.1875 s
[2026-04-02 13:55:08] Pretrained weight loading:
[2026-04-02 13:55:08]   Downloaded keys:        179
[2026-04-02 13:55:08]   Filtered (transformer): 172
[2026-04-02 13:55:08]   Filtered (pos_encoder): 0
[2026-04-02 13:55:08]   Keys to load:           7
[2026-04-02 13:55:08]   Missing keys:           4
[2026-04-02 13:55:08]   Unexpected keys:        0
[2026-04-02 13:55:08]   Missing preview:        ['spatial_conv.1.weight', 'spatial_conv.1.bias', 'final_layer.1.weight', 'final_layer.1.bias']
[2026-04-02 13:55:08]   Unexpected preview:     []
[2026-04-02 13:55:08] Encoder freeze configuration:
[2026-04-02 13:55:08]   Total parameters:        18,192
[2026-04-02 13:55:08]   Trainable parameters:    4,352
[2026-04-02 13:55:08]   Training percentage:     23.9%
[2026-04-02 13:55:08]   Trainable layers: 4
[2026-04-02 13:55:08]     - final_layer.1.bias
[2026-04-02 13:55:08]     - final_layer.1.weight
[2026-04-02 13:55:08]     - spatial_conv.1.bias
[2026-04-02 13:55:08]     - spatial_conv.1.weight
[2026-04-02 13:55:08]     Train generator seeded: True
[2026-04-02 13:55:09]     Stopped epoch:            98
[2026-04-02 13:55:09]     Best epoch (valid_loss):  48
[2026-04-02 13:55:09]     Best valid_loss:          1.2949296236038208
[2026-04-02 13:55:09]     Test accuracy (primary):  0.4500
[2026-04-02 13:55:09]     Test balanced acc:        0.4500
[2026-04-02 13:55:09]     Confusion matrix:         [[4, 1, 0, 0], [0, 3, 0, 2], [2, 2, 1, 0], [1, 1, 2, 1]]
[2026-04-02 13:55:09]     Prediction histogram:     [7, 7, 3, 3]
[2026-04-02 13:55:09]     fold_acc=0.4500 fold_bal_acc=0.4500 cm=[[4, 1, 0, 0], [0, 3, 0, 2], [2, 2, 1, 0], [1, 1, 2, 1]]
[2026-04-02 13:55:09]   Subject 51 Fold 5 seed: 5151
[2026-04-02 13:55:09]   Subject 51 Fold 5: n_train=64 n_val=16 n_test=20
[2026-04-02 13:55:09]     Train class counts: [16, 16, 16, 16]
[2026-04-02 13:55:09]     Val class counts:   [4, 4, 4, 4]
[2026-04-02 13:55:09]     Test class counts:  [5, 5, 5, 5]
[2026-04-02 13:55:09] Building model with input window duration: 4.1875 s
[2026-04-02 13:55:09] Pretrained weight loading:
[2026-04-02 13:55:09]   Downloaded keys:        179
[2026-04-02 13:55:09]   Filtered (transformer): 172
[2026-04-02 13:55:09]   Filtered (pos_encoder): 0
[2026-04-02 13:55:09]   Keys to load:           7
[2026-04-02 13:55:09]   Missing keys:           4
[2026-04-02 13:55:09]   Unexpected keys:        0
[2026-04-02 13:55:09]   Missing preview:        ['spatial_conv.1.weight', 'spatial_conv.1.bias', 'final_layer.1.weight', 'final_layer.1.bias']
[2026-04-02 13:55:09]   Unexpected preview:     []
[2026-04-02 13:55:09] Encoder freeze configuration:
[2026-04-02 13:55:09]   Total parameters:        18,192
[2026-04-02 13:55:09]   Trainable parameters:    4,352
[2026-04-02 13:55:09]   Training percentage:     23.9%
[2026-04-02 13:55:09]   Trainable layers: 4
[2026-04-02 13:55:09]     - final_layer.1.bias
[2026-04-02 13:55:09]     - final_layer.1.weight
[2026-04-02 13:55:09]     - spatial_conv.1.bias
[2026-04-02 13:55:09]     - spatial_conv.1.weight
[2026-04-02 13:55:09]     Train generator seeded: True
[2026-04-02 13:55:10]     Stopped epoch:            67
[2026-04-02 13:55:10]     Best epoch (valid_loss):  17
[2026-04-02 13:55:10]     Best valid_loss:          1.3476754426956177
[2026-04-02 13:55:10]     Test accuracy (primary):  0.4500
[2026-04-02 13:55:10]     Test balanced acc:        0.4500
[2026-04-02 13:55:10]     Confusion matrix:         [[2, 2, 1, 0], [2, 2, 0, 1], [0, 2, 1, 2], [0, 0, 1, 4]]
[2026-04-02 13:55:10]     Prediction histogram:     [4, 6, 3, 7]
[2026-04-02 13:55:10]     fold_acc=0.4500 fold_bal_acc=0.4500 cm=[[2, 2, 1, 0], [2, 2, 0, 1], [0, 2, 1, 2], [0, 0, 1, 4]]
[2026-04-02 13:55:10]   Subject 51 mean accuracy: 0.3300

[2026-04-02 13:55:10] Subject 52: 100 windows class_counts=[25, 25, 25, 25]
[2026-04-02 13:55:10]   Fold 1 split seed: 47
[2026-04-02 13:55:10]   Fold 1 split class counts:
[2026-04-02 13:55:10]     train=[16, 16, 16, 16] val=[4, 4, 4, 4] test=[5, 5, 5, 5]
[2026-04-02 13:55:10]   Fold 2 split seed: 48
[2026-04-02 13:55:10]   Fold 2 split class counts:
[2026-04-02 13:55:10]     train=[16, 16, 16, 16] val=[4, 4, 4, 4] test=[5, 5, 5, 5]
[2026-04-02 13:55:10]   Fold 3 split seed: 49
[2026-04-02 13:55:10]   Fold 3 split class counts:
[2026-04-02 13:55:10]     train=[16, 16, 16, 16] val=[4, 4, 4, 4] test=[5, 5, 5, 5]
[2026-04-02 13:55:10]   Fold 4 split seed: 50
[2026-04-02 13:55:10]   Fold 4 split class counts:
[2026-04-02 13:55:10]     train=[16, 16, 16, 16] val=[4, 4, 4, 4] test=[5, 5, 5, 5]
[2026-04-02 13:55:10]   Fold 5 split seed: 51
[2026-04-02 13:55:10]   Fold 5 split class counts:
[2026-04-02 13:55:10]     train=[16, 16, 16, 16] val=[4, 4, 4, 4] test=[5, 5, 5, 5]
[2026-04-02 13:55:10]   Subject 52 Fold 1 seed: 5247
[2026-04-02 13:55:10]   Subject 52 Fold 1: n_train=64 n_val=16 n_test=20
[2026-04-02 13:55:10]     Train class counts: [16, 16, 16, 16]
[2026-04-02 13:55:10]     Val class counts:   [4, 4, 4, 4]
[2026-04-02 13:55:10]     Test class counts:  [5, 5, 5, 5]
[2026-04-02 13:55:10] Building model with input window duration: 4.1875 s
[2026-04-02 13:55:10] Pretrained weight loading:
[2026-04-02 13:55:10]   Downloaded keys:        179
[2026-04-02 13:55:10]   Filtered (transformer): 172
[2026-04-02 13:55:10]   Filtered (pos_encoder): 0
[2026-04-02 13:55:10]   Keys to load:           7
[2026-04-02 13:55:10]   Missing keys:           4
[2026-04-02 13:55:10]   Unexpected keys:        0
[2026-04-02 13:55:10]   Missing preview:        ['spatial_conv.1.weight', 'spatial_conv.1.bias', 'final_layer.1.weight', 'final_layer.1.bias']
[2026-04-02 13:55:10]   Unexpected preview:     []
[2026-04-02 13:55:10] Encoder freeze configuration:
[2026-04-02 13:55:10]   Total parameters:        18,192
[2026-04-02 13:55:10]   Trainable parameters:    4,352
[2026-04-02 13:55:10]   Training percentage:     23.9%
[2026-04-02 13:55:10]   Trainable layers: 4
[2026-04-02 13:55:10]     - final_layer.1.bias
[2026-04-02 13:55:10]     - final_layer.1.weight
[2026-04-02 13:55:10]     - spatial_conv.1.bias
[2026-04-02 13:55:10]     - spatial_conv.1.weight
[2026-04-02 13:55:10]     Train generator seeded: True
[2026-04-02 13:55:37]     Stopped epoch:            3017
[2026-04-02 13:55:37]     Best epoch (valid_loss):  2967
[2026-04-02 13:55:37]     Best valid_loss:          0.02764914184808731
[2026-04-02 13:55:37]     Test accuracy (primary):  0.9000
[2026-04-02 13:55:37]     Test balanced acc:        0.9000
[2026-04-02 13:55:37]     Confusion matrix:         [[4, 0, 0, 1], [0, 5, 0, 0], [0, 0, 5, 0], [1, 0, 0, 4]]
[2026-04-02 13:55:37]     Prediction histogram:     [5, 5, 5, 5]
[2026-04-02 13:55:37]     fold_acc=0.9000 fold_bal_acc=0.9000 cm=[[4, 0, 0, 1], [0, 5, 0, 0], [0, 0, 5, 0], [1, 0, 0, 4]]
[2026-04-02 13:55:37]   Subject 52 Fold 2 seed: 5248
[2026-04-02 13:55:37]   Subject 52 Fold 2: n_train=64 n_val=16 n_test=20
[2026-04-02 13:55:37]     Train class counts: [16, 16, 16, 16]
[2026-04-02 13:55:37]     Val class counts:   [4, 4, 4, 4]
[2026-04-02 13:55:37]     Test class counts:  [5, 5, 5, 5]
[2026-04-02 13:55:37] Building model with input window duration: 4.1875 s
[2026-04-02 13:55:37] Pretrained weight loading:
[2026-04-02 13:55:37]   Downloaded keys:        179
[2026-04-02 13:55:37]   Filtered (transformer): 172
[2026-04-02 13:55:37]   Filtered (pos_encoder): 0
[2026-04-02 13:55:37]   Keys to load:           7
[2026-04-02 13:55:37]   Missing keys:           4
[2026-04-02 13:55:37]   Unexpected keys:        0
[2026-04-02 13:55:37]   Missing preview:        ['spatial_conv.1.weight', 'spatial_conv.1.bias', 'final_layer.1.weight', 'final_layer.1.bias']
[2026-04-02 13:55:37]   Unexpected preview:     []
[2026-04-02 13:55:37] Encoder freeze configuration:
[2026-04-02 13:55:37]   Total parameters:        18,192
[2026-04-02 13:55:37]   Trainable parameters:    4,352
[2026-04-02 13:55:37]   Training percentage:     23.9%
[2026-04-02 13:55:37]   Trainable layers: 4
[2026-04-02 13:55:37]     - final_layer.1.bias
[2026-04-02 13:55:37]     - final_layer.1.weight
[2026-04-02 13:55:37]     - spatial_conv.1.bias
[2026-04-02 13:55:37]     - spatial_conv.1.weight
[2026-04-02 13:55:37]     Train generator seeded: True
[2026-04-02 13:55:46]     Stopped epoch:            906
[2026-04-02 13:55:46]     Best epoch (valid_loss):  856
[2026-04-02 13:55:46]     Best valid_loss:          0.164064422249794
[2026-04-02 13:55:46]     Test accuracy (primary):  1.0000
[2026-04-02 13:55:46]     Test balanced acc:        1.0000
[2026-04-02 13:55:46]     Confusion matrix:         [[5, 0, 0, 0], [0, 5, 0, 0], [0, 0, 5, 0], [0, 0, 0, 5]]
[2026-04-02 13:55:46]     Prediction histogram:     [5, 5, 5, 5]
[2026-04-02 13:55:46]     fold_acc=1.0000 fold_bal_acc=1.0000 cm=[[5, 0, 0, 0], [0, 5, 0, 0], [0, 0, 5, 0], [0, 0, 0, 5]]
[2026-04-02 13:55:46]   Subject 52 Fold 3 seed: 5249
[2026-04-02 13:55:46]   Subject 52 Fold 3: n_train=64 n_val=16 n_test=20
[2026-04-02 13:55:46]     Train class counts: [16, 16, 16, 16]
[2026-04-02 13:55:46]     Val class counts:   [4, 4, 4, 4]
[2026-04-02 13:55:46]     Test class counts:  [5, 5, 5, 5]
[2026-04-02 13:55:46] Building model with input window duration: 4.1875 s
[2026-04-02 13:55:46] Pretrained weight loading:
[2026-04-02 13:55:46]   Downloaded keys:        179
[2026-04-02 13:55:46]   Filtered (transformer): 172
[2026-04-02 13:55:46]   Filtered (pos_encoder): 0
[2026-04-02 13:55:46]   Keys to load:           7
[2026-04-02 13:55:46]   Missing keys:           4
[2026-04-02 13:55:46]   Unexpected keys:        0
[2026-04-02 13:55:46]   Missing preview:        ['spatial_conv.1.weight', 'spatial_conv.1.bias', 'final_layer.1.weight', 'final_layer.1.bias']
[2026-04-02 13:55:46]   Unexpected preview:     []
[2026-04-02 13:55:46] Encoder freeze configuration:
[2026-04-02 13:55:46]   Total parameters:        18,192
[2026-04-02 13:55:46]   Trainable parameters:    4,352
[2026-04-02 13:55:46]   Training percentage:     23.9%
[2026-04-02 13:55:46]   Trainable layers: 4
[2026-04-02 13:55:46]     - final_layer.1.bias
[2026-04-02 13:55:46]     - final_layer.1.weight
[2026-04-02 13:55:46]     - spatial_conv.1.bias
[2026-04-02 13:55:46]     - spatial_conv.1.weight
[2026-04-02 13:55:46]     Train generator seeded: True
[2026-04-02 13:56:04]     Stopped epoch:            2034
[2026-04-02 13:56:04]     Best epoch (valid_loss):  1984
[2026-04-02 13:56:04]     Best valid_loss:          0.11947724968194962
[2026-04-02 13:56:04]     Test accuracy (primary):  0.9000
[2026-04-02 13:56:04]     Test balanced acc:        0.9000
[2026-04-02 13:56:04]     Confusion matrix:         [[4, 0, 0, 1], [0, 5, 0, 0], [0, 0, 5, 0], [1, 0, 0, 4]]
[2026-04-02 13:56:04]     Prediction histogram:     [5, 5, 5, 5]
[2026-04-02 13:56:04]     fold_acc=0.9000 fold_bal_acc=0.9000 cm=[[4, 0, 0, 1], [0, 5, 0, 0], [0, 0, 5, 0], [1, 0, 0, 4]]
[2026-04-02 13:56:04]   Subject 52 Fold 4 seed: 5250
[2026-04-02 13:56:04]   Subject 52 Fold 4: n_train=64 n_val=16 n_test=20
[2026-04-02 13:56:04]     Train class counts: [16, 16, 16, 16]
[2026-04-02 13:56:04]     Val class counts:   [4, 4, 4, 4]
[2026-04-02 13:56:04]     Test class counts:  [5, 5, 5, 5]
[2026-04-02 13:56:04] Building model with input window duration: 4.1875 s
[2026-04-02 13:56:04] Pretrained weight loading:
[2026-04-02 13:56:04]   Downloaded keys:        179
[2026-04-02 13:56:04]   Filtered (transformer): 172
[2026-04-02 13:56:04]   Filtered (pos_encoder): 0
[2026-04-02 13:56:04]   Keys to load:           7
[2026-04-02 13:56:04]   Missing keys:           4
[2026-04-02 13:56:04]   Unexpected keys:        0
[2026-04-02 13:56:04]   Missing preview:        ['spatial_conv.1.weight', 'spatial_conv.1.bias', 'final_layer.1.weight', 'final_layer.1.bias']
[2026-04-02 13:56:04]   Unexpected preview:     []
[2026-04-02 13:56:04] Encoder freeze configuration:
[2026-04-02 13:56:04]   Total parameters:        18,192
[2026-04-02 13:56:04]   Trainable parameters:    4,352
[2026-04-02 13:56:04]   Training percentage:     23.9%
[2026-04-02 13:56:04]   Trainable layers: 4
[2026-04-02 13:56:04]     - final_layer.1.bias
[2026-04-02 13:56:04]     - final_layer.1.weight
[2026-04-02 13:56:04]     - spatial_conv.1.bias
[2026-04-02 13:56:04]     - spatial_conv.1.weight
[2026-04-02 13:56:04]     Train generator seeded: True
[2026-04-02 13:56:08]     Stopped epoch:            451
[2026-04-02 13:56:08]     Best epoch (valid_loss):  401
[2026-04-02 13:56:08]     Best valid_loss:          0.20377054810523987
[2026-04-02 13:56:08]     Test accuracy (primary):  1.0000
[2026-04-02 13:56:08]     Test balanced acc:        1.0000
[2026-04-02 13:56:08]     Confusion matrix:         [[5, 0, 0, 0], [0, 5, 0, 0], [0, 0, 5, 0], [0, 0, 0, 5]]
[2026-04-02 13:56:08]     Prediction histogram:     [5, 5, 5, 5]
[2026-04-02 13:56:08]     fold_acc=1.0000 fold_bal_acc=1.0000 cm=[[5, 0, 0, 0], [0, 5, 0, 0], [0, 0, 5, 0], [0, 0, 0, 5]]
[2026-04-02 13:56:08]   Subject 52 Fold 5 seed: 5251
[2026-04-02 13:56:08]   Subject 52 Fold 5: n_train=64 n_val=16 n_test=20
[2026-04-02 13:56:08]     Train class counts: [16, 16, 16, 16]
[2026-04-02 13:56:08]     Val class counts:   [4, 4, 4, 4]
[2026-04-02 13:56:08]     Test class counts:  [5, 5, 5, 5]
[2026-04-02 13:56:08] Building model with input window duration: 4.1875 s
[2026-04-02 13:56:08] Pretrained weight loading:
[2026-04-02 13:56:08]   Downloaded keys:        179
[2026-04-02 13:56:08]   Filtered (transformer): 172
[2026-04-02 13:56:08]   Filtered (pos_encoder): 0
[2026-04-02 13:56:08]   Keys to load:           7
[2026-04-02 13:56:08]   Missing keys:           4
[2026-04-02 13:56:08]   Unexpected keys:        0
[2026-04-02 13:56:08]   Missing preview:        ['spatial_conv.1.weight', 'spatial_conv.1.bias', 'final_layer.1.weight', 'final_layer.1.bias']
[2026-04-02 13:56:08]   Unexpected preview:     []
[2026-04-02 13:56:08] Encoder freeze configuration:
[2026-04-02 13:56:08]   Total parameters:        18,192
[2026-04-02 13:56:08]   Trainable parameters:    4,352
[2026-04-02 13:56:08]   Training percentage:     23.9%
[2026-04-02 13:56:08]   Trainable layers: 4
[2026-04-02 13:56:08]     - final_layer.1.bias
[2026-04-02 13:56:08]     - final_layer.1.weight
[2026-04-02 13:56:08]     - spatial_conv.1.bias
[2026-04-02 13:56:08]     - spatial_conv.1.weight
[2026-04-02 13:56:08]     Train generator seeded: True
[2026-04-02 13:56:24]     Stopped epoch:            1655
[2026-04-02 13:56:24]     Best epoch (valid_loss):  1605
[2026-04-02 13:56:24]     Best valid_loss:          0.05918304622173309
[2026-04-02 13:56:24]     Test accuracy (primary):  0.9500
[2026-04-02 13:56:24]     Test balanced acc:        0.9500
[2026-04-02 13:56:24]     Confusion matrix:         [[5, 0, 0, 0], [0, 5, 0, 0], [0, 0, 5, 0], [1, 0, 0, 4]]
[2026-04-02 13:56:24]     Prediction histogram:     [6, 5, 5, 4]
[2026-04-02 13:56:24]     fold_acc=0.9500 fold_bal_acc=0.9500 cm=[[5, 0, 0, 0], [0, 5, 0, 0], [0, 0, 5, 0], [1, 0, 0, 4]]
[2026-04-02 13:56:24]   Subject 52 mean accuracy: 0.9500

[2026-04-02 13:56:24] Subject 53: 100 windows class_counts=[25, 25, 25, 25]
[2026-04-02 13:56:24]   Fold 1 split seed: 47
[2026-04-02 13:56:24]   Fold 1 split class counts:
[2026-04-02 13:56:24]     train=[16, 16, 16, 16] val=[4, 4, 4, 4] test=[5, 5, 5, 5]
[2026-04-02 13:56:24]   Fold 2 split seed: 48
[2026-04-02 13:56:24]   Fold 2 split class counts:
[2026-04-02 13:56:24]     train=[16, 16, 16, 16] val=[4, 4, 4, 4] test=[5, 5, 5, 5]
[2026-04-02 13:56:24]   Fold 3 split seed: 49
[2026-04-02 13:56:24]   Fold 3 split class counts:
[2026-04-02 13:56:24]     train=[16, 16, 16, 16] val=[4, 4, 4, 4] test=[5, 5, 5, 5]
[2026-04-02 13:56:24]   Fold 4 split seed: 50
[2026-04-02 13:56:24]   Fold 4 split class counts:
[2026-04-02 13:56:24]     train=[16, 16, 16, 16] val=[4, 4, 4, 4] test=[5, 5, 5, 5]
[2026-04-02 13:56:24]   Fold 5 split seed: 51
[2026-04-02 13:56:24]   Fold 5 split class counts:
[2026-04-02 13:56:24]     train=[16, 16, 16, 16] val=[4, 4, 4, 4] test=[5, 5, 5, 5]
[2026-04-02 13:56:24]   Subject 53 Fold 1 seed: 5347
[2026-04-02 13:56:24]   Subject 53 Fold 1: n_train=64 n_val=16 n_test=20
[2026-04-02 13:56:24]     Train class counts: [16, 16, 16, 16]
[2026-04-02 13:56:24]     Val class counts:   [4, 4, 4, 4]
[2026-04-02 13:56:24]     Test class counts:  [5, 5, 5, 5]
[2026-04-02 13:56:24] Building model with input window duration: 4.1875 s
[2026-04-02 13:56:24] Pretrained weight loading:
[2026-04-02 13:56:24]   Downloaded keys:        179
[2026-04-02 13:56:24]   Filtered (transformer): 172
[2026-04-02 13:56:24]   Filtered (pos_encoder): 0
[2026-04-02 13:56:24]   Keys to load:           7
[2026-04-02 13:56:24]   Missing keys:           4
[2026-04-02 13:56:24]   Unexpected keys:        0
[2026-04-02 13:56:24]   Missing preview:        ['spatial_conv.1.weight', 'spatial_conv.1.bias', 'final_layer.1.weight', 'final_layer.1.bias']
[2026-04-02 13:56:24]   Unexpected preview:     []
[2026-04-02 13:56:24] Encoder freeze configuration:
[2026-04-02 13:56:24]   Total parameters:        18,192
[2026-04-02 13:56:24]   Trainable parameters:    4,352
[2026-04-02 13:56:24]   Training percentage:     23.9%
[2026-04-02 13:56:24]   Trainable layers: 4
[2026-04-02 13:56:24]     - final_layer.1.bias
[2026-04-02 13:56:24]     - final_layer.1.weight
[2026-04-02 13:56:24]     - spatial_conv.1.bias
[2026-04-02 13:56:24]     - spatial_conv.1.weight
[2026-04-02 13:56:24]     Train generator seeded: True
[2026-04-02 13:56:26]     Stopped epoch:            284
[2026-04-02 13:56:26]     Best epoch (valid_loss):  234
[2026-04-02 13:56:26]     Best valid_loss:          0.3518412709236145
[2026-04-02 13:56:26]     Test accuracy (primary):  0.9500
[2026-04-02 13:56:26]     Test balanced acc:        0.9500
[2026-04-02 13:56:26]     Confusion matrix:         [[4, 0, 0, 1], [0, 5, 0, 0], [0, 0, 5, 0], [0, 0, 0, 5]]
[2026-04-02 13:56:26]     Prediction histogram:     [4, 5, 5, 6]
[2026-04-02 13:56:26]     fold_acc=0.9500 fold_bal_acc=0.9500 cm=[[4, 0, 0, 1], [0, 5, 0, 0], [0, 0, 5, 0], [0, 0, 0, 5]]
[2026-04-02 13:56:26]   Subject 53 Fold 2 seed: 5348
[2026-04-02 13:56:26]   Subject 53 Fold 2: n_train=64 n_val=16 n_test=20
[2026-04-02 13:56:26]     Train class counts: [16, 16, 16, 16]
[2026-04-02 13:56:26]     Val class counts:   [4, 4, 4, 4]
[2026-04-02 13:56:26]     Test class counts:  [5, 5, 5, 5]
[2026-04-02 13:56:26] Building model with input window duration: 4.1875 s
[2026-04-02 13:56:26] Pretrained weight loading:
[2026-04-02 13:56:26]   Downloaded keys:        179
[2026-04-02 13:56:26]   Filtered (transformer): 172
[2026-04-02 13:56:26]   Filtered (pos_encoder): 0
[2026-04-02 13:56:26]   Keys to load:           7
[2026-04-02 13:56:26]   Missing keys:           4
[2026-04-02 13:56:26]   Unexpected keys:        0
[2026-04-02 13:56:26]   Missing preview:        ['spatial_conv.1.weight', 'spatial_conv.1.bias', 'final_layer.1.weight', 'final_layer.1.bias']
[2026-04-02 13:56:26]   Unexpected preview:     []
[2026-04-02 13:56:26] Encoder freeze configuration:
[2026-04-02 13:56:26]   Total parameters:        18,192
[2026-04-02 13:56:26]   Trainable parameters:    4,352
[2026-04-02 13:56:26]   Training percentage:     23.9%
[2026-04-02 13:56:26]   Trainable layers: 4
[2026-04-02 13:56:26]     - final_layer.1.bias
[2026-04-02 13:56:26]     - final_layer.1.weight
[2026-04-02 13:56:26]     - spatial_conv.1.bias
[2026-04-02 13:56:26]     - spatial_conv.1.weight
[2026-04-02 13:56:26]     Train generator seeded: True
[2026-04-02 13:56:55]     Stopped epoch:            3125
[2026-04-02 13:56:55]     Best epoch (valid_loss):  3075
[2026-04-02 13:56:55]     Best valid_loss:          0.033112991601228714
[2026-04-02 13:56:55]     Test accuracy (primary):  1.0000
[2026-04-02 13:56:55]     Test balanced acc:        1.0000
[2026-04-02 13:56:55]     Confusion matrix:         [[5, 0, 0, 0], [0, 5, 0, 0], [0, 0, 5, 0], [0, 0, 0, 5]]
[2026-04-02 13:56:55]     Prediction histogram:     [5, 5, 5, 5]
[2026-04-02 13:56:55]     fold_acc=1.0000 fold_bal_acc=1.0000 cm=[[5, 0, 0, 0], [0, 5, 0, 0], [0, 0, 5, 0], [0, 0, 0, 5]]
[2026-04-02 13:56:55]   Subject 53 Fold 3 seed: 5349
[2026-04-02 13:56:55]   Subject 53 Fold 3: n_train=64 n_val=16 n_test=20
[2026-04-02 13:56:55]     Train class counts: [16, 16, 16, 16]
[2026-04-02 13:56:55]     Val class counts:   [4, 4, 4, 4]
[2026-04-02 13:56:55]     Test class counts:  [5, 5, 5, 5]
[2026-04-02 13:56:55] Building model with input window duration: 4.1875 s
[2026-04-02 13:56:55] Pretrained weight loading:
[2026-04-02 13:56:55]   Downloaded keys:        179
[2026-04-02 13:56:55]   Filtered (transformer): 172
[2026-04-02 13:56:55]   Filtered (pos_encoder): 0
[2026-04-02 13:56:55]   Keys to load:           7
[2026-04-02 13:56:55]   Missing keys:           4
[2026-04-02 13:56:55]   Unexpected keys:        0
[2026-04-02 13:56:55]   Missing preview:        ['spatial_conv.1.weight', 'spatial_conv.1.bias', 'final_layer.1.weight', 'final_layer.1.bias']
[2026-04-02 13:56:55]   Unexpected preview:     []
[2026-04-02 13:56:55] Encoder freeze configuration:
[2026-04-02 13:56:55]   Total parameters:        18,192
[2026-04-02 13:56:55]   Trainable parameters:    4,352
[2026-04-02 13:56:55]   Training percentage:     23.9%
[2026-04-02 13:56:55]   Trainable layers: 4
[2026-04-02 13:56:55]     - final_layer.1.bias
[2026-04-02 13:56:55]     - final_layer.1.weight
[2026-04-02 13:56:55]     - spatial_conv.1.bias
[2026-04-02 13:56:55]     - spatial_conv.1.weight
[2026-04-02 13:56:55]     Train generator seeded: True
[2026-04-02 13:57:07]     Stopped epoch:            1225
[2026-04-02 13:57:07]     Best epoch (valid_loss):  1216
[2026-04-02 13:57:07]     Best valid_loss:          0.06643623858690262
[2026-04-02 13:57:07]     Test accuracy (primary):  0.9000
[2026-04-02 13:57:07]     Test balanced acc:        0.9000
[2026-04-02 13:57:07]     Confusion matrix:         [[4, 1, 0, 0], [0, 5, 0, 0], [0, 0, 5, 0], [0, 1, 0, 4]]
[2026-04-02 13:57:07]     Prediction histogram:     [4, 7, 5, 4]
[2026-04-02 13:57:07]     fold_acc=0.9000 fold_bal_acc=0.9000 cm=[[4, 1, 0, 0], [0, 5, 0, 0], [0, 0, 5, 0], [0, 1, 0, 4]]
[2026-04-02 13:57:07]   Subject 53 Fold 4 seed: 5350
[2026-04-02 13:57:07]   Subject 53 Fold 4: n_train=64 n_val=16 n_test=20
[2026-04-02 13:57:07]     Train class counts: [16, 16, 16, 16]
[2026-04-02 13:57:07]     Val class counts:   [4, 4, 4, 4]
[2026-04-02 13:57:07]     Test class counts:  [5, 5, 5, 5]
[2026-04-02 13:57:07] Building model with input window duration: 4.1875 s
[2026-04-02 13:57:07] Pretrained weight loading:
[2026-04-02 13:57:07]   Downloaded keys:        179
[2026-04-02 13:57:07]   Filtered (transformer): 172
[2026-04-02 13:57:07]   Filtered (pos_encoder): 0
[2026-04-02 13:57:07]   Keys to load:           7
[2026-04-02 13:57:07]   Missing keys:           4
[2026-04-02 13:57:07]   Unexpected keys:        0
[2026-04-02 13:57:07]   Missing preview:        ['spatial_conv.1.weight', 'spatial_conv.1.bias', 'final_layer.1.weight', 'final_layer.1.bias']
[2026-04-02 13:57:07]   Unexpected preview:     []
[2026-04-02 13:57:07] Encoder freeze configuration:
[2026-04-02 13:57:07]   Total parameters:        18,192
[2026-04-02 13:57:07]   Trainable parameters:    4,352
[2026-04-02 13:57:07]   Training percentage:     23.9%
[2026-04-02 13:57:07]   Trainable layers: 4
[2026-04-02 13:57:07]     - final_layer.1.bias
[2026-04-02 13:57:07]     - final_layer.1.weight
[2026-04-02 13:57:07]     - spatial_conv.1.bias
[2026-04-02 13:57:07]     - spatial_conv.1.weight
[2026-04-02 13:57:07]     Train generator seeded: True
[2026-04-02 13:57:15]     Stopped epoch:            874
[2026-04-02 13:57:15]     Best epoch (valid_loss):  824
[2026-04-02 13:57:15]     Best valid_loss:          0.10364007204771042
[2026-04-02 13:57:15]     Test accuracy (primary):  0.9500
[2026-04-02 13:57:15]     Test balanced acc:        0.9500
[2026-04-02 13:57:15]     Confusion matrix:         [[4, 0, 0, 1], [0, 5, 0, 0], [0, 0, 5, 0], [0, 0, 0, 5]]
[2026-04-02 13:57:15]     Prediction histogram:     [4, 5, 5, 6]
[2026-04-02 13:57:15]     fold_acc=0.9500 fold_bal_acc=0.9500 cm=[[4, 0, 0, 1], [0, 5, 0, 0], [0, 0, 5, 0], [0, 0, 0, 5]]
[2026-04-02 13:57:15]   Subject 53 Fold 5 seed: 5351
[2026-04-02 13:57:15]   Subject 53 Fold 5: n_train=64 n_val=16 n_test=20
[2026-04-02 13:57:15]     Train class counts: [16, 16, 16, 16]
[2026-04-02 13:57:15]     Val class counts:   [4, 4, 4, 4]
[2026-04-02 13:57:15]     Test class counts:  [5, 5, 5, 5]
[2026-04-02 13:57:15] Building model with input window duration: 4.1875 s
[2026-04-02 13:57:15] Pretrained weight loading:
[2026-04-02 13:57:15]   Downloaded keys:        179
[2026-04-02 13:57:15]   Filtered (transformer): 172
[2026-04-02 13:57:15]   Filtered (pos_encoder): 0
[2026-04-02 13:57:15]   Keys to load:           7
[2026-04-02 13:57:15]   Missing keys:           4
[2026-04-02 13:57:15]   Unexpected keys:        0
[2026-04-02 13:57:15]   Missing preview:        ['spatial_conv.1.weight', 'spatial_conv.1.bias', 'final_layer.1.weight', 'final_layer.1.bias']
[2026-04-02 13:57:15]   Unexpected preview:     []
[2026-04-02 13:57:15] Encoder freeze configuration:
[2026-04-02 13:57:15]   Total parameters:        18,192
[2026-04-02 13:57:15]   Trainable parameters:    4,352
[2026-04-02 13:57:15]   Training percentage:     23.9%
[2026-04-02 13:57:15]   Trainable layers: 4
[2026-04-02 13:57:15]     - final_layer.1.bias
[2026-04-02 13:57:15]     - final_layer.1.weight
[2026-04-02 13:57:15]     - spatial_conv.1.bias
[2026-04-02 13:57:15]     - spatial_conv.1.weight
[2026-04-02 13:57:15]     Train generator seeded: True
[2026-04-02 13:57:21]     Stopped epoch:            732
[2026-04-02 13:57:21]     Best epoch (valid_loss):  682
[2026-04-02 13:57:21]     Best valid_loss:          0.08372992277145386
[2026-04-02 13:57:21]     Test accuracy (primary):  1.0000
[2026-04-02 13:57:21]     Test balanced acc:        1.0000
[2026-04-02 13:57:21]     Confusion matrix:         [[5, 0, 0, 0], [0, 5, 0, 0], [0, 0, 5, 0], [0, 0, 0, 5]]
[2026-04-02 13:57:21]     Prediction histogram:     [5, 5, 5, 5]
[2026-04-02 13:57:21]     fold_acc=1.0000 fold_bal_acc=1.0000 cm=[[5, 0, 0, 0], [0, 5, 0, 0], [0, 0, 5, 0], [0, 0, 0, 5]]
[2026-04-02 13:57:21]   Subject 53 mean accuracy: 0.9600

[2026-04-02 13:57:21] Subject 54: 100 windows class_counts=[25, 25, 25, 25]
[2026-04-02 13:57:21]   Fold 1 split seed: 47
[2026-04-02 13:57:21]   Fold 1 split class counts:
[2026-04-02 13:57:21]     train=[16, 16, 16, 16] val=[4, 4, 4, 4] test=[5, 5, 5, 5]
[2026-04-02 13:57:21]   Fold 2 split seed: 48
[2026-04-02 13:57:21]   Fold 2 split class counts:
[2026-04-02 13:57:21]     train=[16, 16, 16, 16] val=[4, 4, 4, 4] test=[5, 5, 5, 5]
[2026-04-02 13:57:21]   Fold 3 split seed: 49
[2026-04-02 13:57:21]   Fold 3 split class counts:
[2026-04-02 13:57:21]     train=[16, 16, 16, 16] val=[4, 4, 4, 4] test=[5, 5, 5, 5]
[2026-04-02 13:57:21]   Fold 4 split seed: 50
[2026-04-02 13:57:21]   Fold 4 split class counts:
[2026-04-02 13:57:21]     train=[16, 16, 16, 16] val=[4, 4, 4, 4] test=[5, 5, 5, 5]
[2026-04-02 13:57:21]   Fold 5 split seed: 51
[2026-04-02 13:57:21]   Fold 5 split class counts:
[2026-04-02 13:57:21]     train=[16, 16, 16, 16] val=[4, 4, 4, 4] test=[5, 5, 5, 5]
[2026-04-02 13:57:21]   Subject 54 Fold 1 seed: 5447
[2026-04-02 13:57:21]   Subject 54 Fold 1: n_train=64 n_val=16 n_test=20
[2026-04-02 13:57:21]     Train class counts: [16, 16, 16, 16]
[2026-04-02 13:57:21]     Val class counts:   [4, 4, 4, 4]
[2026-04-02 13:57:21]     Test class counts:  [5, 5, 5, 5]
[2026-04-02 13:57:21] Building model with input window duration: 4.1875 s
[2026-04-02 13:57:21] Pretrained weight loading:
[2026-04-02 13:57:21]   Downloaded keys:        179
[2026-04-02 13:57:21]   Filtered (transformer): 172
[2026-04-02 13:57:21]   Filtered (pos_encoder): 0
[2026-04-02 13:57:21]   Keys to load:           7
[2026-04-02 13:57:21]   Missing keys:           4
[2026-04-02 13:57:21]   Unexpected keys:        0
[2026-04-02 13:57:21]   Missing preview:        ['spatial_conv.1.weight', 'spatial_conv.1.bias', 'final_layer.1.weight', 'final_layer.1.bias']
[2026-04-02 13:57:21]   Unexpected preview:     []
[2026-04-02 13:57:21] Encoder freeze configuration:
[2026-04-02 13:57:21]   Total parameters:        18,192
[2026-04-02 13:57:21]   Trainable parameters:    4,352
[2026-04-02 13:57:21]   Training percentage:     23.9%
[2026-04-02 13:57:21]   Trainable layers: 4
[2026-04-02 13:57:21]     - final_layer.1.bias
[2026-04-02 13:57:21]     - final_layer.1.weight
[2026-04-02 13:57:21]     - spatial_conv.1.bias
[2026-04-02 13:57:21]     - spatial_conv.1.weight
[2026-04-02 13:57:21]     Train generator seeded: True
[2026-04-02 13:57:29]     Stopped epoch:            749
[2026-04-02 13:57:29]     Best epoch (valid_loss):  699
[2026-04-02 13:57:29]     Best valid_loss:          0.572196900844574
[2026-04-02 13:57:29]     Test accuracy (primary):  0.6000
[2026-04-02 13:57:29]     Test balanced acc:        0.6000
[2026-04-02 13:57:29]     Confusion matrix:         [[4, 0, 1, 0], [0, 3, 0, 2], [0, 2, 1, 2], [0, 0, 1, 4]]
[2026-04-02 13:57:29]     Prediction histogram:     [4, 5, 3, 8]
[2026-04-02 13:57:29]     fold_acc=0.6000 fold_bal_acc=0.6000 cm=[[4, 0, 1, 0], [0, 3, 0, 2], [0, 2, 1, 2], [0, 0, 1, 4]]
[2026-04-02 13:57:29]   Subject 54 Fold 2 seed: 5448
[2026-04-02 13:57:29]   Subject 54 Fold 2: n_train=64 n_val=16 n_test=20
[2026-04-02 13:57:29]     Train class counts: [16, 16, 16, 16]
[2026-04-02 13:57:29]     Val class counts:   [4, 4, 4, 4]
[2026-04-02 13:57:29]     Test class counts:  [5, 5, 5, 5]
[2026-04-02 13:57:29] Building model with input window duration: 4.1875 s
[2026-04-02 13:57:29] Pretrained weight loading:
[2026-04-02 13:57:29]   Downloaded keys:        179
[2026-04-02 13:57:29]   Filtered (transformer): 172
[2026-04-02 13:57:29]   Filtered (pos_encoder): 0
[2026-04-02 13:57:29]   Keys to load:           7
[2026-04-02 13:57:29]   Missing keys:           4
[2026-04-02 13:57:29]   Unexpected keys:        0
[2026-04-02 13:57:29]   Missing preview:        ['spatial_conv.1.weight', 'spatial_conv.1.bias', 'final_layer.1.weight', 'final_layer.1.bias']
[2026-04-02 13:57:29]   Unexpected preview:     []
[2026-04-02 13:57:29] Encoder freeze configuration:
[2026-04-02 13:57:29]   Total parameters:        18,192
[2026-04-02 13:57:29]   Trainable parameters:    4,352
[2026-04-02 13:57:29]   Training percentage:     23.9%
[2026-04-02 13:57:29]   Trainable layers: 4
[2026-04-02 13:57:29]     - final_layer.1.bias
[2026-04-02 13:57:29]     - final_layer.1.weight
[2026-04-02 13:57:29]     - spatial_conv.1.bias
[2026-04-02 13:57:29]     - spatial_conv.1.weight
[2026-04-02 13:57:29]     Train generator seeded: True
[2026-04-02 13:57:29]     Stopped epoch:            86
[2026-04-02 13:57:29]     Best epoch (valid_loss):  36
[2026-04-02 13:57:29]     Best valid_loss:          1.351995825767517
[2026-04-02 13:57:29]     Test accuracy (primary):  0.3000
[2026-04-02 13:57:29]     Test balanced acc:        0.3000
[2026-04-02 13:57:29]     Confusion matrix:         [[2, 0, 1, 2], [2, 0, 1, 2], [1, 0, 2, 2], [1, 1, 1, 2]]
[2026-04-02 13:57:29]     Prediction histogram:     [6, 1, 5, 8]
[2026-04-02 13:57:29]     fold_acc=0.3000 fold_bal_acc=0.3000 cm=[[2, 0, 1, 2], [2, 0, 1, 2], [1, 0, 2, 2], [1, 1, 1, 2]]
[2026-04-02 13:57:29]   Subject 54 Fold 3 seed: 5449
[2026-04-02 13:57:29]   Subject 54 Fold 3: n_train=64 n_val=16 n_test=20
[2026-04-02 13:57:29]     Train class counts: [16, 16, 16, 16]
[2026-04-02 13:57:29]     Val class counts:   [4, 4, 4, 4]
[2026-04-02 13:57:29]     Test class counts:  [5, 5, 5, 5]
[2026-04-02 13:57:29] Building model with input window duration: 4.1875 s
[2026-04-02 13:57:29] Pretrained weight loading:
[2026-04-02 13:57:29]   Downloaded keys:        179
[2026-04-02 13:57:29]   Filtered (transformer): 172
[2026-04-02 13:57:29]   Filtered (pos_encoder): 0
[2026-04-02 13:57:29]   Keys to load:           7
[2026-04-02 13:57:29]   Missing keys:           4
[2026-04-02 13:57:29]   Unexpected keys:        0
[2026-04-02 13:57:29]   Missing preview:        ['spatial_conv.1.weight', 'spatial_conv.1.bias', 'final_layer.1.weight', 'final_layer.1.bias']
[2026-04-02 13:57:29]   Unexpected preview:     []
[2026-04-02 13:57:29] Encoder freeze configuration:
[2026-04-02 13:57:29]   Total parameters:        18,192
[2026-04-02 13:57:29]   Trainable parameters:    4,352
[2026-04-02 13:57:29]   Training percentage:     23.9%
[2026-04-02 13:57:29]   Trainable layers: 4
[2026-04-02 13:57:29]     - final_layer.1.bias
[2026-04-02 13:57:29]     - final_layer.1.weight
[2026-04-02 13:57:29]     - spatial_conv.1.bias
[2026-04-02 13:57:29]     - spatial_conv.1.weight
[2026-04-02 13:57:29]     Train generator seeded: True
[2026-04-02 13:57:31]     Stopped epoch:            212
[2026-04-02 13:57:31]     Best epoch (valid_loss):  162
[2026-04-02 13:57:31]     Best valid_loss:          1.0116392374038696
[2026-04-02 13:57:31]     Test accuracy (primary):  0.7000
[2026-04-02 13:57:31]     Test balanced acc:        0.7000
[2026-04-02 13:57:31]     Confusion matrix:         [[4, 0, 1, 0], [0, 2, 0, 3], [0, 0, 3, 2], [0, 0, 0, 5]]
[2026-04-02 13:57:31]     Prediction histogram:     [4, 2, 4, 10]
[2026-04-02 13:57:31]     fold_acc=0.7000 fold_bal_acc=0.7000 cm=[[4, 0, 1, 0], [0, 2, 0, 3], [0, 0, 3, 2], [0, 0, 0, 5]]
[2026-04-02 13:57:31]   Subject 54 Fold 4 seed: 5450
[2026-04-02 13:57:31]   Subject 54 Fold 4: n_train=64 n_val=16 n_test=20
[2026-04-02 13:57:31]     Train class counts: [16, 16, 16, 16]
[2026-04-02 13:57:31]     Val class counts:   [4, 4, 4, 4]
[2026-04-02 13:57:31]     Test class counts:  [5, 5, 5, 5]
[2026-04-02 13:57:31] Building model with input window duration: 4.1875 s
[2026-04-02 13:57:31] Pretrained weight loading:
[2026-04-02 13:57:31]   Downloaded keys:        179
[2026-04-02 13:57:31]   Filtered (transformer): 172
[2026-04-02 13:57:31]   Filtered (pos_encoder): 0
[2026-04-02 13:57:31]   Keys to load:           7
[2026-04-02 13:57:31]   Missing keys:           4
[2026-04-02 13:57:31]   Unexpected keys:        0
[2026-04-02 13:57:31]   Missing preview:        ['spatial_conv.1.weight', 'spatial_conv.1.bias', 'final_layer.1.weight', 'final_layer.1.bias']
[2026-04-02 13:57:31]   Unexpected preview:     []
[2026-04-02 13:57:31] Encoder freeze configuration:
[2026-04-02 13:57:31]   Total parameters:        18,192
[2026-04-02 13:57:31]   Trainable parameters:    4,352
[2026-04-02 13:57:31]   Training percentage:     23.9%
[2026-04-02 13:57:31]   Trainable layers: 4
[2026-04-02 13:57:31]     - final_layer.1.bias
[2026-04-02 13:57:31]     - final_layer.1.weight
[2026-04-02 13:57:31]     - spatial_conv.1.bias
[2026-04-02 13:57:31]     - spatial_conv.1.weight
[2026-04-02 13:57:31]     Train generator seeded: True
[2026-04-02 13:57:33]     Stopped epoch:            157
[2026-04-02 13:57:33]     Best epoch (valid_loss):  107
[2026-04-02 13:57:33]     Best valid_loss:          1.2121005058288574
[2026-04-02 13:57:33]     Test accuracy (primary):  0.9000
[2026-04-02 13:57:33]     Test balanced acc:        0.9000
[2026-04-02 13:57:33]     Confusion matrix:         [[4, 0, 0, 1], [0, 5, 0, 0], [1, 0, 4, 0], [0, 0, 0, 5]]
[2026-04-02 13:57:33]     Prediction histogram:     [5, 5, 4, 6]
[2026-04-02 13:57:33]     fold_acc=0.9000 fold_bal_acc=0.9000 cm=[[4, 0, 0, 1], [0, 5, 0, 0], [1, 0, 4, 0], [0, 0, 0, 5]]
[2026-04-02 13:57:33]   Subject 54 Fold 5 seed: 5451
[2026-04-02 13:57:33]   Subject 54 Fold 5: n_train=64 n_val=16 n_test=20
[2026-04-02 13:57:33]     Train class counts: [16, 16, 16, 16]
[2026-04-02 13:57:33]     Val class counts:   [4, 4, 4, 4]
[2026-04-02 13:57:33]     Test class counts:  [5, 5, 5, 5]
[2026-04-02 13:57:33] Building model with input window duration: 4.1875 s
[2026-04-02 13:57:33] Pretrained weight loading:
[2026-04-02 13:57:33]   Downloaded keys:        179
[2026-04-02 13:57:33]   Filtered (transformer): 172
[2026-04-02 13:57:33]   Filtered (pos_encoder): 0
[2026-04-02 13:57:33]   Keys to load:           7
[2026-04-02 13:57:33]   Missing keys:           4
[2026-04-02 13:57:33]   Unexpected keys:        0
[2026-04-02 13:57:33]   Missing preview:        ['spatial_conv.1.weight', 'spatial_conv.1.bias', 'final_layer.1.weight', 'final_layer.1.bias']
[2026-04-02 13:57:33]   Unexpected preview:     []
[2026-04-02 13:57:33] Encoder freeze configuration:
[2026-04-02 13:57:33]   Total parameters:        18,192
[2026-04-02 13:57:33]   Trainable parameters:    4,352
[2026-04-02 13:57:33]   Training percentage:     23.9%
[2026-04-02 13:57:33]   Trainable layers: 4
[2026-04-02 13:57:33]     - final_layer.1.bias
[2026-04-02 13:57:33]     - final_layer.1.weight
[2026-04-02 13:57:33]     - spatial_conv.1.bias
[2026-04-02 13:57:33]     - spatial_conv.1.weight
[2026-04-02 13:57:33]     Train generator seeded: True
[2026-04-02 13:57:33]     Stopped epoch:            51
[2026-04-02 13:57:33]     Best epoch (valid_loss):  1
[2026-04-02 13:57:33]     Best valid_loss:          1.3929775953292847
[2026-04-02 13:57:33]     Test accuracy (primary):  0.4000
[2026-04-02 13:57:33]     Test balanced acc:        0.4000
[2026-04-02 13:57:33]     Confusion matrix:         [[2, 0, 2, 1], [2, 0, 3, 0], [1, 0, 4, 0], [1, 1, 1, 2]]
[2026-04-02 13:57:33]     Prediction histogram:     [6, 1, 10, 3]
[2026-04-02 13:57:33]     fold_acc=0.4000 fold_bal_acc=0.4000 cm=[[2, 0, 2, 1], [2, 0, 3, 0], [1, 0, 4, 0], [1, 1, 1, 2]]
[2026-04-02 13:57:33]   Subject 54 mean accuracy: 0.5800

[2026-04-02 13:57:33] Total folds completed: 35
[2026-04-02 13:58:33] ======================================================================
[2026-04-02 13:58:33] AGGREGATED RESULTS
[2026-04-02 13:58:33] ======================================================================
[2026-04-02 13:58:33]   Subject 48:  acc=0.9500±0.0447  bal_acc=0.9500±0.0447
[2026-04-02 13:58:33]   Subject 49:  acc=0.8500±0.0632  bal_acc=0.8500±0.0632
[2026-04-02 13:58:33]   Subject 50:  acc=0.9300±0.0400  bal_acc=0.9300±0.0400
[2026-04-02 13:58:33]   Subject 51:  acc=0.3300±0.1030  bal_acc=0.3300±0.1030
[2026-04-02 13:58:33]   Subject 52:  acc=0.9500±0.0447  bal_acc=0.9500±0.0447
[2026-04-02 13:58:33]   Subject 53:  acc=0.9600±0.0374  bal_acc=0.9600±0.0374
[2026-04-02 13:58:33]   Subject 54:  acc=0.5800±0.2135  bal_acc=0.5800±0.2135
[2026-04-02 13:58:33] ----------------------------------------------------------------------
[2026-04-02 13:58:33]   OVERALL:      acc=0.7929±0.2467  bal_acc=0.7929±0.2467
[2026-04-02 13:58:33] ======================================================================
[2026-04-02 13:58:33] CV results saved to:      /home/vegorov/Repos/eeg_jepa_research/artifacts/lee-2019-fine-tuning/SSVEP/20260402_1330_b1b682e6/cv_results.json
[2026-04-02 13:58:33] Subject metrics saved to: /home/vegorov/Repos/eeg_jepa_research/artifacts/lee-2019-fine-tuning/SSVEP/20260402_1330_b1b682e6/subject_metrics.json
[2026-04-02 13:58:33] Global metrics saved to:  /home/vegorov/Repos/eeg_jepa_research/artifacts/lee-2019-fine-tuning/SSVEP/20260402_1330_b1b682e6/global_metrics.json
[2026-04-02 13:58:33] Run metadata saved to:    /home/vegorov/Repos/eeg_jepa_research/artifacts/lee-2019-fine-tuning/SSVEP/20260402_1330_b1b682e6/run_metadata.json

[2026-04-02 13:58:33] All artifacts in: /home/vegorov/Repos/eeg_jepa_research/artifacts/lee-2019-fine-tuning/SSVEP/20260402_1330_b1b682e6

[2026-04-02 13:58:33] ======================================================================
[2026-04-02 13:58:33] EXPERIMENT SUMMARY
[2026-04-02 13:58:33] ======================================================================
[2026-04-02 13:58:33] Run ID:    20260402_1330_b1b682e6
[2026-04-02 13:58:33] Artifacts: /home/vegorov/Repos/eeg_jepa_research/artifacts/lee-2019-fine-tuning/SSVEP/20260402_1330_b1b682e6

[2026-04-02 13:58:33] Configuration:
[2026-04-02 13:58:33]   Subjects:          [48, 49, 50, 51, 52, 53, 54]
[2026-04-02 13:58:33]   Bandpass:          0.5-40.0 Hz
[2026-04-02 13:58:33]   Resample:          128 Hz
[2026-04-02 13:58:33]   CV folds:          5
[2026-04-02 13:58:33]   Learning rate:     None
[2026-04-02 13:58:33]   Batch size:        32
[2026-04-02 13:58:33]   Max epochs:        5000

[2026-04-02 13:58:33] Results:
[2026-04-02 13:58:33]   Mean Accuracy:          0.7929 ± 0.2467
[2026-04-02 13:58:33]   Mean Balanced Accuracy: 0.7929 ± 0.2467
