[2026-04-22 13:00:40] Using device: cpu
[2026-04-22 13:00:40] Seed control disabled (CONFIG['set_seed'] = False)
[2026-04-22 13:00:40] ======================================================================
[2026-04-22 13:00:40] CONFIGURATION
[2026-04-22 13:00:40] ======================================================================
[2026-04-22 13:00:40]   artifact_dir: /home/vegorov/Repos/eeg_jepa_research/artifacts/lee-2019-fine-tuning
[2026-04-22 13:00:40]   bandpass_high: 40.0
[2026-04-22 13:00:40]   bandpass_low: 0.5
[2026-04-22 13:00:40]   batch_size: 32
[2026-04-22 13:00:40]   cv_folds: 5
[2026-04-22 13:00:40]   early_stopping_patience: 50
[2026-04-22 13:00:40]   learning_rate: 0.001
[2026-04-22 13:00:40]   model_name: SignalJEPA_PreLocal
[2026-04-22 13:00:40]   n_epochs: 5000
[2026-04-22 13:00:40]   paradigm: MI
[2026-04-22 13:00:40]   seed: 12
[2026-04-22 13:00:40]   set_seed: False
[2026-04-22 13:00:40]   sfreq: 128
[2026-04-22 13:00:40]   strategy: new
[2026-04-22 13:00:40]   subjects_to_use: None
[2026-04-22 13:00:40]   val_split: 0.2
[2026-04-22 13:00:40]   warmup_epochs: 10
[2026-04-22 13:00:40] ======================================================================
[2026-04-22 13:00:40] Config saved to: /home/vegorov/Repos/eeg_jepa_research/artifacts/lee-2019-fine-tuning/MI/20260422_1300_5f2d062a/config.json
[2026-04-22 13:00:40] Epoch window configuration:
[2026-04-22 13:00:40]   Target sfreq:                128 Hz
[2026-04-22 13:00:40]   Requested duration:          4.20 s
[2026-04-22 13:00:40]   Expected window samples:     537

[2026-04-22 13:00:40] Preprocessed concat dataset exists: False (checked at: /home/vegorov/Repos/eeg_jepa_research/preprocessed_concat_datasets/MI_subjects_48_49_50_51_52_53_54)

[2026-04-22 13:00:40] Building MOABBDataset for Lee2019_MI...
[2026-04-22 13:00:40]   Paradigm:       MI
[2026-04-22 13:00:40]   Subject IDs:    [48, 49, 50, 51, 52, 53, 54]
[2026-04-22 13:01:57]   Recordings loaded: 14
[2026-04-22 13:01:57]   Labels: [np.str_('left_hand'), np.str_('right_hand')]
[2026-04-22 13:02:04] Applying Braindecode preprocessors to MOABBDataset...
[2026-04-22 13:02:32] Saved preprocessed raw concat dataset to: /home/vegorov/Repos/eeg_jepa_research/preprocessed_concat_datasets/MI_subjects_48_49_50_51_52_53_54
[2026-04-22 13:02:32] Saved preprocessed raw concat dataset to: /home/vegorov/Repos/eeg_jepa_research/preprocessed_concat_datasets/MI_subjects_48_49_50_51_52_53_54
[2026-04-22 13:02:33] Loaded raw concat dataset from: /home/vegorov/Repos/eeg_jepa_research/preprocessed_concat_datasets/MI_subjects_48_49_50_51_52_53_54

[2026-04-22 13:02:33] Post-load raw validation
[2026-04-22 13:02:33]   Recordings in LOADED_DATASET:   14
[2026-04-22 13:02:33]   Unique subject IDs:             ['48', '49', '50', '51', '52', '53', '54']
[2026-04-22 13:02:33]   sfreq (first rec):              128.0 Hz
[2026-04-22 13:02:33]   EEG channel count:              62
[2026-04-22 13:02:33] Window shape: (62, 537)
[2026-04-22 13:02:33] Window sample length expected=537, got=537
[2026-04-22 13:02:33] Global class counts: [700, 700]
[2026-04-22 13:02:33] Chance level (2-class): 0.50
[2026-04-22 13:02:33] Summarizing per-subject windows...
[2026-04-22 13:02:33]   Subject 48: n_windows=200, window_shape=(62, 537), class_counts=[100, 100]
[2026-04-22 13:02:33]   Subject 49: n_windows=200, window_shape=(62, 537), class_counts=[100, 100]
[2026-04-22 13:02:33]   Subject 50: n_windows=200, window_shape=(62, 537), class_counts=[100, 100]
[2026-04-22 13:02:33]   Subject 51: n_windows=200, window_shape=(62, 537), class_counts=[100, 100]
[2026-04-22 13:02:33]   Subject 52: n_windows=200, window_shape=(62, 537), class_counts=[100, 100]
[2026-04-22 13:02:33]   Subject 53: n_windows=200, window_shape=(62, 537), class_counts=[100, 100]
[2026-04-22 13:02:33]   Subject 54: n_windows=200, window_shape=(62, 537), class_counts=[100, 100]
[2026-04-22 13:02:34] SignalJEPA_PreLocal instantiated successfully from braindecode/signal-jepa_without-chans.
[2026-04-22 13:02:34]   Total parameters:     16,142
[2026-04-22 13:02:34]   Trainable parameters: 16,142
[2026-04-22 13:02:34] ======================================================================
[2026-04-22 13:02:34] STARTING CROSS-VALIDATION
[2026-04-22 13:02:34] ======================================================================
[2026-04-22 13:02:34] Subjects:      [48, 49, 50, 51, 52, 53, 54]
[2026-04-22 13:02:34] Paradigm:      MI
[2026-04-22 13:02:34] Model:         SignalJEPA_PreLocal
[2026-04-22 13:02:34] Strategy:      new
[2026-04-22 13:02:34] Warm-up epochs:10
[2026-04-22 13:02:34] CV folds:      5
[2026-04-22 13:02:34] Batch size:    32
[2026-04-22 13:02:34] Learning rate: 0.001
[2026-04-22 13:02:34] Max epochs:    5000
[2026-04-22 13:02:34] Device:        cpu
[2026-04-22 13:02:34] Seed control:  False
[2026-04-22 13:02:34] CV seed:       12
[2026-04-22 13:02:34] ======================================================================

[2026-04-22 13:02:34] Subject 48: 200 windows | class_counts=[100, 100]
[2026-04-22 13:02:35]     Downstream model:        SignalJEPA_PreLocal
[2026-04-22 13:02:35]     Fine-tune strategy:      new
[2026-04-22 13:02:35]     Pretrained loading path: from_pretrained
[2026-04-22 13:02:35]     Pretrained repo:         braindecode/signal-jepa_without-chans
[2026-04-22 13:02:35]       Trainable groups: ['spatial_conv.', 'final_layer.']
[2026-04-22 13:02:35]       Total params:     16,142
[2026-04-22 13:02:35]       Trainable params: 2,302
[2026-04-22 13:02:35]       Trainable pct:    14.26%
[2026-04-22 13:02:35]       Trainable parameter names: ['spatial_conv.1.weight', 'spatial_conv.1.bias', 'final_layer.1.weight', 'final_layer.1.bias']
[2026-04-22 13:02:39]   Fold 1/5 | best_epoch=171 | stop=221 | val_loss=0.5577 | acc=0.5500 | bal_acc=0.5500 | roc_auc=N/A
[2026-04-22 13:02:39]     Downstream model:        SignalJEPA_PreLocal
[2026-04-22 13:02:39]     Fine-tune strategy:      new
[2026-04-22 13:02:39]     Pretrained loading path: from_pretrained
[2026-04-22 13:02:39]     Pretrained repo:         braindecode/signal-jepa_without-chans
[2026-04-22 13:02:39]       Trainable groups: ['spatial_conv.', 'final_layer.']
[2026-04-22 13:02:39]       Total params:     16,142
[2026-04-22 13:02:39]       Trainable params: 2,302
[2026-04-22 13:02:39]       Trainable pct:    14.26%
[2026-04-22 13:02:39]       Trainable parameter names: ['spatial_conv.1.weight', 'spatial_conv.1.bias', 'final_layer.1.weight', 'final_layer.1.bias']
[2026-04-22 13:02:41]   Fold 2/5 | best_epoch=42 | stop=92 | val_loss=0.6749 | acc=0.5250 | bal_acc=0.5250 | roc_auc=N/A
[2026-04-22 13:02:41]     Downstream model:        SignalJEPA_PreLocal
[2026-04-22 13:02:41]     Fine-tune strategy:      new
[2026-04-22 13:02:41]     Pretrained loading path: from_pretrained
[2026-04-22 13:02:41]     Pretrained repo:         braindecode/signal-jepa_without-chans
[2026-04-22 13:02:41]       Trainable groups: ['spatial_conv.', 'final_layer.']
[2026-04-22 13:02:41]       Total params:     16,142
[2026-04-22 13:02:41]       Trainable params: 2,302
[2026-04-22 13:02:41]       Trainable pct:    14.26%
[2026-04-22 13:02:41]       Trainable parameter names: ['spatial_conv.1.weight', 'spatial_conv.1.bias', 'final_layer.1.weight', 'final_layer.1.bias']
[2026-04-22 13:02:42]   Fold 3/5 | best_epoch=19 | stop=69 | val_loss=0.6917 | acc=0.4750 | bal_acc=0.4750 | roc_auc=N/A
[2026-04-22 13:02:43]     Downstream model:        SignalJEPA_PreLocal
[2026-04-22 13:02:43]     Fine-tune strategy:      new
[2026-04-22 13:02:43]     Pretrained loading path: from_pretrained
[2026-04-22 13:02:43]     Pretrained repo:         braindecode/signal-jepa_without-chans
[2026-04-22 13:02:43]       Trainable groups: ['spatial_conv.', 'final_layer.']
[2026-04-22 13:02:43]       Total params:     16,142
[2026-04-22 13:02:43]       Trainable params: 2,302
[2026-04-22 13:02:43]       Trainable pct:    14.26%
[2026-04-22 13:02:43]       Trainable parameter names: ['spatial_conv.1.weight', 'spatial_conv.1.bias', 'final_layer.1.weight', 'final_layer.1.bias']
[2026-04-22 13:02:44]   Fold 4/5 | best_epoch=56 | stop=106 | val_loss=0.6577 | acc=0.6000 | bal_acc=0.6000 | roc_auc=N/A
[2026-04-22 13:02:45]     Downstream model:        SignalJEPA_PreLocal
[2026-04-22 13:02:45]     Fine-tune strategy:      new
[2026-04-22 13:02:45]     Pretrained loading path: from_pretrained
[2026-04-22 13:02:45]     Pretrained repo:         braindecode/signal-jepa_without-chans
[2026-04-22 13:02:45]       Trainable groups: ['spatial_conv.', 'final_layer.']
[2026-04-22 13:02:45]       Total params:     16,142
[2026-04-22 13:02:45]       Trainable params: 2,302
[2026-04-22 13:02:45]       Trainable pct:    14.26%
[2026-04-22 13:02:45]       Trainable parameter names: ['spatial_conv.1.weight', 'spatial_conv.1.bias', 'final_layer.1.weight', 'final_layer.1.bias']
[2026-04-22 13:02:46]   Fold 5/5 | best_epoch=10 | stop=58 | val_loss=0.6900 | acc=0.6000 | bal_acc=0.6000 | roc_auc=N/A
[2026-04-22 13:02:46]   Subject 48 summary: acc=0.5500±0.0474  bal_acc=0.5500±0.0474  roc_auc=N/A

[2026-04-22 13:02:46] Subject 49: 200 windows | class_counts=[100, 100]
[2026-04-22 13:02:46]     Downstream model:        SignalJEPA_PreLocal
[2026-04-22 13:02:46]     Fine-tune strategy:      new
[2026-04-22 13:02:46]     Pretrained loading path: from_pretrained
[2026-04-22 13:02:46]     Pretrained repo:         braindecode/signal-jepa_without-chans
[2026-04-22 13:02:46]       Trainable groups: ['spatial_conv.', 'final_layer.']
[2026-04-22 13:02:46]       Total params:     16,142
[2026-04-22 13:02:46]       Trainable params: 2,302
[2026-04-22 13:02:46]       Trainable pct:    14.26%
[2026-04-22 13:02:46]       Trainable parameter names: ['spatial_conv.1.weight', 'spatial_conv.1.bias', 'final_layer.1.weight', 'final_layer.1.bias']
[2026-04-22 13:02:51]   Fold 1/5 | best_epoch=201 | stop=251 | val_loss=0.4460 | acc=0.6250 | bal_acc=0.6250 | roc_auc=N/A
[2026-04-22 13:02:51]     Downstream model:        SignalJEPA_PreLocal
[2026-04-22 13:02:51]     Fine-tune strategy:      new
[2026-04-22 13:02:51]     Pretrained loading path: from_pretrained
[2026-04-22 13:02:51]     Pretrained repo:         braindecode/signal-jepa_without-chans
[2026-04-22 13:02:51]       Trainable groups: ['spatial_conv.', 'final_layer.']
[2026-04-22 13:02:51]       Total params:     16,142
[2026-04-22 13:02:51]       Trainable params: 2,302
[2026-04-22 13:02:51]       Trainable pct:    14.26%
[2026-04-22 13:02:51]       Trainable parameter names: ['spatial_conv.1.weight', 'spatial_conv.1.bias', 'final_layer.1.weight', 'final_layer.1.bias']
[2026-04-22 13:02:53]   Fold 2/5 | best_epoch=80 | stop=130 | val_loss=0.6096 | acc=0.7250 | bal_acc=0.7250 | roc_auc=N/A
[2026-04-22 13:02:54]     Downstream model:        SignalJEPA_PreLocal
[2026-04-22 13:02:54]     Fine-tune strategy:      new
[2026-04-22 13:02:54]     Pretrained loading path: from_pretrained
[2026-04-22 13:02:54]     Pretrained repo:         braindecode/signal-jepa_without-chans
[2026-04-22 13:02:54]       Trainable groups: ['spatial_conv.', 'final_layer.']
[2026-04-22 13:02:54]       Total params:     16,142
[2026-04-22 13:02:54]       Trainable params: 2,302
[2026-04-22 13:02:54]       Trainable pct:    14.26%
[2026-04-22 13:02:54]       Trainable parameter names: ['spatial_conv.1.weight', 'spatial_conv.1.bias', 'final_layer.1.weight', 'final_layer.1.bias']
[2026-04-22 13:02:56]   Fold 3/5 | best_epoch=73 | stop=123 | val_loss=0.6174 | acc=0.6250 | bal_acc=0.6250 | roc_auc=N/A
[2026-04-22 13:02:56]     Downstream model:        SignalJEPA_PreLocal
[2026-04-22 13:02:56]     Fine-tune strategy:      new
[2026-04-22 13:02:56]     Pretrained loading path: from_pretrained
[2026-04-22 13:02:56]     Pretrained repo:         braindecode/signal-jepa_without-chans
[2026-04-22 13:02:56]       Trainable groups: ['spatial_conv.', 'final_layer.']
[2026-04-22 13:02:56]       Total params:     16,142
[2026-04-22 13:02:56]       Trainable params: 2,302
[2026-04-22 13:02:56]       Trainable pct:    14.26%
[2026-04-22 13:02:56]       Trainable parameter names: ['spatial_conv.1.weight', 'spatial_conv.1.bias', 'final_layer.1.weight', 'final_layer.1.bias']
[2026-04-22 13:02:59]   Fold 4/5 | best_epoch=119 | stop=169 | val_loss=0.6305 | acc=0.6750 | bal_acc=0.6750 | roc_auc=N/A
[2026-04-22 13:03:00]     Downstream model:        SignalJEPA_PreLocal
[2026-04-22 13:03:00]     Fine-tune strategy:      new
[2026-04-22 13:03:00]     Pretrained loading path: from_pretrained
[2026-04-22 13:03:00]     Pretrained repo:         braindecode/signal-jepa_without-chans
[2026-04-22 13:03:00]       Trainable groups: ['spatial_conv.', 'final_layer.']
[2026-04-22 13:03:00]       Total params:     16,142
[2026-04-22 13:03:00]       Trainable params: 2,302
[2026-04-22 13:03:00]       Trainable pct:    14.26%
[2026-04-22 13:03:00]       Trainable parameter names: ['spatial_conv.1.weight', 'spatial_conv.1.bias', 'final_layer.1.weight', 'final_layer.1.bias']
[2026-04-22 13:03:02]   Fold 5/5 | best_epoch=80 | stop=130 | val_loss=0.5582 | acc=0.7250 | bal_acc=0.7250 | roc_auc=N/A
[2026-04-22 13:03:02]   Subject 49 summary: acc=0.6750±0.0447  bal_acc=0.6750±0.0447  roc_auc=N/A

[2026-04-22 13:03:02] Subject 50: 200 windows | class_counts=[100, 100]
[2026-04-22 13:03:03]     Downstream model:        SignalJEPA_PreLocal
[2026-04-22 13:03:03]     Fine-tune strategy:      new
[2026-04-22 13:03:03]     Pretrained loading path: from_pretrained
[2026-04-22 13:03:03]     Pretrained repo:         braindecode/signal-jepa_without-chans
[2026-04-22 13:03:03]       Trainable groups: ['spatial_conv.', 'final_layer.']
[2026-04-22 13:03:03]       Total params:     16,142
[2026-04-22 13:03:03]       Trainable params: 2,302
[2026-04-22 13:03:03]       Trainable pct:    14.26%
[2026-04-22 13:03:03]       Trainable parameter names: ['spatial_conv.1.weight', 'spatial_conv.1.bias', 'final_layer.1.weight', 'final_layer.1.bias']
[2026-04-22 13:03:05]   Fold 1/5 | best_epoch=92 | stop=142 | val_loss=0.6732 | acc=0.5250 | bal_acc=0.5250 | roc_auc=N/A
[2026-04-22 13:03:05]     Downstream model:        SignalJEPA_PreLocal
[2026-04-22 13:03:05]     Fine-tune strategy:      new
[2026-04-22 13:03:05]     Pretrained loading path: from_pretrained
[2026-04-22 13:03:05]     Pretrained repo:         braindecode/signal-jepa_without-chans
[2026-04-22 13:03:05]       Trainable groups: ['spatial_conv.', 'final_layer.']
[2026-04-22 13:03:05]       Total params:     16,142
[2026-04-22 13:03:05]       Trainable params: 2,302
[2026-04-22 13:03:05]       Trainable pct:    14.26%
[2026-04-22 13:03:05]       Trainable parameter names: ['spatial_conv.1.weight', 'spatial_conv.1.bias', 'final_layer.1.weight', 'final_layer.1.bias']
[2026-04-22 13:03:06]   Fold 2/5 | best_epoch=1 | stop=51 | val_loss=0.6925 | acc=0.5000 | bal_acc=0.5000 | roc_auc=N/A
[2026-04-22 13:03:07]     Downstream model:        SignalJEPA_PreLocal
[2026-04-22 13:03:07]     Fine-tune strategy:      new
[2026-04-22 13:03:07]     Pretrained loading path: from_pretrained
[2026-04-22 13:03:07]     Pretrained repo:         braindecode/signal-jepa_without-chans
[2026-04-22 13:03:07]       Trainable groups: ['spatial_conv.', 'final_layer.']
[2026-04-22 13:03:07]       Total params:     16,142
[2026-04-22 13:03:07]       Trainable params: 2,302
[2026-04-22 13:03:07]       Trainable pct:    14.26%
[2026-04-22 13:03:07]       Trainable parameter names: ['spatial_conv.1.weight', 'spatial_conv.1.bias', 'final_layer.1.weight', 'final_layer.1.bias']
[2026-04-22 13:03:09]   Fold 3/5 | best_epoch=75 | stop=125 | val_loss=0.6786 | acc=0.6250 | bal_acc=0.6250 | roc_auc=N/A
[2026-04-22 13:03:09]     Downstream model:        SignalJEPA_PreLocal
[2026-04-22 13:03:09]     Fine-tune strategy:      new
[2026-04-22 13:03:09]     Pretrained loading path: from_pretrained
[2026-04-22 13:03:09]     Pretrained repo:         braindecode/signal-jepa_without-chans
[2026-04-22 13:03:09]       Trainable groups: ['spatial_conv.', 'final_layer.']
[2026-04-22 13:03:09]       Total params:     16,142
[2026-04-22 13:03:09]       Trainable params: 2,302
[2026-04-22 13:03:09]       Trainable pct:    14.26%
[2026-04-22 13:03:09]       Trainable parameter names: ['spatial_conv.1.weight', 'spatial_conv.1.bias', 'final_layer.1.weight', 'final_layer.1.bias']
[2026-04-22 13:03:10]   Fold 4/5 | best_epoch=4 | stop=51 | val_loss=0.6926 | acc=0.4250 | bal_acc=0.4250 | roc_auc=N/A
[2026-04-22 13:03:11]     Downstream model:        SignalJEPA_PreLocal
[2026-04-22 13:03:11]     Fine-tune strategy:      new
[2026-04-22 13:03:11]     Pretrained loading path: from_pretrained
[2026-04-22 13:03:11]     Pretrained repo:         braindecode/signal-jepa_without-chans
[2026-04-22 13:03:11]       Trainable groups: ['spatial_conv.', 'final_layer.']
[2026-04-22 13:03:11]       Total params:     16,142
[2026-04-22 13:03:11]       Trainable params: 2,302
[2026-04-22 13:03:11]       Trainable pct:    14.26%
[2026-04-22 13:03:11]       Trainable parameter names: ['spatial_conv.1.weight', 'spatial_conv.1.bias', 'final_layer.1.weight', 'final_layer.1.bias']
[2026-04-22 13:03:11]   Fold 5/5 | best_epoch=1 | stop=51 | val_loss=0.6929 | acc=0.5000 | bal_acc=0.5000 | roc_auc=N/A
[2026-04-22 13:03:11]   Subject 50 summary: acc=0.5150±0.0644  bal_acc=0.5150±0.0644  roc_auc=N/A

[2026-04-22 13:03:11] Subject 51: 200 windows | class_counts=[100, 100]
[2026-04-22 13:03:12]     Downstream model:        SignalJEPA_PreLocal
[2026-04-22 13:03:12]     Fine-tune strategy:      new
[2026-04-22 13:03:12]     Pretrained loading path: from_pretrained
[2026-04-22 13:03:12]     Pretrained repo:         braindecode/signal-jepa_without-chans
[2026-04-22 13:03:12]       Trainable groups: ['spatial_conv.', 'final_layer.']
[2026-04-22 13:03:12]       Total params:     16,142
[2026-04-22 13:03:12]       Trainable params: 2,302
[2026-04-22 13:03:12]       Trainable pct:    14.26%
[2026-04-22 13:03:12]       Trainable parameter names: ['spatial_conv.1.weight', 'spatial_conv.1.bias', 'final_layer.1.weight', 'final_layer.1.bias']
[2026-04-22 13:03:14]   Fold 1/5 | best_epoch=70 | stop=120 | val_loss=0.6356 | acc=0.6250 | bal_acc=0.6250 | roc_auc=N/A
[2026-04-22 13:03:14]     Downstream model:        SignalJEPA_PreLocal
[2026-04-22 13:03:14]     Fine-tune strategy:      new
[2026-04-22 13:03:14]     Pretrained loading path: from_pretrained
[2026-04-22 13:03:14]     Pretrained repo:         braindecode/signal-jepa_without-chans
[2026-04-22 13:03:14]       Trainable groups: ['spatial_conv.', 'final_layer.']
[2026-04-22 13:03:14]       Total params:     16,142
[2026-04-22 13:03:14]       Trainable params: 2,302
[2026-04-22 13:03:14]       Trainable pct:    14.26%
[2026-04-22 13:03:14]       Trainable parameter names: ['spatial_conv.1.weight', 'spatial_conv.1.bias', 'final_layer.1.weight', 'final_layer.1.bias']
[2026-04-22 13:03:16]   Fold 2/5 | best_epoch=37 | stop=87 | val_loss=0.6826 | acc=0.4500 | bal_acc=0.4500 | roc_auc=N/A
[2026-04-22 13:03:16]     Downstream model:        SignalJEPA_PreLocal
[2026-04-22 13:03:16]     Fine-tune strategy:      new
[2026-04-22 13:03:16]     Pretrained loading path: from_pretrained
[2026-04-22 13:03:16]     Pretrained repo:         braindecode/signal-jepa_without-chans
[2026-04-22 13:03:16]       Trainable groups: ['spatial_conv.', 'final_layer.']
[2026-04-22 13:03:16]       Total params:     16,142
[2026-04-22 13:03:16]       Trainable params: 2,302
[2026-04-22 13:03:16]       Trainable pct:    14.26%
[2026-04-22 13:03:16]       Trainable parameter names: ['spatial_conv.1.weight', 'spatial_conv.1.bias', 'final_layer.1.weight', 'final_layer.1.bias']
[2026-04-22 13:03:17]   Fold 3/5 | best_epoch=1 | stop=51 | val_loss=0.6938 | acc=0.4750 | bal_acc=0.4750 | roc_auc=N/A
[2026-04-22 13:03:18]     Downstream model:        SignalJEPA_PreLocal
[2026-04-22 13:03:18]     Fine-tune strategy:      new
[2026-04-22 13:03:18]     Pretrained loading path: from_pretrained
[2026-04-22 13:03:18]     Pretrained repo:         braindecode/signal-jepa_without-chans
[2026-04-22 13:03:18]       Trainable groups: ['spatial_conv.', 'final_layer.']
[2026-04-22 13:03:18]       Total params:     16,142
[2026-04-22 13:03:18]       Trainable params: 2,302
[2026-04-22 13:03:18]       Trainable pct:    14.26%
[2026-04-22 13:03:18]       Trainable parameter names: ['spatial_conv.1.weight', 'spatial_conv.1.bias', 'final_layer.1.weight', 'final_layer.1.bias']
[2026-04-22 13:03:19]   Fold 4/5 | best_epoch=36 | stop=86 | val_loss=0.6795 | acc=0.5000 | bal_acc=0.5000 | roc_auc=N/A
[2026-04-22 13:03:20]     Downstream model:        SignalJEPA_PreLocal
[2026-04-22 13:03:20]     Fine-tune strategy:      new
[2026-04-22 13:03:20]     Pretrained loading path: from_pretrained
[2026-04-22 13:03:20]     Pretrained repo:         braindecode/signal-jepa_without-chans
[2026-04-22 13:03:20]       Trainable groups: ['spatial_conv.', 'final_layer.']
[2026-04-22 13:03:20]       Total params:     16,142
[2026-04-22 13:03:20]       Trainable params: 2,302
[2026-04-22 13:03:20]       Trainable pct:    14.26%
[2026-04-22 13:03:20]       Trainable parameter names: ['spatial_conv.1.weight', 'spatial_conv.1.bias', 'final_layer.1.weight', 'final_layer.1.bias']
[2026-04-22 13:03:20]   Fold 5/5 | best_epoch=4 | stop=54 | val_loss=0.6947 | acc=0.5250 | bal_acc=0.5250 | roc_auc=N/A
[2026-04-22 13:03:20]   Subject 51 summary: acc=0.5150±0.0604  bal_acc=0.5150±0.0604  roc_auc=N/A

[2026-04-22 13:03:20] Subject 52: 200 windows | class_counts=[100, 100]
[2026-04-22 13:03:21]     Downstream model:        SignalJEPA_PreLocal
[2026-04-22 13:03:21]     Fine-tune strategy:      new
[2026-04-22 13:03:21]     Pretrained loading path: from_pretrained
[2026-04-22 13:03:21]     Pretrained repo:         braindecode/signal-jepa_without-chans
[2026-04-22 13:03:21]       Trainable groups: ['spatial_conv.', 'final_layer.']
[2026-04-22 13:03:21]       Total params:     16,142
[2026-04-22 13:03:21]       Trainable params: 2,302
[2026-04-22 13:03:21]       Trainable pct:    14.26%
[2026-04-22 13:03:21]       Trainable parameter names: ['spatial_conv.1.weight', 'spatial_conv.1.bias', 'final_layer.1.weight', 'final_layer.1.bias']
[2026-04-22 13:03:25]   Fold 1/5 | best_epoch=183 | stop=233 | val_loss=0.5675 | acc=0.6000 | bal_acc=0.6000 | roc_auc=N/A
[2026-04-22 13:03:25]     Downstream model:        SignalJEPA_PreLocal
[2026-04-22 13:03:25]     Fine-tune strategy:      new
[2026-04-22 13:03:25]     Pretrained loading path: from_pretrained
[2026-04-22 13:03:25]     Pretrained repo:         braindecode/signal-jepa_without-chans
[2026-04-22 13:03:25]       Trainable groups: ['spatial_conv.', 'final_layer.']
[2026-04-22 13:03:25]       Total params:     16,142
[2026-04-22 13:03:25]       Trainable params: 2,302
[2026-04-22 13:03:25]       Trainable pct:    14.26%
[2026-04-22 13:03:25]       Trainable parameter names: ['spatial_conv.1.weight', 'spatial_conv.1.bias', 'final_layer.1.weight', 'final_layer.1.bias']
[2026-04-22 13:03:27]   Fold 2/5 | best_epoch=51 | stop=101 | val_loss=0.6681 | acc=0.6750 | bal_acc=0.6750 | roc_auc=N/A
[2026-04-22 13:03:28]     Downstream model:        SignalJEPA_PreLocal
[2026-04-22 13:03:28]     Fine-tune strategy:      new
[2026-04-22 13:03:28]     Pretrained loading path: from_pretrained
[2026-04-22 13:03:28]     Pretrained repo:         braindecode/signal-jepa_without-chans
[2026-04-22 13:03:28]       Trainable groups: ['spatial_conv.', 'final_layer.']
[2026-04-22 13:03:28]       Total params:     16,142
[2026-04-22 13:03:28]       Trainable params: 2,302
[2026-04-22 13:03:28]       Trainable pct:    14.26%
[2026-04-22 13:03:28]       Trainable parameter names: ['spatial_conv.1.weight', 'spatial_conv.1.bias', 'final_layer.1.weight', 'final_layer.1.bias']
[2026-04-22 13:03:29]   Fold 3/5 | best_epoch=52 | stop=102 | val_loss=0.6352 | acc=0.6000 | bal_acc=0.6000 | roc_auc=N/A
[2026-04-22 13:03:30]     Downstream model:        SignalJEPA_PreLocal
[2026-04-22 13:03:30]     Fine-tune strategy:      new
[2026-04-22 13:03:30]     Pretrained loading path: from_pretrained
[2026-04-22 13:03:30]     Pretrained repo:         braindecode/signal-jepa_without-chans
[2026-04-22 13:03:30]       Trainable groups: ['spatial_conv.', 'final_layer.']
[2026-04-22 13:03:30]       Total params:     16,142
[2026-04-22 13:03:30]       Trainable params: 2,302
[2026-04-22 13:03:30]       Trainable pct:    14.26%
[2026-04-22 13:03:30]       Trainable parameter names: ['spatial_conv.1.weight', 'spatial_conv.1.bias', 'final_layer.1.weight', 'final_layer.1.bias']
[2026-04-22 13:03:33]   Fold 4/5 | best_epoch=176 | stop=226 | val_loss=0.5212 | acc=0.7500 | bal_acc=0.7500 | roc_auc=N/A
[2026-04-22 13:03:34]     Downstream model:        SignalJEPA_PreLocal
[2026-04-22 13:03:34]     Fine-tune strategy:      new
[2026-04-22 13:03:34]     Pretrained loading path: from_pretrained
[2026-04-22 13:03:34]     Pretrained repo:         braindecode/signal-jepa_without-chans
[2026-04-22 13:03:34]       Trainable groups: ['spatial_conv.', 'final_layer.']
[2026-04-22 13:03:34]       Total params:     16,142
[2026-04-22 13:03:34]       Trainable params: 2,302
[2026-04-22 13:03:34]       Trainable pct:    14.26%
[2026-04-22 13:03:34]       Trainable parameter names: ['spatial_conv.1.weight', 'spatial_conv.1.bias', 'final_layer.1.weight', 'final_layer.1.bias']
[2026-04-22 13:03:35]   Fold 5/5 | best_epoch=1 | stop=51 | val_loss=0.6932 | acc=0.5000 | bal_acc=0.5000 | roc_auc=N/A
[2026-04-22 13:03:35]   Subject 52 summary: acc=0.6250±0.0837  bal_acc=0.6250±0.0837  roc_auc=N/A

[2026-04-22 13:03:35] Subject 53: 200 windows | class_counts=[100, 100]
[2026-04-22 13:03:35]     Downstream model:        SignalJEPA_PreLocal
[2026-04-22 13:03:35]     Fine-tune strategy:      new
[2026-04-22 13:03:35]     Pretrained loading path: from_pretrained
[2026-04-22 13:03:35]     Pretrained repo:         braindecode/signal-jepa_without-chans
[2026-04-22 13:03:35]       Trainable groups: ['spatial_conv.', 'final_layer.']
[2026-04-22 13:03:35]       Total params:     16,142
[2026-04-22 13:03:35]       Trainable params: 2,302
[2026-04-22 13:03:35]       Trainable pct:    14.26%
[2026-04-22 13:03:35]       Trainable parameter names: ['spatial_conv.1.weight', 'spatial_conv.1.bias', 'final_layer.1.weight', 'final_layer.1.bias']
[2026-04-22 13:03:37]   Fold 1/5 | best_epoch=69 | stop=118 | val_loss=0.6605 | acc=0.7000 | bal_acc=0.7000 | roc_auc=N/A
[2026-04-22 13:03:38]     Downstream model:        SignalJEPA_PreLocal
[2026-04-22 13:03:38]     Fine-tune strategy:      new
[2026-04-22 13:03:38]     Pretrained loading path: from_pretrained
[2026-04-22 13:03:38]     Pretrained repo:         braindecode/signal-jepa_without-chans
[2026-04-22 13:03:38]       Trainable groups: ['spatial_conv.', 'final_layer.']
[2026-04-22 13:03:38]       Total params:     16,142
[2026-04-22 13:03:38]       Trainable params: 2,302
[2026-04-22 13:03:38]       Trainable pct:    14.26%
[2026-04-22 13:03:38]       Trainable parameter names: ['spatial_conv.1.weight', 'spatial_conv.1.bias', 'final_layer.1.weight', 'final_layer.1.bias']
[2026-04-22 13:03:40]   Fold 2/5 | best_epoch=123 | stop=173 | val_loss=0.6313 | acc=0.7500 | bal_acc=0.7500 | roc_auc=N/A
[2026-04-22 13:03:41]     Downstream model:        SignalJEPA_PreLocal
[2026-04-22 13:03:41]     Fine-tune strategy:      new
[2026-04-22 13:03:41]     Pretrained loading path: from_pretrained
[2026-04-22 13:03:41]     Pretrained repo:         braindecode/signal-jepa_without-chans
[2026-04-22 13:03:41]       Trainable groups: ['spatial_conv.', 'final_layer.']
[2026-04-22 13:03:41]       Total params:     16,142
[2026-04-22 13:03:41]       Trainable params: 2,302
[2026-04-22 13:03:41]       Trainable pct:    14.26%
[2026-04-22 13:03:41]       Trainable parameter names: ['spatial_conv.1.weight', 'spatial_conv.1.bias', 'final_layer.1.weight', 'final_layer.1.bias']
[2026-04-22 13:03:46]   Fold 3/5 | best_epoch=260 | stop=310 | val_loss=0.5711 | acc=0.5750 | bal_acc=0.5750 | roc_auc=N/A
[2026-04-22 13:03:46]     Downstream model:        SignalJEPA_PreLocal
[2026-04-22 13:03:46]     Fine-tune strategy:      new
[2026-04-22 13:03:46]     Pretrained loading path: from_pretrained
[2026-04-22 13:03:46]     Pretrained repo:         braindecode/signal-jepa_without-chans
[2026-04-22 13:03:46]       Trainable groups: ['spatial_conv.', 'final_layer.']
[2026-04-22 13:03:46]       Total params:     16,142
[2026-04-22 13:03:46]       Trainable params: 2,302
[2026-04-22 13:03:46]       Trainable pct:    14.26%
[2026-04-22 13:03:46]       Trainable parameter names: ['spatial_conv.1.weight', 'spatial_conv.1.bias', 'final_layer.1.weight', 'final_layer.1.bias']
[2026-04-22 13:03:48]   Fold 4/5 | best_epoch=66 | stop=116 | val_loss=0.6543 | acc=0.7750 | bal_acc=0.7750 | roc_auc=N/A
[2026-04-22 13:03:49]     Downstream model:        SignalJEPA_PreLocal
[2026-04-22 13:03:49]     Fine-tune strategy:      new
[2026-04-22 13:03:49]     Pretrained loading path: from_pretrained
[2026-04-22 13:03:49]     Pretrained repo:         braindecode/signal-jepa_without-chans
[2026-04-22 13:03:49]       Trainable groups: ['spatial_conv.', 'final_layer.']
[2026-04-22 13:03:49]       Total params:     16,142
[2026-04-22 13:03:49]       Trainable params: 2,302
[2026-04-22 13:03:49]       Trainable pct:    14.26%
[2026-04-22 13:03:49]       Trainable parameter names: ['spatial_conv.1.weight', 'spatial_conv.1.bias', 'final_layer.1.weight', 'final_layer.1.bias']
[2026-04-22 13:03:54]   Fold 5/5 | best_epoch=290 | stop=340 | val_loss=0.4982 | acc=0.6250 | bal_acc=0.6250 | roc_auc=N/A
[2026-04-22 13:03:54]   Subject 53 summary: acc=0.6850±0.0752  bal_acc=0.6850±0.0752  roc_auc=N/A

[2026-04-22 13:03:54] Subject 54: 200 windows | class_counts=[100, 100]
[2026-04-22 13:03:55]     Downstream model:        SignalJEPA_PreLocal
[2026-04-22 13:03:55]     Fine-tune strategy:      new
[2026-04-22 13:03:55]     Pretrained loading path: from_pretrained
[2026-04-22 13:03:55]     Pretrained repo:         braindecode/signal-jepa_without-chans
[2026-04-22 13:03:55]       Trainable groups: ['spatial_conv.', 'final_layer.']
[2026-04-22 13:03:55]       Total params:     16,142
[2026-04-22 13:03:55]       Trainable params: 2,302
[2026-04-22 13:03:55]       Trainable pct:    14.26%
[2026-04-22 13:03:55]       Trainable parameter names: ['spatial_conv.1.weight', 'spatial_conv.1.bias', 'final_layer.1.weight', 'final_layer.1.bias']
[2026-04-22 13:03:56]   Fold 1/5 | best_epoch=17 | stop=67 | val_loss=0.6876 | acc=0.5250 | bal_acc=0.5250 | roc_auc=N/A
[2026-04-22 13:03:56]     Downstream model:        SignalJEPA_PreLocal
[2026-04-22 13:03:56]     Fine-tune strategy:      new
[2026-04-22 13:03:56]     Pretrained loading path: from_pretrained
[2026-04-22 13:03:56]     Pretrained repo:         braindecode/signal-jepa_without-chans
[2026-04-22 13:03:56]       Trainable groups: ['spatial_conv.', 'final_layer.']
[2026-04-22 13:03:56]       Total params:     16,142
[2026-04-22 13:03:56]       Trainable params: 2,302
[2026-04-22 13:03:56]       Trainable pct:    14.26%
[2026-04-22 13:03:56]       Trainable parameter names: ['spatial_conv.1.weight', 'spatial_conv.1.bias', 'final_layer.1.weight', 'final_layer.1.bias']
[2026-04-22 13:03:57]   Fold 2/5 | best_epoch=15 | stop=65 | val_loss=0.6920 | acc=0.5250 | bal_acc=0.5250 | roc_auc=N/A
[2026-04-22 13:03:58]     Downstream model:        SignalJEPA_PreLocal
[2026-04-22 13:03:58]     Fine-tune strategy:      new
[2026-04-22 13:03:58]     Pretrained loading path: from_pretrained
[2026-04-22 13:03:58]     Pretrained repo:         braindecode/signal-jepa_without-chans
[2026-04-22 13:03:58]       Trainable groups: ['spatial_conv.', 'final_layer.']
[2026-04-22 13:03:58]       Total params:     16,142
[2026-04-22 13:03:58]       Trainable params: 2,302
[2026-04-22 13:03:58]       Trainable pct:    14.26%
[2026-04-22 13:03:58]       Trainable parameter names: ['spatial_conv.1.weight', 'spatial_conv.1.bias', 'final_layer.1.weight', 'final_layer.1.bias']
[2026-04-22 13:03:59]   Fold 3/5 | best_epoch=46 | stop=96 | val_loss=0.6440 | acc=0.5750 | bal_acc=0.5750 | roc_auc=N/A
[2026-04-22 13:04:00]     Downstream model:        SignalJEPA_PreLocal
[2026-04-22 13:04:00]     Fine-tune strategy:      new
[2026-04-22 13:04:00]     Pretrained loading path: from_pretrained
[2026-04-22 13:04:00]     Pretrained repo:         braindecode/signal-jepa_without-chans
[2026-04-22 13:04:00]       Trainable groups: ['spatial_conv.', 'final_layer.']
[2026-04-22 13:04:00]       Total params:     16,142
[2026-04-22 13:04:00]       Trainable params: 2,302
[2026-04-22 13:04:00]       Trainable pct:    14.26%
[2026-04-22 13:04:00]       Trainable parameter names: ['spatial_conv.1.weight', 'spatial_conv.1.bias', 'final_layer.1.weight', 'final_layer.1.bias']
[2026-04-22 13:04:02]   Fold 4/5 | best_epoch=105 | stop=155 | val_loss=0.6290 | acc=0.7000 | bal_acc=0.7000 | roc_auc=N/A
[2026-04-22 13:04:03]     Downstream model:        SignalJEPA_PreLocal
[2026-04-22 13:04:03]     Fine-tune strategy:      new
[2026-04-22 13:04:03]     Pretrained loading path: from_pretrained
[2026-04-22 13:04:03]     Pretrained repo:         braindecode/signal-jepa_without-chans
[2026-04-22 13:04:03]       Trainable groups: ['spatial_conv.', 'final_layer.']
[2026-04-22 13:04:03]       Total params:     16,142
[2026-04-22 13:04:03]       Trainable params: 2,302
[2026-04-22 13:04:03]       Trainable pct:    14.26%
[2026-04-22 13:04:03]       Trainable parameter names: ['spatial_conv.1.weight', 'spatial_conv.1.bias', 'final_layer.1.weight', 'final_layer.1.bias']
[2026-04-22 13:04:05]   Fold 5/5 | best_epoch=119 | stop=169 | val_loss=0.6195 | acc=0.5250 | bal_acc=0.5250 | roc_auc=N/A
[2026-04-22 13:04:05]   Subject 54 summary: acc=0.5700±0.0678  bal_acc=0.5700±0.0678  roc_auc=N/A

[2026-04-22 13:04:05] Total folds completed: 35
[2026-04-22 13:04:05] ======================================================================
[2026-04-22 13:04:05] AGGREGATED RESULTS
[2026-04-22 13:04:05] ======================================================================
[2026-04-22 13:04:05]   Subject 48:  acc=0.5500±0.0474  bal_acc=0.5500±0.0474  roc_auc=N/A 
[2026-04-22 13:04:05]   Subject 49:  acc=0.6750±0.0447  bal_acc=0.6750±0.0447  roc_auc=N/A 
[2026-04-22 13:04:05]   Subject 50:  acc=0.5150±0.0644  bal_acc=0.5150±0.0644  roc_auc=N/A 
[2026-04-22 13:04:05]   Subject 51:  acc=0.5150±0.0604  bal_acc=0.5150±0.0604  roc_auc=N/A 
[2026-04-22 13:04:05]   Subject 52:  acc=0.6250±0.0837  bal_acc=0.6250±0.0837  roc_auc=N/A 
[2026-04-22 13:04:05]   Subject 53:  acc=0.6850±0.0752  bal_acc=0.6850±0.0752  roc_auc=N/A 
[2026-04-22 13:04:05]   Subject 54:  acc=0.5700±0.0678  bal_acc=0.5700±0.0678  roc_auc=N/A 
[2026-04-22 13:04:05] ----------------------------------------------------------------------
[2026-04-22 13:04:05]   OVERALL:      acc=0.5907±0.0926  bal_acc=0.5907±0.0926  roc_auc=N/A
[2026-04-22 13:04:05] ======================================================================
[2026-04-22 13:04:05] CV results saved to:      /home/vegorov/Repos/eeg_jepa_research/artifacts/lee-2019-fine-tuning/MI/20260422_1300_5f2d062a/cv_results.json
[2026-04-22 13:04:05] Subject metrics saved to: /home/vegorov/Repos/eeg_jepa_research/artifacts/lee-2019-fine-tuning/MI/20260422_1300_5f2d062a/subject_metrics.json
[2026-04-22 13:04:05] Global metrics saved to:  /home/vegorov/Repos/eeg_jepa_research/artifacts/lee-2019-fine-tuning/MI/20260422_1300_5f2d062a/global_metrics.json
[2026-04-22 13:04:05] Run metadata saved to:    /home/vegorov/Repos/eeg_jepa_research/artifacts/lee-2019-fine-tuning/MI/20260422_1300_5f2d062a/run_metadata.json

[2026-04-22 13:04:05] All artifacts in: /home/vegorov/Repos/eeg_jepa_research/artifacts/lee-2019-fine-tuning/MI/20260422_1300_5f2d062a

[2026-04-22 13:04:05] ======================================================================
[2026-04-22 13:04:05] EXPERIMENT SUMMARY
[2026-04-22 13:04:05] ======================================================================
[2026-04-22 13:04:05] Run ID:    20260422_1300_5f2d062a
[2026-04-22 13:04:05] Artifacts: /home/vegorov/Repos/eeg_jepa_research/artifacts/lee-2019-fine-tuning/MI/20260422_1300_5f2d062a

[2026-04-22 13:04:05] Configuration:
[2026-04-22 13:04:05]   Subjects:              [48, 49, 50, 51, 52, 53, 54]
[2026-04-22 13:04:05]   Paradigm:              MI
[2026-04-22 13:04:05]   Model:                 SignalJEPA_PreLocal
[2026-04-22 13:04:05]   Strategy:              new
[2026-04-22 13:04:05]   Warm-up epochs:        10
[2026-04-22 13:04:05]   Bandpass:              0.5-40.0 Hz
[2026-04-22 13:04:05]   Resample:              128 Hz
[2026-04-22 13:04:05]   CV folds:              5
[2026-04-22 13:04:05]   Validation split:      0.2
[2026-04-22 13:04:05]   Learning rate:         0.001
[2026-04-22 13:04:05]   Batch size:            32
[2026-04-22 13:04:05]   Max epochs:            5000
[2026-04-22 13:04:05]   CV seed:               12
[2026-04-22 13:04:05]   Pretrained loading:    from_pretrained

[2026-04-22 13:04:05] Results:
[2026-04-22 13:04:05]   Mean Accuracy:          0.5907 ± 0.0926
[2026-04-22 13:04:05]   Mean Balanced Accuracy: 0.5907 ± 0.0926
[2026-04-22 13:04:05]   Mean ROC-AUC:           N/A
