[2026-04-02 12:05:13] Using device: cpu
[2026-04-02 12:05:13] Seed control enabled: True
[2026-04-02 12:05:13] Base seed: 3008
[2026-04-02 12:05:13] Seed initialized: 3008
[2026-04-02 12:05:13] ======================================================================
[2026-04-02 12:05:13] CONFIGURATION
[2026-04-02 12:05:13] ======================================================================
[2026-04-02 12:05:13]   artifact_dir: /home/vegorov/Repos/eeg_jepa_research/artifacts/lee-2019-fine-tuning
[2026-04-02 12:05:13]   bandpass_high: 40.0
[2026-04-02 12:05:13]   bandpass_low: 0.5
[2026-04-02 12:05:13]   batch_size: 32
[2026-04-02 12:05:13]   convert_to_uV: True
[2026-04-02 12:05:13]   cv_folds: 5
[2026-04-02 12:05:13]   device: auto
[2026-04-02 12:05:13]   early_stopping_patience: 50
[2026-04-02 12:05:13]   learning_rate: 0.001
[2026-04-02 12:05:13]   n_epochs: 5000
[2026-04-02 12:05:13]   normalization_method: None
[2026-04-02 12:05:13]   normalize: False
[2026-04-02 12:05:13]   paradigm: SSVEP
[2026-04-02 12:05:13]   pretrained_url: https://huggingface.co/braindecode/SignalJEPA/resolve/main/signal-jepa_16s-60_adeuwv4s.pth
[2026-04-02 12:05:13]   seed: 3008
[2026-04-02 12:05:13]   set_seed: True
[2026-04-02 12:05:13]   sfreq: 128
[2026-04-02 12:05:13]   subjects_to_use: [48, 49, 50, 52, 53, 54]
[2026-04-02 12:05:13]   val_split: 0.2
[2026-04-02 12:05:13] ======================================================================
[2026-04-02 12:05:13] Config saved to: /home/vegorov/Repos/eeg_jepa_research/artifacts/lee-2019-fine-tuning/SSVEP/20260402_1205_29e654bc/config.json
[2026-04-02 12:05:13] Epoch window configuration:
[2026-04-02 12:05:13]   Target sfreq:                128 Hz
[2026-04-02 12:05:13]   Target duration:             4.190000 s
[2026-04-02 12:05:13]   Window samples (rounded):    536
[2026-04-02 12:05:13]   Base trial samples (4.0 s):  512
[2026-04-02 12:05:13]   Trial stop offset samples:   24
[2026-04-02 12:05:13]   Effective window duration:   4.187500 s
[2026-04-02 12:05:13] Using specified subjects from config: [48, 49, 50, 52, 53, 54]
[2026-04-02 12:05:13] Selected subjects: [48, 49, 50, 52, 53, 54]
[2026-04-02 12:05:13] Expected evaluation folds: 30

[2026-04-02 12:05:13] Building MOABBDataset for Lee2019_SSVEP...
[2026-04-02 12:06:05] MOABBDataset recordings loaded: 6
[2026-04-02 12:06:05] Discovered annotation descriptions (first recording): [np.str_('12.0'), np.str_('5.45'), np.str_('6.67'), np.str_('8.57')]
[2026-04-02 12:06:05] Dataset event_id mapping: {'12.0': 1, '8.57': 2, '6.67': 3, '5.45': 4}
[2026-04-02 12:06:05] Label map (event_code -> class_index): {1: 0, 2: 1, 3: 2, 4: 3}
[2026-04-02 12:06:06] Applying Braindecode preprocessors to MOABBDataset...
[2026-04-02 12:06:23] Preprocessing complete.

[2026-04-02 12:06:23] Post-preprocessing validation
[2026-04-02 12:06:23]   Recordings in DATASET: 6
[2026-04-02 12:06:23]   Unique subject IDs:    ['48', '49', '50', '52', '53', '54']
[2026-04-02 12:06:23]   sfreq (first rec):     128.0 Hz
[2026-04-02 12:06:23]   EEG channel count:     62
[2026-04-02 12:06:23]   First 10 channels:     ['Fp1', 'Fp2', 'F7', 'F3', 'Fz', 'F4', 'F8', 'FC5', 'FC1', 'FC2']
[2026-04-02 12:06:23] Channel consistency summary:
[2026-04-02 12:06:23]   Checked runs: 6
[2026-04-02 12:06:23]   Unique channel counts: [62]
[2026-04-02 12:06:23]   Channel order consistent: True
[2026-04-02 12:06:23] Validated EEG channels: 62
[2026-04-02 12:06:23] First 10 EEG channels: ['Fp1', 'Fp2', 'F7', 'F3', 'Fz', 'F4', 'F8', 'FC5', 'FC1', 'FC2']
[2026-04-02 12:06:23] raw mean_abs=6.566995e+00
[2026-04-02 12:06:23] raw std=1.148469e+01
[2026-04-02 12:06:23] raw first5 channel std= [25.05396238 36.02502646  9.59456342  7.25560171  7.19880537]
[2026-04-02 12:06:23] Requested window samples: 536
[2026-04-02 12:06:23] Base trial samples:       512
[2026-04-02 12:06:23] Stop offset samples:      24
[2026-04-02 12:06:23] Global class counts: [150, 150, 150, 150]
[2026-04-02 12:06:23] Chance level (4-class): 0.25
[2026-04-02 12:06:23] One window shape: (62, 536)
[2026-04-02 12:06:23] One window label: 1
[2026-04-02 12:06:23] Window sample length expected=536, got=536
[2026-04-02 12:06:23] Subjects in window split: [48, 49, 50, 52, 53, 54]
[2026-04-02 12:06:23] Summarizing per-subject windows...
[2026-04-02 12:06:23]   Subject 48: n_windows=100, window_shape=(62, 536), class_counts=[25, 25, 25, 25]
[2026-04-02 12:06:23]   Subject 49: n_windows=100, window_shape=(62, 536), class_counts=[25, 25, 25, 25]
[2026-04-02 12:06:23]   Subject 50: n_windows=100, window_shape=(62, 536), class_counts=[25, 25, 25, 25]
[2026-04-02 12:06:23]   Subject 52: n_windows=100, window_shape=(62, 536), class_counts=[25, 25, 25, 25]
[2026-04-02 12:06:23]   Subject 53: n_windows=100, window_shape=(62, 536), class_counts=[25, 25, 25, 25]
[2026-04-02 12:06:23]   Subject 54: n_windows=100, window_shape=(62, 536), class_counts=[25, 25, 25, 25]
[2026-04-02 12:06:23]    subject_id  n_windows  n_channels  n_times      class_counts
0          48        100          62      536  [25, 25, 25, 25]
1          49        100          62      536  [25, 25, 25, 25]
2          50        100          62      536  [25, 25, 25, 25]
3          52        100          62      536  [25, 25, 25, 25]
4          53        100          62      536  [25, 25, 25, 25]
5          54        100          62      536  [25, 25, 25, 25]
[2026-04-02 12:06:23] Window validation summary:
[2026-04-02 12:06:23]   Subject 48: n_windows=100 class_counts=[25, 25, 25, 25]
[2026-04-02 12:06:23]   Subject 49: n_windows=100 class_counts=[25, 25, 25, 25]
[2026-04-02 12:06:23]   Subject 50: n_windows=100 class_counts=[25, 25, 25, 25]
[2026-04-02 12:06:23]   Subject 52: n_windows=100 class_counts=[25, 25, 25, 25]
[2026-04-02 12:06:23]   Subject 53: n_windows=100 class_counts=[25, 25, 25, 25]
[2026-04-02 12:06:23]   Subject 54: n_windows=100 class_counts=[25, 25, 25, 25]

[2026-04-02 12:06:23] Validated sampling rate target: 128 Hz
[2026-04-02 12:06:23] Validated window sample count:   536
[2026-04-02 12:06:23] Validated window duration:       4.1875 s
[2026-04-02 12:06:23] Validated channel count:         62
[2026-04-02 12:06:23] Total windows retained:          600
[2026-04-02 12:06:23] Preprocessing sanity checks:
[2026-04-02 12:06:23]   One sample label: 1
[2026-04-02 12:06:23]   One sample shape: (62, 536)
[2026-04-02 12:06:23]   Mean(abs(signal)): 3.430332e+00
[2026-04-02 12:06:23]   Mean(signal):      7.346552e-09
[2026-04-02 12:06:23]   Std(signal):       4.442559e+00
[2026-04-02 12:06:23] Building model with input window duration: 4.1875 s
[2026-04-02 12:06:23] SignalJEPA_PreLocal instantiated successfully.
[2026-04-02 12:06:23]   Total parameters:     18,192
[2026-04-02 12:06:23]   Trainable parameters: 18,192
[2026-04-02 12:06:23] ======================================================================================================================================================
Layer (type (var_name):depth-idx)                  Input Shape               Output Shape              Param #                   Kernel Shape
======================================================================================================================================================
SignalJEPA_PreLocal (SignalJEPA_PreLocal)          [1, 62, 536]              [1, 4]                    --                        --
├─Sequential (spatial_conv): 1-1                   [1, 62, 536]              [1, 4, 536]               --                        --
│    └─Rearrange (0): 2-1                          [1, 62, 536]              [1, 1, 62, 536]           --                        --
│    └─Conv2d (1): 2-2                             [1, 1, 62, 536]           [1, 4, 1, 536]            252                       [62, 1]
│    └─Rearrange (2): 2-3                          [1, 4, 1, 536]            [1, 4, 536]               --                        --
├─_ConvFeatureEncoder (feature_encoder): 1-2       [1, 4, 536]               [1, 16, 64]               --                        --
│    └─Rearrange (0): 2-4                          [1, 4, 536]               [4, 1, 536]               --                        --
│    └─Sequential (1): 2-5                         [4, 1, 536]               [4, 8, 64]                --                        --
│    │    └─Conv1d (0): 3-1                        [4, 1, 536]               [4, 8, 64]                256                       [32]
│    │    └─Dropout (1): 3-2                       [4, 8, 64]                [4, 8, 64]                --                        --
│    │    └─GroupNorm (2): 3-3                     [4, 8, 64]                [4, 8, 64]                16                        --
│    │    └─GELU (3): 3-4                          [4, 8, 64]                [4, 8, 64]                --                        --
│    └─Sequential (2): 2-6                         [4, 8, 64]                [4, 16, 32]               --                        --
│    │    └─Conv1d (0): 3-5                        [4, 8, 64]                [4, 16, 32]               256                       [2]
│    │    └─Dropout (1): 3-6                       [4, 16, 32]               [4, 16, 32]               --                        --
│    │    └─GELU (2): 3-7                          [4, 16, 32]               [4, 16, 32]               --                        --
│    └─Sequential (3): 2-7                         [4, 16, 32]               [4, 32, 16]               --                        --
│    │    └─Conv1d (0): 3-8                        [4, 16, 32]               [4, 32, 16]               1,024                     [2]
│    │    └─Dropout (1): 3-9                       [4, 32, 16]               [4, 32, 16]               --                        --
│    │    └─GELU (2): 3-10                         [4, 32, 16]               [4, 32, 16]               --                        --
│    └─Sequential (4): 2-8                         [4, 32, 16]               [4, 64, 8]                --                        --
│    │    └─Conv1d (0): 3-11                       [4, 32, 16]               [4, 64, 8]                4,096                     [2]
│    │    └─Dropout (1): 3-12                      [4, 64, 8]                [4, 64, 8]                --                        --
│    │    └─GELU (2): 3-13                         [4, 64, 8]                [4, 64, 8]                --                        --
│    └─Sequential (5): 2-9                         [4, 64, 8]                [4, 64, 4]                --                        --
│    │    └─Conv1d (0): 3-14                       [4, 64, 8]                [4, 64, 4]                8,192                     [2]
│    │    └─Dropout (1): 3-15                      [4, 64, 4]                [4, 64, 4]                --                        --
│    │    └─GELU (2): 3-16                         [4, 64, 4]                [4, 64, 4]                --                        --
│    └─Rearrange (6): 2-10                         [4, 64, 4]                [1, 16, 64]               --                        --
├─Sequential (final_layer): 1-3                    [1, 16, 64]               [1, 4]                    --                        --
│    └─Flatten (0): 2-11                           [1, 16, 64]               [1, 1024]                 --                        --
│    └─Linear (1): 2-12                            [1, 1024]                 [1, 4]                    4,100                     --
======================================================================================================================================================
Total params: 18,192
Trainable params: 18,192
Non-trainable params: 0
Total mult-adds (Units.MEGABYTES): 0.57
======================================================================================================================================================
Input size (MB): 0.13
Forward/backward pass size (MB): 0.11
Params size (MB): 0.07
Estimated Total Size (MB): 0.31
======================================================================================================================================================
[2026-04-02 12:06:23] Initializing from 16s-60 pretrained checkpoint (Hugging Face):
[2026-04-02 12:06:23]   https://huggingface.co/braindecode/SignalJEPA/resolve/main/signal-jepa_16s-60_adeuwv4s.pth
[2026-04-02 12:06:23]   Downloaded 179 keys
[2026-04-02 12:06:23] ======================================================================
[2026-04-02 12:06:23] STARTING CROSS-VALIDATION
[2026-04-02 12:06:23] ======================================================================
[2026-04-02 12:06:23] Subjects:      [48, 49, 50, 52, 53, 54]
[2026-04-02 12:06:23] CV folds:      5
[2026-04-02 12:06:23] Batch size:    32
[2026-04-02 12:06:23] Max epochs:    5000
[2026-04-02 12:06:23] Device:        cpu
[2026-04-02 12:06:23] Seed control:  True
[2026-04-02 12:06:23] Base seed:     3008
[2026-04-02 12:06:23] ======================================================================

[2026-04-02 12:06:23] Subject 48: 100 windows class_counts=[25, 25, 25, 25]
[2026-04-02 12:06:23]   Fold 1 split seed: 3009
[2026-04-02 12:06:23]   Fold 1 split class counts:
[2026-04-02 12:06:23]     train=[16, 16, 16, 16] val=[4, 4, 4, 4] test=[5, 5, 5, 5]
[2026-04-02 12:06:23]   Fold 2 split seed: 3010
[2026-04-02 12:06:23]   Fold 2 split class counts:
[2026-04-02 12:06:23]     train=[16, 16, 16, 16] val=[4, 4, 4, 4] test=[5, 5, 5, 5]
[2026-04-02 12:06:23]   Fold 3 split seed: 3011
[2026-04-02 12:06:23]   Fold 3 split class counts:
[2026-04-02 12:06:23]     train=[16, 16, 16, 16] val=[4, 4, 4, 4] test=[5, 5, 5, 5]
[2026-04-02 12:06:23]   Fold 4 split seed: 3012
[2026-04-02 12:06:23]   Fold 4 split class counts:
[2026-04-02 12:06:23]     train=[16, 16, 16, 16] val=[4, 4, 4, 4] test=[5, 5, 5, 5]
[2026-04-02 12:06:23]   Fold 5 split seed: 3013
[2026-04-02 12:06:23]   Fold 5 split class counts:
[2026-04-02 12:06:23]     train=[16, 16, 16, 16] val=[4, 4, 4, 4] test=[5, 5, 5, 5]
[2026-04-02 12:06:23]   Subject 48 Fold 1 seed: 7809
[2026-04-02 12:06:23]   Subject 48 Fold 1: n_train=64 n_val=16 n_test=20
[2026-04-02 12:06:23]     Train class counts: [16, 16, 16, 16]
[2026-04-02 12:06:23]     Val class counts:   [4, 4, 4, 4]
[2026-04-02 12:06:23]     Test class counts:  [5, 5, 5, 5]
[2026-04-02 12:06:23] Building model with input window duration: 4.1875 s
[2026-04-02 12:06:23] Pretrained weight loading:
[2026-04-02 12:06:23]   Downloaded keys:        179
[2026-04-02 12:06:23]   Filtered (transformer): 172
[2026-04-02 12:06:23]   Filtered (pos_encoder): 0
[2026-04-02 12:06:23]   Keys to load:           7
[2026-04-02 12:06:23]   Missing keys:           4
[2026-04-02 12:06:23]   Unexpected keys:        0
[2026-04-02 12:06:23]   Missing preview:        ['spatial_conv.1.weight', 'spatial_conv.1.bias', 'final_layer.1.weight', 'final_layer.1.bias']
[2026-04-02 12:06:23]   Unexpected preview:     []
[2026-04-02 12:06:23] Encoder freeze configuration:
[2026-04-02 12:06:23]   Total parameters:        18,192
[2026-04-02 12:06:23]   Trainable parameters:    4,352
[2026-04-02 12:06:23]   Training percentage:     23.9%
[2026-04-02 12:06:23]   Trainable layers: 4
[2026-04-02 12:06:23]     - final_layer.1.bias
[2026-04-02 12:06:23]     - final_layer.1.weight
[2026-04-02 12:06:23]     - spatial_conv.1.bias
[2026-04-02 12:06:23]     - spatial_conv.1.weight
[2026-04-02 12:06:23]     Train generator seeded: True
[2026-04-02 12:06:48]     Stopped epoch:            2576
[2026-04-02 12:06:48]     Best epoch (valid_loss):  2526
[2026-04-02 12:06:48]     Best valid_loss:          0.09153660386800766
[2026-04-02 12:06:48]     Test accuracy (primary):  0.9500
[2026-04-02 12:06:48]     Test balanced acc:        0.9500
[2026-04-02 12:06:48]     Confusion matrix:         [[5, 0, 0, 0], [0, 5, 0, 0], [0, 0, 4, 1], [0, 0, 0, 5]]
[2026-04-02 12:06:48]     Prediction histogram:     [5, 5, 4, 6]
[2026-04-02 12:06:48]     fold_acc=0.9500 fold_bal_acc=0.9500 cm=[[5, 0, 0, 0], [0, 5, 0, 0], [0, 0, 4, 1], [0, 0, 0, 5]]
[2026-04-02 12:06:48]   Subject 48 Fold 2 seed: 7810
[2026-04-02 12:06:48]   Subject 48 Fold 2: n_train=64 n_val=16 n_test=20
[2026-04-02 12:06:48]     Train class counts: [16, 16, 16, 16]
[2026-04-02 12:06:48]     Val class counts:   [4, 4, 4, 4]
[2026-04-02 12:06:48]     Test class counts:  [5, 5, 5, 5]
[2026-04-02 12:06:48] Building model with input window duration: 4.1875 s
[2026-04-02 12:06:48] Pretrained weight loading:
[2026-04-02 12:06:48]   Downloaded keys:        179
[2026-04-02 12:06:48]   Filtered (transformer): 172
[2026-04-02 12:06:48]   Filtered (pos_encoder): 0
[2026-04-02 12:06:48]   Keys to load:           7
[2026-04-02 12:06:48]   Missing keys:           4
[2026-04-02 12:06:48]   Unexpected keys:        0
[2026-04-02 12:06:48]   Missing preview:        ['spatial_conv.1.weight', 'spatial_conv.1.bias', 'final_layer.1.weight', 'final_layer.1.bias']
[2026-04-02 12:06:48]   Unexpected preview:     []
[2026-04-02 12:06:48] Encoder freeze configuration:
[2026-04-02 12:06:48]   Total parameters:        18,192
[2026-04-02 12:06:48]   Trainable parameters:    4,352
[2026-04-02 12:06:48]   Training percentage:     23.9%
[2026-04-02 12:06:48]   Trainable layers: 4
[2026-04-02 12:06:48]     - final_layer.1.bias
[2026-04-02 12:06:48]     - final_layer.1.weight
[2026-04-02 12:06:48]     - spatial_conv.1.bias
[2026-04-02 12:06:48]     - spatial_conv.1.weight
[2026-04-02 12:06:48]     Train generator seeded: True
[2026-04-02 12:07:08]     Stopped epoch:            2260
[2026-04-02 12:07:08]     Best epoch (valid_loss):  2210
[2026-04-02 12:07:08]     Best valid_loss:          0.20174208283424377
[2026-04-02 12:07:08]     Test accuracy (primary):  0.9000
[2026-04-02 12:07:08]     Test balanced acc:        0.9000
[2026-04-02 12:07:08]     Confusion matrix:         [[5, 0, 0, 0], [0, 4, 0, 1], [0, 0, 4, 1], [0, 0, 0, 5]]
[2026-04-02 12:07:08]     Prediction histogram:     [5, 4, 4, 7]
[2026-04-02 12:07:08]     fold_acc=0.9000 fold_bal_acc=0.9000 cm=[[5, 0, 0, 0], [0, 4, 0, 1], [0, 0, 4, 1], [0, 0, 0, 5]]
[2026-04-02 12:07:08]   Subject 48 Fold 3 seed: 7811
[2026-04-02 12:07:08]   Subject 48 Fold 3: n_train=64 n_val=16 n_test=20
[2026-04-02 12:07:08]     Train class counts: [16, 16, 16, 16]
[2026-04-02 12:07:08]     Val class counts:   [4, 4, 4, 4]
[2026-04-02 12:07:08]     Test class counts:  [5, 5, 5, 5]
[2026-04-02 12:07:08] Building model with input window duration: 4.1875 s
[2026-04-02 12:07:08] Pretrained weight loading:
[2026-04-02 12:07:08]   Downloaded keys:        179
[2026-04-02 12:07:08]   Filtered (transformer): 172
[2026-04-02 12:07:08]   Filtered (pos_encoder): 0
[2026-04-02 12:07:08]   Keys to load:           7
[2026-04-02 12:07:08]   Missing keys:           4
[2026-04-02 12:07:08]   Unexpected keys:        0
[2026-04-02 12:07:08]   Missing preview:        ['spatial_conv.1.weight', 'spatial_conv.1.bias', 'final_layer.1.weight', 'final_layer.1.bias']
[2026-04-02 12:07:08]   Unexpected preview:     []
[2026-04-02 12:07:08] Encoder freeze configuration:
[2026-04-02 12:07:08]   Total parameters:        18,192
[2026-04-02 12:07:08]   Trainable parameters:    4,352
[2026-04-02 12:07:08]   Training percentage:     23.9%
[2026-04-02 12:07:08]   Trainable layers: 4
[2026-04-02 12:07:08]     - final_layer.1.bias
[2026-04-02 12:07:08]     - final_layer.1.weight
[2026-04-02 12:07:08]     - spatial_conv.1.bias
[2026-04-02 12:07:08]     - spatial_conv.1.weight
[2026-04-02 12:07:08]     Train generator seeded: True
[2026-04-02 12:07:27]     Stopped epoch:            2148
[2026-04-02 12:07:27]     Best epoch (valid_loss):  2098
[2026-04-02 12:07:27]     Best valid_loss:          0.3062490224838257
[2026-04-02 12:07:27]     Test accuracy (primary):  0.9500
[2026-04-02 12:07:27]     Test balanced acc:        0.9500
[2026-04-02 12:07:27]     Confusion matrix:         [[5, 0, 0, 0], [0, 5, 0, 0], [0, 0, 5, 0], [0, 1, 0, 4]]
[2026-04-02 12:07:27]     Prediction histogram:     [5, 6, 5, 4]
[2026-04-02 12:07:27]     fold_acc=0.9500 fold_bal_acc=0.9500 cm=[[5, 0, 0, 0], [0, 5, 0, 0], [0, 0, 5, 0], [0, 1, 0, 4]]
[2026-04-02 12:07:27]   Subject 48 Fold 4 seed: 7812
[2026-04-02 12:07:27]   Subject 48 Fold 4: n_train=64 n_val=16 n_test=20
[2026-04-02 12:07:27]     Train class counts: [16, 16, 16, 16]
[2026-04-02 12:07:27]     Val class counts:   [4, 4, 4, 4]
[2026-04-02 12:07:27]     Test class counts:  [5, 5, 5, 5]
[2026-04-02 12:07:27] Building model with input window duration: 4.1875 s
[2026-04-02 12:07:27] Pretrained weight loading:
[2026-04-02 12:07:27]   Downloaded keys:        179
[2026-04-02 12:07:27]   Filtered (transformer): 172
[2026-04-02 12:07:27]   Filtered (pos_encoder): 0
[2026-04-02 12:07:27]   Keys to load:           7
[2026-04-02 12:07:27]   Missing keys:           4
[2026-04-02 12:07:27]   Unexpected keys:        0
[2026-04-02 12:07:27]   Missing preview:        ['spatial_conv.1.weight', 'spatial_conv.1.bias', 'final_layer.1.weight', 'final_layer.1.bias']
[2026-04-02 12:07:27]   Unexpected preview:     []
[2026-04-02 12:07:27] Encoder freeze configuration:
[2026-04-02 12:07:27]   Total parameters:        18,192
[2026-04-02 12:07:27]   Trainable parameters:    4,352
[2026-04-02 12:07:27]   Training percentage:     23.9%
[2026-04-02 12:07:27]   Trainable layers: 4
[2026-04-02 12:07:27]     - final_layer.1.bias
[2026-04-02 12:07:27]     - final_layer.1.weight
[2026-04-02 12:07:27]     - spatial_conv.1.bias
[2026-04-02 12:07:27]     - spatial_conv.1.weight
[2026-04-02 12:07:27]     Train generator seeded: True
[2026-04-02 12:07:48]     Stopped epoch:            2366
[2026-04-02 12:07:48]     Best epoch (valid_loss):  2316
[2026-04-02 12:07:48]     Best valid_loss:          0.12860727310180664
[2026-04-02 12:07:48]     Test accuracy (primary):  1.0000
[2026-04-02 12:07:48]     Test balanced acc:        1.0000
[2026-04-02 12:07:48]     Confusion matrix:         [[5, 0, 0, 0], [0, 5, 0, 0], [0, 0, 5, 0], [0, 0, 0, 5]]
[2026-04-02 12:07:48]     Prediction histogram:     [5, 5, 5, 5]
[2026-04-02 12:07:48]     fold_acc=1.0000 fold_bal_acc=1.0000 cm=[[5, 0, 0, 0], [0, 5, 0, 0], [0, 0, 5, 0], [0, 0, 0, 5]]
[2026-04-02 12:07:48]   Subject 48 Fold 5 seed: 7813
[2026-04-02 12:07:48]   Subject 48 Fold 5: n_train=64 n_val=16 n_test=20
[2026-04-02 12:07:48]     Train class counts: [16, 16, 16, 16]
[2026-04-02 12:07:48]     Val class counts:   [4, 4, 4, 4]
[2026-04-02 12:07:48]     Test class counts:  [5, 5, 5, 5]
[2026-04-02 12:07:48] Building model with input window duration: 4.1875 s
[2026-04-02 12:07:48] Pretrained weight loading:
[2026-04-02 12:07:48]   Downloaded keys:        179
[2026-04-02 12:07:48]   Filtered (transformer): 172
[2026-04-02 12:07:48]   Filtered (pos_encoder): 0
[2026-04-02 12:07:48]   Keys to load:           7
[2026-04-02 12:07:48]   Missing keys:           4
[2026-04-02 12:07:48]   Unexpected keys:        0
[2026-04-02 12:07:48]   Missing preview:        ['spatial_conv.1.weight', 'spatial_conv.1.bias', 'final_layer.1.weight', 'final_layer.1.bias']
[2026-04-02 12:07:48]   Unexpected preview:     []
[2026-04-02 12:07:48] Encoder freeze configuration:
[2026-04-02 12:07:48]   Total parameters:        18,192
[2026-04-02 12:07:48]   Trainable parameters:    4,352
[2026-04-02 12:07:48]   Training percentage:     23.9%
[2026-04-02 12:07:48]   Trainable layers: 4
[2026-04-02 12:07:48]     - final_layer.1.bias
[2026-04-02 12:07:48]     - final_layer.1.weight
[2026-04-02 12:07:48]     - spatial_conv.1.bias
[2026-04-02 12:07:48]     - spatial_conv.1.weight
[2026-04-02 12:07:48]     Train generator seeded: True
[2026-04-02 12:08:11]     Stopped epoch:            2457
[2026-04-02 12:08:11]     Best epoch (valid_loss):  2407
[2026-04-02 12:08:11]     Best valid_loss:          0.07667002081871033
[2026-04-02 12:08:11]     Test accuracy (primary):  0.9500
[2026-04-02 12:08:11]     Test balanced acc:        0.9500
[2026-04-02 12:08:11]     Confusion matrix:         [[4, 1, 0, 0], [0, 5, 0, 0], [0, 0, 5, 0], [0, 0, 0, 5]]
[2026-04-02 12:08:11]     Prediction histogram:     [4, 6, 5, 5]
[2026-04-02 12:08:11]     fold_acc=0.9500 fold_bal_acc=0.9500 cm=[[4, 1, 0, 0], [0, 5, 0, 0], [0, 0, 5, 0], [0, 0, 0, 5]]
[2026-04-02 12:08:11]   Subject 48 mean accuracy: 0.9500

[2026-04-02 12:08:11] Subject 49: 100 windows class_counts=[25, 25, 25, 25]
[2026-04-02 12:08:11]   Fold 1 split seed: 3009
[2026-04-02 12:08:11]   Fold 1 split class counts:
[2026-04-02 12:08:11]     train=[16, 16, 16, 16] val=[4, 4, 4, 4] test=[5, 5, 5, 5]
[2026-04-02 12:08:11]   Fold 2 split seed: 3010
[2026-04-02 12:08:11]   Fold 2 split class counts:
[2026-04-02 12:08:11]     train=[16, 16, 16, 16] val=[4, 4, 4, 4] test=[5, 5, 5, 5]
[2026-04-02 12:08:11]   Fold 3 split seed: 3011
[2026-04-02 12:08:11]   Fold 3 split class counts:
[2026-04-02 12:08:11]     train=[16, 16, 16, 16] val=[4, 4, 4, 4] test=[5, 5, 5, 5]
[2026-04-02 12:08:11]   Fold 4 split seed: 3012
[2026-04-02 12:08:11]   Fold 4 split class counts:
[2026-04-02 12:08:11]     train=[16, 16, 16, 16] val=[4, 4, 4, 4] test=[5, 5, 5, 5]
[2026-04-02 12:08:11]   Fold 5 split seed: 3013
[2026-04-02 12:08:11]   Fold 5 split class counts:
[2026-04-02 12:08:11]     train=[16, 16, 16, 16] val=[4, 4, 4, 4] test=[5, 5, 5, 5]
[2026-04-02 12:08:11]   Subject 49 Fold 1 seed: 7909
[2026-04-02 12:08:11]   Subject 49 Fold 1: n_train=64 n_val=16 n_test=20
[2026-04-02 12:08:11]     Train class counts: [16, 16, 16, 16]
[2026-04-02 12:08:11]     Val class counts:   [4, 4, 4, 4]
[2026-04-02 12:08:11]     Test class counts:  [5, 5, 5, 5]
[2026-04-02 12:08:11] Building model with input window duration: 4.1875 s
[2026-04-02 12:08:11] Pretrained weight loading:
[2026-04-02 12:08:11]   Downloaded keys:        179
[2026-04-02 12:08:11]   Filtered (transformer): 172
[2026-04-02 12:08:11]   Filtered (pos_encoder): 0
[2026-04-02 12:08:11]   Keys to load:           7
[2026-04-02 12:08:11]   Missing keys:           4
[2026-04-02 12:08:11]   Unexpected keys:        0
[2026-04-02 12:08:11]   Missing preview:        ['spatial_conv.1.weight', 'spatial_conv.1.bias', 'final_layer.1.weight', 'final_layer.1.bias']
[2026-04-02 12:08:11]   Unexpected preview:     []
[2026-04-02 12:08:11] Encoder freeze configuration:
[2026-04-02 12:08:11]   Total parameters:        18,192
[2026-04-02 12:08:11]   Trainable parameters:    4,352
[2026-04-02 12:08:11]   Training percentage:     23.9%
[2026-04-02 12:08:11]   Trainable layers: 4
[2026-04-02 12:08:11]     - final_layer.1.bias
[2026-04-02 12:08:11]     - final_layer.1.weight
[2026-04-02 12:08:11]     - spatial_conv.1.bias
[2026-04-02 12:08:11]     - spatial_conv.1.weight
[2026-04-02 12:08:11]     Train generator seeded: True
[2026-04-02 12:08:28]     Stopped epoch:            1959
[2026-04-02 12:08:28]     Best epoch (valid_loss):  1909
[2026-04-02 12:08:28]     Best valid_loss:          0.5477080941200256
[2026-04-02 12:08:28]     Test accuracy (primary):  0.8500
[2026-04-02 12:08:28]     Test balanced acc:        0.8500
[2026-04-02 12:08:28]     Confusion matrix:         [[5, 0, 0, 0], [0, 5, 0, 0], [1, 0, 3, 1], [0, 1, 0, 4]]
[2026-04-02 12:08:28]     Prediction histogram:     [6, 6, 3, 5]
[2026-04-02 12:08:28]     fold_acc=0.8500 fold_bal_acc=0.8500 cm=[[5, 0, 0, 0], [0, 5, 0, 0], [1, 0, 3, 1], [0, 1, 0, 4]]
[2026-04-02 12:08:28]   Subject 49 Fold 2 seed: 7910
[2026-04-02 12:08:28]   Subject 49 Fold 2: n_train=64 n_val=16 n_test=20
[2026-04-02 12:08:28]     Train class counts: [16, 16, 16, 16]
[2026-04-02 12:08:28]     Val class counts:   [4, 4, 4, 4]
[2026-04-02 12:08:28]     Test class counts:  [5, 5, 5, 5]
[2026-04-02 12:08:28] Building model with input window duration: 4.1875 s
[2026-04-02 12:08:28] Pretrained weight loading:
[2026-04-02 12:08:28]   Downloaded keys:        179
[2026-04-02 12:08:28]   Filtered (transformer): 172
[2026-04-02 12:08:28]   Filtered (pos_encoder): 0
[2026-04-02 12:08:28]   Keys to load:           7
[2026-04-02 12:08:28]   Missing keys:           4
[2026-04-02 12:08:28]   Unexpected keys:        0
[2026-04-02 12:08:28]   Missing preview:        ['spatial_conv.1.weight', 'spatial_conv.1.bias', 'final_layer.1.weight', 'final_layer.1.bias']
[2026-04-02 12:08:28]   Unexpected preview:     []
[2026-04-02 12:08:28] Encoder freeze configuration:
[2026-04-02 12:08:28]   Total parameters:        18,192
[2026-04-02 12:08:28]   Trainable parameters:    4,352
[2026-04-02 12:08:28]   Training percentage:     23.9%
[2026-04-02 12:08:28]   Trainable layers: 4
[2026-04-02 12:08:28]     - final_layer.1.bias
[2026-04-02 12:08:28]     - final_layer.1.weight
[2026-04-02 12:08:28]     - spatial_conv.1.bias
[2026-04-02 12:08:28]     - spatial_conv.1.weight
[2026-04-02 12:08:28]     Train generator seeded: True
[2026-04-02 12:08:44]     Stopped epoch:            1766
[2026-04-02 12:08:44]     Best epoch (valid_loss):  1716
[2026-04-02 12:08:44]     Best valid_loss:          0.45154914259910583
[2026-04-02 12:08:44]     Test accuracy (primary):  0.9500
[2026-04-02 12:08:44]     Test balanced acc:        0.9500
[2026-04-02 12:08:44]     Confusion matrix:         [[5, 0, 0, 0], [0, 4, 0, 1], [0, 0, 5, 0], [0, 0, 0, 5]]
[2026-04-02 12:08:44]     Prediction histogram:     [5, 4, 5, 6]
[2026-04-02 12:08:44]     fold_acc=0.9500 fold_bal_acc=0.9500 cm=[[5, 0, 0, 0], [0, 4, 0, 1], [0, 0, 5, 0], [0, 0, 0, 5]]
[2026-04-02 12:08:44]   Subject 49 Fold 3 seed: 7911
[2026-04-02 12:08:44]   Subject 49 Fold 3: n_train=64 n_val=16 n_test=20
[2026-04-02 12:08:44]     Train class counts: [16, 16, 16, 16]
[2026-04-02 12:08:44]     Val class counts:   [4, 4, 4, 4]
[2026-04-02 12:08:44]     Test class counts:  [5, 5, 5, 5]
[2026-04-02 12:08:44] Building model with input window duration: 4.1875 s
[2026-04-02 12:08:44] Pretrained weight loading:
[2026-04-02 12:08:44]   Downloaded keys:        179
[2026-04-02 12:08:44]   Filtered (transformer): 172
[2026-04-02 12:08:44]   Filtered (pos_encoder): 0
[2026-04-02 12:08:44]   Keys to load:           7
[2026-04-02 12:08:44]   Missing keys:           4
[2026-04-02 12:08:44]   Unexpected keys:        0
[2026-04-02 12:08:44]   Missing preview:        ['spatial_conv.1.weight', 'spatial_conv.1.bias', 'final_layer.1.weight', 'final_layer.1.bias']
[2026-04-02 12:08:44]   Unexpected preview:     []
[2026-04-02 12:08:44] Encoder freeze configuration:
[2026-04-02 12:08:44]   Total parameters:        18,192
[2026-04-02 12:08:44]   Trainable parameters:    4,352
[2026-04-02 12:08:44]   Training percentage:     23.9%
[2026-04-02 12:08:44]   Trainable layers: 4
[2026-04-02 12:08:44]     - final_layer.1.bias
[2026-04-02 12:08:44]     - final_layer.1.weight
[2026-04-02 12:08:44]     - spatial_conv.1.bias
[2026-04-02 12:08:44]     - spatial_conv.1.weight
[2026-04-02 12:08:44]     Train generator seeded: True
[2026-04-02 12:09:04]     Stopped epoch:            2357
[2026-04-02 12:09:04]     Best epoch (valid_loss):  2340
[2026-04-02 12:09:04]     Best valid_loss:          0.5773519277572632
[2026-04-02 12:09:04]     Test accuracy (primary):  0.9000
[2026-04-02 12:09:04]     Test balanced acc:        0.9000
[2026-04-02 12:09:04]     Confusion matrix:         [[4, 0, 1, 0], [0, 5, 0, 0], [0, 0, 5, 0], [0, 1, 0, 4]]
[2026-04-02 12:09:04]     Prediction histogram:     [4, 6, 6, 4]
[2026-04-02 12:09:04]     fold_acc=0.9000 fold_bal_acc=0.9000 cm=[[4, 0, 1, 0], [0, 5, 0, 0], [0, 0, 5, 0], [0, 1, 0, 4]]
[2026-04-02 12:09:04]   Subject 49 Fold 4 seed: 7912
[2026-04-02 12:09:04]   Subject 49 Fold 4: n_train=64 n_val=16 n_test=20
[2026-04-02 12:09:04]     Train class counts: [16, 16, 16, 16]
[2026-04-02 12:09:04]     Val class counts:   [4, 4, 4, 4]
[2026-04-02 12:09:04]     Test class counts:  [5, 5, 5, 5]
[2026-04-02 12:09:04] Building model with input window duration: 4.1875 s
[2026-04-02 12:09:04] Pretrained weight loading:
[2026-04-02 12:09:04]   Downloaded keys:        179
[2026-04-02 12:09:04]   Filtered (transformer): 172
[2026-04-02 12:09:04]   Filtered (pos_encoder): 0
[2026-04-02 12:09:04]   Keys to load:           7
[2026-04-02 12:09:04]   Missing keys:           4
[2026-04-02 12:09:04]   Unexpected keys:        0
[2026-04-02 12:09:04]   Missing preview:        ['spatial_conv.1.weight', 'spatial_conv.1.bias', 'final_layer.1.weight', 'final_layer.1.bias']
[2026-04-02 12:09:04]   Unexpected preview:     []
[2026-04-02 12:09:04] Encoder freeze configuration:
[2026-04-02 12:09:04]   Total parameters:        18,192
[2026-04-02 12:09:04]   Trainable parameters:    4,352
[2026-04-02 12:09:04]   Training percentage:     23.9%
[2026-04-02 12:09:04]   Trainable layers: 4
[2026-04-02 12:09:04]     - final_layer.1.bias
[2026-04-02 12:09:04]     - final_layer.1.weight
[2026-04-02 12:09:04]     - spatial_conv.1.bias
[2026-04-02 12:09:04]     - spatial_conv.1.weight
[2026-04-02 12:09:04]     Train generator seeded: True
[2026-04-02 12:09:09]     Stopped epoch:            570
[2026-04-02 12:09:09]     Best epoch (valid_loss):  520
[2026-04-02 12:09:09]     Best valid_loss:          1.233304738998413
[2026-04-02 12:09:09]     Test accuracy (primary):  0.7000
[2026-04-02 12:09:09]     Test balanced acc:        0.7000
[2026-04-02 12:09:09]     Confusion matrix:         [[4, 0, 0, 1], [2, 3, 0, 0], [0, 0, 4, 1], [2, 0, 0, 3]]
[2026-04-02 12:09:09]     Prediction histogram:     [8, 3, 4, 5]
[2026-04-02 12:09:09]     fold_acc=0.7000 fold_bal_acc=0.7000 cm=[[4, 0, 0, 1], [2, 3, 0, 0], [0, 0, 4, 1], [2, 0, 0, 3]]
[2026-04-02 12:09:09]   Subject 49 Fold 5 seed: 7913
[2026-04-02 12:09:09]   Subject 49 Fold 5: n_train=64 n_val=16 n_test=20
[2026-04-02 12:09:09]     Train class counts: [16, 16, 16, 16]
[2026-04-02 12:09:09]     Val class counts:   [4, 4, 4, 4]
[2026-04-02 12:09:09]     Test class counts:  [5, 5, 5, 5]
[2026-04-02 12:09:09] Building model with input window duration: 4.1875 s
[2026-04-02 12:09:09] Pretrained weight loading:
[2026-04-02 12:09:09]   Downloaded keys:        179
[2026-04-02 12:09:09]   Filtered (transformer): 172
[2026-04-02 12:09:09]   Filtered (pos_encoder): 0
[2026-04-02 12:09:09]   Keys to load:           7
[2026-04-02 12:09:09]   Missing keys:           4
[2026-04-02 12:09:09]   Unexpected keys:        0
[2026-04-02 12:09:09]   Missing preview:        ['spatial_conv.1.weight', 'spatial_conv.1.bias', 'final_layer.1.weight', 'final_layer.1.bias']
[2026-04-02 12:09:09]   Unexpected preview:     []
[2026-04-02 12:09:09] Encoder freeze configuration:
[2026-04-02 12:09:09]   Total parameters:        18,192
[2026-04-02 12:09:09]   Trainable parameters:    4,352
[2026-04-02 12:09:09]   Training percentage:     23.9%
[2026-04-02 12:09:09]   Trainable layers: 4
[2026-04-02 12:09:09]     - final_layer.1.bias
[2026-04-02 12:09:09]     - final_layer.1.weight
[2026-04-02 12:09:09]     - spatial_conv.1.bias
[2026-04-02 12:09:09]     - spatial_conv.1.weight
[2026-04-02 12:09:09]     Train generator seeded: True
[2026-04-02 12:09:17]     Stopped epoch:            880
[2026-04-02 12:09:17]     Best epoch (valid_loss):  830
[2026-04-02 12:09:17]     Best valid_loss:          0.7385681867599487
[2026-04-02 12:09:17]     Test accuracy (primary):  0.9500
[2026-04-02 12:09:17]     Test balanced acc:        0.9500
[2026-04-02 12:09:17]     Confusion matrix:         [[4, 0, 0, 1], [0, 5, 0, 0], [0, 0, 5, 0], [0, 0, 0, 5]]
[2026-04-02 12:09:17]     Prediction histogram:     [4, 5, 5, 6]
[2026-04-02 12:09:17]     fold_acc=0.9500 fold_bal_acc=0.9500 cm=[[4, 0, 0, 1], [0, 5, 0, 0], [0, 0, 5, 0], [0, 0, 0, 5]]
[2026-04-02 12:09:17]   Subject 49 mean accuracy: 0.8700

[2026-04-02 12:09:17] Subject 50: 100 windows class_counts=[25, 25, 25, 25]
[2026-04-02 12:09:17]   Fold 1 split seed: 3009
[2026-04-02 12:09:17]   Fold 1 split class counts:
[2026-04-02 12:09:17]     train=[16, 16, 16, 16] val=[4, 4, 4, 4] test=[5, 5, 5, 5]
[2026-04-02 12:09:17]   Fold 2 split seed: 3010
[2026-04-02 12:09:17]   Fold 2 split class counts:
[2026-04-02 12:09:17]     train=[16, 16, 16, 16] val=[4, 4, 4, 4] test=[5, 5, 5, 5]
[2026-04-02 12:09:17]   Fold 3 split seed: 3011
[2026-04-02 12:09:17]   Fold 3 split class counts:
[2026-04-02 12:09:17]     train=[16, 16, 16, 16] val=[4, 4, 4, 4] test=[5, 5, 5, 5]
[2026-04-02 12:09:17]   Fold 4 split seed: 3012
[2026-04-02 12:09:17]   Fold 4 split class counts:
[2026-04-02 12:09:17]     train=[16, 16, 16, 16] val=[4, 4, 4, 4] test=[5, 5, 5, 5]
[2026-04-02 12:09:17]   Fold 5 split seed: 3013
[2026-04-02 12:09:17]   Fold 5 split class counts:
[2026-04-02 12:09:17]     train=[16, 16, 16, 16] val=[4, 4, 4, 4] test=[5, 5, 5, 5]
[2026-04-02 12:09:17]   Subject 50 Fold 1 seed: 8009
[2026-04-02 12:09:17]   Subject 50 Fold 1: n_train=64 n_val=16 n_test=20
[2026-04-02 12:09:17]     Train class counts: [16, 16, 16, 16]
[2026-04-02 12:09:17]     Val class counts:   [4, 4, 4, 4]
[2026-04-02 12:09:17]     Test class counts:  [5, 5, 5, 5]
[2026-04-02 12:09:17] Building model with input window duration: 4.1875 s
[2026-04-02 12:09:17] Pretrained weight loading:
[2026-04-02 12:09:17]   Downloaded keys:        179
[2026-04-02 12:09:17]   Filtered (transformer): 172
[2026-04-02 12:09:17]   Filtered (pos_encoder): 0
[2026-04-02 12:09:17]   Keys to load:           7
[2026-04-02 12:09:17]   Missing keys:           4
[2026-04-02 12:09:17]   Unexpected keys:        0
[2026-04-02 12:09:17]   Missing preview:        ['spatial_conv.1.weight', 'spatial_conv.1.bias', 'final_layer.1.weight', 'final_layer.1.bias']
[2026-04-02 12:09:17]   Unexpected preview:     []
[2026-04-02 12:09:17] Encoder freeze configuration:
[2026-04-02 12:09:17]   Total parameters:        18,192
[2026-04-02 12:09:17]   Trainable parameters:    4,352
[2026-04-02 12:09:17]   Training percentage:     23.9%
[2026-04-02 12:09:17]   Trainable layers: 4
[2026-04-02 12:09:17]     - final_layer.1.bias
[2026-04-02 12:09:17]     - final_layer.1.weight
[2026-04-02 12:09:17]     - spatial_conv.1.bias
[2026-04-02 12:09:17]     - spatial_conv.1.weight
[2026-04-02 12:09:17]     Train generator seeded: True
[2026-04-02 12:09:32]     Stopped epoch:            1680
[2026-04-02 12:09:32]     Best epoch (valid_loss):  1630
[2026-04-02 12:09:32]     Best valid_loss:          0.5194477438926697
[2026-04-02 12:09:32]     Test accuracy (primary):  0.9500
[2026-04-02 12:09:32]     Test balanced acc:        0.9500
[2026-04-02 12:09:32]     Confusion matrix:         [[5, 0, 0, 0], [0, 5, 0, 0], [0, 0, 4, 1], [0, 0, 0, 5]]
[2026-04-02 12:09:32]     Prediction histogram:     [5, 5, 4, 6]
[2026-04-02 12:09:32]     fold_acc=0.9500 fold_bal_acc=0.9500 cm=[[5, 0, 0, 0], [0, 5, 0, 0], [0, 0, 4, 1], [0, 0, 0, 5]]
[2026-04-02 12:09:32]   Subject 50 Fold 2 seed: 8010
[2026-04-02 12:09:32]   Subject 50 Fold 2: n_train=64 n_val=16 n_test=20
[2026-04-02 12:09:32]     Train class counts: [16, 16, 16, 16]
[2026-04-02 12:09:32]     Val class counts:   [4, 4, 4, 4]
[2026-04-02 12:09:32]     Test class counts:  [5, 5, 5, 5]
[2026-04-02 12:09:32] Building model with input window duration: 4.1875 s
[2026-04-02 12:09:32] Pretrained weight loading:
[2026-04-02 12:09:32]   Downloaded keys:        179
[2026-04-02 12:09:32]   Filtered (transformer): 172
[2026-04-02 12:09:32]   Filtered (pos_encoder): 0
[2026-04-02 12:09:32]   Keys to load:           7
[2026-04-02 12:09:32]   Missing keys:           4
[2026-04-02 12:09:32]   Unexpected keys:        0
[2026-04-02 12:09:32]   Missing preview:        ['spatial_conv.1.weight', 'spatial_conv.1.bias', 'final_layer.1.weight', 'final_layer.1.bias']
[2026-04-02 12:09:32]   Unexpected preview:     []
[2026-04-02 12:09:32] Encoder freeze configuration:
[2026-04-02 12:09:32]   Total parameters:        18,192
[2026-04-02 12:09:32]   Trainable parameters:    4,352
[2026-04-02 12:09:32]   Training percentage:     23.9%
[2026-04-02 12:09:32]   Trainable layers: 4
[2026-04-02 12:09:32]     - final_layer.1.bias
[2026-04-02 12:09:32]     - final_layer.1.weight
[2026-04-02 12:09:32]     - spatial_conv.1.bias
[2026-04-02 12:09:32]     - spatial_conv.1.weight
[2026-04-02 12:09:32]     Train generator seeded: True
[2026-04-02 12:10:00]     Stopped epoch:            3182
[2026-04-02 12:10:00]     Best epoch (valid_loss):  3132
[2026-04-02 12:10:00]     Best valid_loss:          0.33302468061447144
[2026-04-02 12:10:00]     Test accuracy (primary):  0.6000
[2026-04-02 12:10:00]     Test balanced acc:        0.6000
[2026-04-02 12:10:00]     Confusion matrix:         [[2, 0, 2, 1], [0, 3, 2, 0], [0, 0, 5, 0], [0, 0, 3, 2]]
[2026-04-02 12:10:00]     Prediction histogram:     [2, 3, 12, 3]
[2026-04-02 12:10:00]     fold_acc=0.6000 fold_bal_acc=0.6000 cm=[[2, 0, 2, 1], [0, 3, 2, 0], [0, 0, 5, 0], [0, 0, 3, 2]]
[2026-04-02 12:10:00]   Subject 50 Fold 3 seed: 8011
[2026-04-02 12:10:00]   Subject 50 Fold 3: n_train=64 n_val=16 n_test=20
[2026-04-02 12:10:00]     Train class counts: [16, 16, 16, 16]
[2026-04-02 12:10:00]     Val class counts:   [4, 4, 4, 4]
[2026-04-02 12:10:00]     Test class counts:  [5, 5, 5, 5]
[2026-04-02 12:10:00] Building model with input window duration: 4.1875 s
[2026-04-02 12:10:00] Pretrained weight loading:
[2026-04-02 12:10:00]   Downloaded keys:        179
[2026-04-02 12:10:00]   Filtered (transformer): 172
[2026-04-02 12:10:00]   Filtered (pos_encoder): 0
[2026-04-02 12:10:00]   Keys to load:           7
[2026-04-02 12:10:00]   Missing keys:           4
[2026-04-02 12:10:00]   Unexpected keys:        0
[2026-04-02 12:10:00]   Missing preview:        ['spatial_conv.1.weight', 'spatial_conv.1.bias', 'final_layer.1.weight', 'final_layer.1.bias']
[2026-04-02 12:10:00]   Unexpected preview:     []
[2026-04-02 12:10:00] Encoder freeze configuration:
[2026-04-02 12:10:00]   Total parameters:        18,192
[2026-04-02 12:10:00]   Trainable parameters:    4,352
[2026-04-02 12:10:00]   Training percentage:     23.9%
[2026-04-02 12:10:00]   Trainable layers: 4
[2026-04-02 12:10:00]     - final_layer.1.bias
[2026-04-02 12:10:00]     - final_layer.1.weight
[2026-04-02 12:10:00]     - spatial_conv.1.bias
[2026-04-02 12:10:00]     - spatial_conv.1.weight
[2026-04-02 12:10:00]     Train generator seeded: True
[2026-04-02 12:10:34]     Stopped epoch:            3775
[2026-04-02 12:10:34]     Best epoch (valid_loss):  3770
[2026-04-02 12:10:34]     Best valid_loss:          0.22921010851860046
[2026-04-02 12:10:34]     Test accuracy (primary):  0.9500
[2026-04-02 12:10:34]     Test balanced acc:        0.9500
[2026-04-02 12:10:34]     Confusion matrix:         [[4, 0, 1, 0], [0, 5, 0, 0], [0, 0, 5, 0], [0, 0, 0, 5]]
[2026-04-02 12:10:34]     Prediction histogram:     [4, 5, 6, 5]
[2026-04-02 12:10:34]     fold_acc=0.9500 fold_bal_acc=0.9500 cm=[[4, 0, 1, 0], [0, 5, 0, 0], [0, 0, 5, 0], [0, 0, 0, 5]]
[2026-04-02 12:10:34]   Subject 50 Fold 4 seed: 8012
[2026-04-02 12:10:34]   Subject 50 Fold 4: n_train=64 n_val=16 n_test=20
[2026-04-02 12:10:34]     Train class counts: [16, 16, 16, 16]
[2026-04-02 12:10:34]     Val class counts:   [4, 4, 4, 4]
[2026-04-02 12:10:34]     Test class counts:  [5, 5, 5, 5]
[2026-04-02 12:10:34] Building model with input window duration: 4.1875 s
[2026-04-02 12:10:34] Pretrained weight loading:
[2026-04-02 12:10:34]   Downloaded keys:        179
[2026-04-02 12:10:34]   Filtered (transformer): 172
[2026-04-02 12:10:34]   Filtered (pos_encoder): 0
[2026-04-02 12:10:34]   Keys to load:           7
[2026-04-02 12:10:34]   Missing keys:           4
[2026-04-02 12:10:34]   Unexpected keys:        0
[2026-04-02 12:10:34]   Missing preview:        ['spatial_conv.1.weight', 'spatial_conv.1.bias', 'final_layer.1.weight', 'final_layer.1.bias']
[2026-04-02 12:10:34]   Unexpected preview:     []
[2026-04-02 12:10:34] Encoder freeze configuration:
[2026-04-02 12:10:34]   Total parameters:        18,192
[2026-04-02 12:10:34]   Trainable parameters:    4,352
[2026-04-02 12:10:34]   Training percentage:     23.9%
[2026-04-02 12:10:34]   Trainable layers: 4
[2026-04-02 12:10:34]     - final_layer.1.bias
[2026-04-02 12:10:34]     - final_layer.1.weight
[2026-04-02 12:10:34]     - spatial_conv.1.bias
[2026-04-02 12:10:34]     - spatial_conv.1.weight
[2026-04-02 12:10:34]     Train generator seeded: True
[2026-04-02 12:10:52]     Stopped epoch:            2011
[2026-04-02 12:10:52]     Best epoch (valid_loss):  1961
[2026-04-02 12:10:52]     Best valid_loss:          0.1316145956516266
[2026-04-02 12:10:52]     Test accuracy (primary):  0.9500
[2026-04-02 12:10:52]     Test balanced acc:        0.9500
[2026-04-02 12:10:52]     Confusion matrix:         [[5, 0, 0, 0], [0, 4, 1, 0], [0, 0, 5, 0], [0, 0, 0, 5]]
[2026-04-02 12:10:52]     Prediction histogram:     [5, 4, 6, 5]
[2026-04-02 12:10:52]     fold_acc=0.9500 fold_bal_acc=0.9500 cm=[[5, 0, 0, 0], [0, 4, 1, 0], [0, 0, 5, 0], [0, 0, 0, 5]]
[2026-04-02 12:10:52]   Subject 50 Fold 5 seed: 8013
[2026-04-02 12:10:52]   Subject 50 Fold 5: n_train=64 n_val=16 n_test=20
[2026-04-02 12:10:52]     Train class counts: [16, 16, 16, 16]
[2026-04-02 12:10:52]     Val class counts:   [4, 4, 4, 4]
[2026-04-02 12:10:52]     Test class counts:  [5, 5, 5, 5]
[2026-04-02 12:10:52] Building model with input window duration: 4.1875 s
[2026-04-02 12:10:52] Pretrained weight loading:
[2026-04-02 12:10:52]   Downloaded keys:        179
[2026-04-02 12:10:52]   Filtered (transformer): 172
[2026-04-02 12:10:52]   Filtered (pos_encoder): 0
[2026-04-02 12:10:52]   Keys to load:           7
[2026-04-02 12:10:52]   Missing keys:           4
[2026-04-02 12:10:52]   Unexpected keys:        0
[2026-04-02 12:10:52]   Missing preview:        ['spatial_conv.1.weight', 'spatial_conv.1.bias', 'final_layer.1.weight', 'final_layer.1.bias']
[2026-04-02 12:10:52]   Unexpected preview:     []
[2026-04-02 12:10:52] Encoder freeze configuration:
[2026-04-02 12:10:52]   Total parameters:        18,192
[2026-04-02 12:10:52]   Trainable parameters:    4,352
[2026-04-02 12:10:52]   Training percentage:     23.9%
[2026-04-02 12:10:52]   Trainable layers: 4
[2026-04-02 12:10:52]     - final_layer.1.bias
[2026-04-02 12:10:52]     - final_layer.1.weight
[2026-04-02 12:10:52]     - spatial_conv.1.bias
[2026-04-02 12:10:52]     - spatial_conv.1.weight
[2026-04-02 12:10:52]     Train generator seeded: True
[2026-04-02 12:11:38]     Stopped epoch:            5000
[2026-04-02 12:11:38]     Best epoch (valid_loss):  5000
[2026-04-02 12:11:38]     Best valid_loss:          0.11210689693689346
[2026-04-02 12:11:38]     Test accuracy (primary):  0.9000
[2026-04-02 12:11:38]     Test balanced acc:        0.9000
[2026-04-02 12:11:38]     Confusion matrix:         [[3, 0, 0, 2], [0, 5, 0, 0], [0, 0, 5, 0], [0, 0, 0, 5]]
[2026-04-02 12:11:38]     Prediction histogram:     [3, 5, 5, 7]
[2026-04-02 12:11:38]     fold_acc=0.9000 fold_bal_acc=0.9000 cm=[[3, 0, 0, 2], [0, 5, 0, 0], [0, 0, 5, 0], [0, 0, 0, 5]]
[2026-04-02 12:11:38]   Subject 50 mean accuracy: 0.8700

[2026-04-02 12:11:38] Subject 52: 100 windows class_counts=[25, 25, 25, 25]
[2026-04-02 12:11:38]   Fold 1 split seed: 3009
[2026-04-02 12:11:38]   Fold 1 split class counts:
[2026-04-02 12:11:38]     train=[16, 16, 16, 16] val=[4, 4, 4, 4] test=[5, 5, 5, 5]
[2026-04-02 12:11:38]   Fold 2 split seed: 3010
[2026-04-02 12:11:38]   Fold 2 split class counts:
[2026-04-02 12:11:38]     train=[16, 16, 16, 16] val=[4, 4, 4, 4] test=[5, 5, 5, 5]
[2026-04-02 12:11:38]   Fold 3 split seed: 3011
[2026-04-02 12:11:38]   Fold 3 split class counts:
[2026-04-02 12:11:38]     train=[16, 16, 16, 16] val=[4, 4, 4, 4] test=[5, 5, 5, 5]
[2026-04-02 12:11:38]   Fold 4 split seed: 3012
[2026-04-02 12:11:38]   Fold 4 split class counts:
[2026-04-02 12:11:38]     train=[16, 16, 16, 16] val=[4, 4, 4, 4] test=[5, 5, 5, 5]
[2026-04-02 12:11:38]   Fold 5 split seed: 3013
[2026-04-02 12:11:38]   Fold 5 split class counts:
[2026-04-02 12:11:38]     train=[16, 16, 16, 16] val=[4, 4, 4, 4] test=[5, 5, 5, 5]
[2026-04-02 12:11:38]   Subject 52 Fold 1 seed: 8209
[2026-04-02 12:11:38]   Subject 52 Fold 1: n_train=64 n_val=16 n_test=20
[2026-04-02 12:11:38]     Train class counts: [16, 16, 16, 16]
[2026-04-02 12:11:38]     Val class counts:   [4, 4, 4, 4]
[2026-04-02 12:11:38]     Test class counts:  [5, 5, 5, 5]
[2026-04-02 12:11:38] Building model with input window duration: 4.1875 s
[2026-04-02 12:11:38] Pretrained weight loading:
[2026-04-02 12:11:38]   Downloaded keys:        179
[2026-04-02 12:11:38]   Filtered (transformer): 172
[2026-04-02 12:11:38]   Filtered (pos_encoder): 0
[2026-04-02 12:11:38]   Keys to load:           7
[2026-04-02 12:11:38]   Missing keys:           4
[2026-04-02 12:11:38]   Unexpected keys:        0
[2026-04-02 12:11:38]   Missing preview:        ['spatial_conv.1.weight', 'spatial_conv.1.bias', 'final_layer.1.weight', 'final_layer.1.bias']
[2026-04-02 12:11:38]   Unexpected preview:     []
[2026-04-02 12:11:38] Encoder freeze configuration:
[2026-04-02 12:11:38]   Total parameters:        18,192
[2026-04-02 12:11:38]   Trainable parameters:    4,352
[2026-04-02 12:11:38]   Training percentage:     23.9%
[2026-04-02 12:11:38]   Trainable layers: 4
[2026-04-02 12:11:38]     - final_layer.1.bias
[2026-04-02 12:11:38]     - final_layer.1.weight
[2026-04-02 12:11:38]     - spatial_conv.1.bias
[2026-04-02 12:11:38]     - spatial_conv.1.weight
[2026-04-02 12:11:38]     Train generator seeded: True
[2026-04-02 12:11:56]     Stopped epoch:            2040
[2026-04-02 12:11:56]     Best epoch (valid_loss):  1990
[2026-04-02 12:11:56]     Best valid_loss:          0.2873229682445526
[2026-04-02 12:11:56]     Test accuracy (primary):  0.8500
[2026-04-02 12:11:56]     Test balanced acc:        0.8500
[2026-04-02 12:11:56]     Confusion matrix:         [[2, 1, 0, 2], [0, 5, 0, 0], [0, 0, 5, 0], [0, 0, 0, 5]]
[2026-04-02 12:11:56]     Prediction histogram:     [2, 6, 5, 7]
[2026-04-02 12:11:56]     fold_acc=0.8500 fold_bal_acc=0.8500 cm=[[2, 1, 0, 2], [0, 5, 0, 0], [0, 0, 5, 0], [0, 0, 0, 5]]
[2026-04-02 12:11:56]   Subject 52 Fold 2 seed: 8210
[2026-04-02 12:11:56]   Subject 52 Fold 2: n_train=64 n_val=16 n_test=20
[2026-04-02 12:11:56]     Train class counts: [16, 16, 16, 16]
[2026-04-02 12:11:56]     Val class counts:   [4, 4, 4, 4]
[2026-04-02 12:11:56]     Test class counts:  [5, 5, 5, 5]
[2026-04-02 12:11:56] Building model with input window duration: 4.1875 s
[2026-04-02 12:11:56] Pretrained weight loading:
[2026-04-02 12:11:56]   Downloaded keys:        179
[2026-04-02 12:11:56]   Filtered (transformer): 172
[2026-04-02 12:11:56]   Filtered (pos_encoder): 0
[2026-04-02 12:11:56]   Keys to load:           7
[2026-04-02 12:11:56]   Missing keys:           4
[2026-04-02 12:11:56]   Unexpected keys:        0
[2026-04-02 12:11:56]   Missing preview:        ['spatial_conv.1.weight', 'spatial_conv.1.bias', 'final_layer.1.weight', 'final_layer.1.bias']
[2026-04-02 12:11:56]   Unexpected preview:     []
[2026-04-02 12:11:56] Encoder freeze configuration:
[2026-04-02 12:11:56]   Total parameters:        18,192
[2026-04-02 12:11:56]   Trainable parameters:    4,352
[2026-04-02 12:11:56]   Training percentage:     23.9%
[2026-04-02 12:11:56]   Trainable layers: 4
[2026-04-02 12:11:56]     - final_layer.1.bias
[2026-04-02 12:11:56]     - final_layer.1.weight
[2026-04-02 12:11:56]     - spatial_conv.1.bias
[2026-04-02 12:11:56]     - spatial_conv.1.weight
[2026-04-02 12:11:56]     Train generator seeded: True
[2026-04-02 12:12:28]     Stopped epoch:            3558
[2026-04-02 12:12:28]     Best epoch (valid_loss):  3516
[2026-04-02 12:12:28]     Best valid_loss:          0.06850137561559677
[2026-04-02 12:12:28]     Test accuracy (primary):  1.0000
[2026-04-02 12:12:28]     Test balanced acc:        1.0000
[2026-04-02 12:12:28]     Confusion matrix:         [[5, 0, 0, 0], [0, 5, 0, 0], [0, 0, 5, 0], [0, 0, 0, 5]]
[2026-04-02 12:12:28]     Prediction histogram:     [5, 5, 5, 5]
[2026-04-02 12:12:28]     fold_acc=1.0000 fold_bal_acc=1.0000 cm=[[5, 0, 0, 0], [0, 5, 0, 0], [0, 0, 5, 0], [0, 0, 0, 5]]
[2026-04-02 12:12:28]   Subject 52 Fold 3 seed: 8211
[2026-04-02 12:12:28]   Subject 52 Fold 3: n_train=64 n_val=16 n_test=20
[2026-04-02 12:12:28]     Train class counts: [16, 16, 16, 16]
[2026-04-02 12:12:28]     Val class counts:   [4, 4, 4, 4]
[2026-04-02 12:12:28]     Test class counts:  [5, 5, 5, 5]
[2026-04-02 12:12:28] Building model with input window duration: 4.1875 s
[2026-04-02 12:12:28] Pretrained weight loading:
[2026-04-02 12:12:28]   Downloaded keys:        179
[2026-04-02 12:12:28]   Filtered (transformer): 172
[2026-04-02 12:12:28]   Filtered (pos_encoder): 0
[2026-04-02 12:12:28]   Keys to load:           7
[2026-04-02 12:12:28]   Missing keys:           4
[2026-04-02 12:12:28]   Unexpected keys:        0
[2026-04-02 12:12:28]   Missing preview:        ['spatial_conv.1.weight', 'spatial_conv.1.bias', 'final_layer.1.weight', 'final_layer.1.bias']
[2026-04-02 12:12:28]   Unexpected preview:     []
[2026-04-02 12:12:28] Encoder freeze configuration:
[2026-04-02 12:12:28]   Total parameters:        18,192
[2026-04-02 12:12:28]   Trainable parameters:    4,352
[2026-04-02 12:12:28]   Training percentage:     23.9%
[2026-04-02 12:12:28]   Trainable layers: 4
[2026-04-02 12:12:28]     - final_layer.1.bias
[2026-04-02 12:12:28]     - final_layer.1.weight
[2026-04-02 12:12:28]     - spatial_conv.1.bias
[2026-04-02 12:12:28]     - spatial_conv.1.weight
[2026-04-02 12:12:28]     Train generator seeded: True
[2026-04-02 12:12:56]     Stopped epoch:            3123
[2026-04-02 12:12:56]     Best epoch (valid_loss):  3073
[2026-04-02 12:12:56]     Best valid_loss:          0.11080615222454071
[2026-04-02 12:12:56]     Test accuracy (primary):  0.9500
[2026-04-02 12:12:56]     Test balanced acc:        0.9500
[2026-04-02 12:12:56]     Confusion matrix:         [[4, 0, 0, 1], [0, 5, 0, 0], [0, 0, 5, 0], [0, 0, 0, 5]]
[2026-04-02 12:12:56]     Prediction histogram:     [4, 5, 5, 6]
[2026-04-02 12:12:56]     fold_acc=0.9500 fold_bal_acc=0.9500 cm=[[4, 0, 0, 1], [0, 5, 0, 0], [0, 0, 5, 0], [0, 0, 0, 5]]
[2026-04-02 12:12:56]   Subject 52 Fold 4 seed: 8212
[2026-04-02 12:12:56]   Subject 52 Fold 4: n_train=64 n_val=16 n_test=20
[2026-04-02 12:12:56]     Train class counts: [16, 16, 16, 16]
[2026-04-02 12:12:56]     Val class counts:   [4, 4, 4, 4]
[2026-04-02 12:12:56]     Test class counts:  [5, 5, 5, 5]
[2026-04-02 12:12:56] Building model with input window duration: 4.1875 s
[2026-04-02 12:12:56] Pretrained weight loading:
[2026-04-02 12:12:56]   Downloaded keys:        179
[2026-04-02 12:12:56]   Filtered (transformer): 172
[2026-04-02 12:12:56]   Filtered (pos_encoder): 0
[2026-04-02 12:12:56]   Keys to load:           7
[2026-04-02 12:12:56]   Missing keys:           4
[2026-04-02 12:12:56]   Unexpected keys:        0
[2026-04-02 12:12:56]   Missing preview:        ['spatial_conv.1.weight', 'spatial_conv.1.bias', 'final_layer.1.weight', 'final_layer.1.bias']
[2026-04-02 12:12:56]   Unexpected preview:     []
[2026-04-02 12:12:56] Encoder freeze configuration:
[2026-04-02 12:12:56]   Total parameters:        18,192
[2026-04-02 12:12:56]   Trainable parameters:    4,352
[2026-04-02 12:12:56]   Training percentage:     23.9%
[2026-04-02 12:12:56]   Trainable layers: 4
[2026-04-02 12:12:56]     - final_layer.1.bias
[2026-04-02 12:12:56]     - final_layer.1.weight
[2026-04-02 12:12:56]     - spatial_conv.1.bias
[2026-04-02 12:12:56]     - spatial_conv.1.weight
[2026-04-02 12:12:56]     Train generator seeded: True
[2026-04-02 12:13:27]     Stopped epoch:            3473
[2026-04-02 12:13:27]     Best epoch (valid_loss):  3423
[2026-04-02 12:13:27]     Best valid_loss:          0.17090348899364471
[2026-04-02 12:13:27]     Test accuracy (primary):  1.0000
[2026-04-02 12:13:27]     Test balanced acc:        1.0000
[2026-04-02 12:13:27]     Confusion matrix:         [[5, 0, 0, 0], [0, 5, 0, 0], [0, 0, 5, 0], [0, 0, 0, 5]]
[2026-04-02 12:13:27]     Prediction histogram:     [5, 5, 5, 5]
[2026-04-02 12:13:27]     fold_acc=1.0000 fold_bal_acc=1.0000 cm=[[5, 0, 0, 0], [0, 5, 0, 0], [0, 0, 5, 0], [0, 0, 0, 5]]
[2026-04-02 12:13:27]   Subject 52 Fold 5 seed: 8213
[2026-04-02 12:13:27]   Subject 52 Fold 5: n_train=64 n_val=16 n_test=20
[2026-04-02 12:13:27]     Train class counts: [16, 16, 16, 16]
[2026-04-02 12:13:27]     Val class counts:   [4, 4, 4, 4]
[2026-04-02 12:13:27]     Test class counts:  [5, 5, 5, 5]
[2026-04-02 12:13:27] Building model with input window duration: 4.1875 s
[2026-04-02 12:13:27] Pretrained weight loading:
[2026-04-02 12:13:27]   Downloaded keys:        179
[2026-04-02 12:13:27]   Filtered (transformer): 172
[2026-04-02 12:13:27]   Filtered (pos_encoder): 0
[2026-04-02 12:13:27]   Keys to load:           7
[2026-04-02 12:13:27]   Missing keys:           4
[2026-04-02 12:13:27]   Unexpected keys:        0
[2026-04-02 12:13:27]   Missing preview:        ['spatial_conv.1.weight', 'spatial_conv.1.bias', 'final_layer.1.weight', 'final_layer.1.bias']
[2026-04-02 12:13:27]   Unexpected preview:     []
[2026-04-02 12:13:27] Encoder freeze configuration:
[2026-04-02 12:13:27]   Total parameters:        18,192
[2026-04-02 12:13:27]   Trainable parameters:    4,352
[2026-04-02 12:13:27]   Training percentage:     23.9%
[2026-04-02 12:13:27]   Trainable layers: 4
[2026-04-02 12:13:27]     - final_layer.1.bias
[2026-04-02 12:13:27]     - final_layer.1.weight
[2026-04-02 12:13:27]     - spatial_conv.1.bias
[2026-04-02 12:13:27]     - spatial_conv.1.weight
[2026-04-02 12:13:27]     Train generator seeded: True
[2026-04-02 12:14:00]     Stopped epoch:            3737
[2026-04-02 12:14:00]     Best epoch (valid_loss):  3687
[2026-04-02 12:14:00]     Best valid_loss:          0.06426723301410675
[2026-04-02 12:14:00]     Test accuracy (primary):  1.0000
[2026-04-02 12:14:00]     Test balanced acc:        1.0000
[2026-04-02 12:14:00]     Confusion matrix:         [[5, 0, 0, 0], [0, 5, 0, 0], [0, 0, 5, 0], [0, 0, 0, 5]]
[2026-04-02 12:14:00]     Prediction histogram:     [5, 5, 5, 5]
[2026-04-02 12:14:00]     fold_acc=1.0000 fold_bal_acc=1.0000 cm=[[5, 0, 0, 0], [0, 5, 0, 0], [0, 0, 5, 0], [0, 0, 0, 5]]
[2026-04-02 12:14:00]   Subject 52 mean accuracy: 0.9600

[2026-04-02 12:14:00] Subject 53: 100 windows class_counts=[25, 25, 25, 25]
[2026-04-02 12:14:00]   Fold 1 split seed: 3009
[2026-04-02 12:14:00]   Fold 1 split class counts:
[2026-04-02 12:14:00]     train=[16, 16, 16, 16] val=[4, 4, 4, 4] test=[5, 5, 5, 5]
[2026-04-02 12:14:00]   Fold 2 split seed: 3010
[2026-04-02 12:14:00]   Fold 2 split class counts:
[2026-04-02 12:14:00]     train=[16, 16, 16, 16] val=[4, 4, 4, 4] test=[5, 5, 5, 5]
[2026-04-02 12:14:00]   Fold 3 split seed: 3011
[2026-04-02 12:14:00]   Fold 3 split class counts:
[2026-04-02 12:14:00]     train=[16, 16, 16, 16] val=[4, 4, 4, 4] test=[5, 5, 5, 5]
[2026-04-02 12:14:00]   Fold 4 split seed: 3012
[2026-04-02 12:14:00]   Fold 4 split class counts:
[2026-04-02 12:14:00]     train=[16, 16, 16, 16] val=[4, 4, 4, 4] test=[5, 5, 5, 5]
[2026-04-02 12:14:00]   Fold 5 split seed: 3013
[2026-04-02 12:14:00]   Fold 5 split class counts:
[2026-04-02 12:14:00]     train=[16, 16, 16, 16] val=[4, 4, 4, 4] test=[5, 5, 5, 5]
[2026-04-02 12:14:00]   Subject 53 Fold 1 seed: 8309
[2026-04-02 12:14:00]   Subject 53 Fold 1: n_train=64 n_val=16 n_test=20
[2026-04-02 12:14:00]     Train class counts: [16, 16, 16, 16]
[2026-04-02 12:14:00]     Val class counts:   [4, 4, 4, 4]
[2026-04-02 12:14:00]     Test class counts:  [5, 5, 5, 5]
[2026-04-02 12:14:00] Building model with input window duration: 4.1875 s
[2026-04-02 12:14:00] Pretrained weight loading:
[2026-04-02 12:14:00]   Downloaded keys:        179
[2026-04-02 12:14:00]   Filtered (transformer): 172
[2026-04-02 12:14:00]   Filtered (pos_encoder): 0
[2026-04-02 12:14:00]   Keys to load:           7
[2026-04-02 12:14:00]   Missing keys:           4
[2026-04-02 12:14:00]   Unexpected keys:        0
[2026-04-02 12:14:00]   Missing preview:        ['spatial_conv.1.weight', 'spatial_conv.1.bias', 'final_layer.1.weight', 'final_layer.1.bias']
[2026-04-02 12:14:00]   Unexpected preview:     []
[2026-04-02 12:14:00] Encoder freeze configuration:
[2026-04-02 12:14:00]   Total parameters:        18,192
[2026-04-02 12:14:00]   Trainable parameters:    4,352
[2026-04-02 12:14:00]   Training percentage:     23.9%
[2026-04-02 12:14:00]   Trainable layers: 4
[2026-04-02 12:14:00]     - final_layer.1.bias
[2026-04-02 12:14:00]     - final_layer.1.weight
[2026-04-02 12:14:00]     - spatial_conv.1.bias
[2026-04-02 12:14:00]     - spatial_conv.1.weight
[2026-04-02 12:14:00]     Train generator seeded: True
[2026-04-02 12:14:20]     Stopped epoch:            2121
[2026-04-02 12:14:20]     Best epoch (valid_loss):  2071
[2026-04-02 12:14:20]     Best valid_loss:          0.17730139195919037
[2026-04-02 12:14:20]     Test accuracy (primary):  0.9500
[2026-04-02 12:14:20]     Test balanced acc:        0.9500
[2026-04-02 12:14:20]     Confusion matrix:         [[5, 0, 0, 0], [0, 4, 1, 0], [0, 0, 5, 0], [0, 0, 0, 5]]
[2026-04-02 12:14:20]     Prediction histogram:     [5, 4, 6, 5]
[2026-04-02 12:14:20]     fold_acc=0.9500 fold_bal_acc=0.9500 cm=[[5, 0, 0, 0], [0, 4, 1, 0], [0, 0, 5, 0], [0, 0, 0, 5]]
[2026-04-02 12:14:20]   Subject 53 Fold 2 seed: 8310
[2026-04-02 12:14:20]   Subject 53 Fold 2: n_train=64 n_val=16 n_test=20
[2026-04-02 12:14:20]     Train class counts: [16, 16, 16, 16]
[2026-04-02 12:14:20]     Val class counts:   [4, 4, 4, 4]
[2026-04-02 12:14:20]     Test class counts:  [5, 5, 5, 5]
[2026-04-02 12:14:20] Building model with input window duration: 4.1875 s
[2026-04-02 12:14:20] Pretrained weight loading:
[2026-04-02 12:14:20]   Downloaded keys:        179
[2026-04-02 12:14:20]   Filtered (transformer): 172
[2026-04-02 12:14:20]   Filtered (pos_encoder): 0
[2026-04-02 12:14:20]   Keys to load:           7
[2026-04-02 12:14:20]   Missing keys:           4
[2026-04-02 12:14:20]   Unexpected keys:        0
[2026-04-02 12:14:20]   Missing preview:        ['spatial_conv.1.weight', 'spatial_conv.1.bias', 'final_layer.1.weight', 'final_layer.1.bias']
[2026-04-02 12:14:20]   Unexpected preview:     []
[2026-04-02 12:14:20] Encoder freeze configuration:
[2026-04-02 12:14:20]   Total parameters:        18,192
[2026-04-02 12:14:20]   Trainable parameters:    4,352
[2026-04-02 12:14:20]   Training percentage:     23.9%
[2026-04-02 12:14:20]   Trainable layers: 4
[2026-04-02 12:14:20]     - final_layer.1.bias
[2026-04-02 12:14:20]     - final_layer.1.weight
[2026-04-02 12:14:20]     - spatial_conv.1.bias
[2026-04-02 12:14:20]     - spatial_conv.1.weight
[2026-04-02 12:14:20]     Train generator seeded: True
[2026-04-02 12:15:05]     Stopped epoch:            5000
[2026-04-02 12:15:05]     Best epoch (valid_loss):  4992
[2026-04-02 12:15:05]     Best valid_loss:          0.05875920504331589
[2026-04-02 12:15:05]     Test accuracy (primary):  0.8500
[2026-04-02 12:15:05]     Test balanced acc:        0.8500
[2026-04-02 12:15:05]     Confusion matrix:         [[4, 0, 0, 1], [0, 5, 0, 0], [0, 1, 4, 0], [0, 1, 0, 4]]
[2026-04-02 12:15:05]     Prediction histogram:     [4, 7, 4, 5]
[2026-04-02 12:15:05]     fold_acc=0.8500 fold_bal_acc=0.8500 cm=[[4, 0, 0, 1], [0, 5, 0, 0], [0, 1, 4, 0], [0, 1, 0, 4]]
[2026-04-02 12:15:05]   Subject 53 Fold 3 seed: 8311
[2026-04-02 12:15:05]   Subject 53 Fold 3: n_train=64 n_val=16 n_test=20
[2026-04-02 12:15:05]     Train class counts: [16, 16, 16, 16]
[2026-04-02 12:15:05]     Val class counts:   [4, 4, 4, 4]
[2026-04-02 12:15:05]     Test class counts:  [5, 5, 5, 5]
[2026-04-02 12:15:05] Building model with input window duration: 4.1875 s
[2026-04-02 12:15:05] Pretrained weight loading:
[2026-04-02 12:15:05]   Downloaded keys:        179
[2026-04-02 12:15:05]   Filtered (transformer): 172
[2026-04-02 12:15:05]   Filtered (pos_encoder): 0
[2026-04-02 12:15:05]   Keys to load:           7
[2026-04-02 12:15:05]   Missing keys:           4
[2026-04-02 12:15:05]   Unexpected keys:        0
[2026-04-02 12:15:05]   Missing preview:        ['spatial_conv.1.weight', 'spatial_conv.1.bias', 'final_layer.1.weight', 'final_layer.1.bias']
[2026-04-02 12:15:05]   Unexpected preview:     []
[2026-04-02 12:15:05] Encoder freeze configuration:
[2026-04-02 12:15:05]   Total parameters:        18,192
[2026-04-02 12:15:05]   Trainable parameters:    4,352
[2026-04-02 12:15:05]   Training percentage:     23.9%
[2026-04-02 12:15:05]   Trainable layers: 4
[2026-04-02 12:15:05]     - final_layer.1.bias
[2026-04-02 12:15:05]     - final_layer.1.weight
[2026-04-02 12:15:05]     - spatial_conv.1.bias
[2026-04-02 12:15:05]     - spatial_conv.1.weight
[2026-04-02 12:15:05]     Train generator seeded: True
[2026-04-02 12:15:51]     Stopped epoch:            5000
[2026-04-02 12:15:51]     Best epoch (valid_loss):  4984
[2026-04-02 12:15:51]     Best valid_loss:          0.057972501963377
[2026-04-02 12:15:51]     Test accuracy (primary):  1.0000
[2026-04-02 12:15:51]     Test balanced acc:        1.0000
[2026-04-02 12:15:51]     Confusion matrix:         [[5, 0, 0, 0], [0, 5, 0, 0], [0, 0, 5, 0], [0, 0, 0, 5]]
[2026-04-02 12:15:51]     Prediction histogram:     [5, 5, 5, 5]
[2026-04-02 12:15:51]     fold_acc=1.0000 fold_bal_acc=1.0000 cm=[[5, 0, 0, 0], [0, 5, 0, 0], [0, 0, 5, 0], [0, 0, 0, 5]]
[2026-04-02 12:15:51]   Subject 53 Fold 4 seed: 8312
[2026-04-02 12:15:51]   Subject 53 Fold 4: n_train=64 n_val=16 n_test=20
[2026-04-02 12:15:51]     Train class counts: [16, 16, 16, 16]
[2026-04-02 12:15:51]     Val class counts:   [4, 4, 4, 4]
[2026-04-02 12:15:51]     Test class counts:  [5, 5, 5, 5]
[2026-04-02 12:15:51] Building model with input window duration: 4.1875 s
[2026-04-02 12:15:51] Pretrained weight loading:
[2026-04-02 12:15:51]   Downloaded keys:        179
[2026-04-02 12:15:51]   Filtered (transformer): 172
[2026-04-02 12:15:51]   Filtered (pos_encoder): 0
[2026-04-02 12:15:51]   Keys to load:           7
[2026-04-02 12:15:51]   Missing keys:           4
[2026-04-02 12:15:51]   Unexpected keys:        0
[2026-04-02 12:15:51]   Missing preview:        ['spatial_conv.1.weight', 'spatial_conv.1.bias', 'final_layer.1.weight', 'final_layer.1.bias']
[2026-04-02 12:15:51]   Unexpected preview:     []
[2026-04-02 12:15:51] Encoder freeze configuration:
[2026-04-02 12:15:51]   Total parameters:        18,192
[2026-04-02 12:15:51]   Trainable parameters:    4,352
[2026-04-02 12:15:51]   Training percentage:     23.9%
[2026-04-02 12:15:51]   Trainable layers: 4
[2026-04-02 12:15:51]     - final_layer.1.bias
[2026-04-02 12:15:51]     - final_layer.1.weight
[2026-04-02 12:15:51]     - spatial_conv.1.bias
[2026-04-02 12:15:51]     - spatial_conv.1.weight
[2026-04-02 12:15:51]     Train generator seeded: True
[2026-04-02 12:16:10]     Stopped epoch:            2109
[2026-04-02 12:16:10]     Best epoch (valid_loss):  2059
[2026-04-02 12:16:10]     Best valid_loss:          0.1693277359008789
[2026-04-02 12:16:10]     Test accuracy (primary):  0.9000
[2026-04-02 12:16:10]     Test balanced acc:        0.9000
[2026-04-02 12:16:10]     Confusion matrix:         [[3, 0, 2, 0], [0, 5, 0, 0], [0, 0, 5, 0], [0, 0, 0, 5]]
[2026-04-02 12:16:10]     Prediction histogram:     [3, 5, 7, 5]
[2026-04-02 12:16:10]     fold_acc=0.9000 fold_bal_acc=0.9000 cm=[[3, 0, 2, 0], [0, 5, 0, 0], [0, 0, 5, 0], [0, 0, 0, 5]]
[2026-04-02 12:16:10]   Subject 53 Fold 5 seed: 8313
[2026-04-02 12:16:10]   Subject 53 Fold 5: n_train=64 n_val=16 n_test=20
[2026-04-02 12:16:10]     Train class counts: [16, 16, 16, 16]
[2026-04-02 12:16:10]     Val class counts:   [4, 4, 4, 4]
[2026-04-02 12:16:10]     Test class counts:  [5, 5, 5, 5]
[2026-04-02 12:16:10] Building model with input window duration: 4.1875 s
[2026-04-02 12:16:10] Pretrained weight loading:
[2026-04-02 12:16:10]   Downloaded keys:        179
[2026-04-02 12:16:10]   Filtered (transformer): 172
[2026-04-02 12:16:10]   Filtered (pos_encoder): 0
[2026-04-02 12:16:10]   Keys to load:           7
[2026-04-02 12:16:10]   Missing keys:           4
[2026-04-02 12:16:10]   Unexpected keys:        0
[2026-04-02 12:16:10]   Missing preview:        ['spatial_conv.1.weight', 'spatial_conv.1.bias', 'final_layer.1.weight', 'final_layer.1.bias']
[2026-04-02 12:16:10]   Unexpected preview:     []
[2026-04-02 12:16:10] Encoder freeze configuration:
[2026-04-02 12:16:10]   Total parameters:        18,192
[2026-04-02 12:16:10]   Trainable parameters:    4,352
[2026-04-02 12:16:10]   Training percentage:     23.9%
[2026-04-02 12:16:10]   Trainable layers: 4
[2026-04-02 12:16:10]     - final_layer.1.bias
[2026-04-02 12:16:10]     - final_layer.1.weight
[2026-04-02 12:16:10]     - spatial_conv.1.bias
[2026-04-02 12:16:10]     - spatial_conv.1.weight
[2026-04-02 12:16:10]     Train generator seeded: True
[2026-04-02 12:16:42]     Stopped epoch:            3502
[2026-04-02 12:16:42]     Best epoch (valid_loss):  3452
[2026-04-02 12:16:42]     Best valid_loss:          0.05445979908108711
[2026-04-02 12:16:42]     Test accuracy (primary):  0.9500
[2026-04-02 12:16:42]     Test balanced acc:        0.9500
[2026-04-02 12:16:42]     Confusion matrix:         [[4, 0, 0, 1], [0, 5, 0, 0], [0, 0, 5, 0], [0, 0, 0, 5]]
[2026-04-02 12:16:42]     Prediction histogram:     [4, 5, 5, 6]
[2026-04-02 12:16:42]     fold_acc=0.9500 fold_bal_acc=0.9500 cm=[[4, 0, 0, 1], [0, 5, 0, 0], [0, 0, 5, 0], [0, 0, 0, 5]]
[2026-04-02 12:16:42]   Subject 53 mean accuracy: 0.9300

[2026-04-02 12:16:42] Subject 54: 100 windows class_counts=[25, 25, 25, 25]
[2026-04-02 12:16:42]   Fold 1 split seed: 3009
[2026-04-02 12:16:42]   Fold 1 split class counts:
[2026-04-02 12:16:42]     train=[16, 16, 16, 16] val=[4, 4, 4, 4] test=[5, 5, 5, 5]
[2026-04-02 12:16:42]   Fold 2 split seed: 3010
[2026-04-02 12:16:42]   Fold 2 split class counts:
[2026-04-02 12:16:42]     train=[16, 16, 16, 16] val=[4, 4, 4, 4] test=[5, 5, 5, 5]
[2026-04-02 12:16:42]   Fold 3 split seed: 3011
[2026-04-02 12:16:42]   Fold 3 split class counts:
[2026-04-02 12:16:42]     train=[16, 16, 16, 16] val=[4, 4, 4, 4] test=[5, 5, 5, 5]
[2026-04-02 12:16:42]   Fold 4 split seed: 3012
[2026-04-02 12:16:42]   Fold 4 split class counts:
[2026-04-02 12:16:42]     train=[16, 16, 16, 16] val=[4, 4, 4, 4] test=[5, 5, 5, 5]
[2026-04-02 12:16:42]   Fold 5 split seed: 3013
[2026-04-02 12:16:42]   Fold 5 split class counts:
[2026-04-02 12:16:42]     train=[16, 16, 16, 16] val=[4, 4, 4, 4] test=[5, 5, 5, 5]
[2026-04-02 12:16:42]   Subject 54 Fold 1 seed: 8409
[2026-04-02 12:16:42]   Subject 54 Fold 1: n_train=64 n_val=16 n_test=20
[2026-04-02 12:16:42]     Train class counts: [16, 16, 16, 16]
[2026-04-02 12:16:42]     Val class counts:   [4, 4, 4, 4]
[2026-04-02 12:16:42]     Test class counts:  [5, 5, 5, 5]
[2026-04-02 12:16:42] Building model with input window duration: 4.1875 s
[2026-04-02 12:16:42] Pretrained weight loading:
[2026-04-02 12:16:42]   Downloaded keys:        179
[2026-04-02 12:16:42]   Filtered (transformer): 172
[2026-04-02 12:16:42]   Filtered (pos_encoder): 0
[2026-04-02 12:16:42]   Keys to load:           7
[2026-04-02 12:16:42]   Missing keys:           4
[2026-04-02 12:16:42]   Unexpected keys:        0
[2026-04-02 12:16:42]   Missing preview:        ['spatial_conv.1.weight', 'spatial_conv.1.bias', 'final_layer.1.weight', 'final_layer.1.bias']
[2026-04-02 12:16:42]   Unexpected preview:     []
[2026-04-02 12:16:42] Encoder freeze configuration:
[2026-04-02 12:16:42]   Total parameters:        18,192
[2026-04-02 12:16:42]   Trainable parameters:    4,352
[2026-04-02 12:16:42]   Training percentage:     23.9%
[2026-04-02 12:16:42]   Trainable layers: 4
[2026-04-02 12:16:42]     - final_layer.1.bias
[2026-04-02 12:16:42]     - final_layer.1.weight
[2026-04-02 12:16:42]     - spatial_conv.1.bias
[2026-04-02 12:16:42]     - spatial_conv.1.weight
[2026-04-02 12:16:42]     Train generator seeded: True
[2026-04-02 12:16:48]     Stopped epoch:            646
[2026-04-02 12:16:48]     Best epoch (valid_loss):  596
[2026-04-02 12:16:48]     Best valid_loss:          0.9649125337600708
[2026-04-02 12:16:48]     Test accuracy (primary):  0.6000
[2026-04-02 12:16:48]     Test balanced acc:        0.6000
[2026-04-02 12:16:48]     Confusion matrix:         [[5, 0, 0, 0], [0, 0, 1, 4], [0, 2, 2, 1], [0, 0, 0, 5]]
[2026-04-02 12:16:48]     Prediction histogram:     [5, 2, 3, 10]
[2026-04-02 12:16:48]     fold_acc=0.6000 fold_bal_acc=0.6000 cm=[[5, 0, 0, 0], [0, 0, 1, 4], [0, 2, 2, 1], [0, 0, 0, 5]]
[2026-04-02 12:16:48]   Subject 54 Fold 2 seed: 8410
[2026-04-02 12:16:48]   Subject 54 Fold 2: n_train=64 n_val=16 n_test=20
[2026-04-02 12:16:48]     Train class counts: [16, 16, 16, 16]
[2026-04-02 12:16:48]     Val class counts:   [4, 4, 4, 4]
[2026-04-02 12:16:48]     Test class counts:  [5, 5, 5, 5]
[2026-04-02 12:16:48] Building model with input window duration: 4.1875 s
[2026-04-02 12:16:48] Pretrained weight loading:
[2026-04-02 12:16:48]   Downloaded keys:        179
[2026-04-02 12:16:48]   Filtered (transformer): 172
[2026-04-02 12:16:48]   Filtered (pos_encoder): 0
[2026-04-02 12:16:48]   Keys to load:           7
[2026-04-02 12:16:48]   Missing keys:           4
[2026-04-02 12:16:48]   Unexpected keys:        0
[2026-04-02 12:16:48]   Missing preview:        ['spatial_conv.1.weight', 'spatial_conv.1.bias', 'final_layer.1.weight', 'final_layer.1.bias']
[2026-04-02 12:16:48]   Unexpected preview:     []
[2026-04-02 12:16:48] Encoder freeze configuration:
[2026-04-02 12:16:48]   Total parameters:        18,192
[2026-04-02 12:16:48]   Trainable parameters:    4,352
[2026-04-02 12:16:48]   Training percentage:     23.9%
[2026-04-02 12:16:48]   Trainable layers: 4
[2026-04-02 12:16:48]     - final_layer.1.bias
[2026-04-02 12:16:48]     - final_layer.1.weight
[2026-04-02 12:16:48]     - spatial_conv.1.bias
[2026-04-02 12:16:48]     - spatial_conv.1.weight
[2026-04-02 12:16:48]     Train generator seeded: True
[2026-04-02 12:16:53]     Stopped epoch:            521
[2026-04-02 12:16:53]     Best epoch (valid_loss):  471
[2026-04-02 12:16:53]     Best valid_loss:          1.194126844406128
[2026-04-02 12:16:53]     Test accuracy (primary):  0.6000
[2026-04-02 12:16:53]     Test balanced acc:        0.6000
[2026-04-02 12:16:53]     Confusion matrix:         [[4, 0, 0, 1], [0, 4, 1, 0], [1, 2, 1, 1], [1, 1, 0, 3]]
[2026-04-02 12:16:53]     Prediction histogram:     [6, 7, 2, 5]
[2026-04-02 12:16:53]     fold_acc=0.6000 fold_bal_acc=0.6000 cm=[[4, 0, 0, 1], [0, 4, 1, 0], [1, 2, 1, 1], [1, 1, 0, 3]]
[2026-04-02 12:16:53]   Subject 54 Fold 3 seed: 8411
[2026-04-02 12:16:53]   Subject 54 Fold 3: n_train=64 n_val=16 n_test=20
[2026-04-02 12:16:53]     Train class counts: [16, 16, 16, 16]
[2026-04-02 12:16:53]     Val class counts:   [4, 4, 4, 4]
[2026-04-02 12:16:53]     Test class counts:  [5, 5, 5, 5]
[2026-04-02 12:16:53] Building model with input window duration: 4.1875 s
[2026-04-02 12:16:53] Pretrained weight loading:
[2026-04-02 12:16:53]   Downloaded keys:        179
[2026-04-02 12:16:53]   Filtered (transformer): 172
[2026-04-02 12:16:53]   Filtered (pos_encoder): 0
[2026-04-02 12:16:53]   Keys to load:           7
[2026-04-02 12:16:53]   Missing keys:           4
[2026-04-02 12:16:53]   Unexpected keys:        0
[2026-04-02 12:16:53]   Missing preview:        ['spatial_conv.1.weight', 'spatial_conv.1.bias', 'final_layer.1.weight', 'final_layer.1.bias']
[2026-04-02 12:16:53]   Unexpected preview:     []
[2026-04-02 12:16:53] Encoder freeze configuration:
[2026-04-02 12:16:53]   Total parameters:        18,192
[2026-04-02 12:16:53]   Trainable parameters:    4,352
[2026-04-02 12:16:53]   Training percentage:     23.9%
[2026-04-02 12:16:53]   Trainable layers: 4
[2026-04-02 12:16:53]     - final_layer.1.bias
[2026-04-02 12:16:53]     - final_layer.1.weight
[2026-04-02 12:16:53]     - spatial_conv.1.bias
[2026-04-02 12:16:53]     - spatial_conv.1.weight
[2026-04-02 12:16:53]     Train generator seeded: True
[2026-04-02 12:16:59]     Stopped epoch:            722
[2026-04-02 12:16:59]     Best epoch (valid_loss):  672
[2026-04-02 12:16:59]     Best valid_loss:          0.9331117272377014
[2026-04-02 12:16:59]     Test accuracy (primary):  0.6000
[2026-04-02 12:16:59]     Test balanced acc:        0.6000
[2026-04-02 12:16:59]     Confusion matrix:         [[3, 0, 1, 1], [0, 4, 1, 0], [1, 0, 3, 1], [0, 2, 1, 2]]
[2026-04-02 12:16:59]     Prediction histogram:     [4, 6, 6, 4]
[2026-04-02 12:16:59]     fold_acc=0.6000 fold_bal_acc=0.6000 cm=[[3, 0, 1, 1], [0, 4, 1, 0], [1, 0, 3, 1], [0, 2, 1, 2]]
[2026-04-02 12:16:59]   Subject 54 Fold 4 seed: 8412
[2026-04-02 12:16:59]   Subject 54 Fold 4: n_train=64 n_val=16 n_test=20
[2026-04-02 12:16:59]     Train class counts: [16, 16, 16, 16]
[2026-04-02 12:16:59]     Val class counts:   [4, 4, 4, 4]
[2026-04-02 12:16:59]     Test class counts:  [5, 5, 5, 5]
[2026-04-02 12:16:59] Building model with input window duration: 4.1875 s
[2026-04-02 12:16:59] Pretrained weight loading:
[2026-04-02 12:16:59]   Downloaded keys:        179
[2026-04-02 12:16:59]   Filtered (transformer): 172
[2026-04-02 12:16:59]   Filtered (pos_encoder): 0
[2026-04-02 12:16:59]   Keys to load:           7
[2026-04-02 12:16:59]   Missing keys:           4
[2026-04-02 12:16:59]   Unexpected keys:        0
[2026-04-02 12:16:59]   Missing preview:        ['spatial_conv.1.weight', 'spatial_conv.1.bias', 'final_layer.1.weight', 'final_layer.1.bias']
[2026-04-02 12:16:59]   Unexpected preview:     []
[2026-04-02 12:16:59] Encoder freeze configuration:
[2026-04-02 12:16:59]   Total parameters:        18,192
[2026-04-02 12:16:59]   Trainable parameters:    4,352
[2026-04-02 12:16:59]   Training percentage:     23.9%
[2026-04-02 12:16:59]   Trainable layers: 4
[2026-04-02 12:16:59]     - final_layer.1.bias
[2026-04-02 12:16:59]     - final_layer.1.weight
[2026-04-02 12:16:59]     - spatial_conv.1.bias
[2026-04-02 12:16:59]     - spatial_conv.1.weight
[2026-04-02 12:16:59]     Train generator seeded: True
[2026-04-02 12:16:59]     Stopped epoch:            51
[2026-04-02 12:16:59]     Best epoch (valid_loss):  1
[2026-04-02 12:16:59]     Best valid_loss:          1.3878988027572632
[2026-04-02 12:16:59]     Test accuracy (primary):  0.2500
[2026-04-02 12:16:59]     Test balanced acc:        0.2500
[2026-04-02 12:16:59]     Confusion matrix:         [[1, 0, 0, 4], [2, 0, 0, 3], [1, 1, 0, 3], [1, 0, 0, 4]]
[2026-04-02 12:16:59]     Prediction histogram:     [5, 1, 0, 14]
[2026-04-02 12:16:59]     fold_acc=0.2500 fold_bal_acc=0.2500 cm=[[1, 0, 0, 4], [2, 0, 0, 3], [1, 1, 0, 3], [1, 0, 0, 4]]
[2026-04-02 12:16:59]   Subject 54 Fold 5 seed: 8413
[2026-04-02 12:16:59]   Subject 54 Fold 5: n_train=64 n_val=16 n_test=20
[2026-04-02 12:16:59]     Train class counts: [16, 16, 16, 16]
[2026-04-02 12:16:59]     Val class counts:   [4, 4, 4, 4]
[2026-04-02 12:16:59]     Test class counts:  [5, 5, 5, 5]
[2026-04-02 12:16:59] Building model with input window duration: 4.1875 s
[2026-04-02 12:16:59] Pretrained weight loading:
[2026-04-02 12:16:59]   Downloaded keys:        179
[2026-04-02 12:16:59]   Filtered (transformer): 172
[2026-04-02 12:16:59]   Filtered (pos_encoder): 0
[2026-04-02 12:16:59]   Keys to load:           7
[2026-04-02 12:16:59]   Missing keys:           4
[2026-04-02 12:16:59]   Unexpected keys:        0
[2026-04-02 12:16:59]   Missing preview:        ['spatial_conv.1.weight', 'spatial_conv.1.bias', 'final_layer.1.weight', 'final_layer.1.bias']
[2026-04-02 12:16:59]   Unexpected preview:     []
[2026-04-02 12:16:59] Encoder freeze configuration:
[2026-04-02 12:16:59]   Total parameters:        18,192
[2026-04-02 12:16:59]   Trainable parameters:    4,352
[2026-04-02 12:16:59]   Training percentage:     23.9%
[2026-04-02 12:16:59]   Trainable layers: 4
[2026-04-02 12:16:59]     - final_layer.1.bias
[2026-04-02 12:16:59]     - final_layer.1.weight
[2026-04-02 12:16:59]     - spatial_conv.1.bias
[2026-04-02 12:16:59]     - spatial_conv.1.weight
[2026-04-02 12:16:59]     Train generator seeded: True
[2026-04-02 12:17:09]     Stopped epoch:            1085
[2026-04-02 12:17:09]     Best epoch (valid_loss):  1035
[2026-04-02 12:17:09]     Best valid_loss:          0.8817623853683472
[2026-04-02 12:17:09]     Test accuracy (primary):  0.8000
[2026-04-02 12:17:09]     Test balanced acc:        0.8000
[2026-04-02 12:17:09]     Confusion matrix:         [[4, 0, 1, 0], [0, 4, 1, 0], [0, 1, 4, 0], [0, 0, 1, 4]]
[2026-04-02 12:17:09]     Prediction histogram:     [4, 5, 7, 4]
[2026-04-02 12:17:09]     fold_acc=0.8000 fold_bal_acc=0.8000 cm=[[4, 0, 1, 0], [0, 4, 1, 0], [0, 1, 4, 0], [0, 0, 1, 4]]
[2026-04-02 12:17:09]   Subject 54 mean accuracy: 0.5700

[2026-04-02 12:17:09] Total folds completed: 30
[2026-04-02 12:17:09] ======================================================================
[2026-04-02 12:17:09] AGGREGATED RESULTS
[2026-04-02 12:17:09] ======================================================================
[2026-04-02 12:17:09]   Subject 48:  acc=0.9500±0.0316  bal_acc=0.9500±0.0316
[2026-04-02 12:17:09]   Subject 49:  acc=0.8700±0.0927  bal_acc=0.8700±0.0927
[2026-04-02 12:17:09]   Subject 50:  acc=0.8700±0.1364  bal_acc=0.8700±0.1364
[2026-04-02 12:17:09]   Subject 52:  acc=0.9600±0.0583  bal_acc=0.9600±0.0583
[2026-04-02 12:17:09]   Subject 53:  acc=0.9300±0.0510  bal_acc=0.9300±0.0510
[2026-04-02 12:17:09]   Subject 54:  acc=0.5700±0.1778  bal_acc=0.5700±0.1778
[2026-04-02 12:17:09] ----------------------------------------------------------------------
[2026-04-02 12:17:09]   OVERALL:      acc=0.8583±0.1698  bal_acc=0.8583±0.1698
[2026-04-02 12:17:09] ======================================================================
[2026-04-02 12:17:09] CV results saved to:      /home/vegorov/Repos/eeg_jepa_research/artifacts/lee-2019-fine-tuning/SSVEP/20260402_1205_29e654bc/cv_results.json
[2026-04-02 12:17:09] Subject metrics saved to: /home/vegorov/Repos/eeg_jepa_research/artifacts/lee-2019-fine-tuning/SSVEP/20260402_1205_29e654bc/subject_metrics.json
[2026-04-02 12:17:09] Global metrics saved to:  /home/vegorov/Repos/eeg_jepa_research/artifacts/lee-2019-fine-tuning/SSVEP/20260402_1205_29e654bc/global_metrics.json
[2026-04-02 12:17:09] Run metadata saved to:    /home/vegorov/Repos/eeg_jepa_research/artifacts/lee-2019-fine-tuning/SSVEP/20260402_1205_29e654bc/run_metadata.json

[2026-04-02 12:17:09] All artifacts in: /home/vegorov/Repos/eeg_jepa_research/artifacts/lee-2019-fine-tuning/SSVEP/20260402_1205_29e654bc

[2026-04-02 12:17:09] ======================================================================
[2026-04-02 12:17:09] EXPERIMENT SUMMARY
[2026-04-02 12:17:09] ======================================================================
[2026-04-02 12:17:09] Run ID:    20260402_1205_29e654bc
[2026-04-02 12:17:09] Artifacts: /home/vegorov/Repos/eeg_jepa_research/artifacts/lee-2019-fine-tuning/SSVEP/20260402_1205_29e654bc

[2026-04-02 12:17:09] Configuration:
[2026-04-02 12:17:09]   Subjects:          [48, 49, 50, 52, 53, 54]
[2026-04-02 12:17:09]   Bandpass:          0.5-40.0 Hz
[2026-04-02 12:17:09]   Resample:          128 Hz
[2026-04-02 12:17:09]   CV folds:          5
[2026-04-02 12:17:09]   Learning rate:     0.001
[2026-04-02 12:17:09]   Batch size:        32
[2026-04-02 12:17:09]   Max epochs:        5000

[2026-04-02 12:17:09] Results:
[2026-04-02 12:17:09]   Mean Accuracy:          0.8583 ± 0.1698
[2026-04-02 12:17:09]   Mean Balanced Accuracy: 0.8583 ± 0.1698
