[2026-03-31 13:14:19] Using device: mps
[2026-03-31 13:14:19] Seed control enabled: True
[2026-03-31 13:14:19] Base seed: 6
[2026-03-31 13:14:20] Seed initialized: 6
[2026-03-31 13:14:20] ======================================================================
[2026-03-31 13:14:20] CONFIGURATION
[2026-03-31 13:14:20] ======================================================================
[2026-03-31 13:14:20]   artifact_dir: /Users/vadim/Documents/School/Spring 2026/CSCE A698 Individual Research/EEG_JEPA/artifacts/lee-2019-fine-tuning
[2026-03-31 13:14:20]   bandpass_high: 40.0
[2026-03-31 13:14:20]   bandpass_low: 0.5
[2026-03-31 13:14:20]   batch_size: 16
[2026-03-31 13:14:20]   convert_to_uV: True
[2026-03-31 13:14:20]   cv_folds: 5
[2026-03-31 13:14:20]   device: auto
[2026-03-31 13:14:20]   early_stopping_patience: 50
[2026-03-31 13:14:20]   learning_rate: 0.001
[2026-03-31 13:14:20]   n_epochs: 5000
[2026-03-31 13:14:20]   normalization_method: None
[2026-03-31 13:14:20]   normalize: False
[2026-03-31 13:14:20]   paradigm: SSVEP
[2026-03-31 13:14:20]   pretrained_url: https://huggingface.co/braindecode/SignalJEPA/resolve/main/signal-jepa_16s-60_adeuwv4s.pth
[2026-03-31 13:14:20]   seed: 6
[2026-03-31 13:14:20]   set_seed: True
[2026-03-31 13:14:20]   sfreq: 128
[2026-03-31 13:14:20]   subjects_to_use: [51]
[2026-03-31 13:14:20]   val_split: 0.2
[2026-03-31 13:14:20] ======================================================================
[2026-03-31 13:14:20] Config saved to: /Users/vadim/Documents/School/Spring 2026/CSCE A698 Individual Research/EEG_JEPA/artifacts/lee-2019-fine-tuning/SSVEP/20260331_1314_02258360/config.json
[2026-03-31 13:14:20] Epoch window configuration:
[2026-03-31 13:14:20]   Target sfreq:                128 Hz
[2026-03-31 13:14:20]   Target duration:             4.190000 s
[2026-03-31 13:14:20]   Window samples (rounded):    536
[2026-03-31 13:14:20]   Base trial samples (4.0 s):  512
[2026-03-31 13:14:20]   Trial stop offset samples:   24
[2026-03-31 13:14:20]   Effective window duration:   4.187500 s
[2026-03-31 13:14:20] Using specified subjects from config: [51]
[2026-03-31 13:14:20] Selected subjects: [51]
[2026-03-31 13:14:20] Expected evaluation folds: 5

[2026-03-31 13:14:20] Building MOABBDataset for Lee2019_SSVEP...
[2026-03-31 13:14:33] MOABBDataset recordings loaded: 2
[2026-03-31 13:14:33] Discovered annotation descriptions (first recording): [np.str_('12.0'), np.str_('5.45'), np.str_('6.67'), np.str_('8.57')]
[2026-03-31 13:14:33] Dataset event_id mapping: {'12.0': 1, '8.57': 2, '6.67': 3, '5.45': 4}
[2026-03-31 13:14:33] Label map (event_code -> class_index): {1: 0, 2: 1, 3: 2, 4: 3}
[2026-03-31 13:14:33] Applying Braindecode preprocessors to MOABBDataset...
[2026-03-31 13:14:41] Preprocessing complete.

[2026-03-31 13:14:41] Post-preprocessing validation
[2026-03-31 13:14:41]   Recordings in DATASET: 2
[2026-03-31 13:14:41]   Unique subject IDs:    ['51']
[2026-03-31 13:14:41]   sfreq (first rec):     128.0 Hz
[2026-03-31 13:14:41]   EEG channel count:     62
[2026-03-31 13:14:41]   First 10 channels:     ['Fp1', 'Fp2', 'F7', 'F3', 'Fz', 'F4', 'F8', 'FC5', 'FC1', 'FC2']
[2026-03-31 13:14:41] Channel consistency summary:
[2026-03-31 13:14:41]   Checked runs: 2
[2026-03-31 13:14:41]   Unique channel counts: [62]
[2026-03-31 13:14:41]   Channel order consistent: True
[2026-03-31 13:14:41] Validated EEG channels: 62
[2026-03-31 13:14:41] First 10 EEG channels: ['Fp1', 'Fp2', 'F7', 'F3', 'Fz', 'F4', 'F8', 'FC5', 'FC1', 'FC2']
[2026-03-31 13:14:41] raw mean_abs=6.206608e+00
[2026-03-31 13:14:41] raw std=2.712803e+01
[2026-03-31 13:14:41] raw first5 channel std= [30.27595633 56.56813395 13.75714116  8.89857459  7.91183515]
[2026-03-31 13:14:41] Requested window samples: 536
[2026-03-31 13:14:41] Base trial samples:       512
[2026-03-31 13:14:41] Stop offset samples:      24
[2026-03-31 13:14:41] Global class counts: [50, 50, 50, 50]
[2026-03-31 13:14:41] Chance level (4-class): 0.25
[2026-03-31 13:14:41] One window shape: (62, 536)
[2026-03-31 13:14:41] One window label: 2
[2026-03-31 13:14:41] Window sample length expected=536, got=536
[2026-03-31 13:14:41] Subjects in window split: [51]
[2026-03-31 13:14:41] Summarizing per-subject windows...
[2026-03-31 13:14:41]   Subject 51: n_windows=200, window_shape=(62, 536), class_counts=[50, 50, 50, 50]
[2026-03-31 13:14:41]    subject_id  n_windows  n_channels  n_times      class_counts
0          51        200          62      536  [50, 50, 50, 50]
[2026-03-31 13:14:41] Window validation summary:
[2026-03-31 13:14:41]   Subject 51: n_windows=200 class_counts=[50, 50, 50, 50]

[2026-03-31 13:14:41] Validated sampling rate target: 128 Hz
[2026-03-31 13:14:41] Validated window sample count:   536
[2026-03-31 13:14:41] Validated window duration:       4.1875 s
[2026-03-31 13:14:41] Validated channel count:         62
[2026-03-31 13:14:41] Total windows retained:          200
[2026-03-31 13:14:41] Preprocessing sanity checks:
[2026-03-31 13:14:41]   One sample label: 2
[2026-03-31 13:14:41]   One sample shape: (62, 536)
[2026-03-31 13:14:41]   Mean(abs(signal)): 7.808386e+00
[2026-03-31 13:14:41]   Mean(signal):      -1.469310e-08
[2026-03-31 13:14:41]   Std(signal):       1.102899e+01
[2026-03-31 13:14:41] Building model with input window duration: 4.1875 s
[2026-03-31 13:14:41] SignalJEPA_PreLocal instantiated successfully.
[2026-03-31 13:14:41]   Total parameters:     18,192
[2026-03-31 13:14:41]   Trainable parameters: 18,192
[2026-03-31 13:14:41] ======================================================================================================================================================
Layer (type (var_name):depth-idx)                  Input Shape               Output Shape              Param #                   Kernel Shape
======================================================================================================================================================
SignalJEPA_PreLocal (SignalJEPA_PreLocal)          [1, 62, 536]              [1, 4]                    --                        --
├─Sequential (spatial_conv): 1-1                   [1, 62, 536]              [1, 4, 536]               --                        --
│    └─Rearrange (0): 2-1                          [1, 62, 536]              [1, 1, 62, 536]           --                        --
│    └─Conv2d (1): 2-2                             [1, 1, 62, 536]           [1, 4, 1, 536]            252                       [62, 1]
│    └─Rearrange (2): 2-3                          [1, 4, 1, 536]            [1, 4, 536]               --                        --
├─_ConvFeatureEncoder (feature_encoder): 1-2       [1, 4, 536]               [1, 16, 64]               --                        --
│    └─Rearrange (0): 2-4                          [1, 4, 536]               [4, 1, 536]               --                        --
│    └─Sequential (1): 2-5                         [4, 1, 536]               [4, 8, 64]                --                        --
│    │    └─Conv1d (0): 3-1                        [4, 1, 536]               [4, 8, 64]                256                       [32]
│    │    └─Dropout (1): 3-2                       [4, 8, 64]                [4, 8, 64]                --                        --
│    │    └─GroupNorm (2): 3-3                     [4, 8, 64]                [4, 8, 64]                16                        --
│    │    └─GELU (3): 3-4                          [4, 8, 64]                [4, 8, 64]                --                        --
│    └─Sequential (2): 2-6                         [4, 8, 64]                [4, 16, 32]               --                        --
│    │    └─Conv1d (0): 3-5                        [4, 8, 64]                [4, 16, 32]               256                       [2]
│    │    └─Dropout (1): 3-6                       [4, 16, 32]               [4, 16, 32]               --                        --
│    │    └─GELU (2): 3-7                          [4, 16, 32]               [4, 16, 32]               --                        --
│    └─Sequential (3): 2-7                         [4, 16, 32]               [4, 32, 16]               --                        --
│    │    └─Conv1d (0): 3-8                        [4, 16, 32]               [4, 32, 16]               1,024                     [2]
│    │    └─Dropout (1): 3-9                       [4, 32, 16]               [4, 32, 16]               --                        --
│    │    └─GELU (2): 3-10                         [4, 32, 16]               [4, 32, 16]               --                        --
│    └─Sequential (4): 2-8                         [4, 32, 16]               [4, 64, 8]                --                        --
│    │    └─Conv1d (0): 3-11                       [4, 32, 16]               [4, 64, 8]                4,096                     [2]
│    │    └─Dropout (1): 3-12                      [4, 64, 8]                [4, 64, 8]                --                        --
│    │    └─GELU (2): 3-13                         [4, 64, 8]                [4, 64, 8]                --                        --
│    └─Sequential (5): 2-9                         [4, 64, 8]                [4, 64, 4]                --                        --
│    │    └─Conv1d (0): 3-14                       [4, 64, 8]                [4, 64, 4]                8,192                     [2]
│    │    └─Dropout (1): 3-15                      [4, 64, 4]                [4, 64, 4]                --                        --
│    │    └─GELU (2): 3-16                         [4, 64, 4]                [4, 64, 4]                --                        --
│    └─Rearrange (6): 2-10                         [4, 64, 4]                [1, 16, 64]               --                        --
├─Sequential (final_layer): 1-3                    [1, 16, 64]               [1, 4]                    --                        --
│    └─Flatten (0): 2-11                           [1, 16, 64]               [1, 1024]                 --                        --
│    └─Linear (1): 2-12                            [1, 1024]                 [1, 4]                    4,100                     --
======================================================================================================================================================
Total params: 18,192
Trainable params: 18,192
Non-trainable params: 0
Total mult-adds (Units.MEGABYTES): 0.57
======================================================================================================================================================
Input size (MB): 0.13
Forward/backward pass size (MB): 0.11
Params size (MB): 0.07
Estimated Total Size (MB): 0.31
======================================================================================================================================================
[2026-03-31 13:14:41] Initializing from 16s-60 pretrained checkpoint (Hugging Face):
[2026-03-31 13:14:41]   https://huggingface.co/braindecode/SignalJEPA/resolve/main/signal-jepa_16s-60_adeuwv4s.pth
[2026-03-31 13:14:41]   Downloaded 179 keys
[2026-03-31 13:14:41] ======================================================================
[2026-03-31 13:14:41] STARTING CROSS-VALIDATION
[2026-03-31 13:14:41] ======================================================================
[2026-03-31 13:14:41] Subjects:      [51]
[2026-03-31 13:14:41] CV folds:      5
[2026-03-31 13:14:41] Batch size:    16
[2026-03-31 13:14:41] Max epochs:    5000
[2026-03-31 13:14:41] Device:        mps
[2026-03-31 13:14:41] Seed control:  True
[2026-03-31 13:14:41] Base seed:     6
[2026-03-31 13:14:41] ======================================================================

[2026-03-31 13:14:41] Subject 51: 200 windows class_counts=[50, 50, 50, 50]
[2026-03-31 13:14:41]   Fold 1 split seed: 7
[2026-03-31 13:14:41]   Fold 1 split class counts:
[2026-03-31 13:14:41]     train=[32, 32, 32, 32] val=[8, 8, 8, 8] test=[10, 10, 10, 10]
[2026-03-31 13:14:41]   Fold 2 split seed: 8
[2026-03-31 13:14:41]   Fold 2 split class counts:
[2026-03-31 13:14:41]     train=[32, 32, 32, 32] val=[8, 8, 8, 8] test=[10, 10, 10, 10]
[2026-03-31 13:14:41]   Fold 3 split seed: 9
[2026-03-31 13:14:41]   Fold 3 split class counts:
[2026-03-31 13:14:41]     train=[32, 32, 32, 32] val=[8, 8, 8, 8] test=[10, 10, 10, 10]
[2026-03-31 13:14:41]   Fold 4 split seed: 10
[2026-03-31 13:14:41]   Fold 4 split class counts:
[2026-03-31 13:14:41]     train=[32, 32, 32, 32] val=[8, 8, 8, 8] test=[10, 10, 10, 10]
[2026-03-31 13:14:41]   Fold 5 split seed: 11
[2026-03-31 13:14:41]   Fold 5 split class counts:
[2026-03-31 13:14:41]     train=[32, 32, 32, 32] val=[8, 8, 8, 8] test=[10, 10, 10, 10]
[2026-03-31 13:14:41]   Subject 51 Fold 1 seed: 5107
[2026-03-31 13:14:41]   Subject 51 Fold 1: n_train=128 n_val=32 n_test=40
[2026-03-31 13:14:41]     Train class counts: [32, 32, 32, 32]
[2026-03-31 13:14:41]     Val class counts:   [8, 8, 8, 8]
[2026-03-31 13:14:41]     Test class counts:  [10, 10, 10, 10]
[2026-03-31 13:14:41] Building model with input window duration: 4.1875 s
[2026-03-31 13:14:41] Pretrained weight loading:
[2026-03-31 13:14:41]   Downloaded keys:        179
[2026-03-31 13:14:41]   Filtered (transformer): 172
[2026-03-31 13:14:41]   Filtered (pos_encoder): 0
[2026-03-31 13:14:41]   Keys to load:           7
[2026-03-31 13:14:41]   Missing keys:           4
[2026-03-31 13:14:41]   Unexpected keys:        0
[2026-03-31 13:14:41]   Missing preview:        ['spatial_conv.1.weight', 'spatial_conv.1.bias', 'final_layer.1.weight', 'final_layer.1.bias']
[2026-03-31 13:14:41]   Unexpected preview:     []
[2026-03-31 13:14:41] Encoder freeze configuration:
[2026-03-31 13:14:41]   Total parameters:        18,192
[2026-03-31 13:14:41]   Trainable parameters:    4,352
[2026-03-31 13:14:41]   Training percentage:     23.9%
[2026-03-31 13:14:41]   Trainable layers: 4
[2026-03-31 13:14:41]     - final_layer.1.bias
[2026-03-31 13:14:41]     - final_layer.1.weight
[2026-03-31 13:14:41]     - spatial_conv.1.bias
[2026-03-31 13:14:41]     - spatial_conv.1.weight
[2026-03-31 13:14:41]     Train generator seeded: True
[2026-03-31 13:15:07]     Stopped epoch:            301
[2026-03-31 13:15:07]     Best epoch (valid_loss):  251
[2026-03-31 13:15:07]     Best valid_loss:          1.140401303768158
[2026-03-31 13:15:07]     Test accuracy (primary):  0.4500
[2026-03-31 13:15:07]     Test balanced acc:        0.4500
[2026-03-31 13:15:07]     Confusion matrix:         [[2, 1, 2, 5], [2, 5, 0, 3], [1, 3, 6, 0], [1, 4, 0, 5]]
[2026-03-31 13:15:07]     Prediction histogram:     [6, 13, 8, 13]
[2026-03-31 13:15:07]     fold_acc=0.4500 fold_bal_acc=0.4500 cm=[[2, 1, 2, 5], [2, 5, 0, 3], [1, 3, 6, 0], [1, 4, 0, 5]]
[2026-03-31 13:15:07]   Subject 51 Fold 2 seed: 5108
[2026-03-31 13:15:07]   Subject 51 Fold 2: n_train=128 n_val=32 n_test=40
[2026-03-31 13:15:07]     Train class counts: [32, 32, 32, 32]
[2026-03-31 13:15:07]     Val class counts:   [8, 8, 8, 8]
[2026-03-31 13:15:07]     Test class counts:  [10, 10, 10, 10]
[2026-03-31 13:15:07] Building model with input window duration: 4.1875 s
[2026-03-31 13:15:07] Pretrained weight loading:
[2026-03-31 13:15:07]   Downloaded keys:        179
[2026-03-31 13:15:07]   Filtered (transformer): 172
[2026-03-31 13:15:07]   Filtered (pos_encoder): 0
[2026-03-31 13:15:07]   Keys to load:           7
[2026-03-31 13:15:07]   Missing keys:           4
[2026-03-31 13:15:07]   Unexpected keys:        0
[2026-03-31 13:15:07]   Missing preview:        ['spatial_conv.1.weight', 'spatial_conv.1.bias', 'final_layer.1.weight', 'final_layer.1.bias']
[2026-03-31 13:15:07]   Unexpected preview:     []
[2026-03-31 13:15:07] Encoder freeze configuration:
[2026-03-31 13:15:07]   Total parameters:        18,192
[2026-03-31 13:15:07]   Trainable parameters:    4,352
[2026-03-31 13:15:07]   Training percentage:     23.9%
[2026-03-31 13:15:07]   Trainable layers: 4
[2026-03-31 13:15:07]     - final_layer.1.bias
[2026-03-31 13:15:07]     - final_layer.1.weight
[2026-03-31 13:15:07]     - spatial_conv.1.bias
[2026-03-31 13:15:07]     - spatial_conv.1.weight
[2026-03-31 13:15:07]     Train generator seeded: True
[2026-03-31 13:15:37]     Stopped epoch:            354
[2026-03-31 13:15:37]     Best epoch (valid_loss):  304
[2026-03-31 13:15:37]     Best valid_loss:          1.0935240685939789
[2026-03-31 13:15:37]     Test accuracy (primary):  0.4000
[2026-03-31 13:15:37]     Test balanced acc:        0.4000
[2026-03-31 13:15:37]     Confusion matrix:         [[4, 1, 2, 3], [2, 3, 2, 3], [5, 0, 5, 0], [0, 2, 4, 4]]
[2026-03-31 13:15:37]     Prediction histogram:     [11, 6, 13, 10]
[2026-03-31 13:15:37]     fold_acc=0.4000 fold_bal_acc=0.4000 cm=[[4, 1, 2, 3], [2, 3, 2, 3], [5, 0, 5, 0], [0, 2, 4, 4]]
[2026-03-31 13:15:37]   Subject 51 Fold 3 seed: 5109
[2026-03-31 13:15:37]   Subject 51 Fold 3: n_train=128 n_val=32 n_test=40
[2026-03-31 13:15:37]     Train class counts: [32, 32, 32, 32]
[2026-03-31 13:15:37]     Val class counts:   [8, 8, 8, 8]
[2026-03-31 13:15:37]     Test class counts:  [10, 10, 10, 10]
[2026-03-31 13:15:37] Building model with input window duration: 4.1875 s
[2026-03-31 13:15:37] Pretrained weight loading:
[2026-03-31 13:15:37]   Downloaded keys:        179
[2026-03-31 13:15:37]   Filtered (transformer): 172
[2026-03-31 13:15:37]   Filtered (pos_encoder): 0
[2026-03-31 13:15:37]   Keys to load:           7
[2026-03-31 13:15:37]   Missing keys:           4
[2026-03-31 13:15:37]   Unexpected keys:        0
[2026-03-31 13:15:37]   Missing preview:        ['spatial_conv.1.weight', 'spatial_conv.1.bias', 'final_layer.1.weight', 'final_layer.1.bias']
[2026-03-31 13:15:37]   Unexpected preview:     []
[2026-03-31 13:15:37] Encoder freeze configuration:
[2026-03-31 13:15:37]   Total parameters:        18,192
[2026-03-31 13:15:37]   Trainable parameters:    4,352
[2026-03-31 13:15:37]   Training percentage:     23.9%
[2026-03-31 13:15:37]   Trainable layers: 4
[2026-03-31 13:15:37]     - final_layer.1.bias
[2026-03-31 13:15:37]     - final_layer.1.weight
[2026-03-31 13:15:37]     - spatial_conv.1.bias
[2026-03-31 13:15:37]     - spatial_conv.1.weight
[2026-03-31 13:15:37]     Train generator seeded: True
[2026-03-31 13:15:51]     Stopped epoch:            175
[2026-03-31 13:15:51]     Best epoch (valid_loss):  125
[2026-03-31 13:15:51]     Best valid_loss:          1.2008711099624634
[2026-03-31 13:15:51]     Test accuracy (primary):  0.3500
[2026-03-31 13:15:51]     Test balanced acc:        0.3500
[2026-03-31 13:15:51]     Confusion matrix:         [[1, 1, 3, 5], [1, 4, 2, 3], [2, 0, 6, 2], [0, 4, 3, 3]]
[2026-03-31 13:15:51]     Prediction histogram:     [4, 9, 14, 13]
[2026-03-31 13:15:51]     fold_acc=0.3500 fold_bal_acc=0.3500 cm=[[1, 1, 3, 5], [1, 4, 2, 3], [2, 0, 6, 2], [0, 4, 3, 3]]
[2026-03-31 13:15:51]   Subject 51 Fold 4 seed: 5110
[2026-03-31 13:15:51]   Subject 51 Fold 4: n_train=128 n_val=32 n_test=40
[2026-03-31 13:15:51]     Train class counts: [32, 32, 32, 32]
[2026-03-31 13:15:51]     Val class counts:   [8, 8, 8, 8]
[2026-03-31 13:15:51]     Test class counts:  [10, 10, 10, 10]
[2026-03-31 13:15:51] Building model with input window duration: 4.1875 s
[2026-03-31 13:15:51] Pretrained weight loading:
[2026-03-31 13:15:51]   Downloaded keys:        179
[2026-03-31 13:15:51]   Filtered (transformer): 172
[2026-03-31 13:15:51]   Filtered (pos_encoder): 0
[2026-03-31 13:15:51]   Keys to load:           7
[2026-03-31 13:15:51]   Missing keys:           4
[2026-03-31 13:15:51]   Unexpected keys:        0
[2026-03-31 13:15:51]   Missing preview:        ['spatial_conv.1.weight', 'spatial_conv.1.bias', 'final_layer.1.weight', 'final_layer.1.bias']
[2026-03-31 13:15:51]   Unexpected preview:     []
[2026-03-31 13:15:51] Encoder freeze configuration:
[2026-03-31 13:15:51]   Total parameters:        18,192
[2026-03-31 13:15:51]   Trainable parameters:    4,352
[2026-03-31 13:15:51]   Training percentage:     23.9%
[2026-03-31 13:15:51]   Trainable layers: 4
[2026-03-31 13:15:51]     - final_layer.1.bias
[2026-03-31 13:15:51]     - final_layer.1.weight
[2026-03-31 13:15:51]     - spatial_conv.1.bias
[2026-03-31 13:15:51]     - spatial_conv.1.weight
[2026-03-31 13:15:51]     Train generator seeded: True
[2026-03-31 13:15:56]     Stopped epoch:            64
[2026-03-31 13:15:56]     Best epoch (valid_loss):  14
[2026-03-31 13:15:56]     Best valid_loss:          1.3799412846565247
[2026-03-31 13:15:56]     Test accuracy (primary):  0.2500
[2026-03-31 13:15:56]     Test balanced acc:        0.2500
[2026-03-31 13:15:56]     Confusion matrix:         [[0, 3, 5, 2], [1, 3, 3, 3], [2, 4, 2, 2], [1, 1, 3, 5]]
[2026-03-31 13:15:56]     Prediction histogram:     [4, 11, 13, 12]
[2026-03-31 13:15:56]     fold_acc=0.2500 fold_bal_acc=0.2500 cm=[[0, 3, 5, 2], [1, 3, 3, 3], [2, 4, 2, 2], [1, 1, 3, 5]]
[2026-03-31 13:15:56]   Subject 51 Fold 5 seed: 5111
[2026-03-31 13:15:56]   Subject 51 Fold 5: n_train=128 n_val=32 n_test=40
[2026-03-31 13:15:56]     Train class counts: [32, 32, 32, 32]
[2026-03-31 13:15:56]     Val class counts:   [8, 8, 8, 8]
[2026-03-31 13:15:56]     Test class counts:  [10, 10, 10, 10]
[2026-03-31 13:15:56] Building model with input window duration: 4.1875 s
[2026-03-31 13:15:56] Pretrained weight loading:
[2026-03-31 13:15:56]   Downloaded keys:        179
[2026-03-31 13:15:56]   Filtered (transformer): 172
[2026-03-31 13:15:56]   Filtered (pos_encoder): 0
[2026-03-31 13:15:56]   Keys to load:           7
[2026-03-31 13:15:56]   Missing keys:           4
[2026-03-31 13:15:56]   Unexpected keys:        0
[2026-03-31 13:15:56]   Missing preview:        ['spatial_conv.1.weight', 'spatial_conv.1.bias', 'final_layer.1.weight', 'final_layer.1.bias']
[2026-03-31 13:15:56]   Unexpected preview:     []
[2026-03-31 13:15:56] Encoder freeze configuration:
[2026-03-31 13:15:56]   Total parameters:        18,192
[2026-03-31 13:15:56]   Trainable parameters:    4,352
[2026-03-31 13:15:56]   Training percentage:     23.9%
[2026-03-31 13:15:56]   Trainable layers: 4
[2026-03-31 13:15:56]     - final_layer.1.bias
[2026-03-31 13:15:56]     - final_layer.1.weight
[2026-03-31 13:15:56]     - spatial_conv.1.bias
[2026-03-31 13:15:56]     - spatial_conv.1.weight
[2026-03-31 13:15:56]     Train generator seeded: True
[2026-03-31 13:16:02]     Stopped epoch:            74
[2026-03-31 13:16:02]     Best epoch (valid_loss):  35
[2026-03-31 13:16:02]     Best valid_loss:          1.3689133524894714
[2026-03-31 13:16:02]     Test accuracy (primary):  0.3000
[2026-03-31 13:16:02]     Test balanced acc:        0.3000
[2026-03-31 13:16:02]     Confusion matrix:         [[4, 2, 4, 0], [1, 3, 2, 4], [0, 2, 5, 3], [3, 6, 1, 0]]
[2026-03-31 13:16:02]     Prediction histogram:     [8, 13, 12, 7]
[2026-03-31 13:16:02]     fold_acc=0.3000 fold_bal_acc=0.3000 cm=[[4, 2, 4, 0], [1, 3, 2, 4], [0, 2, 5, 3], [3, 6, 1, 0]]
[2026-03-31 13:16:02]   Subject 51 mean accuracy: 0.3500

[2026-03-31 13:16:02] Total folds completed: 5
[2026-03-31 13:16:02] ======================================================================
[2026-03-31 13:16:02] AGGREGATED RESULTS
[2026-03-31 13:16:02] ======================================================================
[2026-03-31 13:16:02]   Subject 51:  acc=0.3500±0.0707  bal_acc=0.3500±0.0707
[2026-03-31 13:16:02] ----------------------------------------------------------------------
[2026-03-31 13:16:02]   OVERALL:      acc=0.3500±0.0707  bal_acc=0.3500±0.0707
[2026-03-31 13:16:02] ======================================================================
[2026-03-31 13:16:02] CV results saved to:      /Users/vadim/Documents/School/Spring 2026/CSCE A698 Individual Research/EEG_JEPA/artifacts/lee-2019-fine-tuning/SSVEP/20260331_1314_02258360/cv_results.json
[2026-03-31 13:16:02] Subject metrics saved to: /Users/vadim/Documents/School/Spring 2026/CSCE A698 Individual Research/EEG_JEPA/artifacts/lee-2019-fine-tuning/SSVEP/20260331_1314_02258360/subject_metrics.json
[2026-03-31 13:16:02] Global metrics saved to:  /Users/vadim/Documents/School/Spring 2026/CSCE A698 Individual Research/EEG_JEPA/artifacts/lee-2019-fine-tuning/SSVEP/20260331_1314_02258360/global_metrics.json
[2026-03-31 13:16:02] Run metadata saved to:    /Users/vadim/Documents/School/Spring 2026/CSCE A698 Individual Research/EEG_JEPA/artifacts/lee-2019-fine-tuning/SSVEP/20260331_1314_02258360/run_metadata.json

[2026-03-31 13:16:02] All artifacts in: /Users/vadim/Documents/School/Spring 2026/CSCE A698 Individual Research/EEG_JEPA/artifacts/lee-2019-fine-tuning/SSVEP/20260331_1314_02258360

[2026-03-31 13:16:02] ======================================================================
[2026-03-31 13:16:02] EXPERIMENT SUMMARY
[2026-03-31 13:16:02] ======================================================================
[2026-03-31 13:16:02] Run ID:    20260331_1314_02258360
[2026-03-31 13:16:02] Artifacts: /Users/vadim/Documents/School/Spring 2026/CSCE A698 Individual Research/EEG_JEPA/artifacts/lee-2019-fine-tuning/SSVEP/20260331_1314_02258360

[2026-03-31 13:16:02] Configuration:
[2026-03-31 13:16:02]   Subjects:          [51]
[2026-03-31 13:16:02]   Bandpass:          0.5-40.0 Hz
[2026-03-31 13:16:02]   Resample:          128 Hz
[2026-03-31 13:16:02]   CV folds:          5
[2026-03-31 13:16:02]   Learning rate:     0.001
[2026-03-31 13:16:02]   Batch size:        16
[2026-03-31 13:16:02]   Max epochs:        5000

[2026-03-31 13:16:02] Results:
[2026-03-31 13:16:02]   Mean Accuracy:          0.3500 ± 0.0707
[2026-03-31 13:16:02]   Mean Balanced Accuracy: 0.3500 ± 0.0707
